Beginning of the log. Start Time: 10/17/2017 9:45:15 AM
VisualStudio Bootstrapper:10/17/2017 9:45:15 AM: Current Optin root path does not exists
VisualStudio Bootstrapper:10/17/2017 9:45:17 AM: Commandline arguments = --includeOptional --includeRecommended -q --wait --locale en-US --add Microsoft.VisualStudio.Workload.NetCoreTools --add Microsoft.VisualStudio.Workload.NetWeb
VisualStudio Bootstrapper:10/17/2017 9:45:17 AM: Parent process name = vs_community
VisualStudio Bootstrapper:10/17/2017 9:45:17 AM: Parent process product version = 15.4.27004.2002
VisualStudio Bootstrapper:10/17/2017 9:45:17 AM: CampaignId = 
VisualStudio Bootstrapper:10/17/2017 9:45:17 AM: Change to user specified locale: 'en-US 
VisualStudio Bootstrapper:10/17/2017 9:45:20 AM: DownloadURL = https://aka.ms/vs/15/release/installer
VisualStudio Bootstrapper:10/17/2017 9:45:20 AM: InstallLocation = C:\Program Files (x86)\Microsoft Visual Studio\Installer
VisualStudio Bootstrapper:10/17/2017 9:45:20 AM: OfflineFilePath = 
VisualStudio Bootstrapper:10/17/2017 9:45:20 AM: LayoutLocation = 
VisualStudio Bootstrapper:10/17/2017 9:45:20 AM: ExecutableArguments = /finalizeInstall install --in "C:\ProgramData\Microsoft\VisualStudio\Packages\_bootstrapper\vs_setup_bootstrapper_201710170945179874.json" --includeOptional --includeRecommended -q --add Microsoft.VisualStudio.Workload.NetCoreTools --add Microsoft.VisualStudio.Workload.NetWeb --locale en-US --activityId "042bd907-85bb-40a9-bd96-c2de163da13f"
VisualStudio Bootstrapper:10/17/2017 9:45:20 AM: OSVersion = Microsoft Windows NT 10.0.14393.0
VisualStudio Bootstrapper:10/17/2017 9:45:20 AM: Starting to detect the existing VS and .Net...
VisualStudio Bootstrapper:10/17/2017 9:45:20 AM: Finished detecting the existing VS and .Net
VisualStudio Bootstrapper:10/17/2017 9:45:20 AM: Beginning file download. File = https://aka.ms/vs/15/release/installer.
VisualStudio Bootstrapper:10/17/2017 9:45:20 AM: Download requested: https://aka.ms/vs/15/release/installer
VisualStudio Bootstrapper:10/17/2017 9:45:20 AM: Attempting download 'https://aka.ms/vs/15/release/installer' using engine 'WebClient'
VisualStudio Bootstrapper:10/17/2017 9:45:20 AM: Uri 'https://aka.ms/vs/15/release/installer' redirected to 'https://download.visualstudio.microsoft.com/download/pr/100122495/d68d54e233c956ff79799fdf63753c54/vs_installer.opc'
VisualStudio Bootstrapper:10/17/2017 9:45:23 AM: Download of 'https://aka.ms/vs/15/release/installer' succeeded using engine 'WebClient'
VisualStudio Bootstrapper:10/17/2017 9:45:24 AM: Verifying signature
VisualStudio Bootstrapper:10/17/2017 9:45:30 AM: Beginning extracting files to C:\Program Files (x86)\Microsoft Visual Studio\Installer.
VisualStudio Bootstrapper:10/17/2017 9:45:30 AM: Extracting vs_installer.opc to 'C:\Program Files (x86)\Microsoft Visual Studio\Installer'.
VisualStudio Bootstrapper:10/17/2017 9:45:32 AM: Successfully extracted 'C:\Program Files (x86)\Microsoft Visual Studio\Installer'.
VisualStudio Bootstrapper:10/17/2017 9:45:32 AM: Current Optin root path does not exists
VisualStudio Bootstrapper:10/17/2017 9:45:32 AM: Set OptIn = 1
VisualStudio Bootstrapper:10/17/2017 9:45:32 AM: Starting vs setup process 'vs_installer.exe' with arguments '/finalizeInstall install --in "C:\ProgramData\Microsoft\VisualStudio\Packages\_bootstrapper\vs_setup_bootstrapper_201710170945179874.json" --includeOptional --includeRecommended -q --add Microsoft.VisualStudio.Workload.NetCoreTools --add Microsoft.VisualStudio.Workload.NetWeb --locale en-US --activityId "042bd907-85bb-40a9-bd96-c2de163da13f"'.
VisualStudio Bootstrapper:10/17/2017 9:45:32 AM: Vs setup process C:\Program Files (x86)\Microsoft Visual Studio\Installer\vs_installer.exe started. All done.
VisualStudio Bootstrapper:10/17/2017 9:45:32 AM: Waiting for setup process to complete...
VisualStudio Bootstrapper:10/17/2017 9:50:32 AM: Vs setup process exited with code 1
VisualStudio Bootstrapper:10/17/2017 9:50:32 AM: Bootstrapper Successfully completed.
