2017-10-17T09:45:33 : Verbose : Visual Studio Installer (1.12.111.1002 : update4) ["C:\\Program Files (x86)\\Microsoft Visual Studio\\Installer\\vs_installershell.exe","/finalizeInstall","install","--in","C:\\ProgramData\\Microsoft\\VisualStudio\\Packages\\_bootstrapper\\vs_setup_bootstrapper_201710170945179874.json","--includeOptional","--includeRecommended","-q","--add","Microsoft.VisualStudio.Workload.NetCoreTools","--add","Microsoft.VisualStudio.Workload.NetWeb","--locale","en-US","--activityId","042bd907-85bb-40a9-bd96-c2de163da13f"]
2017-10-17T09:45:33 : Verbose : Creating VS Telemetry Survey
2017-10-17T09:45:34 : Verbose : Received the application ready notification
2017-10-17T09:45:34 : Warning : getExperimentsIpcService called more than once.
2017-10-17T09:45:34 : Verbose : Starting ServiceHub Experimentation client.
2017-10-17T09:45:34 : Verbose : Installation finalized successfully.
2017-10-17T09:45:36 : Verbose : Calling ExperimentationProviderService.Initialize(clientName, clientVersion)
[clientName: vs-xsetup, clientVersion: 1.12.111.1002
2017-10-17T09:45:36 : Verbose : ServiceHub Experimentation client started.
2017-10-17T09:45:36 : Verbose : ExperimentsIpcRpcService listening to ipc channel: ExperimentsProxy
2017-10-17T09:45:36 : Verbose : Experiments Ipc Service started.
2017-10-17T09:45:36 : Verbose : Calling ExperimentationProviderService.IsFlightEnabledAsync(flightId). [flightId: VSWErrorSurvey]
2017-10-17T09:45:36 : Verbose : Telemetry Session ID: 9a7cc3ee-3750-4e02-b0ef-6d7c25150a56
2017-10-17T09:45:36 : Verbose : Creating Start menu shortcut [shortcutName: Visual Studio Installer, targetPath: C:\Program Files (x86)\Microsoft Visual Studio\Installer\vs_installer.exe]
2017-10-17T09:45:36 : Verbose : Starting the setup updater service.
2017-10-17T09:45:36 : Verbose : Connected to Hub Controller's client watch 'net.pipe://1b7457ea3c44b319f00dbd48eb611f2e'
2017-10-17T09:45:36 : Verbose : Calling ExperimentationProviderService.IsFlightEnabledAsync(flightId). [flightId: VSWErrorSurvey]
2017-10-17T09:45:36 : Verbose : Calling ExperimentationProviderService.IsFlightEnabledAsync(flightId). [flightId: VSWLaunchChkOn]
2017-10-17T09:45:36 : Verbose : Calling ExperimentationProviderService.IsFlightEnabledAsync(flightId). [flightId: VSWLaunchChkOff]
2017-10-17T09:45:36 : Verbose : Calling ExperimentationProviderService.IsFlightEnabledAsync(flightId). [flightId: VSWPkgFailDlgV2]
2017-10-17T09:45:37 : Verbose : Getting installed product summaries. [installerId: SetupEngine]
2017-10-17T09:45:37 : Verbose : Starting the installed products provider service.
2017-10-17T09:45:37 : Verbose : Starting the products provider service.
2017-10-17T09:45:37 : Verbose : Getting product summaries. [installerId: SetupEngine]
2017-10-17T09:45:37 : Verbose : Starting the installer service.
2017-10-17T09:45:37 : Verbose : Calling SetupEngine.Installer.Initialize. [locale: en-US]
2017-10-17T09:45:37 : Verbose : ServiceHubExperimentationClient.setSharedProperty(name, value) called,
 [name: VS.ABExp.Flights] [value: ]
2017-10-17T09:45:37 : Verbose : SetupEngine.Installer.Initialize succeeded. [locale: en-US]
2017-10-17T09:45:37 : Verbose : Started the installer service.
2017-10-17T09:45:37 : Verbose : Calling SetupEngine.Installer.IsElevated.
2017-10-17T09:45:37 : Verbose : SetupEngine.Installer.IsElevated succeeded.
2017-10-17T09:45:37 : Verbose : Started the setup updater service.
2017-10-17T09:45:38 : Verbose : Started the products provider service.
2017-10-17T09:45:38 : Verbose : Started the installed products provider service.
2017-10-17T09:45:38 : Verbose : Getting product. [installerId: SetupEngine, productId: Microsoft.VisualStudio.Product.Community].
2017-10-17T09:45:40 : Verbose : Calling SetupEngine.Installer.EvaluateInstallParameters. [channelId: VisualStudio.15.Release, productId: Microsoft.VisualStudio.Product.Community, installationPath: 'C:\Program Files (x86)\Microsoft Visual Studio\2017\Community', languages: 'en-US' selectedPackageReferences.length: 66]
2017-10-17T09:45:40 : Verbose : SetupEngine.Installer.EvaluateInstallParameters succeeded. [channelId: VisualStudio.15.Release, productId: Microsoft.VisualStudio.Product.Community, installationPath: 'C:\Program Files (x86)\Microsoft Visual Studio\2017\Community', languages: 'en-US' selectedPackageReferences.length: 66]
2017-10-17T09:45:40 : Verbose : Calling SetupEngine.Installer.EvaluateInstallParameters. [channelId: VisualStudio.15.Release, productId: Microsoft.VisualStudio.Product.Community, installationPath: 'C:\Program Files (x86)\Microsoft Visual Studio\2017\Community', languages: 'en-US' selectedPackageReferences.length: 66]
2017-10-17T09:45:40 : Verbose : ServiceHubExperimentationClient.setSharedProperty(name, value) called,
 [name: VS.ABExp.Flights] [value: tn-rsv-14u3;tn-nps-15b;vswpkgfailuredlg]
2017-10-17T09:45:40 : Verbose : ServiceHubExperimentationClient.postEvent(name, properties) called.
 [name: VS/ABExp/FlightRequest] [properties: {"VS.ABExp.Flight":"vswerrorsurvey","VS.ABExp.Result":"False"}]
2017-10-17T09:45:40 : Verbose : ServiceHubExperimentationClient.postEvent(name, properties) called.
 [name: VS/ABExp/FlightRequest] [properties: {"VS.ABExp.Flight":"vswlaunchchkon","VS.ABExp.Result":"False"}]
2017-10-17T09:45:40 : Verbose : ServiceHubExperimentationClient.postEvent(name, properties) called.
 [name: VS/ABExp/FlightRequest] [properties: {"VS.ABExp.Flight":"vswlaunchchkoff","VS.ABExp.Result":"False"}]
2017-10-17T09:45:40 : Verbose : ServiceHubExperimentationClient.postEvent(name, properties) called.
 [name: VS/ABExp/FlightRequest] [properties: {"VS.ABExp.Flight":"vswpkgfaildlgv2","VS.ABExp.Result":"False"}]
2017-10-17T09:45:40 : Verbose : Resolved ExperimentationProviderService.IsFlightEnabledAsync(flightId).
 [flightId: VSWErrorSurvey] [result: false]
2017-10-17T09:45:40 : Verbose : Resolved ExperimentationProviderService.IsFlightEnabledAsync(flightId).
 [flightId: VSWErrorSurvey] [result: false]
2017-10-17T09:45:40 : Verbose : Resolved ExperimentationProviderService.IsFlightEnabledAsync(flightId).
 [flightId: VSWLaunchChkOn] [result: false]
2017-10-17T09:45:40 : Verbose : Resolved ExperimentationProviderService.IsFlightEnabledAsync(flightId).
 [flightId: VSWLaunchChkOff] [result: false]
2017-10-17T09:45:40 : Verbose : Resolved ExperimentationProviderService.IsFlightEnabledAsync(flightId).
 [flightId: VSWPkgFailDlgV2] [result: false]
2017-10-17T09:45:41 : Verbose : SetupEngine.Installer.EvaluateInstallParameters succeeded. [channelId: VisualStudio.15.Release, productId: Microsoft.VisualStudio.Product.Community, installationPath: 'C:\Program Files (x86)\Microsoft Visual Studio\2017\Community', languages: 'en-US' selectedPackageReferences.length: 66]
2017-10-17T09:45:41 : Verbose : Calling SetupEngine.Installer.InstallProduct. [channelId: VisualStudio.15.Release, productId: Microsoft.VisualStudio.Product.Community, installationPath: 'C:\Program Files (x86)\Microsoft Visual Studio\2017\Community']
2017-10-17T09:47:08 : Verbose : Potential leak detected in Renderer process:
2017-10-17T09:47:08 : Verbose :     Heap Size: 13,240,944 bytes
2017-10-17T09:47:08 : Verbose :     Average Leak Size: 72,806.4 bytes/GC
2017-10-17T09:47:08 : Verbose :     "Before" snapshot name: (none)
2017-10-17T09:47:08 : Verbose :     "After"  snapshot name: (none)
2017-10-17T09:50:31 : Verbose : SetupEngine.Installer.InstallProduct succeeded. [channelId: VisualStudio.15.Release, productId: Microsoft.VisualStudio.Product.Community, installationPath: 'C:\Program Files (x86)\Microsoft Visual Studio\2017\Community']
2017-10-17T09:50:31 : Verbose : Closing installer. Return code: 1.
2017-10-17T09:50:31 : Verbose : [ProductsProviderImpl]: Rpc connection was closed.
2017-10-17T09:50:31 : Verbose : [ProductsProviderImpl]: Stream was closed
2017-10-17T09:50:31 : Verbose : [InstalledProductsProviderImpl]: Rpc connection was closed.
2017-10-17T09:50:31 : Verbose : [InstalledProductsProviderImpl]: Stream was closed
2017-10-17T09:50:31 : Verbose : [InstallerImpl]: Rpc connection was closed.
2017-10-17T09:50:31 : Verbose : [InstallerImpl]: Stream was closed
2017-10-17T09:50:31 : Verbose : [SetupUpdaterImpl]: Rpc connection was closed.
2017-10-17T09:50:31 : Verbose : [SetupUpdaterImpl]: Stream was closed
