[0b00:0004][2017-10-17T09:47:43] Opening the package for processing
[0b00:0004][2017-10-17T09:47:43] Using package payload to get the embedded manifest
[0b00:0004][2017-10-17T09:47:43] Getting list of files within the package
[0b00:0004][2017-10-17T09:47:43] Processing file /Contents/Common7/IDE/CommonExtensions/Platform/DiagnosticsHub/DiagnosticsHub.CollectorBridge.dll
[0b00:0004][2017-10-17T09:47:43] Started: Copying file /Contents/Common7/IDE/CommonExtensions/Platform/DiagnosticsHub/DiagnosticsHub.CollectorBridge.dll to C:\Program Files (x86)\Microsoft Visual Studio\2017\Community\Common7\IDE\CommonExtensions\Platform\DiagnosticsHub\DiagnosticsHub.CollectorBridge.dll
[0b00:0004][2017-10-17T09:47:43] Completed: Copying file /Contents/Common7/IDE/CommonExtensions/Platform/DiagnosticsHub/DiagnosticsHub.CollectorBridge.dll to C:\Program Files (x86)\Microsoft Visual Studio\2017\Community\Common7\IDE\CommonExtensions\Platform\DiagnosticsHub\DiagnosticsHub.CollectorBridge.dll
[0b00:0004][2017-10-17T09:47:43] Timestamp updated for file 'C:\Program Files (x86)\Microsoft Visual Studio\2017\Community\Common7\IDE\CommonExtensions\Platform\DiagnosticsHub\DiagnosticsHub.CollectorBridge.dll'.
[0b00:0004][2017-10-17T09:47:43] Processing file /Contents/Common7/IDE/CommonExtensions/Platform/DiagnosticsHub/DiagnosticsHub.CollectorBridge.vsdconfig
[0b00:0004][2017-10-17T09:47:43] Started: Copying file /Contents/Common7/IDE/CommonExtensions/Platform/DiagnosticsHub/DiagnosticsHub.CollectorBridge.vsdconfig to C:\Program Files (x86)\Microsoft Visual Studio\2017\Community\Common7\IDE\CommonExtensions\Platform\DiagnosticsHub\DiagnosticsHub.CollectorBridge.vsdconfig
[0b00:0004][2017-10-17T09:47:43] Completed: Copying file /Contents/Common7/IDE/CommonExtensions/Platform/DiagnosticsHub/DiagnosticsHub.CollectorBridge.vsdconfig to C:\Program Files (x86)\Microsoft Visual Studio\2017\Community\Common7\IDE\CommonExtensions\Platform\DiagnosticsHub\DiagnosticsHub.CollectorBridge.vsdconfig
[0b00:0004][2017-10-17T09:47:43] Timestamp updated for file 'C:\Program Files (x86)\Microsoft Visual Studio\2017\Community\Common7\IDE\CommonExtensions\Platform\DiagnosticsHub\DiagnosticsHub.CollectorBridge.vsdconfig'.
[0b00:0004][2017-10-17T09:47:43] Processing file /Contents/Common7/IDE/CommonExtensions/Platform/DiagnosticsHub/DiagnosticsHub.StandardCollector.Bridge.vsdconfig
[0b00:0004][2017-10-17T09:47:43] Started: Copying file /Contents/Common7/IDE/CommonExtensions/Platform/DiagnosticsHub/DiagnosticsHub.StandardCollector.Bridge.vsdconfig to C:\Program Files (x86)\Microsoft Visual Studio\2017\Community\Common7\IDE\CommonExtensions\Platform\DiagnosticsHub\DiagnosticsHub.StandardCollector.Bridge.vsdconfig
[0b00:0004][2017-10-17T09:47:43] Completed: Copying file /Contents/Common7/IDE/CommonExtensions/Platform/DiagnosticsHub/DiagnosticsHub.StandardCollector.Bridge.vsdconfig to C:\Program Files (x86)\Microsoft Visual Studio\2017\Community\Common7\IDE\CommonExtensions\Platform\DiagnosticsHub\DiagnosticsHub.StandardCollector.Bridge.vsdconfig
[0b00:0004][2017-10-17T09:47:43] Timestamp updated for file 'C:\Program Files (x86)\Microsoft Visual Studio\2017\Community\Common7\IDE\CommonExtensions\Platform\DiagnosticsHub\DiagnosticsHub.StandardCollector.Bridge.vsdconfig'.
[0b00:0004][2017-10-17T09:47:43] Processing file /Contents/Common7/IDE/CommonExtensions/Platform/DiagnosticsHub/DiagnosticsHubColors.pkgdef
[0b00:0004][2017-10-17T09:47:43] Started: Copying file /Contents/Common7/IDE/CommonExtensions/Platform/DiagnosticsHub/DiagnosticsHubColors.pkgdef to C:\Program Files (x86)\Microsoft Visual Studio\2017\Community\Common7\IDE\CommonExtensions\Platform\DiagnosticsHub\DiagnosticsHubColors.pkgdef
[0b00:0004][2017-10-17T09:47:43] Completed: Copying file /Contents/Common7/IDE/CommonExtensions/Platform/DiagnosticsHub/DiagnosticsHubColors.pkgdef to C:\Program Files (x86)\Microsoft Visual Studio\2017\Community\Common7\IDE\CommonExtensions\Platform\DiagnosticsHub\DiagnosticsHubColors.pkgdef
[0b00:0004][2017-10-17T09:47:43] Timestamp updated for file 'C:\Program Files (x86)\Microsoft Visual Studio\2017\Community\Common7\IDE\CommonExtensions\Platform\DiagnosticsHub\DiagnosticsHubColors.pkgdef'.
[0b00:0004][2017-10-17T09:47:43] Processing file /Contents/Common7/IDE/CommonExtensions/Platform/DiagnosticsHub/diagsession.ico
[0b00:0004][2017-10-17T09:47:43] Started: Copying file /Contents/Common7/IDE/CommonExtensions/Platform/DiagnosticsHub/diagsession.ico to C:\Program Files (x86)\Microsoft Visual Studio\2017\Community\Common7\IDE\CommonExtensions\Platform\DiagnosticsHub\diagsession.ico
[0b00:0004][2017-10-17T09:47:43] Completed: Copying file /Contents/Common7/IDE/CommonExtensions/Platform/DiagnosticsHub/diagsession.ico to C:\Program Files (x86)\Microsoft Visual Studio\2017\Community\Common7\IDE\CommonExtensions\Platform\DiagnosticsHub\diagsession.ico
[0b00:0004][2017-10-17T09:47:43] Timestamp updated for file 'C:\Program Files (x86)\Microsoft Visual Studio\2017\Community\Common7\IDE\CommonExtensions\Platform\DiagnosticsHub\diagsession.ico'.
[0b00:0004][2017-10-17T09:47:43] Processing file /Contents/Common7/IDE/CommonExtensions/Platform/DiagnosticsHub/extension.vsixmanifest
[0b00:0004][2017-10-17T09:47:43] Started: Copying file /Contents/Common7/IDE/CommonExtensions/Platform/DiagnosticsHub/extension.vsixmanifest to C:\Program Files (x86)\Microsoft Visual Studio\2017\Community\Common7\IDE\CommonExtensions\Platform\DiagnosticsHub\extension.vsixmanifest
[0b00:0004][2017-10-17T09:47:43] Completed: Copying file /Contents/Common7/IDE/CommonExtensions/Platform/DiagnosticsHub/extension.vsixmanifest to C:\Program Files (x86)\Microsoft Visual Studio\2017\Community\Common7\IDE\CommonExtensions\Platform\DiagnosticsHub\extension.vsixmanifest
[0b00:0004][2017-10-17T09:47:43] Timestamp updated for file 'C:\Program Files (x86)\Microsoft Visual Studio\2017\Community\Common7\IDE\CommonExtensions\Platform\DiagnosticsHub\extension.vsixmanifest'.
[0b00:0004][2017-10-17T09:47:43] Processing file /Contents/Common7/IDE/CommonExtensions/Platform/DiagnosticsHub/Microsoft.DiagnosticsHub.Presentation.dll
[0b00:0004][2017-10-17T09:47:43] Started: Copying file /Contents/Common7/IDE/CommonExtensions/Platform/DiagnosticsHub/Microsoft.DiagnosticsHub.Presentation.dll to C:\Program Files (x86)\Microsoft Visual Studio\2017\Community\Common7\IDE\CommonExtensions\Platform\DiagnosticsHub\Microsoft.DiagnosticsHub.Presentation.dll
[0b00:0004][2017-10-17T09:47:43] Completed: Copying file /Contents/Common7/IDE/CommonExtensions/Platform/DiagnosticsHub/Microsoft.DiagnosticsHub.Presentation.dll to C:\Program Files (x86)\Microsoft Visual Studio\2017\Community\Common7\IDE\CommonExtensions\Platform\DiagnosticsHub\Microsoft.DiagnosticsHub.Presentation.dll
[0b00:0004][2017-10-17T09:47:43] Timestamp updated for file 'C:\Program Files (x86)\Microsoft Visual Studio\2017\Community\Common7\IDE\CommonExtensions\Platform\DiagnosticsHub\Microsoft.DiagnosticsHub.Presentation.dll'.
[0b00:0004][2017-10-17T09:47:43] Queueing C:\Program Files (x86)\Microsoft Visual Studio\2017\Community\Common7\IDE\CommonExtensions\Platform\DiagnosticsHub\Microsoft.DiagnosticsHub.Presentation.dll for X86 ngen
[0b00:0004][2017-10-17T09:47:43] Successfully queued file '/Contents/Common7/IDE/CommonExtensions/Platform/DiagnosticsHub/Microsoft.DiagnosticsHub.Presentation.dll' for ngen
[0b00:0004][2017-10-17T09:47:43] Processing file /Contents/Common7/IDE/CommonExtensions/Platform/DiagnosticsHub/Microsoft.DiagnosticsHub.Runtime.dll
[0b00:0004][2017-10-17T09:47:43] Started: Copying file /Contents/Common7/IDE/CommonExtensions/Platform/DiagnosticsHub/Microsoft.DiagnosticsHub.Runtime.dll to C:\Program Files (x86)\Microsoft Visual Studio\2017\Community\Common7\IDE\CommonExtensions\Platform\DiagnosticsHub\Microsoft.DiagnosticsHub.Runtime.dll
[0b00:0004][2017-10-17T09:47:43] Completed: Copying file /Contents/Common7/IDE/CommonExtensions/Platform/DiagnosticsHub/Microsoft.DiagnosticsHub.Runtime.dll to C:\Program Files (x86)\Microsoft Visual Studio\2017\Community\Common7\IDE\CommonExtensions\Platform\DiagnosticsHub\Microsoft.DiagnosticsHub.Runtime.dll
[0b00:0004][2017-10-17T09:47:43] Timestamp updated for file 'C:\Program Files (x86)\Microsoft Visual Studio\2017\Community\Common7\IDE\CommonExtensions\Platform\DiagnosticsHub\Microsoft.DiagnosticsHub.Runtime.dll'.
[0b00:0004][2017-10-17T09:47:43] Queueing C:\Program Files (x86)\Microsoft Visual Studio\2017\Community\Common7\IDE\CommonExtensions\Platform\DiagnosticsHub\Microsoft.DiagnosticsHub.Runtime.dll for X86 ngen
[0b00:0004][2017-10-17T09:47:43] Successfully queued file '/Contents/Common7/IDE/CommonExtensions/Platform/DiagnosticsHub/Microsoft.DiagnosticsHub.Runtime.dll' for ngen
[0b00:0004][2017-10-17T09:47:43] Processing file /Contents/Common7/IDE/CommonExtensions/Platform/DiagnosticsHub/Microsoft.DiagnosticsHub.VisualStudio.Package.dll
[0b00:0004][2017-10-17T09:47:43] Started: Copying file /Contents/Common7/IDE/CommonExtensions/Platform/DiagnosticsHub/Microsoft.DiagnosticsHub.VisualStudio.Package.dll to C:\Program Files (x86)\Microsoft Visual Studio\2017\Community\Common7\IDE\CommonExtensions\Platform\DiagnosticsHub\Microsoft.DiagnosticsHub.VisualStudio.Package.dll
[0b00:0004][2017-10-17T09:47:43] Completed: Copying file /Contents/Common7/IDE/CommonExtensions/Platform/DiagnosticsHub/Microsoft.DiagnosticsHub.VisualStudio.Package.dll to C:\Program Files (x86)\Microsoft Visual Studio\2017\Community\Common7\IDE\CommonExtensions\Platform\DiagnosticsHub\Microsoft.DiagnosticsHub.VisualStudio.Package.dll
[0b00:0004][2017-10-17T09:47:43] Timestamp updated for file 'C:\Program Files (x86)\Microsoft Visual Studio\2017\Community\Common7\IDE\CommonExtensions\Platform\DiagnosticsHub\Microsoft.DiagnosticsHub.VisualStudio.Package.dll'.
[0b00:0004][2017-10-17T09:47:43] Queueing C:\Program Files (x86)\Microsoft Visual Studio\2017\Community\Common7\IDE\CommonExtensions\Platform\DiagnosticsHub\Microsoft.DiagnosticsHub.VisualStudio.Package.dll for X86 ngen
[0b00:0004][2017-10-17T09:47:43] Successfully queued file '/Contents/Common7/IDE/CommonExtensions/Platform/DiagnosticsHub/Microsoft.DiagnosticsHub.VisualStudio.Package.dll' for ngen
[0b00:0004][2017-10-17T09:47:43] Processing file /Contents/Common7/IDE/CommonExtensions/Platform/DiagnosticsHub/Microsoft.DiagnosticsHub.VisualStudio.Package.pkgdef
[0b00:0004][2017-10-17T09:47:43] Started: Copying file /Contents/Common7/IDE/CommonExtensions/Platform/DiagnosticsHub/Microsoft.DiagnosticsHub.VisualStudio.Package.pkgdef to C:\Program Files (x86)\Microsoft Visual Studio\2017\Community\Common7\IDE\CommonExtensions\Platform\DiagnosticsHub\Microsoft.DiagnosticsHub.VisualStudio.Package.pkgdef
[0b00:0004][2017-10-17T09:47:43] Completed: Copying file /Contents/Common7/IDE/CommonExtensions/Platform/DiagnosticsHub/Microsoft.DiagnosticsHub.VisualStudio.Package.pkgdef to C:\Program Files (x86)\Microsoft Visual Studio\2017\Community\Common7\IDE\CommonExtensions\Platform\DiagnosticsHub\Microsoft.DiagnosticsHub.VisualStudio.Package.pkgdef
[0b00:0004][2017-10-17T09:47:43] Timestamp updated for file 'C:\Program Files (x86)\Microsoft Visual Studio\2017\Community\Common7\IDE\CommonExtensions\Platform\DiagnosticsHub\Microsoft.DiagnosticsHub.VisualStudio.Package.pkgdef'.
[0b00:0004][2017-10-17T09:47:43] Processing file /Contents/Common7/IDE/CommonExtensions/Platform/DiagnosticsHub/Microsoft.DiagnosticsHub.VisualStudio.Package.vsdconfig
[0b00:0004][2017-10-17T09:47:43] Started: Copying file /Contents/Common7/IDE/CommonExtensions/Platform/DiagnosticsHub/Microsoft.DiagnosticsHub.VisualStudio.Package.vsdconfig to C:\Program Files (x86)\Microsoft Visual Studio\2017\Community\Common7\IDE\CommonExtensions\Platform\DiagnosticsHub\Microsoft.DiagnosticsHub.VisualStudio.Package.vsdconfig
[0b00:0004][2017-10-17T09:47:43] Completed: Copying file /Contents/Common7/IDE/CommonExtensions/Platform/DiagnosticsHub/Microsoft.DiagnosticsHub.VisualStudio.Package.vsdconfig to C:\Program Files (x86)\Microsoft Visual Studio\2017\Community\Common7\IDE\CommonExtensions\Platform\DiagnosticsHub\Microsoft.DiagnosticsHub.VisualStudio.Package.vsdconfig
[0b00:0004][2017-10-17T09:47:43] Timestamp updated for file 'C:\Program Files (x86)\Microsoft Visual Studio\2017\Community\Common7\IDE\CommonExtensions\Platform\DiagnosticsHub\Microsoft.DiagnosticsHub.VisualStudio.Package.vsdconfig'.
[0b00:0004][2017-10-17T09:47:43] Processing file /Contents/Common7/IDE/CommonExtensions/Platform/DiagnosticsHub/VsStandardCollectorPath.pkgdef
[0b00:0004][2017-10-17T09:47:43] Started: Copying file /Contents/Common7/IDE/CommonExtensions/Platform/DiagnosticsHub/VsStandardCollectorPath.pkgdef to C:\Program Files (x86)\Microsoft Visual Studio\2017\Community\Common7\IDE\CommonExtensions\Platform\DiagnosticsHub\VsStandardCollectorPath.pkgdef
[0b00:0004][2017-10-17T09:47:43] Completed: Copying file /Contents/Common7/IDE/CommonExtensions/Platform/DiagnosticsHub/VsStandardCollectorPath.pkgdef to C:\Program Files (x86)\Microsoft Visual Studio\2017\Community\Common7\IDE\CommonExtensions\Platform\DiagnosticsHub\VsStandardCollectorPath.pkgdef
[0b00:0004][2017-10-17T09:47:43] Timestamp updated for file 'C:\Program Files (x86)\Microsoft Visual Studio\2017\Community\Common7\IDE\CommonExtensions\Platform\DiagnosticsHub\VsStandardCollectorPath.pkgdef'.
[0b00:0004][2017-10-17T09:47:43] Processing file /Contents/Common7/IDE/CommonExtensions/Platform/DiagnosticsHub/WebViews/CollectionSwimLanesView.html
[0b00:0004][2017-10-17T09:47:43] Started: Copying file /Contents/Common7/IDE/CommonExtensions/Platform/DiagnosticsHub/WebViews/CollectionSwimLanesView.html to C:\Program Files (x86)\Microsoft Visual Studio\2017\Community\Common7\IDE\CommonExtensions\Platform\DiagnosticsHub\WebViews\CollectionSwimLanesView.html
[0b00:0004][2017-10-17T09:47:43] Completed: Copying file /Contents/Common7/IDE/CommonExtensions/Platform/DiagnosticsHub/WebViews/CollectionSwimLanesView.html to C:\Program Files (x86)\Microsoft Visual Studio\2017\Community\Common7\IDE\CommonExtensions\Platform\DiagnosticsHub\WebViews\CollectionSwimLanesView.html
[0b00:0004][2017-10-17T09:47:43] Timestamp updated for file 'C:\Program Files (x86)\Microsoft Visual Studio\2017\Community\Common7\IDE\CommonExtensions\Platform\DiagnosticsHub\WebViews\CollectionSwimLanesView.html'.
[0b00:0004][2017-10-17T09:47:43] Processing file /Contents/Common7/IDE/CommonExtensions/Platform/DiagnosticsHub/WebViews/CollectionSwimLanesView.manifest.json
[0b00:0004][2017-10-17T09:47:43] Started: Copying file /Contents/Common7/IDE/CommonExtensions/Platform/DiagnosticsHub/WebViews/CollectionSwimLanesView.manifest.json to C:\Program Files (x86)\Microsoft Visual Studio\2017\Community\Common7\IDE\CommonExtensions\Platform\DiagnosticsHub\WebViews\CollectionSwimLanesView.manifest.json
[0b00:0004][2017-10-17T09:47:43] Completed: Copying file /Contents/Common7/IDE/CommonExtensions/Platform/DiagnosticsHub/WebViews/CollectionSwimLanesView.manifest.json to C:\Program Files (x86)\Microsoft Visual Studio\2017\Community\Common7\IDE\CommonExtensions\Platform\DiagnosticsHub\WebViews\CollectionSwimLanesView.manifest.json
[0b00:0004][2017-10-17T09:47:43] Timestamp updated for file 'C:\Program Files (x86)\Microsoft Visual Studio\2017\Community\Common7\IDE\CommonExtensions\Platform\DiagnosticsHub\WebViews\CollectionSwimLanesView.manifest.json'.
[0b00:0004][2017-10-17T09:47:43] Processing file /Contents/Common7/IDE/CommonExtensions/Platform/DiagnosticsHub/WebViews/CSS/Graph.css
[0b00:0004][2017-10-17T09:47:43] Started: Copying file /Contents/Common7/IDE/CommonExtensions/Platform/DiagnosticsHub/WebViews/CSS/Graph.css to C:\Program Files (x86)\Microsoft Visual Studio\2017\Community\Common7\IDE\CommonExtensions\Platform\DiagnosticsHub\WebViews\CSS\Graph.css
[0b00:0004][2017-10-17T09:47:43] Completed: Copying file /Contents/Common7/IDE/CommonExtensions/Platform/DiagnosticsHub/WebViews/CSS/Graph.css to C:\Program Files (x86)\Microsoft Visual Studio\2017\Community\Common7\IDE\CommonExtensions\Platform\DiagnosticsHub\WebViews\CSS\Graph.css
[0b00:0004][2017-10-17T09:47:43] Timestamp updated for file 'C:\Program Files (x86)\Microsoft Visual Studio\2017\Community\Common7\IDE\CommonExtensions\Platform\DiagnosticsHub\WebViews\CSS\Graph.css'.
[0b00:0004][2017-10-17T09:47:43] Processing file /Contents/Common7/IDE/CommonExtensions/Platform/DiagnosticsHub/WebViews/CSS/MultiLineGraph.css
[0b00:0004][2017-10-17T09:47:43] Started: Copying file /Contents/Common7/IDE/CommonExtensions/Platform/DiagnosticsHub/WebViews/CSS/MultiLineGraph.css to C:\Program Files (x86)\Microsoft Visual Studio\2017\Community\Common7\IDE\CommonExtensions\Platform\DiagnosticsHub\WebViews\CSS\MultiLineGraph.css
[0b00:0004][2017-10-17T09:47:43] Completed: Copying file /Contents/Common7/IDE/CommonExtensions/Platform/DiagnosticsHub/WebViews/CSS/MultiLineGraph.css to C:\Program Files (x86)\Microsoft Visual Studio\2017\Community\Common7\IDE\CommonExtensions\Platform\DiagnosticsHub\WebViews\CSS\MultiLineGraph.css
[0b00:0004][2017-10-17T09:47:43] Timestamp updated for file 'C:\Program Files (x86)\Microsoft Visual Studio\2017\Community\Common7\IDE\CommonExtensions\Platform\DiagnosticsHub\WebViews\CSS\MultiLineGraph.css'.
[0b00:0004][2017-10-17T09:47:43] Processing file /Contents/Common7/IDE/CommonExtensions/Platform/DiagnosticsHub/WebViews/CSS/Renderer.css
[0b00:0004][2017-10-17T09:47:43] Started: Copying file /Contents/Common7/IDE/CommonExtensions/Platform/DiagnosticsHub/WebViews/CSS/Renderer.css to C:\Program Files (x86)\Microsoft Visual Studio\2017\Community\Common7\IDE\CommonExtensions\Platform\DiagnosticsHub\WebViews\CSS\Renderer.css
[0b00:0004][2017-10-17T09:47:43] Completed: Copying file /Contents/Common7/IDE/CommonExtensions/Platform/DiagnosticsHub/WebViews/CSS/Renderer.css to C:\Program Files (x86)\Microsoft Visual Studio\2017\Community\Common7\IDE\CommonExtensions\Platform\DiagnosticsHub\WebViews\CSS\Renderer.css
[0b00:0004][2017-10-17T09:47:43] Timestamp updated for file 'C:\Program Files (x86)\Microsoft Visual Studio\2017\Community\Common7\IDE\CommonExtensions\Platform\DiagnosticsHub\WebViews\CSS\Renderer.css'.
[0b00:0004][2017-10-17T09:47:43] Processing file /Contents/Common7/IDE/CommonExtensions/Platform/DiagnosticsHub/WebViews/CSS/Ruler.css
[0b00:0004][2017-10-17T09:47:43] Started: Copying file /Contents/Common7/IDE/CommonExtensions/Platform/DiagnosticsHub/WebViews/CSS/Ruler.css to C:\Program Files (x86)\Microsoft Visual Studio\2017\Community\Common7\IDE\CommonExtensions\Platform\DiagnosticsHub\WebViews\CSS\Ruler.css
[0b00:0004][2017-10-17T09:47:43] Completed: Copying file /Contents/Common7/IDE/CommonExtensions/Platform/DiagnosticsHub/WebViews/CSS/Ruler.css to C:\Program Files (x86)\Microsoft Visual Studio\2017\Community\Common7\IDE\CommonExtensions\Platform\DiagnosticsHub\WebViews\CSS\Ruler.css
[0b00:0004][2017-10-17T09:47:43] Timestamp updated for file 'C:\Program Files (x86)\Microsoft Visual Studio\2017\Community\Common7\IDE\CommonExtensions\Platform\DiagnosticsHub\WebViews\CSS\Ruler.css'.
[0b00:0004][2017-10-17T09:47:43] Processing file /Contents/Common7/IDE/CommonExtensions/Platform/DiagnosticsHub/WebViews/CSS/Scrollbar.css
[0b00:0004][2017-10-17T09:47:43] Started: Copying file /Contents/Common7/IDE/CommonExtensions/Platform/DiagnosticsHub/WebViews/CSS/Scrollbar.css to C:\Program Files (x86)\Microsoft Visual Studio\2017\Community\Common7\IDE\CommonExtensions\Platform\DiagnosticsHub\WebViews\CSS\Scrollbar.css
[0b00:0004][2017-10-17T09:47:43] Completed: Copying file /Contents/Common7/IDE/CommonExtensions/Platform/DiagnosticsHub/WebViews/CSS/Scrollbar.css to C:\Program Files (x86)\Microsoft Visual Studio\2017\Community\Common7\IDE\CommonExtensions\Platform\DiagnosticsHub\WebViews\CSS\Scrollbar.css
[0b00:0004][2017-10-17T09:47:43] Timestamp updated for file 'C:\Program Files (x86)\Microsoft Visual Studio\2017\Community\Common7\IDE\CommonExtensions\Platform\DiagnosticsHub\WebViews\CSS\Scrollbar.css'.
[0b00:0004][2017-10-17T09:47:43] Processing file /Contents/Common7/IDE/CommonExtensions/Platform/DiagnosticsHub/WebViews/CSS/SummaryView.css
[0b00:0004][2017-10-17T09:47:43] Started: Copying file /Contents/Common7/IDE/CommonExtensions/Platform/DiagnosticsHub/WebViews/CSS/SummaryView.css to C:\Program Files (x86)\Microsoft Visual Studio\2017\Community\Common7\IDE\CommonExtensions\Platform\DiagnosticsHub\WebViews\CSS\SummaryView.css
[0b00:0004][2017-10-17T09:47:43] Completed: Copying file /Contents/Common7/IDE/CommonExtensions/Platform/DiagnosticsHub/WebViews/CSS/SummaryView.css to C:\Program Files (x86)\Microsoft Visual Studio\2017\Community\Common7\IDE\CommonExtensions\Platform\DiagnosticsHub\WebViews\CSS\SummaryView.css
[0b00:0004][2017-10-17T09:47:43] Timestamp updated for file 'C:\Program Files (x86)\Microsoft Visual Studio\2017\Community\Common7\IDE\CommonExtensions\Platform\DiagnosticsHub\WebViews\CSS\SummaryView.css'.
[0b00:0004][2017-10-17T09:47:43] Processing file /Contents/Common7/IDE/CommonExtensions/Platform/DiagnosticsHub/WebViews/CSS/Swimlane.css
[0b00:0004][2017-10-17T09:47:43] Started: Copying file /Contents/Common7/IDE/CommonExtensions/Platform/DiagnosticsHub/WebViews/CSS/Swimlane.css to C:\Program Files (x86)\Microsoft Visual Studio\2017\Community\Common7\IDE\CommonExtensions\Platform\DiagnosticsHub\WebViews\CSS\Swimlane.css
[0b00:0004][2017-10-17T09:47:43] Completed: Copying file /Contents/Common7/IDE/CommonExtensions/Platform/DiagnosticsHub/WebViews/CSS/Swimlane.css to C:\Program Files (x86)\Microsoft Visual Studio\2017\Community\Common7\IDE\CommonExtensions\Platform\DiagnosticsHub\WebViews\CSS\Swimlane.css
[0b00:0004][2017-10-17T09:47:43] Timestamp updated for file 'C:\Program Files (x86)\Microsoft Visual Studio\2017\Community\Common7\IDE\CommonExtensions\Platform\DiagnosticsHub\WebViews\CSS\Swimlane.css'.
[0b00:0004][2017-10-17T09:47:43] Processing file /Contents/Common7/IDE/CommonExtensions/Platform/DiagnosticsHub/WebViews/CSS/Toolbar.css
[0b00:0004][2017-10-17T09:47:43] Started: Copying file /Contents/Common7/IDE/CommonExtensions/Platform/DiagnosticsHub/WebViews/CSS/Toolbar.css to C:\Program Files (x86)\Microsoft Visual Studio\2017\Community\Common7\IDE\CommonExtensions\Platform\DiagnosticsHub\WebViews\CSS\Toolbar.css
[0b00:0004][2017-10-17T09:47:43] Completed: Copying file /Contents/Common7/IDE/CommonExtensions/Platform/DiagnosticsHub/WebViews/CSS/Toolbar.css to C:\Program Files (x86)\Microsoft Visual Studio\2017\Community\Common7\IDE\CommonExtensions\Platform\DiagnosticsHub\WebViews\CSS\Toolbar.css
[0b00:0004][2017-10-17T09:47:43] Timestamp updated for file 'C:\Program Files (x86)\Microsoft Visual Studio\2017\Community\Common7\IDE\CommonExtensions\Platform\DiagnosticsHub\WebViews\CSS\Toolbar.css'.
[0b00:0004][2017-10-17T09:47:43] Processing file /Contents/Common7/IDE/CommonExtensions/Platform/DiagnosticsHub/WebViews/CSS/ToolSelectionDropDownControl.css
[0b00:0004][2017-10-17T09:47:43] Started: Copying file /Contents/Common7/IDE/CommonExtensions/Platform/DiagnosticsHub/WebViews/CSS/ToolSelectionDropDownControl.css to C:\Program Files (x86)\Microsoft Visual Studio\2017\Community\Common7\IDE\CommonExtensions\Platform\DiagnosticsHub\WebViews\CSS\ToolSelectionDropDownControl.css
[0b00:0004][2017-10-17T09:47:43] Completed: Copying file /Contents/Common7/IDE/CommonExtensions/Platform/DiagnosticsHub/WebViews/CSS/ToolSelectionDropDownControl.css to C:\Program Files (x86)\Microsoft Visual Studio\2017\Community\Common7\IDE\CommonExtensions\Platform\DiagnosticsHub\WebViews\CSS\ToolSelectionDropDownControl.css
[0b00:0004][2017-10-17T09:47:43] Timestamp updated for file 'C:\Program Files (x86)\Microsoft Visual Studio\2017\Community\Common7\IDE\CommonExtensions\Platform\DiagnosticsHub\WebViews\CSS\ToolSelectionDropDownControl.css'.
[0b00:0004][2017-10-17T09:47:43] Processing file /Contents/Common7/IDE/CommonExtensions/Platform/DiagnosticsHub/WebViews/CSS/UnsupportedBrowser.css
[0b00:0004][2017-10-17T09:47:43] Started: Copying file /Contents/Common7/IDE/CommonExtensions/Platform/DiagnosticsHub/WebViews/CSS/UnsupportedBrowser.css to C:\Program Files (x86)\Microsoft Visual Studio\2017\Community\Common7\IDE\CommonExtensions\Platform\DiagnosticsHub\WebViews\CSS\UnsupportedBrowser.css
[0b00:0004][2017-10-17T09:47:43] Completed: Copying file /Contents/Common7/IDE/CommonExtensions/Platform/DiagnosticsHub/WebViews/CSS/UnsupportedBrowser.css to C:\Program Files (x86)\Microsoft Visual Studio\2017\Community\Common7\IDE\CommonExtensions\Platform\DiagnosticsHub\WebViews\CSS\UnsupportedBrowser.css
[0b00:0004][2017-10-17T09:47:43] Timestamp updated for file 'C:\Program Files (x86)\Microsoft Visual Studio\2017\Community\Common7\IDE\CommonExtensions\Platform\DiagnosticsHub\WebViews\CSS\UnsupportedBrowser.css'.
[0b00:0004][2017-10-17T09:47:43] Processing file /Contents/Common7/IDE/CommonExtensions/Platform/DiagnosticsHub/WebViews/CSS/View.css
[0b00:0004][2017-10-17T09:47:43] Started: Copying file /Contents/Common7/IDE/CommonExtensions/Platform/DiagnosticsHub/WebViews/CSS/View.css to C:\Program Files (x86)\Microsoft Visual Studio\2017\Community\Common7\IDE\CommonExtensions\Platform\DiagnosticsHub\WebViews\CSS\View.css
[0b00:0004][2017-10-17T09:47:43] Completed: Copying file /Contents/Common7/IDE/CommonExtensions/Platform/DiagnosticsHub/WebViews/CSS/View.css to C:\Program Files (x86)\Microsoft Visual Studio\2017\Community\Common7\IDE\CommonExtensions\Platform\DiagnosticsHub\WebViews\CSS\View.css
[0b00:0004][2017-10-17T09:47:43] Timestamp updated for file 'C:\Program Files (x86)\Microsoft Visual Studio\2017\Community\Common7\IDE\CommonExtensions\Platform\DiagnosticsHub\WebViews\CSS\View.css'.
[0b00:0004][2017-10-17T09:47:43] Processing file /Contents/Common7/IDE/CommonExtensions/Platform/DiagnosticsHub/WebViews/DiagnosticsHub.Javascript.Controls.ScriptResources.resx
[0b00:0004][2017-10-17T09:47:43] Started: Copying file /Contents/Common7/IDE/CommonExtensions/Platform/DiagnosticsHub/WebViews/DiagnosticsHub.Javascript.Controls.ScriptResources.resx to C:\Program Files (x86)\Microsoft Visual Studio\2017\Community\Common7\IDE\CommonExtensions\Platform\DiagnosticsHub\WebViews\DiagnosticsHub.Javascript.Controls.ScriptResources.resx
[0b00:0004][2017-10-17T09:47:43] Completed: Copying file /Contents/Common7/IDE/CommonExtensions/Platform/DiagnosticsHub/WebViews/DiagnosticsHub.Javascript.Controls.ScriptResources.resx to C:\Program Files (x86)\Microsoft Visual Studio\2017\Community\Common7\IDE\CommonExtensions\Platform\DiagnosticsHub\WebViews\DiagnosticsHub.Javascript.Controls.ScriptResources.resx
[0b00:0004][2017-10-17T09:47:43] Timestamp updated for file 'C:\Program Files (x86)\Microsoft Visual Studio\2017\Community\Common7\IDE\CommonExtensions\Platform\DiagnosticsHub\WebViews\DiagnosticsHub.Javascript.Controls.ScriptResources.resx'.
[0b00:0004][2017-10-17T09:47:43] Processing file /Contents/Common7/IDE/CommonExtensions/Platform/DiagnosticsHub/WebViews/DiagnosticsHub.Javascript.ScriptResources.resx
[0b00:0004][2017-10-17T09:47:43] Started: Copying file /Contents/Common7/IDE/CommonExtensions/Platform/DiagnosticsHub/WebViews/DiagnosticsHub.Javascript.ScriptResources.resx to C:\Program Files (x86)\Microsoft Visual Studio\2017\Community\Common7\IDE\CommonExtensions\Platform\DiagnosticsHub\WebViews\DiagnosticsHub.Javascript.ScriptResources.resx
[0b00:0004][2017-10-17T09:47:43] Completed: Copying file /Contents/Common7/IDE/CommonExtensions/Platform/DiagnosticsHub/WebViews/DiagnosticsHub.Javascript.ScriptResources.resx to C:\Program Files (x86)\Microsoft Visual Studio\2017\Community\Common7\IDE\CommonExtensions\Platform\DiagnosticsHub\WebViews\DiagnosticsHub.Javascript.ScriptResources.resx
[0b00:0004][2017-10-17T09:47:43] Timestamp updated for file 'C:\Program Files (x86)\Microsoft Visual Studio\2017\Community\Common7\IDE\CommonExtensions\Platform\DiagnosticsHub\WebViews\DiagnosticsHub.Javascript.ScriptResources.resx'.
[0b00:0004][2017-10-17T09:47:43] Processing file /Contents/Common7/IDE/CommonExtensions/Platform/DiagnosticsHub/WebViews/Images/CustomMark1_18x.png
[0b00:0004][2017-10-17T09:47:43] Started: Copying file /Contents/Common7/IDE/CommonExtensions/Platform/DiagnosticsHub/WebViews/Images/CustomMark1_18x.png to C:\Program Files (x86)\Microsoft Visual Studio\2017\Community\Common7\IDE\CommonExtensions\Platform\DiagnosticsHub\WebViews\Images\CustomMark1_18x.png
[0b00:0004][2017-10-17T09:47:43] Completed: Copying file /Contents/Common7/IDE/CommonExtensions/Platform/DiagnosticsHub/WebViews/Images/CustomMark1_18x.png to C:\Program Files (x86)\Microsoft Visual Studio\2017\Community\Common7\IDE\CommonExtensions\Platform\DiagnosticsHub\WebViews\Images\CustomMark1_18x.png
[0b00:0004][2017-10-17T09:47:43] Timestamp updated for file 'C:\Program Files (x86)\Microsoft Visual Studio\2017\Community\Common7\IDE\CommonExtensions\Platform\DiagnosticsHub\WebViews\Images\CustomMark1_18x.png'.
[0b00:0004][2017-10-17T09:47:43] Processing file /Contents/Common7/IDE/CommonExtensions/Platform/DiagnosticsHub/WebViews/Images/CustomMark2_18x.png
[0b00:0004][2017-10-17T09:47:43] Started: Copying file /Contents/Common7/IDE/CommonExtensions/Platform/DiagnosticsHub/WebViews/Images/CustomMark2_18x.png to C:\Program Files (x86)\Microsoft Visual Studio\2017\Community\Common7\IDE\CommonExtensions\Platform\DiagnosticsHub\WebViews\Images\CustomMark2_18x.png
[0b00:0004][2017-10-17T09:47:43] Completed: Copying file /Contents/Common7/IDE/CommonExtensions/Platform/DiagnosticsHub/WebViews/Images/CustomMark2_18x.png to C:\Program Files (x86)\Microsoft Visual Studio\2017\Community\Common7\IDE\CommonExtensions\Platform\DiagnosticsHub\WebViews\Images\CustomMark2_18x.png
[0b00:0004][2017-10-17T09:47:43] Timestamp updated for file 'C:\Program Files (x86)\Microsoft Visual Studio\2017\Community\Common7\IDE\CommonExtensions\Platform\DiagnosticsHub\WebViews\Images\CustomMark2_18x.png'.
[0b00:0004][2017-10-17T09:47:43] Processing file /Contents/Common7/IDE/CommonExtensions/Platform/DiagnosticsHub/WebViews/Images/CustomMark3_18x.png
[0b00:0004][2017-10-17T09:47:43] Started: Copying file /Contents/Common7/IDE/CommonExtensions/Platform/DiagnosticsHub/WebViews/Images/CustomMark3_18x.png to C:\Program Files (x86)\Microsoft Visual Studio\2017\Community\Common7\IDE\CommonExtensions\Platform\DiagnosticsHub\WebViews\Images\CustomMark3_18x.png
[0b00:0004][2017-10-17T09:47:43] Completed: Copying file /Contents/Common7/IDE/CommonExtensions/Platform/DiagnosticsHub/WebViews/Images/CustomMark3_18x.png to C:\Program Files (x86)\Microsoft Visual Studio\2017\Community\Common7\IDE\CommonExtensions\Platform\DiagnosticsHub\WebViews\Images\CustomMark3_18x.png
[0b00:0004][2017-10-17T09:47:43] Timestamp updated for file 'C:\Program Files (x86)\Microsoft Visual Studio\2017\Community\Common7\IDE\CommonExtensions\Platform\DiagnosticsHub\WebViews\Images\CustomMark3_18x.png'.
[0b00:0004][2017-10-17T09:47:43] Processing file /Contents/Common7/IDE/CommonExtensions/Platform/DiagnosticsHub/WebViews/Images/CustomMark4_18x.png
[0b00:0004][2017-10-17T09:47:43] Started: Copying file /Contents/Common7/IDE/CommonExtensions/Platform/DiagnosticsHub/WebViews/Images/CustomMark4_18x.png to C:\Program Files (x86)\Microsoft Visual Studio\2017\Community\Common7\IDE\CommonExtensions\Platform\DiagnosticsHub\WebViews\Images\CustomMark4_18x.png
[0b00:0004][2017-10-17T09:47:43] Completed: Copying file /Contents/Common7/IDE/CommonExtensions/Platform/DiagnosticsHub/WebViews/Images/CustomMark4_18x.png to C:\Program Files (x86)\Microsoft Visual Studio\2017\Community\Common7\IDE\CommonExtensions\Platform\DiagnosticsHub\WebViews\Images\CustomMark4_18x.png
[0b00:0004][2017-10-17T09:47:43] Timestamp updated for file 'C:\Program Files (x86)\Microsoft Visual Studio\2017\Community\Common7\IDE\CommonExtensions\Platform\DiagnosticsHub\WebViews\Images\CustomMark4_18x.png'.
[0b00:0004][2017-10-17T09:47:43] Processing file /Contents/Common7/IDE/CommonExtensions/Platform/DiagnosticsHub/WebViews/Images/CustomMark5_18x.png
[0b00:0004][2017-10-17T09:47:43] Started: Copying file /Contents/Common7/IDE/CommonExtensions/Platform/DiagnosticsHub/WebViews/Images/CustomMark5_18x.png to C:\Program Files (x86)\Microsoft Visual Studio\2017\Community\Common7\IDE\CommonExtensions\Platform\DiagnosticsHub\WebViews\Images\CustomMark5_18x.png
[0b00:0004][2017-10-17T09:47:43] Completed: Copying file /Contents/Common7/IDE/CommonExtensions/Platform/DiagnosticsHub/WebViews/Images/CustomMark5_18x.png to C:\Program Files (x86)\Microsoft Visual Studio\2017\Community\Common7\IDE\CommonExtensions\Platform\DiagnosticsHub\WebViews\Images\CustomMark5_18x.png
[0b00:0004][2017-10-17T09:47:43] Timestamp updated for file 'C:\Program Files (x86)\Microsoft Visual Studio\2017\Community\Common7\IDE\CommonExtensions\Platform\DiagnosticsHub\WebViews\Images\CustomMark5_18x.png'.
[0b00:0004][2017-10-17T09:47:43] Processing file /Contents/Common7/IDE/CommonExtensions/Platform/DiagnosticsHub/WebViews/Images/Information_blue.svg
[0b00:0004][2017-10-17T09:47:43] Started: Copying file /Contents/Common7/IDE/CommonExtensions/Platform/DiagnosticsHub/WebViews/Images/Information_blue.svg to C:\Program Files (x86)\Microsoft Visual Studio\2017\Community\Common7\IDE\CommonExtensions\Platform\DiagnosticsHub\WebViews\Images\Information_blue.svg
[0b00:0004][2017-10-17T09:47:43] Completed: Copying file /Contents/Common7/IDE/CommonExtensions/Platform/DiagnosticsHub/WebViews/Images/Information_blue.svg to C:\Program Files (x86)\Microsoft Visual Studio\2017\Community\Common7\IDE\CommonExtensions\Platform\DiagnosticsHub\WebViews\Images\Information_blue.svg
[0b00:0004][2017-10-17T09:47:43] Timestamp updated for file 'C:\Program Files (x86)\Microsoft Visual Studio\2017\Community\Common7\IDE\CommonExtensions\Platform\DiagnosticsHub\WebViews\Images\Information_blue.svg'.
[0b00:0004][2017-10-17T09:47:43] Processing file /Contents/Common7/IDE/CommonExtensions/Platform/DiagnosticsHub/WebViews/Images/itemcollapsedicon.png
[0b00:0004][2017-10-17T09:47:43] Started: Copying file /Contents/Common7/IDE/CommonExtensions/Platform/DiagnosticsHub/WebViews/Images/itemcollapsedicon.png to C:\Program Files (x86)\Microsoft Visual Studio\2017\Community\Common7\IDE\CommonExtensions\Platform\DiagnosticsHub\WebViews\Images\itemcollapsedicon.png
[0b00:0004][2017-10-17T09:47:43] Completed: Copying file /Contents/Common7/IDE/CommonExtensions/Platform/DiagnosticsHub/WebViews/Images/itemcollapsedicon.png to C:\Program Files (x86)\Microsoft Visual Studio\2017\Community\Common7\IDE\CommonExtensions\Platform\DiagnosticsHub\WebViews\Images\itemcollapsedicon.png
[0b00:0004][2017-10-17T09:47:43] Timestamp updated for file 'C:\Program Files (x86)\Microsoft Visual Studio\2017\Community\Common7\IDE\CommonExtensions\Platform\DiagnosticsHub\WebViews\Images\itemcollapsedicon.png'.
[0b00:0004][2017-10-17T09:47:43] Processing file /Contents/Common7/IDE/CommonExtensions/Platform/DiagnosticsHub/WebViews/Images/itemexpandedicon.png
[0b00:0004][2017-10-17T09:47:43] Started: Copying file /Contents/Common7/IDE/CommonExtensions/Platform/DiagnosticsHub/WebViews/Images/itemexpandedicon.png to C:\Program Files (x86)\Microsoft Visual Studio\2017\Community\Common7\IDE\CommonExtensions\Platform\DiagnosticsHub\WebViews\Images\itemexpandedicon.png
[0b00:0004][2017-10-17T09:47:43] Completed: Copying file /Contents/Common7/IDE/CommonExtensions/Platform/DiagnosticsHub/WebViews/Images/itemexpandedicon.png to C:\Program Files (x86)\Microsoft Visual Studio\2017\Community\Common7\IDE\CommonExtensions\Platform\DiagnosticsHub\WebViews\Images\itemexpandedicon.png
[0b00:0004][2017-10-17T09:47:43] Timestamp updated for file 'C:\Program Files (x86)\Microsoft Visual Studio\2017\Community\Common7\IDE\CommonExtensions\Platform\DiagnosticsHub\WebViews\Images\itemexpandedicon.png'.
[0b00:0004][2017-10-17T09:47:43] Processing file /Contents/Common7/IDE/CommonExtensions/Platform/DiagnosticsHub/WebViews/Images/i_appevent.png
[0b00:0004][2017-10-17T09:47:43] Started: Copying file /Contents/Common7/IDE/CommonExtensions/Platform/DiagnosticsHub/WebViews/Images/i_appevent.png to C:\Program Files (x86)\Microsoft Visual Studio\2017\Community\Common7\IDE\CommonExtensions\Platform\DiagnosticsHub\WebViews\Images\i_appevent.png
[0b00:0004][2017-10-17T09:47:43] Completed: Copying file /Contents/Common7/IDE/CommonExtensions/Platform/DiagnosticsHub/WebViews/Images/i_appevent.png to C:\Program Files (x86)\Microsoft Visual Studio\2017\Community\Common7\IDE\CommonExtensions\Platform\DiagnosticsHub\WebViews\Images\i_appevent.png
[0b00:0004][2017-10-17T09:47:43] Timestamp updated for file 'C:\Program Files (x86)\Microsoft Visual Studio\2017\Community\Common7\IDE\CommonExtensions\Platform\DiagnosticsHub\WebViews\Images\i_appevent.png'.
[0b00:0004][2017-10-17T09:47:43] Processing file /Contents/Common7/IDE/CommonExtensions/Platform/DiagnosticsHub/WebViews/Images/i_chartselection_clear.svg
[0b00:0004][2017-10-17T09:47:43] Started: Copying file /Contents/Common7/IDE/CommonExtensions/Platform/DiagnosticsHub/WebViews/Images/i_chartselection_clear.svg to C:\Program Files (x86)\Microsoft Visual Studio\2017\Community\Common7\IDE\CommonExtensions\Platform\DiagnosticsHub\WebViews\Images\i_chartselection_clear.svg
[0b00:0004][2017-10-17T09:47:43] Completed: Copying file /Contents/Common7/IDE/CommonExtensions/Platform/DiagnosticsHub/WebViews/Images/i_chartselection_clear.svg to C:\Program Files (x86)\Microsoft Visual Studio\2017\Community\Common7\IDE\CommonExtensions\Platform\DiagnosticsHub\WebViews\Images\i_chartselection_clear.svg
[0b00:0004][2017-10-17T09:47:43] Timestamp updated for file 'C:\Program Files (x86)\Microsoft Visual Studio\2017\Community\Common7\IDE\CommonExtensions\Platform\DiagnosticsHub\WebViews\Images\i_chartselection_clear.svg'.
[0b00:0004][2017-10-17T09:47:43] Processing file /Contents/Common7/IDE/CommonExtensions/Platform/DiagnosticsHub/WebViews/Images/i_chartselection_clear_disabled.svg
[0b00:0004][2017-10-17T09:47:43] Started: Copying file /Contents/Common7/IDE/CommonExtensions/Platform/DiagnosticsHub/WebViews/Images/i_chartselection_clear_disabled.svg to C:\Program Files (x86)\Microsoft Visual Studio\2017\Community\Common7\IDE\CommonExtensions\Platform\DiagnosticsHub\WebViews\Images\i_chartselection_clear_disabled.svg
[0b00:0004][2017-10-17T09:47:43] Completed: Copying file /Contents/Common7/IDE/CommonExtensions/Platform/DiagnosticsHub/WebViews/Images/i_chartselection_clear_disabled.svg to C:\Program Files (x86)\Microsoft Visual Studio\2017\Community\Common7\IDE\CommonExtensions\Platform\DiagnosticsHub\WebViews\Images\i_chartselection_clear_disabled.svg
[0b00:0004][2017-10-17T09:47:43] Timestamp updated for file 'C:\Program Files (x86)\Microsoft Visual Studio\2017\Community\Common7\IDE\CommonExtensions\Platform\DiagnosticsHub\WebViews\Images\i_chartselection_clear_disabled.svg'.
[0b00:0004][2017-10-17T09:47:43] Processing file /Contents/Common7/IDE/CommonExtensions/Platform/DiagnosticsHub/WebViews/Images/i_chartzoom_in.svg
[0b00:0004][2017-10-17T09:47:43] Started: Copying file /Contents/Common7/IDE/CommonExtensions/Platform/DiagnosticsHub/WebViews/Images/i_chartzoom_in.svg to C:\Program Files (x86)\Microsoft Visual Studio\2017\Community\Common7\IDE\CommonExtensions\Platform\DiagnosticsHub\WebViews\Images\i_chartzoom_in.svg
[0b00:0004][2017-10-17T09:47:43] Completed: Copying file /Contents/Common7/IDE/CommonExtensions/Platform/DiagnosticsHub/WebViews/Images/i_chartzoom_in.svg to C:\Program Files (x86)\Microsoft Visual Studio\2017\Community\Common7\IDE\CommonExtensions\Platform\DiagnosticsHub\WebViews\Images\i_chartzoom_in.svg
[0b00:0004][2017-10-17T09:47:43] Timestamp updated for file 'C:\Program Files (x86)\Microsoft Visual Studio\2017\Community\Common7\IDE\CommonExtensions\Platform\DiagnosticsHub\WebViews\Images\i_chartzoom_in.svg'.
[0b00:0004][2017-10-17T09:47:43] Processing file /Contents/Common7/IDE/CommonExtensions/Platform/DiagnosticsHub/WebViews/Images/i_chartzoom_in_disabled.svg
[0b00:0004][2017-10-17T09:47:43] Started: Copying file /Contents/Common7/IDE/CommonExtensions/Platform/DiagnosticsHub/WebViews/Images/i_chartzoom_in_disabled.svg to C:\Program Files (x86)\Microsoft Visual Studio\2017\Community\Common7\IDE\CommonExtensions\Platform\DiagnosticsHub\WebViews\Images\i_chartzoom_in_disabled.svg
[0b00:0004][2017-10-17T09:47:43] Completed: Copying file /Contents/Common7/IDE/CommonExtensions/Platform/DiagnosticsHub/WebViews/Images/i_chartzoom_in_disabled.svg to C:\Program Files (x86)\Microsoft Visual Studio\2017\Community\Common7\IDE\CommonExtensions\Platform\DiagnosticsHub\WebViews\Images\i_chartzoom_in_disabled.svg
[0b00:0004][2017-10-17T09:47:43] Timestamp updated for file 'C:\Program Files (x86)\Microsoft Visual Studio\2017\Community\Common7\IDE\CommonExtensions\Platform\DiagnosticsHub\WebViews\Images\i_chartzoom_in_disabled.svg'.
[0b00:0004][2017-10-17T09:47:43] Processing file /Contents/Common7/IDE/CommonExtensions/Platform/DiagnosticsHub/WebViews/Images/i_chartzoom_reset.svg
[0b00:0004][2017-10-17T09:47:43] Started: Copying file /Contents/Common7/IDE/CommonExtensions/Platform/DiagnosticsHub/WebViews/Images/i_chartzoom_reset.svg to C:\Program Files (x86)\Microsoft Visual Studio\2017\Community\Common7\IDE\CommonExtensions\Platform\DiagnosticsHub\WebViews\Images\i_chartzoom_reset.svg
[0b00:0004][2017-10-17T09:47:43] Completed: Copying file /Contents/Common7/IDE/CommonExtensions/Platform/DiagnosticsHub/WebViews/Images/i_chartzoom_reset.svg to C:\Program Files (x86)\Microsoft Visual Studio\2017\Community\Common7\IDE\CommonExtensions\Platform\DiagnosticsHub\WebViews\Images\i_chartzoom_reset.svg
[0b00:0004][2017-10-17T09:47:43] Timestamp updated for file 'C:\Program Files (x86)\Microsoft Visual Studio\2017\Community\Common7\IDE\CommonExtensions\Platform\DiagnosticsHub\WebViews\Images\i_chartzoom_reset.svg'.
[0b00:0004][2017-10-17T09:47:43] Processing file /Contents/Common7/IDE/CommonExtensions/Platform/DiagnosticsHub/WebViews/Images/i_chartzoom_reset_disabled.svg
[0b00:0004][2017-10-17T09:47:43] Started: Copying file /Contents/Common7/IDE/CommonExtensions/Platform/DiagnosticsHub/WebViews/Images/i_chartzoom_reset_disabled.svg to C:\Program Files (x86)\Microsoft Visual Studio\2017\Community\Common7\IDE\CommonExtensions\Platform\DiagnosticsHub\WebViews\Images\i_chartzoom_reset_disabled.svg
[0b00:0004][2017-10-17T09:47:43] Completed: Copying file /Contents/Common7/IDE/CommonExtensions/Platform/DiagnosticsHub/WebViews/Images/i_chartzoom_reset_disabled.svg to C:\Program Files (x86)\Microsoft Visual Studio\2017\Community\Common7\IDE\CommonExtensions\Platform\DiagnosticsHub\WebViews\Images\i_chartzoom_reset_disabled.svg
[0b00:0004][2017-10-17T09:47:43] Timestamp updated for file 'C:\Program Files (x86)\Microsoft Visual Studio\2017\Community\Common7\IDE\CommonExtensions\Platform\DiagnosticsHub\WebViews\Images\i_chartzoom_reset_disabled.svg'.
[0b00:0004][2017-10-17T09:47:43] Processing file /Contents/Common7/IDE/CommonExtensions/Platform/DiagnosticsHub/WebViews/Images/i_stopcollection.svg
[0b00:0004][2017-10-17T09:47:43] Started: Copying file /Contents/Common7/IDE/CommonExtensions/Platform/DiagnosticsHub/WebViews/Images/i_stopcollection.svg to C:\Program Files (x86)\Microsoft Visual Studio\2017\Community\Common7\IDE\CommonExtensions\Platform\DiagnosticsHub\WebViews\Images\i_stopcollection.svg
[0b00:0004][2017-10-17T09:47:43] Completed: Copying file /Contents/Common7/IDE/CommonExtensions/Platform/DiagnosticsHub/WebViews/Images/i_stopcollection.svg to C:\Program Files (x86)\Microsoft Visual Studio\2017\Community\Common7\IDE\CommonExtensions\Platform\DiagnosticsHub\WebViews\Images\i_stopcollection.svg
[0b00:0004][2017-10-17T09:47:43] Timestamp updated for file 'C:\Program Files (x86)\Microsoft Visual Studio\2017\Community\Common7\IDE\CommonExtensions\Platform\DiagnosticsHub\WebViews\Images\i_stopcollection.svg'.
[0b00:0004][2017-10-17T09:47:43] Processing file /Contents/Common7/IDE/CommonExtensions/Platform/DiagnosticsHub/WebViews/Images/i_stopcollection_disabled.svg
[0b00:0004][2017-10-17T09:47:43] Started: Copying file /Contents/Common7/IDE/CommonExtensions/Platform/DiagnosticsHub/WebViews/Images/i_stopcollection_disabled.svg to C:\Program Files (x86)\Microsoft Visual Studio\2017\Community\Common7\IDE\CommonExtensions\Platform\DiagnosticsHub\WebViews\Images\i_stopcollection_disabled.svg
[0b00:0004][2017-10-17T09:47:43] Completed: Copying file /Contents/Common7/IDE/CommonExtensions/Platform/DiagnosticsHub/WebViews/Images/i_stopcollection_disabled.svg to C:\Program Files (x86)\Microsoft Visual Studio\2017\Community\Common7\IDE\CommonExtensions\Platform\DiagnosticsHub\WebViews\Images\i_stopcollection_disabled.svg
[0b00:0004][2017-10-17T09:47:43] Timestamp updated for file 'C:\Program Files (x86)\Microsoft Visual Studio\2017\Community\Common7\IDE\CommonExtensions\Platform\DiagnosticsHub\WebViews\Images\i_stopcollection_disabled.svg'.
[0b00:0004][2017-10-17T09:47:43] Processing file /Contents/Common7/IDE/CommonExtensions/Platform/DiagnosticsHub/WebViews/Images/i_usermark.png
[0b00:0004][2017-10-17T09:47:43] Started: Copying file /Contents/Common7/IDE/CommonExtensions/Platform/DiagnosticsHub/WebViews/Images/i_usermark.png to C:\Program Files (x86)\Microsoft Visual Studio\2017\Community\Common7\IDE\CommonExtensions\Platform\DiagnosticsHub\WebViews\Images\i_usermark.png
[0b00:0004][2017-10-17T09:47:43] Completed: Copying file /Contents/Common7/IDE/CommonExtensions/Platform/DiagnosticsHub/WebViews/Images/i_usermark.png to C:\Program Files (x86)\Microsoft Visual Studio\2017\Community\Common7\IDE\CommonExtensions\Platform\DiagnosticsHub\WebViews\Images\i_usermark.png
[0b00:0004][2017-10-17T09:47:43] Timestamp updated for file 'C:\Program Files (x86)\Microsoft Visual Studio\2017\Community\Common7\IDE\CommonExtensions\Platform\DiagnosticsHub\WebViews\Images\i_usermark.png'.
[0b00:0004][2017-10-17T09:47:43] Processing file /Contents/Common7/IDE/CommonExtensions/Platform/DiagnosticsHub/WebViews/Images/ResetTimelineViewDisabled_16x.svg
[0b00:0004][2017-10-17T09:47:43] Started: Copying file /Contents/Common7/IDE/CommonExtensions/Platform/DiagnosticsHub/WebViews/Images/ResetTimelineViewDisabled_16x.svg to C:\Program Files (x86)\Microsoft Visual Studio\2017\Community\Common7\IDE\CommonExtensions\Platform\DiagnosticsHub\WebViews\Images\ResetTimelineViewDisabled_16x.svg
[0b00:0004][2017-10-17T09:47:43] Completed: Copying file /Contents/Common7/IDE/CommonExtensions/Platform/DiagnosticsHub/WebViews/Images/ResetTimelineViewDisabled_16x.svg to C:\Program Files (x86)\Microsoft Visual Studio\2017\Community\Common7\IDE\CommonExtensions\Platform\DiagnosticsHub\WebViews\Images\ResetTimelineViewDisabled_16x.svg
[0b00:0004][2017-10-17T09:47:43] Timestamp updated for file 'C:\Program Files (x86)\Microsoft Visual Studio\2017\Community\Common7\IDE\CommonExtensions\Platform\DiagnosticsHub\WebViews\Images\ResetTimelineViewDisabled_16x.svg'.
[0b00:0004][2017-10-17T09:47:43] Processing file /Contents/Common7/IDE/CommonExtensions/Platform/DiagnosticsHub/WebViews/Images/ResetTimelineView_16x.svg
[0b00:0004][2017-10-17T09:47:43] Started: Copying file /Contents/Common7/IDE/CommonExtensions/Platform/DiagnosticsHub/WebViews/Images/ResetTimelineView_16x.svg to C:\Program Files (x86)\Microsoft Visual Studio\2017\Community\Common7\IDE\CommonExtensions\Platform\DiagnosticsHub\WebViews\Images\ResetTimelineView_16x.svg
[0b00:0004][2017-10-17T09:47:43] Completed: Copying file /Contents/Common7/IDE/CommonExtensions/Platform/DiagnosticsHub/WebViews/Images/ResetTimelineView_16x.svg to C:\Program Files (x86)\Microsoft Visual Studio\2017\Community\Common7\IDE\CommonExtensions\Platform\DiagnosticsHub\WebViews\Images\ResetTimelineView_16x.svg
[0b00:0004][2017-10-17T09:47:43] Timestamp updated for file 'C:\Program Files (x86)\Microsoft Visual Studio\2017\Community\Common7\IDE\CommonExtensions\Platform\DiagnosticsHub\WebViews\Images\ResetTimelineView_16x.svg'.
[0b00:0004][2017-10-17T09:47:43] Processing file /Contents/Common7/IDE/CommonExtensions/Platform/DiagnosticsHub/WebViews/Images/ToolsSettings.svg
[0b00:0004][2017-10-17T09:47:43] Started: Copying file /Contents/Common7/IDE/CommonExtensions/Platform/DiagnosticsHub/WebViews/Images/ToolsSettings.svg to C:\Program Files (x86)\Microsoft Visual Studio\2017\Community\Common7\IDE\CommonExtensions\Platform\DiagnosticsHub\WebViews\Images\ToolsSettings.svg
[0b00:0004][2017-10-17T09:47:43] Completed: Copying file /Contents/Common7/IDE/CommonExtensions/Platform/DiagnosticsHub/WebViews/Images/ToolsSettings.svg to C:\Program Files (x86)\Microsoft Visual Studio\2017\Community\Common7\IDE\CommonExtensions\Platform\DiagnosticsHub\WebViews\Images\ToolsSettings.svg
[0b00:0004][2017-10-17T09:47:43] Timestamp updated for file 'C:\Program Files (x86)\Microsoft Visual Studio\2017\Community\Common7\IDE\CommonExtensions\Platform\DiagnosticsHub\WebViews\Images\ToolsSettings.svg'.
[0b00:0004][2017-10-17T09:47:43] Processing file /Contents/Common7/IDE/CommonExtensions/Platform/DiagnosticsHub/WebViews/PerformanceDebuggerSwimLanesView.html
[0b00:0004][2017-10-17T09:47:43] Started: Copying file /Contents/Common7/IDE/CommonExtensions/Platform/DiagnosticsHub/WebViews/PerformanceDebuggerSwimLanesView.html to C:\Program Files (x86)\Microsoft Visual Studio\2017\Community\Common7\IDE\CommonExtensions\Platform\DiagnosticsHub\WebViews\PerformanceDebuggerSwimLanesView.html
[0b00:0004][2017-10-17T09:47:43] Completed: Copying file /Contents/Common7/IDE/CommonExtensions/Platform/DiagnosticsHub/WebViews/PerformanceDebuggerSwimLanesView.html to C:\Program Files (x86)\Microsoft Visual Studio\2017\Community\Common7\IDE\CommonExtensions\Platform\DiagnosticsHub\WebViews\PerformanceDebuggerSwimLanesView.html
[0b00:0004][2017-10-17T09:47:43] Timestamp updated for file 'C:\Program Files (x86)\Microsoft Visual Studio\2017\Community\Common7\IDE\CommonExtensions\Platform\DiagnosticsHub\WebViews\PerformanceDebuggerSwimLanesView.html'.
[0b00:0004][2017-10-17T09:47:43] Processing file /Contents/Common7/IDE/CommonExtensions/Platform/DiagnosticsHub/WebViews/PerformanceDebuggerSwimLanesView.manifest.json
[0b00:0004][2017-10-17T09:47:43] Started: Copying file /Contents/Common7/IDE/CommonExtensions/Platform/DiagnosticsHub/WebViews/PerformanceDebuggerSwimLanesView.manifest.json to C:\Program Files (x86)\Microsoft Visual Studio\2017\Community\Common7\IDE\CommonExtensions\Platform\DiagnosticsHub\WebViews\PerformanceDebuggerSwimLanesView.manifest.json
[0b00:0004][2017-10-17T09:47:43] Completed: Copying file /Contents/Common7/IDE/CommonExtensions/Platform/DiagnosticsHub/WebViews/PerformanceDebuggerSwimLanesView.manifest.json to C:\Program Files (x86)\Microsoft Visual Studio\2017\Community\Common7\IDE\CommonExtensions\Platform\DiagnosticsHub\WebViews\PerformanceDebuggerSwimLanesView.manifest.json
[0b00:0004][2017-10-17T09:47:43] Timestamp updated for file 'C:\Program Files (x86)\Microsoft Visual Studio\2017\Community\Common7\IDE\CommonExtensions\Platform\DiagnosticsHub\WebViews\PerformanceDebuggerSwimLanesView.manifest.json'.
[0b00:0004][2017-10-17T09:47:43] Processing file /Contents/Common7/IDE/CommonExtensions/Platform/DiagnosticsHub/WebViews/Scripts/Controls.Impl.js
[0b00:0004][2017-10-17T09:47:43] Started: Copying file /Contents/Common7/IDE/CommonExtensions/Platform/DiagnosticsHub/WebViews/Scripts/Controls.Impl.js to C:\Program Files (x86)\Microsoft Visual Studio\2017\Community\Common7\IDE\CommonExtensions\Platform\DiagnosticsHub\WebViews\Scripts\Controls.Impl.js
[0b00:0004][2017-10-17T09:47:43] Completed: Copying file /Contents/Common7/IDE/CommonExtensions/Platform/DiagnosticsHub/WebViews/Scripts/Controls.Impl.js to C:\Program Files (x86)\Microsoft Visual Studio\2017\Community\Common7\IDE\CommonExtensions\Platform\DiagnosticsHub\WebViews\Scripts\Controls.Impl.js
[0b00:0004][2017-10-17T09:47:43] Timestamp updated for file 'C:\Program Files (x86)\Microsoft Visual Studio\2017\Community\Common7\IDE\CommonExtensions\Platform\DiagnosticsHub\WebViews\Scripts\Controls.Impl.js'.
[0b00:0004][2017-10-17T09:47:43] Processing file /Contents/Common7/IDE/CommonExtensions/Platform/DiagnosticsHub/WebViews/Scripts/Controls.js
[0b00:0004][2017-10-17T09:47:43] Started: Copying file /Contents/Common7/IDE/CommonExtensions/Platform/DiagnosticsHub/WebViews/Scripts/Controls.js to C:\Program Files (x86)\Microsoft Visual Studio\2017\Community\Common7\IDE\CommonExtensions\Platform\DiagnosticsHub\WebViews\Scripts\Controls.js
[0b00:0004][2017-10-17T09:47:43] Completed: Copying file /Contents/Common7/IDE/CommonExtensions/Platform/DiagnosticsHub/WebViews/Scripts/Controls.js to C:\Program Files (x86)\Microsoft Visual Studio\2017\Community\Common7\IDE\CommonExtensions\Platform\DiagnosticsHub\WebViews\Scripts\Controls.js
[0b00:0004][2017-10-17T09:47:43] Timestamp updated for file 'C:\Program Files (x86)\Microsoft Visual Studio\2017\Community\Common7\IDE\CommonExtensions\Platform\DiagnosticsHub\WebViews\Scripts\Controls.js'.
[0b00:0004][2017-10-17T09:47:43] Processing file /Contents/Common7/IDE/CommonExtensions/Platform/DiagnosticsHub/WebViews/Scripts/DiagnosticsHub.Impl.js
[0b00:0004][2017-10-17T09:47:43] Started: Copying file /Contents/Common7/IDE/CommonExtensions/Platform/DiagnosticsHub/WebViews/Scripts/DiagnosticsHub.Impl.js to C:\Program Files (x86)\Microsoft Visual Studio\2017\Community\Common7\IDE\CommonExtensions\Platform\DiagnosticsHub\WebViews\Scripts\DiagnosticsHub.Impl.js
[0b00:0004][2017-10-17T09:47:43] Completed: Copying file /Contents/Common7/IDE/CommonExtensions/Platform/DiagnosticsHub/WebViews/Scripts/DiagnosticsHub.Impl.js to C:\Program Files (x86)\Microsoft Visual Studio\2017\Community\Common7\IDE\CommonExtensions\Platform\DiagnosticsHub\WebViews\Scripts\DiagnosticsHub.Impl.js
[0b00:0004][2017-10-17T09:47:43] Timestamp updated for file 'C:\Program Files (x86)\Microsoft Visual Studio\2017\Community\Common7\IDE\CommonExtensions\Platform\DiagnosticsHub\WebViews\Scripts\DiagnosticsHub.Impl.js'.
[0b00:0004][2017-10-17T09:47:43] Processing file /Contents/Common7/IDE/CommonExtensions/Platform/DiagnosticsHub/WebViews/Scripts/DiagnosticsHub.js
[0b00:0004][2017-10-17T09:47:43] Started: Copying file /Contents/Common7/IDE/CommonExtensions/Platform/DiagnosticsHub/WebViews/Scripts/DiagnosticsHub.js to C:\Program Files (x86)\Microsoft Visual Studio\2017\Community\Common7\IDE\CommonExtensions\Platform\DiagnosticsHub\WebViews\Scripts\DiagnosticsHub.js
[0b00:0004][2017-10-17T09:47:43] Completed: Copying file /Contents/Common7/IDE/CommonExtensions/Platform/DiagnosticsHub/WebViews/Scripts/DiagnosticsHub.js to C:\Program Files (x86)\Microsoft Visual Studio\2017\Community\Common7\IDE\CommonExtensions\Platform\DiagnosticsHub\WebViews\Scripts\DiagnosticsHub.js
[0b00:0004][2017-10-17T09:47:43] Timestamp updated for file 'C:\Program Files (x86)\Microsoft Visual Studio\2017\Community\Common7\IDE\CommonExtensions\Platform\DiagnosticsHub\WebViews\Scripts\DiagnosticsHub.js'.
[0b00:0004][2017-10-17T09:47:43] Processing file /Contents/Common7/IDE/CommonExtensions/Platform/DiagnosticsHub/WebViews/Scripts/knockout-3.4.0.js
[0b00:0004][2017-10-17T09:47:43] Started: Copying file /Contents/Common7/IDE/CommonExtensions/Platform/DiagnosticsHub/WebViews/Scripts/knockout-3.4.0.js to C:\Program Files (x86)\Microsoft Visual Studio\2017\Community\Common7\IDE\CommonExtensions\Platform\DiagnosticsHub\WebViews\Scripts\knockout-3.4.0.js
[0b00:0004][2017-10-17T09:47:43] Completed: Copying file /Contents/Common7/IDE/CommonExtensions/Platform/DiagnosticsHub/WebViews/Scripts/knockout-3.4.0.js to C:\Program Files (x86)\Microsoft Visual Studio\2017\Community\Common7\IDE\CommonExtensions\Platform\DiagnosticsHub\WebViews\Scripts\knockout-3.4.0.js
[0b00:0004][2017-10-17T09:47:43] Timestamp updated for file 'C:\Program Files (x86)\Microsoft Visual Studio\2017\Community\Common7\IDE\CommonExtensions\Platform\DiagnosticsHub\WebViews\Scripts\knockout-3.4.0.js'.
[0b00:0004][2017-10-17T09:47:43] Processing file /Contents/Common7/IDE/CommonExtensions/Platform/DiagnosticsHub/WebViews/Scripts/plugin.js
[0b00:0004][2017-10-17T09:47:43] Started: Copying file /Contents/Common7/IDE/CommonExtensions/Platform/DiagnosticsHub/WebViews/Scripts/plugin.js to C:\Program Files (x86)\Microsoft Visual Studio\2017\Community\Common7\IDE\CommonExtensions\Platform\DiagnosticsHub\WebViews\Scripts\plugin.js
[0b00:0004][2017-10-17T09:47:43] Completed: Copying file /Contents/Common7/IDE/CommonExtensions/Platform/DiagnosticsHub/WebViews/Scripts/plugin.js to C:\Program Files (x86)\Microsoft Visual Studio\2017\Community\Common7\IDE\CommonExtensions\Platform\DiagnosticsHub\WebViews\Scripts\plugin.js
[0b00:0004][2017-10-17T09:47:43] Timestamp updated for file 'C:\Program Files (x86)\Microsoft Visual Studio\2017\Community\Common7\IDE\CommonExtensions\Platform\DiagnosticsHub\WebViews\Scripts\plugin.js'.
[0b00:0004][2017-10-17T09:47:43] Processing file /Contents/Common7/IDE/CommonExtensions/Platform/DiagnosticsHub/WebViews/Scripts/SummaryView.js
[0b00:0004][2017-10-17T09:47:43] Started: Copying file /Contents/Common7/IDE/CommonExtensions/Platform/DiagnosticsHub/WebViews/Scripts/SummaryView.js to C:\Program Files (x86)\Microsoft Visual Studio\2017\Community\Common7\IDE\CommonExtensions\Platform\DiagnosticsHub\WebViews\Scripts\SummaryView.js
[0b00:0004][2017-10-17T09:47:43] Completed: Copying file /Contents/Common7/IDE/CommonExtensions/Platform/DiagnosticsHub/WebViews/Scripts/SummaryView.js to C:\Program Files (x86)\Microsoft Visual Studio\2017\Community\Common7\IDE\CommonExtensions\Platform\DiagnosticsHub\WebViews\Scripts\SummaryView.js
[0b00:0004][2017-10-17T09:47:43] Timestamp updated for file 'C:\Program Files (x86)\Microsoft Visual Studio\2017\Community\Common7\IDE\CommonExtensions\Platform\DiagnosticsHub\WebViews\Scripts\SummaryView.js'.
[0b00:0004][2017-10-17T09:47:43] Processing file /Contents/Common7/IDE/CommonExtensions/Platform/DiagnosticsHub/WebViews/SummaryView.html
[0b00:0004][2017-10-17T09:47:43] Started: Copying file /Contents/Common7/IDE/CommonExtensions/Platform/DiagnosticsHub/WebViews/SummaryView.html to C:\Program Files (x86)\Microsoft Visual Studio\2017\Community\Common7\IDE\CommonExtensions\Platform\DiagnosticsHub\WebViews\SummaryView.html
[0b00:0004][2017-10-17T09:47:43] Completed: Copying file /Contents/Common7/IDE/CommonExtensions/Platform/DiagnosticsHub/WebViews/SummaryView.html to C:\Program Files (x86)\Microsoft Visual Studio\2017\Community\Common7\IDE\CommonExtensions\Platform\DiagnosticsHub\WebViews\SummaryView.html
[0b00:0004][2017-10-17T09:47:43] Timestamp updated for file 'C:\Program Files (x86)\Microsoft Visual Studio\2017\Community\Common7\IDE\CommonExtensions\Platform\DiagnosticsHub\WebViews\SummaryView.html'.
[0b00:0004][2017-10-17T09:47:43] Processing file /Contents/Common7/IDE/CommonExtensions/Platform/DiagnosticsHub/WebViews/SummaryView.manifest.json
[0b00:0004][2017-10-17T09:47:43] Started: Copying file /Contents/Common7/IDE/CommonExtensions/Platform/DiagnosticsHub/WebViews/SummaryView.manifest.json to C:\Program Files (x86)\Microsoft Visual Studio\2017\Community\Common7\IDE\CommonExtensions\Platform\DiagnosticsHub\WebViews\SummaryView.manifest.json
[0b00:0004][2017-10-17T09:47:43] Completed: Copying file /Contents/Common7/IDE/CommonExtensions/Platform/DiagnosticsHub/WebViews/SummaryView.manifest.json to C:\Program Files (x86)\Microsoft Visual Studio\2017\Community\Common7\IDE\CommonExtensions\Platform\DiagnosticsHub\WebViews\SummaryView.manifest.json
[0b00:0004][2017-10-17T09:47:43] Timestamp updated for file 'C:\Program Files (x86)\Microsoft Visual Studio\2017\Community\Common7\IDE\CommonExtensions\Platform\DiagnosticsHub\WebViews\SummaryView.manifest.json'.
[0b00:0004][2017-10-17T09:47:43] Processing file /Contents/Common7/IDE/CommonExtensions/Platform/DiagnosticsHub/WebViews/SwimLanesView.html
[0b00:0004][2017-10-17T09:47:43] Started: Copying file /Contents/Common7/IDE/CommonExtensions/Platform/DiagnosticsHub/WebViews/SwimLanesView.html to C:\Program Files (x86)\Microsoft Visual Studio\2017\Community\Common7\IDE\CommonExtensions\Platform\DiagnosticsHub\WebViews\SwimLanesView.html
[0b00:0004][2017-10-17T09:47:43] Completed: Copying file /Contents/Common7/IDE/CommonExtensions/Platform/DiagnosticsHub/WebViews/SwimLanesView.html to C:\Program Files (x86)\Microsoft Visual Studio\2017\Community\Common7\IDE\CommonExtensions\Platform\DiagnosticsHub\WebViews\SwimLanesView.html
[0b00:0004][2017-10-17T09:47:43] Timestamp updated for file 'C:\Program Files (x86)\Microsoft Visual Studio\2017\Community\Common7\IDE\CommonExtensions\Platform\DiagnosticsHub\WebViews\SwimLanesView.html'.
[0b00:0004][2017-10-17T09:47:43] Processing file /Contents/Common7/IDE/CommonExtensions/Platform/DiagnosticsHub/WebViews/SwimLanesView.manifest.json
[0b00:0004][2017-10-17T09:47:43] Started: Copying file /Contents/Common7/IDE/CommonExtensions/Platform/DiagnosticsHub/WebViews/SwimLanesView.manifest.json to C:\Program Files (x86)\Microsoft Visual Studio\2017\Community\Common7\IDE\CommonExtensions\Platform\DiagnosticsHub\WebViews\SwimLanesView.manifest.json
[0b00:0004][2017-10-17T09:47:43] Completed: Copying file /Contents/Common7/IDE/CommonExtensions/Platform/DiagnosticsHub/WebViews/SwimLanesView.manifest.json to C:\Program Files (x86)\Microsoft Visual Studio\2017\Community\Common7\IDE\CommonExtensions\Platform\DiagnosticsHub\WebViews\SwimLanesView.manifest.json
[0b00:0004][2017-10-17T09:47:43] Timestamp updated for file 'C:\Program Files (x86)\Microsoft Visual Studio\2017\Community\Common7\IDE\CommonExtensions\Platform\DiagnosticsHub\WebViews\SwimLanesView.manifest.json'.
[0b00:0004][2017-10-17T09:47:43] Processing file /Contents/Common7/IDE/CommonExtensions/Platform/DiagnosticsHub/WebViews/UnsupportedBrowser.html
[0b00:0004][2017-10-17T09:47:43] Started: Copying file /Contents/Common7/IDE/CommonExtensions/Platform/DiagnosticsHub/WebViews/UnsupportedBrowser.html to C:\Program Files (x86)\Microsoft Visual Studio\2017\Community\Common7\IDE\CommonExtensions\Platform\DiagnosticsHub\WebViews\UnsupportedBrowser.html
[0b00:0004][2017-10-17T09:47:43] Completed: Copying file /Contents/Common7/IDE/CommonExtensions/Platform/DiagnosticsHub/WebViews/UnsupportedBrowser.html to C:\Program Files (x86)\Microsoft Visual Studio\2017\Community\Common7\IDE\CommonExtensions\Platform\DiagnosticsHub\WebViews\UnsupportedBrowser.html
[0b00:0004][2017-10-17T09:47:43] Timestamp updated for file 'C:\Program Files (x86)\Microsoft Visual Studio\2017\Community\Common7\IDE\CommonExtensions\Platform\DiagnosticsHub\WebViews\UnsupportedBrowser.html'.
[0b00:0004][2017-10-17T09:47:43] Processing file /Contents/Common7/IDE/CommonExtensions/Platform/DiagnosticsHub/WebViews/UnsupportedBrowser.manifest.json
[0b00:0004][2017-10-17T09:47:43] Started: Copying file /Contents/Common7/IDE/CommonExtensions/Platform/DiagnosticsHub/WebViews/UnsupportedBrowser.manifest.json to C:\Program Files (x86)\Microsoft Visual Studio\2017\Community\Common7\IDE\CommonExtensions\Platform\DiagnosticsHub\WebViews\UnsupportedBrowser.manifest.json
[0b00:0004][2017-10-17T09:47:43] Completed: Copying file /Contents/Common7/IDE/CommonExtensions/Platform/DiagnosticsHub/WebViews/UnsupportedBrowser.manifest.json to C:\Program Files (x86)\Microsoft Visual Studio\2017\Community\Common7\IDE\CommonExtensions\Platform\DiagnosticsHub\WebViews\UnsupportedBrowser.manifest.json
[0b00:0004][2017-10-17T09:47:43] Timestamp updated for file 'C:\Program Files (x86)\Microsoft Visual Studio\2017\Community\Common7\IDE\CommonExtensions\Platform\DiagnosticsHub\WebViews\UnsupportedBrowser.manifest.json'.
[0b00:0004][2017-10-17T09:47:43] Processing file /Contents/Common7/IDE/CommonExtensions/Platform/DiagnosticsHub/x86/DiagnosticsHub.Packaging.dll
[0b00:0004][2017-10-17T09:47:43] Started: Copying file /Contents/Common7/IDE/CommonExtensions/Platform/DiagnosticsHub/x86/DiagnosticsHub.Packaging.dll to C:\Program Files (x86)\Microsoft Visual Studio\2017\Community\Common7\IDE\CommonExtensions\Platform\DiagnosticsHub\x86\DiagnosticsHub.Packaging.dll
[0b00:0004][2017-10-17T09:47:43] Completed: Copying file /Contents/Common7/IDE/CommonExtensions/Platform/DiagnosticsHub/x86/DiagnosticsHub.Packaging.dll to C:\Program Files (x86)\Microsoft Visual Studio\2017\Community\Common7\IDE\CommonExtensions\Platform\DiagnosticsHub\x86\DiagnosticsHub.Packaging.dll
[0b00:0004][2017-10-17T09:47:43] Timestamp updated for file 'C:\Program Files (x86)\Microsoft Visual Studio\2017\Community\Common7\IDE\CommonExtensions\Platform\DiagnosticsHub\x86\DiagnosticsHub.Packaging.dll'.
[0b00:0004][2017-10-17T09:47:43] Processing file /Contents/Common7/IDE/CommonExtensions/Platform/DiagnosticsHub/x86/DiagnosticsHub.StandardCollector.Bridge.dll
[0b00:0004][2017-10-17T09:47:43] Started: Copying file /Contents/Common7/IDE/CommonExtensions/Platform/DiagnosticsHub/x86/DiagnosticsHub.StandardCollector.Bridge.dll to C:\Program Files (x86)\Microsoft Visual Studio\2017\Community\Common7\IDE\CommonExtensions\Platform\DiagnosticsHub\x86\DiagnosticsHub.StandardCollector.Bridge.dll
[0b00:0004][2017-10-17T09:47:43] Completed: Copying file /Contents/Common7/IDE/CommonExtensions/Platform/DiagnosticsHub/x86/DiagnosticsHub.StandardCollector.Bridge.dll to C:\Program Files (x86)\Microsoft Visual Studio\2017\Community\Common7\IDE\CommonExtensions\Platform\DiagnosticsHub\x86\DiagnosticsHub.StandardCollector.Bridge.dll
[0b00:0004][2017-10-17T09:47:43] Timestamp updated for file 'C:\Program Files (x86)\Microsoft Visual Studio\2017\Community\Common7\IDE\CommonExtensions\Platform\DiagnosticsHub\x86\DiagnosticsHub.StandardCollector.Bridge.dll'.
[0b00:0004][2017-10-17T09:47:43] Processing file /Contents/Common7/IDE/CommonExtensions/Platform/PerfMarkers/extension.vsixmanifest
[0b00:0004][2017-10-17T09:47:43] Started: Copying file /Contents/Common7/IDE/CommonExtensions/Platform/PerfMarkers/extension.vsixmanifest to C:\Program Files (x86)\Microsoft Visual Studio\2017\Community\Common7\IDE\CommonExtensions\Platform\PerfMarkers\extension.vsixmanifest
[0b00:0004][2017-10-17T09:47:43] Completed: Copying file /Contents/Common7/IDE/CommonExtensions/Platform/PerfMarkers/extension.vsixmanifest to C:\Program Files (x86)\Microsoft Visual Studio\2017\Community\Common7\IDE\CommonExtensions\Platform\PerfMarkers\extension.vsixmanifest
[0b00:0004][2017-10-17T09:47:43] Timestamp updated for file 'C:\Program Files (x86)\Microsoft Visual Studio\2017\Community\Common7\IDE\CommonExtensions\Platform\PerfMarkers\extension.vsixmanifest'.
[0b00:0004][2017-10-17T09:47:43] Processing file /Contents/Common7/IDE/CommonExtensions/Platform/PerfMarkers/Microsoft.DiagnosticsHub.PerfMarkers.dll
[0b00:0004][2017-10-17T09:47:43] Started: Copying file /Contents/Common7/IDE/CommonExtensions/Platform/PerfMarkers/Microsoft.DiagnosticsHub.PerfMarkers.dll to C:\Program Files (x86)\Microsoft Visual Studio\2017\Community\Common7\IDE\CommonExtensions\Platform\PerfMarkers\Microsoft.DiagnosticsHub.PerfMarkers.dll
[0b00:0004][2017-10-17T09:47:43] Completed: Copying file /Contents/Common7/IDE/CommonExtensions/Platform/PerfMarkers/Microsoft.DiagnosticsHub.PerfMarkers.dll to C:\Program Files (x86)\Microsoft Visual Studio\2017\Community\Common7\IDE\CommonExtensions\Platform\PerfMarkers\Microsoft.DiagnosticsHub.PerfMarkers.dll
[0b00:0004][2017-10-17T09:47:43] Timestamp updated for file 'C:\Program Files (x86)\Microsoft Visual Studio\2017\Community\Common7\IDE\CommonExtensions\Platform\PerfMarkers\Microsoft.DiagnosticsHub.PerfMarkers.dll'.
[0b00:0004][2017-10-17T09:47:43] Processing file /Contents/Common7/IDE/PrivateAssemblies/DiagnosticsHub.Packaging.Interop.dll
[0b00:0004][2017-10-17T09:47:43] Started: Copying file /Contents/Common7/IDE/PrivateAssemblies/DiagnosticsHub.Packaging.Interop.dll to C:\Program Files (x86)\Microsoft Visual Studio\2017\Community\Common7\IDE\PrivateAssemblies\DiagnosticsHub.Packaging.Interop.dll
[0b00:0004][2017-10-17T09:47:43] Completed: Copying file /Contents/Common7/IDE/PrivateAssemblies/DiagnosticsHub.Packaging.Interop.dll to C:\Program Files (x86)\Microsoft Visual Studio\2017\Community\Common7\IDE\PrivateAssemblies\DiagnosticsHub.Packaging.Interop.dll
[0b00:0004][2017-10-17T09:47:43] Timestamp updated for file 'C:\Program Files (x86)\Microsoft Visual Studio\2017\Community\Common7\IDE\PrivateAssemblies\DiagnosticsHub.Packaging.Interop.dll'.
[0b00:0004][2017-10-17T09:47:43] Processing file /Contents/Common7/IDE/PrivateAssemblies/Microsoft.DiagnosticsHub.DataWarehouse.Interop.dll
[0b00:0004][2017-10-17T09:47:43] Started: Copying file /Contents/Common7/IDE/PrivateAssemblies/Microsoft.DiagnosticsHub.DataWarehouse.Interop.dll to C:\Program Files (x86)\Microsoft Visual Studio\2017\Community\Common7\IDE\PrivateAssemblies\Microsoft.DiagnosticsHub.DataWarehouse.Interop.dll
[0b00:0004][2017-10-17T09:47:43] Completed: Copying file /Contents/Common7/IDE/PrivateAssemblies/Microsoft.DiagnosticsHub.DataWarehouse.Interop.dll to C:\Program Files (x86)\Microsoft Visual Studio\2017\Community\Common7\IDE\PrivateAssemblies\Microsoft.DiagnosticsHub.DataWarehouse.Interop.dll
[0b00:0004][2017-10-17T09:47:43] Timestamp updated for file 'C:\Program Files (x86)\Microsoft Visual Studio\2017\Community\Common7\IDE\PrivateAssemblies\Microsoft.DiagnosticsHub.DataWarehouse.Interop.dll'.
[0b00:0004][2017-10-17T09:47:43] Processing file /Contents/Common7/IDE/PrivateAssemblies/Microsoft.DiagnosticsHub.Packaging.InteropEx.dll
[0b00:0004][2017-10-17T09:47:43] Started: Copying file /Contents/Common7/IDE/PrivateAssemblies/Microsoft.DiagnosticsHub.Packaging.InteropEx.dll to C:\Program Files (x86)\Microsoft Visual Studio\2017\Community\Common7\IDE\PrivateAssemblies\Microsoft.DiagnosticsHub.Packaging.InteropEx.dll
[0b00:0004][2017-10-17T09:47:43] Completed: Copying file /Contents/Common7/IDE/PrivateAssemblies/Microsoft.DiagnosticsHub.Packaging.InteropEx.dll to C:\Program Files (x86)\Microsoft Visual Studio\2017\Community\Common7\IDE\PrivateAssemblies\Microsoft.DiagnosticsHub.Packaging.InteropEx.dll
[0b00:0004][2017-10-17T09:47:43] Timestamp updated for file 'C:\Program Files (x86)\Microsoft Visual Studio\2017\Community\Common7\IDE\PrivateAssemblies\Microsoft.DiagnosticsHub.Packaging.InteropEx.dll'.
[0b00:0004][2017-10-17T09:47:43] Processing file /Contents/Common7/IDE/PrivateAssemblies/Microsoft.DiagnosticsHub.SDK.dll
[0b00:0004][2017-10-17T09:47:43] Started: Copying file /Contents/Common7/IDE/PrivateAssemblies/Microsoft.DiagnosticsHub.SDK.dll to C:\Program Files (x86)\Microsoft Visual Studio\2017\Community\Common7\IDE\PrivateAssemblies\Microsoft.DiagnosticsHub.SDK.dll
[0b00:0004][2017-10-17T09:47:43] Completed: Copying file /Contents/Common7/IDE/PrivateAssemblies/Microsoft.DiagnosticsHub.SDK.dll to C:\Program Files (x86)\Microsoft Visual Studio\2017\Community\Common7\IDE\PrivateAssemblies\Microsoft.DiagnosticsHub.SDK.dll
[0b00:0004][2017-10-17T09:47:43] Timestamp updated for file 'C:\Program Files (x86)\Microsoft Visual Studio\2017\Community\Common7\IDE\PrivateAssemblies\Microsoft.DiagnosticsHub.SDK.dll'.
[0b00:0004][2017-10-17T09:47:43] Processing file /Contents/Common7/IDE/PrivateAssemblies/Microsoft.DiagnosticsHub.VisualStudio.SDK.dll
[0b00:0004][2017-10-17T09:47:43] Started: Copying file /Contents/Common7/IDE/PrivateAssemblies/Microsoft.DiagnosticsHub.VisualStudio.SDK.dll to C:\Program Files (x86)\Microsoft Visual Studio\2017\Community\Common7\IDE\PrivateAssemblies\Microsoft.DiagnosticsHub.VisualStudio.SDK.dll
[0b00:0004][2017-10-17T09:47:43] Completed: Copying file /Contents/Common7/IDE/PrivateAssemblies/Microsoft.DiagnosticsHub.VisualStudio.SDK.dll to C:\Program Files (x86)\Microsoft Visual Studio\2017\Community\Common7\IDE\PrivateAssemblies\Microsoft.DiagnosticsHub.VisualStudio.SDK.dll
[0b00:0004][2017-10-17T09:47:43] Timestamp updated for file 'C:\Program Files (x86)\Microsoft Visual Studio\2017\Community\Common7\IDE\PrivateAssemblies\Microsoft.DiagnosticsHub.VisualStudio.SDK.dll'.
[0b00:0004][2017-10-17T09:47:43] Processing file /Contents/Common7/IDE/Remote%20Debugger/x86/DiagnosticsHub.StandardCollector.Bridge.dll
[0b00:0004][2017-10-17T09:47:43] Started: Copying file /Contents/Common7/IDE/Remote%20Debugger/x86/DiagnosticsHub.StandardCollector.Bridge.dll to C:\Program Files (x86)\Microsoft Visual Studio\2017\Community\Common7\IDE\Remote Debugger\x86\DiagnosticsHub.StandardCollector.Bridge.dll
[0b00:0004][2017-10-17T09:47:43] Completed: Copying file /Contents/Common7/IDE/Remote%20Debugger/x86/DiagnosticsHub.StandardCollector.Bridge.dll to C:\Program Files (x86)\Microsoft Visual Studio\2017\Community\Common7\IDE\Remote Debugger\x86\DiagnosticsHub.StandardCollector.Bridge.dll
[0b00:0004][2017-10-17T09:47:43] Timestamp updated for file 'C:\Program Files (x86)\Microsoft Visual Studio\2017\Community\Common7\IDE\Remote Debugger\x86\DiagnosticsHub.StandardCollector.Bridge.dll'.
[0b00:0004][2017-10-17T09:47:43] Processing file /Contents/Common7/ServiceHub/Services/DataWarehouseServiceModule/DataWarehouseActiveCollectionController.servicehub.service.json
[0b00:0004][2017-10-17T09:47:43] Started: Copying file /Contents/Common7/ServiceHub/Services/DataWarehouseServiceModule/DataWarehouseActiveCollectionController.servicehub.service.json to C:\Program Files (x86)\Microsoft Visual Studio\2017\Community\Common7\ServiceHub\Services\DataWarehouseServiceModule\DataWarehouseActiveCollectionController.servicehub.service.json
[0b00:0004][2017-10-17T09:47:43] Completed: Copying file /Contents/Common7/ServiceHub/Services/DataWarehouseServiceModule/DataWarehouseActiveCollectionController.servicehub.service.json to C:\Program Files (x86)\Microsoft Visual Studio\2017\Community\Common7\ServiceHub\Services\DataWarehouseServiceModule\DataWarehouseActiveCollectionController.servicehub.service.json
[0b00:0004][2017-10-17T09:47:43] Timestamp updated for file 'C:\Program Files (x86)\Microsoft Visual Studio\2017\Community\Common7\ServiceHub\Services\DataWarehouseServiceModule\DataWarehouseActiveCollectionController.servicehub.service.json'.
[0b00:0004][2017-10-17T09:47:43] Processing file /Contents/Common7/ServiceHub/Services/DataWarehouseServiceModule/DataWarehouseContextController.servicehub.service.json
[0b00:0004][2017-10-17T09:47:43] Started: Copying file /Contents/Common7/ServiceHub/Services/DataWarehouseServiceModule/DataWarehouseContextController.servicehub.service.json to C:\Program Files (x86)\Microsoft Visual Studio\2017\Community\Common7\ServiceHub\Services\DataWarehouseServiceModule\DataWarehouseContextController.servicehub.service.json
[0b00:0004][2017-10-17T09:47:43] Completed: Copying file /Contents/Common7/ServiceHub/Services/DataWarehouseServiceModule/DataWarehouseContextController.servicehub.service.json to C:\Program Files (x86)\Microsoft Visual Studio\2017\Community\Common7\ServiceHub\Services\DataWarehouseServiceModule\DataWarehouseContextController.servicehub.service.json
[0b00:0004][2017-10-17T09:47:43] Timestamp updated for file 'C:\Program Files (x86)\Microsoft Visual Studio\2017\Community\Common7\ServiceHub\Services\DataWarehouseServiceModule\DataWarehouseContextController.servicehub.service.json'.
[0b00:0004][2017-10-17T09:47:43] Processing file /Contents/Common7/ServiceHub/Services/DataWarehouseServiceModule/DataWarehouseContextServiceController.servicehub.service.json
[0b00:0004][2017-10-17T09:47:43] Started: Copying file /Contents/Common7/ServiceHub/Services/DataWarehouseServiceModule/DataWarehouseContextServiceController.servicehub.service.json to C:\Program Files (x86)\Microsoft Visual Studio\2017\Community\Common7\ServiceHub\Services\DataWarehouseServiceModule\DataWarehouseContextServiceController.servicehub.service.json
[0b00:0004][2017-10-17T09:47:43] Completed: Copying file /Contents/Common7/ServiceHub/Services/DataWarehouseServiceModule/DataWarehouseContextServiceController.servicehub.service.json to C:\Program Files (x86)\Microsoft Visual Studio\2017\Community\Common7\ServiceHub\Services\DataWarehouseServiceModule\DataWarehouseContextServiceController.servicehub.service.json
[0b00:0004][2017-10-17T09:47:43] Timestamp updated for file 'C:\Program Files (x86)\Microsoft Visual Studio\2017\Community\Common7\ServiceHub\Services\DataWarehouseServiceModule\DataWarehouseContextServiceController.servicehub.service.json'.
[0b00:0004][2017-10-17T09:47:43] Processing file /Contents/Common7/ServiceHub/Services/DataWarehouseServiceModule/DataWarehouseController.servicehub.service.json
[0b00:0004][2017-10-17T09:47:43] Started: Copying file /Contents/Common7/ServiceHub/Services/DataWarehouseServiceModule/DataWarehouseController.servicehub.service.json to C:\Program Files (x86)\Microsoft Visual Studio\2017\Community\Common7\ServiceHub\Services\DataWarehouseServiceModule\DataWarehouseController.servicehub.service.json
[0b00:0004][2017-10-17T09:47:43] Completed: Copying file /Contents/Common7/ServiceHub/Services/DataWarehouseServiceModule/DataWarehouseController.servicehub.service.json to C:\Program Files (x86)\Microsoft Visual Studio\2017\Community\Common7\ServiceHub\Services\DataWarehouseServiceModule\DataWarehouseController.servicehub.service.json
[0b00:0004][2017-10-17T09:47:43] Timestamp updated for file 'C:\Program Files (x86)\Microsoft Visual Studio\2017\Community\Common7\ServiceHub\Services\DataWarehouseServiceModule\DataWarehouseController.servicehub.service.json'.
[0b00:0004][2017-10-17T09:47:43] Processing file /Contents/Common7/ServiceHub/Services/DataWarehouseServiceModule/DataWarehouseJmcServiceController.servicehub.service.json
[0b00:0004][2017-10-17T09:47:43] Started: Copying file /Contents/Common7/ServiceHub/Services/DataWarehouseServiceModule/DataWarehouseJmcServiceController.servicehub.service.json to C:\Program Files (x86)\Microsoft Visual Studio\2017\Community\Common7\ServiceHub\Services\DataWarehouseServiceModule\DataWarehouseJmcServiceController.servicehub.service.json
[0b00:0004][2017-10-17T09:47:43] Completed: Copying file /Contents/Common7/ServiceHub/Services/DataWarehouseServiceModule/DataWarehouseJmcServiceController.servicehub.service.json to C:\Program Files (x86)\Microsoft Visual Studio\2017\Community\Common7\ServiceHub\Services\DataWarehouseServiceModule\DataWarehouseJmcServiceController.servicehub.service.json
[0b00:0004][2017-10-17T09:47:43] Timestamp updated for file 'C:\Program Files (x86)\Microsoft Visual Studio\2017\Community\Common7\ServiceHub\Services\DataWarehouseServiceModule\DataWarehouseJmcServiceController.servicehub.service.json'.
[0b00:0004][2017-10-17T09:47:43] Processing file /Contents/Common7/ServiceHub/Services/DataWarehouseServiceModule/Microsoft.DiagnosticsHub.DataWarehouse.ServiceModule.dll
[0b00:0004][2017-10-17T09:47:43] Started: Copying file /Contents/Common7/ServiceHub/Services/DataWarehouseServiceModule/Microsoft.DiagnosticsHub.DataWarehouse.ServiceModule.dll to C:\Program Files (x86)\Microsoft Visual Studio\2017\Community\Common7\ServiceHub\Services\DataWarehouseServiceModule\Microsoft.DiagnosticsHub.DataWarehouse.ServiceModule.dll
[0b00:0004][2017-10-17T09:47:43] Completed: Copying file /Contents/Common7/ServiceHub/Services/DataWarehouseServiceModule/Microsoft.DiagnosticsHub.DataWarehouse.ServiceModule.dll to C:\Program Files (x86)\Microsoft Visual Studio\2017\Community\Common7\ServiceHub\Services\DataWarehouseServiceModule\Microsoft.DiagnosticsHub.DataWarehouse.ServiceModule.dll
[0b00:0004][2017-10-17T09:47:43] Timestamp updated for file 'C:\Program Files (x86)\Microsoft Visual Studio\2017\Community\Common7\ServiceHub\Services\DataWarehouseServiceModule\Microsoft.DiagnosticsHub.DataWarehouse.ServiceModule.dll'.
[0b00:0004][2017-10-17T09:47:43] Processing file /Contents/Common7/ServiceHub/Services/DataWarehouseServiceModule/Microsoft.DiagnosticsHub.DataWarehouse.ServiceModule.dll.config
[0b00:0004][2017-10-17T09:47:43] Started: Copying file /Contents/Common7/ServiceHub/Services/DataWarehouseServiceModule/Microsoft.DiagnosticsHub.DataWarehouse.ServiceModule.dll.config to C:\Program Files (x86)\Microsoft Visual Studio\2017\Community\Common7\ServiceHub\Services\DataWarehouseServiceModule\Microsoft.DiagnosticsHub.DataWarehouse.ServiceModule.dll.config
[0b00:0004][2017-10-17T09:47:43] Completed: Copying file /Contents/Common7/ServiceHub/Services/DataWarehouseServiceModule/Microsoft.DiagnosticsHub.DataWarehouse.ServiceModule.dll.config to C:\Program Files (x86)\Microsoft Visual Studio\2017\Community\Common7\ServiceHub\Services\DataWarehouseServiceModule\Microsoft.DiagnosticsHub.DataWarehouse.ServiceModule.dll.config
[0b00:0004][2017-10-17T09:47:43] Timestamp updated for file 'C:\Program Files (x86)\Microsoft Visual Studio\2017\Community\Common7\ServiceHub\Services\DataWarehouseServiceModule\Microsoft.DiagnosticsHub.DataWarehouse.ServiceModule.dll.config'.
[0b00:0004][2017-10-17T09:47:43] Processing file /Contents/Common7/ServiceHub/Services/DataWarehouseServiceModule/Microsoft.VisualStudio.Debugger.SymbolLocator.Interop.dll
[0b00:0004][2017-10-17T09:47:43] Started: Copying file /Contents/Common7/ServiceHub/Services/DataWarehouseServiceModule/Microsoft.VisualStudio.Debugger.SymbolLocator.Interop.dll to C:\Program Files (x86)\Microsoft Visual Studio\2017\Community\Common7\ServiceHub\Services\DataWarehouseServiceModule\Microsoft.VisualStudio.Debugger.SymbolLocator.Interop.dll
[0b00:0004][2017-10-17T09:47:43] Completed: Copying file /Contents/Common7/ServiceHub/Services/DataWarehouseServiceModule/Microsoft.VisualStudio.Debugger.SymbolLocator.Interop.dll to C:\Program Files (x86)\Microsoft Visual Studio\2017\Community\Common7\ServiceHub\Services\DataWarehouseServiceModule\Microsoft.VisualStudio.Debugger.SymbolLocator.Interop.dll
[0b00:0004][2017-10-17T09:47:43] Timestamp updated for file 'C:\Program Files (x86)\Microsoft Visual Studio\2017\Community\Common7\ServiceHub\Services\DataWarehouseServiceModule\Microsoft.VisualStudio.Debugger.SymbolLocator.Interop.dll'.
[0b00:0004][2017-10-17T09:47:43] Processing file /Contents/Team%20Tools/DiagnosticsHub/1033/DiagnosticsHubMsg.dll
[0b00:0004][2017-10-17T09:47:43] Started: Copying file /Contents/Team%20Tools/DiagnosticsHub/1033/DiagnosticsHubMsg.dll to C:\Program Files (x86)\Microsoft Visual Studio\2017\Community\Team Tools\DiagnosticsHub\1033\DiagnosticsHubMsg.dll
[0b00:0004][2017-10-17T09:47:43] Completed: Copying file /Contents/Team%20Tools/DiagnosticsHub/1033/DiagnosticsHubMsg.dll to C:\Program Files (x86)\Microsoft Visual Studio\2017\Community\Team Tools\DiagnosticsHub\1033\DiagnosticsHubMsg.dll
[0b00:0004][2017-10-17T09:47:43] Timestamp updated for file 'C:\Program Files (x86)\Microsoft Visual Studio\2017\Community\Team Tools\DiagnosticsHub\1033\DiagnosticsHubMsg.dll'.
[0b00:0004][2017-10-17T09:47:43] Package executed successfully. Return code: 0
