[0b00:0004][2017-10-17T09:47:34] Opening the package for processing
[0b00:0004][2017-10-17T09:47:34] Using package payload to get the embedded manifest
[0b00:0004][2017-10-17T09:47:34] Getting list of files within the package
[0b00:0004][2017-10-17T09:47:34] Processing file /Contents/Common7/IDE/CommonExtensions/Microsoft/XamlDiagnostics/x64/Microsoft.VisualStudio.DesignTools.WpfTap.dll
[0b00:0004][2017-10-17T09:47:34] Started: Copying file /Contents/Common7/IDE/CommonExtensions/Microsoft/XamlDiagnostics/x64/Microsoft.VisualStudio.DesignTools.WpfTap.dll to C:\Program Files (x86)\Microsoft Visual Studio\2017\Community\Common7\IDE\CommonExtensions\Microsoft\XamlDiagnostics\x64\Microsoft.VisualStudio.DesignTools.WpfTap.dll
[0b00:0004][2017-10-17T09:47:34] Completed: Copying file /Contents/Common7/IDE/CommonExtensions/Microsoft/XamlDiagnostics/x64/Microsoft.VisualStudio.DesignTools.WpfTap.dll to C:\Program Files (x86)\Microsoft Visual Studio\2017\Community\Common7\IDE\CommonExtensions\Microsoft\XamlDiagnostics\x64\Microsoft.VisualStudio.DesignTools.WpfTap.dll
[0b00:0004][2017-10-17T09:47:34] Timestamp updated for file 'C:\Program Files (x86)\Microsoft Visual Studio\2017\Community\Common7\IDE\CommonExtensions\Microsoft\XamlDiagnostics\x64\Microsoft.VisualStudio.DesignTools.WpfTap.dll'.
[0b00:0004][2017-10-17T09:47:34] Processing file /Contents/Common7/IDE/CommonExtensions/Microsoft/XamlDiagnostics/x64/Microsoft.VisualStudio.DesignTools.WpfTapBootstrap.dll
[0b00:0004][2017-10-17T09:47:34] Started: Copying file /Contents/Common7/IDE/CommonExtensions/Microsoft/XamlDiagnostics/x64/Microsoft.VisualStudio.DesignTools.WpfTapBootstrap.dll to C:\Program Files (x86)\Microsoft Visual Studio\2017\Community\Common7\IDE\CommonExtensions\Microsoft\XamlDiagnostics\x64\Microsoft.VisualStudio.DesignTools.WpfTapBootstrap.dll
[0b00:0004][2017-10-17T09:47:34] Completed: Copying file /Contents/Common7/IDE/CommonExtensions/Microsoft/XamlDiagnostics/x64/Microsoft.VisualStudio.DesignTools.WpfTapBootstrap.dll to C:\Program Files (x86)\Microsoft Visual Studio\2017\Community\Common7\IDE\CommonExtensions\Microsoft\XamlDiagnostics\x64\Microsoft.VisualStudio.DesignTools.WpfTapBootstrap.dll
[0b00:0004][2017-10-17T09:47:34] Timestamp updated for file 'C:\Program Files (x86)\Microsoft Visual Studio\2017\Community\Common7\IDE\CommonExtensions\Microsoft\XamlDiagnostics\x64\Microsoft.VisualStudio.DesignTools.WpfTapBootstrap.dll'.
[0b00:0004][2017-10-17T09:47:34] Processing file /Contents/Common7/IDE/CommonExtensions/Microsoft/XamlDiagnostics/x86/Microsoft.VisualStudio.DesignTools.WpfTap.dll
[0b00:0004][2017-10-17T09:47:34] Started: Copying file /Contents/Common7/IDE/CommonExtensions/Microsoft/XamlDiagnostics/x86/Microsoft.VisualStudio.DesignTools.WpfTap.dll to C:\Program Files (x86)\Microsoft Visual Studio\2017\Community\Common7\IDE\CommonExtensions\Microsoft\XamlDiagnostics\x86\Microsoft.VisualStudio.DesignTools.WpfTap.dll
[0b00:0004][2017-10-17T09:47:34] Completed: Copying file /Contents/Common7/IDE/CommonExtensions/Microsoft/XamlDiagnostics/x86/Microsoft.VisualStudio.DesignTools.WpfTap.dll to C:\Program Files (x86)\Microsoft Visual Studio\2017\Community\Common7\IDE\CommonExtensions\Microsoft\XamlDiagnostics\x86\Microsoft.VisualStudio.DesignTools.WpfTap.dll
[0b00:0004][2017-10-17T09:47:34] Timestamp updated for file 'C:\Program Files (x86)\Microsoft Visual Studio\2017\Community\Common7\IDE\CommonExtensions\Microsoft\XamlDiagnostics\x86\Microsoft.VisualStudio.DesignTools.WpfTap.dll'.
[0b00:0004][2017-10-17T09:47:34] Processing file /Contents/Common7/IDE/CommonExtensions/Microsoft/XamlDiagnostics/x86/Microsoft.VisualStudio.DesignTools.WpfTapBootstrap.dll
[0b00:0004][2017-10-17T09:47:34] Started: Copying file /Contents/Common7/IDE/CommonExtensions/Microsoft/XamlDiagnostics/x86/Microsoft.VisualStudio.DesignTools.WpfTapBootstrap.dll to C:\Program Files (x86)\Microsoft Visual Studio\2017\Community\Common7\IDE\CommonExtensions\Microsoft\XamlDiagnostics\x86\Microsoft.VisualStudio.DesignTools.WpfTapBootstrap.dll
[0b00:0004][2017-10-17T09:47:34] Completed: Copying file /Contents/Common7/IDE/CommonExtensions/Microsoft/XamlDiagnostics/x86/Microsoft.VisualStudio.DesignTools.WpfTapBootstrap.dll to C:\Program Files (x86)\Microsoft Visual Studio\2017\Community\Common7\IDE\CommonExtensions\Microsoft\XamlDiagnostics\x86\Microsoft.VisualStudio.DesignTools.WpfTapBootstrap.dll
[0b00:0004][2017-10-17T09:47:34] Timestamp updated for file 'C:\Program Files (x86)\Microsoft Visual Studio\2017\Community\Common7\IDE\CommonExtensions\Microsoft\XamlDiagnostics\x86\Microsoft.VisualStudio.DesignTools.WpfTapBootstrap.dll'.
[0b00:0004][2017-10-17T09:47:34] Processing file /Contents/Common7/IDE/PrivateAssemblies/Microsoft.VisualStudio.DesignTools.Markup.dll
[0b00:0004][2017-10-17T09:47:34] Started: Copying file /Contents/Common7/IDE/PrivateAssemblies/Microsoft.VisualStudio.DesignTools.Markup.dll to C:\Program Files (x86)\Microsoft Visual Studio\2017\Community\Common7\IDE\PrivateAssemblies\Microsoft.VisualStudio.DesignTools.Markup.dll
[0b00:0004][2017-10-17T09:47:34] Completed: Copying file /Contents/Common7/IDE/PrivateAssemblies/Microsoft.VisualStudio.DesignTools.Markup.dll to C:\Program Files (x86)\Microsoft Visual Studio\2017\Community\Common7\IDE\PrivateAssemblies\Microsoft.VisualStudio.DesignTools.Markup.dll
[0b00:0004][2017-10-17T09:47:34] Timestamp updated for file 'C:\Program Files (x86)\Microsoft Visual Studio\2017\Community\Common7\IDE\PrivateAssemblies\Microsoft.VisualStudio.DesignTools.Markup.dll'.
[0b00:0004][2017-10-17T09:47:34] Queueing C:\Program Files (x86)\Microsoft Visual Studio\2017\Community\Common7\IDE\PrivateAssemblies\Microsoft.VisualStudio.DesignTools.Markup.dll for X86 ngen
[0b00:0004][2017-10-17T09:47:34] Successfully queued file '/Contents/Common7/IDE/PrivateAssemblies/Microsoft.VisualStudio.DesignTools.Markup.dll' for ngen
[0b00:0004][2017-10-17T09:47:34] Processing file /Contents/Common7/IDE/PrivateAssemblies/Microsoft.VisualStudio.DesignTools.RuntimeHost.dll
[0b00:0004][2017-10-17T09:47:34] Started: Copying file /Contents/Common7/IDE/PrivateAssemblies/Microsoft.VisualStudio.DesignTools.RuntimeHost.dll to C:\Program Files (x86)\Microsoft Visual Studio\2017\Community\Common7\IDE\PrivateAssemblies\Microsoft.VisualStudio.DesignTools.RuntimeHost.dll
[0b00:0004][2017-10-17T09:47:34] Completed: Copying file /Contents/Common7/IDE/PrivateAssemblies/Microsoft.VisualStudio.DesignTools.RuntimeHost.dll to C:\Program Files (x86)\Microsoft Visual Studio\2017\Community\Common7\IDE\PrivateAssemblies\Microsoft.VisualStudio.DesignTools.RuntimeHost.dll
[0b00:0004][2017-10-17T09:47:34] Timestamp updated for file 'C:\Program Files (x86)\Microsoft Visual Studio\2017\Community\Common7\IDE\PrivateAssemblies\Microsoft.VisualStudio.DesignTools.RuntimeHost.dll'.
[0b00:0004][2017-10-17T09:47:34] Queueing C:\Program Files (x86)\Microsoft Visual Studio\2017\Community\Common7\IDE\PrivateAssemblies\Microsoft.VisualStudio.DesignTools.RuntimeHost.dll for X86 ngen
[0b00:0004][2017-10-17T09:47:34] Successfully queued file '/Contents/Common7/IDE/PrivateAssemblies/Microsoft.VisualStudio.DesignTools.RuntimeHost.dll' for ngen
[0b00:0004][2017-10-17T09:47:34] Processing file /Contents/Common7/IDE/PrivateAssemblies/Microsoft.VisualStudio.DesignTools.Utility.dll
[0b00:0004][2017-10-17T09:47:34] Started: Copying file /Contents/Common7/IDE/PrivateAssemblies/Microsoft.VisualStudio.DesignTools.Utility.dll to C:\Program Files (x86)\Microsoft Visual Studio\2017\Community\Common7\IDE\PrivateAssemblies\Microsoft.VisualStudio.DesignTools.Utility.dll
[0b00:0004][2017-10-17T09:47:34] Completed: Copying file /Contents/Common7/IDE/PrivateAssemblies/Microsoft.VisualStudio.DesignTools.Utility.dll to C:\Program Files (x86)\Microsoft Visual Studio\2017\Community\Common7\IDE\PrivateAssemblies\Microsoft.VisualStudio.DesignTools.Utility.dll
[0b00:0004][2017-10-17T09:47:34] Timestamp updated for file 'C:\Program Files (x86)\Microsoft Visual Studio\2017\Community\Common7\IDE\PrivateAssemblies\Microsoft.VisualStudio.DesignTools.Utility.dll'.
[0b00:0004][2017-10-17T09:47:34] Queueing C:\Program Files (x86)\Microsoft Visual Studio\2017\Community\Common7\IDE\PrivateAssemblies\Microsoft.VisualStudio.DesignTools.Utility.dll for X86 ngen
[0b00:0004][2017-10-17T09:47:34] Successfully queued file '/Contents/Common7/IDE/PrivateAssemblies/Microsoft.VisualStudio.DesignTools.Utility.dll' for ngen
[0b00:0004][2017-10-17T09:47:34] Package executed successfully. Return code: 0
