[0b00:0004][2017-10-17T09:46:23] Opening the package for processing
[0b00:0004][2017-10-17T09:46:23] Using package payload to get the embedded manifest
[0b00:0004][2017-10-17T09:46:23] Getting list of files within the package
[0b00:0004][2017-10-17T09:46:23] Processing file /catalog.json
[0b00:0004][2017-10-17T09:46:23] Started: Copying file /catalog.json to C:\Program Files (x86)\Microsoft Visual Studio\2017\Community\Common7\IDE\CommonExtensions\Microsoft\VisualStudio\Editors\catalog.json
[0b00:0004][2017-10-17T09:46:23] Completed: Copying file /catalog.json to C:\Program Files (x86)\Microsoft Visual Studio\2017\Community\Common7\IDE\CommonExtensions\Microsoft\VisualStudio\Editors\catalog.json
[0b00:0004][2017-10-17T09:46:23] Timestamp updated for file 'C:\Program Files (x86)\Microsoft Visual Studio\2017\Community\Common7\IDE\CommonExtensions\Microsoft\VisualStudio\Editors\catalog.json'.
[0b00:0004][2017-10-17T09:46:23] Processing file /cs/Microsoft.VisualStudio.AppDesigner.resources.dll
[0b00:0004][2017-10-17T09:46:23] Started: Copying file /cs/Microsoft.VisualStudio.AppDesigner.resources.dll to C:\Program Files (x86)\Microsoft Visual Studio\2017\Community\Common7\IDE\CommonExtensions\Microsoft\VisualStudio\Editors\cs\Microsoft.VisualStudio.AppDesigner.resources.dll
[0b00:0004][2017-10-17T09:46:23] Completed: Copying file /cs/Microsoft.VisualStudio.AppDesigner.resources.dll to C:\Program Files (x86)\Microsoft Visual Studio\2017\Community\Common7\IDE\CommonExtensions\Microsoft\VisualStudio\Editors\cs\Microsoft.VisualStudio.AppDesigner.resources.dll
[0b00:0004][2017-10-17T09:46:23] Timestamp updated for file 'C:\Program Files (x86)\Microsoft Visual Studio\2017\Community\Common7\IDE\CommonExtensions\Microsoft\VisualStudio\Editors\cs\Microsoft.VisualStudio.AppDesigner.resources.dll'.
[0b00:0004][2017-10-17T09:46:23] Queueing C:\Program Files (x86)\Microsoft Visual Studio\2017\Community\Common7\IDE\CommonExtensions\Microsoft\VisualStudio\Editors\cs\Microsoft.VisualStudio.AppDesigner.resources.dll for X86 ngen
[0b00:0004][2017-10-17T09:46:23] Queueing C:\Program Files (x86)\Microsoft Visual Studio\2017\Community\Common7\IDE\CommonExtensions\Microsoft\VisualStudio\Editors\cs\Microsoft.VisualStudio.AppDesigner.resources.dll for X64 ngen
[0b00:0004][2017-10-17T09:46:23] Successfully queued file '/cs/Microsoft.VisualStudio.AppDesigner.resources.dll' for ngen
[0b00:0004][2017-10-17T09:46:23] Processing file /cs/Microsoft.VisualStudio.Editors.resources.dll
[0b00:0004][2017-10-17T09:46:23] Started: Copying file /cs/Microsoft.VisualStudio.Editors.resources.dll to C:\Program Files (x86)\Microsoft Visual Studio\2017\Community\Common7\IDE\CommonExtensions\Microsoft\VisualStudio\Editors\cs\Microsoft.VisualStudio.Editors.resources.dll
[0b00:0004][2017-10-17T09:46:23] Completed: Copying file /cs/Microsoft.VisualStudio.Editors.resources.dll to C:\Program Files (x86)\Microsoft Visual Studio\2017\Community\Common7\IDE\CommonExtensions\Microsoft\VisualStudio\Editors\cs\Microsoft.VisualStudio.Editors.resources.dll
[0b00:0004][2017-10-17T09:46:23] Timestamp updated for file 'C:\Program Files (x86)\Microsoft Visual Studio\2017\Community\Common7\IDE\CommonExtensions\Microsoft\VisualStudio\Editors\cs\Microsoft.VisualStudio.Editors.resources.dll'.
[0b00:0004][2017-10-17T09:46:23] Queueing C:\Program Files (x86)\Microsoft Visual Studio\2017\Community\Common7\IDE\CommonExtensions\Microsoft\VisualStudio\Editors\cs\Microsoft.VisualStudio.Editors.resources.dll for X86 ngen
[0b00:0004][2017-10-17T09:46:23] Queueing C:\Program Files (x86)\Microsoft Visual Studio\2017\Community\Common7\IDE\CommonExtensions\Microsoft\VisualStudio\Editors\cs\Microsoft.VisualStudio.Editors.resources.dll for X64 ngen
[0b00:0004][2017-10-17T09:46:23] Successfully queued file '/cs/Microsoft.VisualStudio.Editors.resources.dll' for ngen
[0b00:0004][2017-10-17T09:46:23] Processing file /de/Microsoft.VisualStudio.AppDesigner.resources.dll
[0b00:0004][2017-10-17T09:46:23] Started: Copying file /de/Microsoft.VisualStudio.AppDesigner.resources.dll to C:\Program Files (x86)\Microsoft Visual Studio\2017\Community\Common7\IDE\CommonExtensions\Microsoft\VisualStudio\Editors\de\Microsoft.VisualStudio.AppDesigner.resources.dll
[0b00:0004][2017-10-17T09:46:23] Completed: Copying file /de/Microsoft.VisualStudio.AppDesigner.resources.dll to C:\Program Files (x86)\Microsoft Visual Studio\2017\Community\Common7\IDE\CommonExtensions\Microsoft\VisualStudio\Editors\de\Microsoft.VisualStudio.AppDesigner.resources.dll
[0b00:0004][2017-10-17T09:46:23] Timestamp updated for file 'C:\Program Files (x86)\Microsoft Visual Studio\2017\Community\Common7\IDE\CommonExtensions\Microsoft\VisualStudio\Editors\de\Microsoft.VisualStudio.AppDesigner.resources.dll'.
[0b00:0004][2017-10-17T09:46:23] Queueing C:\Program Files (x86)\Microsoft Visual Studio\2017\Community\Common7\IDE\CommonExtensions\Microsoft\VisualStudio\Editors\de\Microsoft.VisualStudio.AppDesigner.resources.dll for X86 ngen
[0b00:0004][2017-10-17T09:46:23] Queueing C:\Program Files (x86)\Microsoft Visual Studio\2017\Community\Common7\IDE\CommonExtensions\Microsoft\VisualStudio\Editors\de\Microsoft.VisualStudio.AppDesigner.resources.dll for X64 ngen
[0b00:0004][2017-10-17T09:46:23] Successfully queued file '/de/Microsoft.VisualStudio.AppDesigner.resources.dll' for ngen
[0b00:0004][2017-10-17T09:46:23] Processing file /de/Microsoft.VisualStudio.Editors.resources.dll
[0b00:0004][2017-10-17T09:46:23] Started: Copying file /de/Microsoft.VisualStudio.Editors.resources.dll to C:\Program Files (x86)\Microsoft Visual Studio\2017\Community\Common7\IDE\CommonExtensions\Microsoft\VisualStudio\Editors\de\Microsoft.VisualStudio.Editors.resources.dll
[0b00:0004][2017-10-17T09:46:23] Completed: Copying file /de/Microsoft.VisualStudio.Editors.resources.dll to C:\Program Files (x86)\Microsoft Visual Studio\2017\Community\Common7\IDE\CommonExtensions\Microsoft\VisualStudio\Editors\de\Microsoft.VisualStudio.Editors.resources.dll
[0b00:0004][2017-10-17T09:46:23] Timestamp updated for file 'C:\Program Files (x86)\Microsoft Visual Studio\2017\Community\Common7\IDE\CommonExtensions\Microsoft\VisualStudio\Editors\de\Microsoft.VisualStudio.Editors.resources.dll'.
[0b00:0004][2017-10-17T09:46:23] Queueing C:\Program Files (x86)\Microsoft Visual Studio\2017\Community\Common7\IDE\CommonExtensions\Microsoft\VisualStudio\Editors\de\Microsoft.VisualStudio.Editors.resources.dll for X86 ngen
[0b00:0004][2017-10-17T09:46:23] Queueing C:\Program Files (x86)\Microsoft Visual Studio\2017\Community\Common7\IDE\CommonExtensions\Microsoft\VisualStudio\Editors\de\Microsoft.VisualStudio.Editors.resources.dll for X64 ngen
[0b00:0004][2017-10-17T09:46:23] Successfully queued file '/de/Microsoft.VisualStudio.Editors.resources.dll' for ngen
[0b00:0004][2017-10-17T09:46:23] Processing file /es/Microsoft.VisualStudio.AppDesigner.resources.dll
[0b00:0004][2017-10-17T09:46:23] Started: Copying file /es/Microsoft.VisualStudio.AppDesigner.resources.dll to C:\Program Files (x86)\Microsoft Visual Studio\2017\Community\Common7\IDE\CommonExtensions\Microsoft\VisualStudio\Editors\es\Microsoft.VisualStudio.AppDesigner.resources.dll
[0b00:0004][2017-10-17T09:46:23] Completed: Copying file /es/Microsoft.VisualStudio.AppDesigner.resources.dll to C:\Program Files (x86)\Microsoft Visual Studio\2017\Community\Common7\IDE\CommonExtensions\Microsoft\VisualStudio\Editors\es\Microsoft.VisualStudio.AppDesigner.resources.dll
[0b00:0004][2017-10-17T09:46:23] Timestamp updated for file 'C:\Program Files (x86)\Microsoft Visual Studio\2017\Community\Common7\IDE\CommonExtensions\Microsoft\VisualStudio\Editors\es\Microsoft.VisualStudio.AppDesigner.resources.dll'.
[0b00:0004][2017-10-17T09:46:23] Queueing C:\Program Files (x86)\Microsoft Visual Studio\2017\Community\Common7\IDE\CommonExtensions\Microsoft\VisualStudio\Editors\es\Microsoft.VisualStudio.AppDesigner.resources.dll for X86 ngen
[0b00:0004][2017-10-17T09:46:23] Queueing C:\Program Files (x86)\Microsoft Visual Studio\2017\Community\Common7\IDE\CommonExtensions\Microsoft\VisualStudio\Editors\es\Microsoft.VisualStudio.AppDesigner.resources.dll for X64 ngen
[0b00:0004][2017-10-17T09:46:23] Successfully queued file '/es/Microsoft.VisualStudio.AppDesigner.resources.dll' for ngen
[0b00:0004][2017-10-17T09:46:23] Processing file /es/Microsoft.VisualStudio.Editors.resources.dll
[0b00:0004][2017-10-17T09:46:23] Started: Copying file /es/Microsoft.VisualStudio.Editors.resources.dll to C:\Program Files (x86)\Microsoft Visual Studio\2017\Community\Common7\IDE\CommonExtensions\Microsoft\VisualStudio\Editors\es\Microsoft.VisualStudio.Editors.resources.dll
[0b00:0004][2017-10-17T09:46:23] Completed: Copying file /es/Microsoft.VisualStudio.Editors.resources.dll to C:\Program Files (x86)\Microsoft Visual Studio\2017\Community\Common7\IDE\CommonExtensions\Microsoft\VisualStudio\Editors\es\Microsoft.VisualStudio.Editors.resources.dll
[0b00:0004][2017-10-17T09:46:23] Timestamp updated for file 'C:\Program Files (x86)\Microsoft Visual Studio\2017\Community\Common7\IDE\CommonExtensions\Microsoft\VisualStudio\Editors\es\Microsoft.VisualStudio.Editors.resources.dll'.
[0b00:0004][2017-10-17T09:46:23] Queueing C:\Program Files (x86)\Microsoft Visual Studio\2017\Community\Common7\IDE\CommonExtensions\Microsoft\VisualStudio\Editors\es\Microsoft.VisualStudio.Editors.resources.dll for X86 ngen
[0b00:0004][2017-10-17T09:46:23] Queueing C:\Program Files (x86)\Microsoft Visual Studio\2017\Community\Common7\IDE\CommonExtensions\Microsoft\VisualStudio\Editors\es\Microsoft.VisualStudio.Editors.resources.dll for X64 ngen
[0b00:0004][2017-10-17T09:46:23] Successfully queued file '/es/Microsoft.VisualStudio.Editors.resources.dll' for ngen
[0b00:0004][2017-10-17T09:46:23] Processing file /extension.vsixmanifest
[0b00:0004][2017-10-17T09:46:23] Started: Copying file /extension.vsixmanifest to C:\Program Files (x86)\Microsoft Visual Studio\2017\Community\Common7\IDE\CommonExtensions\Microsoft\VisualStudio\Editors\extension.vsixmanifest
[0b00:0004][2017-10-17T09:46:23] Completed: Copying file /extension.vsixmanifest to C:\Program Files (x86)\Microsoft Visual Studio\2017\Community\Common7\IDE\CommonExtensions\Microsoft\VisualStudio\Editors\extension.vsixmanifest
[0b00:0004][2017-10-17T09:46:23] Timestamp updated for file 'C:\Program Files (x86)\Microsoft Visual Studio\2017\Community\Common7\IDE\CommonExtensions\Microsoft\VisualStudio\Editors\extension.vsixmanifest'.
[0b00:0004][2017-10-17T09:46:23] Processing file /fr/Microsoft.VisualStudio.AppDesigner.resources.dll
[0b00:0004][2017-10-17T09:46:23] Started: Copying file /fr/Microsoft.VisualStudio.AppDesigner.resources.dll to C:\Program Files (x86)\Microsoft Visual Studio\2017\Community\Common7\IDE\CommonExtensions\Microsoft\VisualStudio\Editors\fr\Microsoft.VisualStudio.AppDesigner.resources.dll
[0b00:0004][2017-10-17T09:46:23] Completed: Copying file /fr/Microsoft.VisualStudio.AppDesigner.resources.dll to C:\Program Files (x86)\Microsoft Visual Studio\2017\Community\Common7\IDE\CommonExtensions\Microsoft\VisualStudio\Editors\fr\Microsoft.VisualStudio.AppDesigner.resources.dll
[0b00:0004][2017-10-17T09:46:23] Timestamp updated for file 'C:\Program Files (x86)\Microsoft Visual Studio\2017\Community\Common7\IDE\CommonExtensions\Microsoft\VisualStudio\Editors\fr\Microsoft.VisualStudio.AppDesigner.resources.dll'.
[0b00:0004][2017-10-17T09:46:23] Queueing C:\Program Files (x86)\Microsoft Visual Studio\2017\Community\Common7\IDE\CommonExtensions\Microsoft\VisualStudio\Editors\fr\Microsoft.VisualStudio.AppDesigner.resources.dll for X86 ngen
[0b00:0004][2017-10-17T09:46:23] Queueing C:\Program Files (x86)\Microsoft Visual Studio\2017\Community\Common7\IDE\CommonExtensions\Microsoft\VisualStudio\Editors\fr\Microsoft.VisualStudio.AppDesigner.resources.dll for X64 ngen
[0b00:0004][2017-10-17T09:46:23] Successfully queued file '/fr/Microsoft.VisualStudio.AppDesigner.resources.dll' for ngen
[0b00:0004][2017-10-17T09:46:23] Processing file /fr/Microsoft.VisualStudio.Editors.resources.dll
[0b00:0004][2017-10-17T09:46:23] Started: Copying file /fr/Microsoft.VisualStudio.Editors.resources.dll to C:\Program Files (x86)\Microsoft Visual Studio\2017\Community\Common7\IDE\CommonExtensions\Microsoft\VisualStudio\Editors\fr\Microsoft.VisualStudio.Editors.resources.dll
[0b00:0004][2017-10-17T09:46:23] Completed: Copying file /fr/Microsoft.VisualStudio.Editors.resources.dll to C:\Program Files (x86)\Microsoft Visual Studio\2017\Community\Common7\IDE\CommonExtensions\Microsoft\VisualStudio\Editors\fr\Microsoft.VisualStudio.Editors.resources.dll
[0b00:0004][2017-10-17T09:46:23] Timestamp updated for file 'C:\Program Files (x86)\Microsoft Visual Studio\2017\Community\Common7\IDE\CommonExtensions\Microsoft\VisualStudio\Editors\fr\Microsoft.VisualStudio.Editors.resources.dll'.
[0b00:0004][2017-10-17T09:46:23] Queueing C:\Program Files (x86)\Microsoft Visual Studio\2017\Community\Common7\IDE\CommonExtensions\Microsoft\VisualStudio\Editors\fr\Microsoft.VisualStudio.Editors.resources.dll for X86 ngen
[0b00:0004][2017-10-17T09:46:23] Queueing C:\Program Files (x86)\Microsoft Visual Studio\2017\Community\Common7\IDE\CommonExtensions\Microsoft\VisualStudio\Editors\fr\Microsoft.VisualStudio.Editors.resources.dll for X64 ngen
[0b00:0004][2017-10-17T09:46:23] Successfully queued file '/fr/Microsoft.VisualStudio.Editors.resources.dll' for ngen
[0b00:0004][2017-10-17T09:46:23] Processing file /it/Microsoft.VisualStudio.AppDesigner.resources.dll
[0b00:0004][2017-10-17T09:46:23] Started: Copying file /it/Microsoft.VisualStudio.AppDesigner.resources.dll to C:\Program Files (x86)\Microsoft Visual Studio\2017\Community\Common7\IDE\CommonExtensions\Microsoft\VisualStudio\Editors\it\Microsoft.VisualStudio.AppDesigner.resources.dll
[0b00:0004][2017-10-17T09:46:23] Completed: Copying file /it/Microsoft.VisualStudio.AppDesigner.resources.dll to C:\Program Files (x86)\Microsoft Visual Studio\2017\Community\Common7\IDE\CommonExtensions\Microsoft\VisualStudio\Editors\it\Microsoft.VisualStudio.AppDesigner.resources.dll
[0b00:0004][2017-10-17T09:46:23] Timestamp updated for file 'C:\Program Files (x86)\Microsoft Visual Studio\2017\Community\Common7\IDE\CommonExtensions\Microsoft\VisualStudio\Editors\it\Microsoft.VisualStudio.AppDesigner.resources.dll'.
[0b00:0004][2017-10-17T09:46:23] Queueing C:\Program Files (x86)\Microsoft Visual Studio\2017\Community\Common7\IDE\CommonExtensions\Microsoft\VisualStudio\Editors\it\Microsoft.VisualStudio.AppDesigner.resources.dll for X86 ngen
[0b00:0004][2017-10-17T09:46:23] Queueing C:\Program Files (x86)\Microsoft Visual Studio\2017\Community\Common7\IDE\CommonExtensions\Microsoft\VisualStudio\Editors\it\Microsoft.VisualStudio.AppDesigner.resources.dll for X64 ngen
[0b00:0004][2017-10-17T09:46:23] Successfully queued file '/it/Microsoft.VisualStudio.AppDesigner.resources.dll' for ngen
[0b00:0004][2017-10-17T09:46:23] Processing file /it/Microsoft.VisualStudio.Editors.resources.dll
[0b00:0004][2017-10-17T09:46:23] Started: Copying file /it/Microsoft.VisualStudio.Editors.resources.dll to C:\Program Files (x86)\Microsoft Visual Studio\2017\Community\Common7\IDE\CommonExtensions\Microsoft\VisualStudio\Editors\it\Microsoft.VisualStudio.Editors.resources.dll
[0b00:0004][2017-10-17T09:46:23] Completed: Copying file /it/Microsoft.VisualStudio.Editors.resources.dll to C:\Program Files (x86)\Microsoft Visual Studio\2017\Community\Common7\IDE\CommonExtensions\Microsoft\VisualStudio\Editors\it\Microsoft.VisualStudio.Editors.resources.dll
[0b00:0004][2017-10-17T09:46:23] Timestamp updated for file 'C:\Program Files (x86)\Microsoft Visual Studio\2017\Community\Common7\IDE\CommonExtensions\Microsoft\VisualStudio\Editors\it\Microsoft.VisualStudio.Editors.resources.dll'.
[0b00:0004][2017-10-17T09:46:23] Queueing C:\Program Files (x86)\Microsoft Visual Studio\2017\Community\Common7\IDE\CommonExtensions\Microsoft\VisualStudio\Editors\it\Microsoft.VisualStudio.Editors.resources.dll for X86 ngen
[0b00:0004][2017-10-17T09:46:23] Queueing C:\Program Files (x86)\Microsoft Visual Studio\2017\Community\Common7\IDE\CommonExtensions\Microsoft\VisualStudio\Editors\it\Microsoft.VisualStudio.Editors.resources.dll for X64 ngen
[0b00:0004][2017-10-17T09:46:23] Successfully queued file '/it/Microsoft.VisualStudio.Editors.resources.dll' for ngen
[0b00:0004][2017-10-17T09:46:23] Processing file /ja/Microsoft.VisualStudio.AppDesigner.resources.dll
[0b00:0004][2017-10-17T09:46:23] Started: Copying file /ja/Microsoft.VisualStudio.AppDesigner.resources.dll to C:\Program Files (x86)\Microsoft Visual Studio\2017\Community\Common7\IDE\CommonExtensions\Microsoft\VisualStudio\Editors\ja\Microsoft.VisualStudio.AppDesigner.resources.dll
[0b00:0004][2017-10-17T09:46:23] Completed: Copying file /ja/Microsoft.VisualStudio.AppDesigner.resources.dll to C:\Program Files (x86)\Microsoft Visual Studio\2017\Community\Common7\IDE\CommonExtensions\Microsoft\VisualStudio\Editors\ja\Microsoft.VisualStudio.AppDesigner.resources.dll
[0b00:0004][2017-10-17T09:46:23] Timestamp updated for file 'C:\Program Files (x86)\Microsoft Visual Studio\2017\Community\Common7\IDE\CommonExtensions\Microsoft\VisualStudio\Editors\ja\Microsoft.VisualStudio.AppDesigner.resources.dll'.
[0b00:0004][2017-10-17T09:46:23] Queueing C:\Program Files (x86)\Microsoft Visual Studio\2017\Community\Common7\IDE\CommonExtensions\Microsoft\VisualStudio\Editors\ja\Microsoft.VisualStudio.AppDesigner.resources.dll for X86 ngen
[0b00:0004][2017-10-17T09:46:23] Queueing C:\Program Files (x86)\Microsoft Visual Studio\2017\Community\Common7\IDE\CommonExtensions\Microsoft\VisualStudio\Editors\ja\Microsoft.VisualStudio.AppDesigner.resources.dll for X64 ngen
[0b00:0004][2017-10-17T09:46:23] Successfully queued file '/ja/Microsoft.VisualStudio.AppDesigner.resources.dll' for ngen
[0b00:0004][2017-10-17T09:46:23] Processing file /ja/Microsoft.VisualStudio.Editors.resources.dll
[0b00:0004][2017-10-17T09:46:23] Started: Copying file /ja/Microsoft.VisualStudio.Editors.resources.dll to C:\Program Files (x86)\Microsoft Visual Studio\2017\Community\Common7\IDE\CommonExtensions\Microsoft\VisualStudio\Editors\ja\Microsoft.VisualStudio.Editors.resources.dll
[0b00:0004][2017-10-17T09:46:23] Completed: Copying file /ja/Microsoft.VisualStudio.Editors.resources.dll to C:\Program Files (x86)\Microsoft Visual Studio\2017\Community\Common7\IDE\CommonExtensions\Microsoft\VisualStudio\Editors\ja\Microsoft.VisualStudio.Editors.resources.dll
[0b00:0004][2017-10-17T09:46:23] Timestamp updated for file 'C:\Program Files (x86)\Microsoft Visual Studio\2017\Community\Common7\IDE\CommonExtensions\Microsoft\VisualStudio\Editors\ja\Microsoft.VisualStudio.Editors.resources.dll'.
[0b00:0004][2017-10-17T09:46:23] Queueing C:\Program Files (x86)\Microsoft Visual Studio\2017\Community\Common7\IDE\CommonExtensions\Microsoft\VisualStudio\Editors\ja\Microsoft.VisualStudio.Editors.resources.dll for X86 ngen
[0b00:0004][2017-10-17T09:46:23] Queueing C:\Program Files (x86)\Microsoft Visual Studio\2017\Community\Common7\IDE\CommonExtensions\Microsoft\VisualStudio\Editors\ja\Microsoft.VisualStudio.Editors.resources.dll for X64 ngen
[0b00:0004][2017-10-17T09:46:23] Successfully queued file '/ja/Microsoft.VisualStudio.Editors.resources.dll' for ngen
[0b00:0004][2017-10-17T09:46:23] Processing file /ko/Microsoft.VisualStudio.AppDesigner.resources.dll
[0b00:0004][2017-10-17T09:46:23] Started: Copying file /ko/Microsoft.VisualStudio.AppDesigner.resources.dll to C:\Program Files (x86)\Microsoft Visual Studio\2017\Community\Common7\IDE\CommonExtensions\Microsoft\VisualStudio\Editors\ko\Microsoft.VisualStudio.AppDesigner.resources.dll
[0b00:0004][2017-10-17T09:46:23] Completed: Copying file /ko/Microsoft.VisualStudio.AppDesigner.resources.dll to C:\Program Files (x86)\Microsoft Visual Studio\2017\Community\Common7\IDE\CommonExtensions\Microsoft\VisualStudio\Editors\ko\Microsoft.VisualStudio.AppDesigner.resources.dll
[0b00:0004][2017-10-17T09:46:23] Timestamp updated for file 'C:\Program Files (x86)\Microsoft Visual Studio\2017\Community\Common7\IDE\CommonExtensions\Microsoft\VisualStudio\Editors\ko\Microsoft.VisualStudio.AppDesigner.resources.dll'.
[0b00:0004][2017-10-17T09:46:23] Queueing C:\Program Files (x86)\Microsoft Visual Studio\2017\Community\Common7\IDE\CommonExtensions\Microsoft\VisualStudio\Editors\ko\Microsoft.VisualStudio.AppDesigner.resources.dll for X86 ngen
[0b00:0004][2017-10-17T09:46:23] Queueing C:\Program Files (x86)\Microsoft Visual Studio\2017\Community\Common7\IDE\CommonExtensions\Microsoft\VisualStudio\Editors\ko\Microsoft.VisualStudio.AppDesigner.resources.dll for X64 ngen
[0b00:0004][2017-10-17T09:46:23] Successfully queued file '/ko/Microsoft.VisualStudio.AppDesigner.resources.dll' for ngen
[0b00:0004][2017-10-17T09:46:23] Processing file /ko/Microsoft.VisualStudio.Editors.resources.dll
[0b00:0004][2017-10-17T09:46:23] Started: Copying file /ko/Microsoft.VisualStudio.Editors.resources.dll to C:\Program Files (x86)\Microsoft Visual Studio\2017\Community\Common7\IDE\CommonExtensions\Microsoft\VisualStudio\Editors\ko\Microsoft.VisualStudio.Editors.resources.dll
[0b00:0004][2017-10-17T09:46:23] Completed: Copying file /ko/Microsoft.VisualStudio.Editors.resources.dll to C:\Program Files (x86)\Microsoft Visual Studio\2017\Community\Common7\IDE\CommonExtensions\Microsoft\VisualStudio\Editors\ko\Microsoft.VisualStudio.Editors.resources.dll
[0b00:0004][2017-10-17T09:46:23] Timestamp updated for file 'C:\Program Files (x86)\Microsoft Visual Studio\2017\Community\Common7\IDE\CommonExtensions\Microsoft\VisualStudio\Editors\ko\Microsoft.VisualStudio.Editors.resources.dll'.
[0b00:0004][2017-10-17T09:46:23] Queueing C:\Program Files (x86)\Microsoft Visual Studio\2017\Community\Common7\IDE\CommonExtensions\Microsoft\VisualStudio\Editors\ko\Microsoft.VisualStudio.Editors.resources.dll for X86 ngen
[0b00:0004][2017-10-17T09:46:23] Queueing C:\Program Files (x86)\Microsoft Visual Studio\2017\Community\Common7\IDE\CommonExtensions\Microsoft\VisualStudio\Editors\ko\Microsoft.VisualStudio.Editors.resources.dll for X64 ngen
[0b00:0004][2017-10-17T09:46:23] Successfully queued file '/ko/Microsoft.VisualStudio.Editors.resources.dll' for ngen
[0b00:0004][2017-10-17T09:46:23] Processing file /manifest.json
[0b00:0004][2017-10-17T09:46:23] Started: Copying file /manifest.json to C:\Program Files (x86)\Microsoft Visual Studio\2017\Community\Common7\IDE\CommonExtensions\Microsoft\VisualStudio\Editors\manifest.json
[0b00:0004][2017-10-17T09:46:23] Completed: Copying file /manifest.json to C:\Program Files (x86)\Microsoft Visual Studio\2017\Community\Common7\IDE\CommonExtensions\Microsoft\VisualStudio\Editors\manifest.json
[0b00:0004][2017-10-17T09:46:23] Timestamp updated for file 'C:\Program Files (x86)\Microsoft Visual Studio\2017\Community\Common7\IDE\CommonExtensions\Microsoft\VisualStudio\Editors\manifest.json'.
[0b00:0004][2017-10-17T09:46:23] Processing file /Microsoft.VisualStudio.AppDesigner.dll
[0b00:0004][2017-10-17T09:46:23] Started: Copying file /Microsoft.VisualStudio.AppDesigner.dll to C:\Program Files (x86)\Microsoft Visual Studio\2017\Community\Common7\IDE\CommonExtensions\Microsoft\VisualStudio\Editors\Microsoft.VisualStudio.AppDesigner.dll
[0b00:0004][2017-10-17T09:46:23] Completed: Copying file /Microsoft.VisualStudio.AppDesigner.dll to C:\Program Files (x86)\Microsoft Visual Studio\2017\Community\Common7\IDE\CommonExtensions\Microsoft\VisualStudio\Editors\Microsoft.VisualStudio.AppDesigner.dll
[0b00:0004][2017-10-17T09:46:23] Timestamp updated for file 'C:\Program Files (x86)\Microsoft Visual Studio\2017\Community\Common7\IDE\CommonExtensions\Microsoft\VisualStudio\Editors\Microsoft.VisualStudio.AppDesigner.dll'.
[0b00:0004][2017-10-17T09:46:23] Queueing C:\Program Files (x86)\Microsoft Visual Studio\2017\Community\Common7\IDE\CommonExtensions\Microsoft\VisualStudio\Editors\Microsoft.VisualStudio.AppDesigner.dll for X86 ngen
[0b00:0004][2017-10-17T09:46:23] Queueing C:\Program Files (x86)\Microsoft Visual Studio\2017\Community\Common7\IDE\CommonExtensions\Microsoft\VisualStudio\Editors\Microsoft.VisualStudio.AppDesigner.dll for X64 ngen
[0b00:0004][2017-10-17T09:46:23] Successfully queued file '/Microsoft.VisualStudio.AppDesigner.dll' for ngen
[0b00:0004][2017-10-17T09:46:23] Processing file /Microsoft.VisualStudio.Editors.dll
[0b00:0004][2017-10-17T09:46:23] Started: Copying file /Microsoft.VisualStudio.Editors.dll to C:\Program Files (x86)\Microsoft Visual Studio\2017\Community\Common7\IDE\CommonExtensions\Microsoft\VisualStudio\Editors\Microsoft.VisualStudio.Editors.dll
[0b00:0004][2017-10-17T09:46:24] Completed: Copying file /Microsoft.VisualStudio.Editors.dll to C:\Program Files (x86)\Microsoft Visual Studio\2017\Community\Common7\IDE\CommonExtensions\Microsoft\VisualStudio\Editors\Microsoft.VisualStudio.Editors.dll
[0b00:0004][2017-10-17T09:46:24] Timestamp updated for file 'C:\Program Files (x86)\Microsoft Visual Studio\2017\Community\Common7\IDE\CommonExtensions\Microsoft\VisualStudio\Editors\Microsoft.VisualStudio.Editors.dll'.
[0b00:0004][2017-10-17T09:46:24] Queueing C:\Program Files (x86)\Microsoft Visual Studio\2017\Community\Common7\IDE\CommonExtensions\Microsoft\VisualStudio\Editors\Microsoft.VisualStudio.Editors.dll for X86 ngen
[0b00:0004][2017-10-17T09:46:24] Queueing C:\Program Files (x86)\Microsoft Visual Studio\2017\Community\Common7\IDE\CommonExtensions\Microsoft\VisualStudio\Editors\Microsoft.VisualStudio.Editors.dll for X64 ngen
[0b00:0004][2017-10-17T09:46:24] Successfully queued file '/Microsoft.VisualStudio.Editors.dll' for ngen
[0b00:0004][2017-10-17T09:46:24] Processing file /Microsoft.VisualStudio.Editors.pkgdef
[0b00:0004][2017-10-17T09:46:24] Started: Copying file /Microsoft.VisualStudio.Editors.pkgdef to C:\Program Files (x86)\Microsoft Visual Studio\2017\Community\Common7\IDE\CommonExtensions\Microsoft\VisualStudio\Editors\Microsoft.VisualStudio.Editors.pkgdef
[0b00:0004][2017-10-17T09:46:24] Completed: Copying file /Microsoft.VisualStudio.Editors.pkgdef to C:\Program Files (x86)\Microsoft Visual Studio\2017\Community\Common7\IDE\CommonExtensions\Microsoft\VisualStudio\Editors\Microsoft.VisualStudio.Editors.pkgdef
[0b00:0004][2017-10-17T09:46:24] Timestamp updated for file 'C:\Program Files (x86)\Microsoft Visual Studio\2017\Community\Common7\IDE\CommonExtensions\Microsoft\VisualStudio\Editors\Microsoft.VisualStudio.Editors.pkgdef'.
[0b00:0004][2017-10-17T09:46:24] Queueing C:\Program Files (x86)\Microsoft Visual Studio\2017\Community\Common7\IDE\CommonExtensions\Microsoft\VisualStudio\Editors\Microsoft.VisualStudio.Editors.pkgdef for X86 ngen
[0b00:0004][2017-10-17T09:46:24] Queueing C:\Program Files (x86)\Microsoft Visual Studio\2017\Community\Common7\IDE\CommonExtensions\Microsoft\VisualStudio\Editors\Microsoft.VisualStudio.Editors.pkgdef for X64 ngen
[0b00:0004][2017-10-17T09:46:24] Successfully queued file '/Microsoft.VisualStudio.Editors.pkgdef' for ngen
[0b00:0004][2017-10-17T09:46:24] Processing file /pl/Microsoft.VisualStudio.AppDesigner.resources.dll
[0b00:0004][2017-10-17T09:46:24] Started: Copying file /pl/Microsoft.VisualStudio.AppDesigner.resources.dll to C:\Program Files (x86)\Microsoft Visual Studio\2017\Community\Common7\IDE\CommonExtensions\Microsoft\VisualStudio\Editors\pl\Microsoft.VisualStudio.AppDesigner.resources.dll
[0b00:0004][2017-10-17T09:46:24] Completed: Copying file /pl/Microsoft.VisualStudio.AppDesigner.resources.dll to C:\Program Files (x86)\Microsoft Visual Studio\2017\Community\Common7\IDE\CommonExtensions\Microsoft\VisualStudio\Editors\pl\Microsoft.VisualStudio.AppDesigner.resources.dll
[0b00:0004][2017-10-17T09:46:24] Timestamp updated for file 'C:\Program Files (x86)\Microsoft Visual Studio\2017\Community\Common7\IDE\CommonExtensions\Microsoft\VisualStudio\Editors\pl\Microsoft.VisualStudio.AppDesigner.resources.dll'.
[0b00:0004][2017-10-17T09:46:24] Queueing C:\Program Files (x86)\Microsoft Visual Studio\2017\Community\Common7\IDE\CommonExtensions\Microsoft\VisualStudio\Editors\pl\Microsoft.VisualStudio.AppDesigner.resources.dll for X86 ngen
[0b00:0004][2017-10-17T09:46:24] Queueing C:\Program Files (x86)\Microsoft Visual Studio\2017\Community\Common7\IDE\CommonExtensions\Microsoft\VisualStudio\Editors\pl\Microsoft.VisualStudio.AppDesigner.resources.dll for X64 ngen
[0b00:0004][2017-10-17T09:46:24] Successfully queued file '/pl/Microsoft.VisualStudio.AppDesigner.resources.dll' for ngen
[0b00:0004][2017-10-17T09:46:24] Processing file /pl/Microsoft.VisualStudio.Editors.resources.dll
[0b00:0004][2017-10-17T09:46:24] Started: Copying file /pl/Microsoft.VisualStudio.Editors.resources.dll to C:\Program Files (x86)\Microsoft Visual Studio\2017\Community\Common7\IDE\CommonExtensions\Microsoft\VisualStudio\Editors\pl\Microsoft.VisualStudio.Editors.resources.dll
[0b00:0004][2017-10-17T09:46:24] Completed: Copying file /pl/Microsoft.VisualStudio.Editors.resources.dll to C:\Program Files (x86)\Microsoft Visual Studio\2017\Community\Common7\IDE\CommonExtensions\Microsoft\VisualStudio\Editors\pl\Microsoft.VisualStudio.Editors.resources.dll
[0b00:0004][2017-10-17T09:46:24] Timestamp updated for file 'C:\Program Files (x86)\Microsoft Visual Studio\2017\Community\Common7\IDE\CommonExtensions\Microsoft\VisualStudio\Editors\pl\Microsoft.VisualStudio.Editors.resources.dll'.
[0b00:0004][2017-10-17T09:46:24] Queueing C:\Program Files (x86)\Microsoft Visual Studio\2017\Community\Common7\IDE\CommonExtensions\Microsoft\VisualStudio\Editors\pl\Microsoft.VisualStudio.Editors.resources.dll for X86 ngen
[0b00:0004][2017-10-17T09:46:24] Queueing C:\Program Files (x86)\Microsoft Visual Studio\2017\Community\Common7\IDE\CommonExtensions\Microsoft\VisualStudio\Editors\pl\Microsoft.VisualStudio.Editors.resources.dll for X64 ngen
[0b00:0004][2017-10-17T09:46:24] Successfully queued file '/pl/Microsoft.VisualStudio.Editors.resources.dll' for ngen
[0b00:0004][2017-10-17T09:46:24] Processing file /pt-BR/Microsoft.VisualStudio.AppDesigner.resources.dll
[0b00:0004][2017-10-17T09:46:24] Started: Copying file /pt-BR/Microsoft.VisualStudio.AppDesigner.resources.dll to C:\Program Files (x86)\Microsoft Visual Studio\2017\Community\Common7\IDE\CommonExtensions\Microsoft\VisualStudio\Editors\pt-BR\Microsoft.VisualStudio.AppDesigner.resources.dll
[0b00:0004][2017-10-17T09:46:24] Completed: Copying file /pt-BR/Microsoft.VisualStudio.AppDesigner.resources.dll to C:\Program Files (x86)\Microsoft Visual Studio\2017\Community\Common7\IDE\CommonExtensions\Microsoft\VisualStudio\Editors\pt-BR\Microsoft.VisualStudio.AppDesigner.resources.dll
[0b00:0004][2017-10-17T09:46:24] Timestamp updated for file 'C:\Program Files (x86)\Microsoft Visual Studio\2017\Community\Common7\IDE\CommonExtensions\Microsoft\VisualStudio\Editors\pt-BR\Microsoft.VisualStudio.AppDesigner.resources.dll'.
[0b00:0004][2017-10-17T09:46:24] Queueing C:\Program Files (x86)\Microsoft Visual Studio\2017\Community\Common7\IDE\CommonExtensions\Microsoft\VisualStudio\Editors\pt-BR\Microsoft.VisualStudio.AppDesigner.resources.dll for X86 ngen
[0b00:0004][2017-10-17T09:46:24] Queueing C:\Program Files (x86)\Microsoft Visual Studio\2017\Community\Common7\IDE\CommonExtensions\Microsoft\VisualStudio\Editors\pt-BR\Microsoft.VisualStudio.AppDesigner.resources.dll for X64 ngen
[0b00:0004][2017-10-17T09:46:24] Successfully queued file '/pt-BR/Microsoft.VisualStudio.AppDesigner.resources.dll' for ngen
[0b00:0004][2017-10-17T09:46:24] Processing file /pt-BR/Microsoft.VisualStudio.Editors.resources.dll
[0b00:0004][2017-10-17T09:46:24] Started: Copying file /pt-BR/Microsoft.VisualStudio.Editors.resources.dll to C:\Program Files (x86)\Microsoft Visual Studio\2017\Community\Common7\IDE\CommonExtensions\Microsoft\VisualStudio\Editors\pt-BR\Microsoft.VisualStudio.Editors.resources.dll
[0b00:0004][2017-10-17T09:46:24] Completed: Copying file /pt-BR/Microsoft.VisualStudio.Editors.resources.dll to C:\Program Files (x86)\Microsoft Visual Studio\2017\Community\Common7\IDE\CommonExtensions\Microsoft\VisualStudio\Editors\pt-BR\Microsoft.VisualStudio.Editors.resources.dll
[0b00:0004][2017-10-17T09:46:24] Timestamp updated for file 'C:\Program Files (x86)\Microsoft Visual Studio\2017\Community\Common7\IDE\CommonExtensions\Microsoft\VisualStudio\Editors\pt-BR\Microsoft.VisualStudio.Editors.resources.dll'.
[0b00:0004][2017-10-17T09:46:24] Queueing C:\Program Files (x86)\Microsoft Visual Studio\2017\Community\Common7\IDE\CommonExtensions\Microsoft\VisualStudio\Editors\pt-BR\Microsoft.VisualStudio.Editors.resources.dll for X86 ngen
[0b00:0004][2017-10-17T09:46:24] Queueing C:\Program Files (x86)\Microsoft Visual Studio\2017\Community\Common7\IDE\CommonExtensions\Microsoft\VisualStudio\Editors\pt-BR\Microsoft.VisualStudio.Editors.resources.dll for X64 ngen
[0b00:0004][2017-10-17T09:46:24] Successfully queued file '/pt-BR/Microsoft.VisualStudio.Editors.resources.dll' for ngen
[0b00:0004][2017-10-17T09:46:24] Processing file /ru/Microsoft.VisualStudio.AppDesigner.resources.dll
[0b00:0004][2017-10-17T09:46:24] Started: Copying file /ru/Microsoft.VisualStudio.AppDesigner.resources.dll to C:\Program Files (x86)\Microsoft Visual Studio\2017\Community\Common7\IDE\CommonExtensions\Microsoft\VisualStudio\Editors\ru\Microsoft.VisualStudio.AppDesigner.resources.dll
[0b00:0004][2017-10-17T09:46:24] Completed: Copying file /ru/Microsoft.VisualStudio.AppDesigner.resources.dll to C:\Program Files (x86)\Microsoft Visual Studio\2017\Community\Common7\IDE\CommonExtensions\Microsoft\VisualStudio\Editors\ru\Microsoft.VisualStudio.AppDesigner.resources.dll
[0b00:0004][2017-10-17T09:46:24] Timestamp updated for file 'C:\Program Files (x86)\Microsoft Visual Studio\2017\Community\Common7\IDE\CommonExtensions\Microsoft\VisualStudio\Editors\ru\Microsoft.VisualStudio.AppDesigner.resources.dll'.
[0b00:0004][2017-10-17T09:46:24] Queueing C:\Program Files (x86)\Microsoft Visual Studio\2017\Community\Common7\IDE\CommonExtensions\Microsoft\VisualStudio\Editors\ru\Microsoft.VisualStudio.AppDesigner.resources.dll for X86 ngen
[0b00:0004][2017-10-17T09:46:24] Queueing C:\Program Files (x86)\Microsoft Visual Studio\2017\Community\Common7\IDE\CommonExtensions\Microsoft\VisualStudio\Editors\ru\Microsoft.VisualStudio.AppDesigner.resources.dll for X64 ngen
[0b00:0004][2017-10-17T09:46:24] Successfully queued file '/ru/Microsoft.VisualStudio.AppDesigner.resources.dll' for ngen
[0b00:0004][2017-10-17T09:46:24] Processing file /ru/Microsoft.VisualStudio.Editors.resources.dll
[0b00:0004][2017-10-17T09:46:24] Started: Copying file /ru/Microsoft.VisualStudio.Editors.resources.dll to C:\Program Files (x86)\Microsoft Visual Studio\2017\Community\Common7\IDE\CommonExtensions\Microsoft\VisualStudio\Editors\ru\Microsoft.VisualStudio.Editors.resources.dll
[0b00:0004][2017-10-17T09:46:24] Completed: Copying file /ru/Microsoft.VisualStudio.Editors.resources.dll to C:\Program Files (x86)\Microsoft Visual Studio\2017\Community\Common7\IDE\CommonExtensions\Microsoft\VisualStudio\Editors\ru\Microsoft.VisualStudio.Editors.resources.dll
[0b00:0004][2017-10-17T09:46:24] Timestamp updated for file 'C:\Program Files (x86)\Microsoft Visual Studio\2017\Community\Common7\IDE\CommonExtensions\Microsoft\VisualStudio\Editors\ru\Microsoft.VisualStudio.Editors.resources.dll'.
[0b00:0004][2017-10-17T09:46:24] Queueing C:\Program Files (x86)\Microsoft Visual Studio\2017\Community\Common7\IDE\CommonExtensions\Microsoft\VisualStudio\Editors\ru\Microsoft.VisualStudio.Editors.resources.dll for X86 ngen
[0b00:0004][2017-10-17T09:46:24] Queueing C:\Program Files (x86)\Microsoft Visual Studio\2017\Community\Common7\IDE\CommonExtensions\Microsoft\VisualStudio\Editors\ru\Microsoft.VisualStudio.Editors.resources.dll for X64 ngen
[0b00:0004][2017-10-17T09:46:24] Successfully queued file '/ru/Microsoft.VisualStudio.Editors.resources.dll' for ngen
[0b00:0004][2017-10-17T09:46:24] Processing file /tr/Microsoft.VisualStudio.AppDesigner.resources.dll
[0b00:0004][2017-10-17T09:46:24] Started: Copying file /tr/Microsoft.VisualStudio.AppDesigner.resources.dll to C:\Program Files (x86)\Microsoft Visual Studio\2017\Community\Common7\IDE\CommonExtensions\Microsoft\VisualStudio\Editors\tr\Microsoft.VisualStudio.AppDesigner.resources.dll
[0b00:0004][2017-10-17T09:46:24] Completed: Copying file /tr/Microsoft.VisualStudio.AppDesigner.resources.dll to C:\Program Files (x86)\Microsoft Visual Studio\2017\Community\Common7\IDE\CommonExtensions\Microsoft\VisualStudio\Editors\tr\Microsoft.VisualStudio.AppDesigner.resources.dll
[0b00:0004][2017-10-17T09:46:24] Timestamp updated for file 'C:\Program Files (x86)\Microsoft Visual Studio\2017\Community\Common7\IDE\CommonExtensions\Microsoft\VisualStudio\Editors\tr\Microsoft.VisualStudio.AppDesigner.resources.dll'.
[0b00:0004][2017-10-17T09:46:24] Queueing C:\Program Files (x86)\Microsoft Visual Studio\2017\Community\Common7\IDE\CommonExtensions\Microsoft\VisualStudio\Editors\tr\Microsoft.VisualStudio.AppDesigner.resources.dll for X86 ngen
[0b00:0004][2017-10-17T09:46:24] Queueing C:\Program Files (x86)\Microsoft Visual Studio\2017\Community\Common7\IDE\CommonExtensions\Microsoft\VisualStudio\Editors\tr\Microsoft.VisualStudio.AppDesigner.resources.dll for X64 ngen
[0b00:0004][2017-10-17T09:46:24] Successfully queued file '/tr/Microsoft.VisualStudio.AppDesigner.resources.dll' for ngen
[0b00:0004][2017-10-17T09:46:24] Processing file /tr/Microsoft.VisualStudio.Editors.resources.dll
[0b00:0004][2017-10-17T09:46:24] Started: Copying file /tr/Microsoft.VisualStudio.Editors.resources.dll to C:\Program Files (x86)\Microsoft Visual Studio\2017\Community\Common7\IDE\CommonExtensions\Microsoft\VisualStudio\Editors\tr\Microsoft.VisualStudio.Editors.resources.dll
[0b00:0004][2017-10-17T09:46:24] Completed: Copying file /tr/Microsoft.VisualStudio.Editors.resources.dll to C:\Program Files (x86)\Microsoft Visual Studio\2017\Community\Common7\IDE\CommonExtensions\Microsoft\VisualStudio\Editors\tr\Microsoft.VisualStudio.Editors.resources.dll
[0b00:0004][2017-10-17T09:46:24] Timestamp updated for file 'C:\Program Files (x86)\Microsoft Visual Studio\2017\Community\Common7\IDE\CommonExtensions\Microsoft\VisualStudio\Editors\tr\Microsoft.VisualStudio.Editors.resources.dll'.
[0b00:0004][2017-10-17T09:46:24] Queueing C:\Program Files (x86)\Microsoft Visual Studio\2017\Community\Common7\IDE\CommonExtensions\Microsoft\VisualStudio\Editors\tr\Microsoft.VisualStudio.Editors.resources.dll for X86 ngen
[0b00:0004][2017-10-17T09:46:24] Queueing C:\Program Files (x86)\Microsoft Visual Studio\2017\Community\Common7\IDE\CommonExtensions\Microsoft\VisualStudio\Editors\tr\Microsoft.VisualStudio.Editors.resources.dll for X64 ngen
[0b00:0004][2017-10-17T09:46:24] Successfully queued file '/tr/Microsoft.VisualStudio.Editors.resources.dll' for ngen
[0b00:0004][2017-10-17T09:46:24] Processing file /VisualStudioEditorsSetup.pkgdef
[0b00:0004][2017-10-17T09:46:24] Started: Copying file /VisualStudioEditorsSetup.pkgdef to C:\Program Files (x86)\Microsoft Visual Studio\2017\Community\Common7\IDE\CommonExtensions\Microsoft\VisualStudio\Editors\VisualStudioEditorsSetup.pkgdef
[0b00:0004][2017-10-17T09:46:24] Completed: Copying file /VisualStudioEditorsSetup.pkgdef to C:\Program Files (x86)\Microsoft Visual Studio\2017\Community\Common7\IDE\CommonExtensions\Microsoft\VisualStudio\Editors\VisualStudioEditorsSetup.pkgdef
[0b00:0004][2017-10-17T09:46:24] Timestamp updated for file 'C:\Program Files (x86)\Microsoft Visual Studio\2017\Community\Common7\IDE\CommonExtensions\Microsoft\VisualStudio\Editors\VisualStudioEditorsSetup.pkgdef'.
[0b00:0004][2017-10-17T09:46:24] Processing file /zh-Hans/Microsoft.VisualStudio.AppDesigner.resources.dll
[0b00:0004][2017-10-17T09:46:24] Started: Copying file /zh-Hans/Microsoft.VisualStudio.AppDesigner.resources.dll to C:\Program Files (x86)\Microsoft Visual Studio\2017\Community\Common7\IDE\CommonExtensions\Microsoft\VisualStudio\Editors\zh-Hans\Microsoft.VisualStudio.AppDesigner.resources.dll
[0b00:0004][2017-10-17T09:46:24] Completed: Copying file /zh-Hans/Microsoft.VisualStudio.AppDesigner.resources.dll to C:\Program Files (x86)\Microsoft Visual Studio\2017\Community\Common7\IDE\CommonExtensions\Microsoft\VisualStudio\Editors\zh-Hans\Microsoft.VisualStudio.AppDesigner.resources.dll
[0b00:0004][2017-10-17T09:46:24] Timestamp updated for file 'C:\Program Files (x86)\Microsoft Visual Studio\2017\Community\Common7\IDE\CommonExtensions\Microsoft\VisualStudio\Editors\zh-Hans\Microsoft.VisualStudio.AppDesigner.resources.dll'.
[0b00:0004][2017-10-17T09:46:24] Queueing C:\Program Files (x86)\Microsoft Visual Studio\2017\Community\Common7\IDE\CommonExtensions\Microsoft\VisualStudio\Editors\zh-Hans\Microsoft.VisualStudio.AppDesigner.resources.dll for X86 ngen
[0b00:0004][2017-10-17T09:46:24] Queueing C:\Program Files (x86)\Microsoft Visual Studio\2017\Community\Common7\IDE\CommonExtensions\Microsoft\VisualStudio\Editors\zh-Hans\Microsoft.VisualStudio.AppDesigner.resources.dll for X64 ngen
[0b00:0004][2017-10-17T09:46:24] Successfully queued file '/zh-Hans/Microsoft.VisualStudio.AppDesigner.resources.dll' for ngen
[0b00:0004][2017-10-17T09:46:24] Processing file /zh-Hans/Microsoft.VisualStudio.Editors.resources.dll
[0b00:0004][2017-10-17T09:46:24] Started: Copying file /zh-Hans/Microsoft.VisualStudio.Editors.resources.dll to C:\Program Files (x86)\Microsoft Visual Studio\2017\Community\Common7\IDE\CommonExtensions\Microsoft\VisualStudio\Editors\zh-Hans\Microsoft.VisualStudio.Editors.resources.dll
[0b00:0004][2017-10-17T09:46:24] Completed: Copying file /zh-Hans/Microsoft.VisualStudio.Editors.resources.dll to C:\Program Files (x86)\Microsoft Visual Studio\2017\Community\Common7\IDE\CommonExtensions\Microsoft\VisualStudio\Editors\zh-Hans\Microsoft.VisualStudio.Editors.resources.dll
[0b00:0004][2017-10-17T09:46:24] Timestamp updated for file 'C:\Program Files (x86)\Microsoft Visual Studio\2017\Community\Common7\IDE\CommonExtensions\Microsoft\VisualStudio\Editors\zh-Hans\Microsoft.VisualStudio.Editors.resources.dll'.
[0b00:0004][2017-10-17T09:46:24] Queueing C:\Program Files (x86)\Microsoft Visual Studio\2017\Community\Common7\IDE\CommonExtensions\Microsoft\VisualStudio\Editors\zh-Hans\Microsoft.VisualStudio.Editors.resources.dll for X86 ngen
[0b00:0004][2017-10-17T09:46:24] Queueing C:\Program Files (x86)\Microsoft Visual Studio\2017\Community\Common7\IDE\CommonExtensions\Microsoft\VisualStudio\Editors\zh-Hans\Microsoft.VisualStudio.Editors.resources.dll for X64 ngen
[0b00:0004][2017-10-17T09:46:24] Successfully queued file '/zh-Hans/Microsoft.VisualStudio.Editors.resources.dll' for ngen
[0b00:0004][2017-10-17T09:46:24] Processing file /zh-Hant/Microsoft.VisualStudio.AppDesigner.resources.dll
[0b00:0004][2017-10-17T09:46:24] Started: Copying file /zh-Hant/Microsoft.VisualStudio.AppDesigner.resources.dll to C:\Program Files (x86)\Microsoft Visual Studio\2017\Community\Common7\IDE\CommonExtensions\Microsoft\VisualStudio\Editors\zh-Hant\Microsoft.VisualStudio.AppDesigner.resources.dll
[0b00:0004][2017-10-17T09:46:24] Completed: Copying file /zh-Hant/Microsoft.VisualStudio.AppDesigner.resources.dll to C:\Program Files (x86)\Microsoft Visual Studio\2017\Community\Common7\IDE\CommonExtensions\Microsoft\VisualStudio\Editors\zh-Hant\Microsoft.VisualStudio.AppDesigner.resources.dll
[0b00:0004][2017-10-17T09:46:24] Timestamp updated for file 'C:\Program Files (x86)\Microsoft Visual Studio\2017\Community\Common7\IDE\CommonExtensions\Microsoft\VisualStudio\Editors\zh-Hant\Microsoft.VisualStudio.AppDesigner.resources.dll'.
[0b00:0004][2017-10-17T09:46:24] Queueing C:\Program Files (x86)\Microsoft Visual Studio\2017\Community\Common7\IDE\CommonExtensions\Microsoft\VisualStudio\Editors\zh-Hant\Microsoft.VisualStudio.AppDesigner.resources.dll for X86 ngen
[0b00:0004][2017-10-17T09:46:24] Queueing C:\Program Files (x86)\Microsoft Visual Studio\2017\Community\Common7\IDE\CommonExtensions\Microsoft\VisualStudio\Editors\zh-Hant\Microsoft.VisualStudio.AppDesigner.resources.dll for X64 ngen
[0b00:0004][2017-10-17T09:46:24] Successfully queued file '/zh-Hant/Microsoft.VisualStudio.AppDesigner.resources.dll' for ngen
[0b00:0004][2017-10-17T09:46:24] Processing file /zh-Hant/Microsoft.VisualStudio.Editors.resources.dll
[0b00:0004][2017-10-17T09:46:24] Started: Copying file /zh-Hant/Microsoft.VisualStudio.Editors.resources.dll to C:\Program Files (x86)\Microsoft Visual Studio\2017\Community\Common7\IDE\CommonExtensions\Microsoft\VisualStudio\Editors\zh-Hant\Microsoft.VisualStudio.Editors.resources.dll
[0b00:0004][2017-10-17T09:46:24] Completed: Copying file /zh-Hant/Microsoft.VisualStudio.Editors.resources.dll to C:\Program Files (x86)\Microsoft Visual Studio\2017\Community\Common7\IDE\CommonExtensions\Microsoft\VisualStudio\Editors\zh-Hant\Microsoft.VisualStudio.Editors.resources.dll
[0b00:0004][2017-10-17T09:46:24] Timestamp updated for file 'C:\Program Files (x86)\Microsoft Visual Studio\2017\Community\Common7\IDE\CommonExtensions\Microsoft\VisualStudio\Editors\zh-Hant\Microsoft.VisualStudio.Editors.resources.dll'.
[0b00:0004][2017-10-17T09:46:24] Queueing C:\Program Files (x86)\Microsoft Visual Studio\2017\Community\Common7\IDE\CommonExtensions\Microsoft\VisualStudio\Editors\zh-Hant\Microsoft.VisualStudio.Editors.resources.dll for X86 ngen
[0b00:0004][2017-10-17T09:46:24] Queueing C:\Program Files (x86)\Microsoft Visual Studio\2017\Community\Common7\IDE\CommonExtensions\Microsoft\VisualStudio\Editors\zh-Hant\Microsoft.VisualStudio.Editors.resources.dll for X64 ngen
[0b00:0004][2017-10-17T09:46:24] Successfully queued file '/zh-Hant/Microsoft.VisualStudio.Editors.resources.dll' for ngen
[0b00:0004][2017-10-17T09:46:24] Package executed successfully. Return code: 0
