[0b00:0004][2017-10-17T09:46:33] Opening the package for processing
[0b00:0004][2017-10-17T09:46:33] Using package payload to get the embedded manifest
[0b00:0004][2017-10-17T09:46:33] Getting list of files within the package
[0b00:0004][2017-10-17T09:46:33] Processing file /Contents/Common7/IDE/CommonExtensions/Platform/Debugger/WebViews/ScriptResources.en.resx
[0b00:0004][2017-10-17T09:46:33] Started: Copying file /Contents/Common7/IDE/CommonExtensions/Platform/Debugger/WebViews/ScriptResources.en.resx to C:\Program Files (x86)\Microsoft Visual Studio\2017\Community\Common7\IDE\CommonExtensions\Platform\Debugger\WebViews\ScriptResources.en.resx
[0b00:0004][2017-10-17T09:46:33] Completed: Copying file /Contents/Common7/IDE/CommonExtensions/Platform/Debugger/WebViews/ScriptResources.en.resx to C:\Program Files (x86)\Microsoft Visual Studio\2017\Community\Common7\IDE\CommonExtensions\Platform\Debugger\WebViews\ScriptResources.en.resx
[0b00:0004][2017-10-17T09:46:33] Timestamp updated for file 'C:\Program Files (x86)\Microsoft Visual Studio\2017\Community\Common7\IDE\CommonExtensions\Platform\Debugger\WebViews\ScriptResources.en.resx'.
[0b00:0004][2017-10-17T09:46:33] Processing file /Contents/Common7/Packages/Debugger/1033/msdbgui.dll
[0b00:0004][2017-10-17T09:46:33] Started: Copying file /Contents/Common7/Packages/Debugger/1033/msdbgui.dll to C:\Program Files (x86)\Microsoft Visual Studio\2017\Community\Common7\Packages\Debugger\1033\msdbgui.dll
[0b00:0004][2017-10-17T09:46:33] Completed: Copying file /Contents/Common7/Packages/Debugger/1033/msdbgui.dll to C:\Program Files (x86)\Microsoft Visual Studio\2017\Community\Common7\Packages\Debugger\1033\msdbgui.dll
[0b00:0004][2017-10-17T09:46:33] Timestamp updated for file 'C:\Program Files (x86)\Microsoft Visual Studio\2017\Community\Common7\Packages\Debugger\1033\msdbgui.dll'.
[0b00:0004][2017-10-17T09:46:33] Processing file /Contents/Common7/Packages/Debugger/1033/symbollocator.resources.dll
[0b00:0004][2017-10-17T09:46:33] Started: Copying file /Contents/Common7/Packages/Debugger/1033/symbollocator.resources.dll to C:\Program Files (x86)\Microsoft Visual Studio\2017\Community\Common7\Packages\Debugger\1033\symbollocator.resources.dll
[0b00:0004][2017-10-17T09:46:33] Completed: Copying file /Contents/Common7/Packages/Debugger/1033/symbollocator.resources.dll to C:\Program Files (x86)\Microsoft Visual Studio\2017\Community\Common7\Packages\Debugger\1033\symbollocator.resources.dll
[0b00:0004][2017-10-17T09:46:33] Timestamp updated for file 'C:\Program Files (x86)\Microsoft Visual Studio\2017\Community\Common7\Packages\Debugger\1033\symbollocator.resources.dll'.
[0b00:0004][2017-10-17T09:46:33] Processing file /Contents/Common7/Packages/Debugger/1033/vsdebugeng.impl.resources.dll
[0b00:0004][2017-10-17T09:46:33] Started: Copying file /Contents/Common7/Packages/Debugger/1033/vsdebugeng.impl.resources.dll to C:\Program Files (x86)\Microsoft Visual Studio\2017\Community\Common7\Packages\Debugger\1033\vsdebugeng.impl.resources.dll
[0b00:0004][2017-10-17T09:46:33] Completed: Copying file /Contents/Common7/Packages/Debugger/1033/vsdebugeng.impl.resources.dll to C:\Program Files (x86)\Microsoft Visual Studio\2017\Community\Common7\Packages\Debugger\1033\vsdebugeng.impl.resources.dll
[0b00:0004][2017-10-17T09:46:33] Timestamp updated for file 'C:\Program Files (x86)\Microsoft Visual Studio\2017\Community\Common7\Packages\Debugger\1033\vsdebugeng.impl.resources.dll'.
[0b00:0004][2017-10-17T09:46:33] Processing file /Contents/Common7/Packages/Debugger/1033/vsdebugui.dll
[0b00:0004][2017-10-17T09:46:33] Started: Copying file /Contents/Common7/Packages/Debugger/1033/vsdebugui.dll to C:\Program Files (x86)\Microsoft Visual Studio\2017\Community\Common7\Packages\Debugger\1033\vsdebugui.dll
[0b00:0004][2017-10-17T09:46:33] Completed: Copying file /Contents/Common7/Packages/Debugger/1033/vsdebugui.dll to C:\Program Files (x86)\Microsoft Visual Studio\2017\Community\Common7\Packages\Debugger\1033\vsdebugui.dll
[0b00:0004][2017-10-17T09:46:33] Timestamp updated for file 'C:\Program Files (x86)\Microsoft Visual Studio\2017\Community\Common7\Packages\Debugger\1033\vsdebugui.dll'.
[0b00:0004][2017-10-17T09:46:33] Installing ProgId: VisualStudio.dmp.7a56c1b0
[0b00:0004][2017-10-17T09:46:33] Installing ProgId: VisualStudio.hdmp.7a56c1b0
[0b00:0004][2017-10-17T09:46:33] Installing ProgId: VisualStudio.mdmp.7a56c1b0
[0b00:0004][2017-10-17T09:46:33] Processing file extension for install .dmp
[0b00:0004][2017-10-17T09:46:33] RegistrationPath: Software\Microsoft\VisualStudio_7a56c1b0\Capabilities\FileAssociations
[0b00:0004][2017-10-17T09:46:33] Processing file extension for install .hdmp
[0b00:0004][2017-10-17T09:46:33] RegistrationPath: Software\Microsoft\VisualStudio_7a56c1b0\Capabilities\FileAssociations
[0b00:0004][2017-10-17T09:46:33] Processing file extension for install .mdmp
[0b00:0004][2017-10-17T09:46:33] RegistrationPath: Software\Microsoft\VisualStudio_7a56c1b0\Capabilities\FileAssociations
[0b00:0004][2017-10-17T09:46:33] Package executed successfully. Return code: 0
