[0b00:0004][2017-10-17T09:47:51] Opening the package for processing
[0b00:0004][2017-10-17T09:47:51] Using package payload to get the embedded manifest
[0b00:0004][2017-10-17T09:47:51] Getting list of files within the package
[0b00:0004][2017-10-17T09:47:51] Processing file /Contents/Common7/IDE/CommonExtensions/Microsoft/MDD/Debugger/1028/OpenFolderSchema.json
[0b00:0004][2017-10-17T09:47:51] Started: Copying file /Contents/Common7/IDE/CommonExtensions/Microsoft/MDD/Debugger/1028/OpenFolderSchema.json to C:\Program Files (x86)\Microsoft Visual Studio\2017\Community\Common7\IDE\CommonExtensions\Microsoft\MDD\Debugger\1028\OpenFolderSchema.json
[0b00:0004][2017-10-17T09:47:51] Completed: Copying file /Contents/Common7/IDE/CommonExtensions/Microsoft/MDD/Debugger/1028/OpenFolderSchema.json to C:\Program Files (x86)\Microsoft Visual Studio\2017\Community\Common7\IDE\CommonExtensions\Microsoft\MDD\Debugger\1028\OpenFolderSchema.json
[0b00:0004][2017-10-17T09:47:51] Timestamp updated for file 'C:\Program Files (x86)\Microsoft Visual Studio\2017\Community\Common7\IDE\CommonExtensions\Microsoft\MDD\Debugger\1028\OpenFolderSchema.json'.
[0b00:0004][2017-10-17T09:47:51] Processing file /Contents/Common7/IDE/CommonExtensions/Microsoft/MDD/Debugger/1029/OpenFolderSchema.json
[0b00:0004][2017-10-17T09:47:51] Started: Copying file /Contents/Common7/IDE/CommonExtensions/Microsoft/MDD/Debugger/1029/OpenFolderSchema.json to C:\Program Files (x86)\Microsoft Visual Studio\2017\Community\Common7\IDE\CommonExtensions\Microsoft\MDD\Debugger\1029\OpenFolderSchema.json
[0b00:0004][2017-10-17T09:47:51] Completed: Copying file /Contents/Common7/IDE/CommonExtensions/Microsoft/MDD/Debugger/1029/OpenFolderSchema.json to C:\Program Files (x86)\Microsoft Visual Studio\2017\Community\Common7\IDE\CommonExtensions\Microsoft\MDD\Debugger\1029\OpenFolderSchema.json
[0b00:0004][2017-10-17T09:47:51] Timestamp updated for file 'C:\Program Files (x86)\Microsoft Visual Studio\2017\Community\Common7\IDE\CommonExtensions\Microsoft\MDD\Debugger\1029\OpenFolderSchema.json'.
[0b00:0004][2017-10-17T09:47:51] Processing file /Contents/Common7/IDE/CommonExtensions/Microsoft/MDD/Debugger/1031/OpenFolderSchema.json
[0b00:0004][2017-10-17T09:47:51] Started: Copying file /Contents/Common7/IDE/CommonExtensions/Microsoft/MDD/Debugger/1031/OpenFolderSchema.json to C:\Program Files (x86)\Microsoft Visual Studio\2017\Community\Common7\IDE\CommonExtensions\Microsoft\MDD\Debugger\1031\OpenFolderSchema.json
[0b00:0004][2017-10-17T09:47:51] Completed: Copying file /Contents/Common7/IDE/CommonExtensions/Microsoft/MDD/Debugger/1031/OpenFolderSchema.json to C:\Program Files (x86)\Microsoft Visual Studio\2017\Community\Common7\IDE\CommonExtensions\Microsoft\MDD\Debugger\1031\OpenFolderSchema.json
[0b00:0004][2017-10-17T09:47:51] Timestamp updated for file 'C:\Program Files (x86)\Microsoft Visual Studio\2017\Community\Common7\IDE\CommonExtensions\Microsoft\MDD\Debugger\1031\OpenFolderSchema.json'.
[0b00:0004][2017-10-17T09:47:51] Processing file /Contents/Common7/IDE/CommonExtensions/Microsoft/MDD/Debugger/1036/OpenFolderSchema.json
[0b00:0004][2017-10-17T09:47:51] Started: Copying file /Contents/Common7/IDE/CommonExtensions/Microsoft/MDD/Debugger/1036/OpenFolderSchema.json to C:\Program Files (x86)\Microsoft Visual Studio\2017\Community\Common7\IDE\CommonExtensions\Microsoft\MDD\Debugger\1036\OpenFolderSchema.json
[0b00:0004][2017-10-17T09:47:51] Completed: Copying file /Contents/Common7/IDE/CommonExtensions/Microsoft/MDD/Debugger/1036/OpenFolderSchema.json to C:\Program Files (x86)\Microsoft Visual Studio\2017\Community\Common7\IDE\CommonExtensions\Microsoft\MDD\Debugger\1036\OpenFolderSchema.json
[0b00:0004][2017-10-17T09:47:51] Timestamp updated for file 'C:\Program Files (x86)\Microsoft Visual Studio\2017\Community\Common7\IDE\CommonExtensions\Microsoft\MDD\Debugger\1036\OpenFolderSchema.json'.
[0b00:0004][2017-10-17T09:47:51] Processing file /Contents/Common7/IDE/CommonExtensions/Microsoft/MDD/Debugger/1040/OpenFolderSchema.json
[0b00:0004][2017-10-17T09:47:51] Started: Copying file /Contents/Common7/IDE/CommonExtensions/Microsoft/MDD/Debugger/1040/OpenFolderSchema.json to C:\Program Files (x86)\Microsoft Visual Studio\2017\Community\Common7\IDE\CommonExtensions\Microsoft\MDD\Debugger\1040\OpenFolderSchema.json
[0b00:0004][2017-10-17T09:47:51] Completed: Copying file /Contents/Common7/IDE/CommonExtensions/Microsoft/MDD/Debugger/1040/OpenFolderSchema.json to C:\Program Files (x86)\Microsoft Visual Studio\2017\Community\Common7\IDE\CommonExtensions\Microsoft\MDD\Debugger\1040\OpenFolderSchema.json
[0b00:0004][2017-10-17T09:47:51] Timestamp updated for file 'C:\Program Files (x86)\Microsoft Visual Studio\2017\Community\Common7\IDE\CommonExtensions\Microsoft\MDD\Debugger\1040\OpenFolderSchema.json'.
[0b00:0004][2017-10-17T09:47:51] Processing file /Contents/Common7/IDE/CommonExtensions/Microsoft/MDD/Debugger/1041/OpenFolderSchema.json
[0b00:0004][2017-10-17T09:47:51] Started: Copying file /Contents/Common7/IDE/CommonExtensions/Microsoft/MDD/Debugger/1041/OpenFolderSchema.json to C:\Program Files (x86)\Microsoft Visual Studio\2017\Community\Common7\IDE\CommonExtensions\Microsoft\MDD\Debugger\1041\OpenFolderSchema.json
[0b00:0004][2017-10-17T09:47:51] Completed: Copying file /Contents/Common7/IDE/CommonExtensions/Microsoft/MDD/Debugger/1041/OpenFolderSchema.json to C:\Program Files (x86)\Microsoft Visual Studio\2017\Community\Common7\IDE\CommonExtensions\Microsoft\MDD\Debugger\1041\OpenFolderSchema.json
[0b00:0004][2017-10-17T09:47:51] Timestamp updated for file 'C:\Program Files (x86)\Microsoft Visual Studio\2017\Community\Common7\IDE\CommonExtensions\Microsoft\MDD\Debugger\1041\OpenFolderSchema.json'.
[0b00:0004][2017-10-17T09:47:51] Processing file /Contents/Common7/IDE/CommonExtensions/Microsoft/MDD/Debugger/1042/OpenFolderSchema.json
[0b00:0004][2017-10-17T09:47:51] Started: Copying file /Contents/Common7/IDE/CommonExtensions/Microsoft/MDD/Debugger/1042/OpenFolderSchema.json to C:\Program Files (x86)\Microsoft Visual Studio\2017\Community\Common7\IDE\CommonExtensions\Microsoft\MDD\Debugger\1042\OpenFolderSchema.json
[0b00:0004][2017-10-17T09:47:51] Completed: Copying file /Contents/Common7/IDE/CommonExtensions/Microsoft/MDD/Debugger/1042/OpenFolderSchema.json to C:\Program Files (x86)\Microsoft Visual Studio\2017\Community\Common7\IDE\CommonExtensions\Microsoft\MDD\Debugger\1042\OpenFolderSchema.json
[0b00:0004][2017-10-17T09:47:51] Timestamp updated for file 'C:\Program Files (x86)\Microsoft Visual Studio\2017\Community\Common7\IDE\CommonExtensions\Microsoft\MDD\Debugger\1042\OpenFolderSchema.json'.
[0b00:0004][2017-10-17T09:47:51] Processing file /Contents/Common7/IDE/CommonExtensions/Microsoft/MDD/Debugger/1045/OpenFolderSchema.json
[0b00:0004][2017-10-17T09:47:51] Started: Copying file /Contents/Common7/IDE/CommonExtensions/Microsoft/MDD/Debugger/1045/OpenFolderSchema.json to C:\Program Files (x86)\Microsoft Visual Studio\2017\Community\Common7\IDE\CommonExtensions\Microsoft\MDD\Debugger\1045\OpenFolderSchema.json
[0b00:0004][2017-10-17T09:47:51] Completed: Copying file /Contents/Common7/IDE/CommonExtensions/Microsoft/MDD/Debugger/1045/OpenFolderSchema.json to C:\Program Files (x86)\Microsoft Visual Studio\2017\Community\Common7\IDE\CommonExtensions\Microsoft\MDD\Debugger\1045\OpenFolderSchema.json
[0b00:0004][2017-10-17T09:47:51] Timestamp updated for file 'C:\Program Files (x86)\Microsoft Visual Studio\2017\Community\Common7\IDE\CommonExtensions\Microsoft\MDD\Debugger\1045\OpenFolderSchema.json'.
[0b00:0004][2017-10-17T09:47:51] Processing file /Contents/Common7/IDE/CommonExtensions/Microsoft/MDD/Debugger/1046/OpenFolderSchema.json
[0b00:0004][2017-10-17T09:47:51] Started: Copying file /Contents/Common7/IDE/CommonExtensions/Microsoft/MDD/Debugger/1046/OpenFolderSchema.json to C:\Program Files (x86)\Microsoft Visual Studio\2017\Community\Common7\IDE\CommonExtensions\Microsoft\MDD\Debugger\1046\OpenFolderSchema.json
[0b00:0004][2017-10-17T09:47:51] Completed: Copying file /Contents/Common7/IDE/CommonExtensions/Microsoft/MDD/Debugger/1046/OpenFolderSchema.json to C:\Program Files (x86)\Microsoft Visual Studio\2017\Community\Common7\IDE\CommonExtensions\Microsoft\MDD\Debugger\1046\OpenFolderSchema.json
[0b00:0004][2017-10-17T09:47:51] Timestamp updated for file 'C:\Program Files (x86)\Microsoft Visual Studio\2017\Community\Common7\IDE\CommonExtensions\Microsoft\MDD\Debugger\1046\OpenFolderSchema.json'.
[0b00:0004][2017-10-17T09:47:51] Processing file /Contents/Common7/IDE/CommonExtensions/Microsoft/MDD/Debugger/1049/OpenFolderSchema.json
[0b00:0004][2017-10-17T09:47:51] Started: Copying file /Contents/Common7/IDE/CommonExtensions/Microsoft/MDD/Debugger/1049/OpenFolderSchema.json to C:\Program Files (x86)\Microsoft Visual Studio\2017\Community\Common7\IDE\CommonExtensions\Microsoft\MDD\Debugger\1049\OpenFolderSchema.json
[0b00:0004][2017-10-17T09:47:51] Completed: Copying file /Contents/Common7/IDE/CommonExtensions/Microsoft/MDD/Debugger/1049/OpenFolderSchema.json to C:\Program Files (x86)\Microsoft Visual Studio\2017\Community\Common7\IDE\CommonExtensions\Microsoft\MDD\Debugger\1049\OpenFolderSchema.json
[0b00:0004][2017-10-17T09:47:51] Timestamp updated for file 'C:\Program Files (x86)\Microsoft Visual Studio\2017\Community\Common7\IDE\CommonExtensions\Microsoft\MDD\Debugger\1049\OpenFolderSchema.json'.
[0b00:0004][2017-10-17T09:47:51] Processing file /Contents/Common7/IDE/CommonExtensions/Microsoft/MDD/Debugger/1055/OpenFolderSchema.json
[0b00:0004][2017-10-17T09:47:51] Started: Copying file /Contents/Common7/IDE/CommonExtensions/Microsoft/MDD/Debugger/1055/OpenFolderSchema.json to C:\Program Files (x86)\Microsoft Visual Studio\2017\Community\Common7\IDE\CommonExtensions\Microsoft\MDD\Debugger\1055\OpenFolderSchema.json
[0b00:0004][2017-10-17T09:47:51] Completed: Copying file /Contents/Common7/IDE/CommonExtensions/Microsoft/MDD/Debugger/1055/OpenFolderSchema.json to C:\Program Files (x86)\Microsoft Visual Studio\2017\Community\Common7\IDE\CommonExtensions\Microsoft\MDD\Debugger\1055\OpenFolderSchema.json
[0b00:0004][2017-10-17T09:47:51] Timestamp updated for file 'C:\Program Files (x86)\Microsoft Visual Studio\2017\Community\Common7\IDE\CommonExtensions\Microsoft\MDD\Debugger\1055\OpenFolderSchema.json'.
[0b00:0004][2017-10-17T09:47:51] Processing file /Contents/Common7/IDE/CommonExtensions/Microsoft/MDD/Debugger/2052/OpenFolderSchema.json
[0b00:0004][2017-10-17T09:47:51] Started: Copying file /Contents/Common7/IDE/CommonExtensions/Microsoft/MDD/Debugger/2052/OpenFolderSchema.json to C:\Program Files (x86)\Microsoft Visual Studio\2017\Community\Common7\IDE\CommonExtensions\Microsoft\MDD\Debugger\2052\OpenFolderSchema.json
[0b00:0004][2017-10-17T09:47:51] Completed: Copying file /Contents/Common7/IDE/CommonExtensions/Microsoft/MDD/Debugger/2052/OpenFolderSchema.json to C:\Program Files (x86)\Microsoft Visual Studio\2017\Community\Common7\IDE\CommonExtensions\Microsoft\MDD\Debugger\2052\OpenFolderSchema.json
[0b00:0004][2017-10-17T09:47:51] Timestamp updated for file 'C:\Program Files (x86)\Microsoft Visual Studio\2017\Community\Common7\IDE\CommonExtensions\Microsoft\MDD\Debugger\2052\OpenFolderSchema.json'.
[0b00:0004][2017-10-17T09:47:51] Processing file /Contents/Common7/IDE/CommonExtensions/Microsoft/MDD/Debugger/3082/OpenFolderSchema.json
[0b00:0004][2017-10-17T09:47:51] Started: Copying file /Contents/Common7/IDE/CommonExtensions/Microsoft/MDD/Debugger/3082/OpenFolderSchema.json to C:\Program Files (x86)\Microsoft Visual Studio\2017\Community\Common7\IDE\CommonExtensions\Microsoft\MDD\Debugger\3082\OpenFolderSchema.json
[0b00:0004][2017-10-17T09:47:51] Completed: Copying file /Contents/Common7/IDE/CommonExtensions/Microsoft/MDD/Debugger/3082/OpenFolderSchema.json to C:\Program Files (x86)\Microsoft Visual Studio\2017\Community\Common7\IDE\CommonExtensions\Microsoft\MDD\Debugger\3082\OpenFolderSchema.json
[0b00:0004][2017-10-17T09:47:51] Timestamp updated for file 'C:\Program Files (x86)\Microsoft Visual Studio\2017\Community\Common7\IDE\CommonExtensions\Microsoft\MDD\Debugger\3082\OpenFolderSchema.json'.
[0b00:0004][2017-10-17T09:47:51] Processing file /Contents/Common7/IDE/CommonExtensions/Microsoft/MDD/Debugger/Microsoft.Android.natvis
[0b00:0004][2017-10-17T09:47:51] Started: Copying file /Contents/Common7/IDE/CommonExtensions/Microsoft/MDD/Debugger/Microsoft.Android.natvis to C:\Program Files (x86)\Microsoft Visual Studio\2017\Community\Common7\IDE\CommonExtensions\Microsoft\MDD\Debugger\Microsoft.Android.natvis
[0b00:0004][2017-10-17T09:47:51] Completed: Copying file /Contents/Common7/IDE/CommonExtensions/Microsoft/MDD/Debugger/Microsoft.Android.natvis to C:\Program Files (x86)\Microsoft Visual Studio\2017\Community\Common7\IDE\CommonExtensions\Microsoft\MDD\Debugger\Microsoft.Android.natvis
[0b00:0004][2017-10-17T09:47:51] Timestamp updated for file 'C:\Program Files (x86)\Microsoft Visual Studio\2017\Community\Common7\IDE\CommonExtensions\Microsoft\MDD\Debugger\Microsoft.Android.natvis'.
[0b00:0004][2017-10-17T09:47:51] Processing file /Contents/Common7/IDE/CommonExtensions/Microsoft/MDD/Debugger/Microsoft.AndroidDebugLauncher.dll
[0b00:0004][2017-10-17T09:47:51] Started: Copying file /Contents/Common7/IDE/CommonExtensions/Microsoft/MDD/Debugger/Microsoft.AndroidDebugLauncher.dll to C:\Program Files (x86)\Microsoft Visual Studio\2017\Community\Common7\IDE\CommonExtensions\Microsoft\MDD\Debugger\Microsoft.AndroidDebugLauncher.dll
[0b00:0004][2017-10-17T09:47:51] Completed: Copying file /Contents/Common7/IDE/CommonExtensions/Microsoft/MDD/Debugger/Microsoft.AndroidDebugLauncher.dll to C:\Program Files (x86)\Microsoft Visual Studio\2017\Community\Common7\IDE\CommonExtensions\Microsoft\MDD\Debugger\Microsoft.AndroidDebugLauncher.dll
[0b00:0004][2017-10-17T09:47:51] Timestamp updated for file 'C:\Program Files (x86)\Microsoft Visual Studio\2017\Community\Common7\IDE\CommonExtensions\Microsoft\MDD\Debugger\Microsoft.AndroidDebugLauncher.dll'.
[0b00:0004][2017-10-17T09:47:51] Processing file /Contents/Common7/IDE/CommonExtensions/Microsoft/MDD/Debugger/Microsoft.AndroidDebugLauncher.pkgdef
[0b00:0004][2017-10-17T09:47:51] Started: Copying file /Contents/Common7/IDE/CommonExtensions/Microsoft/MDD/Debugger/Microsoft.AndroidDebugLauncher.pkgdef to C:\Program Files (x86)\Microsoft Visual Studio\2017\Community\Common7\IDE\CommonExtensions\Microsoft\MDD\Debugger\Microsoft.AndroidDebugLauncher.pkgdef
[0b00:0004][2017-10-17T09:47:51] Completed: Copying file /Contents/Common7/IDE/CommonExtensions/Microsoft/MDD/Debugger/Microsoft.AndroidDebugLauncher.pkgdef to C:\Program Files (x86)\Microsoft Visual Studio\2017\Community\Common7\IDE\CommonExtensions\Microsoft\MDD\Debugger\Microsoft.AndroidDebugLauncher.pkgdef
[0b00:0004][2017-10-17T09:47:51] Timestamp updated for file 'C:\Program Files (x86)\Microsoft Visual Studio\2017\Community\Common7\IDE\CommonExtensions\Microsoft\MDD\Debugger\Microsoft.AndroidDebugLauncher.pkgdef'.
[0b00:0004][2017-10-17T09:47:51] Processing file /Contents/Common7/IDE/CommonExtensions/Microsoft/MDD/Debugger/Microsoft.DebugEngineHost.dll
[0b00:0004][2017-10-17T09:47:51] Started: Copying file /Contents/Common7/IDE/CommonExtensions/Microsoft/MDD/Debugger/Microsoft.DebugEngineHost.dll to C:\Program Files (x86)\Microsoft Visual Studio\2017\Community\Common7\IDE\CommonExtensions\Microsoft\MDD\Debugger\Microsoft.DebugEngineHost.dll
[0b00:0004][2017-10-17T09:47:51] Completed: Copying file /Contents/Common7/IDE/CommonExtensions/Microsoft/MDD/Debugger/Microsoft.DebugEngineHost.dll to C:\Program Files (x86)\Microsoft Visual Studio\2017\Community\Common7\IDE\CommonExtensions\Microsoft\MDD\Debugger\Microsoft.DebugEngineHost.dll
[0b00:0004][2017-10-17T09:47:51] Timestamp updated for file 'C:\Program Files (x86)\Microsoft Visual Studio\2017\Community\Common7\IDE\CommonExtensions\Microsoft\MDD\Debugger\Microsoft.DebugEngineHost.dll'.
[0b00:0004][2017-10-17T09:47:51] Processing file /Contents/Common7/IDE/CommonExtensions/Microsoft/MDD/Debugger/Microsoft.IOSDebugLauncher.dll
[0b00:0004][2017-10-17T09:47:51] Started: Copying file /Contents/Common7/IDE/CommonExtensions/Microsoft/MDD/Debugger/Microsoft.IOSDebugLauncher.dll to C:\Program Files (x86)\Microsoft Visual Studio\2017\Community\Common7\IDE\CommonExtensions\Microsoft\MDD\Debugger\Microsoft.IOSDebugLauncher.dll
[0b00:0004][2017-10-17T09:47:51] Completed: Copying file /Contents/Common7/IDE/CommonExtensions/Microsoft/MDD/Debugger/Microsoft.IOSDebugLauncher.dll to C:\Program Files (x86)\Microsoft Visual Studio\2017\Community\Common7\IDE\CommonExtensions\Microsoft\MDD\Debugger\Microsoft.IOSDebugLauncher.dll
[0b00:0004][2017-10-17T09:47:51] Timestamp updated for file 'C:\Program Files (x86)\Microsoft Visual Studio\2017\Community\Common7\IDE\CommonExtensions\Microsoft\MDD\Debugger\Microsoft.IOSDebugLauncher.dll'.
[0b00:0004][2017-10-17T09:47:51] Processing file /Contents/Common7/IDE/CommonExtensions/Microsoft/MDD/Debugger/Microsoft.IOSDebugLauncher.pkgdef
[0b00:0004][2017-10-17T09:47:51] Started: Copying file /Contents/Common7/IDE/CommonExtensions/Microsoft/MDD/Debugger/Microsoft.IOSDebugLauncher.pkgdef to C:\Program Files (x86)\Microsoft Visual Studio\2017\Community\Common7\IDE\CommonExtensions\Microsoft\MDD\Debugger\Microsoft.IOSDebugLauncher.pkgdef
[0b00:0004][2017-10-17T09:47:51] Completed: Copying file /Contents/Common7/IDE/CommonExtensions/Microsoft/MDD/Debugger/Microsoft.IOSDebugLauncher.pkgdef to C:\Program Files (x86)\Microsoft Visual Studio\2017\Community\Common7\IDE\CommonExtensions\Microsoft\MDD\Debugger\Microsoft.IOSDebugLauncher.pkgdef
[0b00:0004][2017-10-17T09:47:51] Timestamp updated for file 'C:\Program Files (x86)\Microsoft Visual Studio\2017\Community\Common7\IDE\CommonExtensions\Microsoft\MDD\Debugger\Microsoft.IOSDebugLauncher.pkgdef'.
[0b00:0004][2017-10-17T09:47:51] Processing file /Contents/Common7/IDE/CommonExtensions/Microsoft/MDD/Debugger/Microsoft.JDbg.dll
[0b00:0004][2017-10-17T09:47:51] Started: Copying file /Contents/Common7/IDE/CommonExtensions/Microsoft/MDD/Debugger/Microsoft.JDbg.dll to C:\Program Files (x86)\Microsoft Visual Studio\2017\Community\Common7\IDE\CommonExtensions\Microsoft\MDD\Debugger\Microsoft.JDbg.dll
[0b00:0004][2017-10-17T09:47:51] Completed: Copying file /Contents/Common7/IDE/CommonExtensions/Microsoft/MDD/Debugger/Microsoft.JDbg.dll to C:\Program Files (x86)\Microsoft Visual Studio\2017\Community\Common7\IDE\CommonExtensions\Microsoft\MDD\Debugger\Microsoft.JDbg.dll
[0b00:0004][2017-10-17T09:47:51] Timestamp updated for file 'C:\Program Files (x86)\Microsoft Visual Studio\2017\Community\Common7\IDE\CommonExtensions\Microsoft\MDD\Debugger\Microsoft.JDbg.dll'.
[0b00:0004][2017-10-17T09:47:51] Processing file /Contents/Common7/IDE/CommonExtensions/Microsoft/MDD/Debugger/Microsoft.Kofe.Engine.dll
[0b00:0004][2017-10-17T09:47:51] Started: Copying file /Contents/Common7/IDE/CommonExtensions/Microsoft/MDD/Debugger/Microsoft.Kofe.Engine.dll to C:\Program Files (x86)\Microsoft Visual Studio\2017\Community\Common7\IDE\CommonExtensions\Microsoft\MDD\Debugger\Microsoft.Kofe.Engine.dll
[0b00:0004][2017-10-17T09:47:51] Completed: Copying file /Contents/Common7/IDE/CommonExtensions/Microsoft/MDD/Debugger/Microsoft.Kofe.Engine.dll to C:\Program Files (x86)\Microsoft Visual Studio\2017\Community\Common7\IDE\CommonExtensions\Microsoft\MDD\Debugger\Microsoft.Kofe.Engine.dll
[0b00:0004][2017-10-17T09:47:51] Timestamp updated for file 'C:\Program Files (x86)\Microsoft Visual Studio\2017\Community\Common7\IDE\CommonExtensions\Microsoft\MDD\Debugger\Microsoft.Kofe.Engine.dll'.
[0b00:0004][2017-10-17T09:47:51] Processing file /Contents/Common7/IDE/CommonExtensions/Microsoft/MDD/Debugger/Microsoft.Kofe.Engine.pkgdef
[0b00:0004][2017-10-17T09:47:51] Started: Copying file /Contents/Common7/IDE/CommonExtensions/Microsoft/MDD/Debugger/Microsoft.Kofe.Engine.pkgdef to C:\Program Files (x86)\Microsoft Visual Studio\2017\Community\Common7\IDE\CommonExtensions\Microsoft\MDD\Debugger\Microsoft.Kofe.Engine.pkgdef
[0b00:0004][2017-10-17T09:47:51] Completed: Copying file /Contents/Common7/IDE/CommonExtensions/Microsoft/MDD/Debugger/Microsoft.Kofe.Engine.pkgdef to C:\Program Files (x86)\Microsoft Visual Studio\2017\Community\Common7\IDE\CommonExtensions\Microsoft\MDD\Debugger\Microsoft.Kofe.Engine.pkgdef
[0b00:0004][2017-10-17T09:47:51] Timestamp updated for file 'C:\Program Files (x86)\Microsoft Visual Studio\2017\Community\Common7\IDE\CommonExtensions\Microsoft\MDD\Debugger\Microsoft.Kofe.Engine.pkgdef'.
[0b00:0004][2017-10-17T09:47:51] Processing file /Contents/Common7/IDE/CommonExtensions/Microsoft/MDD/Debugger/Microsoft.Kofe.IJDWP.dll
[0b00:0004][2017-10-17T09:47:51] Started: Copying file /Contents/Common7/IDE/CommonExtensions/Microsoft/MDD/Debugger/Microsoft.Kofe.IJDWP.dll to C:\Program Files (x86)\Microsoft Visual Studio\2017\Community\Common7\IDE\CommonExtensions\Microsoft\MDD\Debugger\Microsoft.Kofe.IJDWP.dll
[0b00:0004][2017-10-17T09:47:51] Completed: Copying file /Contents/Common7/IDE/CommonExtensions/Microsoft/MDD/Debugger/Microsoft.Kofe.IJDWP.dll to C:\Program Files (x86)\Microsoft Visual Studio\2017\Community\Common7\IDE\CommonExtensions\Microsoft\MDD\Debugger\Microsoft.Kofe.IJDWP.dll
[0b00:0004][2017-10-17T09:47:51] Timestamp updated for file 'C:\Program Files (x86)\Microsoft Visual Studio\2017\Community\Common7\IDE\CommonExtensions\Microsoft\MDD\Debugger\Microsoft.Kofe.IJDWP.dll'.
[0b00:0004][2017-10-17T09:47:51] Processing file /Contents/Common7/IDE/CommonExtensions/Microsoft/MDD/Debugger/Microsoft.Kofe.JDWP.config
[0b00:0004][2017-10-17T09:47:51] Started: Copying file /Contents/Common7/IDE/CommonExtensions/Microsoft/MDD/Debugger/Microsoft.Kofe.JDWP.config to C:\Program Files (x86)\Microsoft Visual Studio\2017\Community\Common7\IDE\CommonExtensions\Microsoft\MDD\Debugger\Microsoft.Kofe.JDWP.config
[0b00:0004][2017-10-17T09:47:51] Completed: Copying file /Contents/Common7/IDE/CommonExtensions/Microsoft/MDD/Debugger/Microsoft.Kofe.JDWP.config to C:\Program Files (x86)\Microsoft Visual Studio\2017\Community\Common7\IDE\CommonExtensions\Microsoft\MDD\Debugger\Microsoft.Kofe.JDWP.config
[0b00:0004][2017-10-17T09:47:51] Timestamp updated for file 'C:\Program Files (x86)\Microsoft Visual Studio\2017\Community\Common7\IDE\CommonExtensions\Microsoft\MDD\Debugger\Microsoft.Kofe.JDWP.config'.
[0b00:0004][2017-10-17T09:47:51] Processing file /Contents/Common7/IDE/CommonExtensions/Microsoft/MDD/Debugger/Microsoft.Kofe.JDWP.dll
[0b00:0004][2017-10-17T09:47:51] Started: Copying file /Contents/Common7/IDE/CommonExtensions/Microsoft/MDD/Debugger/Microsoft.Kofe.JDWP.dll to C:\Program Files (x86)\Microsoft Visual Studio\2017\Community\Common7\IDE\CommonExtensions\Microsoft\MDD\Debugger\Microsoft.Kofe.JDWP.dll
[0b00:0004][2017-10-17T09:47:51] Completed: Copying file /Contents/Common7/IDE/CommonExtensions/Microsoft/MDD/Debugger/Microsoft.Kofe.JDWP.dll to C:\Program Files (x86)\Microsoft Visual Studio\2017\Community\Common7\IDE\CommonExtensions\Microsoft\MDD\Debugger\Microsoft.Kofe.JDWP.dll
[0b00:0004][2017-10-17T09:47:51] Timestamp updated for file 'C:\Program Files (x86)\Microsoft Visual Studio\2017\Community\Common7\IDE\CommonExtensions\Microsoft\MDD\Debugger\Microsoft.Kofe.JDWP.dll'.
[0b00:0004][2017-10-17T09:47:51] Processing file /Contents/Common7/IDE/CommonExtensions/Microsoft/MDD/Debugger/Microsoft.Kofe.Package.dll
[0b00:0004][2017-10-17T09:47:51] Started: Copying file /Contents/Common7/IDE/CommonExtensions/Microsoft/MDD/Debugger/Microsoft.Kofe.Package.dll to C:\Program Files (x86)\Microsoft Visual Studio\2017\Community\Common7\IDE\CommonExtensions\Microsoft\MDD\Debugger\Microsoft.Kofe.Package.dll
[0b00:0004][2017-10-17T09:47:51] Completed: Copying file /Contents/Common7/IDE/CommonExtensions/Microsoft/MDD/Debugger/Microsoft.Kofe.Package.dll to C:\Program Files (x86)\Microsoft Visual Studio\2017\Community\Common7\IDE\CommonExtensions\Microsoft\MDD\Debugger\Microsoft.Kofe.Package.dll
[0b00:0004][2017-10-17T09:47:51] Timestamp updated for file 'C:\Program Files (x86)\Microsoft Visual Studio\2017\Community\Common7\IDE\CommonExtensions\Microsoft\MDD\Debugger\Microsoft.Kofe.Package.dll'.
[0b00:0004][2017-10-17T09:47:51] Processing file /Contents/Common7/IDE/CommonExtensions/Microsoft/MDD/Debugger/Microsoft.Kofe.Package.pkgdef
[0b00:0004][2017-10-17T09:47:51] Started: Copying file /Contents/Common7/IDE/CommonExtensions/Microsoft/MDD/Debugger/Microsoft.Kofe.Package.pkgdef to C:\Program Files (x86)\Microsoft Visual Studio\2017\Community\Common7\IDE\CommonExtensions\Microsoft\MDD\Debugger\Microsoft.Kofe.Package.pkgdef
[0b00:0004][2017-10-17T09:47:51] Completed: Copying file /Contents/Common7/IDE/CommonExtensions/Microsoft/MDD/Debugger/Microsoft.Kofe.Package.pkgdef to C:\Program Files (x86)\Microsoft Visual Studio\2017\Community\Common7\IDE\CommonExtensions\Microsoft\MDD\Debugger\Microsoft.Kofe.Package.pkgdef
[0b00:0004][2017-10-17T09:47:51] Timestamp updated for file 'C:\Program Files (x86)\Microsoft Visual Studio\2017\Community\Common7\IDE\CommonExtensions\Microsoft\MDD\Debugger\Microsoft.Kofe.Package.pkgdef'.
[0b00:0004][2017-10-17T09:47:51] Processing file /Contents/Common7/IDE/CommonExtensions/Microsoft/MDD/Debugger/Microsoft.MICore.dll
[0b00:0004][2017-10-17T09:47:51] Started: Copying file /Contents/Common7/IDE/CommonExtensions/Microsoft/MDD/Debugger/Microsoft.MICore.dll to C:\Program Files (x86)\Microsoft Visual Studio\2017\Community\Common7\IDE\CommonExtensions\Microsoft\MDD\Debugger\Microsoft.MICore.dll
[0b00:0004][2017-10-17T09:47:51] Completed: Copying file /Contents/Common7/IDE/CommonExtensions/Microsoft/MDD/Debugger/Microsoft.MICore.dll to C:\Program Files (x86)\Microsoft Visual Studio\2017\Community\Common7\IDE\CommonExtensions\Microsoft\MDD\Debugger\Microsoft.MICore.dll
[0b00:0004][2017-10-17T09:47:51] Timestamp updated for file 'C:\Program Files (x86)\Microsoft Visual Studio\2017\Community\Common7\IDE\CommonExtensions\Microsoft\MDD\Debugger\Microsoft.MICore.dll'.
[0b00:0004][2017-10-17T09:47:51] Processing file /Contents/Common7/IDE/CommonExtensions/Microsoft/MDD/Debugger/Microsoft.MICore.XmlSerializers.dll
[0b00:0004][2017-10-17T09:47:51] Started: Copying file /Contents/Common7/IDE/CommonExtensions/Microsoft/MDD/Debugger/Microsoft.MICore.XmlSerializers.dll to C:\Program Files (x86)\Microsoft Visual Studio\2017\Community\Common7\IDE\CommonExtensions\Microsoft\MDD\Debugger\Microsoft.MICore.XmlSerializers.dll
[0b00:0004][2017-10-17T09:47:51] Completed: Copying file /Contents/Common7/IDE/CommonExtensions/Microsoft/MDD/Debugger/Microsoft.MICore.XmlSerializers.dll to C:\Program Files (x86)\Microsoft Visual Studio\2017\Community\Common7\IDE\CommonExtensions\Microsoft\MDD\Debugger\Microsoft.MICore.XmlSerializers.dll
[0b00:0004][2017-10-17T09:47:51] Timestamp updated for file 'C:\Program Files (x86)\Microsoft Visual Studio\2017\Community\Common7\IDE\CommonExtensions\Microsoft\MDD\Debugger\Microsoft.MICore.XmlSerializers.dll'.
[0b00:0004][2017-10-17T09:47:51] Processing file /Contents/Common7/IDE/CommonExtensions/Microsoft/MDD/Debugger/Microsoft.MIDebugEngine.dll
[0b00:0004][2017-10-17T09:47:51] Started: Copying file /Contents/Common7/IDE/CommonExtensions/Microsoft/MDD/Debugger/Microsoft.MIDebugEngine.dll to C:\Program Files (x86)\Microsoft Visual Studio\2017\Community\Common7\IDE\CommonExtensions\Microsoft\MDD\Debugger\Microsoft.MIDebugEngine.dll
[0b00:0004][2017-10-17T09:47:51] Completed: Copying file /Contents/Common7/IDE/CommonExtensions/Microsoft/MDD/Debugger/Microsoft.MIDebugEngine.dll to C:\Program Files (x86)\Microsoft Visual Studio\2017\Community\Common7\IDE\CommonExtensions\Microsoft\MDD\Debugger\Microsoft.MIDebugEngine.dll
[0b00:0004][2017-10-17T09:47:51] Timestamp updated for file 'C:\Program Files (x86)\Microsoft Visual Studio\2017\Community\Common7\IDE\CommonExtensions\Microsoft\MDD\Debugger\Microsoft.MIDebugEngine.dll'.
[0b00:0004][2017-10-17T09:47:51] Processing file /Contents/Common7/IDE/CommonExtensions/Microsoft/MDD/Debugger/Microsoft.MIDebugEngine.pkgdef
[0b00:0004][2017-10-17T09:47:51] Started: Copying file /Contents/Common7/IDE/CommonExtensions/Microsoft/MDD/Debugger/Microsoft.MIDebugEngine.pkgdef to C:\Program Files (x86)\Microsoft Visual Studio\2017\Community\Common7\IDE\CommonExtensions\Microsoft\MDD\Debugger\Microsoft.MIDebugEngine.pkgdef
[0b00:0004][2017-10-17T09:47:51] Completed: Copying file /Contents/Common7/IDE/CommonExtensions/Microsoft/MDD/Debugger/Microsoft.MIDebugEngine.pkgdef to C:\Program Files (x86)\Microsoft Visual Studio\2017\Community\Common7\IDE\CommonExtensions\Microsoft\MDD\Debugger\Microsoft.MIDebugEngine.pkgdef
[0b00:0004][2017-10-17T09:47:51] Timestamp updated for file 'C:\Program Files (x86)\Microsoft Visual Studio\2017\Community\Common7\IDE\CommonExtensions\Microsoft\MDD\Debugger\Microsoft.MIDebugEngine.pkgdef'.
[0b00:0004][2017-10-17T09:47:51] Processing file /Contents/Common7/IDE/CommonExtensions/Microsoft/MDD/Debugger/Microsoft.MIDebugPackage.dll
[0b00:0004][2017-10-17T09:47:51] Started: Copying file /Contents/Common7/IDE/CommonExtensions/Microsoft/MDD/Debugger/Microsoft.MIDebugPackage.dll to C:\Program Files (x86)\Microsoft Visual Studio\2017\Community\Common7\IDE\CommonExtensions\Microsoft\MDD\Debugger\Microsoft.MIDebugPackage.dll
[0b00:0004][2017-10-17T09:47:51] Completed: Copying file /Contents/Common7/IDE/CommonExtensions/Microsoft/MDD/Debugger/Microsoft.MIDebugPackage.dll to C:\Program Files (x86)\Microsoft Visual Studio\2017\Community\Common7\IDE\CommonExtensions\Microsoft\MDD\Debugger\Microsoft.MIDebugPackage.dll
[0b00:0004][2017-10-17T09:47:51] Timestamp updated for file 'C:\Program Files (x86)\Microsoft Visual Studio\2017\Community\Common7\IDE\CommonExtensions\Microsoft\MDD\Debugger\Microsoft.MIDebugPackage.dll'.
[0b00:0004][2017-10-17T09:47:51] Processing file /Contents/Common7/IDE/CommonExtensions/Microsoft/MDD/Debugger/Microsoft.MIDebugPackage.pkgdef
[0b00:0004][2017-10-17T09:47:51] Started: Copying file /Contents/Common7/IDE/CommonExtensions/Microsoft/MDD/Debugger/Microsoft.MIDebugPackage.pkgdef to C:\Program Files (x86)\Microsoft Visual Studio\2017\Community\Common7\IDE\CommonExtensions\Microsoft\MDD\Debugger\Microsoft.MIDebugPackage.pkgdef
[0b00:0004][2017-10-17T09:47:51] Completed: Copying file /Contents/Common7/IDE/CommonExtensions/Microsoft/MDD/Debugger/Microsoft.MIDebugPackage.pkgdef to C:\Program Files (x86)\Microsoft Visual Studio\2017\Community\Common7\IDE\CommonExtensions\Microsoft\MDD\Debugger\Microsoft.MIDebugPackage.pkgdef
[0b00:0004][2017-10-17T09:47:51] Timestamp updated for file 'C:\Program Files (x86)\Microsoft Visual Studio\2017\Community\Common7\IDE\CommonExtensions\Microsoft\MDD\Debugger\Microsoft.MIDebugPackage.pkgdef'.
[0b00:0004][2017-10-17T09:47:51] Processing file /Contents/Common7/IDE/CommonExtensions/Microsoft/MDD/Debugger/Microsoft.SSHDebugPS.dll
[0b00:0004][2017-10-17T09:47:51] Started: Copying file /Contents/Common7/IDE/CommonExtensions/Microsoft/MDD/Debugger/Microsoft.SSHDebugPS.dll to C:\Program Files (x86)\Microsoft Visual Studio\2017\Community\Common7\IDE\CommonExtensions\Microsoft\MDD\Debugger\Microsoft.SSHDebugPS.dll
[0b00:0004][2017-10-17T09:47:51] Completed: Copying file /Contents/Common7/IDE/CommonExtensions/Microsoft/MDD/Debugger/Microsoft.SSHDebugPS.dll to C:\Program Files (x86)\Microsoft Visual Studio\2017\Community\Common7\IDE\CommonExtensions\Microsoft\MDD\Debugger\Microsoft.SSHDebugPS.dll
[0b00:0004][2017-10-17T09:47:51] Timestamp updated for file 'C:\Program Files (x86)\Microsoft Visual Studio\2017\Community\Common7\IDE\CommonExtensions\Microsoft\MDD\Debugger\Microsoft.SSHDebugPS.dll'.
[0b00:0004][2017-10-17T09:47:51] Processing file /Contents/Common7/IDE/CommonExtensions/Microsoft/MDD/Debugger/Microsoft.SSHDebugPS.pkgdef
[0b00:0004][2017-10-17T09:47:51] Started: Copying file /Contents/Common7/IDE/CommonExtensions/Microsoft/MDD/Debugger/Microsoft.SSHDebugPS.pkgdef to C:\Program Files (x86)\Microsoft Visual Studio\2017\Community\Common7\IDE\CommonExtensions\Microsoft\MDD\Debugger\Microsoft.SSHDebugPS.pkgdef
[0b00:0004][2017-10-17T09:47:51] Completed: Copying file /Contents/Common7/IDE/CommonExtensions/Microsoft/MDD/Debugger/Microsoft.SSHDebugPS.pkgdef to C:\Program Files (x86)\Microsoft Visual Studio\2017\Community\Common7\IDE\CommonExtensions\Microsoft\MDD\Debugger\Microsoft.SSHDebugPS.pkgdef
[0b00:0004][2017-10-17T09:47:51] Timestamp updated for file 'C:\Program Files (x86)\Microsoft Visual Studio\2017\Community\Common7\IDE\CommonExtensions\Microsoft\MDD\Debugger\Microsoft.SSHDebugPS.pkgdef'.
[0b00:0004][2017-10-17T09:47:51] Processing file /Contents/Common7/IDE/CommonExtensions/Microsoft/MDD/Debugger/OpenFolderSchema.json
[0b00:0004][2017-10-17T09:47:51] Started: Copying file /Contents/Common7/IDE/CommonExtensions/Microsoft/MDD/Debugger/OpenFolderSchema.json to C:\Program Files (x86)\Microsoft Visual Studio\2017\Community\Common7\IDE\CommonExtensions\Microsoft\MDD\Debugger\OpenFolderSchema.json
[0b00:0004][2017-10-17T09:47:51] Completed: Copying file /Contents/Common7/IDE/CommonExtensions/Microsoft/MDD/Debugger/OpenFolderSchema.json to C:\Program Files (x86)\Microsoft Visual Studio\2017\Community\Common7\IDE\CommonExtensions\Microsoft\MDD\Debugger\OpenFolderSchema.json
[0b00:0004][2017-10-17T09:47:51] Timestamp updated for file 'C:\Program Files (x86)\Microsoft Visual Studio\2017\Community\Common7\IDE\CommonExtensions\Microsoft\MDD\Debugger\OpenFolderSchema.json'.
[0b00:0004][2017-10-17T09:47:51] Processing file /contents/Common7/IDE/ProjectTemplates/Microsoft.VisualStudio.VC.Ide.MDD.Project..vstman
[0b00:0004][2017-10-17T09:47:51] Started: Copying file /contents/Common7/IDE/ProjectTemplates/Microsoft.VisualStudio.VC.Ide.MDD.Project..vstman to C:\Program Files (x86)\Microsoft Visual Studio\2017\Community\Common7\IDE\ProjectTemplates\Microsoft.VisualStudio.VC.Ide.MDD.Project..vstman
[0b00:0004][2017-10-17T09:47:51] Completed: Copying file /contents/Common7/IDE/ProjectTemplates/Microsoft.VisualStudio.VC.Ide.MDD.Project..vstman to C:\Program Files (x86)\Microsoft Visual Studio\2017\Community\Common7\IDE\ProjectTemplates\Microsoft.VisualStudio.VC.Ide.MDD.Project..vstman
[0b00:0004][2017-10-17T09:47:51] Timestamp updated for file 'C:\Program Files (x86)\Microsoft Visual Studio\2017\Community\Common7\IDE\ProjectTemplates\Microsoft.VisualStudio.VC.Ide.MDD.Project..vstman'.
[0b00:0004][2017-10-17T09:47:51] Processing file /Contents/Common7/IDE/ProjectTemplates/VC/Cross%20Platform/Cross%20Platform.VSTDIR
[0b00:0004][2017-10-17T09:47:51] Started: Copying file /Contents/Common7/IDE/ProjectTemplates/VC/Cross%20Platform/Cross%20Platform.VSTDIR to C:\Program Files (x86)\Microsoft Visual Studio\2017\Community\Common7\IDE\ProjectTemplates\VC\Cross Platform\Cross Platform.VSTDIR
[0b00:0004][2017-10-17T09:47:51] Completed: Copying file /Contents/Common7/IDE/ProjectTemplates/VC/Cross%20Platform/Cross%20Platform.VSTDIR to C:\Program Files (x86)\Microsoft Visual Studio\2017\Community\Common7\IDE\ProjectTemplates\VC\Cross Platform\Cross Platform.VSTDIR
[0b00:0004][2017-10-17T09:47:51] Timestamp updated for file 'C:\Program Files (x86)\Microsoft Visual Studio\2017\Community\Common7\IDE\ProjectTemplates\VC\Cross Platform\Cross Platform.VSTDIR'.
[0b00:0004][2017-10-17T09:47:51] Package executed successfully. Return code: 0
