[0b00:0004][2017-10-17T09:47:45] Opening the package for processing
[0b00:0004][2017-10-17T09:47:45] Using package payload to get the embedded manifest
[0b00:0004][2017-10-17T09:47:45] Getting list of files within the package
[0b00:0004][2017-10-17T09:47:45] Processing file /Contents/Team%20Tools/Performance%20Tools/KernelTraceControl.dll
[0b00:0004][2017-10-17T09:47:45] Started: Copying file /Contents/Team%20Tools/Performance%20Tools/KernelTraceControl.dll to C:\Program Files (x86)\Microsoft Visual Studio\2017\Community\Team Tools\Performance Tools\KernelTraceControl.dll
[0b00:0004][2017-10-17T09:47:45] Completed: Copying file /Contents/Team%20Tools/Performance%20Tools/KernelTraceControl.dll to C:\Program Files (x86)\Microsoft Visual Studio\2017\Community\Team Tools\Performance Tools\KernelTraceControl.dll
[0b00:0004][2017-10-17T09:47:45] Timestamp updated for file 'C:\Program Files (x86)\Microsoft Visual Studio\2017\Community\Team Tools\Performance Tools\KernelTraceControl.dll'.
[0b00:0004][2017-10-17T09:47:45] Processing file /Contents/Team%20Tools/Performance%20Tools/vsperfrelogger.dll
[0b00:0004][2017-10-17T09:47:45] Started: Copying file /Contents/Team%20Tools/Performance%20Tools/vsperfrelogger.dll to C:\Program Files (x86)\Microsoft Visual Studio\2017\Community\Team Tools\Performance Tools\vsperfrelogger.dll
[0b00:0004][2017-10-17T09:47:45] Completed: Copying file /Contents/Team%20Tools/Performance%20Tools/vsperfrelogger.dll to C:\Program Files (x86)\Microsoft Visual Studio\2017\Community\Team Tools\Performance Tools\vsperfrelogger.dll
[0b00:0004][2017-10-17T09:47:45] Timestamp updated for file 'C:\Program Files (x86)\Microsoft Visual Studio\2017\Community\Team Tools\Performance Tools\vsperfrelogger.dll'.
[0b00:0004][2017-10-17T09:47:45] Processing file /Contents/Team%20Tools/Performance%20Tools/x64/KernelTraceControl.dll
[0b00:0004][2017-10-17T09:47:45] Started: Copying file /Contents/Team%20Tools/Performance%20Tools/x64/KernelTraceControl.dll to C:\Program Files (x86)\Microsoft Visual Studio\2017\Community\Team Tools\Performance Tools\x64\KernelTraceControl.dll
[0b00:0004][2017-10-17T09:47:45] Completed: Copying file /Contents/Team%20Tools/Performance%20Tools/x64/KernelTraceControl.dll to C:\Program Files (x86)\Microsoft Visual Studio\2017\Community\Team Tools\Performance Tools\x64\KernelTraceControl.dll
[0b00:0004][2017-10-17T09:47:45] Timestamp updated for file 'C:\Program Files (x86)\Microsoft Visual Studio\2017\Community\Team Tools\Performance Tools\x64\KernelTraceControl.dll'.
[0b00:0004][2017-10-17T09:47:45] Processing file /Contents/Team%20Tools/Performance%20Tools/x64/msdia140.dll
[0b00:0004][2017-10-17T09:47:45] Started: Copying file /Contents/Team%20Tools/Performance%20Tools/x64/msdia140.dll to C:\Program Files (x86)\Microsoft Visual Studio\2017\Community\Team Tools\Performance Tools\x64\msdia140.dll
[0b00:0004][2017-10-17T09:47:45] Completed: Copying file /Contents/Team%20Tools/Performance%20Tools/x64/msdia140.dll to C:\Program Files (x86)\Microsoft Visual Studio\2017\Community\Team Tools\Performance Tools\x64\msdia140.dll
[0b00:0004][2017-10-17T09:47:45] Timestamp updated for file 'C:\Program Files (x86)\Microsoft Visual Studio\2017\Community\Team Tools\Performance Tools\x64\msdia140.dll'.
[0b00:0004][2017-10-17T09:47:45] Processing file /Contents/Team%20Tools/Performance%20Tools/x64/msdia140.dll.manifest
[0b00:0004][2017-10-17T09:47:45] Started: Copying file /Contents/Team%20Tools/Performance%20Tools/x64/msdia140.dll.manifest to C:\Program Files (x86)\Microsoft Visual Studio\2017\Community\Team Tools\Performance Tools\x64\msdia140.dll.manifest
[0b00:0004][2017-10-17T09:47:45] Completed: Copying file /Contents/Team%20Tools/Performance%20Tools/x64/msdia140.dll.manifest to C:\Program Files (x86)\Microsoft Visual Studio\2017\Community\Team Tools\Performance Tools\x64\msdia140.dll.manifest
[0b00:0004][2017-10-17T09:47:45] Timestamp updated for file 'C:\Program Files (x86)\Microsoft Visual Studio\2017\Community\Team Tools\Performance Tools\x64\msdia140.dll.manifest'.
[0b00:0004][2017-10-17T09:47:45] Processing file /Contents/Team%20Tools/Performance%20Tools/x64/vsinstr.exe
[0b00:0004][2017-10-17T09:47:45] Started: Copying file /Contents/Team%20Tools/Performance%20Tools/x64/vsinstr.exe to C:\Program Files (x86)\Microsoft Visual Studio\2017\Community\Team Tools\Performance Tools\x64\vsinstr.exe
[0b00:0004][2017-10-17T09:47:45] Completed: Copying file /Contents/Team%20Tools/Performance%20Tools/x64/vsinstr.exe to C:\Program Files (x86)\Microsoft Visual Studio\2017\Community\Team Tools\Performance Tools\x64\vsinstr.exe
[0b00:0004][2017-10-17T09:47:45] Timestamp updated for file 'C:\Program Files (x86)\Microsoft Visual Studio\2017\Community\Team Tools\Performance Tools\x64\vsinstr.exe'.
[0b00:0004][2017-10-17T09:47:45] Processing file /Contents/Team%20Tools/Performance%20Tools/x64/vsperfrelogger.dll
[0b00:0004][2017-10-17T09:47:45] Started: Copying file /Contents/Team%20Tools/Performance%20Tools/x64/vsperfrelogger.dll to C:\Program Files (x86)\Microsoft Visual Studio\2017\Community\Team Tools\Performance Tools\x64\vsperfrelogger.dll
[0b00:0004][2017-10-17T09:47:45] Completed: Copying file /Contents/Team%20Tools/Performance%20Tools/x64/vsperfrelogger.dll to C:\Program Files (x86)\Microsoft Visual Studio\2017\Community\Team Tools\Performance Tools\x64\vsperfrelogger.dll
[0b00:0004][2017-10-17T09:47:45] Timestamp updated for file 'C:\Program Files (x86)\Microsoft Visual Studio\2017\Community\Team Tools\Performance Tools\x64\vsperfrelogger.dll'.
[0b00:0004][2017-10-17T09:47:45] Processing file /Contents/Team%20Tools/Performance%20Tools/x64/vspmsg.dll
[0b00:0004][2017-10-17T09:47:45] Started: Copying file /Contents/Team%20Tools/Performance%20Tools/x64/vspmsg.dll to C:\Program Files (x86)\Microsoft Visual Studio\2017\Community\Team Tools\Performance Tools\x64\vspmsg.dll
[0b00:0004][2017-10-17T09:47:45] Completed: Copying file /Contents/Team%20Tools/Performance%20Tools/x64/vspmsg.dll to C:\Program Files (x86)\Microsoft Visual Studio\2017\Community\Team Tools\Performance Tools\x64\vspmsg.dll
[0b00:0004][2017-10-17T09:47:45] Timestamp updated for file 'C:\Program Files (x86)\Microsoft Visual Studio\2017\Community\Team Tools\Performance Tools\x64\vspmsg.dll'.
[0b00:0004][2017-10-17T09:47:45] Package executed successfully. Return code: 0
