[0b00:0004][2017-10-17T09:47:46] Opening the package for processing
[0b00:0004][2017-10-17T09:47:46] Using package payload to get the embedded manifest
[0b00:0004][2017-10-17T09:47:46] Getting list of files within the package
[0b00:0004][2017-10-17T09:47:46] Processing file /Contents/Common7/IDE/CommonExtensions/Microsoft/Editors/Microsoft.VisualStudio.Editors.ClickOnce.pkgdef
[0b00:0004][2017-10-17T09:47:46] Started: Copying file /Contents/Common7/IDE/CommonExtensions/Microsoft/Editors/Microsoft.VisualStudio.Editors.ClickOnce.pkgdef to C:\Program Files (x86)\Microsoft Visual Studio\2017\Community\Common7\IDE\CommonExtensions\Microsoft\Editors\Microsoft.VisualStudio.Editors.ClickOnce.pkgdef
[0b00:0004][2017-10-17T09:47:46] Completed: Copying file /Contents/Common7/IDE/CommonExtensions/Microsoft/Editors/Microsoft.VisualStudio.Editors.ClickOnce.pkgdef to C:\Program Files (x86)\Microsoft Visual Studio\2017\Community\Common7\IDE\CommonExtensions\Microsoft\Editors\Microsoft.VisualStudio.Editors.ClickOnce.pkgdef
[0b00:0004][2017-10-17T09:47:46] Timestamp updated for file 'C:\Program Files (x86)\Microsoft Visual Studio\2017\Community\Common7\IDE\CommonExtensions\Microsoft\Editors\Microsoft.VisualStudio.Editors.ClickOnce.pkgdef'.
[0b00:0004][2017-10-17T09:47:46] Processing file /Contents/Common7/IDE/Extensions/Community/Publish_DLL_PublishURLDefault_Reg_VS_x86_enu.3643236F_FC70_11D3_A536_0090278A1BB8.pkgdef
[0b00:0004][2017-10-17T09:47:46] Started: Copying file /Contents/Common7/IDE/Extensions/Community/Publish_DLL_PublishURLDefault_Reg_VS_x86_enu.3643236F_FC70_11D3_A536_0090278A1BB8.pkgdef to C:\Program Files (x86)\Microsoft Visual Studio\2017\Community\Common7\IDE\Extensions\Community\Publish_DLL_PublishURLDefault_Reg_VS_x86_enu.3643236F_FC70_11D3_A536_0090278A1BB8.pkgdef
[0b00:0004][2017-10-17T09:47:46] Completed: Copying file /Contents/Common7/IDE/Extensions/Community/Publish_DLL_PublishURLDefault_Reg_VS_x86_enu.3643236F_FC70_11D3_A536_0090278A1BB8.pkgdef to C:\Program Files (x86)\Microsoft Visual Studio\2017\Community\Common7\IDE\Extensions\Community\Publish_DLL_PublishURLDefault_Reg_VS_x86_enu.3643236F_FC70_11D3_A536_0090278A1BB8.pkgdef
[0b00:0004][2017-10-17T09:47:46] Timestamp updated for file 'C:\Program Files (x86)\Microsoft Visual Studio\2017\Community\Common7\IDE\Extensions\Community\Publish_DLL_PublishURLDefault_Reg_VS_x86_enu.3643236F_FC70_11D3_A536_0090278A1BB8.pkgdef'.
[0b00:0004][2017-10-17T09:47:46] Processing file /Contents/Common7/IDE/Extensions/Community/Publish_DLL_Reg_VS_x86_enu.3643236F_FC70_11D3_A536_0090278A1BB8.pkgdef
[0b00:0004][2017-10-17T09:47:46] Started: Copying file /Contents/Common7/IDE/Extensions/Community/Publish_DLL_Reg_VS_x86_enu.3643236F_FC70_11D3_A536_0090278A1BB8.pkgdef to C:\Program Files (x86)\Microsoft Visual Studio\2017\Community\Common7\IDE\Extensions\Community\Publish_DLL_Reg_VS_x86_enu.3643236F_FC70_11D3_A536_0090278A1BB8.pkgdef
[0b00:0004][2017-10-17T09:47:46] Completed: Copying file /Contents/Common7/IDE/Extensions/Community/Publish_DLL_Reg_VS_x86_enu.3643236F_FC70_11D3_A536_0090278A1BB8.pkgdef to C:\Program Files (x86)\Microsoft Visual Studio\2017\Community\Common7\IDE\Extensions\Community\Publish_DLL_Reg_VS_x86_enu.3643236F_FC70_11D3_A536_0090278A1BB8.pkgdef
[0b00:0004][2017-10-17T09:47:46] Timestamp updated for file 'C:\Program Files (x86)\Microsoft Visual Studio\2017\Community\Common7\IDE\Extensions\Community\Publish_DLL_Reg_VS_x86_enu.3643236F_FC70_11D3_A536_0090278A1BB8.pkgdef'.
[0b00:0004][2017-10-17T09:47:46] Processing file /Contents/Common7/IDE/Microsoft.VisualStudio.Editors.ClickOnce.dll
[0b00:0004][2017-10-17T09:47:46] Started: Copying file /Contents/Common7/IDE/Microsoft.VisualStudio.Editors.ClickOnce.dll to C:\Program Files (x86)\Microsoft Visual Studio\2017\Community\Common7\IDE\Microsoft.VisualStudio.Editors.ClickOnce.dll
[0b00:0004][2017-10-17T09:47:46] Completed: Copying file /Contents/Common7/IDE/Microsoft.VisualStudio.Editors.ClickOnce.dll to C:\Program Files (x86)\Microsoft Visual Studio\2017\Community\Common7\IDE\Microsoft.VisualStudio.Editors.ClickOnce.dll
[0b00:0004][2017-10-17T09:47:46] Timestamp updated for file 'C:\Program Files (x86)\Microsoft Visual Studio\2017\Community\Common7\IDE\Microsoft.VisualStudio.Editors.ClickOnce.dll'.
[0b00:0004][2017-10-17T09:47:46] Processing file /Contents/Common7/IDE/Microsoft.VisualStudio.Publish.dll
[0b00:0004][2017-10-17T09:47:46] Started: Copying file /Contents/Common7/IDE/Microsoft.VisualStudio.Publish.dll to C:\Program Files (x86)\Microsoft Visual Studio\2017\Community\Common7\IDE\Microsoft.VisualStudio.Publish.dll
[0b00:0004][2017-10-17T09:47:46] Completed: Copying file /Contents/Common7/IDE/Microsoft.VisualStudio.Publish.dll to C:\Program Files (x86)\Microsoft Visual Studio\2017\Community\Common7\IDE\Microsoft.VisualStudio.Publish.dll
[0b00:0004][2017-10-17T09:47:46] Timestamp updated for file 'C:\Program Files (x86)\Microsoft Visual Studio\2017\Community\Common7\IDE\Microsoft.VisualStudio.Publish.dll'.
[0b00:0004][2017-10-17T09:47:46] Processing file /Contents/Common7/IDE/Microsoft.VisualStudio.Publish.manifest
[0b00:0004][2017-10-17T09:47:46] Started: Copying file /Contents/Common7/IDE/Microsoft.VisualStudio.Publish.manifest to C:\Program Files (x86)\Microsoft Visual Studio\2017\Community\Common7\IDE\Microsoft.VisualStudio.Publish.manifest
[0b00:0004][2017-10-17T09:47:46] Completed: Copying file /Contents/Common7/IDE/Microsoft.VisualStudio.Publish.manifest to C:\Program Files (x86)\Microsoft Visual Studio\2017\Community\Common7\IDE\Microsoft.VisualStudio.Publish.manifest
[0b00:0004][2017-10-17T09:47:46] Timestamp updated for file 'C:\Program Files (x86)\Microsoft Visual Studio\2017\Community\Common7\IDE\Microsoft.VisualStudio.Publish.manifest'.
[0b00:0004][2017-10-17T09:47:46] Package executed successfully. Return code: 0
