[0b00:0004][2017-10-17T09:47:54] Opening the package for processing
[0b00:0004][2017-10-17T09:47:54] Using package payload to get the embedded manifest
[0b00:0004][2017-10-17T09:47:54] Getting list of files within the package
[0b00:0004][2017-10-17T09:47:54] Processing file /contents/Common7/IDE/ItemTemplates/Microsoft.VisualStudio.Templates.VB.ManagedCore.Resources.en-US.Item..vstman
[0b00:0004][2017-10-17T09:47:54] Started: Copying file /contents/Common7/IDE/ItemTemplates/Microsoft.VisualStudio.Templates.VB.ManagedCore.Resources.en-US.Item..vstman to C:\Program Files (x86)\Microsoft Visual Studio\2017\Community\Common7\IDE\ItemTemplates\Microsoft.VisualStudio.Templates.VB.ManagedCore.Resources.en-US.Item..vstman
[0b00:0004][2017-10-17T09:47:54] Completed: Copying file /contents/Common7/IDE/ItemTemplates/Microsoft.VisualStudio.Templates.VB.ManagedCore.Resources.en-US.Item..vstman to C:\Program Files (x86)\Microsoft Visual Studio\2017\Community\Common7\IDE\ItemTemplates\Microsoft.VisualStudio.Templates.VB.ManagedCore.Resources.en-US.Item..vstman
[0b00:0004][2017-10-17T09:47:54] Timestamp updated for file 'C:\Program Files (x86)\Microsoft Visual Studio\2017\Community\Common7\IDE\ItemTemplates\Microsoft.VisualStudio.Templates.VB.ManagedCore.Resources.en-US.Item..vstman'.
[0b00:0004][2017-10-17T09:47:54] Processing file /Contents/Common7/IDE/ItemTemplates/VisualBasic/1033/AssemblyInfoInternal/AssemblyInfo.vb
[0b00:0004][2017-10-17T09:47:54] Started: Copying file /Contents/Common7/IDE/ItemTemplates/VisualBasic/1033/AssemblyInfoInternal/AssemblyInfo.vb to C:\Program Files (x86)\Microsoft Visual Studio\2017\Community\Common7\IDE\ItemTemplates\VisualBasic\1033\AssemblyInfoInternal\AssemblyInfo.vb
[0b00:0004][2017-10-17T09:47:54] Completed: Copying file /Contents/Common7/IDE/ItemTemplates/VisualBasic/1033/AssemblyInfoInternal/AssemblyInfo.vb to C:\Program Files (x86)\Microsoft Visual Studio\2017\Community\Common7\IDE\ItemTemplates\VisualBasic\1033\AssemblyInfoInternal\AssemblyInfo.vb
[0b00:0004][2017-10-17T09:47:54] Timestamp updated for file 'C:\Program Files (x86)\Microsoft Visual Studio\2017\Community\Common7\IDE\ItemTemplates\VisualBasic\1033\AssemblyInfoInternal\AssemblyInfo.vb'.
[0b00:0004][2017-10-17T09:47:54] Processing file /Contents/Common7/IDE/ItemTemplates/VisualBasic/1033/AssemblyInfoInternal/AssemblyInfo.vstemplate
[0b00:0004][2017-10-17T09:47:54] Started: Copying file /Contents/Common7/IDE/ItemTemplates/VisualBasic/1033/AssemblyInfoInternal/AssemblyInfo.vstemplate to C:\Program Files (x86)\Microsoft Visual Studio\2017\Community\Common7\IDE\ItemTemplates\VisualBasic\1033\AssemblyInfoInternal\AssemblyInfo.vstemplate
[0b00:0004][2017-10-17T09:47:54] Completed: Copying file /Contents/Common7/IDE/ItemTemplates/VisualBasic/1033/AssemblyInfoInternal/AssemblyInfo.vstemplate to C:\Program Files (x86)\Microsoft Visual Studio\2017\Community\Common7\IDE\ItemTemplates\VisualBasic\1033\AssemblyInfoInternal\AssemblyInfo.vstemplate
[0b00:0004][2017-10-17T09:47:54] Timestamp updated for file 'C:\Program Files (x86)\Microsoft Visual Studio\2017\Community\Common7\IDE\ItemTemplates\VisualBasic\1033\AssemblyInfoInternal\AssemblyInfo.vstemplate'.
[0b00:0004][2017-10-17T09:47:54] Processing file /Contents/Common7/IDE/ItemTemplates/VisualBasic/1033/ResourceInternal/resource.resx
[0b00:0004][2017-10-17T09:47:54] Started: Copying file /Contents/Common7/IDE/ItemTemplates/VisualBasic/1033/ResourceInternal/resource.resx to C:\Program Files (x86)\Microsoft Visual Studio\2017\Community\Common7\IDE\ItemTemplates\VisualBasic\1033\ResourceInternal\resource.resx
[0b00:0004][2017-10-17T09:47:54] Completed: Copying file /Contents/Common7/IDE/ItemTemplates/VisualBasic/1033/ResourceInternal/resource.resx to C:\Program Files (x86)\Microsoft Visual Studio\2017\Community\Common7\IDE\ItemTemplates\VisualBasic\1033\ResourceInternal\resource.resx
[0b00:0004][2017-10-17T09:47:54] Timestamp updated for file 'C:\Program Files (x86)\Microsoft Visual Studio\2017\Community\Common7\IDE\ItemTemplates\VisualBasic\1033\ResourceInternal\resource.resx'.
[0b00:0004][2017-10-17T09:47:54] Processing file /Contents/Common7/IDE/ItemTemplates/VisualBasic/1033/ResourceInternal/resource.vstemplate
[0b00:0004][2017-10-17T09:47:54] Started: Copying file /Contents/Common7/IDE/ItemTemplates/VisualBasic/1033/ResourceInternal/resource.vstemplate to C:\Program Files (x86)\Microsoft Visual Studio\2017\Community\Common7\IDE\ItemTemplates\VisualBasic\1033\ResourceInternal\resource.vstemplate
[0b00:0004][2017-10-17T09:47:54] Completed: Copying file /Contents/Common7/IDE/ItemTemplates/VisualBasic/1033/ResourceInternal/resource.vstemplate to C:\Program Files (x86)\Microsoft Visual Studio\2017\Community\Common7\IDE\ItemTemplates\VisualBasic\1033\ResourceInternal\resource.vstemplate
[0b00:0004][2017-10-17T09:47:54] Timestamp updated for file 'C:\Program Files (x86)\Microsoft Visual Studio\2017\Community\Common7\IDE\ItemTemplates\VisualBasic\1033\ResourceInternal\resource.vstemplate'.
[0b00:0004][2017-10-17T09:47:54] Processing file /Contents/Common7/IDE/ItemTemplates/VisualBasic/Code/1033/ComClass/ComClass.vb
[0b00:0004][2017-10-17T09:47:54] Started: Copying file /Contents/Common7/IDE/ItemTemplates/VisualBasic/Code/1033/ComClass/ComClass.vb to C:\Program Files (x86)\Microsoft Visual Studio\2017\Community\Common7\IDE\ItemTemplates\VisualBasic\Code\1033\ComClass\ComClass.vb
[0b00:0004][2017-10-17T09:47:54] Completed: Copying file /Contents/Common7/IDE/ItemTemplates/VisualBasic/Code/1033/ComClass/ComClass.vb to C:\Program Files (x86)\Microsoft Visual Studio\2017\Community\Common7\IDE\ItemTemplates\VisualBasic\Code\1033\ComClass\ComClass.vb
[0b00:0004][2017-10-17T09:47:54] Timestamp updated for file 'C:\Program Files (x86)\Microsoft Visual Studio\2017\Community\Common7\IDE\ItemTemplates\VisualBasic\Code\1033\ComClass\ComClass.vb'.
[0b00:0004][2017-10-17T09:47:54] Processing file /Contents/Common7/IDE/ItemTemplates/VisualBasic/Code/1033/ComClass/ComClass.vstemplate
[0b00:0004][2017-10-17T09:47:54] Started: Copying file /Contents/Common7/IDE/ItemTemplates/VisualBasic/Code/1033/ComClass/ComClass.vstemplate to C:\Program Files (x86)\Microsoft Visual Studio\2017\Community\Common7\IDE\ItemTemplates\VisualBasic\Code\1033\ComClass\ComClass.vstemplate
[0b00:0004][2017-10-17T09:47:54] Completed: Copying file /Contents/Common7/IDE/ItemTemplates/VisualBasic/Code/1033/ComClass/ComClass.vstemplate to C:\Program Files (x86)\Microsoft Visual Studio\2017\Community\Common7\IDE\ItemTemplates\VisualBasic\Code\1033\ComClass\ComClass.vstemplate
[0b00:0004][2017-10-17T09:47:54] Timestamp updated for file 'C:\Program Files (x86)\Microsoft Visual Studio\2017\Community\Common7\IDE\ItemTemplates\VisualBasic\Code\1033\ComClass\ComClass.vstemplate'.
[0b00:0004][2017-10-17T09:47:54] Processing file /Contents/Common7/IDE/ItemTemplates/VisualBasic/Code/1033/Component/Component.Designer.vb
[0b00:0004][2017-10-17T09:47:54] Started: Copying file /Contents/Common7/IDE/ItemTemplates/VisualBasic/Code/1033/Component/Component.Designer.vb to C:\Program Files (x86)\Microsoft Visual Studio\2017\Community\Common7\IDE\ItemTemplates\VisualBasic\Code\1033\Component\Component.Designer.vb
[0b00:0004][2017-10-17T09:47:54] Completed: Copying file /Contents/Common7/IDE/ItemTemplates/VisualBasic/Code/1033/Component/Component.Designer.vb to C:\Program Files (x86)\Microsoft Visual Studio\2017\Community\Common7\IDE\ItemTemplates\VisualBasic\Code\1033\Component\Component.Designer.vb
[0b00:0004][2017-10-17T09:47:54] Timestamp updated for file 'C:\Program Files (x86)\Microsoft Visual Studio\2017\Community\Common7\IDE\ItemTemplates\VisualBasic\Code\1033\Component\Component.Designer.vb'.
[0b00:0004][2017-10-17T09:47:54] Processing file /Contents/Common7/IDE/ItemTemplates/VisualBasic/Code/1033/Component/Component.vb
[0b00:0004][2017-10-17T09:47:54] Started: Copying file /Contents/Common7/IDE/ItemTemplates/VisualBasic/Code/1033/Component/Component.vb to C:\Program Files (x86)\Microsoft Visual Studio\2017\Community\Common7\IDE\ItemTemplates\VisualBasic\Code\1033\Component\Component.vb
[0b00:0004][2017-10-17T09:47:54] Completed: Copying file /Contents/Common7/IDE/ItemTemplates/VisualBasic/Code/1033/Component/Component.vb to C:\Program Files (x86)\Microsoft Visual Studio\2017\Community\Common7\IDE\ItemTemplates\VisualBasic\Code\1033\Component\Component.vb
[0b00:0004][2017-10-17T09:47:54] Timestamp updated for file 'C:\Program Files (x86)\Microsoft Visual Studio\2017\Community\Common7\IDE\ItemTemplates\VisualBasic\Code\1033\Component\Component.vb'.
[0b00:0004][2017-10-17T09:47:54] Processing file /Contents/Common7/IDE/ItemTemplates/VisualBasic/Code/1033/Component/Component.vstemplate
[0b00:0004][2017-10-17T09:47:54] Started: Copying file /Contents/Common7/IDE/ItemTemplates/VisualBasic/Code/1033/Component/Component.vstemplate to C:\Program Files (x86)\Microsoft Visual Studio\2017\Community\Common7\IDE\ItemTemplates\VisualBasic\Code\1033\Component\Component.vstemplate
[0b00:0004][2017-10-17T09:47:54] Completed: Copying file /Contents/Common7/IDE/ItemTemplates/VisualBasic/Code/1033/Component/Component.vstemplate to C:\Program Files (x86)\Microsoft Visual Studio\2017\Community\Common7\IDE\ItemTemplates\VisualBasic\Code\1033\Component\Component.vstemplate
[0b00:0004][2017-10-17T09:47:54] Timestamp updated for file 'C:\Program Files (x86)\Microsoft Visual Studio\2017\Community\Common7\IDE\ItemTemplates\VisualBasic\Code\1033\Component\Component.vstemplate'.
[0b00:0004][2017-10-17T09:47:54] Processing file /Contents/Common7/IDE/ItemTemplates/VisualBasic/Data/1033/Dataset/dataset.vstemplate
[0b00:0004][2017-10-17T09:47:54] Started: Copying file /Contents/Common7/IDE/ItemTemplates/VisualBasic/Data/1033/Dataset/dataset.vstemplate to C:\Program Files (x86)\Microsoft Visual Studio\2017\Community\Common7\IDE\ItemTemplates\VisualBasic\Data\1033\Dataset\dataset.vstemplate
[0b00:0004][2017-10-17T09:47:54] Completed: Copying file /Contents/Common7/IDE/ItemTemplates/VisualBasic/Data/1033/Dataset/dataset.vstemplate to C:\Program Files (x86)\Microsoft Visual Studio\2017\Community\Common7\IDE\ItemTemplates\VisualBasic\Data\1033\Dataset\dataset.vstemplate
[0b00:0004][2017-10-17T09:47:54] Timestamp updated for file 'C:\Program Files (x86)\Microsoft Visual Studio\2017\Community\Common7\IDE\ItemTemplates\VisualBasic\Data\1033\Dataset\dataset.vstemplate'.
[0b00:0004][2017-10-17T09:47:54] Processing file /Contents/Common7/IDE/ItemTemplates/VisualBasic/Data/1033/Dataset/dataset.xsd
[0b00:0004][2017-10-17T09:47:54] Started: Copying file /Contents/Common7/IDE/ItemTemplates/VisualBasic/Data/1033/Dataset/dataset.xsd to C:\Program Files (x86)\Microsoft Visual Studio\2017\Community\Common7\IDE\ItemTemplates\VisualBasic\Data\1033\Dataset\dataset.xsd
[0b00:0004][2017-10-17T09:47:54] Completed: Copying file /Contents/Common7/IDE/ItemTemplates/VisualBasic/Data/1033/Dataset/dataset.xsd to C:\Program Files (x86)\Microsoft Visual Studio\2017\Community\Common7\IDE\ItemTemplates\VisualBasic\Data\1033\Dataset\dataset.xsd
[0b00:0004][2017-10-17T09:47:54] Timestamp updated for file 'C:\Program Files (x86)\Microsoft Visual Studio\2017\Community\Common7\IDE\ItemTemplates\VisualBasic\Data\1033\Dataset\dataset.xsd'.
[0b00:0004][2017-10-17T09:47:54] Processing file /Contents/Common7/IDE/ItemTemplates/VisualBasic/Data/1033/EmptyDatabase/Database.mdf
[0b00:0004][2017-10-17T09:47:54] Started: Copying file /Contents/Common7/IDE/ItemTemplates/VisualBasic/Data/1033/EmptyDatabase/Database.mdf to C:\Program Files (x86)\Microsoft Visual Studio\2017\Community\Common7\IDE\ItemTemplates\VisualBasic\Data\1033\EmptyDatabase\Database.mdf
[0b00:0004][2017-10-17T09:47:54] Completed: Copying file /Contents/Common7/IDE/ItemTemplates/VisualBasic/Data/1033/EmptyDatabase/Database.mdf to C:\Program Files (x86)\Microsoft Visual Studio\2017\Community\Common7\IDE\ItemTemplates\VisualBasic\Data\1033\EmptyDatabase\Database.mdf
[0b00:0004][2017-10-17T09:47:54] Timestamp updated for file 'C:\Program Files (x86)\Microsoft Visual Studio\2017\Community\Common7\IDE\ItemTemplates\VisualBasic\Data\1033\EmptyDatabase\Database.mdf'.
[0b00:0004][2017-10-17T09:47:54] Processing file /Contents/Common7/IDE/ItemTemplates/VisualBasic/Data/1033/EmptyDatabase/EmptyDatabase.vstemplate
[0b00:0004][2017-10-17T09:47:54] Started: Copying file /Contents/Common7/IDE/ItemTemplates/VisualBasic/Data/1033/EmptyDatabase/EmptyDatabase.vstemplate to C:\Program Files (x86)\Microsoft Visual Studio\2017\Community\Common7\IDE\ItemTemplates\VisualBasic\Data\1033\EmptyDatabase\EmptyDatabase.vstemplate
[0b00:0004][2017-10-17T09:47:54] Completed: Copying file /Contents/Common7/IDE/ItemTemplates/VisualBasic/Data/1033/EmptyDatabase/EmptyDatabase.vstemplate to C:\Program Files (x86)\Microsoft Visual Studio\2017\Community\Common7\IDE\ItemTemplates\VisualBasic\Data\1033\EmptyDatabase\EmptyDatabase.vstemplate
[0b00:0004][2017-10-17T09:47:54] Timestamp updated for file 'C:\Program Files (x86)\Microsoft Visual Studio\2017\Community\Common7\IDE\ItemTemplates\VisualBasic\Data\1033\EmptyDatabase\EmptyDatabase.vstemplate'.
[0b00:0004][2017-10-17T09:47:54] Processing file /Contents/Common7/IDE/ItemTemplates/VisualBasic/General/1033/AppConfiguration/app.config
[0b00:0004][2017-10-17T09:47:54] Started: Copying file /Contents/Common7/IDE/ItemTemplates/VisualBasic/General/1033/AppConfiguration/app.config to C:\Program Files (x86)\Microsoft Visual Studio\2017\Community\Common7\IDE\ItemTemplates\VisualBasic\General\1033\AppConfiguration\app.config
[0b00:0004][2017-10-17T09:47:54] Completed: Copying file /Contents/Common7/IDE/ItemTemplates/VisualBasic/General/1033/AppConfiguration/app.config to C:\Program Files (x86)\Microsoft Visual Studio\2017\Community\Common7\IDE\ItemTemplates\VisualBasic\General\1033\AppConfiguration\app.config
[0b00:0004][2017-10-17T09:47:54] Timestamp updated for file 'C:\Program Files (x86)\Microsoft Visual Studio\2017\Community\Common7\IDE\ItemTemplates\VisualBasic\General\1033\AppConfiguration\app.config'.
[0b00:0004][2017-10-17T09:47:54] Processing file /Contents/Common7/IDE/ItemTemplates/VisualBasic/General/1033/AppConfiguration/AppConfiguration.vstemplate
[0b00:0004][2017-10-17T09:47:54] Started: Copying file /Contents/Common7/IDE/ItemTemplates/VisualBasic/General/1033/AppConfiguration/AppConfiguration.vstemplate to C:\Program Files (x86)\Microsoft Visual Studio\2017\Community\Common7\IDE\ItemTemplates\VisualBasic\General\1033\AppConfiguration\AppConfiguration.vstemplate
[0b00:0004][2017-10-17T09:47:54] Completed: Copying file /Contents/Common7/IDE/ItemTemplates/VisualBasic/General/1033/AppConfiguration/AppConfiguration.vstemplate to C:\Program Files (x86)\Microsoft Visual Studio\2017\Community\Common7\IDE\ItemTemplates\VisualBasic\General\1033\AppConfiguration\AppConfiguration.vstemplate
[0b00:0004][2017-10-17T09:47:54] Timestamp updated for file 'C:\Program Files (x86)\Microsoft Visual Studio\2017\Community\Common7\IDE\ItemTemplates\VisualBasic\General\1033\AppConfiguration\AppConfiguration.vstemplate'.
[0b00:0004][2017-10-17T09:47:54] Processing file /Contents/Common7/IDE/ItemTemplates/VisualBasic/General/1033/AppManifest/app.manifest
[0b00:0004][2017-10-17T09:47:54] Started: Copying file /Contents/Common7/IDE/ItemTemplates/VisualBasic/General/1033/AppManifest/app.manifest to C:\Program Files (x86)\Microsoft Visual Studio\2017\Community\Common7\IDE\ItemTemplates\VisualBasic\General\1033\AppManifest\app.manifest
[0b00:0004][2017-10-17T09:47:54] Completed: Copying file /Contents/Common7/IDE/ItemTemplates/VisualBasic/General/1033/AppManifest/app.manifest to C:\Program Files (x86)\Microsoft Visual Studio\2017\Community\Common7\IDE\ItemTemplates\VisualBasic\General\1033\AppManifest\app.manifest
[0b00:0004][2017-10-17T09:47:54] Timestamp updated for file 'C:\Program Files (x86)\Microsoft Visual Studio\2017\Community\Common7\IDE\ItemTemplates\VisualBasic\General\1033\AppManifest\app.manifest'.
[0b00:0004][2017-10-17T09:47:54] Processing file /Contents/Common7/IDE/ItemTemplates/VisualBasic/General/1033/AppManifest/AppManifest.vstemplate
[0b00:0004][2017-10-17T09:47:54] Started: Copying file /Contents/Common7/IDE/ItemTemplates/VisualBasic/General/1033/AppManifest/AppManifest.vstemplate to C:\Program Files (x86)\Microsoft Visual Studio\2017\Community\Common7\IDE\ItemTemplates\VisualBasic\General\1033\AppManifest\AppManifest.vstemplate
[0b00:0004][2017-10-17T09:47:54] Completed: Copying file /Contents/Common7/IDE/ItemTemplates/VisualBasic/General/1033/AppManifest/AppManifest.vstemplate to C:\Program Files (x86)\Microsoft Visual Studio\2017\Community\Common7\IDE\ItemTemplates\VisualBasic\General\1033\AppManifest\AppManifest.vstemplate
[0b00:0004][2017-10-17T09:47:54] Timestamp updated for file 'C:\Program Files (x86)\Microsoft Visual Studio\2017\Community\Common7\IDE\ItemTemplates\VisualBasic\General\1033\AppManifest\AppManifest.vstemplate'.
[0b00:0004][2017-10-17T09:47:54] Processing file /Contents/Common7/IDE/ItemTemplates/VisualBasic/General/1033/AppManifestInternal/app.manifest
[0b00:0004][2017-10-17T09:47:54] Started: Copying file /Contents/Common7/IDE/ItemTemplates/VisualBasic/General/1033/AppManifestInternal/app.manifest to C:\Program Files (x86)\Microsoft Visual Studio\2017\Community\Common7\IDE\ItemTemplates\VisualBasic\General\1033\AppManifestInternal\app.manifest
[0b00:0004][2017-10-17T09:47:54] Completed: Copying file /Contents/Common7/IDE/ItemTemplates/VisualBasic/General/1033/AppManifestInternal/app.manifest to C:\Program Files (x86)\Microsoft Visual Studio\2017\Community\Common7\IDE\ItemTemplates\VisualBasic\General\1033\AppManifestInternal\app.manifest
[0b00:0004][2017-10-17T09:47:54] Timestamp updated for file 'C:\Program Files (x86)\Microsoft Visual Studio\2017\Community\Common7\IDE\ItemTemplates\VisualBasic\General\1033\AppManifestInternal\app.manifest'.
[0b00:0004][2017-10-17T09:47:54] Processing file /Contents/Common7/IDE/ItemTemplates/VisualBasic/General/1033/AppManifestInternal/AppManifestInternal.vstemplate
[0b00:0004][2017-10-17T09:47:54] Started: Copying file /Contents/Common7/IDE/ItemTemplates/VisualBasic/General/1033/AppManifestInternal/AppManifestInternal.vstemplate to C:\Program Files (x86)\Microsoft Visual Studio\2017\Community\Common7\IDE\ItemTemplates\VisualBasic\General\1033\AppManifestInternal\AppManifestInternal.vstemplate
[0b00:0004][2017-10-17T09:47:54] Completed: Copying file /Contents/Common7/IDE/ItemTemplates/VisualBasic/General/1033/AppManifestInternal/AppManifestInternal.vstemplate to C:\Program Files (x86)\Microsoft Visual Studio\2017\Community\Common7\IDE\ItemTemplates\VisualBasic\General\1033\AppManifestInternal\AppManifestInternal.vstemplate
[0b00:0004][2017-10-17T09:47:54] Timestamp updated for file 'C:\Program Files (x86)\Microsoft Visual Studio\2017\Community\Common7\IDE\ItemTemplates\VisualBasic\General\1033\AppManifestInternal\AppManifestInternal.vstemplate'.
[0b00:0004][2017-10-17T09:47:54] Processing file /Contents/Common7/IDE/ItemTemplates/VisualBasic/General/1033/Bitmap/bitmap.bmp
[0b00:0004][2017-10-17T09:47:54] Started: Copying file /Contents/Common7/IDE/ItemTemplates/VisualBasic/General/1033/Bitmap/bitmap.bmp to C:\Program Files (x86)\Microsoft Visual Studio\2017\Community\Common7\IDE\ItemTemplates\VisualBasic\General\1033\Bitmap\bitmap.bmp
[0b00:0004][2017-10-17T09:47:54] Completed: Copying file /Contents/Common7/IDE/ItemTemplates/VisualBasic/General/1033/Bitmap/bitmap.bmp to C:\Program Files (x86)\Microsoft Visual Studio\2017\Community\Common7\IDE\ItemTemplates\VisualBasic\General\1033\Bitmap\bitmap.bmp
[0b00:0004][2017-10-17T09:47:54] Timestamp updated for file 'C:\Program Files (x86)\Microsoft Visual Studio\2017\Community\Common7\IDE\ItemTemplates\VisualBasic\General\1033\Bitmap\bitmap.bmp'.
[0b00:0004][2017-10-17T09:47:54] Processing file /Contents/Common7/IDE/ItemTemplates/VisualBasic/General/1033/Bitmap/Bitmap.vstemplate
[0b00:0004][2017-10-17T09:47:54] Started: Copying file /Contents/Common7/IDE/ItemTemplates/VisualBasic/General/1033/Bitmap/Bitmap.vstemplate to C:\Program Files (x86)\Microsoft Visual Studio\2017\Community\Common7\IDE\ItemTemplates\VisualBasic\General\1033\Bitmap\Bitmap.vstemplate
[0b00:0004][2017-10-17T09:47:54] Completed: Copying file /Contents/Common7/IDE/ItemTemplates/VisualBasic/General/1033/Bitmap/Bitmap.vstemplate to C:\Program Files (x86)\Microsoft Visual Studio\2017\Community\Common7\IDE\ItemTemplates\VisualBasic\General\1033\Bitmap\Bitmap.vstemplate
[0b00:0004][2017-10-17T09:47:54] Timestamp updated for file 'C:\Program Files (x86)\Microsoft Visual Studio\2017\Community\Common7\IDE\ItemTemplates\VisualBasic\General\1033\Bitmap\Bitmap.vstemplate'.
[0b00:0004][2017-10-17T09:47:54] Processing file /Contents/Common7/IDE/ItemTemplates/VisualBasic/General/1033/cursor/cursor.cur
[0b00:0004][2017-10-17T09:47:54] Started: Copying file /Contents/Common7/IDE/ItemTemplates/VisualBasic/General/1033/cursor/cursor.cur to C:\Program Files (x86)\Microsoft Visual Studio\2017\Community\Common7\IDE\ItemTemplates\VisualBasic\General\1033\cursor\cursor.cur
[0b00:0004][2017-10-17T09:47:54] Completed: Copying file /Contents/Common7/IDE/ItemTemplates/VisualBasic/General/1033/cursor/cursor.cur to C:\Program Files (x86)\Microsoft Visual Studio\2017\Community\Common7\IDE\ItemTemplates\VisualBasic\General\1033\cursor\cursor.cur
[0b00:0004][2017-10-17T09:47:54] Timestamp updated for file 'C:\Program Files (x86)\Microsoft Visual Studio\2017\Community\Common7\IDE\ItemTemplates\VisualBasic\General\1033\cursor\cursor.cur'.
[0b00:0004][2017-10-17T09:47:54] Processing file /Contents/Common7/IDE/ItemTemplates/VisualBasic/General/1033/cursor/Cursor.vstemplate
[0b00:0004][2017-10-17T09:47:54] Started: Copying file /Contents/Common7/IDE/ItemTemplates/VisualBasic/General/1033/cursor/Cursor.vstemplate to C:\Program Files (x86)\Microsoft Visual Studio\2017\Community\Common7\IDE\ItemTemplates\VisualBasic\General\1033\cursor\Cursor.vstemplate
[0b00:0004][2017-10-17T09:47:54] Completed: Copying file /Contents/Common7/IDE/ItemTemplates/VisualBasic/General/1033/cursor/Cursor.vstemplate to C:\Program Files (x86)\Microsoft Visual Studio\2017\Community\Common7\IDE\ItemTemplates\VisualBasic\General\1033\cursor\Cursor.vstemplate
[0b00:0004][2017-10-17T09:47:54] Timestamp updated for file 'C:\Program Files (x86)\Microsoft Visual Studio\2017\Community\Common7\IDE\ItemTemplates\VisualBasic\General\1033\cursor\Cursor.vstemplate'.
[0b00:0004][2017-10-17T09:47:54] Processing file /Contents/Common7/IDE/ItemTemplates/VisualBasic/General/1033/Icon/icon.ico
[0b00:0004][2017-10-17T09:47:54] Started: Copying file /Contents/Common7/IDE/ItemTemplates/VisualBasic/General/1033/Icon/icon.ico to C:\Program Files (x86)\Microsoft Visual Studio\2017\Community\Common7\IDE\ItemTemplates\VisualBasic\General\1033\Icon\icon.ico
[0b00:0004][2017-10-17T09:47:54] Completed: Copying file /Contents/Common7/IDE/ItemTemplates/VisualBasic/General/1033/Icon/icon.ico to C:\Program Files (x86)\Microsoft Visual Studio\2017\Community\Common7\IDE\ItemTemplates\VisualBasic\General\1033\Icon\icon.ico
[0b00:0004][2017-10-17T09:47:54] Timestamp updated for file 'C:\Program Files (x86)\Microsoft Visual Studio\2017\Community\Common7\IDE\ItemTemplates\VisualBasic\General\1033\Icon\icon.ico'.
[0b00:0004][2017-10-17T09:47:54] Processing file /Contents/Common7/IDE/ItemTemplates/VisualBasic/General/1033/Icon/Icon.vstemplate
[0b00:0004][2017-10-17T09:47:54] Started: Copying file /Contents/Common7/IDE/ItemTemplates/VisualBasic/General/1033/Icon/Icon.vstemplate to C:\Program Files (x86)\Microsoft Visual Studio\2017\Community\Common7\IDE\ItemTemplates\VisualBasic\General\1033\Icon\Icon.vstemplate
[0b00:0004][2017-10-17T09:47:54] Completed: Copying file /Contents/Common7/IDE/ItemTemplates/VisualBasic/General/1033/Icon/Icon.vstemplate to C:\Program Files (x86)\Microsoft Visual Studio\2017\Community\Common7\IDE\ItemTemplates\VisualBasic\General\1033\Icon\Icon.vstemplate
[0b00:0004][2017-10-17T09:47:54] Timestamp updated for file 'C:\Program Files (x86)\Microsoft Visual Studio\2017\Community\Common7\IDE\ItemTemplates\VisualBasic\General\1033\Icon\Icon.vstemplate'.
[0b00:0004][2017-10-17T09:47:54] Processing file /Contents/Common7/IDE/ItemTemplates/VisualBasic/General/1033/Installer/Installer.Designer.vb
[0b00:0004][2017-10-17T09:47:54] Started: Copying file /Contents/Common7/IDE/ItemTemplates/VisualBasic/General/1033/Installer/Installer.Designer.vb to C:\Program Files (x86)\Microsoft Visual Studio\2017\Community\Common7\IDE\ItemTemplates\VisualBasic\General\1033\Installer\Installer.Designer.vb
[0b00:0004][2017-10-17T09:47:54] Completed: Copying file /Contents/Common7/IDE/ItemTemplates/VisualBasic/General/1033/Installer/Installer.Designer.vb to C:\Program Files (x86)\Microsoft Visual Studio\2017\Community\Common7\IDE\ItemTemplates\VisualBasic\General\1033\Installer\Installer.Designer.vb
[0b00:0004][2017-10-17T09:47:54] Timestamp updated for file 'C:\Program Files (x86)\Microsoft Visual Studio\2017\Community\Common7\IDE\ItemTemplates\VisualBasic\General\1033\Installer\Installer.Designer.vb'.
[0b00:0004][2017-10-17T09:47:54] Processing file /Contents/Common7/IDE/ItemTemplates/VisualBasic/General/1033/Installer/Installer.vb
[0b00:0004][2017-10-17T09:47:54] Started: Copying file /Contents/Common7/IDE/ItemTemplates/VisualBasic/General/1033/Installer/Installer.vb to C:\Program Files (x86)\Microsoft Visual Studio\2017\Community\Common7\IDE\ItemTemplates\VisualBasic\General\1033\Installer\Installer.vb
[0b00:0004][2017-10-17T09:47:54] Completed: Copying file /Contents/Common7/IDE/ItemTemplates/VisualBasic/General/1033/Installer/Installer.vb to C:\Program Files (x86)\Microsoft Visual Studio\2017\Community\Common7\IDE\ItemTemplates\VisualBasic\General\1033\Installer\Installer.vb
[0b00:0004][2017-10-17T09:47:54] Timestamp updated for file 'C:\Program Files (x86)\Microsoft Visual Studio\2017\Community\Common7\IDE\ItemTemplates\VisualBasic\General\1033\Installer\Installer.vb'.
[0b00:0004][2017-10-17T09:47:54] Processing file /Contents/Common7/IDE/ItemTemplates/VisualBasic/General/1033/Installer/Installer.vstemplate
[0b00:0004][2017-10-17T09:47:54] Started: Copying file /Contents/Common7/IDE/ItemTemplates/VisualBasic/General/1033/Installer/Installer.vstemplate to C:\Program Files (x86)\Microsoft Visual Studio\2017\Community\Common7\IDE\ItemTemplates\VisualBasic\General\1033\Installer\Installer.vstemplate
[0b00:0004][2017-10-17T09:47:54] Completed: Copying file /Contents/Common7/IDE/ItemTemplates/VisualBasic/General/1033/Installer/Installer.vstemplate to C:\Program Files (x86)\Microsoft Visual Studio\2017\Community\Common7\IDE\ItemTemplates\VisualBasic\General\1033\Installer\Installer.vstemplate
[0b00:0004][2017-10-17T09:47:54] Timestamp updated for file 'C:\Program Files (x86)\Microsoft Visual Studio\2017\Community\Common7\IDE\ItemTemplates\VisualBasic\General\1033\Installer\Installer.vstemplate'.
[0b00:0004][2017-10-17T09:47:54] Processing file /Contents/Common7/IDE/ItemTemplates/VisualBasic/General/1033/resource/resource.resx
[0b00:0004][2017-10-17T09:47:54] Started: Copying file /Contents/Common7/IDE/ItemTemplates/VisualBasic/General/1033/resource/resource.resx to C:\Program Files (x86)\Microsoft Visual Studio\2017\Community\Common7\IDE\ItemTemplates\VisualBasic\General\1033\resource\resource.resx
[0b00:0004][2017-10-17T09:47:54] Completed: Copying file /Contents/Common7/IDE/ItemTemplates/VisualBasic/General/1033/resource/resource.resx to C:\Program Files (x86)\Microsoft Visual Studio\2017\Community\Common7\IDE\ItemTemplates\VisualBasic\General\1033\resource\resource.resx
[0b00:0004][2017-10-17T09:47:54] Timestamp updated for file 'C:\Program Files (x86)\Microsoft Visual Studio\2017\Community\Common7\IDE\ItemTemplates\VisualBasic\General\1033\resource\resource.resx'.
[0b00:0004][2017-10-17T09:47:54] Processing file /Contents/Common7/IDE/ItemTemplates/VisualBasic/General/1033/resource/resource.vstemplate
[0b00:0004][2017-10-17T09:47:54] Started: Copying file /Contents/Common7/IDE/ItemTemplates/VisualBasic/General/1033/resource/resource.vstemplate to C:\Program Files (x86)\Microsoft Visual Studio\2017\Community\Common7\IDE\ItemTemplates\VisualBasic\General\1033\resource\resource.vstemplate
[0b00:0004][2017-10-17T09:47:54] Completed: Copying file /Contents/Common7/IDE/ItemTemplates/VisualBasic/General/1033/resource/resource.vstemplate to C:\Program Files (x86)\Microsoft Visual Studio\2017\Community\Common7\IDE\ItemTemplates\VisualBasic\General\1033\resource\resource.vstemplate
[0b00:0004][2017-10-17T09:47:54] Timestamp updated for file 'C:\Program Files (x86)\Microsoft Visual Studio\2017\Community\Common7\IDE\ItemTemplates\VisualBasic\General\1033\resource\resource.vstemplate'.
[0b00:0004][2017-10-17T09:47:54] Processing file /Contents/Common7/IDE/ItemTemplates/VisualBasic/General/1033/Settings/Settings.settings
[0b00:0004][2017-10-17T09:47:54] Started: Copying file /Contents/Common7/IDE/ItemTemplates/VisualBasic/General/1033/Settings/Settings.settings to C:\Program Files (x86)\Microsoft Visual Studio\2017\Community\Common7\IDE\ItemTemplates\VisualBasic\General\1033\Settings\Settings.settings
[0b00:0004][2017-10-17T09:47:54] Completed: Copying file /Contents/Common7/IDE/ItemTemplates/VisualBasic/General/1033/Settings/Settings.settings to C:\Program Files (x86)\Microsoft Visual Studio\2017\Community\Common7\IDE\ItemTemplates\VisualBasic\General\1033\Settings\Settings.settings
[0b00:0004][2017-10-17T09:47:54] Timestamp updated for file 'C:\Program Files (x86)\Microsoft Visual Studio\2017\Community\Common7\IDE\ItemTemplates\VisualBasic\General\1033\Settings\Settings.settings'.
[0b00:0004][2017-10-17T09:47:54] Processing file /Contents/Common7/IDE/ItemTemplates/VisualBasic/General/1033/Settings/Settings.vstemplate
[0b00:0004][2017-10-17T09:47:54] Started: Copying file /Contents/Common7/IDE/ItemTemplates/VisualBasic/General/1033/Settings/Settings.vstemplate to C:\Program Files (x86)\Microsoft Visual Studio\2017\Community\Common7\IDE\ItemTemplates\VisualBasic\General\1033\Settings\Settings.vstemplate
[0b00:0004][2017-10-17T09:47:54] Completed: Copying file /Contents/Common7/IDE/ItemTemplates/VisualBasic/General/1033/Settings/Settings.vstemplate to C:\Program Files (x86)\Microsoft Visual Studio\2017\Community\Common7\IDE\ItemTemplates\VisualBasic\General\1033\Settings\Settings.vstemplate
[0b00:0004][2017-10-17T09:47:54] Timestamp updated for file 'C:\Program Files (x86)\Microsoft Visual Studio\2017\Community\Common7\IDE\ItemTemplates\VisualBasic\General\1033\Settings\Settings.vstemplate'.
[0b00:0004][2017-10-17T09:47:54] Processing file /Contents/Common7/IDE/ItemTemplates/VisualBasic/General/1033/UserService/UserService.Designer.vb
[0b00:0004][2017-10-17T09:47:54] Started: Copying file /Contents/Common7/IDE/ItemTemplates/VisualBasic/General/1033/UserService/UserService.Designer.vb to C:\Program Files (x86)\Microsoft Visual Studio\2017\Community\Common7\IDE\ItemTemplates\VisualBasic\General\1033\UserService\UserService.Designer.vb
[0b00:0004][2017-10-17T09:47:54] Completed: Copying file /Contents/Common7/IDE/ItemTemplates/VisualBasic/General/1033/UserService/UserService.Designer.vb to C:\Program Files (x86)\Microsoft Visual Studio\2017\Community\Common7\IDE\ItemTemplates\VisualBasic\General\1033\UserService\UserService.Designer.vb
[0b00:0004][2017-10-17T09:47:54] Timestamp updated for file 'C:\Program Files (x86)\Microsoft Visual Studio\2017\Community\Common7\IDE\ItemTemplates\VisualBasic\General\1033\UserService\UserService.Designer.vb'.
[0b00:0004][2017-10-17T09:47:54] Processing file /Contents/Common7/IDE/ItemTemplates/VisualBasic/General/1033/UserService/UserService.vb
[0b00:0004][2017-10-17T09:47:54] Started: Copying file /Contents/Common7/IDE/ItemTemplates/VisualBasic/General/1033/UserService/UserService.vb to C:\Program Files (x86)\Microsoft Visual Studio\2017\Community\Common7\IDE\ItemTemplates\VisualBasic\General\1033\UserService\UserService.vb
[0b00:0004][2017-10-17T09:47:54] Completed: Copying file /Contents/Common7/IDE/ItemTemplates/VisualBasic/General/1033/UserService/UserService.vb to C:\Program Files (x86)\Microsoft Visual Studio\2017\Community\Common7\IDE\ItemTemplates\VisualBasic\General\1033\UserService\UserService.vb
[0b00:0004][2017-10-17T09:47:54] Timestamp updated for file 'C:\Program Files (x86)\Microsoft Visual Studio\2017\Community\Common7\IDE\ItemTemplates\VisualBasic\General\1033\UserService\UserService.vb'.
[0b00:0004][2017-10-17T09:47:54] Processing file /Contents/Common7/IDE/ItemTemplates/VisualBasic/General/1033/UserService/UserService.vstemplate
[0b00:0004][2017-10-17T09:47:54] Started: Copying file /Contents/Common7/IDE/ItemTemplates/VisualBasic/General/1033/UserService/UserService.vstemplate to C:\Program Files (x86)\Microsoft Visual Studio\2017\Community\Common7\IDE\ItemTemplates\VisualBasic\General\1033\UserService\UserService.vstemplate
[0b00:0004][2017-10-17T09:47:54] Completed: Copying file /Contents/Common7/IDE/ItemTemplates/VisualBasic/General/1033/UserService/UserService.vstemplate to C:\Program Files (x86)\Microsoft Visual Studio\2017\Community\Common7\IDE\ItemTemplates\VisualBasic\General\1033\UserService\UserService.vstemplate
[0b00:0004][2017-10-17T09:47:54] Timestamp updated for file 'C:\Program Files (x86)\Microsoft Visual Studio\2017\Community\Common7\IDE\ItemTemplates\VisualBasic\General\1033\UserService\UserService.vstemplate'.
[0b00:0004][2017-10-17T09:47:54] Processing file /contents/Common7/IDE/ProjectTemplates/Microsoft.VisualStudio.Templates.VB.ManagedCore.Resources.en-US.Project..vstman
[0b00:0004][2017-10-17T09:47:54] Started: Copying file /contents/Common7/IDE/ProjectTemplates/Microsoft.VisualStudio.Templates.VB.ManagedCore.Resources.en-US.Project..vstman to C:\Program Files (x86)\Microsoft Visual Studio\2017\Community\Common7\IDE\ProjectTemplates\Microsoft.VisualStudio.Templates.VB.ManagedCore.Resources.en-US.Project..vstman
[0b00:0004][2017-10-17T09:47:54] Completed: Copying file /contents/Common7/IDE/ProjectTemplates/Microsoft.VisualStudio.Templates.VB.ManagedCore.Resources.en-US.Project..vstman to C:\Program Files (x86)\Microsoft Visual Studio\2017\Community\Common7\IDE\ProjectTemplates\Microsoft.VisualStudio.Templates.VB.ManagedCore.Resources.en-US.Project..vstman
[0b00:0004][2017-10-17T09:47:54] Timestamp updated for file 'C:\Program Files (x86)\Microsoft Visual Studio\2017\Community\Common7\IDE\ProjectTemplates\Microsoft.VisualStudio.Templates.VB.ManagedCore.Resources.en-US.Project..vstman'.
[0b00:0004][2017-10-17T09:47:54] Processing file /Contents/Common7/IDE/ProjectTemplates/VisualBasic/Windows/1033/ClassLibrary/assemblyinfo.vb
[0b00:0004][2017-10-17T09:47:54] Started: Copying file /Contents/Common7/IDE/ProjectTemplates/VisualBasic/Windows/1033/ClassLibrary/assemblyinfo.vb to C:\Program Files (x86)\Microsoft Visual Studio\2017\Community\Common7\IDE\ProjectTemplates\VisualBasic\Windows\1033\ClassLibrary\assemblyinfo.vb
[0b00:0004][2017-10-17T09:47:54] Completed: Copying file /Contents/Common7/IDE/ProjectTemplates/VisualBasic/Windows/1033/ClassLibrary/assemblyinfo.vb to C:\Program Files (x86)\Microsoft Visual Studio\2017\Community\Common7\IDE\ProjectTemplates\VisualBasic\Windows\1033\ClassLibrary\assemblyinfo.vb
[0b00:0004][2017-10-17T09:47:54] Timestamp updated for file 'C:\Program Files (x86)\Microsoft Visual Studio\2017\Community\Common7\IDE\ProjectTemplates\VisualBasic\Windows\1033\ClassLibrary\assemblyinfo.vb'.
[0b00:0004][2017-10-17T09:47:54] Processing file /Contents/Common7/IDE/ProjectTemplates/VisualBasic/Windows/1033/ClassLibrary/Class1.vb
[0b00:0004][2017-10-17T09:47:54] Started: Copying file /Contents/Common7/IDE/ProjectTemplates/VisualBasic/Windows/1033/ClassLibrary/Class1.vb to C:\Program Files (x86)\Microsoft Visual Studio\2017\Community\Common7\IDE\ProjectTemplates\VisualBasic\Windows\1033\ClassLibrary\Class1.vb
[0b00:0004][2017-10-17T09:47:54] Completed: Copying file /Contents/Common7/IDE/ProjectTemplates/VisualBasic/Windows/1033/ClassLibrary/Class1.vb to C:\Program Files (x86)\Microsoft Visual Studio\2017\Community\Common7\IDE\ProjectTemplates\VisualBasic\Windows\1033\ClassLibrary\Class1.vb
[0b00:0004][2017-10-17T09:47:54] Timestamp updated for file 'C:\Program Files (x86)\Microsoft Visual Studio\2017\Community\Common7\IDE\ProjectTemplates\VisualBasic\Windows\1033\ClassLibrary\Class1.vb'.
[0b00:0004][2017-10-17T09:47:54] Processing file /Contents/Common7/IDE/ProjectTemplates/VisualBasic/Windows/1033/ClassLibrary/classlibrary.vbproj
[0b00:0004][2017-10-17T09:47:54] Started: Copying file /Contents/Common7/IDE/ProjectTemplates/VisualBasic/Windows/1033/ClassLibrary/classlibrary.vbproj to C:\Program Files (x86)\Microsoft Visual Studio\2017\Community\Common7\IDE\ProjectTemplates\VisualBasic\Windows\1033\ClassLibrary\classlibrary.vbproj
[0b00:0004][2017-10-17T09:47:54] Completed: Copying file /Contents/Common7/IDE/ProjectTemplates/VisualBasic/Windows/1033/ClassLibrary/classlibrary.vbproj to C:\Program Files (x86)\Microsoft Visual Studio\2017\Community\Common7\IDE\ProjectTemplates\VisualBasic\Windows\1033\ClassLibrary\classlibrary.vbproj
[0b00:0004][2017-10-17T09:47:54] Timestamp updated for file 'C:\Program Files (x86)\Microsoft Visual Studio\2017\Community\Common7\IDE\ProjectTemplates\VisualBasic\Windows\1033\ClassLibrary\classlibrary.vbproj'.
[0b00:0004][2017-10-17T09:47:54] Processing file /Contents/Common7/IDE/ProjectTemplates/VisualBasic/Windows/1033/ClassLibrary/classlibrary.vstemplate
[0b00:0004][2017-10-17T09:47:54] Started: Copying file /Contents/Common7/IDE/ProjectTemplates/VisualBasic/Windows/1033/ClassLibrary/classlibrary.vstemplate to C:\Program Files (x86)\Microsoft Visual Studio\2017\Community\Common7\IDE\ProjectTemplates\VisualBasic\Windows\1033\ClassLibrary\classlibrary.vstemplate
[0b00:0004][2017-10-17T09:47:54] Completed: Copying file /Contents/Common7/IDE/ProjectTemplates/VisualBasic/Windows/1033/ClassLibrary/classlibrary.vstemplate to C:\Program Files (x86)\Microsoft Visual Studio\2017\Community\Common7\IDE\ProjectTemplates\VisualBasic\Windows\1033\ClassLibrary\classlibrary.vstemplate
[0b00:0004][2017-10-17T09:47:54] Timestamp updated for file 'C:\Program Files (x86)\Microsoft Visual Studio\2017\Community\Common7\IDE\ProjectTemplates\VisualBasic\Windows\1033\ClassLibrary\classlibrary.vstemplate'.
[0b00:0004][2017-10-17T09:47:54] Processing file /Contents/Common7/IDE/ProjectTemplates/VisualBasic/Windows/1033/ClassLibrary/MyApplication.Designer.vb
[0b00:0004][2017-10-17T09:47:54] Started: Copying file /Contents/Common7/IDE/ProjectTemplates/VisualBasic/Windows/1033/ClassLibrary/MyApplication.Designer.vb to C:\Program Files (x86)\Microsoft Visual Studio\2017\Community\Common7\IDE\ProjectTemplates\VisualBasic\Windows\1033\ClassLibrary\MyApplication.Designer.vb
[0b00:0004][2017-10-17T09:47:54] Completed: Copying file /Contents/Common7/IDE/ProjectTemplates/VisualBasic/Windows/1033/ClassLibrary/MyApplication.Designer.vb to C:\Program Files (x86)\Microsoft Visual Studio\2017\Community\Common7\IDE\ProjectTemplates\VisualBasic\Windows\1033\ClassLibrary\MyApplication.Designer.vb
[0b00:0004][2017-10-17T09:47:54] Timestamp updated for file 'C:\Program Files (x86)\Microsoft Visual Studio\2017\Community\Common7\IDE\ProjectTemplates\VisualBasic\Windows\1033\ClassLibrary\MyApplication.Designer.vb'.
[0b00:0004][2017-10-17T09:47:54] Processing file /Contents/Common7/IDE/ProjectTemplates/VisualBasic/Windows/1033/ClassLibrary/MyApplication.myapp
[0b00:0004][2017-10-17T09:47:54] Started: Copying file /Contents/Common7/IDE/ProjectTemplates/VisualBasic/Windows/1033/ClassLibrary/MyApplication.myapp to C:\Program Files (x86)\Microsoft Visual Studio\2017\Community\Common7\IDE\ProjectTemplates\VisualBasic\Windows\1033\ClassLibrary\MyApplication.myapp
[0b00:0004][2017-10-17T09:47:54] Completed: Copying file /Contents/Common7/IDE/ProjectTemplates/VisualBasic/Windows/1033/ClassLibrary/MyApplication.myapp to C:\Program Files (x86)\Microsoft Visual Studio\2017\Community\Common7\IDE\ProjectTemplates\VisualBasic\Windows\1033\ClassLibrary\MyApplication.myapp
[0b00:0004][2017-10-17T09:47:54] Timestamp updated for file 'C:\Program Files (x86)\Microsoft Visual Studio\2017\Community\Common7\IDE\ProjectTemplates\VisualBasic\Windows\1033\ClassLibrary\MyApplication.myapp'.
[0b00:0004][2017-10-17T09:47:54] Processing file /Contents/Common7/IDE/ProjectTemplates/VisualBasic/Windows/1033/ClassLibrary/Resources.Designer.vb
[0b00:0004][2017-10-17T09:47:54] Started: Copying file /Contents/Common7/IDE/ProjectTemplates/VisualBasic/Windows/1033/ClassLibrary/Resources.Designer.vb to C:\Program Files (x86)\Microsoft Visual Studio\2017\Community\Common7\IDE\ProjectTemplates\VisualBasic\Windows\1033\ClassLibrary\Resources.Designer.vb
[0b00:0004][2017-10-17T09:47:54] Completed: Copying file /Contents/Common7/IDE/ProjectTemplates/VisualBasic/Windows/1033/ClassLibrary/Resources.Designer.vb to C:\Program Files (x86)\Microsoft Visual Studio\2017\Community\Common7\IDE\ProjectTemplates\VisualBasic\Windows\1033\ClassLibrary\Resources.Designer.vb
[0b00:0004][2017-10-17T09:47:54] Timestamp updated for file 'C:\Program Files (x86)\Microsoft Visual Studio\2017\Community\Common7\IDE\ProjectTemplates\VisualBasic\Windows\1033\ClassLibrary\Resources.Designer.vb'.
[0b00:0004][2017-10-17T09:47:54] Processing file /Contents/Common7/IDE/ProjectTemplates/VisualBasic/Windows/1033/ClassLibrary/Resources.resx
[0b00:0004][2017-10-17T09:47:54] Started: Copying file /Contents/Common7/IDE/ProjectTemplates/VisualBasic/Windows/1033/ClassLibrary/Resources.resx to C:\Program Files (x86)\Microsoft Visual Studio\2017\Community\Common7\IDE\ProjectTemplates\VisualBasic\Windows\1033\ClassLibrary\Resources.resx
[0b00:0004][2017-10-17T09:47:54] Completed: Copying file /Contents/Common7/IDE/ProjectTemplates/VisualBasic/Windows/1033/ClassLibrary/Resources.resx to C:\Program Files (x86)\Microsoft Visual Studio\2017\Community\Common7\IDE\ProjectTemplates\VisualBasic\Windows\1033\ClassLibrary\Resources.resx
[0b00:0004][2017-10-17T09:47:54] Timestamp updated for file 'C:\Program Files (x86)\Microsoft Visual Studio\2017\Community\Common7\IDE\ProjectTemplates\VisualBasic\Windows\1033\ClassLibrary\Resources.resx'.
[0b00:0004][2017-10-17T09:47:54] Processing file /Contents/Common7/IDE/ProjectTemplates/VisualBasic/Windows/1033/ClassLibrary/Settings.Designer.vb
[0b00:0004][2017-10-17T09:47:54] Started: Copying file /Contents/Common7/IDE/ProjectTemplates/VisualBasic/Windows/1033/ClassLibrary/Settings.Designer.vb to C:\Program Files (x86)\Microsoft Visual Studio\2017\Community\Common7\IDE\ProjectTemplates\VisualBasic\Windows\1033\ClassLibrary\Settings.Designer.vb
[0b00:0004][2017-10-17T09:47:54] Completed: Copying file /Contents/Common7/IDE/ProjectTemplates/VisualBasic/Windows/1033/ClassLibrary/Settings.Designer.vb to C:\Program Files (x86)\Microsoft Visual Studio\2017\Community\Common7\IDE\ProjectTemplates\VisualBasic\Windows\1033\ClassLibrary\Settings.Designer.vb
[0b00:0004][2017-10-17T09:47:54] Timestamp updated for file 'C:\Program Files (x86)\Microsoft Visual Studio\2017\Community\Common7\IDE\ProjectTemplates\VisualBasic\Windows\1033\ClassLibrary\Settings.Designer.vb'.
[0b00:0004][2017-10-17T09:47:54] Processing file /Contents/Common7/IDE/ProjectTemplates/VisualBasic/Windows/1033/ClassLibrary/Settings.settings
[0b00:0004][2017-10-17T09:47:54] Started: Copying file /Contents/Common7/IDE/ProjectTemplates/VisualBasic/Windows/1033/ClassLibrary/Settings.settings to C:\Program Files (x86)\Microsoft Visual Studio\2017\Community\Common7\IDE\ProjectTemplates\VisualBasic\Windows\1033\ClassLibrary\Settings.settings
[0b00:0004][2017-10-17T09:47:54] Completed: Copying file /Contents/Common7/IDE/ProjectTemplates/VisualBasic/Windows/1033/ClassLibrary/Settings.settings to C:\Program Files (x86)\Microsoft Visual Studio\2017\Community\Common7\IDE\ProjectTemplates\VisualBasic\Windows\1033\ClassLibrary\Settings.settings
[0b00:0004][2017-10-17T09:47:54] Timestamp updated for file 'C:\Program Files (x86)\Microsoft Visual Studio\2017\Community\Common7\IDE\ProjectTemplates\VisualBasic\Windows\1033\ClassLibrary\Settings.settings'.
[0b00:0004][2017-10-17T09:47:54] Processing file /Contents/Common7/IDE/ProjectTemplates/VisualBasic/Windows/1033/ConsoleApplication/App.config
[0b00:0004][2017-10-17T09:47:54] Started: Copying file /Contents/Common7/IDE/ProjectTemplates/VisualBasic/Windows/1033/ConsoleApplication/App.config to C:\Program Files (x86)\Microsoft Visual Studio\2017\Community\Common7\IDE\ProjectTemplates\VisualBasic\Windows\1033\ConsoleApplication\App.config
[0b00:0004][2017-10-17T09:47:54] Completed: Copying file /Contents/Common7/IDE/ProjectTemplates/VisualBasic/Windows/1033/ConsoleApplication/App.config to C:\Program Files (x86)\Microsoft Visual Studio\2017\Community\Common7\IDE\ProjectTemplates\VisualBasic\Windows\1033\ConsoleApplication\App.config
[0b00:0004][2017-10-17T09:47:54] Timestamp updated for file 'C:\Program Files (x86)\Microsoft Visual Studio\2017\Community\Common7\IDE\ProjectTemplates\VisualBasic\Windows\1033\ConsoleApplication\App.config'.
[0b00:0004][2017-10-17T09:47:54] Processing file /Contents/Common7/IDE/ProjectTemplates/VisualBasic/Windows/1033/ConsoleApplication/assemblyinfo.vb
[0b00:0004][2017-10-17T09:47:54] Started: Copying file /Contents/Common7/IDE/ProjectTemplates/VisualBasic/Windows/1033/ConsoleApplication/assemblyinfo.vb to C:\Program Files (x86)\Microsoft Visual Studio\2017\Community\Common7\IDE\ProjectTemplates\VisualBasic\Windows\1033\ConsoleApplication\assemblyinfo.vb
[0b00:0004][2017-10-17T09:47:54] Completed: Copying file /Contents/Common7/IDE/ProjectTemplates/VisualBasic/Windows/1033/ConsoleApplication/assemblyinfo.vb to C:\Program Files (x86)\Microsoft Visual Studio\2017\Community\Common7\IDE\ProjectTemplates\VisualBasic\Windows\1033\ConsoleApplication\assemblyinfo.vb
[0b00:0004][2017-10-17T09:47:54] Timestamp updated for file 'C:\Program Files (x86)\Microsoft Visual Studio\2017\Community\Common7\IDE\ProjectTemplates\VisualBasic\Windows\1033\ConsoleApplication\assemblyinfo.vb'.
[0b00:0004][2017-10-17T09:47:54] Processing file /Contents/Common7/IDE/ProjectTemplates/VisualBasic/Windows/1033/ConsoleApplication/consoleapplication.vbproj
[0b00:0004][2017-10-17T09:47:54] Started: Copying file /Contents/Common7/IDE/ProjectTemplates/VisualBasic/Windows/1033/ConsoleApplication/consoleapplication.vbproj to C:\Program Files (x86)\Microsoft Visual Studio\2017\Community\Common7\IDE\ProjectTemplates\VisualBasic\Windows\1033\ConsoleApplication\consoleapplication.vbproj
[0b00:0004][2017-10-17T09:47:54] Completed: Copying file /Contents/Common7/IDE/ProjectTemplates/VisualBasic/Windows/1033/ConsoleApplication/consoleapplication.vbproj to C:\Program Files (x86)\Microsoft Visual Studio\2017\Community\Common7\IDE\ProjectTemplates\VisualBasic\Windows\1033\ConsoleApplication\consoleapplication.vbproj
[0b00:0004][2017-10-17T09:47:54] Timestamp updated for file 'C:\Program Files (x86)\Microsoft Visual Studio\2017\Community\Common7\IDE\ProjectTemplates\VisualBasic\Windows\1033\ConsoleApplication\consoleapplication.vbproj'.
[0b00:0004][2017-10-17T09:47:54] Processing file /Contents/Common7/IDE/ProjectTemplates/VisualBasic/Windows/1033/ConsoleApplication/consoleapplication.vstemplate
[0b00:0004][2017-10-17T09:47:54] Started: Copying file /Contents/Common7/IDE/ProjectTemplates/VisualBasic/Windows/1033/ConsoleApplication/consoleapplication.vstemplate to C:\Program Files (x86)\Microsoft Visual Studio\2017\Community\Common7\IDE\ProjectTemplates\VisualBasic\Windows\1033\ConsoleApplication\consoleapplication.vstemplate
[0b00:0004][2017-10-17T09:47:54] Completed: Copying file /Contents/Common7/IDE/ProjectTemplates/VisualBasic/Windows/1033/ConsoleApplication/consoleapplication.vstemplate to C:\Program Files (x86)\Microsoft Visual Studio\2017\Community\Common7\IDE\ProjectTemplates\VisualBasic\Windows\1033\ConsoleApplication\consoleapplication.vstemplate
[0b00:0004][2017-10-17T09:47:54] Timestamp updated for file 'C:\Program Files (x86)\Microsoft Visual Studio\2017\Community\Common7\IDE\ProjectTemplates\VisualBasic\Windows\1033\ConsoleApplication\consoleapplication.vstemplate'.
[0b00:0004][2017-10-17T09:47:54] Processing file /Contents/Common7/IDE/ProjectTemplates/VisualBasic/Windows/1033/ConsoleApplication/Module1.vb
[0b00:0004][2017-10-17T09:47:54] Started: Copying file /Contents/Common7/IDE/ProjectTemplates/VisualBasic/Windows/1033/ConsoleApplication/Module1.vb to C:\Program Files (x86)\Microsoft Visual Studio\2017\Community\Common7\IDE\ProjectTemplates\VisualBasic\Windows\1033\ConsoleApplication\Module1.vb
[0b00:0004][2017-10-17T09:47:54] Completed: Copying file /Contents/Common7/IDE/ProjectTemplates/VisualBasic/Windows/1033/ConsoleApplication/Module1.vb to C:\Program Files (x86)\Microsoft Visual Studio\2017\Community\Common7\IDE\ProjectTemplates\VisualBasic\Windows\1033\ConsoleApplication\Module1.vb
[0b00:0004][2017-10-17T09:47:54] Timestamp updated for file 'C:\Program Files (x86)\Microsoft Visual Studio\2017\Community\Common7\IDE\ProjectTemplates\VisualBasic\Windows\1033\ConsoleApplication\Module1.vb'.
[0b00:0004][2017-10-17T09:47:54] Processing file /Contents/Common7/IDE/ProjectTemplates/VisualBasic/Windows/1033/ConsoleApplication/MyApplication.Designer.vb
[0b00:0004][2017-10-17T09:47:54] Started: Copying file /Contents/Common7/IDE/ProjectTemplates/VisualBasic/Windows/1033/ConsoleApplication/MyApplication.Designer.vb to C:\Program Files (x86)\Microsoft Visual Studio\2017\Community\Common7\IDE\ProjectTemplates\VisualBasic\Windows\1033\ConsoleApplication\MyApplication.Designer.vb
[0b00:0004][2017-10-17T09:47:54] Completed: Copying file /Contents/Common7/IDE/ProjectTemplates/VisualBasic/Windows/1033/ConsoleApplication/MyApplication.Designer.vb to C:\Program Files (x86)\Microsoft Visual Studio\2017\Community\Common7\IDE\ProjectTemplates\VisualBasic\Windows\1033\ConsoleApplication\MyApplication.Designer.vb
[0b00:0004][2017-10-17T09:47:54] Timestamp updated for file 'C:\Program Files (x86)\Microsoft Visual Studio\2017\Community\Common7\IDE\ProjectTemplates\VisualBasic\Windows\1033\ConsoleApplication\MyApplication.Designer.vb'.
[0b00:0004][2017-10-17T09:47:54] Processing file /Contents/Common7/IDE/ProjectTemplates/VisualBasic/Windows/1033/ConsoleApplication/MyApplication.myapp
[0b00:0004][2017-10-17T09:47:54] Started: Copying file /Contents/Common7/IDE/ProjectTemplates/VisualBasic/Windows/1033/ConsoleApplication/MyApplication.myapp to C:\Program Files (x86)\Microsoft Visual Studio\2017\Community\Common7\IDE\ProjectTemplates\VisualBasic\Windows\1033\ConsoleApplication\MyApplication.myapp
[0b00:0004][2017-10-17T09:47:54] Completed: Copying file /Contents/Common7/IDE/ProjectTemplates/VisualBasic/Windows/1033/ConsoleApplication/MyApplication.myapp to C:\Program Files (x86)\Microsoft Visual Studio\2017\Community\Common7\IDE\ProjectTemplates\VisualBasic\Windows\1033\ConsoleApplication\MyApplication.myapp
[0b00:0004][2017-10-17T09:47:54] Timestamp updated for file 'C:\Program Files (x86)\Microsoft Visual Studio\2017\Community\Common7\IDE\ProjectTemplates\VisualBasic\Windows\1033\ConsoleApplication\MyApplication.myapp'.
[0b00:0004][2017-10-17T09:47:54] Processing file /Contents/Common7/IDE/ProjectTemplates/VisualBasic/Windows/1033/ConsoleApplication/Resources.Designer.vb
[0b00:0004][2017-10-17T09:47:54] Started: Copying file /Contents/Common7/IDE/ProjectTemplates/VisualBasic/Windows/1033/ConsoleApplication/Resources.Designer.vb to C:\Program Files (x86)\Microsoft Visual Studio\2017\Community\Common7\IDE\ProjectTemplates\VisualBasic\Windows\1033\ConsoleApplication\Resources.Designer.vb
[0b00:0004][2017-10-17T09:47:54] Completed: Copying file /Contents/Common7/IDE/ProjectTemplates/VisualBasic/Windows/1033/ConsoleApplication/Resources.Designer.vb to C:\Program Files (x86)\Microsoft Visual Studio\2017\Community\Common7\IDE\ProjectTemplates\VisualBasic\Windows\1033\ConsoleApplication\Resources.Designer.vb
[0b00:0004][2017-10-17T09:47:54] Timestamp updated for file 'C:\Program Files (x86)\Microsoft Visual Studio\2017\Community\Common7\IDE\ProjectTemplates\VisualBasic\Windows\1033\ConsoleApplication\Resources.Designer.vb'.
[0b00:0004][2017-10-17T09:47:54] Processing file /Contents/Common7/IDE/ProjectTemplates/VisualBasic/Windows/1033/ConsoleApplication/Resources.resx
[0b00:0004][2017-10-17T09:47:54] Started: Copying file /Contents/Common7/IDE/ProjectTemplates/VisualBasic/Windows/1033/ConsoleApplication/Resources.resx to C:\Program Files (x86)\Microsoft Visual Studio\2017\Community\Common7\IDE\ProjectTemplates\VisualBasic\Windows\1033\ConsoleApplication\Resources.resx
[0b00:0004][2017-10-17T09:47:54] Completed: Copying file /Contents/Common7/IDE/ProjectTemplates/VisualBasic/Windows/1033/ConsoleApplication/Resources.resx to C:\Program Files (x86)\Microsoft Visual Studio\2017\Community\Common7\IDE\ProjectTemplates\VisualBasic\Windows\1033\ConsoleApplication\Resources.resx
[0b00:0004][2017-10-17T09:47:54] Timestamp updated for file 'C:\Program Files (x86)\Microsoft Visual Studio\2017\Community\Common7\IDE\ProjectTemplates\VisualBasic\Windows\1033\ConsoleApplication\Resources.resx'.
[0b00:0004][2017-10-17T09:47:54] Processing file /Contents/Common7/IDE/ProjectTemplates/VisualBasic/Windows/1033/ConsoleApplication/Settings.Designer.vb
[0b00:0004][2017-10-17T09:47:54] Started: Copying file /Contents/Common7/IDE/ProjectTemplates/VisualBasic/Windows/1033/ConsoleApplication/Settings.Designer.vb to C:\Program Files (x86)\Microsoft Visual Studio\2017\Community\Common7\IDE\ProjectTemplates\VisualBasic\Windows\1033\ConsoleApplication\Settings.Designer.vb
[0b00:0004][2017-10-17T09:47:54] Completed: Copying file /Contents/Common7/IDE/ProjectTemplates/VisualBasic/Windows/1033/ConsoleApplication/Settings.Designer.vb to C:\Program Files (x86)\Microsoft Visual Studio\2017\Community\Common7\IDE\ProjectTemplates\VisualBasic\Windows\1033\ConsoleApplication\Settings.Designer.vb
[0b00:0004][2017-10-17T09:47:54] Timestamp updated for file 'C:\Program Files (x86)\Microsoft Visual Studio\2017\Community\Common7\IDE\ProjectTemplates\VisualBasic\Windows\1033\ConsoleApplication\Settings.Designer.vb'.
[0b00:0004][2017-10-17T09:47:54] Processing file /Contents/Common7/IDE/ProjectTemplates/VisualBasic/Windows/1033/ConsoleApplication/Settings.settings
[0b00:0004][2017-10-17T09:47:54] Started: Copying file /Contents/Common7/IDE/ProjectTemplates/VisualBasic/Windows/1033/ConsoleApplication/Settings.settings to C:\Program Files (x86)\Microsoft Visual Studio\2017\Community\Common7\IDE\ProjectTemplates\VisualBasic\Windows\1033\ConsoleApplication\Settings.settings
[0b00:0004][2017-10-17T09:47:54] Completed: Copying file /Contents/Common7/IDE/ProjectTemplates/VisualBasic/Windows/1033/ConsoleApplication/Settings.settings to C:\Program Files (x86)\Microsoft Visual Studio\2017\Community\Common7\IDE\ProjectTemplates\VisualBasic\Windows\1033\ConsoleApplication\Settings.settings
[0b00:0004][2017-10-17T09:47:54] Timestamp updated for file 'C:\Program Files (x86)\Microsoft Visual Studio\2017\Community\Common7\IDE\ProjectTemplates\VisualBasic\Windows\1033\ConsoleApplication\Settings.settings'.
[0b00:0004][2017-10-17T09:47:54] Processing file /Contents/Common7/IDE/ProjectTemplates/VisualBasic/Windows/1033/EmptyProject/App.config
[0b00:0004][2017-10-17T09:47:54] Started: Copying file /Contents/Common7/IDE/ProjectTemplates/VisualBasic/Windows/1033/EmptyProject/App.config to C:\Program Files (x86)\Microsoft Visual Studio\2017\Community\Common7\IDE\ProjectTemplates\VisualBasic\Windows\1033\EmptyProject\App.config
[0b00:0004][2017-10-17T09:47:54] Completed: Copying file /Contents/Common7/IDE/ProjectTemplates/VisualBasic/Windows/1033/EmptyProject/App.config to C:\Program Files (x86)\Microsoft Visual Studio\2017\Community\Common7\IDE\ProjectTemplates\VisualBasic\Windows\1033\EmptyProject\App.config
[0b00:0004][2017-10-17T09:47:54] Timestamp updated for file 'C:\Program Files (x86)\Microsoft Visual Studio\2017\Community\Common7\IDE\ProjectTemplates\VisualBasic\Windows\1033\EmptyProject\App.config'.
[0b00:0004][2017-10-17T09:47:54] Processing file /Contents/Common7/IDE/ProjectTemplates/VisualBasic/Windows/1033/EmptyProject/EmptyProject.vbproj
[0b00:0004][2017-10-17T09:47:54] Started: Copying file /Contents/Common7/IDE/ProjectTemplates/VisualBasic/Windows/1033/EmptyProject/EmptyProject.vbproj to C:\Program Files (x86)\Microsoft Visual Studio\2017\Community\Common7\IDE\ProjectTemplates\VisualBasic\Windows\1033\EmptyProject\EmptyProject.vbproj
[0b00:0004][2017-10-17T09:47:54] Completed: Copying file /Contents/Common7/IDE/ProjectTemplates/VisualBasic/Windows/1033/EmptyProject/EmptyProject.vbproj to C:\Program Files (x86)\Microsoft Visual Studio\2017\Community\Common7\IDE\ProjectTemplates\VisualBasic\Windows\1033\EmptyProject\EmptyProject.vbproj
[0b00:0004][2017-10-17T09:47:54] Timestamp updated for file 'C:\Program Files (x86)\Microsoft Visual Studio\2017\Community\Common7\IDE\ProjectTemplates\VisualBasic\Windows\1033\EmptyProject\EmptyProject.vbproj'.
[0b00:0004][2017-10-17T09:47:54] Processing file /Contents/Common7/IDE/ProjectTemplates/VisualBasic/Windows/1033/EmptyProject/EmptyProject.vstemplate
[0b00:0004][2017-10-17T09:47:54] Started: Copying file /Contents/Common7/IDE/ProjectTemplates/VisualBasic/Windows/1033/EmptyProject/EmptyProject.vstemplate to C:\Program Files (x86)\Microsoft Visual Studio\2017\Community\Common7\IDE\ProjectTemplates\VisualBasic\Windows\1033\EmptyProject\EmptyProject.vstemplate
[0b00:0004][2017-10-17T09:47:54] Completed: Copying file /Contents/Common7/IDE/ProjectTemplates/VisualBasic/Windows/1033/EmptyProject/EmptyProject.vstemplate to C:\Program Files (x86)\Microsoft Visual Studio\2017\Community\Common7\IDE\ProjectTemplates\VisualBasic\Windows\1033\EmptyProject\EmptyProject.vstemplate
[0b00:0004][2017-10-17T09:47:54] Timestamp updated for file 'C:\Program Files (x86)\Microsoft Visual Studio\2017\Community\Common7\IDE\ProjectTemplates\VisualBasic\Windows\1033\EmptyProject\EmptyProject.vstemplate'.
[0b00:0004][2017-10-17T09:47:54] Package executed successfully. Return code: 0
