[0b00:0004][2017-10-17T09:47:33] Opening the package for processing
[0b00:0004][2017-10-17T09:47:33] Using package payload to get the embedded manifest
[0b00:0004][2017-10-17T09:47:33] Getting list of files within the package
[0b00:0004][2017-10-17T09:47:33] Processing file /contents/Common7/IDE/ItemTemplates/Microsoft.VisualStudio.Templates.VB.Shared.Item..vstman
[0b00:0004][2017-10-17T09:47:33] Started: Copying file /contents/Common7/IDE/ItemTemplates/Microsoft.VisualStudio.Templates.VB.Shared.Item..vstman to C:\Program Files (x86)\Microsoft Visual Studio\2017\Community\Common7\IDE\ItemTemplates\Microsoft.VisualStudio.Templates.VB.Shared.Item..vstman
[0b00:0004][2017-10-17T09:47:33] Completed: Copying file /contents/Common7/IDE/ItemTemplates/Microsoft.VisualStudio.Templates.VB.Shared.Item..vstman to C:\Program Files (x86)\Microsoft Visual Studio\2017\Community\Common7\IDE\ItemTemplates\Microsoft.VisualStudio.Templates.VB.Shared.Item..vstman
[0b00:0004][2017-10-17T09:47:33] Timestamp updated for file 'C:\Program Files (x86)\Microsoft Visual Studio\2017\Community\Common7\IDE\ItemTemplates\Microsoft.VisualStudio.Templates.VB.Shared.Item..vstman'.
[0b00:0004][2017-10-17T09:47:33] Processing file /Contents/Common7/IDE/ItemTemplates/VisualBasic/Code/Code.VSTDIR
[0b00:0004][2017-10-17T09:47:33] Started: Copying file /Contents/Common7/IDE/ItemTemplates/VisualBasic/Code/Code.VSTDIR to C:\Program Files (x86)\Microsoft Visual Studio\2017\Community\Common7\IDE\ItemTemplates\VisualBasic\Code\Code.VSTDIR
[0b00:0004][2017-10-17T09:47:33] Completed: Copying file /Contents/Common7/IDE/ItemTemplates/VisualBasic/Code/Code.VSTDIR to C:\Program Files (x86)\Microsoft Visual Studio\2017\Community\Common7\IDE\ItemTemplates\VisualBasic\Code\Code.VSTDIR
[0b00:0004][2017-10-17T09:47:33] Timestamp updated for file 'C:\Program Files (x86)\Microsoft Visual Studio\2017\Community\Common7\IDE\ItemTemplates\VisualBasic\Code\Code.VSTDIR'.
[0b00:0004][2017-10-17T09:47:33] Processing file /Contents/Common7/IDE/ItemTemplates/VisualBasic/Data/Data.VSTDIR
[0b00:0004][2017-10-17T09:47:33] Started: Copying file /Contents/Common7/IDE/ItemTemplates/VisualBasic/Data/Data.VSTDIR to C:\Program Files (x86)\Microsoft Visual Studio\2017\Community\Common7\IDE\ItemTemplates\VisualBasic\Data\Data.VSTDIR
[0b00:0004][2017-10-17T09:47:33] Completed: Copying file /Contents/Common7/IDE/ItemTemplates/VisualBasic/Data/Data.VSTDIR to C:\Program Files (x86)\Microsoft Visual Studio\2017\Community\Common7\IDE\ItemTemplates\VisualBasic\Data\Data.VSTDIR
[0b00:0004][2017-10-17T09:47:33] Timestamp updated for file 'C:\Program Files (x86)\Microsoft Visual Studio\2017\Community\Common7\IDE\ItemTemplates\VisualBasic\Data\Data.VSTDIR'.
[0b00:0004][2017-10-17T09:47:33] Processing file /Contents/Common7/IDE/ItemTemplates/VisualBasic/General/General.VSTDIR
[0b00:0004][2017-10-17T09:47:33] Started: Copying file /Contents/Common7/IDE/ItemTemplates/VisualBasic/General/General.VSTDIR to C:\Program Files (x86)\Microsoft Visual Studio\2017\Community\Common7\IDE\ItemTemplates\VisualBasic\General\General.VSTDIR
[0b00:0004][2017-10-17T09:47:33] Completed: Copying file /Contents/Common7/IDE/ItemTemplates/VisualBasic/General/General.VSTDIR to C:\Program Files (x86)\Microsoft Visual Studio\2017\Community\Common7\IDE\ItemTemplates\VisualBasic\General\General.VSTDIR
[0b00:0004][2017-10-17T09:47:33] Timestamp updated for file 'C:\Program Files (x86)\Microsoft Visual Studio\2017\Community\Common7\IDE\ItemTemplates\VisualBasic\General\General.VSTDIR'.
[0b00:0004][2017-10-17T09:47:33] Package executed successfully. Return code: 0
