[0b00:0004][2017-10-17T09:49:46] Opening the package for processing
[0b00:0004][2017-10-17T09:49:46] Using package payload to get the embedded manifest
[0b00:0004][2017-10-17T09:49:46] Getting list of files within the package
[0b00:0004][2017-10-17T09:49:46] Processing file /catalog.json
[0b00:0004][2017-10-17T09:49:46] Started: Copying file /catalog.json to C:\Program Files (x86)\Microsoft Visual Studio\2017\Community\Common7\IDE\Extensions\2kwywm3t.443\catalog.json
[0b00:0004][2017-10-17T09:49:46] Completed: Copying file /catalog.json to C:\Program Files (x86)\Microsoft Visual Studio\2017\Community\Common7\IDE\Extensions\2kwywm3t.443\catalog.json
[0b00:0004][2017-10-17T09:49:46] Timestamp updated for file 'C:\Program Files (x86)\Microsoft Visual Studio\2017\Community\Common7\IDE\Extensions\2kwywm3t.443\catalog.json'.
[0b00:0004][2017-10-17T09:49:46] Processing file /cs/Microsoft.VisualStudio.DevOps.Package.15.0.resources.dll
[0b00:0004][2017-10-17T09:49:46] Started: Copying file /cs/Microsoft.VisualStudio.DevOps.Package.15.0.resources.dll to C:\Program Files (x86)\Microsoft Visual Studio\2017\Community\Common7\IDE\Extensions\2kwywm3t.443\cs\Microsoft.VisualStudio.DevOps.Package.15.0.resources.dll
[0b00:0004][2017-10-17T09:49:46] Completed: Copying file /cs/Microsoft.VisualStudio.DevOps.Package.15.0.resources.dll to C:\Program Files (x86)\Microsoft Visual Studio\2017\Community\Common7\IDE\Extensions\2kwywm3t.443\cs\Microsoft.VisualStudio.DevOps.Package.15.0.resources.dll
[0b00:0004][2017-10-17T09:49:46] Timestamp updated for file 'C:\Program Files (x86)\Microsoft Visual Studio\2017\Community\Common7\IDE\Extensions\2kwywm3t.443\cs\Microsoft.VisualStudio.DevOps.Package.15.0.resources.dll'.
[0b00:0004][2017-10-17T09:49:46] Processing file /de/Microsoft.VisualStudio.DevOps.Package.15.0.resources.dll
[0b00:0004][2017-10-17T09:49:46] Started: Copying file /de/Microsoft.VisualStudio.DevOps.Package.15.0.resources.dll to C:\Program Files (x86)\Microsoft Visual Studio\2017\Community\Common7\IDE\Extensions\2kwywm3t.443\de\Microsoft.VisualStudio.DevOps.Package.15.0.resources.dll
[0b00:0004][2017-10-17T09:49:46] Completed: Copying file /de/Microsoft.VisualStudio.DevOps.Package.15.0.resources.dll to C:\Program Files (x86)\Microsoft Visual Studio\2017\Community\Common7\IDE\Extensions\2kwywm3t.443\de\Microsoft.VisualStudio.DevOps.Package.15.0.resources.dll
[0b00:0004][2017-10-17T09:49:46] Timestamp updated for file 'C:\Program Files (x86)\Microsoft Visual Studio\2017\Community\Common7\IDE\Extensions\2kwywm3t.443\de\Microsoft.VisualStudio.DevOps.Package.15.0.resources.dll'.
[0b00:0004][2017-10-17T09:49:46] Processing file /DevOps%20Extension%20EULA-Final-19OCT2016.rtf
[0b00:0004][2017-10-17T09:49:46] Started: Copying file /DevOps%20Extension%20EULA-Final-19OCT2016.rtf to C:\Program Files (x86)\Microsoft Visual Studio\2017\Community\Common7\IDE\Extensions\2kwywm3t.443\DevOps Extension EULA-Final-19OCT2016.rtf
[0b00:0004][2017-10-17T09:49:46] Completed: Copying file /DevOps%20Extension%20EULA-Final-19OCT2016.rtf to C:\Program Files (x86)\Microsoft Visual Studio\2017\Community\Common7\IDE\Extensions\2kwywm3t.443\DevOps Extension EULA-Final-19OCT2016.rtf
[0b00:0004][2017-10-17T09:49:46] Timestamp updated for file 'C:\Program Files (x86)\Microsoft Visual Studio\2017\Community\Common7\IDE\Extensions\2kwywm3t.443\DevOps Extension EULA-Final-19OCT2016.rtf'.
[0b00:0004][2017-10-17T09:49:46] Processing file /DevOps.Prod.imagemanifest
[0b00:0004][2017-10-17T09:49:46] Started: Copying file /DevOps.Prod.imagemanifest to C:\Program Files (x86)\Microsoft Visual Studio\2017\Community\Common7\IDE\Extensions\2kwywm3t.443\DevOps.Prod.imagemanifest
[0b00:0004][2017-10-17T09:49:46] Completed: Copying file /DevOps.Prod.imagemanifest to C:\Program Files (x86)\Microsoft Visual Studio\2017\Community\Common7\IDE\Extensions\2kwywm3t.443\DevOps.Prod.imagemanifest
[0b00:0004][2017-10-17T09:49:46] Timestamp updated for file 'C:\Program Files (x86)\Microsoft Visual Studio\2017\Community\Common7\IDE\Extensions\2kwywm3t.443\DevOps.Prod.imagemanifest'.
[0b00:0004][2017-10-17T09:49:46] Processing file /es/Microsoft.VisualStudio.DevOps.Package.15.0.resources.dll
[0b00:0004][2017-10-17T09:49:46] Started: Copying file /es/Microsoft.VisualStudio.DevOps.Package.15.0.resources.dll to C:\Program Files (x86)\Microsoft Visual Studio\2017\Community\Common7\IDE\Extensions\2kwywm3t.443\es\Microsoft.VisualStudio.DevOps.Package.15.0.resources.dll
[0b00:0004][2017-10-17T09:49:46] Completed: Copying file /es/Microsoft.VisualStudio.DevOps.Package.15.0.resources.dll to C:\Program Files (x86)\Microsoft Visual Studio\2017\Community\Common7\IDE\Extensions\2kwywm3t.443\es\Microsoft.VisualStudio.DevOps.Package.15.0.resources.dll
[0b00:0004][2017-10-17T09:49:46] Timestamp updated for file 'C:\Program Files (x86)\Microsoft Visual Studio\2017\Community\Common7\IDE\Extensions\2kwywm3t.443\es\Microsoft.VisualStudio.DevOps.Package.15.0.resources.dll'.
[0b00:0004][2017-10-17T09:49:46] Processing file /extension.vsixmanifest
[0b00:0004][2017-10-17T09:49:46] Started: Copying file /extension.vsixmanifest to C:\Program Files (x86)\Microsoft Visual Studio\2017\Community\Common7\IDE\Extensions\2kwywm3t.443\extension.vsixmanifest
[0b00:0004][2017-10-17T09:49:46] Completed: Copying file /extension.vsixmanifest to C:\Program Files (x86)\Microsoft Visual Studio\2017\Community\Common7\IDE\Extensions\2kwywm3t.443\extension.vsixmanifest
[0b00:0004][2017-10-17T09:49:46] Timestamp updated for file 'C:\Program Files (x86)\Microsoft Visual Studio\2017\Community\Common7\IDE\Extensions\2kwywm3t.443\extension.vsixmanifest'.
[0b00:0004][2017-10-17T09:49:46] Processing file /fr/Microsoft.VisualStudio.DevOps.Package.15.0.resources.dll
[0b00:0004][2017-10-17T09:49:46] Started: Copying file /fr/Microsoft.VisualStudio.DevOps.Package.15.0.resources.dll to C:\Program Files (x86)\Microsoft Visual Studio\2017\Community\Common7\IDE\Extensions\2kwywm3t.443\fr\Microsoft.VisualStudio.DevOps.Package.15.0.resources.dll
[0b00:0004][2017-10-17T09:49:46] Completed: Copying file /fr/Microsoft.VisualStudio.DevOps.Package.15.0.resources.dll to C:\Program Files (x86)\Microsoft Visual Studio\2017\Community\Common7\IDE\Extensions\2kwywm3t.443\fr\Microsoft.VisualStudio.DevOps.Package.15.0.resources.dll
[0b00:0004][2017-10-17T09:49:46] Timestamp updated for file 'C:\Program Files (x86)\Microsoft Visual Studio\2017\Community\Common7\IDE\Extensions\2kwywm3t.443\fr\Microsoft.VisualStudio.DevOps.Package.15.0.resources.dll'.
[0b00:0004][2017-10-17T09:49:46] Processing file /gallery_DevOpsVersionControl_90x.png
[0b00:0004][2017-10-17T09:49:46] Started: Copying file /gallery_DevOpsVersionControl_90x.png to C:\Program Files (x86)\Microsoft Visual Studio\2017\Community\Common7\IDE\Extensions\2kwywm3t.443\gallery_DevOpsVersionControl_90x.png
[0b00:0004][2017-10-17T09:49:46] Completed: Copying file /gallery_DevOpsVersionControl_90x.png to C:\Program Files (x86)\Microsoft Visual Studio\2017\Community\Common7\IDE\Extensions\2kwywm3t.443\gallery_DevOpsVersionControl_90x.png
[0b00:0004][2017-10-17T09:49:46] Timestamp updated for file 'C:\Program Files (x86)\Microsoft Visual Studio\2017\Community\Common7\IDE\Extensions\2kwywm3t.443\gallery_DevOpsVersionControl_90x.png'.
[0b00:0004][2017-10-17T09:49:46] Processing file /Hyak.Common.dll
[0b00:0004][2017-10-17T09:49:46] Started: Copying file /Hyak.Common.dll to C:\Program Files (x86)\Microsoft Visual Studio\2017\Community\Common7\IDE\Extensions\2kwywm3t.443\Hyak.Common.dll
[0b00:0004][2017-10-17T09:49:46] Completed: Copying file /Hyak.Common.dll to C:\Program Files (x86)\Microsoft Visual Studio\2017\Community\Common7\IDE\Extensions\2kwywm3t.443\Hyak.Common.dll
[0b00:0004][2017-10-17T09:49:46] Timestamp updated for file 'C:\Program Files (x86)\Microsoft Visual Studio\2017\Community\Common7\IDE\Extensions\2kwywm3t.443\Hyak.Common.dll'.
[0b00:0004][2017-10-17T09:49:46] Processing file /it/Microsoft.VisualStudio.DevOps.Package.15.0.resources.dll
[0b00:0004][2017-10-17T09:49:46] Started: Copying file /it/Microsoft.VisualStudio.DevOps.Package.15.0.resources.dll to C:\Program Files (x86)\Microsoft Visual Studio\2017\Community\Common7\IDE\Extensions\2kwywm3t.443\it\Microsoft.VisualStudio.DevOps.Package.15.0.resources.dll
[0b00:0004][2017-10-17T09:49:46] Completed: Copying file /it/Microsoft.VisualStudio.DevOps.Package.15.0.resources.dll to C:\Program Files (x86)\Microsoft Visual Studio\2017\Community\Common7\IDE\Extensions\2kwywm3t.443\it\Microsoft.VisualStudio.DevOps.Package.15.0.resources.dll
[0b00:0004][2017-10-17T09:49:46] Timestamp updated for file 'C:\Program Files (x86)\Microsoft Visual Studio\2017\Community\Common7\IDE\Extensions\2kwywm3t.443\it\Microsoft.VisualStudio.DevOps.Package.15.0.resources.dll'.
[0b00:0004][2017-10-17T09:49:46] Processing file /ja/Microsoft.VisualStudio.DevOps.Package.15.0.resources.dll
[0b00:0004][2017-10-17T09:49:46] Started: Copying file /ja/Microsoft.VisualStudio.DevOps.Package.15.0.resources.dll to C:\Program Files (x86)\Microsoft Visual Studio\2017\Community\Common7\IDE\Extensions\2kwywm3t.443\ja\Microsoft.VisualStudio.DevOps.Package.15.0.resources.dll
[0b00:0004][2017-10-17T09:49:46] Completed: Copying file /ja/Microsoft.VisualStudio.DevOps.Package.15.0.resources.dll to C:\Program Files (x86)\Microsoft Visual Studio\2017\Community\Common7\IDE\Extensions\2kwywm3t.443\ja\Microsoft.VisualStudio.DevOps.Package.15.0.resources.dll
[0b00:0004][2017-10-17T09:49:46] Timestamp updated for file 'C:\Program Files (x86)\Microsoft Visual Studio\2017\Community\Common7\IDE\Extensions\2kwywm3t.443\ja\Microsoft.VisualStudio.DevOps.Package.15.0.resources.dll'.
[0b00:0004][2017-10-17T09:49:46] Processing file /ko/Microsoft.VisualStudio.DevOps.Package.15.0.resources.dll
[0b00:0004][2017-10-17T09:49:46] Started: Copying file /ko/Microsoft.VisualStudio.DevOps.Package.15.0.resources.dll to C:\Program Files (x86)\Microsoft Visual Studio\2017\Community\Common7\IDE\Extensions\2kwywm3t.443\ko\Microsoft.VisualStudio.DevOps.Package.15.0.resources.dll
[0b00:0004][2017-10-17T09:49:46] Completed: Copying file /ko/Microsoft.VisualStudio.DevOps.Package.15.0.resources.dll to C:\Program Files (x86)\Microsoft Visual Studio\2017\Community\Common7\IDE\Extensions\2kwywm3t.443\ko\Microsoft.VisualStudio.DevOps.Package.15.0.resources.dll
[0b00:0004][2017-10-17T09:49:46] Timestamp updated for file 'C:\Program Files (x86)\Microsoft Visual Studio\2017\Community\Common7\IDE\Extensions\2kwywm3t.443\ko\Microsoft.VisualStudio.DevOps.Package.15.0.resources.dll'.
[0b00:0004][2017-10-17T09:49:46] Processing file /manifest.json
[0b00:0004][2017-10-17T09:49:46] Started: Copying file /manifest.json to C:\Program Files (x86)\Microsoft Visual Studio\2017\Community\Common7\IDE\Extensions\2kwywm3t.443\manifest.json
[0b00:0004][2017-10-17T09:49:46] Completed: Copying file /manifest.json to C:\Program Files (x86)\Microsoft Visual Studio\2017\Community\Common7\IDE\Extensions\2kwywm3t.443\manifest.json
[0b00:0004][2017-10-17T09:49:46] Timestamp updated for file 'C:\Program Files (x86)\Microsoft Visual Studio\2017\Community\Common7\IDE\Extensions\2kwywm3t.443\manifest.json'.
[0b00:0004][2017-10-17T09:49:46] Processing file /Microsoft.Azure.Common.dll
[0b00:0004][2017-10-17T09:49:46] Started: Copying file /Microsoft.Azure.Common.dll to C:\Program Files (x86)\Microsoft Visual Studio\2017\Community\Common7\IDE\Extensions\2kwywm3t.443\Microsoft.Azure.Common.dll
[0b00:0004][2017-10-17T09:49:46] Completed: Copying file /Microsoft.Azure.Common.dll to C:\Program Files (x86)\Microsoft Visual Studio\2017\Community\Common7\IDE\Extensions\2kwywm3t.443\Microsoft.Azure.Common.dll
[0b00:0004][2017-10-17T09:49:46] Timestamp updated for file 'C:\Program Files (x86)\Microsoft Visual Studio\2017\Community\Common7\IDE\Extensions\2kwywm3t.443\Microsoft.Azure.Common.dll'.
[0b00:0004][2017-10-17T09:49:46] Processing file /Microsoft.Azure.Common.NetFramework.dll
[0b00:0004][2017-10-17T09:49:46] Started: Copying file /Microsoft.Azure.Common.NetFramework.dll to C:\Program Files (x86)\Microsoft Visual Studio\2017\Community\Common7\IDE\Extensions\2kwywm3t.443\Microsoft.Azure.Common.NetFramework.dll
[0b00:0004][2017-10-17T09:49:46] Completed: Copying file /Microsoft.Azure.Common.NetFramework.dll to C:\Program Files (x86)\Microsoft Visual Studio\2017\Community\Common7\IDE\Extensions\2kwywm3t.443\Microsoft.Azure.Common.NetFramework.dll
[0b00:0004][2017-10-17T09:49:46] Timestamp updated for file 'C:\Program Files (x86)\Microsoft Visual Studio\2017\Community\Common7\IDE\Extensions\2kwywm3t.443\Microsoft.Azure.Common.NetFramework.dll'.
[0b00:0004][2017-10-17T09:49:46] Processing file /Microsoft.Azure.Management.Storage.dll
[0b00:0004][2017-10-17T09:49:46] Started: Copying file /Microsoft.Azure.Management.Storage.dll to C:\Program Files (x86)\Microsoft Visual Studio\2017\Community\Common7\IDE\Extensions\2kwywm3t.443\Microsoft.Azure.Management.Storage.dll
[0b00:0004][2017-10-17T09:49:46] Completed: Copying file /Microsoft.Azure.Management.Storage.dll to C:\Program Files (x86)\Microsoft Visual Studio\2017\Community\Common7\IDE\Extensions\2kwywm3t.443\Microsoft.Azure.Management.Storage.dll
[0b00:0004][2017-10-17T09:49:46] Timestamp updated for file 'C:\Program Files (x86)\Microsoft Visual Studio\2017\Community\Common7\IDE\Extensions\2kwywm3t.443\Microsoft.Azure.Management.Storage.dll'.
[0b00:0004][2017-10-17T09:49:46] Processing file /Microsoft.TeamFoundation.Build.Client.dll
[0b00:0004][2017-10-17T09:49:46] Started: Copying file /Microsoft.TeamFoundation.Build.Client.dll to C:\Program Files (x86)\Microsoft Visual Studio\2017\Community\Common7\IDE\Extensions\2kwywm3t.443\Microsoft.TeamFoundation.Build.Client.dll
[0b00:0004][2017-10-17T09:49:46] Completed: Copying file /Microsoft.TeamFoundation.Build.Client.dll to C:\Program Files (x86)\Microsoft Visual Studio\2017\Community\Common7\IDE\Extensions\2kwywm3t.443\Microsoft.TeamFoundation.Build.Client.dll
[0b00:0004][2017-10-17T09:49:46] Timestamp updated for file 'C:\Program Files (x86)\Microsoft Visual Studio\2017\Community\Common7\IDE\Extensions\2kwywm3t.443\Microsoft.TeamFoundation.Build.Client.dll'.
[0b00:0004][2017-10-17T09:49:46] Processing file /Microsoft.TeamFoundation.Build.Common.dll
[0b00:0004][2017-10-17T09:49:46] Started: Copying file /Microsoft.TeamFoundation.Build.Common.dll to C:\Program Files (x86)\Microsoft Visual Studio\2017\Community\Common7\IDE\Extensions\2kwywm3t.443\Microsoft.TeamFoundation.Build.Common.dll
[0b00:0004][2017-10-17T09:49:46] Completed: Copying file /Microsoft.TeamFoundation.Build.Common.dll to C:\Program Files (x86)\Microsoft Visual Studio\2017\Community\Common7\IDE\Extensions\2kwywm3t.443\Microsoft.TeamFoundation.Build.Common.dll
[0b00:0004][2017-10-17T09:49:46] Timestamp updated for file 'C:\Program Files (x86)\Microsoft Visual Studio\2017\Community\Common7\IDE\Extensions\2kwywm3t.443\Microsoft.TeamFoundation.Build.Common.dll'.
[0b00:0004][2017-10-17T09:49:46] Processing file /Microsoft.TeamFoundation.Build2.WebApi.dll
[0b00:0004][2017-10-17T09:49:46] Started: Copying file /Microsoft.TeamFoundation.Build2.WebApi.dll to C:\Program Files (x86)\Microsoft Visual Studio\2017\Community\Common7\IDE\Extensions\2kwywm3t.443\Microsoft.TeamFoundation.Build2.WebApi.dll
[0b00:0004][2017-10-17T09:49:46] Completed: Copying file /Microsoft.TeamFoundation.Build2.WebApi.dll to C:\Program Files (x86)\Microsoft Visual Studio\2017\Community\Common7\IDE\Extensions\2kwywm3t.443\Microsoft.TeamFoundation.Build2.WebApi.dll
[0b00:0004][2017-10-17T09:49:46] Timestamp updated for file 'C:\Program Files (x86)\Microsoft Visual Studio\2017\Community\Common7\IDE\Extensions\2kwywm3t.443\Microsoft.TeamFoundation.Build2.WebApi.dll'.
[0b00:0004][2017-10-17T09:49:46] Processing file /Microsoft.TeamFoundation.Chat.WebApi.dll
[0b00:0004][2017-10-17T09:49:46] Started: Copying file /Microsoft.TeamFoundation.Chat.WebApi.dll to C:\Program Files (x86)\Microsoft Visual Studio\2017\Community\Common7\IDE\Extensions\2kwywm3t.443\Microsoft.TeamFoundation.Chat.WebApi.dll
[0b00:0004][2017-10-17T09:49:46] Completed: Copying file /Microsoft.TeamFoundation.Chat.WebApi.dll to C:\Program Files (x86)\Microsoft Visual Studio\2017\Community\Common7\IDE\Extensions\2kwywm3t.443\Microsoft.TeamFoundation.Chat.WebApi.dll
[0b00:0004][2017-10-17T09:49:46] Timestamp updated for file 'C:\Program Files (x86)\Microsoft Visual Studio\2017\Community\Common7\IDE\Extensions\2kwywm3t.443\Microsoft.TeamFoundation.Chat.WebApi.dll'.
[0b00:0004][2017-10-17T09:49:46] Processing file /Microsoft.TeamFoundation.Client.dll
[0b00:0004][2017-10-17T09:49:46] Started: Copying file /Microsoft.TeamFoundation.Client.dll to C:\Program Files (x86)\Microsoft Visual Studio\2017\Community\Common7\IDE\Extensions\2kwywm3t.443\Microsoft.TeamFoundation.Client.dll
[0b00:0004][2017-10-17T09:49:46] Completed: Copying file /Microsoft.TeamFoundation.Client.dll to C:\Program Files (x86)\Microsoft Visual Studio\2017\Community\Common7\IDE\Extensions\2kwywm3t.443\Microsoft.TeamFoundation.Client.dll
[0b00:0004][2017-10-17T09:49:46] Timestamp updated for file 'C:\Program Files (x86)\Microsoft Visual Studio\2017\Community\Common7\IDE\Extensions\2kwywm3t.443\Microsoft.TeamFoundation.Client.dll'.
[0b00:0004][2017-10-17T09:49:46] Processing file /Microsoft.TeamFoundation.Common.dll
[0b00:0004][2017-10-17T09:49:46] Started: Copying file /Microsoft.TeamFoundation.Common.dll to C:\Program Files (x86)\Microsoft Visual Studio\2017\Community\Common7\IDE\Extensions\2kwywm3t.443\Microsoft.TeamFoundation.Common.dll
[0b00:0004][2017-10-17T09:49:46] Completed: Copying file /Microsoft.TeamFoundation.Common.dll to C:\Program Files (x86)\Microsoft Visual Studio\2017\Community\Common7\IDE\Extensions\2kwywm3t.443\Microsoft.TeamFoundation.Common.dll
[0b00:0004][2017-10-17T09:49:46] Timestamp updated for file 'C:\Program Files (x86)\Microsoft Visual Studio\2017\Community\Common7\IDE\Extensions\2kwywm3t.443\Microsoft.TeamFoundation.Common.dll'.
[0b00:0004][2017-10-17T09:49:46] Processing file /Microsoft.TeamFoundation.Core.WebApi.dll
[0b00:0004][2017-10-17T09:49:46] Started: Copying file /Microsoft.TeamFoundation.Core.WebApi.dll to C:\Program Files (x86)\Microsoft Visual Studio\2017\Community\Common7\IDE\Extensions\2kwywm3t.443\Microsoft.TeamFoundation.Core.WebApi.dll
[0b00:0004][2017-10-17T09:49:46] Completed: Copying file /Microsoft.TeamFoundation.Core.WebApi.dll to C:\Program Files (x86)\Microsoft Visual Studio\2017\Community\Common7\IDE\Extensions\2kwywm3t.443\Microsoft.TeamFoundation.Core.WebApi.dll
[0b00:0004][2017-10-17T09:49:46] Timestamp updated for file 'C:\Program Files (x86)\Microsoft Visual Studio\2017\Community\Common7\IDE\Extensions\2kwywm3t.443\Microsoft.TeamFoundation.Core.WebApi.dll'.
[0b00:0004][2017-10-17T09:49:46] Processing file /Microsoft.TeamFoundation.Dashboards.WebApi.dll
[0b00:0004][2017-10-17T09:49:46] Started: Copying file /Microsoft.TeamFoundation.Dashboards.WebApi.dll to C:\Program Files (x86)\Microsoft Visual Studio\2017\Community\Common7\IDE\Extensions\2kwywm3t.443\Microsoft.TeamFoundation.Dashboards.WebApi.dll
[0b00:0004][2017-10-17T09:49:46] Completed: Copying file /Microsoft.TeamFoundation.Dashboards.WebApi.dll to C:\Program Files (x86)\Microsoft Visual Studio\2017\Community\Common7\IDE\Extensions\2kwywm3t.443\Microsoft.TeamFoundation.Dashboards.WebApi.dll
[0b00:0004][2017-10-17T09:49:46] Timestamp updated for file 'C:\Program Files (x86)\Microsoft Visual Studio\2017\Community\Common7\IDE\Extensions\2kwywm3t.443\Microsoft.TeamFoundation.Dashboards.WebApi.dll'.
[0b00:0004][2017-10-17T09:49:46] Processing file /Microsoft.TeamFoundation.DeleteTeamProject.dll
[0b00:0004][2017-10-17T09:49:46] Started: Copying file /Microsoft.TeamFoundation.DeleteTeamProject.dll to C:\Program Files (x86)\Microsoft Visual Studio\2017\Community\Common7\IDE\Extensions\2kwywm3t.443\Microsoft.TeamFoundation.DeleteTeamProject.dll
[0b00:0004][2017-10-17T09:49:46] Completed: Copying file /Microsoft.TeamFoundation.DeleteTeamProject.dll to C:\Program Files (x86)\Microsoft Visual Studio\2017\Community\Common7\IDE\Extensions\2kwywm3t.443\Microsoft.TeamFoundation.DeleteTeamProject.dll
[0b00:0004][2017-10-17T09:49:46] Timestamp updated for file 'C:\Program Files (x86)\Microsoft Visual Studio\2017\Community\Common7\IDE\Extensions\2kwywm3t.443\Microsoft.TeamFoundation.DeleteTeamProject.dll'.
[0b00:0004][2017-10-17T09:49:46] Processing file /Microsoft.TeamFoundation.Diff.dll
[0b00:0004][2017-10-17T09:49:46] Started: Copying file /Microsoft.TeamFoundation.Diff.dll to C:\Program Files (x86)\Microsoft Visual Studio\2017\Community\Common7\IDE\Extensions\2kwywm3t.443\Microsoft.TeamFoundation.Diff.dll
[0b00:0004][2017-10-17T09:49:46] Completed: Copying file /Microsoft.TeamFoundation.Diff.dll to C:\Program Files (x86)\Microsoft Visual Studio\2017\Community\Common7\IDE\Extensions\2kwywm3t.443\Microsoft.TeamFoundation.Diff.dll
[0b00:0004][2017-10-17T09:49:46] Timestamp updated for file 'C:\Program Files (x86)\Microsoft Visual Studio\2017\Community\Common7\IDE\Extensions\2kwywm3t.443\Microsoft.TeamFoundation.Diff.dll'.
[0b00:0004][2017-10-17T09:49:46] Processing file /Microsoft.TeamFoundation.Discussion.Client.dll
[0b00:0004][2017-10-17T09:49:46] Started: Copying file /Microsoft.TeamFoundation.Discussion.Client.dll to C:\Program Files (x86)\Microsoft Visual Studio\2017\Community\Common7\IDE\Extensions\2kwywm3t.443\Microsoft.TeamFoundation.Discussion.Client.dll
[0b00:0004][2017-10-17T09:49:46] Completed: Copying file /Microsoft.TeamFoundation.Discussion.Client.dll to C:\Program Files (x86)\Microsoft Visual Studio\2017\Community\Common7\IDE\Extensions\2kwywm3t.443\Microsoft.TeamFoundation.Discussion.Client.dll
[0b00:0004][2017-10-17T09:49:46] Timestamp updated for file 'C:\Program Files (x86)\Microsoft Visual Studio\2017\Community\Common7\IDE\Extensions\2kwywm3t.443\Microsoft.TeamFoundation.Discussion.Client.dll'.
[0b00:0004][2017-10-17T09:49:46] Processing file /Microsoft.TeamFoundation.DistributedTask.Common.Contracts.dll
[0b00:0004][2017-10-17T09:49:46] Started: Copying file /Microsoft.TeamFoundation.DistributedTask.Common.Contracts.dll to C:\Program Files (x86)\Microsoft Visual Studio\2017\Community\Common7\IDE\Extensions\2kwywm3t.443\Microsoft.TeamFoundation.DistributedTask.Common.Contracts.dll
[0b00:0004][2017-10-17T09:49:46] Completed: Copying file /Microsoft.TeamFoundation.DistributedTask.Common.Contracts.dll to C:\Program Files (x86)\Microsoft Visual Studio\2017\Community\Common7\IDE\Extensions\2kwywm3t.443\Microsoft.TeamFoundation.DistributedTask.Common.Contracts.dll
[0b00:0004][2017-10-17T09:49:46] Timestamp updated for file 'C:\Program Files (x86)\Microsoft Visual Studio\2017\Community\Common7\IDE\Extensions\2kwywm3t.443\Microsoft.TeamFoundation.DistributedTask.Common.Contracts.dll'.
[0b00:0004][2017-10-17T09:49:46] Processing file /Microsoft.TeamFoundation.DistributedTask.WebApi.dll
[0b00:0004][2017-10-17T09:49:46] Started: Copying file /Microsoft.TeamFoundation.DistributedTask.WebApi.dll to C:\Program Files (x86)\Microsoft Visual Studio\2017\Community\Common7\IDE\Extensions\2kwywm3t.443\Microsoft.TeamFoundation.DistributedTask.WebApi.dll
[0b00:0004][2017-10-17T09:49:46] Completed: Copying file /Microsoft.TeamFoundation.DistributedTask.WebApi.dll to C:\Program Files (x86)\Microsoft Visual Studio\2017\Community\Common7\IDE\Extensions\2kwywm3t.443\Microsoft.TeamFoundation.DistributedTask.WebApi.dll
[0b00:0004][2017-10-17T09:49:46] Timestamp updated for file 'C:\Program Files (x86)\Microsoft Visual Studio\2017\Community\Common7\IDE\Extensions\2kwywm3t.443\Microsoft.TeamFoundation.DistributedTask.WebApi.dll'.
[0b00:0004][2017-10-17T09:49:46] Processing file /Microsoft.TeamFoundation.Git.Client.dll
[0b00:0004][2017-10-17T09:49:46] Started: Copying file /Microsoft.TeamFoundation.Git.Client.dll to C:\Program Files (x86)\Microsoft Visual Studio\2017\Community\Common7\IDE\Extensions\2kwywm3t.443\Microsoft.TeamFoundation.Git.Client.dll
[0b00:0004][2017-10-17T09:49:46] Completed: Copying file /Microsoft.TeamFoundation.Git.Client.dll to C:\Program Files (x86)\Microsoft Visual Studio\2017\Community\Common7\IDE\Extensions\2kwywm3t.443\Microsoft.TeamFoundation.Git.Client.dll
[0b00:0004][2017-10-17T09:49:46] Timestamp updated for file 'C:\Program Files (x86)\Microsoft Visual Studio\2017\Community\Common7\IDE\Extensions\2kwywm3t.443\Microsoft.TeamFoundation.Git.Client.dll'.
[0b00:0004][2017-10-17T09:49:46] Processing file /Microsoft.TeamFoundation.Lab.Client.dll
[0b00:0004][2017-10-17T09:49:46] Started: Copying file /Microsoft.TeamFoundation.Lab.Client.dll to C:\Program Files (x86)\Microsoft Visual Studio\2017\Community\Common7\IDE\Extensions\2kwywm3t.443\Microsoft.TeamFoundation.Lab.Client.dll
[0b00:0004][2017-10-17T09:49:46] Completed: Copying file /Microsoft.TeamFoundation.Lab.Client.dll to C:\Program Files (x86)\Microsoft Visual Studio\2017\Community\Common7\IDE\Extensions\2kwywm3t.443\Microsoft.TeamFoundation.Lab.Client.dll
[0b00:0004][2017-10-17T09:49:46] Timestamp updated for file 'C:\Program Files (x86)\Microsoft Visual Studio\2017\Community\Common7\IDE\Extensions\2kwywm3t.443\Microsoft.TeamFoundation.Lab.Client.dll'.
[0b00:0004][2017-10-17T09:49:46] Processing file /Microsoft.TeamFoundation.Lab.Common.dll
[0b00:0004][2017-10-17T09:49:46] Started: Copying file /Microsoft.TeamFoundation.Lab.Common.dll to C:\Program Files (x86)\Microsoft Visual Studio\2017\Community\Common7\IDE\Extensions\2kwywm3t.443\Microsoft.TeamFoundation.Lab.Common.dll
[0b00:0004][2017-10-17T09:49:46] Completed: Copying file /Microsoft.TeamFoundation.Lab.Common.dll to C:\Program Files (x86)\Microsoft Visual Studio\2017\Community\Common7\IDE\Extensions\2kwywm3t.443\Microsoft.TeamFoundation.Lab.Common.dll
[0b00:0004][2017-10-17T09:49:46] Timestamp updated for file 'C:\Program Files (x86)\Microsoft Visual Studio\2017\Community\Common7\IDE\Extensions\2kwywm3t.443\Microsoft.TeamFoundation.Lab.Common.dll'.
[0b00:0004][2017-10-17T09:49:46] Processing file /Microsoft.TeamFoundation.Lab.TestIntegration.Client.dll
[0b00:0004][2017-10-17T09:49:46] Started: Copying file /Microsoft.TeamFoundation.Lab.TestIntegration.Client.dll to C:\Program Files (x86)\Microsoft Visual Studio\2017\Community\Common7\IDE\Extensions\2kwywm3t.443\Microsoft.TeamFoundation.Lab.TestIntegration.Client.dll
[0b00:0004][2017-10-17T09:49:46] Completed: Copying file /Microsoft.TeamFoundation.Lab.TestIntegration.Client.dll to C:\Program Files (x86)\Microsoft Visual Studio\2017\Community\Common7\IDE\Extensions\2kwywm3t.443\Microsoft.TeamFoundation.Lab.TestIntegration.Client.dll
[0b00:0004][2017-10-17T09:49:46] Timestamp updated for file 'C:\Program Files (x86)\Microsoft Visual Studio\2017\Community\Common7\IDE\Extensions\2kwywm3t.443\Microsoft.TeamFoundation.Lab.TestIntegration.Client.dll'.
[0b00:0004][2017-10-17T09:49:46] Processing file /Microsoft.TeamFoundation.Lab.WorkflowIntegration.Client.dll
[0b00:0004][2017-10-17T09:49:46] Started: Copying file /Microsoft.TeamFoundation.Lab.WorkflowIntegration.Client.dll to C:\Program Files (x86)\Microsoft Visual Studio\2017\Community\Common7\IDE\Extensions\2kwywm3t.443\Microsoft.TeamFoundation.Lab.WorkflowIntegration.Client.dll
[0b00:0004][2017-10-17T09:49:46] Completed: Copying file /Microsoft.TeamFoundation.Lab.WorkflowIntegration.Client.dll to C:\Program Files (x86)\Microsoft Visual Studio\2017\Community\Common7\IDE\Extensions\2kwywm3t.443\Microsoft.TeamFoundation.Lab.WorkflowIntegration.Client.dll
[0b00:0004][2017-10-17T09:49:46] Timestamp updated for file 'C:\Program Files (x86)\Microsoft Visual Studio\2017\Community\Common7\IDE\Extensions\2kwywm3t.443\Microsoft.TeamFoundation.Lab.WorkflowIntegration.Client.dll'.
[0b00:0004][2017-10-17T09:49:46] Processing file /Microsoft.TeamFoundation.Policy.WebApi.dll
[0b00:0004][2017-10-17T09:49:46] Started: Copying file /Microsoft.TeamFoundation.Policy.WebApi.dll to C:\Program Files (x86)\Microsoft Visual Studio\2017\Community\Common7\IDE\Extensions\2kwywm3t.443\Microsoft.TeamFoundation.Policy.WebApi.dll
[0b00:0004][2017-10-17T09:49:46] Completed: Copying file /Microsoft.TeamFoundation.Policy.WebApi.dll to C:\Program Files (x86)\Microsoft Visual Studio\2017\Community\Common7\IDE\Extensions\2kwywm3t.443\Microsoft.TeamFoundation.Policy.WebApi.dll
[0b00:0004][2017-10-17T09:49:46] Timestamp updated for file 'C:\Program Files (x86)\Microsoft Visual Studio\2017\Community\Common7\IDE\Extensions\2kwywm3t.443\Microsoft.TeamFoundation.Policy.WebApi.dll'.
[0b00:0004][2017-10-17T09:49:46] Processing file /Microsoft.TeamFoundation.ProjectManagement.dll
[0b00:0004][2017-10-17T09:49:46] Started: Copying file /Microsoft.TeamFoundation.ProjectManagement.dll to C:\Program Files (x86)\Microsoft Visual Studio\2017\Community\Common7\IDE\Extensions\2kwywm3t.443\Microsoft.TeamFoundation.ProjectManagement.dll
[0b00:0004][2017-10-17T09:49:46] Completed: Copying file /Microsoft.TeamFoundation.ProjectManagement.dll to C:\Program Files (x86)\Microsoft Visual Studio\2017\Community\Common7\IDE\Extensions\2kwywm3t.443\Microsoft.TeamFoundation.ProjectManagement.dll
[0b00:0004][2017-10-17T09:49:46] Timestamp updated for file 'C:\Program Files (x86)\Microsoft Visual Studio\2017\Community\Common7\IDE\Extensions\2kwywm3t.443\Microsoft.TeamFoundation.ProjectManagement.dll'.
[0b00:0004][2017-10-17T09:49:46] Processing file /Microsoft.TeamFoundation.SharePointReporting.Integration.dll
[0b00:0004][2017-10-17T09:49:46] Started: Copying file /Microsoft.TeamFoundation.SharePointReporting.Integration.dll to C:\Program Files (x86)\Microsoft Visual Studio\2017\Community\Common7\IDE\Extensions\2kwywm3t.443\Microsoft.TeamFoundation.SharePointReporting.Integration.dll
[0b00:0004][2017-10-17T09:49:46] Completed: Copying file /Microsoft.TeamFoundation.SharePointReporting.Integration.dll to C:\Program Files (x86)\Microsoft Visual Studio\2017\Community\Common7\IDE\Extensions\2kwywm3t.443\Microsoft.TeamFoundation.SharePointReporting.Integration.dll
[0b00:0004][2017-10-17T09:49:46] Timestamp updated for file 'C:\Program Files (x86)\Microsoft Visual Studio\2017\Community\Common7\IDE\Extensions\2kwywm3t.443\Microsoft.TeamFoundation.SharePointReporting.Integration.dll'.
[0b00:0004][2017-10-17T09:49:46] Processing file /Microsoft.TeamFoundation.SourceControl.WebApi.dll
[0b00:0004][2017-10-17T09:49:46] Started: Copying file /Microsoft.TeamFoundation.SourceControl.WebApi.dll to C:\Program Files (x86)\Microsoft Visual Studio\2017\Community\Common7\IDE\Extensions\2kwywm3t.443\Microsoft.TeamFoundation.SourceControl.WebApi.dll
[0b00:0004][2017-10-17T09:49:46] Completed: Copying file /Microsoft.TeamFoundation.SourceControl.WebApi.dll to C:\Program Files (x86)\Microsoft Visual Studio\2017\Community\Common7\IDE\Extensions\2kwywm3t.443\Microsoft.TeamFoundation.SourceControl.WebApi.dll
[0b00:0004][2017-10-17T09:49:46] Timestamp updated for file 'C:\Program Files (x86)\Microsoft Visual Studio\2017\Community\Common7\IDE\Extensions\2kwywm3t.443\Microsoft.TeamFoundation.SourceControl.WebApi.dll'.
[0b00:0004][2017-10-17T09:49:46] Processing file /Microsoft.TeamFoundation.Test.WebApi.dll
[0b00:0004][2017-10-17T09:49:46] Started: Copying file /Microsoft.TeamFoundation.Test.WebApi.dll to C:\Program Files (x86)\Microsoft Visual Studio\2017\Community\Common7\IDE\Extensions\2kwywm3t.443\Microsoft.TeamFoundation.Test.WebApi.dll
[0b00:0004][2017-10-17T09:49:46] Completed: Copying file /Microsoft.TeamFoundation.Test.WebApi.dll to C:\Program Files (x86)\Microsoft Visual Studio\2017\Community\Common7\IDE\Extensions\2kwywm3t.443\Microsoft.TeamFoundation.Test.WebApi.dll
[0b00:0004][2017-10-17T09:49:46] Timestamp updated for file 'C:\Program Files (x86)\Microsoft Visual Studio\2017\Community\Common7\IDE\Extensions\2kwywm3t.443\Microsoft.TeamFoundation.Test.WebApi.dll'.
[0b00:0004][2017-10-17T09:49:46] Processing file /Microsoft.TeamFoundation.TestImpact.Client.dll
[0b00:0004][2017-10-17T09:49:46] Started: Copying file /Microsoft.TeamFoundation.TestImpact.Client.dll to C:\Program Files (x86)\Microsoft Visual Studio\2017\Community\Common7\IDE\Extensions\2kwywm3t.443\Microsoft.TeamFoundation.TestImpact.Client.dll
[0b00:0004][2017-10-17T09:49:46] Completed: Copying file /Microsoft.TeamFoundation.TestImpact.Client.dll to C:\Program Files (x86)\Microsoft Visual Studio\2017\Community\Common7\IDE\Extensions\2kwywm3t.443\Microsoft.TeamFoundation.TestImpact.Client.dll
[0b00:0004][2017-10-17T09:49:46] Timestamp updated for file 'C:\Program Files (x86)\Microsoft Visual Studio\2017\Community\Common7\IDE\Extensions\2kwywm3t.443\Microsoft.TeamFoundation.TestImpact.Client.dll'.
[0b00:0004][2017-10-17T09:49:46] Processing file /Microsoft.TeamFoundation.TestManagement.Client.dll
[0b00:0004][2017-10-17T09:49:46] Started: Copying file /Microsoft.TeamFoundation.TestManagement.Client.dll to C:\Program Files (x86)\Microsoft Visual Studio\2017\Community\Common7\IDE\Extensions\2kwywm3t.443\Microsoft.TeamFoundation.TestManagement.Client.dll
[0b00:0004][2017-10-17T09:49:47] Completed: Copying file /Microsoft.TeamFoundation.TestManagement.Client.dll to C:\Program Files (x86)\Microsoft Visual Studio\2017\Community\Common7\IDE\Extensions\2kwywm3t.443\Microsoft.TeamFoundation.TestManagement.Client.dll
[0b00:0004][2017-10-17T09:49:47] Timestamp updated for file 'C:\Program Files (x86)\Microsoft Visual Studio\2017\Community\Common7\IDE\Extensions\2kwywm3t.443\Microsoft.TeamFoundation.TestManagement.Client.dll'.
[0b00:0004][2017-10-17T09:49:47] Processing file /Microsoft.TeamFoundation.TestManagement.Common.dll
[0b00:0004][2017-10-17T09:49:47] Started: Copying file /Microsoft.TeamFoundation.TestManagement.Common.dll to C:\Program Files (x86)\Microsoft Visual Studio\2017\Community\Common7\IDE\Extensions\2kwywm3t.443\Microsoft.TeamFoundation.TestManagement.Common.dll
[0b00:0004][2017-10-17T09:49:47] Completed: Copying file /Microsoft.TeamFoundation.TestManagement.Common.dll to C:\Program Files (x86)\Microsoft Visual Studio\2017\Community\Common7\IDE\Extensions\2kwywm3t.443\Microsoft.TeamFoundation.TestManagement.Common.dll
[0b00:0004][2017-10-17T09:49:47] Timestamp updated for file 'C:\Program Files (x86)\Microsoft Visual Studio\2017\Community\Common7\IDE\Extensions\2kwywm3t.443\Microsoft.TeamFoundation.TestManagement.Common.dll'.
[0b00:0004][2017-10-17T09:49:47] Processing file /Microsoft.TeamFoundation.TestManagement.WebApi.dll
[0b00:0004][2017-10-17T09:49:47] Started: Copying file /Microsoft.TeamFoundation.TestManagement.WebApi.dll to C:\Program Files (x86)\Microsoft Visual Studio\2017\Community\Common7\IDE\Extensions\2kwywm3t.443\Microsoft.TeamFoundation.TestManagement.WebApi.dll
[0b00:0004][2017-10-17T09:49:47] Completed: Copying file /Microsoft.TeamFoundation.TestManagement.WebApi.dll to C:\Program Files (x86)\Microsoft Visual Studio\2017\Community\Common7\IDE\Extensions\2kwywm3t.443\Microsoft.TeamFoundation.TestManagement.WebApi.dll
[0b00:0004][2017-10-17T09:49:47] Timestamp updated for file 'C:\Program Files (x86)\Microsoft Visual Studio\2017\Community\Common7\IDE\Extensions\2kwywm3t.443\Microsoft.TeamFoundation.TestManagement.WebApi.dll'.
[0b00:0004][2017-10-17T09:49:47] Processing file /Microsoft.TeamFoundation.VersionControl.Client.dll
[0b00:0004][2017-10-17T09:49:47] Started: Copying file /Microsoft.TeamFoundation.VersionControl.Client.dll to C:\Program Files (x86)\Microsoft Visual Studio\2017\Community\Common7\IDE\Extensions\2kwywm3t.443\Microsoft.TeamFoundation.VersionControl.Client.dll
[0b00:0004][2017-10-17T09:49:47] Completed: Copying file /Microsoft.TeamFoundation.VersionControl.Client.dll to C:\Program Files (x86)\Microsoft Visual Studio\2017\Community\Common7\IDE\Extensions\2kwywm3t.443\Microsoft.TeamFoundation.VersionControl.Client.dll
[0b00:0004][2017-10-17T09:49:47] Timestamp updated for file 'C:\Program Files (x86)\Microsoft Visual Studio\2017\Community\Common7\IDE\Extensions\2kwywm3t.443\Microsoft.TeamFoundation.VersionControl.Client.dll'.
[0b00:0004][2017-10-17T09:49:47] Processing file /Microsoft.TeamFoundation.VersionControl.Common.dll
[0b00:0004][2017-10-17T09:49:47] Started: Copying file /Microsoft.TeamFoundation.VersionControl.Common.dll to C:\Program Files (x86)\Microsoft Visual Studio\2017\Community\Common7\IDE\Extensions\2kwywm3t.443\Microsoft.TeamFoundation.VersionControl.Common.dll
[0b00:0004][2017-10-17T09:49:47] Completed: Copying file /Microsoft.TeamFoundation.VersionControl.Common.dll to C:\Program Files (x86)\Microsoft Visual Studio\2017\Community\Common7\IDE\Extensions\2kwywm3t.443\Microsoft.TeamFoundation.VersionControl.Common.dll
[0b00:0004][2017-10-17T09:49:47] Timestamp updated for file 'C:\Program Files (x86)\Microsoft Visual Studio\2017\Community\Common7\IDE\Extensions\2kwywm3t.443\Microsoft.TeamFoundation.VersionControl.Common.dll'.
[0b00:0004][2017-10-17T09:49:47] Processing file /Microsoft.TeamFoundation.VersionControl.Common.Integration.dll
[0b00:0004][2017-10-17T09:49:47] Started: Copying file /Microsoft.TeamFoundation.VersionControl.Common.Integration.dll to C:\Program Files (x86)\Microsoft Visual Studio\2017\Community\Common7\IDE\Extensions\2kwywm3t.443\Microsoft.TeamFoundation.VersionControl.Common.Integration.dll
[0b00:0004][2017-10-17T09:49:47] Completed: Copying file /Microsoft.TeamFoundation.VersionControl.Common.Integration.dll to C:\Program Files (x86)\Microsoft Visual Studio\2017\Community\Common7\IDE\Extensions\2kwywm3t.443\Microsoft.TeamFoundation.VersionControl.Common.Integration.dll
[0b00:0004][2017-10-17T09:49:47] Timestamp updated for file 'C:\Program Files (x86)\Microsoft Visual Studio\2017\Community\Common7\IDE\Extensions\2kwywm3t.443\Microsoft.TeamFoundation.VersionControl.Common.Integration.dll'.
[0b00:0004][2017-10-17T09:49:47] Processing file /Microsoft.TeamFoundation.Work.WebApi.dll
[0b00:0004][2017-10-17T09:49:47] Started: Copying file /Microsoft.TeamFoundation.Work.WebApi.dll to C:\Program Files (x86)\Microsoft Visual Studio\2017\Community\Common7\IDE\Extensions\2kwywm3t.443\Microsoft.TeamFoundation.Work.WebApi.dll
[0b00:0004][2017-10-17T09:49:47] Completed: Copying file /Microsoft.TeamFoundation.Work.WebApi.dll to C:\Program Files (x86)\Microsoft Visual Studio\2017\Community\Common7\IDE\Extensions\2kwywm3t.443\Microsoft.TeamFoundation.Work.WebApi.dll
[0b00:0004][2017-10-17T09:49:47] Timestamp updated for file 'C:\Program Files (x86)\Microsoft Visual Studio\2017\Community\Common7\IDE\Extensions\2kwywm3t.443\Microsoft.TeamFoundation.Work.WebApi.dll'.
[0b00:0004][2017-10-17T09:49:47] Processing file /Microsoft.TeamFoundation.WorkItemTracking.Client.DataStoreLoader.dll
[0b00:0004][2017-10-17T09:49:47] Started: Copying file /Microsoft.TeamFoundation.WorkItemTracking.Client.DataStoreLoader.dll to C:\Program Files (x86)\Microsoft Visual Studio\2017\Community\Common7\IDE\Extensions\2kwywm3t.443\Microsoft.TeamFoundation.WorkItemTracking.Client.DataStoreLoader.dll
[0b00:0004][2017-10-17T09:49:47] Completed: Copying file /Microsoft.TeamFoundation.WorkItemTracking.Client.DataStoreLoader.dll to C:\Program Files (x86)\Microsoft Visual Studio\2017\Community\Common7\IDE\Extensions\2kwywm3t.443\Microsoft.TeamFoundation.WorkItemTracking.Client.DataStoreLoader.dll
[0b00:0004][2017-10-17T09:49:47] Timestamp updated for file 'C:\Program Files (x86)\Microsoft Visual Studio\2017\Community\Common7\IDE\Extensions\2kwywm3t.443\Microsoft.TeamFoundation.WorkItemTracking.Client.DataStoreLoader.dll'.
[0b00:0004][2017-10-17T09:49:47] Processing file /Microsoft.TeamFoundation.WorkItemTracking.Client.dll
[0b00:0004][2017-10-17T09:49:47] Started: Copying file /Microsoft.TeamFoundation.WorkItemTracking.Client.dll to C:\Program Files (x86)\Microsoft Visual Studio\2017\Community\Common7\IDE\Extensions\2kwywm3t.443\Microsoft.TeamFoundation.WorkItemTracking.Client.dll
[0b00:0004][2017-10-17T09:49:47] Completed: Copying file /Microsoft.TeamFoundation.WorkItemTracking.Client.dll to C:\Program Files (x86)\Microsoft Visual Studio\2017\Community\Common7\IDE\Extensions\2kwywm3t.443\Microsoft.TeamFoundation.WorkItemTracking.Client.dll
[0b00:0004][2017-10-17T09:49:47] Timestamp updated for file 'C:\Program Files (x86)\Microsoft Visual Studio\2017\Community\Common7\IDE\Extensions\2kwywm3t.443\Microsoft.TeamFoundation.WorkItemTracking.Client.dll'.
[0b00:0004][2017-10-17T09:49:47] Processing file /Microsoft.TeamFoundation.WorkItemTracking.Client.QueryLanguage.dll
[0b00:0004][2017-10-17T09:49:47] Started: Copying file /Microsoft.TeamFoundation.WorkItemTracking.Client.QueryLanguage.dll to C:\Program Files (x86)\Microsoft Visual Studio\2017\Community\Common7\IDE\Extensions\2kwywm3t.443\Microsoft.TeamFoundation.WorkItemTracking.Client.QueryLanguage.dll
[0b00:0004][2017-10-17T09:49:47] Completed: Copying file /Microsoft.TeamFoundation.WorkItemTracking.Client.QueryLanguage.dll to C:\Program Files (x86)\Microsoft Visual Studio\2017\Community\Common7\IDE\Extensions\2kwywm3t.443\Microsoft.TeamFoundation.WorkItemTracking.Client.QueryLanguage.dll
[0b00:0004][2017-10-17T09:49:47] Timestamp updated for file 'C:\Program Files (x86)\Microsoft Visual Studio\2017\Community\Common7\IDE\Extensions\2kwywm3t.443\Microsoft.TeamFoundation.WorkItemTracking.Client.QueryLanguage.dll'.
[0b00:0004][2017-10-17T09:49:47] Processing file /Microsoft.TeamFoundation.WorkItemTracking.Common.dll
[0b00:0004][2017-10-17T09:49:47] Started: Copying file /Microsoft.TeamFoundation.WorkItemTracking.Common.dll to C:\Program Files (x86)\Microsoft Visual Studio\2017\Community\Common7\IDE\Extensions\2kwywm3t.443\Microsoft.TeamFoundation.WorkItemTracking.Common.dll
[0b00:0004][2017-10-17T09:49:47] Completed: Copying file /Microsoft.TeamFoundation.WorkItemTracking.Common.dll to C:\Program Files (x86)\Microsoft Visual Studio\2017\Community\Common7\IDE\Extensions\2kwywm3t.443\Microsoft.TeamFoundation.WorkItemTracking.Common.dll
[0b00:0004][2017-10-17T09:49:47] Timestamp updated for file 'C:\Program Files (x86)\Microsoft Visual Studio\2017\Community\Common7\IDE\Extensions\2kwywm3t.443\Microsoft.TeamFoundation.WorkItemTracking.Common.dll'.
[0b00:0004][2017-10-17T09:49:47] Processing file /Microsoft.TeamFoundation.WorkItemTracking.Proxy.dll
[0b00:0004][2017-10-17T09:49:47] Started: Copying file /Microsoft.TeamFoundation.WorkItemTracking.Proxy.dll to C:\Program Files (x86)\Microsoft Visual Studio\2017\Community\Common7\IDE\Extensions\2kwywm3t.443\Microsoft.TeamFoundation.WorkItemTracking.Proxy.dll
[0b00:0004][2017-10-17T09:49:47] Completed: Copying file /Microsoft.TeamFoundation.WorkItemTracking.Proxy.dll to C:\Program Files (x86)\Microsoft Visual Studio\2017\Community\Common7\IDE\Extensions\2kwywm3t.443\Microsoft.TeamFoundation.WorkItemTracking.Proxy.dll
[0b00:0004][2017-10-17T09:49:47] Timestamp updated for file 'C:\Program Files (x86)\Microsoft Visual Studio\2017\Community\Common7\IDE\Extensions\2kwywm3t.443\Microsoft.TeamFoundation.WorkItemTracking.Proxy.dll'.
[0b00:0004][2017-10-17T09:49:47] Processing file /Microsoft.TeamFoundation.WorkItemTracking.WebApi.dll
[0b00:0004][2017-10-17T09:49:47] Started: Copying file /Microsoft.TeamFoundation.WorkItemTracking.WebApi.dll to C:\Program Files (x86)\Microsoft Visual Studio\2017\Community\Common7\IDE\Extensions\2kwywm3t.443\Microsoft.TeamFoundation.WorkItemTracking.WebApi.dll
[0b00:0004][2017-10-17T09:49:47] Completed: Copying file /Microsoft.TeamFoundation.WorkItemTracking.WebApi.dll to C:\Program Files (x86)\Microsoft Visual Studio\2017\Community\Common7\IDE\Extensions\2kwywm3t.443\Microsoft.TeamFoundation.WorkItemTracking.WebApi.dll
[0b00:0004][2017-10-17T09:49:47] Timestamp updated for file 'C:\Program Files (x86)\Microsoft Visual Studio\2017\Community\Common7\IDE\Extensions\2kwywm3t.443\Microsoft.TeamFoundation.WorkItemTracking.WebApi.dll'.
[0b00:0004][2017-10-17T09:49:47] Processing file /Microsoft.VisualStudio.DevOps.Package.15.0.dll
[0b00:0004][2017-10-17T09:49:47] Started: Copying file /Microsoft.VisualStudio.DevOps.Package.15.0.dll to C:\Program Files (x86)\Microsoft Visual Studio\2017\Community\Common7\IDE\Extensions\2kwywm3t.443\Microsoft.VisualStudio.DevOps.Package.15.0.dll
[0b00:0004][2017-10-17T09:49:47] Completed: Copying file /Microsoft.VisualStudio.DevOps.Package.15.0.dll to C:\Program Files (x86)\Microsoft Visual Studio\2017\Community\Common7\IDE\Extensions\2kwywm3t.443\Microsoft.VisualStudio.DevOps.Package.15.0.dll
[0b00:0004][2017-10-17T09:49:47] Timestamp updated for file 'C:\Program Files (x86)\Microsoft Visual Studio\2017\Community\Common7\IDE\Extensions\2kwywm3t.443\Microsoft.VisualStudio.DevOps.Package.15.0.dll'.
[0b00:0004][2017-10-17T09:49:47] Processing file /Microsoft.VisualStudio.DevOps.Package.15.0.pkgdef
[0b00:0004][2017-10-17T09:49:47] Started: Copying file /Microsoft.VisualStudio.DevOps.Package.15.0.pkgdef to C:\Program Files (x86)\Microsoft Visual Studio\2017\Community\Common7\IDE\Extensions\2kwywm3t.443\Microsoft.VisualStudio.DevOps.Package.15.0.pkgdef
[0b00:0004][2017-10-17T09:49:47] Completed: Copying file /Microsoft.VisualStudio.DevOps.Package.15.0.pkgdef to C:\Program Files (x86)\Microsoft Visual Studio\2017\Community\Common7\IDE\Extensions\2kwywm3t.443\Microsoft.VisualStudio.DevOps.Package.15.0.pkgdef
[0b00:0004][2017-10-17T09:49:47] Timestamp updated for file 'C:\Program Files (x86)\Microsoft Visual Studio\2017\Community\Common7\IDE\Extensions\2kwywm3t.443\Microsoft.VisualStudio.DevOps.Package.15.0.pkgdef'.
[0b00:0004][2017-10-17T09:49:47] Processing file /pl/Microsoft.VisualStudio.DevOps.Package.15.0.resources.dll
[0b00:0004][2017-10-17T09:49:47] Started: Copying file /pl/Microsoft.VisualStudio.DevOps.Package.15.0.resources.dll to C:\Program Files (x86)\Microsoft Visual Studio\2017\Community\Common7\IDE\Extensions\2kwywm3t.443\pl\Microsoft.VisualStudio.DevOps.Package.15.0.resources.dll
[0b00:0004][2017-10-17T09:49:47] Completed: Copying file /pl/Microsoft.VisualStudio.DevOps.Package.15.0.resources.dll to C:\Program Files (x86)\Microsoft Visual Studio\2017\Community\Common7\IDE\Extensions\2kwywm3t.443\pl\Microsoft.VisualStudio.DevOps.Package.15.0.resources.dll
[0b00:0004][2017-10-17T09:49:47] Timestamp updated for file 'C:\Program Files (x86)\Microsoft Visual Studio\2017\Community\Common7\IDE\Extensions\2kwywm3t.443\pl\Microsoft.VisualStudio.DevOps.Package.15.0.resources.dll'.
[0b00:0004][2017-10-17T09:49:47] Processing file /pt-BR/Microsoft.VisualStudio.DevOps.Package.15.0.resources.dll
[0b00:0004][2017-10-17T09:49:47] Started: Copying file /pt-BR/Microsoft.VisualStudio.DevOps.Package.15.0.resources.dll to C:\Program Files (x86)\Microsoft Visual Studio\2017\Community\Common7\IDE\Extensions\2kwywm3t.443\pt-BR\Microsoft.VisualStudio.DevOps.Package.15.0.resources.dll
[0b00:0004][2017-10-17T09:49:47] Completed: Copying file /pt-BR/Microsoft.VisualStudio.DevOps.Package.15.0.resources.dll to C:\Program Files (x86)\Microsoft Visual Studio\2017\Community\Common7\IDE\Extensions\2kwywm3t.443\pt-BR\Microsoft.VisualStudio.DevOps.Package.15.0.resources.dll
[0b00:0004][2017-10-17T09:49:47] Timestamp updated for file 'C:\Program Files (x86)\Microsoft Visual Studio\2017\Community\Common7\IDE\Extensions\2kwywm3t.443\pt-BR\Microsoft.VisualStudio.DevOps.Package.15.0.resources.dll'.
[0b00:0004][2017-10-17T09:49:47] Processing file /ru/Microsoft.VisualStudio.DevOps.Package.15.0.resources.dll
[0b00:0004][2017-10-17T09:49:47] Started: Copying file /ru/Microsoft.VisualStudio.DevOps.Package.15.0.resources.dll to C:\Program Files (x86)\Microsoft Visual Studio\2017\Community\Common7\IDE\Extensions\2kwywm3t.443\ru\Microsoft.VisualStudio.DevOps.Package.15.0.resources.dll
[0b00:0004][2017-10-17T09:49:47] Completed: Copying file /ru/Microsoft.VisualStudio.DevOps.Package.15.0.resources.dll to C:\Program Files (x86)\Microsoft Visual Studio\2017\Community\Common7\IDE\Extensions\2kwywm3t.443\ru\Microsoft.VisualStudio.DevOps.Package.15.0.resources.dll
[0b00:0004][2017-10-17T09:49:47] Timestamp updated for file 'C:\Program Files (x86)\Microsoft Visual Studio\2017\Community\Common7\IDE\Extensions\2kwywm3t.443\ru\Microsoft.VisualStudio.DevOps.Package.15.0.resources.dll'.
[0b00:0004][2017-10-17T09:49:47] Processing file /SimpleInjector.dll
[0b00:0004][2017-10-17T09:49:47] Started: Copying file /SimpleInjector.dll to C:\Program Files (x86)\Microsoft Visual Studio\2017\Community\Common7\IDE\Extensions\2kwywm3t.443\SimpleInjector.dll
[0b00:0004][2017-10-17T09:49:47] Completed: Copying file /SimpleInjector.dll to C:\Program Files (x86)\Microsoft Visual Studio\2017\Community\Common7\IDE\Extensions\2kwywm3t.443\SimpleInjector.dll
[0b00:0004][2017-10-17T09:49:47] Timestamp updated for file 'C:\Program Files (x86)\Microsoft Visual Studio\2017\Community\Common7\IDE\Extensions\2kwywm3t.443\SimpleInjector.dll'.
[0b00:0004][2017-10-17T09:49:47] Processing file /SimpleInjector.Extensions.ExecutionContextScoping.dll
[0b00:0004][2017-10-17T09:49:47] Started: Copying file /SimpleInjector.Extensions.ExecutionContextScoping.dll to C:\Program Files (x86)\Microsoft Visual Studio\2017\Community\Common7\IDE\Extensions\2kwywm3t.443\SimpleInjector.Extensions.ExecutionContextScoping.dll
[0b00:0004][2017-10-17T09:49:47] Completed: Copying file /SimpleInjector.Extensions.ExecutionContextScoping.dll to C:\Program Files (x86)\Microsoft Visual Studio\2017\Community\Common7\IDE\Extensions\2kwywm3t.443\SimpleInjector.Extensions.ExecutionContextScoping.dll
[0b00:0004][2017-10-17T09:49:47] Timestamp updated for file 'C:\Program Files (x86)\Microsoft Visual Studio\2017\Community\Common7\IDE\Extensions\2kwywm3t.443\SimpleInjector.Extensions.ExecutionContextScoping.dll'.
[0b00:0004][2017-10-17T09:49:47] Processing file /System.Net.Http.Extensions.dll
[0b00:0004][2017-10-17T09:49:47] Started: Copying file /System.Net.Http.Extensions.dll to C:\Program Files (x86)\Microsoft Visual Studio\2017\Community\Common7\IDE\Extensions\2kwywm3t.443\System.Net.Http.Extensions.dll
[0b00:0004][2017-10-17T09:49:47] Completed: Copying file /System.Net.Http.Extensions.dll to C:\Program Files (x86)\Microsoft Visual Studio\2017\Community\Common7\IDE\Extensions\2kwywm3t.443\System.Net.Http.Extensions.dll
[0b00:0004][2017-10-17T09:49:47] Timestamp updated for file 'C:\Program Files (x86)\Microsoft Visual Studio\2017\Community\Common7\IDE\Extensions\2kwywm3t.443\System.Net.Http.Extensions.dll'.
[0b00:0004][2017-10-17T09:49:47] Processing file /System.Net.Http.Formatting.dll
[0b00:0004][2017-10-17T09:49:47] Started: Copying file /System.Net.Http.Formatting.dll to C:\Program Files (x86)\Microsoft Visual Studio\2017\Community\Common7\IDE\Extensions\2kwywm3t.443\System.Net.Http.Formatting.dll
[0b00:0004][2017-10-17T09:49:47] Completed: Copying file /System.Net.Http.Formatting.dll to C:\Program Files (x86)\Microsoft Visual Studio\2017\Community\Common7\IDE\Extensions\2kwywm3t.443\System.Net.Http.Formatting.dll
[0b00:0004][2017-10-17T09:49:47] Timestamp updated for file 'C:\Program Files (x86)\Microsoft Visual Studio\2017\Community\Common7\IDE\Extensions\2kwywm3t.443\System.Net.Http.Formatting.dll'.
[0b00:0004][2017-10-17T09:49:47] Processing file /System.Net.Http.Primitives.dll
[0b00:0004][2017-10-17T09:49:47] Started: Copying file /System.Net.Http.Primitives.dll to C:\Program Files (x86)\Microsoft Visual Studio\2017\Community\Common7\IDE\Extensions\2kwywm3t.443\System.Net.Http.Primitives.dll
[0b00:0004][2017-10-17T09:49:47] Completed: Copying file /System.Net.Http.Primitives.dll to C:\Program Files (x86)\Microsoft Visual Studio\2017\Community\Common7\IDE\Extensions\2kwywm3t.443\System.Net.Http.Primitives.dll
[0b00:0004][2017-10-17T09:49:47] Timestamp updated for file 'C:\Program Files (x86)\Microsoft Visual Studio\2017\Community\Common7\IDE\Extensions\2kwywm3t.443\System.Net.Http.Primitives.dll'.
[0b00:0004][2017-10-17T09:49:47] Processing file /System.Web.Http.dll
[0b00:0004][2017-10-17T09:49:47] Started: Copying file /System.Web.Http.dll to C:\Program Files (x86)\Microsoft Visual Studio\2017\Community\Common7\IDE\Extensions\2kwywm3t.443\System.Web.Http.dll
[0b00:0004][2017-10-17T09:49:47] Completed: Copying file /System.Web.Http.dll to C:\Program Files (x86)\Microsoft Visual Studio\2017\Community\Common7\IDE\Extensions\2kwywm3t.443\System.Web.Http.dll
[0b00:0004][2017-10-17T09:49:47] Timestamp updated for file 'C:\Program Files (x86)\Microsoft Visual Studio\2017\Community\Common7\IDE\Extensions\2kwywm3t.443\System.Web.Http.dll'.
[0b00:0004][2017-10-17T09:49:47] Processing file /ThirdPartyNotices
[0b00:0004][2017-10-17T09:49:47] Started: Copying file /ThirdPartyNotices to C:\Program Files (x86)\Microsoft Visual Studio\2017\Community\Common7\IDE\Extensions\2kwywm3t.443\ThirdPartyNotices
[0b00:0004][2017-10-17T09:49:47] Completed: Copying file /ThirdPartyNotices to C:\Program Files (x86)\Microsoft Visual Studio\2017\Community\Common7\IDE\Extensions\2kwywm3t.443\ThirdPartyNotices
[0b00:0004][2017-10-17T09:49:47] Timestamp updated for file 'C:\Program Files (x86)\Microsoft Visual Studio\2017\Community\Common7\IDE\Extensions\2kwywm3t.443\ThirdPartyNotices'.
[0b00:0004][2017-10-17T09:49:47] Processing file /tr/Microsoft.VisualStudio.DevOps.Package.15.0.resources.dll
[0b00:0004][2017-10-17T09:49:47] Started: Copying file /tr/Microsoft.VisualStudio.DevOps.Package.15.0.resources.dll to C:\Program Files (x86)\Microsoft Visual Studio\2017\Community\Common7\IDE\Extensions\2kwywm3t.443\tr\Microsoft.VisualStudio.DevOps.Package.15.0.resources.dll
[0b00:0004][2017-10-17T09:49:47] Completed: Copying file /tr/Microsoft.VisualStudio.DevOps.Package.15.0.resources.dll to C:\Program Files (x86)\Microsoft Visual Studio\2017\Community\Common7\IDE\Extensions\2kwywm3t.443\tr\Microsoft.VisualStudio.DevOps.Package.15.0.resources.dll
[0b00:0004][2017-10-17T09:49:47] Timestamp updated for file 'C:\Program Files (x86)\Microsoft Visual Studio\2017\Community\Common7\IDE\Extensions\2kwywm3t.443\tr\Microsoft.VisualStudio.DevOps.Package.15.0.resources.dll'.
[0b00:0004][2017-10-17T09:49:47] Processing file /zh-Hans/Microsoft.VisualStudio.DevOps.Package.15.0.resources.dll
[0b00:0004][2017-10-17T09:49:47] Started: Copying file /zh-Hans/Microsoft.VisualStudio.DevOps.Package.15.0.resources.dll to C:\Program Files (x86)\Microsoft Visual Studio\2017\Community\Common7\IDE\Extensions\2kwywm3t.443\zh-Hans\Microsoft.VisualStudio.DevOps.Package.15.0.resources.dll
[0b00:0004][2017-10-17T09:49:47] Completed: Copying file /zh-Hans/Microsoft.VisualStudio.DevOps.Package.15.0.resources.dll to C:\Program Files (x86)\Microsoft Visual Studio\2017\Community\Common7\IDE\Extensions\2kwywm3t.443\zh-Hans\Microsoft.VisualStudio.DevOps.Package.15.0.resources.dll
[0b00:0004][2017-10-17T09:49:47] Timestamp updated for file 'C:\Program Files (x86)\Microsoft Visual Studio\2017\Community\Common7\IDE\Extensions\2kwywm3t.443\zh-Hans\Microsoft.VisualStudio.DevOps.Package.15.0.resources.dll'.
[0b00:0004][2017-10-17T09:49:47] Processing file /zh-Hant/Microsoft.VisualStudio.DevOps.Package.15.0.resources.dll
[0b00:0004][2017-10-17T09:49:47] Started: Copying file /zh-Hant/Microsoft.VisualStudio.DevOps.Package.15.0.resources.dll to C:\Program Files (x86)\Microsoft Visual Studio\2017\Community\Common7\IDE\Extensions\2kwywm3t.443\zh-Hant\Microsoft.VisualStudio.DevOps.Package.15.0.resources.dll
[0b00:0004][2017-10-17T09:49:47] Completed: Copying file /zh-Hant/Microsoft.VisualStudio.DevOps.Package.15.0.resources.dll to C:\Program Files (x86)\Microsoft Visual Studio\2017\Community\Common7\IDE\Extensions\2kwywm3t.443\zh-Hant\Microsoft.VisualStudio.DevOps.Package.15.0.resources.dll
[0b00:0004][2017-10-17T09:49:47] Timestamp updated for file 'C:\Program Files (x86)\Microsoft Visual Studio\2017\Community\Common7\IDE\Extensions\2kwywm3t.443\zh-Hant\Microsoft.VisualStudio.DevOps.Package.15.0.resources.dll'.
[0b00:0004][2017-10-17T09:49:47] Package executed successfully. Return code: 0
