[0b00:0004][2017-10-17T09:47:37] Opening the package for processing
[0b00:0004][2017-10-17T09:47:37] Using package payload to get the embedded manifest
[0b00:0004][2017-10-17T09:47:37] Getting list of files within the package
[0b00:0004][2017-10-17T09:47:37] Processing file /catalog.json
[0b00:0004][2017-10-17T09:47:37] Started: Copying file /catalog.json to C:\Program Files (x86)\Microsoft Visual Studio\2017\Community\Common7\IDE\Extensions\Microsoft\Microsoft Office 365 Connected Service\catalog.json
[0b00:0004][2017-10-17T09:47:37] Completed: Copying file /catalog.json to C:\Program Files (x86)\Microsoft Visual Studio\2017\Community\Common7\IDE\Extensions\Microsoft\Microsoft Office 365 Connected Service\catalog.json
[0b00:0004][2017-10-17T09:47:37] Timestamp updated for file 'C:\Program Files (x86)\Microsoft Visual Studio\2017\Community\Common7\IDE\Extensions\Microsoft\Microsoft Office 365 Connected Service\catalog.json'.
[0b00:0004][2017-10-17T09:47:37] Processing file /cs/extension.vsixlangpack
[0b00:0004][2017-10-17T09:47:37] Started: Copying file /cs/extension.vsixlangpack to C:\Program Files (x86)\Microsoft Visual Studio\2017\Community\Common7\IDE\Extensions\Microsoft\Microsoft Office 365 Connected Service\cs\extension.vsixlangpack
[0b00:0004][2017-10-17T09:47:37] Completed: Copying file /cs/extension.vsixlangpack to C:\Program Files (x86)\Microsoft Visual Studio\2017\Community\Common7\IDE\Extensions\Microsoft\Microsoft Office 365 Connected Service\cs\extension.vsixlangpack
[0b00:0004][2017-10-17T09:47:37] Timestamp updated for file 'C:\Program Files (x86)\Microsoft Visual Studio\2017\Community\Common7\IDE\Extensions\Microsoft\Microsoft Office 365 Connected Service\cs\extension.vsixlangpack'.
[0b00:0004][2017-10-17T09:47:37] Processing file /cs/Microsoft.VisualStudio.ConnectedServices.Azure.Authentication.Common.resources.dll
[0b00:0004][2017-10-17T09:47:37] Started: Copying file /cs/Microsoft.VisualStudio.ConnectedServices.Azure.Authentication.Common.resources.dll to C:\Program Files (x86)\Microsoft Visual Studio\2017\Community\Common7\IDE\Extensions\Microsoft\Microsoft Office 365 Connected Service\cs\Microsoft.VisualStudio.ConnectedServices.Azure.Authentication.Common.resources.dll
[0b00:0004][2017-10-17T09:47:37] Completed: Copying file /cs/Microsoft.VisualStudio.ConnectedServices.Azure.Authentication.Common.resources.dll to C:\Program Files (x86)\Microsoft Visual Studio\2017\Community\Common7\IDE\Extensions\Microsoft\Microsoft Office 365 Connected Service\cs\Microsoft.VisualStudio.ConnectedServices.Azure.Authentication.Common.resources.dll
[0b00:0004][2017-10-17T09:47:37] Timestamp updated for file 'C:\Program Files (x86)\Microsoft Visual Studio\2017\Community\Common7\IDE\Extensions\Microsoft\Microsoft Office 365 Connected Service\cs\Microsoft.VisualStudio.ConnectedServices.Azure.Authentication.Common.resources.dll'.
[0b00:0004][2017-10-17T09:47:37] Processing file /cs/Microsoft.VisualStudio.Office365.resources.dll
[0b00:0004][2017-10-17T09:47:37] Started: Copying file /cs/Microsoft.VisualStudio.Office365.resources.dll to C:\Program Files (x86)\Microsoft Visual Studio\2017\Community\Common7\IDE\Extensions\Microsoft\Microsoft Office 365 Connected Service\cs\Microsoft.VisualStudio.Office365.resources.dll
[0b00:0004][2017-10-17T09:47:37] Completed: Copying file /cs/Microsoft.VisualStudio.Office365.resources.dll to C:\Program Files (x86)\Microsoft Visual Studio\2017\Community\Common7\IDE\Extensions\Microsoft\Microsoft Office 365 Connected Service\cs\Microsoft.VisualStudio.Office365.resources.dll
[0b00:0004][2017-10-17T09:47:37] Timestamp updated for file 'C:\Program Files (x86)\Microsoft Visual Studio\2017\Community\Common7\IDE\Extensions\Microsoft\Microsoft Office 365 Connected Service\cs\Microsoft.VisualStudio.Office365.resources.dll'.
[0b00:0004][2017-10-17T09:47:37] Processing file /de/extension.vsixlangpack
[0b00:0004][2017-10-17T09:47:37] Started: Copying file /de/extension.vsixlangpack to C:\Program Files (x86)\Microsoft Visual Studio\2017\Community\Common7\IDE\Extensions\Microsoft\Microsoft Office 365 Connected Service\de\extension.vsixlangpack
[0b00:0004][2017-10-17T09:47:37] Completed: Copying file /de/extension.vsixlangpack to C:\Program Files (x86)\Microsoft Visual Studio\2017\Community\Common7\IDE\Extensions\Microsoft\Microsoft Office 365 Connected Service\de\extension.vsixlangpack
[0b00:0004][2017-10-17T09:47:37] Timestamp updated for file 'C:\Program Files (x86)\Microsoft Visual Studio\2017\Community\Common7\IDE\Extensions\Microsoft\Microsoft Office 365 Connected Service\de\extension.vsixlangpack'.
[0b00:0004][2017-10-17T09:47:37] Processing file /de/Microsoft.VisualStudio.ConnectedServices.Azure.Authentication.Common.resources.dll
[0b00:0004][2017-10-17T09:47:37] Started: Copying file /de/Microsoft.VisualStudio.ConnectedServices.Azure.Authentication.Common.resources.dll to C:\Program Files (x86)\Microsoft Visual Studio\2017\Community\Common7\IDE\Extensions\Microsoft\Microsoft Office 365 Connected Service\de\Microsoft.VisualStudio.ConnectedServices.Azure.Authentication.Common.resources.dll
[0b00:0004][2017-10-17T09:47:37] Completed: Copying file /de/Microsoft.VisualStudio.ConnectedServices.Azure.Authentication.Common.resources.dll to C:\Program Files (x86)\Microsoft Visual Studio\2017\Community\Common7\IDE\Extensions\Microsoft\Microsoft Office 365 Connected Service\de\Microsoft.VisualStudio.ConnectedServices.Azure.Authentication.Common.resources.dll
[0b00:0004][2017-10-17T09:47:37] Timestamp updated for file 'C:\Program Files (x86)\Microsoft Visual Studio\2017\Community\Common7\IDE\Extensions\Microsoft\Microsoft Office 365 Connected Service\de\Microsoft.VisualStudio.ConnectedServices.Azure.Authentication.Common.resources.dll'.
[0b00:0004][2017-10-17T09:47:37] Processing file /de/Microsoft.VisualStudio.Office365.resources.dll
[0b00:0004][2017-10-17T09:47:37] Started: Copying file /de/Microsoft.VisualStudio.Office365.resources.dll to C:\Program Files (x86)\Microsoft Visual Studio\2017\Community\Common7\IDE\Extensions\Microsoft\Microsoft Office 365 Connected Service\de\Microsoft.VisualStudio.Office365.resources.dll
[0b00:0004][2017-10-17T09:47:37] Completed: Copying file /de/Microsoft.VisualStudio.Office365.resources.dll to C:\Program Files (x86)\Microsoft Visual Studio\2017\Community\Common7\IDE\Extensions\Microsoft\Microsoft Office 365 Connected Service\de\Microsoft.VisualStudio.Office365.resources.dll
[0b00:0004][2017-10-17T09:47:37] Timestamp updated for file 'C:\Program Files (x86)\Microsoft Visual Studio\2017\Community\Common7\IDE\Extensions\Microsoft\Microsoft Office 365 Connected Service\de\Microsoft.VisualStudio.Office365.resources.dll'.
[0b00:0004][2017-10-17T09:47:37] Processing file /es/extension.vsixlangpack
[0b00:0004][2017-10-17T09:47:37] Started: Copying file /es/extension.vsixlangpack to C:\Program Files (x86)\Microsoft Visual Studio\2017\Community\Common7\IDE\Extensions\Microsoft\Microsoft Office 365 Connected Service\es\extension.vsixlangpack
[0b00:0004][2017-10-17T09:47:37] Completed: Copying file /es/extension.vsixlangpack to C:\Program Files (x86)\Microsoft Visual Studio\2017\Community\Common7\IDE\Extensions\Microsoft\Microsoft Office 365 Connected Service\es\extension.vsixlangpack
[0b00:0004][2017-10-17T09:47:37] Timestamp updated for file 'C:\Program Files (x86)\Microsoft Visual Studio\2017\Community\Common7\IDE\Extensions\Microsoft\Microsoft Office 365 Connected Service\es\extension.vsixlangpack'.
[0b00:0004][2017-10-17T09:47:37] Processing file /es/Microsoft.VisualStudio.ConnectedServices.Azure.Authentication.Common.resources.dll
[0b00:0004][2017-10-17T09:47:37] Started: Copying file /es/Microsoft.VisualStudio.ConnectedServices.Azure.Authentication.Common.resources.dll to C:\Program Files (x86)\Microsoft Visual Studio\2017\Community\Common7\IDE\Extensions\Microsoft\Microsoft Office 365 Connected Service\es\Microsoft.VisualStudio.ConnectedServices.Azure.Authentication.Common.resources.dll
[0b00:0004][2017-10-17T09:47:37] Completed: Copying file /es/Microsoft.VisualStudio.ConnectedServices.Azure.Authentication.Common.resources.dll to C:\Program Files (x86)\Microsoft Visual Studio\2017\Community\Common7\IDE\Extensions\Microsoft\Microsoft Office 365 Connected Service\es\Microsoft.VisualStudio.ConnectedServices.Azure.Authentication.Common.resources.dll
[0b00:0004][2017-10-17T09:47:37] Timestamp updated for file 'C:\Program Files (x86)\Microsoft Visual Studio\2017\Community\Common7\IDE\Extensions\Microsoft\Microsoft Office 365 Connected Service\es\Microsoft.VisualStudio.ConnectedServices.Azure.Authentication.Common.resources.dll'.
[0b00:0004][2017-10-17T09:47:37] Processing file /es/Microsoft.VisualStudio.Office365.resources.dll
[0b00:0004][2017-10-17T09:47:37] Started: Copying file /es/Microsoft.VisualStudio.Office365.resources.dll to C:\Program Files (x86)\Microsoft Visual Studio\2017\Community\Common7\IDE\Extensions\Microsoft\Microsoft Office 365 Connected Service\es\Microsoft.VisualStudio.Office365.resources.dll
[0b00:0004][2017-10-17T09:47:37] Completed: Copying file /es/Microsoft.VisualStudio.Office365.resources.dll to C:\Program Files (x86)\Microsoft Visual Studio\2017\Community\Common7\IDE\Extensions\Microsoft\Microsoft Office 365 Connected Service\es\Microsoft.VisualStudio.Office365.resources.dll
[0b00:0004][2017-10-17T09:47:37] Timestamp updated for file 'C:\Program Files (x86)\Microsoft Visual Studio\2017\Community\Common7\IDE\Extensions\Microsoft\Microsoft Office 365 Connected Service\es\Microsoft.VisualStudio.Office365.resources.dll'.
[0b00:0004][2017-10-17T09:47:37] Processing file /extension.vsixlangpack
[0b00:0004][2017-10-17T09:47:37] Started: Copying file /extension.vsixlangpack to C:\Program Files (x86)\Microsoft Visual Studio\2017\Community\Common7\IDE\Extensions\Microsoft\Microsoft Office 365 Connected Service\extension.vsixlangpack
[0b00:0004][2017-10-17T09:47:37] Completed: Copying file /extension.vsixlangpack to C:\Program Files (x86)\Microsoft Visual Studio\2017\Community\Common7\IDE\Extensions\Microsoft\Microsoft Office 365 Connected Service\extension.vsixlangpack
[0b00:0004][2017-10-17T09:47:37] Timestamp updated for file 'C:\Program Files (x86)\Microsoft Visual Studio\2017\Community\Common7\IDE\Extensions\Microsoft\Microsoft Office 365 Connected Service\extension.vsixlangpack'.
[0b00:0004][2017-10-17T09:47:37] Processing file /extension.vsixmanifest
[0b00:0004][2017-10-17T09:47:37] Started: Copying file /extension.vsixmanifest to C:\Program Files (x86)\Microsoft Visual Studio\2017\Community\Common7\IDE\Extensions\Microsoft\Microsoft Office 365 Connected Service\extension.vsixmanifest
[0b00:0004][2017-10-17T09:47:37] Completed: Copying file /extension.vsixmanifest to C:\Program Files (x86)\Microsoft Visual Studio\2017\Community\Common7\IDE\Extensions\Microsoft\Microsoft Office 365 Connected Service\extension.vsixmanifest
[0b00:0004][2017-10-17T09:47:37] Timestamp updated for file 'C:\Program Files (x86)\Microsoft Visual Studio\2017\Community\Common7\IDE\Extensions\Microsoft\Microsoft Office 365 Connected Service\extension.vsixmanifest'.
[0b00:0004][2017-10-17T09:47:37] Processing file /fr/extension.vsixlangpack
[0b00:0004][2017-10-17T09:47:37] Started: Copying file /fr/extension.vsixlangpack to C:\Program Files (x86)\Microsoft Visual Studio\2017\Community\Common7\IDE\Extensions\Microsoft\Microsoft Office 365 Connected Service\fr\extension.vsixlangpack
[0b00:0004][2017-10-17T09:47:37] Completed: Copying file /fr/extension.vsixlangpack to C:\Program Files (x86)\Microsoft Visual Studio\2017\Community\Common7\IDE\Extensions\Microsoft\Microsoft Office 365 Connected Service\fr\extension.vsixlangpack
[0b00:0004][2017-10-17T09:47:37] Timestamp updated for file 'C:\Program Files (x86)\Microsoft Visual Studio\2017\Community\Common7\IDE\Extensions\Microsoft\Microsoft Office 365 Connected Service\fr\extension.vsixlangpack'.
[0b00:0004][2017-10-17T09:47:37] Processing file /fr/Microsoft.VisualStudio.ConnectedServices.Azure.Authentication.Common.resources.dll
[0b00:0004][2017-10-17T09:47:37] Started: Copying file /fr/Microsoft.VisualStudio.ConnectedServices.Azure.Authentication.Common.resources.dll to C:\Program Files (x86)\Microsoft Visual Studio\2017\Community\Common7\IDE\Extensions\Microsoft\Microsoft Office 365 Connected Service\fr\Microsoft.VisualStudio.ConnectedServices.Azure.Authentication.Common.resources.dll
[0b00:0004][2017-10-17T09:47:37] Completed: Copying file /fr/Microsoft.VisualStudio.ConnectedServices.Azure.Authentication.Common.resources.dll to C:\Program Files (x86)\Microsoft Visual Studio\2017\Community\Common7\IDE\Extensions\Microsoft\Microsoft Office 365 Connected Service\fr\Microsoft.VisualStudio.ConnectedServices.Azure.Authentication.Common.resources.dll
[0b00:0004][2017-10-17T09:47:37] Timestamp updated for file 'C:\Program Files (x86)\Microsoft Visual Studio\2017\Community\Common7\IDE\Extensions\Microsoft\Microsoft Office 365 Connected Service\fr\Microsoft.VisualStudio.ConnectedServices.Azure.Authentication.Common.resources.dll'.
[0b00:0004][2017-10-17T09:47:37] Processing file /fr/Microsoft.VisualStudio.Office365.resources.dll
[0b00:0004][2017-10-17T09:47:37] Started: Copying file /fr/Microsoft.VisualStudio.Office365.resources.dll to C:\Program Files (x86)\Microsoft Visual Studio\2017\Community\Common7\IDE\Extensions\Microsoft\Microsoft Office 365 Connected Service\fr\Microsoft.VisualStudio.Office365.resources.dll
[0b00:0004][2017-10-17T09:47:37] Completed: Copying file /fr/Microsoft.VisualStudio.Office365.resources.dll to C:\Program Files (x86)\Microsoft Visual Studio\2017\Community\Common7\IDE\Extensions\Microsoft\Microsoft Office 365 Connected Service\fr\Microsoft.VisualStudio.Office365.resources.dll
[0b00:0004][2017-10-17T09:47:37] Timestamp updated for file 'C:\Program Files (x86)\Microsoft Visual Studio\2017\Community\Common7\IDE\Extensions\Microsoft\Microsoft Office 365 Connected Service\fr\Microsoft.VisualStudio.Office365.resources.dll'.
[0b00:0004][2017-10-17T09:47:37] Processing file /Images/OfficeTooling_whiteHalo_64x.png
[0b00:0004][2017-10-17T09:47:37] Started: Copying file /Images/OfficeTooling_whiteHalo_64x.png to C:\Program Files (x86)\Microsoft Visual Studio\2017\Community\Common7\IDE\Extensions\Microsoft\Microsoft Office 365 Connected Service\Images\OfficeTooling_whiteHalo_64x.png
[0b00:0004][2017-10-17T09:47:37] Completed: Copying file /Images/OfficeTooling_whiteHalo_64x.png to C:\Program Files (x86)\Microsoft Visual Studio\2017\Community\Common7\IDE\Extensions\Microsoft\Microsoft Office 365 Connected Service\Images\OfficeTooling_whiteHalo_64x.png
[0b00:0004][2017-10-17T09:47:37] Timestamp updated for file 'C:\Program Files (x86)\Microsoft Visual Studio\2017\Community\Common7\IDE\Extensions\Microsoft\Microsoft Office 365 Connected Service\Images\OfficeTooling_whiteHalo_64x.png'.
[0b00:0004][2017-10-17T09:47:37] Processing file /it/extension.vsixlangpack
[0b00:0004][2017-10-17T09:47:37] Started: Copying file /it/extension.vsixlangpack to C:\Program Files (x86)\Microsoft Visual Studio\2017\Community\Common7\IDE\Extensions\Microsoft\Microsoft Office 365 Connected Service\it\extension.vsixlangpack
[0b00:0004][2017-10-17T09:47:37] Completed: Copying file /it/extension.vsixlangpack to C:\Program Files (x86)\Microsoft Visual Studio\2017\Community\Common7\IDE\Extensions\Microsoft\Microsoft Office 365 Connected Service\it\extension.vsixlangpack
[0b00:0004][2017-10-17T09:47:37] Timestamp updated for file 'C:\Program Files (x86)\Microsoft Visual Studio\2017\Community\Common7\IDE\Extensions\Microsoft\Microsoft Office 365 Connected Service\it\extension.vsixlangpack'.
[0b00:0004][2017-10-17T09:47:37] Processing file /it/Microsoft.VisualStudio.ConnectedServices.Azure.Authentication.Common.resources.dll
[0b00:0004][2017-10-17T09:47:37] Started: Copying file /it/Microsoft.VisualStudio.ConnectedServices.Azure.Authentication.Common.resources.dll to C:\Program Files (x86)\Microsoft Visual Studio\2017\Community\Common7\IDE\Extensions\Microsoft\Microsoft Office 365 Connected Service\it\Microsoft.VisualStudio.ConnectedServices.Azure.Authentication.Common.resources.dll
[0b00:0004][2017-10-17T09:47:37] Completed: Copying file /it/Microsoft.VisualStudio.ConnectedServices.Azure.Authentication.Common.resources.dll to C:\Program Files (x86)\Microsoft Visual Studio\2017\Community\Common7\IDE\Extensions\Microsoft\Microsoft Office 365 Connected Service\it\Microsoft.VisualStudio.ConnectedServices.Azure.Authentication.Common.resources.dll
[0b00:0004][2017-10-17T09:47:37] Timestamp updated for file 'C:\Program Files (x86)\Microsoft Visual Studio\2017\Community\Common7\IDE\Extensions\Microsoft\Microsoft Office 365 Connected Service\it\Microsoft.VisualStudio.ConnectedServices.Azure.Authentication.Common.resources.dll'.
[0b00:0004][2017-10-17T09:47:37] Processing file /it/Microsoft.VisualStudio.Office365.resources.dll
[0b00:0004][2017-10-17T09:47:37] Started: Copying file /it/Microsoft.VisualStudio.Office365.resources.dll to C:\Program Files (x86)\Microsoft Visual Studio\2017\Community\Common7\IDE\Extensions\Microsoft\Microsoft Office 365 Connected Service\it\Microsoft.VisualStudio.Office365.resources.dll
[0b00:0004][2017-10-17T09:47:37] Completed: Copying file /it/Microsoft.VisualStudio.Office365.resources.dll to C:\Program Files (x86)\Microsoft Visual Studio\2017\Community\Common7\IDE\Extensions\Microsoft\Microsoft Office 365 Connected Service\it\Microsoft.VisualStudio.Office365.resources.dll
[0b00:0004][2017-10-17T09:47:37] Timestamp updated for file 'C:\Program Files (x86)\Microsoft Visual Studio\2017\Community\Common7\IDE\Extensions\Microsoft\Microsoft Office 365 Connected Service\it\Microsoft.VisualStudio.Office365.resources.dll'.
[0b00:0004][2017-10-17T09:47:37] Processing file /ja/extension.vsixlangpack
[0b00:0004][2017-10-17T09:47:37] Started: Copying file /ja/extension.vsixlangpack to C:\Program Files (x86)\Microsoft Visual Studio\2017\Community\Common7\IDE\Extensions\Microsoft\Microsoft Office 365 Connected Service\ja\extension.vsixlangpack
[0b00:0004][2017-10-17T09:47:37] Completed: Copying file /ja/extension.vsixlangpack to C:\Program Files (x86)\Microsoft Visual Studio\2017\Community\Common7\IDE\Extensions\Microsoft\Microsoft Office 365 Connected Service\ja\extension.vsixlangpack
[0b00:0004][2017-10-17T09:47:37] Timestamp updated for file 'C:\Program Files (x86)\Microsoft Visual Studio\2017\Community\Common7\IDE\Extensions\Microsoft\Microsoft Office 365 Connected Service\ja\extension.vsixlangpack'.
[0b00:0004][2017-10-17T09:47:37] Processing file /ja/Microsoft.VisualStudio.ConnectedServices.Azure.Authentication.Common.resources.dll
[0b00:0004][2017-10-17T09:47:37] Started: Copying file /ja/Microsoft.VisualStudio.ConnectedServices.Azure.Authentication.Common.resources.dll to C:\Program Files (x86)\Microsoft Visual Studio\2017\Community\Common7\IDE\Extensions\Microsoft\Microsoft Office 365 Connected Service\ja\Microsoft.VisualStudio.ConnectedServices.Azure.Authentication.Common.resources.dll
[0b00:0004][2017-10-17T09:47:37] Completed: Copying file /ja/Microsoft.VisualStudio.ConnectedServices.Azure.Authentication.Common.resources.dll to C:\Program Files (x86)\Microsoft Visual Studio\2017\Community\Common7\IDE\Extensions\Microsoft\Microsoft Office 365 Connected Service\ja\Microsoft.VisualStudio.ConnectedServices.Azure.Authentication.Common.resources.dll
[0b00:0004][2017-10-17T09:47:37] Timestamp updated for file 'C:\Program Files (x86)\Microsoft Visual Studio\2017\Community\Common7\IDE\Extensions\Microsoft\Microsoft Office 365 Connected Service\ja\Microsoft.VisualStudio.ConnectedServices.Azure.Authentication.Common.resources.dll'.
[0b00:0004][2017-10-17T09:47:37] Processing file /ja/Microsoft.VisualStudio.Office365.resources.dll
[0b00:0004][2017-10-17T09:47:37] Started: Copying file /ja/Microsoft.VisualStudio.Office365.resources.dll to C:\Program Files (x86)\Microsoft Visual Studio\2017\Community\Common7\IDE\Extensions\Microsoft\Microsoft Office 365 Connected Service\ja\Microsoft.VisualStudio.Office365.resources.dll
[0b00:0004][2017-10-17T09:47:37] Completed: Copying file /ja/Microsoft.VisualStudio.Office365.resources.dll to C:\Program Files (x86)\Microsoft Visual Studio\2017\Community\Common7\IDE\Extensions\Microsoft\Microsoft Office 365 Connected Service\ja\Microsoft.VisualStudio.Office365.resources.dll
[0b00:0004][2017-10-17T09:47:37] Timestamp updated for file 'C:\Program Files (x86)\Microsoft Visual Studio\2017\Community\Common7\IDE\Extensions\Microsoft\Microsoft Office 365 Connected Service\ja\Microsoft.VisualStudio.Office365.resources.dll'.
[0b00:0004][2017-10-17T09:47:37] Processing file /ko/extension.vsixlangpack
[0b00:0004][2017-10-17T09:47:37] Started: Copying file /ko/extension.vsixlangpack to C:\Program Files (x86)\Microsoft Visual Studio\2017\Community\Common7\IDE\Extensions\Microsoft\Microsoft Office 365 Connected Service\ko\extension.vsixlangpack
[0b00:0004][2017-10-17T09:47:37] Completed: Copying file /ko/extension.vsixlangpack to C:\Program Files (x86)\Microsoft Visual Studio\2017\Community\Common7\IDE\Extensions\Microsoft\Microsoft Office 365 Connected Service\ko\extension.vsixlangpack
[0b00:0004][2017-10-17T09:47:37] Timestamp updated for file 'C:\Program Files (x86)\Microsoft Visual Studio\2017\Community\Common7\IDE\Extensions\Microsoft\Microsoft Office 365 Connected Service\ko\extension.vsixlangpack'.
[0b00:0004][2017-10-17T09:47:37] Processing file /ko/Microsoft.VisualStudio.ConnectedServices.Azure.Authentication.Common.resources.dll
[0b00:0004][2017-10-17T09:47:37] Started: Copying file /ko/Microsoft.VisualStudio.ConnectedServices.Azure.Authentication.Common.resources.dll to C:\Program Files (x86)\Microsoft Visual Studio\2017\Community\Common7\IDE\Extensions\Microsoft\Microsoft Office 365 Connected Service\ko\Microsoft.VisualStudio.ConnectedServices.Azure.Authentication.Common.resources.dll
[0b00:0004][2017-10-17T09:47:37] Completed: Copying file /ko/Microsoft.VisualStudio.ConnectedServices.Azure.Authentication.Common.resources.dll to C:\Program Files (x86)\Microsoft Visual Studio\2017\Community\Common7\IDE\Extensions\Microsoft\Microsoft Office 365 Connected Service\ko\Microsoft.VisualStudio.ConnectedServices.Azure.Authentication.Common.resources.dll
[0b00:0004][2017-10-17T09:47:37] Timestamp updated for file 'C:\Program Files (x86)\Microsoft Visual Studio\2017\Community\Common7\IDE\Extensions\Microsoft\Microsoft Office 365 Connected Service\ko\Microsoft.VisualStudio.ConnectedServices.Azure.Authentication.Common.resources.dll'.
[0b00:0004][2017-10-17T09:47:37] Processing file /ko/Microsoft.VisualStudio.Office365.resources.dll
[0b00:0004][2017-10-17T09:47:37] Started: Copying file /ko/Microsoft.VisualStudio.Office365.resources.dll to C:\Program Files (x86)\Microsoft Visual Studio\2017\Community\Common7\IDE\Extensions\Microsoft\Microsoft Office 365 Connected Service\ko\Microsoft.VisualStudio.Office365.resources.dll
[0b00:0004][2017-10-17T09:47:37] Completed: Copying file /ko/Microsoft.VisualStudio.Office365.resources.dll to C:\Program Files (x86)\Microsoft Visual Studio\2017\Community\Common7\IDE\Extensions\Microsoft\Microsoft Office 365 Connected Service\ko\Microsoft.VisualStudio.Office365.resources.dll
[0b00:0004][2017-10-17T09:47:37] Timestamp updated for file 'C:\Program Files (x86)\Microsoft Visual Studio\2017\Community\Common7\IDE\Extensions\Microsoft\Microsoft Office 365 Connected Service\ko\Microsoft.VisualStudio.Office365.resources.dll'.
[0b00:0004][2017-10-17T09:47:37] Processing file /manifest.json
[0b00:0004][2017-10-17T09:47:37] Started: Copying file /manifest.json to C:\Program Files (x86)\Microsoft Visual Studio\2017\Community\Common7\IDE\Extensions\Microsoft\Microsoft Office 365 Connected Service\manifest.json
[0b00:0004][2017-10-17T09:47:37] Completed: Copying file /manifest.json to C:\Program Files (x86)\Microsoft Visual Studio\2017\Community\Common7\IDE\Extensions\Microsoft\Microsoft Office 365 Connected Service\manifest.json
[0b00:0004][2017-10-17T09:47:37] Timestamp updated for file 'C:\Program Files (x86)\Microsoft Visual Studio\2017\Community\Common7\IDE\Extensions\Microsoft\Microsoft Office 365 Connected Service\manifest.json'.
[0b00:0004][2017-10-17T09:47:37] Processing file /Microsoft.VisualStudio.ConnectedServices.Azure.Authentication.Common.dll
[0b00:0004][2017-10-17T09:47:37] Started: Copying file /Microsoft.VisualStudio.ConnectedServices.Azure.Authentication.Common.dll to C:\Program Files (x86)\Microsoft Visual Studio\2017\Community\Common7\IDE\Extensions\Microsoft\Microsoft Office 365 Connected Service\Microsoft.VisualStudio.ConnectedServices.Azure.Authentication.Common.dll
[0b00:0004][2017-10-17T09:47:37] Completed: Copying file /Microsoft.VisualStudio.ConnectedServices.Azure.Authentication.Common.dll to C:\Program Files (x86)\Microsoft Visual Studio\2017\Community\Common7\IDE\Extensions\Microsoft\Microsoft Office 365 Connected Service\Microsoft.VisualStudio.ConnectedServices.Azure.Authentication.Common.dll
[0b00:0004][2017-10-17T09:47:37] Timestamp updated for file 'C:\Program Files (x86)\Microsoft Visual Studio\2017\Community\Common7\IDE\Extensions\Microsoft\Microsoft Office 365 Connected Service\Microsoft.VisualStudio.ConnectedServices.Azure.Authentication.Common.dll'.
[0b00:0004][2017-10-17T09:47:37] Processing file /Microsoft.VisualStudio.Office365.dll
[0b00:0004][2017-10-17T09:47:37] Started: Copying file /Microsoft.VisualStudio.Office365.dll to C:\Program Files (x86)\Microsoft Visual Studio\2017\Community\Common7\IDE\Extensions\Microsoft\Microsoft Office 365 Connected Service\Microsoft.VisualStudio.Office365.dll
[0b00:0004][2017-10-17T09:47:37] Completed: Copying file /Microsoft.VisualStudio.Office365.dll to C:\Program Files (x86)\Microsoft Visual Studio\2017\Community\Common7\IDE\Extensions\Microsoft\Microsoft Office 365 Connected Service\Microsoft.VisualStudio.Office365.dll
[0b00:0004][2017-10-17T09:47:37] Timestamp updated for file 'C:\Program Files (x86)\Microsoft Visual Studio\2017\Community\Common7\IDE\Extensions\Microsoft\Microsoft Office 365 Connected Service\Microsoft.VisualStudio.Office365.dll'.
[0b00:0004][2017-10-17T09:47:37] Processing file /pl/extension.vsixlangpack
[0b00:0004][2017-10-17T09:47:37] Started: Copying file /pl/extension.vsixlangpack to C:\Program Files (x86)\Microsoft Visual Studio\2017\Community\Common7\IDE\Extensions\Microsoft\Microsoft Office 365 Connected Service\pl\extension.vsixlangpack
[0b00:0004][2017-10-17T09:47:37] Completed: Copying file /pl/extension.vsixlangpack to C:\Program Files (x86)\Microsoft Visual Studio\2017\Community\Common7\IDE\Extensions\Microsoft\Microsoft Office 365 Connected Service\pl\extension.vsixlangpack
[0b00:0004][2017-10-17T09:47:37] Timestamp updated for file 'C:\Program Files (x86)\Microsoft Visual Studio\2017\Community\Common7\IDE\Extensions\Microsoft\Microsoft Office 365 Connected Service\pl\extension.vsixlangpack'.
[0b00:0004][2017-10-17T09:47:37] Processing file /pl/Microsoft.VisualStudio.ConnectedServices.Azure.Authentication.Common.resources.dll
[0b00:0004][2017-10-17T09:47:37] Started: Copying file /pl/Microsoft.VisualStudio.ConnectedServices.Azure.Authentication.Common.resources.dll to C:\Program Files (x86)\Microsoft Visual Studio\2017\Community\Common7\IDE\Extensions\Microsoft\Microsoft Office 365 Connected Service\pl\Microsoft.VisualStudio.ConnectedServices.Azure.Authentication.Common.resources.dll
[0b00:0004][2017-10-17T09:47:37] Completed: Copying file /pl/Microsoft.VisualStudio.ConnectedServices.Azure.Authentication.Common.resources.dll to C:\Program Files (x86)\Microsoft Visual Studio\2017\Community\Common7\IDE\Extensions\Microsoft\Microsoft Office 365 Connected Service\pl\Microsoft.VisualStudio.ConnectedServices.Azure.Authentication.Common.resources.dll
[0b00:0004][2017-10-17T09:47:37] Timestamp updated for file 'C:\Program Files (x86)\Microsoft Visual Studio\2017\Community\Common7\IDE\Extensions\Microsoft\Microsoft Office 365 Connected Service\pl\Microsoft.VisualStudio.ConnectedServices.Azure.Authentication.Common.resources.dll'.
[0b00:0004][2017-10-17T09:47:37] Processing file /pl/Microsoft.VisualStudio.Office365.resources.dll
[0b00:0004][2017-10-17T09:47:37] Started: Copying file /pl/Microsoft.VisualStudio.Office365.resources.dll to C:\Program Files (x86)\Microsoft Visual Studio\2017\Community\Common7\IDE\Extensions\Microsoft\Microsoft Office 365 Connected Service\pl\Microsoft.VisualStudio.Office365.resources.dll
[0b00:0004][2017-10-17T09:47:37] Completed: Copying file /pl/Microsoft.VisualStudio.Office365.resources.dll to C:\Program Files (x86)\Microsoft Visual Studio\2017\Community\Common7\IDE\Extensions\Microsoft\Microsoft Office 365 Connected Service\pl\Microsoft.VisualStudio.Office365.resources.dll
[0b00:0004][2017-10-17T09:47:37] Timestamp updated for file 'C:\Program Files (x86)\Microsoft Visual Studio\2017\Community\Common7\IDE\Extensions\Microsoft\Microsoft Office 365 Connected Service\pl\Microsoft.VisualStudio.Office365.resources.dll'.
[0b00:0004][2017-10-17T09:47:37] Processing file /pt-BR/extension.vsixlangpack
[0b00:0004][2017-10-17T09:47:37] Started: Copying file /pt-BR/extension.vsixlangpack to C:\Program Files (x86)\Microsoft Visual Studio\2017\Community\Common7\IDE\Extensions\Microsoft\Microsoft Office 365 Connected Service\pt-BR\extension.vsixlangpack
[0b00:0004][2017-10-17T09:47:37] Completed: Copying file /pt-BR/extension.vsixlangpack to C:\Program Files (x86)\Microsoft Visual Studio\2017\Community\Common7\IDE\Extensions\Microsoft\Microsoft Office 365 Connected Service\pt-BR\extension.vsixlangpack
[0b00:0004][2017-10-17T09:47:37] Timestamp updated for file 'C:\Program Files (x86)\Microsoft Visual Studio\2017\Community\Common7\IDE\Extensions\Microsoft\Microsoft Office 365 Connected Service\pt-BR\extension.vsixlangpack'.
[0b00:0004][2017-10-17T09:47:37] Processing file /pt-BR/Microsoft.VisualStudio.ConnectedServices.Azure.Authentication.Common.resources.dll
[0b00:0004][2017-10-17T09:47:37] Started: Copying file /pt-BR/Microsoft.VisualStudio.ConnectedServices.Azure.Authentication.Common.resources.dll to C:\Program Files (x86)\Microsoft Visual Studio\2017\Community\Common7\IDE\Extensions\Microsoft\Microsoft Office 365 Connected Service\pt-BR\Microsoft.VisualStudio.ConnectedServices.Azure.Authentication.Common.resources.dll
[0b00:0004][2017-10-17T09:47:37] Completed: Copying file /pt-BR/Microsoft.VisualStudio.ConnectedServices.Azure.Authentication.Common.resources.dll to C:\Program Files (x86)\Microsoft Visual Studio\2017\Community\Common7\IDE\Extensions\Microsoft\Microsoft Office 365 Connected Service\pt-BR\Microsoft.VisualStudio.ConnectedServices.Azure.Authentication.Common.resources.dll
[0b00:0004][2017-10-17T09:47:37] Timestamp updated for file 'C:\Program Files (x86)\Microsoft Visual Studio\2017\Community\Common7\IDE\Extensions\Microsoft\Microsoft Office 365 Connected Service\pt-BR\Microsoft.VisualStudio.ConnectedServices.Azure.Authentication.Common.resources.dll'.
[0b00:0004][2017-10-17T09:47:37] Processing file /pt-BR/Microsoft.VisualStudio.Office365.resources.dll
[0b00:0004][2017-10-17T09:47:37] Started: Copying file /pt-BR/Microsoft.VisualStudio.Office365.resources.dll to C:\Program Files (x86)\Microsoft Visual Studio\2017\Community\Common7\IDE\Extensions\Microsoft\Microsoft Office 365 Connected Service\pt-BR\Microsoft.VisualStudio.Office365.resources.dll
[0b00:0004][2017-10-17T09:47:37] Completed: Copying file /pt-BR/Microsoft.VisualStudio.Office365.resources.dll to C:\Program Files (x86)\Microsoft Visual Studio\2017\Community\Common7\IDE\Extensions\Microsoft\Microsoft Office 365 Connected Service\pt-BR\Microsoft.VisualStudio.Office365.resources.dll
[0b00:0004][2017-10-17T09:47:37] Timestamp updated for file 'C:\Program Files (x86)\Microsoft Visual Studio\2017\Community\Common7\IDE\Extensions\Microsoft\Microsoft Office 365 Connected Service\pt-BR\Microsoft.VisualStudio.Office365.resources.dll'.
[0b00:0004][2017-10-17T09:47:37] Processing file /ru/extension.vsixlangpack
[0b00:0004][2017-10-17T09:47:37] Started: Copying file /ru/extension.vsixlangpack to C:\Program Files (x86)\Microsoft Visual Studio\2017\Community\Common7\IDE\Extensions\Microsoft\Microsoft Office 365 Connected Service\ru\extension.vsixlangpack
[0b00:0004][2017-10-17T09:47:37] Completed: Copying file /ru/extension.vsixlangpack to C:\Program Files (x86)\Microsoft Visual Studio\2017\Community\Common7\IDE\Extensions\Microsoft\Microsoft Office 365 Connected Service\ru\extension.vsixlangpack
[0b00:0004][2017-10-17T09:47:37] Timestamp updated for file 'C:\Program Files (x86)\Microsoft Visual Studio\2017\Community\Common7\IDE\Extensions\Microsoft\Microsoft Office 365 Connected Service\ru\extension.vsixlangpack'.
[0b00:0004][2017-10-17T09:47:37] Processing file /ru/Microsoft.VisualStudio.ConnectedServices.Azure.Authentication.Common.resources.dll
[0b00:0004][2017-10-17T09:47:37] Started: Copying file /ru/Microsoft.VisualStudio.ConnectedServices.Azure.Authentication.Common.resources.dll to C:\Program Files (x86)\Microsoft Visual Studio\2017\Community\Common7\IDE\Extensions\Microsoft\Microsoft Office 365 Connected Service\ru\Microsoft.VisualStudio.ConnectedServices.Azure.Authentication.Common.resources.dll
[0b00:0004][2017-10-17T09:47:37] Completed: Copying file /ru/Microsoft.VisualStudio.ConnectedServices.Azure.Authentication.Common.resources.dll to C:\Program Files (x86)\Microsoft Visual Studio\2017\Community\Common7\IDE\Extensions\Microsoft\Microsoft Office 365 Connected Service\ru\Microsoft.VisualStudio.ConnectedServices.Azure.Authentication.Common.resources.dll
[0b00:0004][2017-10-17T09:47:37] Timestamp updated for file 'C:\Program Files (x86)\Microsoft Visual Studio\2017\Community\Common7\IDE\Extensions\Microsoft\Microsoft Office 365 Connected Service\ru\Microsoft.VisualStudio.ConnectedServices.Azure.Authentication.Common.resources.dll'.
[0b00:0004][2017-10-17T09:47:37] Processing file /ru/Microsoft.VisualStudio.Office365.resources.dll
[0b00:0004][2017-10-17T09:47:37] Started: Copying file /ru/Microsoft.VisualStudio.Office365.resources.dll to C:\Program Files (x86)\Microsoft Visual Studio\2017\Community\Common7\IDE\Extensions\Microsoft\Microsoft Office 365 Connected Service\ru\Microsoft.VisualStudio.Office365.resources.dll
[0b00:0004][2017-10-17T09:47:37] Completed: Copying file /ru/Microsoft.VisualStudio.Office365.resources.dll to C:\Program Files (x86)\Microsoft Visual Studio\2017\Community\Common7\IDE\Extensions\Microsoft\Microsoft Office 365 Connected Service\ru\Microsoft.VisualStudio.Office365.resources.dll
[0b00:0004][2017-10-17T09:47:37] Timestamp updated for file 'C:\Program Files (x86)\Microsoft Visual Studio\2017\Community\Common7\IDE\Extensions\Microsoft\Microsoft Office 365 Connected Service\ru\Microsoft.VisualStudio.Office365.resources.dll'.
[0b00:0004][2017-10-17T09:47:37] Processing file /tr/extension.vsixlangpack
[0b00:0004][2017-10-17T09:47:37] Started: Copying file /tr/extension.vsixlangpack to C:\Program Files (x86)\Microsoft Visual Studio\2017\Community\Common7\IDE\Extensions\Microsoft\Microsoft Office 365 Connected Service\tr\extension.vsixlangpack
[0b00:0004][2017-10-17T09:47:37] Completed: Copying file /tr/extension.vsixlangpack to C:\Program Files (x86)\Microsoft Visual Studio\2017\Community\Common7\IDE\Extensions\Microsoft\Microsoft Office 365 Connected Service\tr\extension.vsixlangpack
[0b00:0004][2017-10-17T09:47:37] Timestamp updated for file 'C:\Program Files (x86)\Microsoft Visual Studio\2017\Community\Common7\IDE\Extensions\Microsoft\Microsoft Office 365 Connected Service\tr\extension.vsixlangpack'.
[0b00:0004][2017-10-17T09:47:37] Processing file /tr/Microsoft.VisualStudio.ConnectedServices.Azure.Authentication.Common.resources.dll
[0b00:0004][2017-10-17T09:47:37] Started: Copying file /tr/Microsoft.VisualStudio.ConnectedServices.Azure.Authentication.Common.resources.dll to C:\Program Files (x86)\Microsoft Visual Studio\2017\Community\Common7\IDE\Extensions\Microsoft\Microsoft Office 365 Connected Service\tr\Microsoft.VisualStudio.ConnectedServices.Azure.Authentication.Common.resources.dll
[0b00:0004][2017-10-17T09:47:37] Completed: Copying file /tr/Microsoft.VisualStudio.ConnectedServices.Azure.Authentication.Common.resources.dll to C:\Program Files (x86)\Microsoft Visual Studio\2017\Community\Common7\IDE\Extensions\Microsoft\Microsoft Office 365 Connected Service\tr\Microsoft.VisualStudio.ConnectedServices.Azure.Authentication.Common.resources.dll
[0b00:0004][2017-10-17T09:47:37] Timestamp updated for file 'C:\Program Files (x86)\Microsoft Visual Studio\2017\Community\Common7\IDE\Extensions\Microsoft\Microsoft Office 365 Connected Service\tr\Microsoft.VisualStudio.ConnectedServices.Azure.Authentication.Common.resources.dll'.
[0b00:0004][2017-10-17T09:47:37] Processing file /tr/Microsoft.VisualStudio.Office365.resources.dll
[0b00:0004][2017-10-17T09:47:37] Started: Copying file /tr/Microsoft.VisualStudio.Office365.resources.dll to C:\Program Files (x86)\Microsoft Visual Studio\2017\Community\Common7\IDE\Extensions\Microsoft\Microsoft Office 365 Connected Service\tr\Microsoft.VisualStudio.Office365.resources.dll
[0b00:0004][2017-10-17T09:47:37] Completed: Copying file /tr/Microsoft.VisualStudio.Office365.resources.dll to C:\Program Files (x86)\Microsoft Visual Studio\2017\Community\Common7\IDE\Extensions\Microsoft\Microsoft Office 365 Connected Service\tr\Microsoft.VisualStudio.Office365.resources.dll
[0b00:0004][2017-10-17T09:47:37] Timestamp updated for file 'C:\Program Files (x86)\Microsoft Visual Studio\2017\Community\Common7\IDE\Extensions\Microsoft\Microsoft Office 365 Connected Service\tr\Microsoft.VisualStudio.Office365.resources.dll'.
[0b00:0004][2017-10-17T09:47:37] Processing file /zh-Hans/extension.vsixlangpack
[0b00:0004][2017-10-17T09:47:37] Started: Copying file /zh-Hans/extension.vsixlangpack to C:\Program Files (x86)\Microsoft Visual Studio\2017\Community\Common7\IDE\Extensions\Microsoft\Microsoft Office 365 Connected Service\zh-Hans\extension.vsixlangpack
[0b00:0004][2017-10-17T09:47:37] Completed: Copying file /zh-Hans/extension.vsixlangpack to C:\Program Files (x86)\Microsoft Visual Studio\2017\Community\Common7\IDE\Extensions\Microsoft\Microsoft Office 365 Connected Service\zh-Hans\extension.vsixlangpack
[0b00:0004][2017-10-17T09:47:37] Timestamp updated for file 'C:\Program Files (x86)\Microsoft Visual Studio\2017\Community\Common7\IDE\Extensions\Microsoft\Microsoft Office 365 Connected Service\zh-Hans\extension.vsixlangpack'.
[0b00:0004][2017-10-17T09:47:37] Processing file /zh-Hans/Microsoft.VisualStudio.ConnectedServices.Azure.Authentication.Common.resources.dll
[0b00:0004][2017-10-17T09:47:37] Started: Copying file /zh-Hans/Microsoft.VisualStudio.ConnectedServices.Azure.Authentication.Common.resources.dll to C:\Program Files (x86)\Microsoft Visual Studio\2017\Community\Common7\IDE\Extensions\Microsoft\Microsoft Office 365 Connected Service\zh-Hans\Microsoft.VisualStudio.ConnectedServices.Azure.Authentication.Common.resources.dll
[0b00:0004][2017-10-17T09:47:37] Completed: Copying file /zh-Hans/Microsoft.VisualStudio.ConnectedServices.Azure.Authentication.Common.resources.dll to C:\Program Files (x86)\Microsoft Visual Studio\2017\Community\Common7\IDE\Extensions\Microsoft\Microsoft Office 365 Connected Service\zh-Hans\Microsoft.VisualStudio.ConnectedServices.Azure.Authentication.Common.resources.dll
[0b00:0004][2017-10-17T09:47:37] Timestamp updated for file 'C:\Program Files (x86)\Microsoft Visual Studio\2017\Community\Common7\IDE\Extensions\Microsoft\Microsoft Office 365 Connected Service\zh-Hans\Microsoft.VisualStudio.ConnectedServices.Azure.Authentication.Common.resources.dll'.
[0b00:0004][2017-10-17T09:47:37] Processing file /zh-Hans/Microsoft.VisualStudio.Office365.resources.dll
[0b00:0004][2017-10-17T09:47:37] Started: Copying file /zh-Hans/Microsoft.VisualStudio.Office365.resources.dll to C:\Program Files (x86)\Microsoft Visual Studio\2017\Community\Common7\IDE\Extensions\Microsoft\Microsoft Office 365 Connected Service\zh-Hans\Microsoft.VisualStudio.Office365.resources.dll
[0b00:0004][2017-10-17T09:47:37] Completed: Copying file /zh-Hans/Microsoft.VisualStudio.Office365.resources.dll to C:\Program Files (x86)\Microsoft Visual Studio\2017\Community\Common7\IDE\Extensions\Microsoft\Microsoft Office 365 Connected Service\zh-Hans\Microsoft.VisualStudio.Office365.resources.dll
[0b00:0004][2017-10-17T09:47:37] Timestamp updated for file 'C:\Program Files (x86)\Microsoft Visual Studio\2017\Community\Common7\IDE\Extensions\Microsoft\Microsoft Office 365 Connected Service\zh-Hans\Microsoft.VisualStudio.Office365.resources.dll'.
[0b00:0004][2017-10-17T09:47:37] Processing file /zh-Hant/extension.vsixlangpack
[0b00:0004][2017-10-17T09:47:37] Started: Copying file /zh-Hant/extension.vsixlangpack to C:\Program Files (x86)\Microsoft Visual Studio\2017\Community\Common7\IDE\Extensions\Microsoft\Microsoft Office 365 Connected Service\zh-Hant\extension.vsixlangpack
[0b00:0004][2017-10-17T09:47:37] Completed: Copying file /zh-Hant/extension.vsixlangpack to C:\Program Files (x86)\Microsoft Visual Studio\2017\Community\Common7\IDE\Extensions\Microsoft\Microsoft Office 365 Connected Service\zh-Hant\extension.vsixlangpack
[0b00:0004][2017-10-17T09:47:37] Timestamp updated for file 'C:\Program Files (x86)\Microsoft Visual Studio\2017\Community\Common7\IDE\Extensions\Microsoft\Microsoft Office 365 Connected Service\zh-Hant\extension.vsixlangpack'.
[0b00:0004][2017-10-17T09:47:37] Processing file /zh-Hant/Microsoft.VisualStudio.ConnectedServices.Azure.Authentication.Common.resources.dll
[0b00:0004][2017-10-17T09:47:37] Started: Copying file /zh-Hant/Microsoft.VisualStudio.ConnectedServices.Azure.Authentication.Common.resources.dll to C:\Program Files (x86)\Microsoft Visual Studio\2017\Community\Common7\IDE\Extensions\Microsoft\Microsoft Office 365 Connected Service\zh-Hant\Microsoft.VisualStudio.ConnectedServices.Azure.Authentication.Common.resources.dll
[0b00:0004][2017-10-17T09:47:37] Completed: Copying file /zh-Hant/Microsoft.VisualStudio.ConnectedServices.Azure.Authentication.Common.resources.dll to C:\Program Files (x86)\Microsoft Visual Studio\2017\Community\Common7\IDE\Extensions\Microsoft\Microsoft Office 365 Connected Service\zh-Hant\Microsoft.VisualStudio.ConnectedServices.Azure.Authentication.Common.resources.dll
[0b00:0004][2017-10-17T09:47:37] Timestamp updated for file 'C:\Program Files (x86)\Microsoft Visual Studio\2017\Community\Common7\IDE\Extensions\Microsoft\Microsoft Office 365 Connected Service\zh-Hant\Microsoft.VisualStudio.ConnectedServices.Azure.Authentication.Common.resources.dll'.
[0b00:0004][2017-10-17T09:47:37] Processing file /zh-Hant/Microsoft.VisualStudio.Office365.resources.dll
[0b00:0004][2017-10-17T09:47:37] Started: Copying file /zh-Hant/Microsoft.VisualStudio.Office365.resources.dll to C:\Program Files (x86)\Microsoft Visual Studio\2017\Community\Common7\IDE\Extensions\Microsoft\Microsoft Office 365 Connected Service\zh-Hant\Microsoft.VisualStudio.Office365.resources.dll
[0b00:0004][2017-10-17T09:47:37] Completed: Copying file /zh-Hant/Microsoft.VisualStudio.Office365.resources.dll to C:\Program Files (x86)\Microsoft Visual Studio\2017\Community\Common7\IDE\Extensions\Microsoft\Microsoft Office 365 Connected Service\zh-Hant\Microsoft.VisualStudio.Office365.resources.dll
[0b00:0004][2017-10-17T09:47:37] Timestamp updated for file 'C:\Program Files (x86)\Microsoft Visual Studio\2017\Community\Common7\IDE\Extensions\Microsoft\Microsoft Office 365 Connected Service\zh-Hant\Microsoft.VisualStudio.Office365.resources.dll'.
[0b00:0004][2017-10-17T09:47:37] Package executed successfully. Return code: 0
