[0b00:0004][2017-10-17T09:46:33] Opening the package for processing
[0b00:0004][2017-10-17T09:46:33] Using package payload to get the embedded manifest
[0b00:0004][2017-10-17T09:46:33] Getting list of files within the package
[0b00:0004][2017-10-17T09:46:33] Processing file /Contents/Common7/IDE/CommonExtensions/Platform/Debugger/PerfDebuggerWebViews/css/IntelliTraceGraph.css
[0b00:0004][2017-10-17T09:46:33] Started: Copying file /Contents/Common7/IDE/CommonExtensions/Platform/Debugger/PerfDebuggerWebViews/css/IntelliTraceGraph.css to C:\Program Files (x86)\Microsoft Visual Studio\2017\Community\Common7\IDE\CommonExtensions\Platform\Debugger\PerfDebuggerWebViews\css\IntelliTraceGraph.css
[0b00:0004][2017-10-17T09:46:33] Completed: Copying file /Contents/Common7/IDE/CommonExtensions/Platform/Debugger/PerfDebuggerWebViews/css/IntelliTraceGraph.css to C:\Program Files (x86)\Microsoft Visual Studio\2017\Community\Common7\IDE\CommonExtensions\Platform\Debugger\PerfDebuggerWebViews\css\IntelliTraceGraph.css
[0b00:0004][2017-10-17T09:46:33] Timestamp updated for file 'C:\Program Files (x86)\Microsoft Visual Studio\2017\Community\Common7\IDE\CommonExtensions\Platform\Debugger\PerfDebuggerWebViews\css\IntelliTraceGraph.css'.
[0b00:0004][2017-10-17T09:46:33] Processing file /Contents/Common7/IDE/CommonExtensions/Platform/Debugger/PerfDebuggerWebViews/icons/AllEventsIcon.svg
[0b00:0004][2017-10-17T09:46:33] Started: Copying file /Contents/Common7/IDE/CommonExtensions/Platform/Debugger/PerfDebuggerWebViews/icons/AllEventsIcon.svg to C:\Program Files (x86)\Microsoft Visual Studio\2017\Community\Common7\IDE\CommonExtensions\Platform\Debugger\PerfDebuggerWebViews\icons\AllEventsIcon.svg
[0b00:0004][2017-10-17T09:46:33] Completed: Copying file /Contents/Common7/IDE/CommonExtensions/Platform/Debugger/PerfDebuggerWebViews/icons/AllEventsIcon.svg to C:\Program Files (x86)\Microsoft Visual Studio\2017\Community\Common7\IDE\CommonExtensions\Platform\Debugger\PerfDebuggerWebViews\icons\AllEventsIcon.svg
[0b00:0004][2017-10-17T09:46:33] Timestamp updated for file 'C:\Program Files (x86)\Microsoft Visual Studio\2017\Community\Common7\IDE\CommonExtensions\Platform\Debugger\PerfDebuggerWebViews\icons\AllEventsIcon.svg'.
[0b00:0004][2017-10-17T09:46:33] Processing file /Contents/Common7/IDE/CommonExtensions/Platform/Debugger/PerfDebuggerWebViews/icons/BreakTrackIcon.svg
[0b00:0004][2017-10-17T09:46:33] Started: Copying file /Contents/Common7/IDE/CommonExtensions/Platform/Debugger/PerfDebuggerWebViews/icons/BreakTrackIcon.svg to C:\Program Files (x86)\Microsoft Visual Studio\2017\Community\Common7\IDE\CommonExtensions\Platform\Debugger\PerfDebuggerWebViews\icons\BreakTrackIcon.svg
[0b00:0004][2017-10-17T09:46:33] Completed: Copying file /Contents/Common7/IDE/CommonExtensions/Platform/Debugger/PerfDebuggerWebViews/icons/BreakTrackIcon.svg to C:\Program Files (x86)\Microsoft Visual Studio\2017\Community\Common7\IDE\CommonExtensions\Platform\Debugger\PerfDebuggerWebViews\icons\BreakTrackIcon.svg
[0b00:0004][2017-10-17T09:46:33] Timestamp updated for file 'C:\Program Files (x86)\Microsoft Visual Studio\2017\Community\Common7\IDE\CommonExtensions\Platform\Debugger\PerfDebuggerWebViews\icons\BreakTrackIcon.svg'.
[0b00:0004][2017-10-17T09:46:33] Processing file /Contents/Common7/IDE/CommonExtensions/Platform/Debugger/PerfDebuggerWebViews/icons/ExceptionEventIcon.svg
[0b00:0004][2017-10-17T09:46:33] Started: Copying file /Contents/Common7/IDE/CommonExtensions/Platform/Debugger/PerfDebuggerWebViews/icons/ExceptionEventIcon.svg to C:\Program Files (x86)\Microsoft Visual Studio\2017\Community\Common7\IDE\CommonExtensions\Platform\Debugger\PerfDebuggerWebViews\icons\ExceptionEventIcon.svg
[0b00:0004][2017-10-17T09:46:33] Completed: Copying file /Contents/Common7/IDE/CommonExtensions/Platform/Debugger/PerfDebuggerWebViews/icons/ExceptionEventIcon.svg to C:\Program Files (x86)\Microsoft Visual Studio\2017\Community\Common7\IDE\CommonExtensions\Platform\Debugger\PerfDebuggerWebViews\icons\ExceptionEventIcon.svg
[0b00:0004][2017-10-17T09:46:33] Timestamp updated for file 'C:\Program Files (x86)\Microsoft Visual Studio\2017\Community\Common7\IDE\CommonExtensions\Platform\Debugger\PerfDebuggerWebViews\icons\ExceptionEventIcon.svg'.
[0b00:0004][2017-10-17T09:46:33] Processing file /Contents/Common7/IDE/CommonExtensions/Platform/Debugger/PerfDebuggerWebViews/icons/IntelliTraceTrackIcon.svg
[0b00:0004][2017-10-17T09:46:33] Started: Copying file /Contents/Common7/IDE/CommonExtensions/Platform/Debugger/PerfDebuggerWebViews/icons/IntelliTraceTrackIcon.svg to C:\Program Files (x86)\Microsoft Visual Studio\2017\Community\Common7\IDE\CommonExtensions\Platform\Debugger\PerfDebuggerWebViews\icons\IntelliTraceTrackIcon.svg
[0b00:0004][2017-10-17T09:46:33] Completed: Copying file /Contents/Common7/IDE/CommonExtensions/Platform/Debugger/PerfDebuggerWebViews/icons/IntelliTraceTrackIcon.svg to C:\Program Files (x86)\Microsoft Visual Studio\2017\Community\Common7\IDE\CommonExtensions\Platform\Debugger\PerfDebuggerWebViews\icons\IntelliTraceTrackIcon.svg
[0b00:0004][2017-10-17T09:46:33] Timestamp updated for file 'C:\Program Files (x86)\Microsoft Visual Studio\2017\Community\Common7\IDE\CommonExtensions\Platform\Debugger\PerfDebuggerWebViews\icons\IntelliTraceTrackIcon.svg'.
[0b00:0004][2017-10-17T09:46:33] Processing file /Contents/Common7/IDE/CommonExtensions/Platform/Debugger/PerfDebuggerWebViews/icons/timeline/light/normal/TimelineMarkGray.png
[0b00:0004][2017-10-17T09:46:33] Started: Copying file /Contents/Common7/IDE/CommonExtensions/Platform/Debugger/PerfDebuggerWebViews/icons/timeline/light/normal/TimelineMarkGray.png to C:\Program Files (x86)\Microsoft Visual Studio\2017\Community\Common7\IDE\CommonExtensions\Platform\Debugger\PerfDebuggerWebViews\icons\timeline\light\normal\TimelineMarkGray.png
[0b00:0004][2017-10-17T09:46:33] Completed: Copying file /Contents/Common7/IDE/CommonExtensions/Platform/Debugger/PerfDebuggerWebViews/icons/timeline/light/normal/TimelineMarkGray.png to C:\Program Files (x86)\Microsoft Visual Studio\2017\Community\Common7\IDE\CommonExtensions\Platform\Debugger\PerfDebuggerWebViews\icons\timeline\light\normal\TimelineMarkGray.png
[0b00:0004][2017-10-17T09:46:33] Timestamp updated for file 'C:\Program Files (x86)\Microsoft Visual Studio\2017\Community\Common7\IDE\CommonExtensions\Platform\Debugger\PerfDebuggerWebViews\icons\timeline\light\normal\TimelineMarkGray.png'.
[0b00:0004][2017-10-17T09:46:33] Processing file /Contents/Common7/IDE/CommonExtensions/Platform/Debugger/PerfDebuggerWebViews/icons/timeline/light/normal/TimelineMarkPurple.png
[0b00:0004][2017-10-17T09:46:33] Started: Copying file /Contents/Common7/IDE/CommonExtensions/Platform/Debugger/PerfDebuggerWebViews/icons/timeline/light/normal/TimelineMarkPurple.png to C:\Program Files (x86)\Microsoft Visual Studio\2017\Community\Common7\IDE\CommonExtensions\Platform\Debugger\PerfDebuggerWebViews\icons\timeline\light\normal\TimelineMarkPurple.png
[0b00:0004][2017-10-17T09:46:33] Completed: Copying file /Contents/Common7/IDE/CommonExtensions/Platform/Debugger/PerfDebuggerWebViews/icons/timeline/light/normal/TimelineMarkPurple.png to C:\Program Files (x86)\Microsoft Visual Studio\2017\Community\Common7\IDE\CommonExtensions\Platform\Debugger\PerfDebuggerWebViews\icons\timeline\light\normal\TimelineMarkPurple.png
[0b00:0004][2017-10-17T09:46:33] Timestamp updated for file 'C:\Program Files (x86)\Microsoft Visual Studio\2017\Community\Common7\IDE\CommonExtensions\Platform\Debugger\PerfDebuggerWebViews\icons\timeline\light\normal\TimelineMarkPurple.png'.
[0b00:0004][2017-10-17T09:46:33] Processing file /Contents/Common7/IDE/CommonExtensions/Platform/Debugger/PerfDebuggerWebViews/icons/timeline/light/normal/TimelineMarkRed.png
[0b00:0004][2017-10-17T09:46:33] Started: Copying file /Contents/Common7/IDE/CommonExtensions/Platform/Debugger/PerfDebuggerWebViews/icons/timeline/light/normal/TimelineMarkRed.png to C:\Program Files (x86)\Microsoft Visual Studio\2017\Community\Common7\IDE\CommonExtensions\Platform\Debugger\PerfDebuggerWebViews\icons\timeline\light\normal\TimelineMarkRed.png
[0b00:0004][2017-10-17T09:46:33] Completed: Copying file /Contents/Common7/IDE/CommonExtensions/Platform/Debugger/PerfDebuggerWebViews/icons/timeline/light/normal/TimelineMarkRed.png to C:\Program Files (x86)\Microsoft Visual Studio\2017\Community\Common7\IDE\CommonExtensions\Platform\Debugger\PerfDebuggerWebViews\icons\timeline\light\normal\TimelineMarkRed.png
[0b00:0004][2017-10-17T09:46:33] Timestamp updated for file 'C:\Program Files (x86)\Microsoft Visual Studio\2017\Community\Common7\IDE\CommonExtensions\Platform\Debugger\PerfDebuggerWebViews\icons\timeline\light\normal\TimelineMarkRed.png'.
[0b00:0004][2017-10-17T09:46:33] Processing file /Contents/Common7/IDE/CommonExtensions/Platform/Debugger/PerfDebuggerWebViews/icons/timeline/light/selected/TimelineMarkGray.png
[0b00:0004][2017-10-17T09:46:33] Started: Copying file /Contents/Common7/IDE/CommonExtensions/Platform/Debugger/PerfDebuggerWebViews/icons/timeline/light/selected/TimelineMarkGray.png to C:\Program Files (x86)\Microsoft Visual Studio\2017\Community\Common7\IDE\CommonExtensions\Platform\Debugger\PerfDebuggerWebViews\icons\timeline\light\selected\TimelineMarkGray.png
[0b00:0004][2017-10-17T09:46:33] Completed: Copying file /Contents/Common7/IDE/CommonExtensions/Platform/Debugger/PerfDebuggerWebViews/icons/timeline/light/selected/TimelineMarkGray.png to C:\Program Files (x86)\Microsoft Visual Studio\2017\Community\Common7\IDE\CommonExtensions\Platform\Debugger\PerfDebuggerWebViews\icons\timeline\light\selected\TimelineMarkGray.png
[0b00:0004][2017-10-17T09:46:33] Timestamp updated for file 'C:\Program Files (x86)\Microsoft Visual Studio\2017\Community\Common7\IDE\CommonExtensions\Platform\Debugger\PerfDebuggerWebViews\icons\timeline\light\selected\TimelineMarkGray.png'.
[0b00:0004][2017-10-17T09:46:33] Processing file /Contents/Common7/IDE/CommonExtensions/Platform/Debugger/PerfDebuggerWebViews/icons/timeline/light/selected/TimelineMarkPurple.png
[0b00:0004][2017-10-17T09:46:33] Started: Copying file /Contents/Common7/IDE/CommonExtensions/Platform/Debugger/PerfDebuggerWebViews/icons/timeline/light/selected/TimelineMarkPurple.png to C:\Program Files (x86)\Microsoft Visual Studio\2017\Community\Common7\IDE\CommonExtensions\Platform\Debugger\PerfDebuggerWebViews\icons\timeline\light\selected\TimelineMarkPurple.png
[0b00:0004][2017-10-17T09:46:33] Completed: Copying file /Contents/Common7/IDE/CommonExtensions/Platform/Debugger/PerfDebuggerWebViews/icons/timeline/light/selected/TimelineMarkPurple.png to C:\Program Files (x86)\Microsoft Visual Studio\2017\Community\Common7\IDE\CommonExtensions\Platform\Debugger\PerfDebuggerWebViews\icons\timeline\light\selected\TimelineMarkPurple.png
[0b00:0004][2017-10-17T09:46:33] Timestamp updated for file 'C:\Program Files (x86)\Microsoft Visual Studio\2017\Community\Common7\IDE\CommonExtensions\Platform\Debugger\PerfDebuggerWebViews\icons\timeline\light\selected\TimelineMarkPurple.png'.
[0b00:0004][2017-10-17T09:46:33] Processing file /Contents/Common7/IDE/CommonExtensions/Platform/Debugger/PerfDebuggerWebViews/icons/timeline/light/selected/TimelineMarkRed.png
[0b00:0004][2017-10-17T09:46:33] Started: Copying file /Contents/Common7/IDE/CommonExtensions/Platform/Debugger/PerfDebuggerWebViews/icons/timeline/light/selected/TimelineMarkRed.png to C:\Program Files (x86)\Microsoft Visual Studio\2017\Community\Common7\IDE\CommonExtensions\Platform\Debugger\PerfDebuggerWebViews\icons\timeline\light\selected\TimelineMarkRed.png
[0b00:0004][2017-10-17T09:46:33] Completed: Copying file /Contents/Common7/IDE/CommonExtensions/Platform/Debugger/PerfDebuggerWebViews/icons/timeline/light/selected/TimelineMarkRed.png to C:\Program Files (x86)\Microsoft Visual Studio\2017\Community\Common7\IDE\CommonExtensions\Platform\Debugger\PerfDebuggerWebViews\icons\timeline\light\selected\TimelineMarkRed.png
[0b00:0004][2017-10-17T09:46:33] Timestamp updated for file 'C:\Program Files (x86)\Microsoft Visual Studio\2017\Community\Common7\IDE\CommonExtensions\Platform\Debugger\PerfDebuggerWebViews\icons\timeline\light\selected\TimelineMarkRed.png'.
[0b00:0004][2017-10-17T09:46:33] Processing file /Contents/Common7/IDE/CommonExtensions/Platform/Debugger/PerfDebuggerWebViews/PerfDebuggerSwimlane.js
[0b00:0004][2017-10-17T09:46:33] Started: Copying file /Contents/Common7/IDE/CommonExtensions/Platform/Debugger/PerfDebuggerWebViews/PerfDebuggerSwimlane.js to C:\Program Files (x86)\Microsoft Visual Studio\2017\Community\Common7\IDE\CommonExtensions\Platform\Debugger\PerfDebuggerWebViews\PerfDebuggerSwimlane.js
[0b00:0004][2017-10-17T09:46:33] Completed: Copying file /Contents/Common7/IDE/CommonExtensions/Platform/Debugger/PerfDebuggerWebViews/PerfDebuggerSwimlane.js to C:\Program Files (x86)\Microsoft Visual Studio\2017\Community\Common7\IDE\CommonExtensions\Platform\Debugger\PerfDebuggerWebViews\PerfDebuggerSwimlane.js
[0b00:0004][2017-10-17T09:46:33] Timestamp updated for file 'C:\Program Files (x86)\Microsoft Visual Studio\2017\Community\Common7\IDE\CommonExtensions\Platform\Debugger\PerfDebuggerWebViews\PerfDebuggerSwimlane.js'.
[0b00:0004][2017-10-17T09:46:33] Processing file /Contents/Common7/IDE/CommonExtensions/Platform/Debugger/PerfDebuggerWebViews/plugin.js
[0b00:0004][2017-10-17T09:46:33] Started: Copying file /Contents/Common7/IDE/CommonExtensions/Platform/Debugger/PerfDebuggerWebViews/plugin.js to C:\Program Files (x86)\Microsoft Visual Studio\2017\Community\Common7\IDE\CommonExtensions\Platform\Debugger\PerfDebuggerWebViews\plugin.js
[0b00:0004][2017-10-17T09:46:33] Completed: Copying file /Contents/Common7/IDE/CommonExtensions/Platform/Debugger/PerfDebuggerWebViews/plugin.js to C:\Program Files (x86)\Microsoft Visual Studio\2017\Community\Common7\IDE\CommonExtensions\Platform\Debugger\PerfDebuggerWebViews\plugin.js
[0b00:0004][2017-10-17T09:46:33] Timestamp updated for file 'C:\Program Files (x86)\Microsoft Visual Studio\2017\Community\Common7\IDE\CommonExtensions\Platform\Debugger\PerfDebuggerWebViews\plugin.js'.
[0b00:0004][2017-10-17T09:46:33] Processing file /Contents/Common7/IDE/PrivateAssemblies/Microsoft.VisualStudio.Diagnostics.HubExtensions.dll
[0b00:0004][2017-10-17T09:46:33] Started: Copying file /Contents/Common7/IDE/PrivateAssemblies/Microsoft.VisualStudio.Diagnostics.HubExtensions.dll to C:\Program Files (x86)\Microsoft Visual Studio\2017\Community\Common7\IDE\PrivateAssemblies\Microsoft.VisualStudio.Diagnostics.HubExtensions.dll
[0b00:0004][2017-10-17T09:46:33] Completed: Copying file /Contents/Common7/IDE/PrivateAssemblies/Microsoft.VisualStudio.Diagnostics.HubExtensions.dll to C:\Program Files (x86)\Microsoft Visual Studio\2017\Community\Common7\IDE\PrivateAssemblies\Microsoft.VisualStudio.Diagnostics.HubExtensions.dll
[0b00:0004][2017-10-17T09:46:33] Timestamp updated for file 'C:\Program Files (x86)\Microsoft Visual Studio\2017\Community\Common7\IDE\PrivateAssemblies\Microsoft.VisualStudio.Diagnostics.HubExtensions.dll'.
[0b00:0004][2017-10-17T09:46:33] Queueing C:\Program Files (x86)\Microsoft Visual Studio\2017\Community\Common7\IDE\PrivateAssemblies\Microsoft.VisualStudio.Diagnostics.HubExtensions.dll for X86 ngen
[0b00:0004][2017-10-17T09:46:33] Successfully queued file '/Contents/Common7/IDE/PrivateAssemblies/Microsoft.VisualStudio.Diagnostics.HubExtensions.dll' for ngen
[0b00:0004][2017-10-17T09:46:33] Package executed successfully. Return code: 0
