[0b00:0004][2017-10-17T09:47:41] Opening the package for processing
[0b00:0004][2017-10-17T09:47:41] Using package payload to get the embedded manifest
[0b00:0004][2017-10-17T09:47:41] Getting list of files within the package
[0b00:0004][2017-10-17T09:47:41] Processing file /contents/Common7/IDE/ProjectTemplates/Microsoft.VisualStudio.Templates.VB.Portable.en-US.Project..vstman
[0b00:0004][2017-10-17T09:47:41] Started: Copying file /contents/Common7/IDE/ProjectTemplates/Microsoft.VisualStudio.Templates.VB.Portable.en-US.Project..vstman to C:\Program Files (x86)\Microsoft Visual Studio\2017\Community\Common7\IDE\ProjectTemplates\Microsoft.VisualStudio.Templates.VB.Portable.en-US.Project..vstman
[0b00:0004][2017-10-17T09:47:41] Completed: Copying file /contents/Common7/IDE/ProjectTemplates/Microsoft.VisualStudio.Templates.VB.Portable.en-US.Project..vstman to C:\Program Files (x86)\Microsoft Visual Studio\2017\Community\Common7\IDE\ProjectTemplates\Microsoft.VisualStudio.Templates.VB.Portable.en-US.Project..vstman
[0b00:0004][2017-10-17T09:47:41] Timestamp updated for file 'C:\Program Files (x86)\Microsoft Visual Studio\2017\Community\Common7\IDE\ProjectTemplates\Microsoft.VisualStudio.Templates.VB.Portable.en-US.Project..vstman'.
[0b00:0004][2017-10-17T09:47:41] Processing file /Contents/Common7/IDE/ProjectTemplates/VisualBasic/1033/PortableClassLibrary/assemblyinfo.vb
[0b00:0004][2017-10-17T09:47:41] Started: Copying file /Contents/Common7/IDE/ProjectTemplates/VisualBasic/1033/PortableClassLibrary/assemblyinfo.vb to C:\Program Files (x86)\Microsoft Visual Studio\2017\Community\Common7\IDE\ProjectTemplates\VisualBasic\1033\PortableClassLibrary\assemblyinfo.vb
[0b00:0004][2017-10-17T09:47:41] Completed: Copying file /Contents/Common7/IDE/ProjectTemplates/VisualBasic/1033/PortableClassLibrary/assemblyinfo.vb to C:\Program Files (x86)\Microsoft Visual Studio\2017\Community\Common7\IDE\ProjectTemplates\VisualBasic\1033\PortableClassLibrary\assemblyinfo.vb
[0b00:0004][2017-10-17T09:47:41] Timestamp updated for file 'C:\Program Files (x86)\Microsoft Visual Studio\2017\Community\Common7\IDE\ProjectTemplates\VisualBasic\1033\PortableClassLibrary\assemblyinfo.vb'.
[0b00:0004][2017-10-17T09:47:41] Processing file /Contents/Common7/IDE/ProjectTemplates/VisualBasic/1033/PortableClassLibrary/Class1.vb
[0b00:0004][2017-10-17T09:47:41] Started: Copying file /Contents/Common7/IDE/ProjectTemplates/VisualBasic/1033/PortableClassLibrary/Class1.vb to C:\Program Files (x86)\Microsoft Visual Studio\2017\Community\Common7\IDE\ProjectTemplates\VisualBasic\1033\PortableClassLibrary\Class1.vb
[0b00:0004][2017-10-17T09:47:41] Completed: Copying file /Contents/Common7/IDE/ProjectTemplates/VisualBasic/1033/PortableClassLibrary/Class1.vb to C:\Program Files (x86)\Microsoft Visual Studio\2017\Community\Common7\IDE\ProjectTemplates\VisualBasic\1033\PortableClassLibrary\Class1.vb
[0b00:0004][2017-10-17T09:47:41] Timestamp updated for file 'C:\Program Files (x86)\Microsoft Visual Studio\2017\Community\Common7\IDE\ProjectTemplates\VisualBasic\1033\PortableClassLibrary\Class1.vb'.
[0b00:0004][2017-10-17T09:47:41] Processing file /Contents/Common7/IDE/ProjectTemplates/VisualBasic/1033/PortableClassLibrary/PortableClassLibrary.vbproj
[0b00:0004][2017-10-17T09:47:41] Started: Copying file /Contents/Common7/IDE/ProjectTemplates/VisualBasic/1033/PortableClassLibrary/PortableClassLibrary.vbproj to C:\Program Files (x86)\Microsoft Visual Studio\2017\Community\Common7\IDE\ProjectTemplates\VisualBasic\1033\PortableClassLibrary\PortableClassLibrary.vbproj
[0b00:0004][2017-10-17T09:47:41] Completed: Copying file /Contents/Common7/IDE/ProjectTemplates/VisualBasic/1033/PortableClassLibrary/PortableClassLibrary.vbproj to C:\Program Files (x86)\Microsoft Visual Studio\2017\Community\Common7\IDE\ProjectTemplates\VisualBasic\1033\PortableClassLibrary\PortableClassLibrary.vbproj
[0b00:0004][2017-10-17T09:47:41] Timestamp updated for file 'C:\Program Files (x86)\Microsoft Visual Studio\2017\Community\Common7\IDE\ProjectTemplates\VisualBasic\1033\PortableClassLibrary\PortableClassLibrary.vbproj'.
[0b00:0004][2017-10-17T09:47:41] Processing file /Contents/Common7/IDE/ProjectTemplates/VisualBasic/1033/PortableClassLibrary/vbPortableClassLibrary.vstemplate
[0b00:0004][2017-10-17T09:47:41] Started: Copying file /Contents/Common7/IDE/ProjectTemplates/VisualBasic/1033/PortableClassLibrary/vbPortableClassLibrary.vstemplate to C:\Program Files (x86)\Microsoft Visual Studio\2017\Community\Common7\IDE\ProjectTemplates\VisualBasic\1033\PortableClassLibrary\vbPortableClassLibrary.vstemplate
[0b00:0004][2017-10-17T09:47:41] Completed: Copying file /Contents/Common7/IDE/ProjectTemplates/VisualBasic/1033/PortableClassLibrary/vbPortableClassLibrary.vstemplate to C:\Program Files (x86)\Microsoft Visual Studio\2017\Community\Common7\IDE\ProjectTemplates\VisualBasic\1033\PortableClassLibrary\vbPortableClassLibrary.vstemplate
[0b00:0004][2017-10-17T09:47:41] Timestamp updated for file 'C:\Program Files (x86)\Microsoft Visual Studio\2017\Community\Common7\IDE\ProjectTemplates\VisualBasic\1033\PortableClassLibrary\vbPortableClassLibrary.vstemplate'.
[0b00:0004][2017-10-17T09:47:41] Package executed successfully. Return code: 0
