[0b00:0004][2017-10-17T09:45:48] Opening the package for processing
[0b00:0004][2017-10-17T09:45:48] Using package payload to get the embedded manifest
[0b00:0004][2017-10-17T09:45:48] Getting list of files within the package
[0b00:0004][2017-10-17T09:45:48] Processing file /Contents/Common7/IDE/Assets/VisualStudio.150x150.contrast-black_scale-100.png
[0b00:0004][2017-10-17T09:45:48] Started: Copying file /Contents/Common7/IDE/Assets/VisualStudio.150x150.contrast-black_scale-100.png to C:\Program Files (x86)\Microsoft Visual Studio\2017\Community\Common7\IDE\Assets\VisualStudio.150x150.contrast-black_scale-100.png
[0b00:0004][2017-10-17T09:45:48] Completed: Copying file /Contents/Common7/IDE/Assets/VisualStudio.150x150.contrast-black_scale-100.png to C:\Program Files (x86)\Microsoft Visual Studio\2017\Community\Common7\IDE\Assets\VisualStudio.150x150.contrast-black_scale-100.png
[0b00:0004][2017-10-17T09:45:48] Timestamp updated for file 'C:\Program Files (x86)\Microsoft Visual Studio\2017\Community\Common7\IDE\Assets\VisualStudio.150x150.contrast-black_scale-100.png'.
[0b00:0004][2017-10-17T09:45:48] Processing file /Contents/Common7/IDE/Assets/VisualStudio.150x150.contrast-black_scale-140.png
[0b00:0004][2017-10-17T09:45:48] Started: Copying file /Contents/Common7/IDE/Assets/VisualStudio.150x150.contrast-black_scale-140.png to C:\Program Files (x86)\Microsoft Visual Studio\2017\Community\Common7\IDE\Assets\VisualStudio.150x150.contrast-black_scale-140.png
[0b00:0004][2017-10-17T09:45:48] Completed: Copying file /Contents/Common7/IDE/Assets/VisualStudio.150x150.contrast-black_scale-140.png to C:\Program Files (x86)\Microsoft Visual Studio\2017\Community\Common7\IDE\Assets\VisualStudio.150x150.contrast-black_scale-140.png
[0b00:0004][2017-10-17T09:45:48] Timestamp updated for file 'C:\Program Files (x86)\Microsoft Visual Studio\2017\Community\Common7\IDE\Assets\VisualStudio.150x150.contrast-black_scale-140.png'.
[0b00:0004][2017-10-17T09:45:48] Processing file /Contents/Common7/IDE/Assets/VisualStudio.150x150.contrast-black_scale-180.png
[0b00:0004][2017-10-17T09:45:48] Started: Copying file /Contents/Common7/IDE/Assets/VisualStudio.150x150.contrast-black_scale-180.png to C:\Program Files (x86)\Microsoft Visual Studio\2017\Community\Common7\IDE\Assets\VisualStudio.150x150.contrast-black_scale-180.png
[0b00:0004][2017-10-17T09:45:48] Completed: Copying file /Contents/Common7/IDE/Assets/VisualStudio.150x150.contrast-black_scale-180.png to C:\Program Files (x86)\Microsoft Visual Studio\2017\Community\Common7\IDE\Assets\VisualStudio.150x150.contrast-black_scale-180.png
[0b00:0004][2017-10-17T09:45:48] Timestamp updated for file 'C:\Program Files (x86)\Microsoft Visual Studio\2017\Community\Common7\IDE\Assets\VisualStudio.150x150.contrast-black_scale-180.png'.
[0b00:0004][2017-10-17T09:45:48] Processing file /Contents/Common7/IDE/Assets/VisualStudio.150x150.contrast-black_scale-80.png
[0b00:0004][2017-10-17T09:45:48] Started: Copying file /Contents/Common7/IDE/Assets/VisualStudio.150x150.contrast-black_scale-80.png to C:\Program Files (x86)\Microsoft Visual Studio\2017\Community\Common7\IDE\Assets\VisualStudio.150x150.contrast-black_scale-80.png
[0b00:0004][2017-10-17T09:45:48] Completed: Copying file /Contents/Common7/IDE/Assets/VisualStudio.150x150.contrast-black_scale-80.png to C:\Program Files (x86)\Microsoft Visual Studio\2017\Community\Common7\IDE\Assets\VisualStudio.150x150.contrast-black_scale-80.png
[0b00:0004][2017-10-17T09:45:48] Timestamp updated for file 'C:\Program Files (x86)\Microsoft Visual Studio\2017\Community\Common7\IDE\Assets\VisualStudio.150x150.contrast-black_scale-80.png'.
[0b00:0004][2017-10-17T09:45:48] Processing file /Contents/Common7/IDE/Assets/VisualStudio.150x150.contrast-standard_scale-100.png
[0b00:0004][2017-10-17T09:45:48] Started: Copying file /Contents/Common7/IDE/Assets/VisualStudio.150x150.contrast-standard_scale-100.png to C:\Program Files (x86)\Microsoft Visual Studio\2017\Community\Common7\IDE\Assets\VisualStudio.150x150.contrast-standard_scale-100.png
[0b00:0004][2017-10-17T09:45:48] Completed: Copying file /Contents/Common7/IDE/Assets/VisualStudio.150x150.contrast-standard_scale-100.png to C:\Program Files (x86)\Microsoft Visual Studio\2017\Community\Common7\IDE\Assets\VisualStudio.150x150.contrast-standard_scale-100.png
[0b00:0004][2017-10-17T09:45:48] Timestamp updated for file 'C:\Program Files (x86)\Microsoft Visual Studio\2017\Community\Common7\IDE\Assets\VisualStudio.150x150.contrast-standard_scale-100.png'.
[0b00:0004][2017-10-17T09:45:48] Processing file /Contents/Common7/IDE/Assets/VisualStudio.150x150.contrast-standard_scale-140.png
[0b00:0004][2017-10-17T09:45:48] Started: Copying file /Contents/Common7/IDE/Assets/VisualStudio.150x150.contrast-standard_scale-140.png to C:\Program Files (x86)\Microsoft Visual Studio\2017\Community\Common7\IDE\Assets\VisualStudio.150x150.contrast-standard_scale-140.png
[0b00:0004][2017-10-17T09:45:48] Completed: Copying file /Contents/Common7/IDE/Assets/VisualStudio.150x150.contrast-standard_scale-140.png to C:\Program Files (x86)\Microsoft Visual Studio\2017\Community\Common7\IDE\Assets\VisualStudio.150x150.contrast-standard_scale-140.png
[0b00:0004][2017-10-17T09:45:48] Timestamp updated for file 'C:\Program Files (x86)\Microsoft Visual Studio\2017\Community\Common7\IDE\Assets\VisualStudio.150x150.contrast-standard_scale-140.png'.
[0b00:0004][2017-10-17T09:45:48] Processing file /Contents/Common7/IDE/Assets/VisualStudio.150x150.contrast-standard_scale-180.png
[0b00:0004][2017-10-17T09:45:48] Started: Copying file /Contents/Common7/IDE/Assets/VisualStudio.150x150.contrast-standard_scale-180.png to C:\Program Files (x86)\Microsoft Visual Studio\2017\Community\Common7\IDE\Assets\VisualStudio.150x150.contrast-standard_scale-180.png
[0b00:0004][2017-10-17T09:45:48] Completed: Copying file /Contents/Common7/IDE/Assets/VisualStudio.150x150.contrast-standard_scale-180.png to C:\Program Files (x86)\Microsoft Visual Studio\2017\Community\Common7\IDE\Assets\VisualStudio.150x150.contrast-standard_scale-180.png
[0b00:0004][2017-10-17T09:45:48] Timestamp updated for file 'C:\Program Files (x86)\Microsoft Visual Studio\2017\Community\Common7\IDE\Assets\VisualStudio.150x150.contrast-standard_scale-180.png'.
[0b00:0004][2017-10-17T09:45:48] Processing file /Contents/Common7/IDE/Assets/VisualStudio.150x150.contrast-standard_scale-80.png
[0b00:0004][2017-10-17T09:45:48] Started: Copying file /Contents/Common7/IDE/Assets/VisualStudio.150x150.contrast-standard_scale-80.png to C:\Program Files (x86)\Microsoft Visual Studio\2017\Community\Common7\IDE\Assets\VisualStudio.150x150.contrast-standard_scale-80.png
[0b00:0004][2017-10-17T09:45:48] Completed: Copying file /Contents/Common7/IDE/Assets/VisualStudio.150x150.contrast-standard_scale-80.png to C:\Program Files (x86)\Microsoft Visual Studio\2017\Community\Common7\IDE\Assets\VisualStudio.150x150.contrast-standard_scale-80.png
[0b00:0004][2017-10-17T09:45:48] Timestamp updated for file 'C:\Program Files (x86)\Microsoft Visual Studio\2017\Community\Common7\IDE\Assets\VisualStudio.150x150.contrast-standard_scale-80.png'.
[0b00:0004][2017-10-17T09:45:48] Processing file /Contents/Common7/IDE/Assets/VisualStudio.150x150.contrast-white_scale-100.png
[0b00:0004][2017-10-17T09:45:48] Started: Copying file /Contents/Common7/IDE/Assets/VisualStudio.150x150.contrast-white_scale-100.png to C:\Program Files (x86)\Microsoft Visual Studio\2017\Community\Common7\IDE\Assets\VisualStudio.150x150.contrast-white_scale-100.png
[0b00:0004][2017-10-17T09:45:48] Completed: Copying file /Contents/Common7/IDE/Assets/VisualStudio.150x150.contrast-white_scale-100.png to C:\Program Files (x86)\Microsoft Visual Studio\2017\Community\Common7\IDE\Assets\VisualStudio.150x150.contrast-white_scale-100.png
[0b00:0004][2017-10-17T09:45:48] Timestamp updated for file 'C:\Program Files (x86)\Microsoft Visual Studio\2017\Community\Common7\IDE\Assets\VisualStudio.150x150.contrast-white_scale-100.png'.
[0b00:0004][2017-10-17T09:45:48] Processing file /Contents/Common7/IDE/Assets/VisualStudio.150x150.contrast-white_scale-140.png
[0b00:0004][2017-10-17T09:45:48] Started: Copying file /Contents/Common7/IDE/Assets/VisualStudio.150x150.contrast-white_scale-140.png to C:\Program Files (x86)\Microsoft Visual Studio\2017\Community\Common7\IDE\Assets\VisualStudio.150x150.contrast-white_scale-140.png
[0b00:0004][2017-10-17T09:45:48] Completed: Copying file /Contents/Common7/IDE/Assets/VisualStudio.150x150.contrast-white_scale-140.png to C:\Program Files (x86)\Microsoft Visual Studio\2017\Community\Common7\IDE\Assets\VisualStudio.150x150.contrast-white_scale-140.png
[0b00:0004][2017-10-17T09:45:48] Timestamp updated for file 'C:\Program Files (x86)\Microsoft Visual Studio\2017\Community\Common7\IDE\Assets\VisualStudio.150x150.contrast-white_scale-140.png'.
[0b00:0004][2017-10-17T09:45:48] Processing file /Contents/Common7/IDE/Assets/VisualStudio.150x150.contrast-white_scale-180.png
[0b00:0004][2017-10-17T09:45:48] Started: Copying file /Contents/Common7/IDE/Assets/VisualStudio.150x150.contrast-white_scale-180.png to C:\Program Files (x86)\Microsoft Visual Studio\2017\Community\Common7\IDE\Assets\VisualStudio.150x150.contrast-white_scale-180.png
[0b00:0004][2017-10-17T09:45:48] Completed: Copying file /Contents/Common7/IDE/Assets/VisualStudio.150x150.contrast-white_scale-180.png to C:\Program Files (x86)\Microsoft Visual Studio\2017\Community\Common7\IDE\Assets\VisualStudio.150x150.contrast-white_scale-180.png
[0b00:0004][2017-10-17T09:45:48] Timestamp updated for file 'C:\Program Files (x86)\Microsoft Visual Studio\2017\Community\Common7\IDE\Assets\VisualStudio.150x150.contrast-white_scale-180.png'.
[0b00:0004][2017-10-17T09:45:48] Processing file /Contents/Common7/IDE/Assets/VisualStudio.150x150.contrast-white_scale-80.png
[0b00:0004][2017-10-17T09:45:48] Started: Copying file /Contents/Common7/IDE/Assets/VisualStudio.150x150.contrast-white_scale-80.png to C:\Program Files (x86)\Microsoft Visual Studio\2017\Community\Common7\IDE\Assets\VisualStudio.150x150.contrast-white_scale-80.png
[0b00:0004][2017-10-17T09:45:48] Completed: Copying file /Contents/Common7/IDE/Assets/VisualStudio.150x150.contrast-white_scale-80.png to C:\Program Files (x86)\Microsoft Visual Studio\2017\Community\Common7\IDE\Assets\VisualStudio.150x150.contrast-white_scale-80.png
[0b00:0004][2017-10-17T09:45:48] Timestamp updated for file 'C:\Program Files (x86)\Microsoft Visual Studio\2017\Community\Common7\IDE\Assets\VisualStudio.150x150.contrast-white_scale-80.png'.
[0b00:0004][2017-10-17T09:45:48] Processing file /Contents/Common7/IDE/Assets/VisualStudio.70x70.contrast-black_scale-100.png
[0b00:0004][2017-10-17T09:45:48] Started: Copying file /Contents/Common7/IDE/Assets/VisualStudio.70x70.contrast-black_scale-100.png to C:\Program Files (x86)\Microsoft Visual Studio\2017\Community\Common7\IDE\Assets\VisualStudio.70x70.contrast-black_scale-100.png
[0b00:0004][2017-10-17T09:45:48] Completed: Copying file /Contents/Common7/IDE/Assets/VisualStudio.70x70.contrast-black_scale-100.png to C:\Program Files (x86)\Microsoft Visual Studio\2017\Community\Common7\IDE\Assets\VisualStudio.70x70.contrast-black_scale-100.png
[0b00:0004][2017-10-17T09:45:48] Timestamp updated for file 'C:\Program Files (x86)\Microsoft Visual Studio\2017\Community\Common7\IDE\Assets\VisualStudio.70x70.contrast-black_scale-100.png'.
[0b00:0004][2017-10-17T09:45:48] Processing file /Contents/Common7/IDE/Assets/VisualStudio.70x70.contrast-black_scale-140.png
[0b00:0004][2017-10-17T09:45:48] Started: Copying file /Contents/Common7/IDE/Assets/VisualStudio.70x70.contrast-black_scale-140.png to C:\Program Files (x86)\Microsoft Visual Studio\2017\Community\Common7\IDE\Assets\VisualStudio.70x70.contrast-black_scale-140.png
[0b00:0004][2017-10-17T09:45:48] Completed: Copying file /Contents/Common7/IDE/Assets/VisualStudio.70x70.contrast-black_scale-140.png to C:\Program Files (x86)\Microsoft Visual Studio\2017\Community\Common7\IDE\Assets\VisualStudio.70x70.contrast-black_scale-140.png
[0b00:0004][2017-10-17T09:45:48] Timestamp updated for file 'C:\Program Files (x86)\Microsoft Visual Studio\2017\Community\Common7\IDE\Assets\VisualStudio.70x70.contrast-black_scale-140.png'.
[0b00:0004][2017-10-17T09:45:48] Processing file /Contents/Common7/IDE/Assets/VisualStudio.70x70.contrast-black_scale-180.png
[0b00:0004][2017-10-17T09:45:48] Started: Copying file /Contents/Common7/IDE/Assets/VisualStudio.70x70.contrast-black_scale-180.png to C:\Program Files (x86)\Microsoft Visual Studio\2017\Community\Common7\IDE\Assets\VisualStudio.70x70.contrast-black_scale-180.png
[0b00:0004][2017-10-17T09:45:48] Completed: Copying file /Contents/Common7/IDE/Assets/VisualStudio.70x70.contrast-black_scale-180.png to C:\Program Files (x86)\Microsoft Visual Studio\2017\Community\Common7\IDE\Assets\VisualStudio.70x70.contrast-black_scale-180.png
[0b00:0004][2017-10-17T09:45:48] Timestamp updated for file 'C:\Program Files (x86)\Microsoft Visual Studio\2017\Community\Common7\IDE\Assets\VisualStudio.70x70.contrast-black_scale-180.png'.
[0b00:0004][2017-10-17T09:45:48] Processing file /Contents/Common7/IDE/Assets/VisualStudio.70x70.contrast-black_scale-80.png
[0b00:0004][2017-10-17T09:45:48] Started: Copying file /Contents/Common7/IDE/Assets/VisualStudio.70x70.contrast-black_scale-80.png to C:\Program Files (x86)\Microsoft Visual Studio\2017\Community\Common7\IDE\Assets\VisualStudio.70x70.contrast-black_scale-80.png
[0b00:0004][2017-10-17T09:45:48] Completed: Copying file /Contents/Common7/IDE/Assets/VisualStudio.70x70.contrast-black_scale-80.png to C:\Program Files (x86)\Microsoft Visual Studio\2017\Community\Common7\IDE\Assets\VisualStudio.70x70.contrast-black_scale-80.png
[0b00:0004][2017-10-17T09:45:48] Timestamp updated for file 'C:\Program Files (x86)\Microsoft Visual Studio\2017\Community\Common7\IDE\Assets\VisualStudio.70x70.contrast-black_scale-80.png'.
[0b00:0004][2017-10-17T09:45:48] Processing file /Contents/Common7/IDE/Assets/VisualStudio.70x70.contrast-standard_scale-100.png
[0b00:0004][2017-10-17T09:45:48] Started: Copying file /Contents/Common7/IDE/Assets/VisualStudio.70x70.contrast-standard_scale-100.png to C:\Program Files (x86)\Microsoft Visual Studio\2017\Community\Common7\IDE\Assets\VisualStudio.70x70.contrast-standard_scale-100.png
[0b00:0004][2017-10-17T09:45:48] Completed: Copying file /Contents/Common7/IDE/Assets/VisualStudio.70x70.contrast-standard_scale-100.png to C:\Program Files (x86)\Microsoft Visual Studio\2017\Community\Common7\IDE\Assets\VisualStudio.70x70.contrast-standard_scale-100.png
[0b00:0004][2017-10-17T09:45:48] Timestamp updated for file 'C:\Program Files (x86)\Microsoft Visual Studio\2017\Community\Common7\IDE\Assets\VisualStudio.70x70.contrast-standard_scale-100.png'.
[0b00:0004][2017-10-17T09:45:48] Processing file /Contents/Common7/IDE/Assets/VisualStudio.70x70.contrast-standard_scale-140.png
[0b00:0004][2017-10-17T09:45:48] Started: Copying file /Contents/Common7/IDE/Assets/VisualStudio.70x70.contrast-standard_scale-140.png to C:\Program Files (x86)\Microsoft Visual Studio\2017\Community\Common7\IDE\Assets\VisualStudio.70x70.contrast-standard_scale-140.png
[0b00:0004][2017-10-17T09:45:48] Completed: Copying file /Contents/Common7/IDE/Assets/VisualStudio.70x70.contrast-standard_scale-140.png to C:\Program Files (x86)\Microsoft Visual Studio\2017\Community\Common7\IDE\Assets\VisualStudio.70x70.contrast-standard_scale-140.png
[0b00:0004][2017-10-17T09:45:48] Timestamp updated for file 'C:\Program Files (x86)\Microsoft Visual Studio\2017\Community\Common7\IDE\Assets\VisualStudio.70x70.contrast-standard_scale-140.png'.
[0b00:0004][2017-10-17T09:45:48] Processing file /Contents/Common7/IDE/Assets/VisualStudio.70x70.contrast-standard_scale-180.png
[0b00:0004][2017-10-17T09:45:48] Started: Copying file /Contents/Common7/IDE/Assets/VisualStudio.70x70.contrast-standard_scale-180.png to C:\Program Files (x86)\Microsoft Visual Studio\2017\Community\Common7\IDE\Assets\VisualStudio.70x70.contrast-standard_scale-180.png
[0b00:0004][2017-10-17T09:45:48] Completed: Copying file /Contents/Common7/IDE/Assets/VisualStudio.70x70.contrast-standard_scale-180.png to C:\Program Files (x86)\Microsoft Visual Studio\2017\Community\Common7\IDE\Assets\VisualStudio.70x70.contrast-standard_scale-180.png
[0b00:0004][2017-10-17T09:45:48] Timestamp updated for file 'C:\Program Files (x86)\Microsoft Visual Studio\2017\Community\Common7\IDE\Assets\VisualStudio.70x70.contrast-standard_scale-180.png'.
[0b00:0004][2017-10-17T09:45:48] Processing file /Contents/Common7/IDE/Assets/VisualStudio.70x70.contrast-standard_scale-80.png
[0b00:0004][2017-10-17T09:45:48] Started: Copying file /Contents/Common7/IDE/Assets/VisualStudio.70x70.contrast-standard_scale-80.png to C:\Program Files (x86)\Microsoft Visual Studio\2017\Community\Common7\IDE\Assets\VisualStudio.70x70.contrast-standard_scale-80.png
[0b00:0004][2017-10-17T09:45:48] Completed: Copying file /Contents/Common7/IDE/Assets/VisualStudio.70x70.contrast-standard_scale-80.png to C:\Program Files (x86)\Microsoft Visual Studio\2017\Community\Common7\IDE\Assets\VisualStudio.70x70.contrast-standard_scale-80.png
[0b00:0004][2017-10-17T09:45:48] Timestamp updated for file 'C:\Program Files (x86)\Microsoft Visual Studio\2017\Community\Common7\IDE\Assets\VisualStudio.70x70.contrast-standard_scale-80.png'.
[0b00:0004][2017-10-17T09:45:48] Processing file /Contents/Common7/IDE/Assets/VisualStudio.70x70.contrast-white_scale-100.png
[0b00:0004][2017-10-17T09:45:48] Started: Copying file /Contents/Common7/IDE/Assets/VisualStudio.70x70.contrast-white_scale-100.png to C:\Program Files (x86)\Microsoft Visual Studio\2017\Community\Common7\IDE\Assets\VisualStudio.70x70.contrast-white_scale-100.png
[0b00:0004][2017-10-17T09:45:48] Completed: Copying file /Contents/Common7/IDE/Assets/VisualStudio.70x70.contrast-white_scale-100.png to C:\Program Files (x86)\Microsoft Visual Studio\2017\Community\Common7\IDE\Assets\VisualStudio.70x70.contrast-white_scale-100.png
[0b00:0004][2017-10-17T09:45:48] Timestamp updated for file 'C:\Program Files (x86)\Microsoft Visual Studio\2017\Community\Common7\IDE\Assets\VisualStudio.70x70.contrast-white_scale-100.png'.
[0b00:0004][2017-10-17T09:45:48] Processing file /Contents/Common7/IDE/Assets/VisualStudio.70x70.contrast-white_scale-140.png
[0b00:0004][2017-10-17T09:45:48] Started: Copying file /Contents/Common7/IDE/Assets/VisualStudio.70x70.contrast-white_scale-140.png to C:\Program Files (x86)\Microsoft Visual Studio\2017\Community\Common7\IDE\Assets\VisualStudio.70x70.contrast-white_scale-140.png
[0b00:0004][2017-10-17T09:45:48] Completed: Copying file /Contents/Common7/IDE/Assets/VisualStudio.70x70.contrast-white_scale-140.png to C:\Program Files (x86)\Microsoft Visual Studio\2017\Community\Common7\IDE\Assets\VisualStudio.70x70.contrast-white_scale-140.png
[0b00:0004][2017-10-17T09:45:48] Timestamp updated for file 'C:\Program Files (x86)\Microsoft Visual Studio\2017\Community\Common7\IDE\Assets\VisualStudio.70x70.contrast-white_scale-140.png'.
[0b00:0004][2017-10-17T09:45:48] Processing file /Contents/Common7/IDE/Assets/VisualStudio.70x70.contrast-white_scale-180.png
[0b00:0004][2017-10-17T09:45:48] Started: Copying file /Contents/Common7/IDE/Assets/VisualStudio.70x70.contrast-white_scale-180.png to C:\Program Files (x86)\Microsoft Visual Studio\2017\Community\Common7\IDE\Assets\VisualStudio.70x70.contrast-white_scale-180.png
[0b00:0004][2017-10-17T09:45:48] Completed: Copying file /Contents/Common7/IDE/Assets/VisualStudio.70x70.contrast-white_scale-180.png to C:\Program Files (x86)\Microsoft Visual Studio\2017\Community\Common7\IDE\Assets\VisualStudio.70x70.contrast-white_scale-180.png
[0b00:0004][2017-10-17T09:45:48] Timestamp updated for file 'C:\Program Files (x86)\Microsoft Visual Studio\2017\Community\Common7\IDE\Assets\VisualStudio.70x70.contrast-white_scale-180.png'.
[0b00:0004][2017-10-17T09:45:48] Processing file /Contents/Common7/IDE/Assets/VisualStudio.70x70.contrast-white_scale-80.png
[0b00:0004][2017-10-17T09:45:48] Started: Copying file /Contents/Common7/IDE/Assets/VisualStudio.70x70.contrast-white_scale-80.png to C:\Program Files (x86)\Microsoft Visual Studio\2017\Community\Common7\IDE\Assets\VisualStudio.70x70.contrast-white_scale-80.png
[0b00:0004][2017-10-17T09:45:48] Completed: Copying file /Contents/Common7/IDE/Assets/VisualStudio.70x70.contrast-white_scale-80.png to C:\Program Files (x86)\Microsoft Visual Studio\2017\Community\Common7\IDE\Assets\VisualStudio.70x70.contrast-white_scale-80.png
[0b00:0004][2017-10-17T09:45:48] Timestamp updated for file 'C:\Program Files (x86)\Microsoft Visual Studio\2017\Community\Common7\IDE\Assets\VisualStudio.70x70.contrast-white_scale-80.png'.
[0b00:0004][2017-10-17T09:45:48] Processing file /Contents/Common7/IDE/devenv.com
[0b00:0004][2017-10-17T09:45:48] Started: Copying file /Contents/Common7/IDE/devenv.com to C:\Program Files (x86)\Microsoft Visual Studio\2017\Community\Common7\IDE\devenv.com
[0b00:0004][2017-10-17T09:45:48] Completed: Copying file /Contents/Common7/IDE/devenv.com to C:\Program Files (x86)\Microsoft Visual Studio\2017\Community\Common7\IDE\devenv.com
[0b00:0004][2017-10-17T09:45:48] Timestamp updated for file 'C:\Program Files (x86)\Microsoft Visual Studio\2017\Community\Common7\IDE\devenv.com'.
[0b00:0004][2017-10-17T09:45:48] Processing file /Contents/Common7/IDE/devenv.exe
[0b00:0004][2017-10-17T09:45:48] Started: Copying file /Contents/Common7/IDE/devenv.exe to C:\Program Files (x86)\Microsoft Visual Studio\2017\Community\Common7\IDE\devenv.exe
[0b00:0004][2017-10-17T09:45:48] Completed: Copying file /Contents/Common7/IDE/devenv.exe to C:\Program Files (x86)\Microsoft Visual Studio\2017\Community\Common7\IDE\devenv.exe
[0b00:0004][2017-10-17T09:45:48] Timestamp updated for file 'C:\Program Files (x86)\Microsoft Visual Studio\2017\Community\Common7\IDE\devenv.exe'.
[0b00:0004][2017-10-17T09:45:48] Processing file /Contents/Common7/IDE/devenv.exe.config
[0b00:0004][2017-10-17T09:45:48] Started: Copying file /Contents/Common7/IDE/devenv.exe.config to C:\Program Files (x86)\Microsoft Visual Studio\2017\Community\Common7\IDE\devenv.exe.config
[0b00:0004][2017-10-17T09:45:48] Completed: Copying file /Contents/Common7/IDE/devenv.exe.config to C:\Program Files (x86)\Microsoft Visual Studio\2017\Community\Common7\IDE\devenv.exe.config
[0b00:0004][2017-10-17T09:45:48] Timestamp updated for file 'C:\Program Files (x86)\Microsoft Visual Studio\2017\Community\Common7\IDE\devenv.exe.config'.
[0b00:0004][2017-10-17T09:45:48] Processing file /Contents/Common7/IDE/devenv.prf
[0b00:0004][2017-10-17T09:45:48] Started: Copying file /Contents/Common7/IDE/devenv.prf to C:\Program Files (x86)\Microsoft Visual Studio\2017\Community\Common7\IDE\devenv.prf
[0b00:0004][2017-10-17T09:45:48] Completed: Copying file /Contents/Common7/IDE/devenv.prf to C:\Program Files (x86)\Microsoft Visual Studio\2017\Community\Common7\IDE\devenv.prf
[0b00:0004][2017-10-17T09:45:48] Timestamp updated for file 'C:\Program Files (x86)\Microsoft Visual Studio\2017\Community\Common7\IDE\devenv.prf'.
[0b00:0004][2017-10-17T09:45:48] Processing file /Contents/Common7/IDE/devenv.visualelementsmanifest.xml
[0b00:0004][2017-10-17T09:45:48] Started: Copying file /Contents/Common7/IDE/devenv.visualelementsmanifest.xml to C:\Program Files (x86)\Microsoft Visual Studio\2017\Community\Common7\IDE\devenv.visualelementsmanifest.xml
[0b00:0004][2017-10-17T09:45:48] Completed: Copying file /Contents/Common7/IDE/devenv.visualelementsmanifest.xml to C:\Program Files (x86)\Microsoft Visual Studio\2017\Community\Common7\IDE\devenv.visualelementsmanifest.xml
[0b00:0004][2017-10-17T09:45:48] Timestamp updated for file 'C:\Program Files (x86)\Microsoft Visual Studio\2017\Community\Common7\IDE\devenv.visualelementsmanifest.xml'.
[0b00:0004][2017-10-17T09:45:48] Processing file /Contents/Common7/IDE/devenv.winprf
[0b00:0004][2017-10-17T09:45:48] Started: Copying file /Contents/Common7/IDE/devenv.winprf to C:\Program Files (x86)\Microsoft Visual Studio\2017\Community\Common7\IDE\devenv.winprf
[0b00:0004][2017-10-17T09:45:48] Completed: Copying file /Contents/Common7/IDE/devenv.winprf to C:\Program Files (x86)\Microsoft Visual Studio\2017\Community\Common7\IDE\devenv.winprf
[0b00:0004][2017-10-17T09:45:48] Timestamp updated for file 'C:\Program Files (x86)\Microsoft Visual Studio\2017\Community\Common7\IDE\devenv.winprf'.
[0b00:0004][2017-10-17T09:45:48] Processing file /Contents/Common7/IDE/devenvdesc.dll
[0b00:0004][2017-10-17T09:45:48] Started: Copying file /Contents/Common7/IDE/devenvdesc.dll to C:\Program Files (x86)\Microsoft Visual Studio\2017\Community\Common7\IDE\devenvdesc.dll
[0b00:0004][2017-10-17T09:45:48] Completed: Copying file /Contents/Common7/IDE/devenvdesc.dll to C:\Program Files (x86)\Microsoft Visual Studio\2017\Community\Common7\IDE\devenvdesc.dll
[0b00:0004][2017-10-17T09:45:48] Timestamp updated for file 'C:\Program Files (x86)\Microsoft Visual Studio\2017\Community\Common7\IDE\devenvdesc.dll'.
[0b00:0004][2017-10-17T09:45:48] Processing file /Contents/Common7/IDE/Extensions/Application/Core_IDE_VS7_Registration_1693.3643236F_FC70_11D3_A536_0090278A1BB8.pkgdef
[0b00:0004][2017-10-17T09:45:48] Started: Copying file /Contents/Common7/IDE/Extensions/Application/Core_IDE_VS7_Registration_1693.3643236F_FC70_11D3_A536_0090278A1BB8.pkgdef to C:\Program Files (x86)\Microsoft Visual Studio\2017\Community\Common7\IDE\Extensions\Application\Core_IDE_VS7_Registration_1693.3643236F_FC70_11D3_A536_0090278A1BB8.pkgdef
[0b00:0004][2017-10-17T09:45:48] Completed: Copying file /Contents/Common7/IDE/Extensions/Application/Core_IDE_VS7_Registration_1693.3643236F_FC70_11D3_A536_0090278A1BB8.pkgdef to C:\Program Files (x86)\Microsoft Visual Studio\2017\Community\Common7\IDE\Extensions\Application\Core_IDE_VS7_Registration_1693.3643236F_FC70_11D3_A536_0090278A1BB8.pkgdef
[0b00:0004][2017-10-17T09:45:48] Timestamp updated for file 'C:\Program Files (x86)\Microsoft Visual Studio\2017\Community\Common7\IDE\Extensions\Application\Core_IDE_VS7_Registration_1693.3643236F_FC70_11D3_A536_0090278A1BB8.pkgdef'.
[0b00:0004][2017-10-17T09:45:48] Processing file /Contents/Common7/IDE/Extensions/Application/DEVENV_Exe_4776_____x86.3643236F_FC70_11D3_A536_0090278A1BB8.pkgdef
[0b00:0004][2017-10-17T09:45:48] Started: Copying file /Contents/Common7/IDE/Extensions/Application/DEVENV_Exe_4776_____x86.3643236F_FC70_11D3_A536_0090278A1BB8.pkgdef to C:\Program Files (x86)\Microsoft Visual Studio\2017\Community\Common7\IDE\Extensions\Application\DEVENV_Exe_4776_____x86.3643236F_FC70_11D3_A536_0090278A1BB8.pkgdef
[0b00:0004][2017-10-17T09:45:48] Completed: Copying file /Contents/Common7/IDE/Extensions/Application/DEVENV_Exe_4776_____x86.3643236F_FC70_11D3_A536_0090278A1BB8.pkgdef to C:\Program Files (x86)\Microsoft Visual Studio\2017\Community\Common7\IDE\Extensions\Application\DEVENV_Exe_4776_____x86.3643236F_FC70_11D3_A536_0090278A1BB8.pkgdef
[0b00:0004][2017-10-17T09:45:48] Timestamp updated for file 'C:\Program Files (x86)\Microsoft Visual Studio\2017\Community\Common7\IDE\Extensions\Application\DEVENV_Exe_4776_____x86.3643236F_FC70_11D3_A536_0090278A1BB8.pkgdef'.
[0b00:0004][2017-10-17T09:45:48] Processing file /Contents/Common7/IDE/Extensions/Application/IDE_LicenceKey_10283.3643236F_FC70_11D3_A536_0090278A1BB8.pkgdef
[0b00:0004][2017-10-17T09:45:48] Started: Copying file /Contents/Common7/IDE/Extensions/Application/IDE_LicenceKey_10283.3643236F_FC70_11D3_A536_0090278A1BB8.pkgdef to C:\Program Files (x86)\Microsoft Visual Studio\2017\Community\Common7\IDE\Extensions\Application\IDE_LicenceKey_10283.3643236F_FC70_11D3_A536_0090278A1BB8.pkgdef
[0b00:0004][2017-10-17T09:45:48] Completed: Copying file /Contents/Common7/IDE/Extensions/Application/IDE_LicenceKey_10283.3643236F_FC70_11D3_A536_0090278A1BB8.pkgdef to C:\Program Files (x86)\Microsoft Visual Studio\2017\Community\Common7\IDE\Extensions\Application\IDE_LicenceKey_10283.3643236F_FC70_11D3_A536_0090278A1BB8.pkgdef
[0b00:0004][2017-10-17T09:45:48] Timestamp updated for file 'C:\Program Files (x86)\Microsoft Visual Studio\2017\Community\Common7\IDE\Extensions\Application\IDE_LicenceKey_10283.3643236F_FC70_11D3_A536_0090278A1BB8.pkgdef'.
[0b00:0004][2017-10-17T09:45:48] Processing file /Contents/Common7/IDE/Extensions/Application/Msenv.Devenv.Pkgdef
[0b00:0004][2017-10-17T09:45:48] Started: Copying file /Contents/Common7/IDE/Extensions/Application/Msenv.Devenv.Pkgdef to C:\Program Files (x86)\Microsoft Visual Studio\2017\Community\Common7\IDE\Extensions\Application\Msenv.Devenv.Pkgdef
[0b00:0004][2017-10-17T09:45:48] Completed: Copying file /Contents/Common7/IDE/Extensions/Application/Msenv.Devenv.Pkgdef to C:\Program Files (x86)\Microsoft Visual Studio\2017\Community\Common7\IDE\Extensions\Application\Msenv.Devenv.Pkgdef
[0b00:0004][2017-10-17T09:45:48] Timestamp updated for file 'C:\Program Files (x86)\Microsoft Visual Studio\2017\Community\Common7\IDE\Extensions\Application\Msenv.Devenv.Pkgdef'.
[0b00:0004][2017-10-17T09:45:48] Processing file /Contents/Common7/IDE/Extensions/Application/MSM_Registry_Entries_1241.3643236F_FC70_11D3_A536_0090278A1BB8.pkgdef
[0b00:0004][2017-10-17T09:45:48] Started: Copying file /Contents/Common7/IDE/Extensions/Application/MSM_Registry_Entries_1241.3643236F_FC70_11D3_A536_0090278A1BB8.pkgdef to C:\Program Files (x86)\Microsoft Visual Studio\2017\Community\Common7\IDE\Extensions\Application\MSM_Registry_Entries_1241.3643236F_FC70_11D3_A536_0090278A1BB8.pkgdef
[0b00:0004][2017-10-17T09:45:48] Completed: Copying file /Contents/Common7/IDE/Extensions/Application/MSM_Registry_Entries_1241.3643236F_FC70_11D3_A536_0090278A1BB8.pkgdef to C:\Program Files (x86)\Microsoft Visual Studio\2017\Community\Common7\IDE\Extensions\Application\MSM_Registry_Entries_1241.3643236F_FC70_11D3_A536_0090278A1BB8.pkgdef
[0b00:0004][2017-10-17T09:45:48] Timestamp updated for file 'C:\Program Files (x86)\Microsoft Visual Studio\2017\Community\Common7\IDE\Extensions\Application\MSM_Registry_Entries_1241.3643236F_FC70_11D3_A536_0090278A1BB8.pkgdef'.
[0b00:0004][2017-10-17T09:45:48] Processing file /Contents/Common7/IDE/Extensions/Application/setup_buildnumber_regkey_26434.3643236F_FC70_11D3_A536_0090278A1BB8.pkgdef
[0b00:0004][2017-10-17T09:45:48] Started: Copying file /Contents/Common7/IDE/Extensions/Application/setup_buildnumber_regkey_26434.3643236F_FC70_11D3_A536_0090278A1BB8.pkgdef to C:\Program Files (x86)\Microsoft Visual Studio\2017\Community\Common7\IDE\Extensions\Application\setup_buildnumber_regkey_26434.3643236F_FC70_11D3_A536_0090278A1BB8.pkgdef
[0b00:0004][2017-10-17T09:45:48] Completed: Copying file /Contents/Common7/IDE/Extensions/Application/setup_buildnumber_regkey_26434.3643236F_FC70_11D3_A536_0090278A1BB8.pkgdef to C:\Program Files (x86)\Microsoft Visual Studio\2017\Community\Common7\IDE\Extensions\Application\setup_buildnumber_regkey_26434.3643236F_FC70_11D3_A536_0090278A1BB8.pkgdef
[0b00:0004][2017-10-17T09:45:48] Timestamp updated for file 'C:\Program Files (x86)\Microsoft Visual Studio\2017\Community\Common7\IDE\Extensions\Application\setup_buildnumber_regkey_26434.3643236F_FC70_11D3_A536_0090278A1BB8.pkgdef'.
[0b00:0004][2017-10-17T09:45:48] Processing file /Contents/Common7/IDE/Extensions/Application/Std_SKU_License_Key_7245.3643236F_FC70_11D3_A536_0090278A1BB8.pkgdef
[0b00:0004][2017-10-17T09:45:48] Started: Copying file /Contents/Common7/IDE/Extensions/Application/Std_SKU_License_Key_7245.3643236F_FC70_11D3_A536_0090278A1BB8.pkgdef to C:\Program Files (x86)\Microsoft Visual Studio\2017\Community\Common7\IDE\Extensions\Application\Std_SKU_License_Key_7245.3643236F_FC70_11D3_A536_0090278A1BB8.pkgdef
[0b00:0004][2017-10-17T09:45:48] Completed: Copying file /Contents/Common7/IDE/Extensions/Application/Std_SKU_License_Key_7245.3643236F_FC70_11D3_A536_0090278A1BB8.pkgdef to C:\Program Files (x86)\Microsoft Visual Studio\2017\Community\Common7\IDE\Extensions\Application\Std_SKU_License_Key_7245.3643236F_FC70_11D3_A536_0090278A1BB8.pkgdef
[0b00:0004][2017-10-17T09:45:48] Timestamp updated for file 'C:\Program Files (x86)\Microsoft Visual Studio\2017\Community\Common7\IDE\Extensions\Application\Std_SKU_License_Key_7245.3643236F_FC70_11D3_A536_0090278A1BB8.pkgdef'.
[0b00:0004][2017-10-17T09:45:48] Processing file /Contents/Common7/IDE/Extensions/Application/VS_Advt_Reg_Entries_5950.3643236F_FC70_11D3_A536_0090278A1BB8.pkgdef
[0b00:0004][2017-10-17T09:45:48] Started: Copying file /Contents/Common7/IDE/Extensions/Application/VS_Advt_Reg_Entries_5950.3643236F_FC70_11D3_A536_0090278A1BB8.pkgdef to C:\Program Files (x86)\Microsoft Visual Studio\2017\Community\Common7\IDE\Extensions\Application\VS_Advt_Reg_Entries_5950.3643236F_FC70_11D3_A536_0090278A1BB8.pkgdef
[0b00:0004][2017-10-17T09:45:48] Completed: Copying file /Contents/Common7/IDE/Extensions/Application/VS_Advt_Reg_Entries_5950.3643236F_FC70_11D3_A536_0090278A1BB8.pkgdef to C:\Program Files (x86)\Microsoft Visual Studio\2017\Community\Common7\IDE\Extensions\Application\VS_Advt_Reg_Entries_5950.3643236F_FC70_11D3_A536_0090278A1BB8.pkgdef
[0b00:0004][2017-10-17T09:45:48] Timestamp updated for file 'C:\Program Files (x86)\Microsoft Visual Studio\2017\Community\Common7\IDE\Extensions\Application\VS_Advt_Reg_Entries_5950.3643236F_FC70_11D3_A536_0090278A1BB8.pkgdef'.
[0b00:0004][2017-10-17T09:45:48] Processing file /Contents/Common7/IDE/Extensions/Application/VS_Common_Dir_Reg_Entries_1871.3643236F_FC70_11D3_A536_0090278A1BB8.pkgdef
[0b00:0004][2017-10-17T09:45:48] Started: Copying file /Contents/Common7/IDE/Extensions/Application/VS_Common_Dir_Reg_Entries_1871.3643236F_FC70_11D3_A536_0090278A1BB8.pkgdef to C:\Program Files (x86)\Microsoft Visual Studio\2017\Community\Common7\IDE\Extensions\Application\VS_Common_Dir_Reg_Entries_1871.3643236F_FC70_11D3_A536_0090278A1BB8.pkgdef
[0b00:0004][2017-10-17T09:45:48] Completed: Copying file /Contents/Common7/IDE/Extensions/Application/VS_Common_Dir_Reg_Entries_1871.3643236F_FC70_11D3_A536_0090278A1BB8.pkgdef to C:\Program Files (x86)\Microsoft Visual Studio\2017\Community\Common7\IDE\Extensions\Application\VS_Common_Dir_Reg_Entries_1871.3643236F_FC70_11D3_A536_0090278A1BB8.pkgdef
[0b00:0004][2017-10-17T09:45:48] Timestamp updated for file 'C:\Program Files (x86)\Microsoft Visual Studio\2017\Community\Common7\IDE\Extensions\Application\VS_Common_Dir_Reg_Entries_1871.3643236F_FC70_11D3_A536_0090278A1BB8.pkgdef'.
[0b00:0004][2017-10-17T09:45:48] Processing file /Contents/Common7/IDE/Extensions/Application/VS_pidusername_30922.3643236F_FC70_11D3_A536_0090278A1BB8.pkgdef
[0b00:0004][2017-10-17T09:45:48] Started: Copying file /Contents/Common7/IDE/Extensions/Application/VS_pidusername_30922.3643236F_FC70_11D3_A536_0090278A1BB8.pkgdef to C:\Program Files (x86)\Microsoft Visual Studio\2017\Community\Common7\IDE\Extensions\Application\VS_pidusername_30922.3643236F_FC70_11D3_A536_0090278A1BB8.pkgdef
[0b00:0004][2017-10-17T09:45:48] Completed: Copying file /Contents/Common7/IDE/Extensions/Application/VS_pidusername_30922.3643236F_FC70_11D3_A536_0090278A1BB8.pkgdef to C:\Program Files (x86)\Microsoft Visual Studio\2017\Community\Common7\IDE\Extensions\Application\VS_pidusername_30922.3643236F_FC70_11D3_A536_0090278A1BB8.pkgdef
[0b00:0004][2017-10-17T09:45:48] Timestamp updated for file 'C:\Program Files (x86)\Microsoft Visual Studio\2017\Community\Common7\IDE\Extensions\Application\VS_pidusername_30922.3643236F_FC70_11D3_A536_0090278A1BB8.pkgdef'.
[0b00:0004][2017-10-17T09:45:48] Processing file /Contents/Common7/IDE/Extensions/Application/VS_Root_Folder_Reg_Entries_1872.3643236F_FC70_11D3_A536_0090278A1BB8.pkgdef
[0b00:0004][2017-10-17T09:45:48] Started: Copying file /Contents/Common7/IDE/Extensions/Application/VS_Root_Folder_Reg_Entries_1872.3643236F_FC70_11D3_A536_0090278A1BB8.pkgdef to C:\Program Files (x86)\Microsoft Visual Studio\2017\Community\Common7\IDE\Extensions\Application\VS_Root_Folder_Reg_Entries_1872.3643236F_FC70_11D3_A536_0090278A1BB8.pkgdef
[0b00:0004][2017-10-17T09:45:48] Completed: Copying file /Contents/Common7/IDE/Extensions/Application/VS_Root_Folder_Reg_Entries_1872.3643236F_FC70_11D3_A536_0090278A1BB8.pkgdef to C:\Program Files (x86)\Microsoft Visual Studio\2017\Community\Common7\IDE\Extensions\Application\VS_Root_Folder_Reg_Entries_1872.3643236F_FC70_11D3_A536_0090278A1BB8.pkgdef
[0b00:0004][2017-10-17T09:45:48] Timestamp updated for file 'C:\Program Files (x86)\Microsoft Visual Studio\2017\Community\Common7\IDE\Extensions\Application\VS_Root_Folder_Reg_Entries_1872.3643236F_FC70_11D3_A536_0090278A1BB8.pkgdef'.
[0b00:0004][2017-10-17T09:45:48] Processing file /Contents/Common7/IDE/Extensions/Application/VS_Shell_InstalledKey_enu.pkgdef
[0b00:0004][2017-10-17T09:45:48] Started: Copying file /Contents/Common7/IDE/Extensions/Application/VS_Shell_InstalledKey_enu.pkgdef to C:\Program Files (x86)\Microsoft Visual Studio\2017\Community\Common7\IDE\Extensions\Application\VS_Shell_InstalledKey_enu.pkgdef
[0b00:0004][2017-10-17T09:45:48] Completed: Copying file /Contents/Common7/IDE/Extensions/Application/VS_Shell_InstalledKey_enu.pkgdef to C:\Program Files (x86)\Microsoft Visual Studio\2017\Community\Common7\IDE\Extensions\Application\VS_Shell_InstalledKey_enu.pkgdef
[0b00:0004][2017-10-17T09:45:48] Timestamp updated for file 'C:\Program Files (x86)\Microsoft Visual Studio\2017\Community\Common7\IDE\Extensions\Application\VS_Shell_InstalledKey_enu.pkgdef'.
[0b00:0004][2017-10-17T09:45:48] Processing file /Contents/Common7/IDE/msenvmnu.dll
[0b00:0004][2017-10-17T09:45:48] Started: Copying file /Contents/Common7/IDE/msenvmnu.dll to C:\Program Files (x86)\Microsoft Visual Studio\2017\Community\Common7\IDE\msenvmnu.dll
[0b00:0004][2017-10-17T09:45:48] Completed: Copying file /Contents/Common7/IDE/msenvmnu.dll to C:\Program Files (x86)\Microsoft Visual Studio\2017\Community\Common7\IDE\msenvmnu.dll
[0b00:0004][2017-10-17T09:45:48] Timestamp updated for file 'C:\Program Files (x86)\Microsoft Visual Studio\2017\Community\Common7\IDE\msenvmnu.dll'.
[0b00:0004][2017-10-17T09:45:48] Processing file /Contents/Common7/IDE/Resources.pri
[0b00:0004][2017-10-17T09:45:48] Started: Copying file /Contents/Common7/IDE/Resources.pri to C:\Program Files (x86)\Microsoft Visual Studio\2017\Community\Common7\IDE\Resources.pri
[0b00:0004][2017-10-17T09:45:48] Completed: Copying file /Contents/Common7/IDE/Resources.pri to C:\Program Files (x86)\Microsoft Visual Studio\2017\Community\Common7\IDE\Resources.pri
[0b00:0004][2017-10-17T09:45:48] Timestamp updated for file 'C:\Program Files (x86)\Microsoft Visual Studio\2017\Community\Common7\IDE\Resources.pri'.
[0b00:0004][2017-10-17T09:45:48] Processing file /Contents/Common7/IDE/Resources.scale-140.pri
[0b00:0004][2017-10-17T09:45:48] Started: Copying file /Contents/Common7/IDE/Resources.scale-140.pri to C:\Program Files (x86)\Microsoft Visual Studio\2017\Community\Common7\IDE\Resources.scale-140.pri
[0b00:0004][2017-10-17T09:45:48] Completed: Copying file /Contents/Common7/IDE/Resources.scale-140.pri to C:\Program Files (x86)\Microsoft Visual Studio\2017\Community\Common7\IDE\Resources.scale-140.pri
[0b00:0004][2017-10-17T09:45:48] Timestamp updated for file 'C:\Program Files (x86)\Microsoft Visual Studio\2017\Community\Common7\IDE\Resources.scale-140.pri'.
[0b00:0004][2017-10-17T09:45:48] Processing file /Contents/Common7/IDE/Resources.scale-180.pri
[0b00:0004][2017-10-17T09:45:48] Started: Copying file /Contents/Common7/IDE/Resources.scale-180.pri to C:\Program Files (x86)\Microsoft Visual Studio\2017\Community\Common7\IDE\Resources.scale-180.pri
[0b00:0004][2017-10-17T09:45:48] Completed: Copying file /Contents/Common7/IDE/Resources.scale-180.pri to C:\Program Files (x86)\Microsoft Visual Studio\2017\Community\Common7\IDE\Resources.scale-180.pri
[0b00:0004][2017-10-17T09:45:48] Timestamp updated for file 'C:\Program Files (x86)\Microsoft Visual Studio\2017\Community\Common7\IDE\Resources.scale-180.pri'.
[0b00:0004][2017-10-17T09:45:48] Package executed successfully. Return code: 0
