[0984:03D0][2017-10-17T09:48:33]i001: Burn v3.10.2.2516, Windows v10.0 (Build 14393: Service Pack 0), path: C:\Users\ContainerAdministrator\AppData\Local\Temp\{AFDE695E-D91A-4F12-95E5-644B777088E3}\.cr\dotnet-dev-win-x64.1.1.0.exe
[0984:03D0][2017-10-17T09:48:33]i000: Initializing string variable 'DOTNETHOME' to value '[ProgramFiles6432Folder]dotnet'
[0984:03D0][2017-10-17T09:48:33]i000: Initializing string variable 'BUNDLEMONIKER' to value '.NET Core SDK 1.1.0'
[0984:03D0][2017-10-17T09:48:33]i009: Command Line: '-burn.clean.room=C:\ProgramData\Microsoft\VisualStudio\Packages\Microsoft.Net.Core.SDK.1x,version=15.0.26906.1,chip=x64\dotnet-dev-win-x64.1.1.0.exe "C:\Program Files (x86)\Microsoft Visual Studio\2017\Community" /log C:\Users\ContainerAdministrator\AppData\Local\Temp\dd_setup_20171017094538_270_Microsoft.Net.Core.SDK.1x.log /quiet /norestart'
[0984:03D0][2017-10-17T09:48:33]i000: Setting string variable 'WixBundleOriginalSource' to value 'C:\ProgramData\Microsoft\VisualStudio\Packages\Microsoft.Net.Core.SDK.1x,version=15.0.26906.1,chip=x64\dotnet-dev-win-x64.1.1.0.exe'
[0984:03D0][2017-10-17T09:48:33]i000: Setting string variable 'WixBundleOriginalSourceFolder' to value 'C:\ProgramData\Microsoft\VisualStudio\Packages\Microsoft.Net.Core.SDK.1x,version=15.0.26906.1,chip=x64\'
[0984:03D0][2017-10-17T09:48:33]i000: Setting string variable 'WixBundleLog' to value 'C:\Users\ContainerAdministrator\AppData\Local\Temp\dd_setup_20171017094538_270_Microsoft.Net.Core.SDK.1x.log'
[0984:03D0][2017-10-17T09:48:33]i000: Setting string variable 'WixBundleName' to value '.NET Core SDK 1.1.0 (x64)'
[0984:03D0][2017-10-17T09:48:33]i000: Setting string variable 'WixBundleManufacturer' to value 'Microsoft Corporation'
[0984:0720][2017-10-17T09:48:33]i000: Setting numeric variable 'WixStdBALanguageId' to value 1033
[0984:0720][2017-10-17T09:48:33]i000: Setting version variable 'WixBundleFileVersion' to value '1.1.0.0'
[0984:03D0][2017-10-17T09:48:33]i100: Detect begin, 8 packages
[0984:03D0][2017-10-17T09:48:33]i000: Setting numeric variable 'VCRedist_KeyExists' to value 1
[0984:03D0][2017-10-17T09:48:33]i000: Setting string variable 'VCRedist_KeyValue' to value 'v14.11.25325.00'
[0984:03D0][2017-10-17T09:48:33]i052: Condition '(VCRedist_KeyExists AND VCRedist_KeyValue >= "v14.0.23506.00")' evaluates to true.
[0984:03D0][2017-10-17T09:48:33]i101: Detected package: VC_redist.x64.exe, state: Present, cached: None
[0984:03D0][2017-10-17T09:48:33]i101: Detected package: dotnet_sdk_win_x64.1.1.0.msi, state: Absent, cached: None
[0984:03D0][2017-10-17T09:48:33]i101: Detected package: dotnet_sharedframework_win_x64.1.0.5.msi, state: Absent, cached: None
[0984:03D0][2017-10-17T09:48:33]i101: Detected package: dotnet_hostfxr_win_x64.1.0.5.msi, state: Absent, cached: None
[0984:03D0][2017-10-17T09:48:33]i101: Detected package: dotnet_host_win_x64.1.0.1.msi, state: Absent, cached: None
[0984:03D0][2017-10-17T09:48:33]i101: Detected package: dotnet_sharedframework_win_x64.1.1.2.msi, state: Absent, cached: None
[0984:03D0][2017-10-17T09:48:33]i101: Detected package: dotnet_hostfxr_win_x64.1.1.2.msi, state: Absent, cached: None
[0984:03D0][2017-10-17T09:48:33]i101: Detected package: dotnet_host_win_x64.1.1.0.msi, state: Absent, cached: None
[0984:03D0][2017-10-17T09:48:33]i199: Detect complete, result: 0x0
[0984:03D0][2017-10-17T09:48:33]i200: Plan begin, 8 packages, action: Install
[0984:03D0][2017-10-17T09:48:33]w321: Skipping dependency registration on package with no dependency providers: VC_redist.x64.exe
[0984:03D0][2017-10-17T09:48:33]i000: Setting string variable 'WixBundleRollbackLog_dotnet_sdk_win_x64.1.1.0.msi' to value 'C:\Users\ContainerAdministrator\AppData\Local\Temp\dd_setup_20171017094538_270_Microsoft.Net.Core.SDK.1x_000_dotnet_sdk_win_x64.1.1.0.msi_rollback.log'
[0984:03D0][2017-10-17T09:48:33]i000: Setting string variable 'WixBundleLog_dotnet_sdk_win_x64.1.1.0.msi' to value 'C:\Users\ContainerAdministrator\AppData\Local\Temp\dd_setup_20171017094538_270_Microsoft.Net.Core.SDK.1x_000_dotnet_sdk_win_x64.1.1.0.msi.log'
[0984:03D0][2017-10-17T09:48:33]i000: Setting string variable 'WixBundleRollbackLog_dotnet_sharedframework_win_x64.1.0.5.msi' to value 'C:\Users\ContainerAdministrator\AppData\Local\Temp\dd_setup_20171017094538_270_Microsoft.Net.Core.SDK.1x_001_dotnet_sharedframework_win_x64.1.0.5.msi_rollback.log'
[0984:03D0][2017-10-17T09:48:33]i000: Setting string variable 'WixBundleLog_dotnet_sharedframework_win_x64.1.0.5.msi' to value 'C:\Users\ContainerAdministrator\AppData\Local\Temp\dd_setup_20171017094538_270_Microsoft.Net.Core.SDK.1x_001_dotnet_sharedframework_win_x64.1.0.5.msi.log'
[0984:03D0][2017-10-17T09:48:33]i000: Setting string variable 'WixBundleRollbackLog_dotnet_hostfxr_win_x64.1.0.5.msi' to value 'C:\Users\ContainerAdministrator\AppData\Local\Temp\dd_setup_20171017094538_270_Microsoft.Net.Core.SDK.1x_002_dotnet_hostfxr_win_x64.1.0.5.msi_rollback.log'
[0984:03D0][2017-10-17T09:48:33]i000: Setting string variable 'WixBundleLog_dotnet_hostfxr_win_x64.1.0.5.msi' to value 'C:\Users\ContainerAdministrator\AppData\Local\Temp\dd_setup_20171017094538_270_Microsoft.Net.Core.SDK.1x_002_dotnet_hostfxr_win_x64.1.0.5.msi.log'
[0984:03D0][2017-10-17T09:48:33]i000: Setting string variable 'WixBundleRollbackLog_dotnet_host_win_x64.1.0.1.msi' to value 'C:\Users\ContainerAdministrator\AppData\Local\Temp\dd_setup_20171017094538_270_Microsoft.Net.Core.SDK.1x_003_dotnet_host_win_x64.1.0.1.msi_rollback.log'
[0984:03D0][2017-10-17T09:48:33]i000: Setting string variable 'WixBundleLog_dotnet_host_win_x64.1.0.1.msi' to value 'C:\Users\ContainerAdministrator\AppData\Local\Temp\dd_setup_20171017094538_270_Microsoft.Net.Core.SDK.1x_003_dotnet_host_win_x64.1.0.1.msi.log'
[0984:03D0][2017-10-17T09:48:33]i000: Setting string variable 'WixBundleRollbackLog_dotnet_sharedframework_win_x64.1.1.2.msi' to value 'C:\Users\ContainerAdministrator\AppData\Local\Temp\dd_setup_20171017094538_270_Microsoft.Net.Core.SDK.1x_004_dotnet_sharedframework_win_x64.1.1.2.msi_rollback.log'
[0984:03D0][2017-10-17T09:48:33]i000: Setting string variable 'WixBundleLog_dotnet_sharedframework_win_x64.1.1.2.msi' to value 'C:\Users\ContainerAdministrator\AppData\Local\Temp\dd_setup_20171017094538_270_Microsoft.Net.Core.SDK.1x_004_dotnet_sharedframework_win_x64.1.1.2.msi.log'
[0984:03D0][2017-10-17T09:48:33]i000: Setting string variable 'WixBundleRollbackLog_dotnet_hostfxr_win_x64.1.1.2.msi' to value 'C:\Users\ContainerAdministrator\AppData\Local\Temp\dd_setup_20171017094538_270_Microsoft.Net.Core.SDK.1x_005_dotnet_hostfxr_win_x64.1.1.2.msi_rollback.log'
[0984:03D0][2017-10-17T09:48:33]i000: Setting string variable 'WixBundleLog_dotnet_hostfxr_win_x64.1.1.2.msi' to value 'C:\Users\ContainerAdministrator\AppData\Local\Temp\dd_setup_20171017094538_270_Microsoft.Net.Core.SDK.1x_005_dotnet_hostfxr_win_x64.1.1.2.msi.log'
[0984:03D0][2017-10-17T09:48:33]i000: Setting string variable 'WixBundleRollbackLog_dotnet_host_win_x64.1.1.0.msi' to value 'C:\Users\ContainerAdministrator\AppData\Local\Temp\dd_setup_20171017094538_270_Microsoft.Net.Core.SDK.1x_006_dotnet_host_win_x64.1.1.0.msi_rollback.log'
[0984:03D0][2017-10-17T09:48:33]i000: Setting string variable 'WixBundleLog_dotnet_host_win_x64.1.1.0.msi' to value 'C:\Users\ContainerAdministrator\AppData\Local\Temp\dd_setup_20171017094538_270_Microsoft.Net.Core.SDK.1x_006_dotnet_host_win_x64.1.1.0.msi.log'
[0984:03D0][2017-10-17T09:48:33]i201: Planned package: VC_redist.x64.exe, state: Present, default requested: Present, ba requested: Present, execute: None, rollback: None, cache: No, uncache: No, dependency: None
[0984:03D0][2017-10-17T09:48:33]i201: Planned package: dotnet_sdk_win_x64.1.1.0.msi, state: Absent, default requested: Present, ba requested: Present, execute: Install, rollback: Uninstall, cache: Yes, uncache: No, dependency: Register
[0984:03D0][2017-10-17T09:48:33]i201: Planned package: dotnet_sharedframework_win_x64.1.0.5.msi, state: Absent, default requested: Present, ba requested: Present, execute: Install, rollback: Uninstall, cache: Yes, uncache: No, dependency: Register
[0984:03D0][2017-10-17T09:48:33]i201: Planned package: dotnet_hostfxr_win_x64.1.0.5.msi, state: Absent, default requested: Present, ba requested: Present, execute: Install, rollback: Uninstall, cache: Yes, uncache: No, dependency: Register
[0984:03D0][2017-10-17T09:48:33]i201: Planned package: dotnet_host_win_x64.1.0.1.msi, state: Absent, default requested: Present, ba requested: Present, execute: Install, rollback: Uninstall, cache: Yes, uncache: No, dependency: Register
[0984:03D0][2017-10-17T09:48:33]i201: Planned package: dotnet_sharedframework_win_x64.1.1.2.msi, state: Absent, default requested: Present, ba requested: Present, execute: Install, rollback: Uninstall, cache: Yes, uncache: No, dependency: Register
[0984:03D0][2017-10-17T09:48:33]i201: Planned package: dotnet_hostfxr_win_x64.1.1.2.msi, state: Absent, default requested: Present, ba requested: Present, execute: Install, rollback: Uninstall, cache: Yes, uncache: No, dependency: Register
[0984:03D0][2017-10-17T09:48:33]i201: Planned package: dotnet_host_win_x64.1.1.0.msi, state: Absent, default requested: Present, ba requested: Present, execute: Install, rollback: Uninstall, cache: Yes, uncache: No, dependency: Register
[0984:03D0][2017-10-17T09:48:33]i299: Plan complete, result: 0x0
[0984:03D0][2017-10-17T09:48:33]i300: Apply begin
[0984:03D0][2017-10-17T09:48:33]i010: Launching elevated engine process.
[0984:03D0][2017-10-17T09:48:34]i011: Launched elevated engine process.
[0984:03D0][2017-10-17T09:48:34]i012: Connected to elevated engine.
[05D4:013C][2017-10-17T09:48:34]i358: Pausing automatic updates.
[05D4:013C][2017-10-17T09:48:34]w308: Automatic updates could not be paused due to error: 0x80040154. Continuing...
[05D4:013C][2017-10-17T09:48:34]i370: Session begin, registration key: SOFTWARE\Microsoft\Windows\CurrentVersion\Uninstall\{67d148ca-6fe2-47ec-bf5c-fbd64345d511}, options: 0x7, disable resume: No
[05D4:013C][2017-10-17T09:48:34]i000: Caching bundle from: 'C:\Users\ContainerAdministrator\AppData\Local\Temp\{BFF5EE3E-F39A-483C-A465-796EE6E6ACFA}\.be\dotnet-dev-win-x64.1.1.0.exe' to: 'C:\ProgramData\Package Cache\{67d148ca-6fe2-47ec-bf5c-fbd64345d511}\dotnet-dev-win-x64.1.1.0.exe'
[05D4:013C][2017-10-17T09:48:34]i320: Registering bundle dependency provider: {67d148ca-6fe2-47ec-bf5c-fbd64345d511}, version: 1.1.0.0
[05D4:013C][2017-10-17T09:48:34]i371: Updating session, registration key: SOFTWARE\Microsoft\Windows\CurrentVersion\Uninstall\{67d148ca-6fe2-47ec-bf5c-fbd64345d511}, resume: Active, restart initiated: No, disable resume: No
[0984:0424][2017-10-17T09:48:34]i336: Acquiring container: WixAttachedContainer, copy from: C:\ProgramData\Microsoft\VisualStudio\Packages\Microsoft.Net.Core.SDK.1x,version=15.0.26906.1,chip=x64\dotnet-dev-win-x64.1.1.0.exe
[0984:0424][2017-10-17T09:48:34]i000: Setting string variable 'WixBundleLastUsedSource' to value 'C:\ProgramData\Microsoft\VisualStudio\Packages\Microsoft.Net.Core.SDK.1x,version=15.0.26906.1,chip=x64\'
[05D4:0230][2017-10-17T09:48:34]i305: Verified acquired payload: dotnet_sdk_win_x64.1.1.0.msi at path: C:\ProgramData\Package Cache\.unverified\dotnet_sdk_win_x64.1.1.0.msi, moving to: C:\ProgramData\Package Cache\{DF68596E-0F41-41CC-BAD9-9F30A9662D90}v4.16.5124\dotnet-sdk-win-x64.1.1.0.msi.
[05D4:0230][2017-10-17T09:48:34]i305: Verified acquired payload: cab27955789085BD114B934350637E5BCBC at path: C:\ProgramData\Package Cache\.unverified\cab27955789085BD114B934350637E5BCBC, moving to: C:\ProgramData\Package Cache\{DF68596E-0F41-41CC-BAD9-9F30A9662D90}v4.16.5124\dnet-1.cab.
[05D4:013C][2017-10-17T09:48:34]i301: Applying execute package: dotnet_sdk_win_x64.1.1.0.msi, action: Install, path: C:\ProgramData\Package Cache\{DF68596E-0F41-41CC-BAD9-9F30A9662D90}v4.16.5124\dotnet-sdk-win-x64.1.1.0.msi, arguments: ' ARPSYSTEMCOMPONENT="1" DOTNETHOME="C:\Program Files\dotnet"'
[05D4:0230][2017-10-17T09:48:34]i305: Verified acquired payload: dotnet_sharedframework_win_x64.1.0.5.msi at path: C:\ProgramData\Package Cache\.unverified\dotnet_sharedframework_win_x64.1.0.5.msi, moving to: C:\ProgramData\Package Cache\{73E76099-AAE4-4CA1-8A98-ED21B18BADAA}v1.0.5\dotnet-sharedframework-win-x64.1.0.5.msi.
[05D4:0230][2017-10-17T09:48:34]i305: Verified acquired payload: dotnet_hostfxr_win_x64.1.0.5.msi at path: C:\ProgramData\Package Cache\.unverified\dotnet_hostfxr_win_x64.1.0.5.msi, moving to: C:\ProgramData\Package Cache\{1F1438F4-4185-4F94-B6C5-9ADE99A963C6}v4.1.21306\dotnet-hostfxr-win-x64.1.0.5.msi.
[05D4:0230][2017-10-17T09:48:35]i305: Verified acquired payload: dotnet_host_win_x64.1.0.1.msi at path: C:\ProgramData\Package Cache\.unverified\dotnet_host_win_x64.1.0.1.msi, moving to: C:\ProgramData\Package Cache\{FDC82AAB-27B0-40EA-ABBF-C67AA059C51A}v4.0.21306\dotnet-host-win-x64.1.0.1.msi.
[05D4:0230][2017-10-17T09:48:35]i305: Verified acquired payload: dotnet_sharedframework_win_x64.1.1.2.msi at path: C:\ProgramData\Package Cache\.unverified\dotnet_sharedframework_win_x64.1.1.2.msi, moving to: C:\ProgramData\Package Cache\{BFF13C15-903D-4ADB-9E18-12FEA201E075}v1.1.2\dotnet-sharedframework-win-x64.1.1.2.msi.
[05D4:0230][2017-10-17T09:48:35]i305: Verified acquired payload: dotnet_hostfxr_win_x64.1.1.2.msi at path: C:\ProgramData\Package Cache\.unverified\dotnet_hostfxr_win_x64.1.1.2.msi, moving to: C:\ProgramData\Package Cache\{C83D2028-6C6A-4AAC-9BB8-20441CE556B0}v4.16.34328\dotnet-hostfxr-win-x64.1.1.2.msi.
[05D4:0230][2017-10-17T09:48:35]i305: Verified acquired payload: dotnet_host_win_x64.1.1.0.msi at path: C:\ProgramData\Package Cache\.unverified\dotnet_host_win_x64.1.1.0.msi, moving to: C:\ProgramData\Package Cache\{39FBD4CA-C10D-490A-A04B-3D5B98677CD8}v4.16.1560\dotnet-host-win-x64.1.1.0.msi.
[0984:03D0][2017-10-17T09:48:36]i319: Applied execute package: dotnet_sdk_win_x64.1.1.0.msi, result: 0x0, restart: None
[05D4:013C][2017-10-17T09:48:36]i325: Registering dependency: {67d148ca-6fe2-47ec-bf5c-fbd64345d511} on package provider: Dotnet_CLI_1.1.0_x64, package: dotnet_sdk_win_x64.1.1.0.msi
[05D4:013C][2017-10-17T09:48:36]i301: Applying execute package: dotnet_sharedframework_win_x64.1.0.5.msi, action: Install, path: C:\ProgramData\Package Cache\{73E76099-AAE4-4CA1-8A98-ED21B18BADAA}v1.0.5\dotnet-sharedframework-win-x64.1.0.5.msi, arguments: ' ARPSYSTEMCOMPONENT="1" DOTNETHOME="C:\Program Files\dotnet"'
[0984:03D0][2017-10-17T09:48:37]i319: Applied execute package: dotnet_sharedframework_win_x64.1.0.5.msi, result: 0x0, restart: None
[05D4:013C][2017-10-17T09:48:37]i325: Registering dependency: {67d148ca-6fe2-47ec-bf5c-fbd64345d511} on package provider: DotNet.CLI.SharedFramework.Microsoft.NETCore.App_1.0.5_x64, package: dotnet_sharedframework_win_x64.1.0.5.msi
[05D4:013C][2017-10-17T09:48:37]i301: Applying execute package: dotnet_hostfxr_win_x64.1.0.5.msi, action: Install, path: C:\ProgramData\Package Cache\{1F1438F4-4185-4F94-B6C5-9ADE99A963C6}v4.1.21306\dotnet-hostfxr-win-x64.1.0.5.msi, arguments: ' ARPSYSTEMCOMPONENT="1" DOTNETHOME="C:\Program Files\dotnet"'
[0984:03D0][2017-10-17T09:48:37]i319: Applied execute package: dotnet_hostfxr_win_x64.1.0.5.msi, result: 0x0, restart: None
[05D4:013C][2017-10-17T09:48:37]i325: Registering dependency: {67d148ca-6fe2-47ec-bf5c-fbd64345d511} on package provider: Dotnet_CLI_HostFxr_1.0.5_x64, package: dotnet_hostfxr_win_x64.1.0.5.msi
[05D4:013C][2017-10-17T09:48:37]i301: Applying execute package: dotnet_host_win_x64.1.0.1.msi, action: Install, path: C:\ProgramData\Package Cache\{FDC82AAB-27B0-40EA-ABBF-C67AA059C51A}v4.0.21306\dotnet-host-win-x64.1.0.1.msi, arguments: ' ARPSYSTEMCOMPONENT="1" DOTNETHOME="C:\Program Files\dotnet"'
[0984:03D0][2017-10-17T09:48:38]i319: Applied execute package: dotnet_host_win_x64.1.0.1.msi, result: 0x0, restart: None
[05D4:013C][2017-10-17T09:48:38]i325: Registering dependency: {67d148ca-6fe2-47ec-bf5c-fbd64345d511} on package provider: Dotnet_CLI_SharedHost_4.0.21306_x64, package: dotnet_host_win_x64.1.0.1.msi
[05D4:013C][2017-10-17T09:48:38]i301: Applying execute package: dotnet_sharedframework_win_x64.1.1.2.msi, action: Install, path: C:\ProgramData\Package Cache\{BFF13C15-903D-4ADB-9E18-12FEA201E075}v1.1.2\dotnet-sharedframework-win-x64.1.1.2.msi, arguments: ' ARPSYSTEMCOMPONENT="1" DOTNETHOME="C:\Program Files\dotnet"'
[0984:03D0][2017-10-17T09:48:39]i319: Applied execute package: dotnet_sharedframework_win_x64.1.1.2.msi, result: 0x0, restart: None
[05D4:013C][2017-10-17T09:48:39]i325: Registering dependency: {67d148ca-6fe2-47ec-bf5c-fbd64345d511} on package provider: DotNet.CLI.SharedFramework.Microsoft.NETCore.App_1.1.2_x64, package: dotnet_sharedframework_win_x64.1.1.2.msi
[05D4:013C][2017-10-17T09:48:39]i301: Applying execute package: dotnet_hostfxr_win_x64.1.1.2.msi, action: Install, path: C:\ProgramData\Package Cache\{C83D2028-6C6A-4AAC-9BB8-20441CE556B0}v4.16.34328\dotnet-hostfxr-win-x64.1.1.2.msi, arguments: ' ARPSYSTEMCOMPONENT="1" DOTNETHOME="C:\Program Files\dotnet"'
[0984:03D0][2017-10-17T09:48:39]i319: Applied execute package: dotnet_hostfxr_win_x64.1.1.2.msi, result: 0x0, restart: None
[05D4:013C][2017-10-17T09:48:39]i325: Registering dependency: {67d148ca-6fe2-47ec-bf5c-fbd64345d511} on package provider: Dotnet_CLI_HostFxr_1.1.2_x64, package: dotnet_hostfxr_win_x64.1.1.2.msi
[05D4:013C][2017-10-17T09:48:39]i301: Applying execute package: dotnet_host_win_x64.1.1.0.msi, action: Install, path: C:\ProgramData\Package Cache\{39FBD4CA-C10D-490A-A04B-3D5B98677CD8}v4.16.1560\dotnet-host-win-x64.1.1.0.msi, arguments: ' ARPSYSTEMCOMPONENT="1" DOTNETHOME="C:\Program Files\dotnet"'
[0984:03D0][2017-10-17T09:48:39]i319: Applied execute package: dotnet_host_win_x64.1.1.0.msi, result: 0x0, restart: None
[05D4:013C][2017-10-17T09:48:39]i325: Registering dependency: {67d148ca-6fe2-47ec-bf5c-fbd64345d511} on package provider: Dotnet_CLI_SharedHost_4.16.1560_x64, package: dotnet_host_win_x64.1.1.0.msi
[05D4:013C][2017-10-17T09:48:39]i372: Session end, registration key: SOFTWARE\Microsoft\Windows\CurrentVersion\Uninstall\{67d148ca-6fe2-47ec-bf5c-fbd64345d511}, resume: ARP, restart: None, disable resume: No
[05D4:013C][2017-10-17T09:48:39]i371: Updating session, registration key: SOFTWARE\Microsoft\Windows\CurrentVersion\Uninstall\{67d148ca-6fe2-47ec-bf5c-fbd64345d511}, resume: ARP, restart initiated: No, disable resume: No
[0984:03D0][2017-10-17T09:48:39]i399: Apply complete, result: 0x0, restart: None, ba requested restart:  No
[0984:03D0][2017-10-17T09:48:39]i500: Shutting down, exit code: 0x0
[0984:03D0][2017-10-17T09:48:39]i410: Variable: BUNDLEMONIKER = .NET Core SDK 1.1.0
[0984:03D0][2017-10-17T09:48:39]i410: Variable: DOTNETHOME = C:\Program Files\dotnet
[0984:03D0][2017-10-17T09:48:39]i410: Variable: ProgramFiles6432Folder = C:\Program Files\
[0984:03D0][2017-10-17T09:48:39]i410: Variable: VCRedist_KeyExists = 1
[0984:03D0][2017-10-17T09:48:39]i410: Variable: VCRedist_KeyValue = v14.11.25325.00
[0984:03D0][2017-10-17T09:48:39]i410: Variable: WixBundleAction = 5
[0984:03D0][2017-10-17T09:48:39]i410: Variable: WixBundleElevated = 1
[0984:03D0][2017-10-17T09:48:39]i410: Variable: WixBundleFileVersion = 1.1.0.0
[0984:03D0][2017-10-17T09:48:39]i410: Variable: WixBundleInstalled = 0
[0984:03D0][2017-10-17T09:48:39]i410: Variable: WixBundleLastUsedSource = C:\ProgramData\Microsoft\VisualStudio\Packages\Microsoft.Net.Core.SDK.1x,version=15.0.26906.1,chip=x64\
[0984:03D0][2017-10-17T09:48:39]i410: Variable: WixBundleLog = C:\Users\ContainerAdministrator\AppData\Local\Temp\dd_setup_20171017094538_270_Microsoft.Net.Core.SDK.1x.log
[0984:03D0][2017-10-17T09:48:39]i410: Variable: WixBundleLog_dotnet_host_win_x64.1.0.1.msi = C:\Users\ContainerAdministrator\AppData\Local\Temp\dd_setup_20171017094538_270_Microsoft.Net.Core.SDK.1x_003_dotnet_host_win_x64.1.0.1.msi.log
[0984:03D0][2017-10-17T09:48:39]i410: Variable: WixBundleLog_dotnet_host_win_x64.1.1.0.msi = C:\Users\ContainerAdministrator\AppData\Local\Temp\dd_setup_20171017094538_270_Microsoft.Net.Core.SDK.1x_006_dotnet_host_win_x64.1.1.0.msi.log
[0984:03D0][2017-10-17T09:48:39]i410: Variable: WixBundleLog_dotnet_hostfxr_win_x64.1.0.5.msi = C:\Users\ContainerAdministrator\AppData\Local\Temp\dd_setup_20171017094538_270_Microsoft.Net.Core.SDK.1x_002_dotnet_hostfxr_win_x64.1.0.5.msi.log
[0984:03D0][2017-10-17T09:48:39]i410: Variable: WixBundleLog_dotnet_hostfxr_win_x64.1.1.2.msi = C:\Users\ContainerAdministrator\AppData\Local\Temp\dd_setup_20171017094538_270_Microsoft.Net.Core.SDK.1x_005_dotnet_hostfxr_win_x64.1.1.2.msi.log
[0984:03D0][2017-10-17T09:48:39]i410: Variable: WixBundleLog_dotnet_sdk_win_x64.1.1.0.msi = C:\Users\ContainerAdministrator\AppData\Local\Temp\dd_setup_20171017094538_270_Microsoft.Net.Core.SDK.1x_000_dotnet_sdk_win_x64.1.1.0.msi.log
[0984:03D0][2017-10-17T09:48:39]i410: Variable: WixBundleLog_dotnet_sharedframework_win_x64.1.0.5.msi = C:\Users\ContainerAdministrator\AppData\Local\Temp\dd_setup_20171017094538_270_Microsoft.Net.Core.SDK.1x_001_dotnet_sharedframework_win_x64.1.0.5.msi.log
[0984:03D0][2017-10-17T09:48:39]i410: Variable: WixBundleLog_dotnet_sharedframework_win_x64.1.1.2.msi = C:\Users\ContainerAdministrator\AppData\Local\Temp\dd_setup_20171017094538_270_Microsoft.Net.Core.SDK.1x_004_dotnet_sharedframework_win_x64.1.1.2.msi.log
[0984:03D0][2017-10-17T09:48:39]i410: Variable: WixBundleManufacturer = Microsoft Corporation
[0984:03D0][2017-10-17T09:48:39]i410: Variable: WixBundleName = .NET Core SDK 1.1.0 (x64)
[0984:03D0][2017-10-17T09:48:39]i410: Variable: WixBundleOriginalSource = C:\ProgramData\Microsoft\VisualStudio\Packages\Microsoft.Net.Core.SDK.1x,version=15.0.26906.1,chip=x64\dotnet-dev-win-x64.1.1.0.exe
[0984:03D0][2017-10-17T09:48:39]i410: Variable: WixBundleOriginalSourceFolder = C:\ProgramData\Microsoft\VisualStudio\Packages\Microsoft.Net.Core.SDK.1x,version=15.0.26906.1,chip=x64\
[0984:03D0][2017-10-17T09:48:39]i410: Variable: WixBundleProviderKey = {67d148ca-6fe2-47ec-bf5c-fbd64345d511}
[0984:03D0][2017-10-17T09:48:39]i410: Variable: WixBundleRollbackLog_dotnet_host_win_x64.1.0.1.msi = C:\Users\ContainerAdministrator\AppData\Local\Temp\dd_setup_20171017094538_270_Microsoft.Net.Core.SDK.1x_003_dotnet_host_win_x64.1.0.1.msi_rollback.log
[0984:03D0][2017-10-17T09:48:39]i410: Variable: WixBundleRollbackLog_dotnet_host_win_x64.1.1.0.msi = C:\Users\ContainerAdministrator\AppData\Local\Temp\dd_setup_20171017094538_270_Microsoft.Net.Core.SDK.1x_006_dotnet_host_win_x64.1.1.0.msi_rollback.log
[0984:03D0][2017-10-17T09:48:39]i410: Variable: WixBundleRollbackLog_dotnet_hostfxr_win_x64.1.0.5.msi = C:\Users\ContainerAdministrator\AppData\Local\Temp\dd_setup_20171017094538_270_Microsoft.Net.Core.SDK.1x_002_dotnet_hostfxr_win_x64.1.0.5.msi_rollback.log
[0984:03D0][2017-10-17T09:48:39]i410: Variable: WixBundleRollbackLog_dotnet_hostfxr_win_x64.1.1.2.msi = C:\Users\ContainerAdministrator\AppData\Local\Temp\dd_setup_20171017094538_270_Microsoft.Net.Core.SDK.1x_005_dotnet_hostfxr_win_x64.1.1.2.msi_rollback.log
[0984:03D0][2017-10-17T09:48:39]i410: Variable: WixBundleRollbackLog_dotnet_sdk_win_x64.1.1.0.msi = C:\Users\ContainerAdministrator\AppData\Local\Temp\dd_setup_20171017094538_270_Microsoft.Net.Core.SDK.1x_000_dotnet_sdk_win_x64.1.1.0.msi_rollback.log
[0984:03D0][2017-10-17T09:48:39]i410: Variable: WixBundleRollbackLog_dotnet_sharedframework_win_x64.1.0.5.msi = C:\Users\ContainerAdministrator\AppData\Local\Temp\dd_setup_20171017094538_270_Microsoft.Net.Core.SDK.1x_001_dotnet_sharedframework_win_x64.1.0.5.msi_rollback.log
[0984:03D0][2017-10-17T09:48:39]i410: Variable: WixBundleRollbackLog_dotnet_sharedframework_win_x64.1.1.2.msi = C:\Users\ContainerAdministrator\AppData\Local\Temp\dd_setup_20171017094538_270_Microsoft.Net.Core.SDK.1x_004_dotnet_sharedframework_win_x64.1.1.2.msi_rollback.log
[0984:03D0][2017-10-17T09:48:39]i410: Variable: WixBundleSourceProcessFolder = C:\ProgramData\Microsoft\VisualStudio\Packages\Microsoft.Net.Core.SDK.1x,version=15.0.26906.1,chip=x64\
[0984:03D0][2017-10-17T09:48:39]i410: Variable: WixBundleSourceProcessPath = C:\ProgramData\Microsoft\VisualStudio\Packages\Microsoft.Net.Core.SDK.1x,version=15.0.26906.1,chip=x64\dotnet-dev-win-x64.1.1.0.exe
[0984:03D0][2017-10-17T09:48:39]i410: Variable: WixBundleTag = 
[0984:03D0][2017-10-17T09:48:39]i410: Variable: WixBundleVersion = 1.1.0.0
[0984:03D0][2017-10-17T09:48:39]i410: Variable: WixStdBALanguageId = 1033
[0984:03D0][2017-10-17T09:48:39]i007: Exit code: 0x0, restarting: No
