[0b00:0004][2017-10-17T09:47:48] Opening the package for processing
[0b00:0004][2017-10-17T09:47:48] Using package payload to get the embedded manifest
[0b00:0004][2017-10-17T09:47:48] Getting list of files within the package
[0b00:0004][2017-10-17T09:47:48] Processing file /catalog.json
[0b00:0004][2017-10-17T09:47:48] Started: Copying file /catalog.json to C:\Program Files (x86)\Microsoft Visual Studio\2017\Community\Common7\IDE\Extensions\jec0onzj.j3k\catalog.json
[0b00:0004][2017-10-17T09:47:48] Completed: Copying file /catalog.json to C:\Program Files (x86)\Microsoft Visual Studio\2017\Community\Common7\IDE\Extensions\jec0onzj.j3k\catalog.json
[0b00:0004][2017-10-17T09:47:48] Timestamp updated for file 'C:\Program Files (x86)\Microsoft Visual Studio\2017\Community\Common7\IDE\Extensions\jec0onzj.j3k\catalog.json'.
[0b00:0004][2017-10-17T09:47:48] Processing file /extension.vsixmanifest
[0b00:0004][2017-10-17T09:47:48] Started: Copying file /extension.vsixmanifest to C:\Program Files (x86)\Microsoft Visual Studio\2017\Community\Common7\IDE\Extensions\jec0onzj.j3k\extension.vsixmanifest
[0b00:0004][2017-10-17T09:47:48] Completed: Copying file /extension.vsixmanifest to C:\Program Files (x86)\Microsoft Visual Studio\2017\Community\Common7\IDE\Extensions\jec0onzj.j3k\extension.vsixmanifest
[0b00:0004][2017-10-17T09:47:48] Timestamp updated for file 'C:\Program Files (x86)\Microsoft Visual Studio\2017\Community\Common7\IDE\Extensions\jec0onzj.j3k\extension.vsixmanifest'.
[0b00:0004][2017-10-17T09:47:48] Processing file /manifest.json
[0b00:0004][2017-10-17T09:47:48] Started: Copying file /manifest.json to C:\Program Files (x86)\Microsoft Visual Studio\2017\Community\Common7\IDE\Extensions\jec0onzj.j3k\manifest.json
[0b00:0004][2017-10-17T09:47:48] Completed: Copying file /manifest.json to C:\Program Files (x86)\Microsoft Visual Studio\2017\Community\Common7\IDE\Extensions\jec0onzj.j3k\manifest.json
[0b00:0004][2017-10-17T09:47:48] Timestamp updated for file 'C:\Program Files (x86)\Microsoft Visual Studio\2017\Community\Common7\IDE\Extensions\jec0onzj.j3k\manifest.json'.
[0b00:0004][2017-10-17T09:47:48] Processing file /ProjectTemplates/templateManifest0.1033.vstman
[0b00:0004][2017-10-17T09:47:48] Started: Copying file /ProjectTemplates/templateManifest0.1033.vstman to C:\Program Files (x86)\Microsoft Visual Studio\2017\Community\Common7\IDE\Extensions\jec0onzj.j3k\ProjectTemplates\templateManifest0.1033.vstman
[0b00:0004][2017-10-17T09:47:48] Completed: Copying file /ProjectTemplates/templateManifest0.1033.vstman to C:\Program Files (x86)\Microsoft Visual Studio\2017\Community\Common7\IDE\Extensions\jec0onzj.j3k\ProjectTemplates\templateManifest0.1033.vstman
[0b00:0004][2017-10-17T09:47:48] Timestamp updated for file 'C:\Program Files (x86)\Microsoft Visual Studio\2017\Community\Common7\IDE\Extensions\jec0onzj.j3k\ProjectTemplates\templateManifest0.1033.vstman'.
[0b00:0004][2017-10-17T09:47:48] Processing file /ProjectTemplates/VisualBasic/.NET%20Standard/1033/ClassLibrary/ClassLibrary.vstemplate
[0b00:0004][2017-10-17T09:47:48] Started: Copying file /ProjectTemplates/VisualBasic/.NET%20Standard/1033/ClassLibrary/ClassLibrary.vstemplate to C:\Program Files (x86)\Microsoft Visual Studio\2017\Community\Common7\IDE\Extensions\jec0onzj.j3k\ProjectTemplates\VisualBasic\.NET Standard\1033\ClassLibrary\ClassLibrary.vstemplate
[0b00:0004][2017-10-17T09:47:48] Completed: Copying file /ProjectTemplates/VisualBasic/.NET%20Standard/1033/ClassLibrary/ClassLibrary.vstemplate to C:\Program Files (x86)\Microsoft Visual Studio\2017\Community\Common7\IDE\Extensions\jec0onzj.j3k\ProjectTemplates\VisualBasic\.NET Standard\1033\ClassLibrary\ClassLibrary.vstemplate
[0b00:0004][2017-10-17T09:47:48] Timestamp updated for file 'C:\Program Files (x86)\Microsoft Visual Studio\2017\Community\Common7\IDE\Extensions\jec0onzj.j3k\ProjectTemplates\VisualBasic\.NET Standard\1033\ClassLibrary\ClassLibrary.vstemplate'.
[0b00:0004][2017-10-17T09:47:48] Package executed successfully. Return code: 0
