[0b00:0004][2017-10-17T09:47:47] Opening the package for processing
[0b00:0004][2017-10-17T09:47:47] Using package payload to get the embedded manifest
[0b00:0004][2017-10-17T09:47:47] Getting list of files within the package
[0b00:0004][2017-10-17T09:47:47] Processing file /Contents/CoreCon/Binaries/Phone%20Tools/Debugger/target/x64/CppDebug.remote.dll
[0b00:0004][2017-10-17T09:47:47] Started: Copying file /Contents/CoreCon/Binaries/Phone%20Tools/Debugger/target/x64/CppDebug.remote.dll to C:\Program Files (x86)\Microsoft Visual Studio\2017\Community\CoreCon\Binaries\Phone Tools\Debugger\target\x64\CppDebug.remote.dll
[0b00:0004][2017-10-17T09:47:47] Completed: Copying file /Contents/CoreCon/Binaries/Phone%20Tools/Debugger/target/x64/CppDebug.remote.dll to C:\Program Files (x86)\Microsoft Visual Studio\2017\Community\CoreCon\Binaries\Phone Tools\Debugger\target\x64\CppDebug.remote.dll
[0b00:0004][2017-10-17T09:47:47] Timestamp updated for file 'C:\Program Files (x86)\Microsoft Visual Studio\2017\Community\CoreCon\Binaries\Phone Tools\Debugger\target\x64\CppDebug.remote.dll'.
[0b00:0004][2017-10-17T09:47:47] Processing file /Contents/CoreCon/Binaries/Phone%20Tools/Debugger/target/x64/dbgshim.dll
[0b00:0004][2017-10-17T09:47:47] Started: Copying file /Contents/CoreCon/Binaries/Phone%20Tools/Debugger/target/x64/dbgshim.dll to C:\Program Files (x86)\Microsoft Visual Studio\2017\Community\CoreCon\Binaries\Phone Tools\Debugger\target\x64\dbgshim.dll
[0b00:0004][2017-10-17T09:47:47] Completed: Copying file /Contents/CoreCon/Binaries/Phone%20Tools/Debugger/target/x64/dbgshim.dll to C:\Program Files (x86)\Microsoft Visual Studio\2017\Community\CoreCon\Binaries\Phone Tools\Debugger\target\x64\dbgshim.dll
[0b00:0004][2017-10-17T09:47:47] Timestamp updated for file 'C:\Program Files (x86)\Microsoft Visual Studio\2017\Community\CoreCon\Binaries\Phone Tools\Debugger\target\x64\dbgshim.dll'.
[0b00:0004][2017-10-17T09:47:47] Processing file /Contents/CoreCon/Binaries/Phone%20Tools/Debugger/target/x64/DiagnosticsHub.CollectorBridge.dll
[0b00:0004][2017-10-17T09:47:47] Started: Copying file /Contents/CoreCon/Binaries/Phone%20Tools/Debugger/target/x64/DiagnosticsHub.CollectorBridge.dll to C:\Program Files (x86)\Microsoft Visual Studio\2017\Community\CoreCon\Binaries\Phone Tools\Debugger\target\x64\DiagnosticsHub.CollectorBridge.dll
[0b00:0004][2017-10-17T09:47:47] Completed: Copying file /Contents/CoreCon/Binaries/Phone%20Tools/Debugger/target/x64/DiagnosticsHub.CollectorBridge.dll to C:\Program Files (x86)\Microsoft Visual Studio\2017\Community\CoreCon\Binaries\Phone Tools\Debugger\target\x64\DiagnosticsHub.CollectorBridge.dll
[0b00:0004][2017-10-17T09:47:47] Timestamp updated for file 'C:\Program Files (x86)\Microsoft Visual Studio\2017\Community\CoreCon\Binaries\Phone Tools\Debugger\target\x64\DiagnosticsHub.CollectorBridge.dll'.
[0b00:0004][2017-10-17T09:47:47] Processing file /Contents/CoreCon/Binaries/Phone%20Tools/Debugger/target/x64/DiagnosticsRemoteHelper.dll
[0b00:0004][2017-10-17T09:47:47] Started: Copying file /Contents/CoreCon/Binaries/Phone%20Tools/Debugger/target/x64/DiagnosticsRemoteHelper.dll to C:\Program Files (x86)\Microsoft Visual Studio\2017\Community\CoreCon\Binaries\Phone Tools\Debugger\target\x64\DiagnosticsRemoteHelper.dll
[0b00:0004][2017-10-17T09:47:47] Completed: Copying file /Contents/CoreCon/Binaries/Phone%20Tools/Debugger/target/x64/DiagnosticsRemoteHelper.dll to C:\Program Files (x86)\Microsoft Visual Studio\2017\Community\CoreCon\Binaries\Phone Tools\Debugger\target\x64\DiagnosticsRemoteHelper.dll
[0b00:0004][2017-10-17T09:47:47] Timestamp updated for file 'C:\Program Files (x86)\Microsoft Visual Studio\2017\Community\CoreCon\Binaries\Phone Tools\Debugger\target\x64\DiagnosticsRemoteHelper.dll'.
[0b00:0004][2017-10-17T09:47:47] Processing file /Contents/CoreCon/Binaries/Phone%20Tools/Debugger/target/x64/DiagnosticsTap.dll
[0b00:0004][2017-10-17T09:47:47] Started: Copying file /Contents/CoreCon/Binaries/Phone%20Tools/Debugger/target/x64/DiagnosticsTap.dll to C:\Program Files (x86)\Microsoft Visual Studio\2017\Community\CoreCon\Binaries\Phone Tools\Debugger\target\x64\DiagnosticsTap.dll
[0b00:0004][2017-10-17T09:47:47] Completed: Copying file /Contents/CoreCon/Binaries/Phone%20Tools/Debugger/target/x64/DiagnosticsTap.dll to C:\Program Files (x86)\Microsoft Visual Studio\2017\Community\CoreCon\Binaries\Phone Tools\Debugger\target\x64\DiagnosticsTap.dll
[0b00:0004][2017-10-17T09:47:47] Timestamp updated for file 'C:\Program Files (x86)\Microsoft Visual Studio\2017\Community\CoreCon\Binaries\Phone Tools\Debugger\target\x64\DiagnosticsTap.dll'.
[0b00:0004][2017-10-17T09:47:47] Processing file /Contents/CoreCon/Binaries/Phone%20Tools/Debugger/target/x64/msdbg2.dll
[0b00:0004][2017-10-17T09:47:47] Started: Copying file /Contents/CoreCon/Binaries/Phone%20Tools/Debugger/target/x64/msdbg2.dll to C:\Program Files (x86)\Microsoft Visual Studio\2017\Community\CoreCon\Binaries\Phone Tools\Debugger\target\x64\msdbg2.dll
[0b00:0004][2017-10-17T09:47:47] Completed: Copying file /Contents/CoreCon/Binaries/Phone%20Tools/Debugger/target/x64/msdbg2.dll to C:\Program Files (x86)\Microsoft Visual Studio\2017\Community\CoreCon\Binaries\Phone Tools\Debugger\target\x64\msdbg2.dll
[0b00:0004][2017-10-17T09:47:47] Timestamp updated for file 'C:\Program Files (x86)\Microsoft Visual Studio\2017\Community\CoreCon\Binaries\Phone Tools\Debugger\target\x64\msdbg2.dll'.
[0b00:0004][2017-10-17T09:47:47] Processing file /Contents/CoreCon/Binaries/Phone%20Tools/Debugger/target/x64/msdia140.dll
[0b00:0004][2017-10-17T09:47:47] Started: Copying file /Contents/CoreCon/Binaries/Phone%20Tools/Debugger/target/x64/msdia140.dll to C:\Program Files (x86)\Microsoft Visual Studio\2017\Community\CoreCon\Binaries\Phone Tools\Debugger\target\x64\msdia140.dll
[0b00:0004][2017-10-17T09:47:47] Completed: Copying file /Contents/CoreCon/Binaries/Phone%20Tools/Debugger/target/x64/msdia140.dll to C:\Program Files (x86)\Microsoft Visual Studio\2017\Community\CoreCon\Binaries\Phone Tools\Debugger\target\x64\msdia140.dll
[0b00:0004][2017-10-17T09:47:47] Timestamp updated for file 'C:\Program Files (x86)\Microsoft Visual Studio\2017\Community\CoreCon\Binaries\Phone Tools\Debugger\target\x64\msdia140.dll'.
[0b00:0004][2017-10-17T09:47:47] Processing file /Contents/CoreCon/Binaries/Phone%20Tools/Debugger/target/x64/msvcp140.dll
[0b00:0004][2017-10-17T09:47:47] Started: Copying file /Contents/CoreCon/Binaries/Phone%20Tools/Debugger/target/x64/msvcp140.dll to C:\Program Files (x86)\Microsoft Visual Studio\2017\Community\CoreCon\Binaries\Phone Tools\Debugger\target\x64\msvcp140.dll
[0b00:0004][2017-10-17T09:47:47] Completed: Copying file /Contents/CoreCon/Binaries/Phone%20Tools/Debugger/target/x64/msvcp140.dll to C:\Program Files (x86)\Microsoft Visual Studio\2017\Community\CoreCon\Binaries\Phone Tools\Debugger\target\x64\msvcp140.dll
[0b00:0004][2017-10-17T09:47:47] Timestamp updated for file 'C:\Program Files (x86)\Microsoft Visual Studio\2017\Community\CoreCon\Binaries\Phone Tools\Debugger\target\x64\msvcp140.dll'.
[0b00:0004][2017-10-17T09:47:47] Processing file /Contents/CoreCon/Binaries/Phone%20Tools/Debugger/target/x64/msvsmon.exe
[0b00:0004][2017-10-17T09:47:47] Started: Copying file /Contents/CoreCon/Binaries/Phone%20Tools/Debugger/target/x64/msvsmon.exe to C:\Program Files (x86)\Microsoft Visual Studio\2017\Community\CoreCon\Binaries\Phone Tools\Debugger\target\x64\msvsmon.exe
[0b00:0004][2017-10-17T09:47:47] Completed: Copying file /Contents/CoreCon/Binaries/Phone%20Tools/Debugger/target/x64/msvsmon.exe to C:\Program Files (x86)\Microsoft Visual Studio\2017\Community\CoreCon\Binaries\Phone Tools\Debugger\target\x64\msvsmon.exe
[0b00:0004][2017-10-17T09:47:47] Timestamp updated for file 'C:\Program Files (x86)\Microsoft Visual Studio\2017\Community\CoreCon\Binaries\Phone Tools\Debugger\target\x64\msvsmon.exe'.
[0b00:0004][2017-10-17T09:47:47] Processing file /Contents/CoreCon/Binaries/Phone%20Tools/Debugger/target/x64/msvsmon.exe.config
[0b00:0004][2017-10-17T09:47:47] Started: Copying file /Contents/CoreCon/Binaries/Phone%20Tools/Debugger/target/x64/msvsmon.exe.config to C:\Program Files (x86)\Microsoft Visual Studio\2017\Community\CoreCon\Binaries\Phone Tools\Debugger\target\x64\msvsmon.exe.config
[0b00:0004][2017-10-17T09:47:47] Completed: Copying file /Contents/CoreCon/Binaries/Phone%20Tools/Debugger/target/x64/msvsmon.exe.config to C:\Program Files (x86)\Microsoft Visual Studio\2017\Community\CoreCon\Binaries\Phone Tools\Debugger\target\x64\msvsmon.exe.config
[0b00:0004][2017-10-17T09:47:47] Timestamp updated for file 'C:\Program Files (x86)\Microsoft Visual Studio\2017\Community\CoreCon\Binaries\Phone Tools\Debugger\target\x64\msvsmon.exe.config'.
[0b00:0004][2017-10-17T09:47:47] Processing file /Contents/CoreCon/Binaries/Phone%20Tools/Debugger/target/x64/pdm.dll
[0b00:0004][2017-10-17T09:47:47] Started: Copying file /Contents/CoreCon/Binaries/Phone%20Tools/Debugger/target/x64/pdm.dll to C:\Program Files (x86)\Microsoft Visual Studio\2017\Community\CoreCon\Binaries\Phone Tools\Debugger\target\x64\pdm.dll
[0b00:0004][2017-10-17T09:47:47] Completed: Copying file /Contents/CoreCon/Binaries/Phone%20Tools/Debugger/target/x64/pdm.dll to C:\Program Files (x86)\Microsoft Visual Studio\2017\Community\CoreCon\Binaries\Phone Tools\Debugger\target\x64\pdm.dll
[0b00:0004][2017-10-17T09:47:47] Timestamp updated for file 'C:\Program Files (x86)\Microsoft Visual Studio\2017\Community\CoreCon\Binaries\Phone Tools\Debugger\target\x64\pdm.dll'.
[0b00:0004][2017-10-17T09:47:47] Processing file /Contents/CoreCon/Binaries/Phone%20Tools/Debugger/target/x64/pdmproxy100.dll
[0b00:0004][2017-10-17T09:47:47] Started: Copying file /Contents/CoreCon/Binaries/Phone%20Tools/Debugger/target/x64/pdmproxy100.dll to C:\Program Files (x86)\Microsoft Visual Studio\2017\Community\CoreCon\Binaries\Phone Tools\Debugger\target\x64\pdmproxy100.dll
[0b00:0004][2017-10-17T09:47:47] Completed: Copying file /Contents/CoreCon/Binaries/Phone%20Tools/Debugger/target/x64/pdmproxy100.dll to C:\Program Files (x86)\Microsoft Visual Studio\2017\Community\CoreCon\Binaries\Phone Tools\Debugger\target\x64\pdmproxy100.dll
[0b00:0004][2017-10-17T09:47:47] Timestamp updated for file 'C:\Program Files (x86)\Microsoft Visual Studio\2017\Community\CoreCon\Binaries\Phone Tools\Debugger\target\x64\pdmproxy100.dll'.
[0b00:0004][2017-10-17T09:47:47] Processing file /Contents/CoreCon/Binaries/Phone%20Tools/Debugger/target/x64/pdmproxy140.dll
[0b00:0004][2017-10-17T09:47:47] Started: Copying file /Contents/CoreCon/Binaries/Phone%20Tools/Debugger/target/x64/pdmproxy140.dll to C:\Program Files (x86)\Microsoft Visual Studio\2017\Community\CoreCon\Binaries\Phone Tools\Debugger\target\x64\pdmproxy140.dll
[0b00:0004][2017-10-17T09:47:47] Completed: Copying file /Contents/CoreCon/Binaries/Phone%20Tools/Debugger/target/x64/pdmproxy140.dll to C:\Program Files (x86)\Microsoft Visual Studio\2017\Community\CoreCon\Binaries\Phone Tools\Debugger\target\x64\pdmproxy140.dll
[0b00:0004][2017-10-17T09:47:47] Timestamp updated for file 'C:\Program Files (x86)\Microsoft Visual Studio\2017\Community\CoreCon\Binaries\Phone Tools\Debugger\target\x64\pdmproxy140.dll'.
[0b00:0004][2017-10-17T09:47:47] Processing file /Contents/CoreCon/Binaries/Phone%20Tools/Debugger/target/x64/vcruntime140.dll
[0b00:0004][2017-10-17T09:47:47] Started: Copying file /Contents/CoreCon/Binaries/Phone%20Tools/Debugger/target/x64/vcruntime140.dll to C:\Program Files (x86)\Microsoft Visual Studio\2017\Community\CoreCon\Binaries\Phone Tools\Debugger\target\x64\vcruntime140.dll
[0b00:0004][2017-10-17T09:47:47] Completed: Copying file /Contents/CoreCon/Binaries/Phone%20Tools/Debugger/target/x64/vcruntime140.dll to C:\Program Files (x86)\Microsoft Visual Studio\2017\Community\CoreCon\Binaries\Phone Tools\Debugger\target\x64\vcruntime140.dll
[0b00:0004][2017-10-17T09:47:47] Timestamp updated for file 'C:\Program Files (x86)\Microsoft Visual Studio\2017\Community\CoreCon\Binaries\Phone Tools\Debugger\target\x64\vcruntime140.dll'.
[0b00:0004][2017-10-17T09:47:47] Processing file /Contents/CoreCon/Binaries/Phone%20Tools/Debugger/target/x64/vsdebugeng.dll
[0b00:0004][2017-10-17T09:47:47] Started: Copying file /Contents/CoreCon/Binaries/Phone%20Tools/Debugger/target/x64/vsdebugeng.dll to C:\Program Files (x86)\Microsoft Visual Studio\2017\Community\CoreCon\Binaries\Phone Tools\Debugger\target\x64\vsdebugeng.dll
[0b00:0004][2017-10-17T09:47:47] Completed: Copying file /Contents/CoreCon/Binaries/Phone%20Tools/Debugger/target/x64/vsdebugeng.dll to C:\Program Files (x86)\Microsoft Visual Studio\2017\Community\CoreCon\Binaries\Phone Tools\Debugger\target\x64\vsdebugeng.dll
[0b00:0004][2017-10-17T09:47:47] Timestamp updated for file 'C:\Program Files (x86)\Microsoft Visual Studio\2017\Community\CoreCon\Binaries\Phone Tools\Debugger\target\x64\vsdebugeng.dll'.
[0b00:0004][2017-10-17T09:47:47] Processing file /Contents/CoreCon/Binaries/Phone%20Tools/Debugger/target/x64/vsdebugeng.impl.dll
[0b00:0004][2017-10-17T09:47:47] Started: Copying file /Contents/CoreCon/Binaries/Phone%20Tools/Debugger/target/x64/vsdebugeng.impl.dll to C:\Program Files (x86)\Microsoft Visual Studio\2017\Community\CoreCon\Binaries\Phone Tools\Debugger\target\x64\vsdebugeng.impl.dll
[0b00:0004][2017-10-17T09:47:47] Completed: Copying file /Contents/CoreCon/Binaries/Phone%20Tools/Debugger/target/x64/vsdebugeng.impl.dll to C:\Program Files (x86)\Microsoft Visual Studio\2017\Community\CoreCon\Binaries\Phone Tools\Debugger\target\x64\vsdebugeng.impl.dll
[0b00:0004][2017-10-17T09:47:47] Timestamp updated for file 'C:\Program Files (x86)\Microsoft Visual Studio\2017\Community\CoreCon\Binaries\Phone Tools\Debugger\target\x64\vsdebugeng.impl.dll'.
[0b00:0004][2017-10-17T09:47:47] Processing file /Contents/CoreCon/Binaries/Phone%20Tools/Debugger/target/x64/vsdebugeng.script.dll
[0b00:0004][2017-10-17T09:47:47] Started: Copying file /Contents/CoreCon/Binaries/Phone%20Tools/Debugger/target/x64/vsdebugeng.script.dll to C:\Program Files (x86)\Microsoft Visual Studio\2017\Community\CoreCon\Binaries\Phone Tools\Debugger\target\x64\vsdebugeng.script.dll
[0b00:0004][2017-10-17T09:47:47] Completed: Copying file /Contents/CoreCon/Binaries/Phone%20Tools/Debugger/target/x64/vsdebugeng.script.dll to C:\Program Files (x86)\Microsoft Visual Studio\2017\Community\CoreCon\Binaries\Phone Tools\Debugger\target\x64\vsdebugeng.script.dll
[0b00:0004][2017-10-17T09:47:47] Timestamp updated for file 'C:\Program Files (x86)\Microsoft Visual Studio\2017\Community\CoreCon\Binaries\Phone Tools\Debugger\target\x64\vsdebugeng.script.dll'.
[0b00:0004][2017-10-17T09:47:47] Processing file /Contents/CoreCon/Binaries/Phone%20Tools/Debugger/target/x64/VSDebugLaunchNotify.exe
[0b00:0004][2017-10-17T09:47:47] Started: Copying file /Contents/CoreCon/Binaries/Phone%20Tools/Debugger/target/x64/VSDebugLaunchNotify.exe to C:\Program Files (x86)\Microsoft Visual Studio\2017\Community\CoreCon\Binaries\Phone Tools\Debugger\target\x64\VSDebugLaunchNotify.exe
[0b00:0004][2017-10-17T09:47:47] Completed: Copying file /Contents/CoreCon/Binaries/Phone%20Tools/Debugger/target/x64/VSDebugLaunchNotify.exe to C:\Program Files (x86)\Microsoft Visual Studio\2017\Community\CoreCon\Binaries\Phone Tools\Debugger\target\x64\VSDebugLaunchNotify.exe
[0b00:0004][2017-10-17T09:47:47] Timestamp updated for file 'C:\Program Files (x86)\Microsoft Visual Studio\2017\Community\CoreCon\Binaries\Phone Tools\Debugger\target\x64\VSDebugLaunchNotify.exe'.
[0b00:0004][2017-10-17T09:47:47] Processing file /Contents/CoreCon/Binaries/Phone%20Tools/Debugger/target/x64/VSDebugScriptAgent150.dll
[0b00:0004][2017-10-17T09:47:47] Started: Copying file /Contents/CoreCon/Binaries/Phone%20Tools/Debugger/target/x64/VSDebugScriptAgent150.dll to C:\Program Files (x86)\Microsoft Visual Studio\2017\Community\CoreCon\Binaries\Phone Tools\Debugger\target\x64\VSDebugScriptAgent150.dll
[0b00:0004][2017-10-17T09:47:47] Completed: Copying file /Contents/CoreCon/Binaries/Phone%20Tools/Debugger/target/x64/VSDebugScriptAgent150.dll to C:\Program Files (x86)\Microsoft Visual Studio\2017\Community\CoreCon\Binaries\Phone Tools\Debugger\target\x64\VSDebugScriptAgent150.dll
[0b00:0004][2017-10-17T09:47:47] Timestamp updated for file 'C:\Program Files (x86)\Microsoft Visual Studio\2017\Community\CoreCon\Binaries\Phone Tools\Debugger\target\x64\VSDebugScriptAgent150.dll'.
[0b00:0004][2017-10-17T09:47:47] Package executed successfully. Return code: 0
