[0b00:0004][2017-10-17T09:46:34] Opening the package for processing
[0b00:0004][2017-10-17T09:46:34] Using package payload to get the embedded manifest
[0b00:0004][2017-10-17T09:46:34] Getting list of files within the package
[0b00:0004][2017-10-17T09:46:34] Processing file /Contents/Common7/IDE/CommonExtensions/Platform/Debugger/crashdump.ico
[0b00:0004][2017-10-17T09:46:34] Started: Copying file /Contents/Common7/IDE/CommonExtensions/Platform/Debugger/crashdump.ico to C:\Program Files (x86)\Microsoft Visual Studio\2017\Community\Common7\IDE\CommonExtensions\Platform\Debugger\crashdump.ico
[0b00:0004][2017-10-17T09:46:34] Completed: Copying file /Contents/Common7/IDE/CommonExtensions/Platform/Debugger/crashdump.ico to C:\Program Files (x86)\Microsoft Visual Studio\2017\Community\Common7\IDE\CommonExtensions\Platform\Debugger\crashdump.ico
[0b00:0004][2017-10-17T09:46:34] Timestamp updated for file 'C:\Program Files (x86)\Microsoft Visual Studio\2017\Community\Common7\IDE\CommonExtensions\Platform\Debugger\crashdump.ico'.
[0b00:0004][2017-10-17T09:46:34] Processing file /Contents/Common7/IDE/CommonExtensions/Platform/Debugger/DbgHelp.pkgdef
[0b00:0004][2017-10-17T09:46:34] Started: Copying file /Contents/Common7/IDE/CommonExtensions/Platform/Debugger/DbgHelp.pkgdef to C:\Program Files (x86)\Microsoft Visual Studio\2017\Community\Common7\IDE\CommonExtensions\Platform\Debugger\DbgHelp.pkgdef
[0b00:0004][2017-10-17T09:46:34] Completed: Copying file /Contents/Common7/IDE/CommonExtensions/Platform/Debugger/DbgHelp.pkgdef to C:\Program Files (x86)\Microsoft Visual Studio\2017\Community\Common7\IDE\CommonExtensions\Platform\Debugger\DbgHelp.pkgdef
[0b00:0004][2017-10-17T09:46:34] Timestamp updated for file 'C:\Program Files (x86)\Microsoft Visual Studio\2017\Community\Common7\IDE\CommonExtensions\Platform\Debugger\DbgHelp.pkgdef'.
[0b00:0004][2017-10-17T09:46:34] Processing file /Contents/Common7/IDE/CommonExtensions/Platform/Debugger/ENCMgr.pkgdef
[0b00:0004][2017-10-17T09:46:34] Started: Copying file /Contents/Common7/IDE/CommonExtensions/Platform/Debugger/ENCMgr.pkgdef to C:\Program Files (x86)\Microsoft Visual Studio\2017\Community\Common7\IDE\CommonExtensions\Platform\Debugger\ENCMgr.pkgdef
[0b00:0004][2017-10-17T09:46:34] Completed: Copying file /Contents/Common7/IDE/CommonExtensions/Platform/Debugger/ENCMgr.pkgdef to C:\Program Files (x86)\Microsoft Visual Studio\2017\Community\Common7\IDE\CommonExtensions\Platform\Debugger\ENCMgr.pkgdef
[0b00:0004][2017-10-17T09:46:34] Timestamp updated for file 'C:\Program Files (x86)\Microsoft Visual Studio\2017\Community\Common7\IDE\CommonExtensions\Platform\Debugger\ENCMgr.pkgdef'.
[0b00:0004][2017-10-17T09:46:34] Processing file /Contents/Common7/IDE/CommonExtensions/Platform/Debugger/extension.vsixmanifest
[0b00:0004][2017-10-17T09:46:34] Started: Copying file /Contents/Common7/IDE/CommonExtensions/Platform/Debugger/extension.vsixmanifest to C:\Program Files (x86)\Microsoft Visual Studio\2017\Community\Common7\IDE\CommonExtensions\Platform\Debugger\extension.vsixmanifest
[0b00:0004][2017-10-17T09:46:34] Completed: Copying file /Contents/Common7/IDE/CommonExtensions/Platform/Debugger/extension.vsixmanifest to C:\Program Files (x86)\Microsoft Visual Studio\2017\Community\Common7\IDE\CommonExtensions\Platform\Debugger\extension.vsixmanifest
[0b00:0004][2017-10-17T09:46:34] Timestamp updated for file 'C:\Program Files (x86)\Microsoft Visual Studio\2017\Community\Common7\IDE\CommonExtensions\Platform\Debugger\extension.vsixmanifest'.
[0b00:0004][2017-10-17T09:46:34] Processing file /Contents/Common7/IDE/CommonExtensions/Platform/Debugger/Microsoft.Diagnostics.FastSerialization.dll
[0b00:0004][2017-10-17T09:46:34] Started: Copying file /Contents/Common7/IDE/CommonExtensions/Platform/Debugger/Microsoft.Diagnostics.FastSerialization.dll to C:\Program Files (x86)\Microsoft Visual Studio\2017\Community\Common7\IDE\CommonExtensions\Platform\Debugger\Microsoft.Diagnostics.FastSerialization.dll
[0b00:0004][2017-10-17T09:46:34] Completed: Copying file /Contents/Common7/IDE/CommonExtensions/Platform/Debugger/Microsoft.Diagnostics.FastSerialization.dll to C:\Program Files (x86)\Microsoft Visual Studio\2017\Community\Common7\IDE\CommonExtensions\Platform\Debugger\Microsoft.Diagnostics.FastSerialization.dll
[0b00:0004][2017-10-17T09:46:34] Timestamp updated for file 'C:\Program Files (x86)\Microsoft Visual Studio\2017\Community\Common7\IDE\CommonExtensions\Platform\Debugger\Microsoft.Diagnostics.FastSerialization.dll'.
[0b00:0004][2017-10-17T09:46:34] Processing file /Contents/Common7/IDE/CommonExtensions/Platform/Debugger/Microsoft.Diagnostics.HeapDump.dll
[0b00:0004][2017-10-17T09:46:34] Started: Copying file /Contents/Common7/IDE/CommonExtensions/Platform/Debugger/Microsoft.Diagnostics.HeapDump.dll to C:\Program Files (x86)\Microsoft Visual Studio\2017\Community\Common7\IDE\CommonExtensions\Platform\Debugger\Microsoft.Diagnostics.HeapDump.dll
[0b00:0004][2017-10-17T09:46:34] Completed: Copying file /Contents/Common7/IDE/CommonExtensions/Platform/Debugger/Microsoft.Diagnostics.HeapDump.dll to C:\Program Files (x86)\Microsoft Visual Studio\2017\Community\Common7\IDE\CommonExtensions\Platform\Debugger\Microsoft.Diagnostics.HeapDump.dll
[0b00:0004][2017-10-17T09:46:34] Timestamp updated for file 'C:\Program Files (x86)\Microsoft Visual Studio\2017\Community\Common7\IDE\CommonExtensions\Platform\Debugger\Microsoft.Diagnostics.HeapDump.dll'.
[0b00:0004][2017-10-17T09:46:34] Processing file /Contents/Common7/IDE/CommonExtensions/Platform/Debugger/Microsoft.Diagnostics.MemoryGraph.dll
[0b00:0004][2017-10-17T09:46:34] Started: Copying file /Contents/Common7/IDE/CommonExtensions/Platform/Debugger/Microsoft.Diagnostics.MemoryGraph.dll to C:\Program Files (x86)\Microsoft Visual Studio\2017\Community\Common7\IDE\CommonExtensions\Platform\Debugger\Microsoft.Diagnostics.MemoryGraph.dll
[0b00:0004][2017-10-17T09:46:34] Completed: Copying file /Contents/Common7/IDE/CommonExtensions/Platform/Debugger/Microsoft.Diagnostics.MemoryGraph.dll to C:\Program Files (x86)\Microsoft Visual Studio\2017\Community\Common7\IDE\CommonExtensions\Platform\Debugger\Microsoft.Diagnostics.MemoryGraph.dll
[0b00:0004][2017-10-17T09:46:34] Timestamp updated for file 'C:\Program Files (x86)\Microsoft Visual Studio\2017\Community\Common7\IDE\CommonExtensions\Platform\Debugger\Microsoft.Diagnostics.MemoryGraph.dll'.
[0b00:0004][2017-10-17T09:46:34] Processing file /Contents/Common7/IDE/CommonExtensions/Platform/Debugger/Microsoft.Diagnostics.Utilities.dll
[0b00:0004][2017-10-17T09:46:34] Started: Copying file /Contents/Common7/IDE/CommonExtensions/Platform/Debugger/Microsoft.Diagnostics.Utilities.dll to C:\Program Files (x86)\Microsoft Visual Studio\2017\Community\Common7\IDE\CommonExtensions\Platform\Debugger\Microsoft.Diagnostics.Utilities.dll
[0b00:0004][2017-10-17T09:46:34] Completed: Copying file /Contents/Common7/IDE/CommonExtensions/Platform/Debugger/Microsoft.Diagnostics.Utilities.dll to C:\Program Files (x86)\Microsoft Visual Studio\2017\Community\Common7\IDE\CommonExtensions\Platform\Debugger\Microsoft.Diagnostics.Utilities.dll
[0b00:0004][2017-10-17T09:46:34] Timestamp updated for file 'C:\Program Files (x86)\Microsoft Visual Studio\2017\Community\Common7\IDE\CommonExtensions\Platform\Debugger\Microsoft.Diagnostics.Utilities.dll'.
[0b00:0004][2017-10-17T09:46:34] Processing file /Contents/Common7/IDE/CommonExtensions/Platform/Debugger/OpenFolderSchema.json
[0b00:0004][2017-10-17T09:46:34] Started: Copying file /Contents/Common7/IDE/CommonExtensions/Platform/Debugger/OpenFolderSchema.json to C:\Program Files (x86)\Microsoft Visual Studio\2017\Community\Common7\IDE\CommonExtensions\Platform\Debugger\OpenFolderSchema.json
[0b00:0004][2017-10-17T09:46:34] Completed: Copying file /Contents/Common7/IDE/CommonExtensions/Platform/Debugger/OpenFolderSchema.json to C:\Program Files (x86)\Microsoft Visual Studio\2017\Community\Common7\IDE\CommonExtensions\Platform\Debugger\OpenFolderSchema.json
[0b00:0004][2017-10-17T09:46:34] Timestamp updated for file 'C:\Program Files (x86)\Microsoft Visual Studio\2017\Community\Common7\IDE\CommonExtensions\Platform\Debugger\OpenFolderSchema.json'.
[0b00:0004][2017-10-17T09:46:34] Processing file /Contents/Common7/IDE/CommonExtensions/Platform/Debugger/SymbolLocator.pkgdef
[0b00:0004][2017-10-17T09:46:34] Started: Copying file /Contents/Common7/IDE/CommonExtensions/Platform/Debugger/SymbolLocator.pkgdef to C:\Program Files (x86)\Microsoft Visual Studio\2017\Community\Common7\IDE\CommonExtensions\Platform\Debugger\SymbolLocator.pkgdef
[0b00:0004][2017-10-17T09:46:34] Completed: Copying file /Contents/Common7/IDE/CommonExtensions/Platform/Debugger/SymbolLocator.pkgdef to C:\Program Files (x86)\Microsoft Visual Studio\2017\Community\Common7\IDE\CommonExtensions\Platform\Debugger\SymbolLocator.pkgdef
[0b00:0004][2017-10-17T09:46:34] Timestamp updated for file 'C:\Program Files (x86)\Microsoft Visual Studio\2017\Community\Common7\IDE\CommonExtensions\Platform\Debugger\SymbolLocator.pkgdef'.
[0b00:0004][2017-10-17T09:46:34] Processing file /Contents/Common7/IDE/CommonExtensions/Platform/Debugger/vsdebug.imagemanifest
[0b00:0004][2017-10-17T09:46:34] Started: Copying file /Contents/Common7/IDE/CommonExtensions/Platform/Debugger/vsdebug.imagemanifest to C:\Program Files (x86)\Microsoft Visual Studio\2017\Community\Common7\IDE\CommonExtensions\Platform\Debugger\vsdebug.imagemanifest
[0b00:0004][2017-10-17T09:46:34] Completed: Copying file /Contents/Common7/IDE/CommonExtensions/Platform/Debugger/vsdebug.imagemanifest to C:\Program Files (x86)\Microsoft Visual Studio\2017\Community\Common7\IDE\CommonExtensions\Platform\Debugger\vsdebug.imagemanifest
[0b00:0004][2017-10-17T09:46:34] Timestamp updated for file 'C:\Program Files (x86)\Microsoft Visual Studio\2017\Community\Common7\IDE\CommonExtensions\Platform\Debugger\vsdebug.imagemanifest'.
[0b00:0004][2017-10-17T09:46:34] Processing file /Contents/Common7/IDE/CommonExtensions/Platform/Debugger/VSDebug.pkgdef
[0b00:0004][2017-10-17T09:46:34] Started: Copying file /Contents/Common7/IDE/CommonExtensions/Platform/Debugger/VSDebug.pkgdef to C:\Program Files (x86)\Microsoft Visual Studio\2017\Community\Common7\IDE\CommonExtensions\Platform\Debugger\VSDebug.pkgdef
[0b00:0004][2017-10-17T09:46:34] Completed: Copying file /Contents/Common7/IDE/CommonExtensions/Platform/Debugger/VSDebug.pkgdef to C:\Program Files (x86)\Microsoft Visual Studio\2017\Community\Common7\IDE\CommonExtensions\Platform\Debugger\VSDebug.pkgdef
[0b00:0004][2017-10-17T09:46:34] Timestamp updated for file 'C:\Program Files (x86)\Microsoft Visual Studio\2017\Community\Common7\IDE\CommonExtensions\Platform\Debugger\VSDebug.pkgdef'.
[0b00:0004][2017-10-17T09:46:34] Processing file /Contents/Common7/IDE/CommonExtensions/Platform/Debugger/VsDebugCoreUI.dll
[0b00:0004][2017-10-17T09:46:34] Started: Copying file /Contents/Common7/IDE/CommonExtensions/Platform/Debugger/VsDebugCoreUI.dll to C:\Program Files (x86)\Microsoft Visual Studio\2017\Community\Common7\IDE\CommonExtensions\Platform\Debugger\VsDebugCoreUI.dll
[0b00:0004][2017-10-17T09:46:34] Completed: Copying file /Contents/Common7/IDE/CommonExtensions/Platform/Debugger/VsDebugCoreUI.dll to C:\Program Files (x86)\Microsoft Visual Studio\2017\Community\Common7\IDE\CommonExtensions\Platform\Debugger\VsDebugCoreUI.dll
[0b00:0004][2017-10-17T09:46:34] Timestamp updated for file 'C:\Program Files (x86)\Microsoft Visual Studio\2017\Community\Common7\IDE\CommonExtensions\Platform\Debugger\VsDebugCoreUI.dll'.
[0b00:0004][2017-10-17T09:46:34] Queueing C:\Program Files (x86)\Microsoft Visual Studio\2017\Community\Common7\IDE\CommonExtensions\Platform\Debugger\VsDebugCoreUI.dll for X86 ngen
[0b00:0004][2017-10-17T09:46:34] Successfully queued file '/Contents/Common7/IDE/CommonExtensions/Platform/Debugger/VsDebugCoreUI.dll' for ngen
[0b00:0004][2017-10-17T09:46:34] Processing file /Contents/Common7/IDE/CommonExtensions/Platform/Debugger/VsDebugCoreUI.pkgdef
[0b00:0004][2017-10-17T09:46:34] Started: Copying file /Contents/Common7/IDE/CommonExtensions/Platform/Debugger/VsDebugCoreUI.pkgdef to C:\Program Files (x86)\Microsoft Visual Studio\2017\Community\Common7\IDE\CommonExtensions\Platform\Debugger\VsDebugCoreUI.pkgdef
[0b00:0004][2017-10-17T09:46:34] Completed: Copying file /Contents/Common7/IDE/CommonExtensions/Platform/Debugger/VsDebugCoreUI.pkgdef to C:\Program Files (x86)\Microsoft Visual Studio\2017\Community\Common7\IDE\CommonExtensions\Platform\Debugger\VsDebugCoreUI.pkgdef
[0b00:0004][2017-10-17T09:46:34] Timestamp updated for file 'C:\Program Files (x86)\Microsoft Visual Studio\2017\Community\Common7\IDE\CommonExtensions\Platform\Debugger\VsDebugCoreUI.pkgdef'.
[0b00:0004][2017-10-17T09:46:34] Processing file /Contents/Common7/IDE/CommonExtensions/Platform/Debugger/VSDebugEng_Impl_Core.pkgdef
[0b00:0004][2017-10-17T09:46:34] Started: Copying file /Contents/Common7/IDE/CommonExtensions/Platform/Debugger/VSDebugEng_Impl_Core.pkgdef to C:\Program Files (x86)\Microsoft Visual Studio\2017\Community\Common7\IDE\CommonExtensions\Platform\Debugger\VSDebugEng_Impl_Core.pkgdef
[0b00:0004][2017-10-17T09:46:34] Completed: Copying file /Contents/Common7/IDE/CommonExtensions/Platform/Debugger/VSDebugEng_Impl_Core.pkgdef to C:\Program Files (x86)\Microsoft Visual Studio\2017\Community\Common7\IDE\CommonExtensions\Platform\Debugger\VSDebugEng_Impl_Core.pkgdef
[0b00:0004][2017-10-17T09:46:34] Timestamp updated for file 'C:\Program Files (x86)\Microsoft Visual Studio\2017\Community\Common7\IDE\CommonExtensions\Platform\Debugger\VSDebugEng_Impl_Core.pkgdef'.
[0b00:0004][2017-10-17T09:46:34] Processing file /Contents/Common7/IDE/CommonExtensions/Platform/Debugger/VSDebugEng_Impl_Engine.pkgdef
[0b00:0004][2017-10-17T09:46:34] Started: Copying file /Contents/Common7/IDE/CommonExtensions/Platform/Debugger/VSDebugEng_Impl_Engine.pkgdef to C:\Program Files (x86)\Microsoft Visual Studio\2017\Community\Common7\IDE\CommonExtensions\Platform\Debugger\VSDebugEng_Impl_Engine.pkgdef
[0b00:0004][2017-10-17T09:46:34] Completed: Copying file /Contents/Common7/IDE/CommonExtensions/Platform/Debugger/VSDebugEng_Impl_Engine.pkgdef to C:\Program Files (x86)\Microsoft Visual Studio\2017\Community\Common7\IDE\CommonExtensions\Platform\Debugger\VSDebugEng_Impl_Engine.pkgdef
[0b00:0004][2017-10-17T09:46:34] Timestamp updated for file 'C:\Program Files (x86)\Microsoft Visual Studio\2017\Community\Common7\IDE\CommonExtensions\Platform\Debugger\VSDebugEng_Impl_Engine.pkgdef'.
[0b00:0004][2017-10-17T09:46:34] Processing file /Contents/Common7/IDE/CommonExtensions/Platform/Debugger/VsDebugPresentationPackage.dll
[0b00:0004][2017-10-17T09:46:34] Started: Copying file /Contents/Common7/IDE/CommonExtensions/Platform/Debugger/VsDebugPresentationPackage.dll to C:\Program Files (x86)\Microsoft Visual Studio\2017\Community\Common7\IDE\CommonExtensions\Platform\Debugger\VsDebugPresentationPackage.dll
[0b00:0004][2017-10-17T09:46:34] Completed: Copying file /Contents/Common7/IDE/CommonExtensions/Platform/Debugger/VsDebugPresentationPackage.dll to C:\Program Files (x86)\Microsoft Visual Studio\2017\Community\Common7\IDE\CommonExtensions\Platform\Debugger\VsDebugPresentationPackage.dll
[0b00:0004][2017-10-17T09:46:34] Timestamp updated for file 'C:\Program Files (x86)\Microsoft Visual Studio\2017\Community\Common7\IDE\CommonExtensions\Platform\Debugger\VsDebugPresentationPackage.dll'.
[0b00:0004][2017-10-17T09:46:34] Queueing C:\Program Files (x86)\Microsoft Visual Studio\2017\Community\Common7\IDE\CommonExtensions\Platform\Debugger\VsDebugPresentationPackage.dll for X86 ngen
[0b00:0004][2017-10-17T09:46:34] Successfully queued file '/Contents/Common7/IDE/CommonExtensions/Platform/Debugger/VsDebugPresentationPackage.dll' for ngen
[0b00:0004][2017-10-17T09:46:34] Processing file /Contents/Common7/IDE/CommonExtensions/Platform/Debugger/VsDebugPresentationPackage.pkgdef
[0b00:0004][2017-10-17T09:46:34] Started: Copying file /Contents/Common7/IDE/CommonExtensions/Platform/Debugger/VsDebugPresentationPackage.pkgdef to C:\Program Files (x86)\Microsoft Visual Studio\2017\Community\Common7\IDE\CommonExtensions\Platform\Debugger\VsDebugPresentationPackage.pkgdef
[0b00:0004][2017-10-17T09:46:34] Completed: Copying file /Contents/Common7/IDE/CommonExtensions/Platform/Debugger/VsDebugPresentationPackage.pkgdef to C:\Program Files (x86)\Microsoft Visual Studio\2017\Community\Common7\IDE\CommonExtensions\Platform\Debugger\VsDebugPresentationPackage.pkgdef
[0b00:0004][2017-10-17T09:46:34] Timestamp updated for file 'C:\Program Files (x86)\Microsoft Visual Studio\2017\Community\Common7\IDE\CommonExtensions\Platform\Debugger\VsDebugPresentationPackage.pkgdef'.
[0b00:0004][2017-10-17T09:46:34] Processing file /Contents/Common7/IDE/CommonExtensions/Platform/Debugger/WebViews/BptDiagnosticCommon/Icons/add_row.png
[0b00:0004][2017-10-17T09:46:34] Started: Copying file /Contents/Common7/IDE/CommonExtensions/Platform/Debugger/WebViews/BptDiagnosticCommon/Icons/add_row.png to C:\Program Files (x86)\Microsoft Visual Studio\2017\Community\Common7\IDE\CommonExtensions\Platform\Debugger\WebViews\BptDiagnosticCommon\Icons\add_row.png
[0b00:0004][2017-10-17T09:46:34] Completed: Copying file /Contents/Common7/IDE/CommonExtensions/Platform/Debugger/WebViews/BptDiagnosticCommon/Icons/add_row.png to C:\Program Files (x86)\Microsoft Visual Studio\2017\Community\Common7\IDE\CommonExtensions\Platform\Debugger\WebViews\BptDiagnosticCommon\Icons\add_row.png
[0b00:0004][2017-10-17T09:46:34] Timestamp updated for file 'C:\Program Files (x86)\Microsoft Visual Studio\2017\Community\Common7\IDE\CommonExtensions\Platform\Debugger\WebViews\BptDiagnosticCommon\Icons\add_row.png'.
[0b00:0004][2017-10-17T09:46:34] Processing file /Contents/Common7/IDE/CommonExtensions/Platform/Debugger/WebViews/BptDiagnosticCommon/Icons/columnmove.png
[0b00:0004][2017-10-17T09:46:34] Started: Copying file /Contents/Common7/IDE/CommonExtensions/Platform/Debugger/WebViews/BptDiagnosticCommon/Icons/columnmove.png to C:\Program Files (x86)\Microsoft Visual Studio\2017\Community\Common7\IDE\CommonExtensions\Platform\Debugger\WebViews\BptDiagnosticCommon\Icons\columnmove.png
[0b00:0004][2017-10-17T09:46:34] Completed: Copying file /Contents/Common7/IDE/CommonExtensions/Platform/Debugger/WebViews/BptDiagnosticCommon/Icons/columnmove.png to C:\Program Files (x86)\Microsoft Visual Studio\2017\Community\Common7\IDE\CommonExtensions\Platform\Debugger\WebViews\BptDiagnosticCommon\Icons\columnmove.png
[0b00:0004][2017-10-17T09:46:34] Timestamp updated for file 'C:\Program Files (x86)\Microsoft Visual Studio\2017\Community\Common7\IDE\CommonExtensions\Platform\Debugger\WebViews\BptDiagnosticCommon\Icons\columnmove.png'.
[0b00:0004][2017-10-17T09:46:34] Processing file /Contents/Common7/IDE/CommonExtensions/Platform/Debugger/WebViews/BptDiagnosticCommon/Icons/common-icons.png
[0b00:0004][2017-10-17T09:46:34] Started: Copying file /Contents/Common7/IDE/CommonExtensions/Platform/Debugger/WebViews/BptDiagnosticCommon/Icons/common-icons.png to C:\Program Files (x86)\Microsoft Visual Studio\2017\Community\Common7\IDE\CommonExtensions\Platform\Debugger\WebViews\BptDiagnosticCommon\Icons\common-icons.png
[0b00:0004][2017-10-17T09:46:34] Completed: Copying file /Contents/Common7/IDE/CommonExtensions/Platform/Debugger/WebViews/BptDiagnosticCommon/Icons/common-icons.png to C:\Program Files (x86)\Microsoft Visual Studio\2017\Community\Common7\IDE\CommonExtensions\Platform\Debugger\WebViews\BptDiagnosticCommon\Icons\common-icons.png
[0b00:0004][2017-10-17T09:46:34] Timestamp updated for file 'C:\Program Files (x86)\Microsoft Visual Studio\2017\Community\Common7\IDE\CommonExtensions\Platform\Debugger\WebViews\BptDiagnosticCommon\Icons\common-icons.png'.
[0b00:0004][2017-10-17T09:46:34] Processing file /Contents/Common7/IDE/CommonExtensions/Platform/Debugger/WebViews/BptDiagnosticCommon/Icons/copy.png
[0b00:0004][2017-10-17T09:46:34] Started: Copying file /Contents/Common7/IDE/CommonExtensions/Platform/Debugger/WebViews/BptDiagnosticCommon/Icons/copy.png to C:\Program Files (x86)\Microsoft Visual Studio\2017\Community\Common7\IDE\CommonExtensions\Platform\Debugger\WebViews\BptDiagnosticCommon\Icons\copy.png
[0b00:0004][2017-10-17T09:46:34] Completed: Copying file /Contents/Common7/IDE/CommonExtensions/Platform/Debugger/WebViews/BptDiagnosticCommon/Icons/copy.png to C:\Program Files (x86)\Microsoft Visual Studio\2017\Community\Common7\IDE\CommonExtensions\Platform\Debugger\WebViews\BptDiagnosticCommon\Icons\copy.png
[0b00:0004][2017-10-17T09:46:34] Timestamp updated for file 'C:\Program Files (x86)\Microsoft Visual Studio\2017\Community\Common7\IDE\CommonExtensions\Platform\Debugger\WebViews\BptDiagnosticCommon\Icons\copy.png'.
[0b00:0004][2017-10-17T09:46:34] Processing file /Contents/Common7/IDE/CommonExtensions/Platform/Debugger/WebViews/BptDiagnosticCommon/Icons/itemCollapsedIcon.png
[0b00:0004][2017-10-17T09:46:34] Started: Copying file /Contents/Common7/IDE/CommonExtensions/Platform/Debugger/WebViews/BptDiagnosticCommon/Icons/itemCollapsedIcon.png to C:\Program Files (x86)\Microsoft Visual Studio\2017\Community\Common7\IDE\CommonExtensions\Platform\Debugger\WebViews\BptDiagnosticCommon\Icons\itemCollapsedIcon.png
[0b00:0004][2017-10-17T09:46:34] Completed: Copying file /Contents/Common7/IDE/CommonExtensions/Platform/Debugger/WebViews/BptDiagnosticCommon/Icons/itemCollapsedIcon.png to C:\Program Files (x86)\Microsoft Visual Studio\2017\Community\Common7\IDE\CommonExtensions\Platform\Debugger\WebViews\BptDiagnosticCommon\Icons\itemCollapsedIcon.png
[0b00:0004][2017-10-17T09:46:34] Timestamp updated for file 'C:\Program Files (x86)\Microsoft Visual Studio\2017\Community\Common7\IDE\CommonExtensions\Platform\Debugger\WebViews\BptDiagnosticCommon\Icons\itemCollapsedIcon.png'.
[0b00:0004][2017-10-17T09:46:34] Processing file /Contents/Common7/IDE/CommonExtensions/Platform/Debugger/WebViews/BptDiagnosticCommon/Icons/itemExpandedIcon.png
[0b00:0004][2017-10-17T09:46:34] Started: Copying file /Contents/Common7/IDE/CommonExtensions/Platform/Debugger/WebViews/BptDiagnosticCommon/Icons/itemExpandedIcon.png to C:\Program Files (x86)\Microsoft Visual Studio\2017\Community\Common7\IDE\CommonExtensions\Platform\Debugger\WebViews\BptDiagnosticCommon\Icons\itemExpandedIcon.png
[0b00:0004][2017-10-17T09:46:34] Completed: Copying file /Contents/Common7/IDE/CommonExtensions/Platform/Debugger/WebViews/BptDiagnosticCommon/Icons/itemExpandedIcon.png to C:\Program Files (x86)\Microsoft Visual Studio\2017\Community\Common7\IDE\CommonExtensions\Platform\Debugger\WebViews\BptDiagnosticCommon\Icons\itemExpandedIcon.png
[0b00:0004][2017-10-17T09:46:34] Timestamp updated for file 'C:\Program Files (x86)\Microsoft Visual Studio\2017\Community\Common7\IDE\CommonExtensions\Platform\Debugger\WebViews\BptDiagnosticCommon\Icons\itemExpandedIcon.png'.
[0b00:0004][2017-10-17T09:46:34] Processing file /Contents/Common7/IDE/CommonExtensions/Platform/Debugger/WebViews/BptDiagnosticCommon/Icons/misc-icons.png
[0b00:0004][2017-10-17T09:46:34] Started: Copying file /Contents/Common7/IDE/CommonExtensions/Platform/Debugger/WebViews/BptDiagnosticCommon/Icons/misc-icons.png to C:\Program Files (x86)\Microsoft Visual Studio\2017\Community\Common7\IDE\CommonExtensions\Platform\Debugger\WebViews\BptDiagnosticCommon\Icons\misc-icons.png
[0b00:0004][2017-10-17T09:46:34] Completed: Copying file /Contents/Common7/IDE/CommonExtensions/Platform/Debugger/WebViews/BptDiagnosticCommon/Icons/misc-icons.png to C:\Program Files (x86)\Microsoft Visual Studio\2017\Community\Common7\IDE\CommonExtensions\Platform\Debugger\WebViews\BptDiagnosticCommon\Icons\misc-icons.png
[0b00:0004][2017-10-17T09:46:34] Timestamp updated for file 'C:\Program Files (x86)\Microsoft Visual Studio\2017\Community\Common7\IDE\CommonExtensions\Platform\Debugger\WebViews\BptDiagnosticCommon\Icons\misc-icons.png'.
[0b00:0004][2017-10-17T09:46:34] Processing file /Contents/Common7/IDE/CommonExtensions/Platform/Debugger/WebViews/BptDiagnosticCommon/Icons/tree-icons.png
[0b00:0004][2017-10-17T09:46:34] Started: Copying file /Contents/Common7/IDE/CommonExtensions/Platform/Debugger/WebViews/BptDiagnosticCommon/Icons/tree-icons.png to C:\Program Files (x86)\Microsoft Visual Studio\2017\Community\Common7\IDE\CommonExtensions\Platform\Debugger\WebViews\BptDiagnosticCommon\Icons\tree-icons.png
[0b00:0004][2017-10-17T09:46:34] Completed: Copying file /Contents/Common7/IDE/CommonExtensions/Platform/Debugger/WebViews/BptDiagnosticCommon/Icons/tree-icons.png to C:\Program Files (x86)\Microsoft Visual Studio\2017\Community\Common7\IDE\CommonExtensions\Platform\Debugger\WebViews\BptDiagnosticCommon\Icons\tree-icons.png
[0b00:0004][2017-10-17T09:46:34] Timestamp updated for file 'C:\Program Files (x86)\Microsoft Visual Studio\2017\Community\Common7\IDE\CommonExtensions\Platform\Debugger\WebViews\BptDiagnosticCommon\Icons\tree-icons.png'.
[0b00:0004][2017-10-17T09:46:34] Processing file /Contents/Common7/IDE/CommonExtensions/Platform/Debugger/WebViews/BptDiagnosticCommon/JSTreeDynamicGridControl.js
[0b00:0004][2017-10-17T09:46:34] Started: Copying file /Contents/Common7/IDE/CommonExtensions/Platform/Debugger/WebViews/BptDiagnosticCommon/JSTreeDynamicGridControl.js to C:\Program Files (x86)\Microsoft Visual Studio\2017\Community\Common7\IDE\CommonExtensions\Platform\Debugger\WebViews\BptDiagnosticCommon\JSTreeDynamicGridControl.js
[0b00:0004][2017-10-17T09:46:34] Completed: Copying file /Contents/Common7/IDE/CommonExtensions/Platform/Debugger/WebViews/BptDiagnosticCommon/JSTreeDynamicGridControl.js to C:\Program Files (x86)\Microsoft Visual Studio\2017\Community\Common7\IDE\CommonExtensions\Platform\Debugger\WebViews\BptDiagnosticCommon\JSTreeDynamicGridControl.js
[0b00:0004][2017-10-17T09:46:34] Timestamp updated for file 'C:\Program Files (x86)\Microsoft Visual Studio\2017\Community\Common7\IDE\CommonExtensions\Platform\Debugger\WebViews\BptDiagnosticCommon\JSTreeDynamicGridControl.js'.
[0b00:0004][2017-10-17T09:46:34] Processing file /Contents/Common7/IDE/CommonExtensions/Platform/Debugger/WebViews/BptDiagnosticCommon/MicrosoftAjax-4.0.0.0.debug.js
[0b00:0004][2017-10-17T09:46:34] Started: Copying file /Contents/Common7/IDE/CommonExtensions/Platform/Debugger/WebViews/BptDiagnosticCommon/MicrosoftAjax-4.0.0.0.debug.js to C:\Program Files (x86)\Microsoft Visual Studio\2017\Community\Common7\IDE\CommonExtensions\Platform\Debugger\WebViews\BptDiagnosticCommon\MicrosoftAjax-4.0.0.0.debug.js
[0b00:0004][2017-10-17T09:46:34] Completed: Copying file /Contents/Common7/IDE/CommonExtensions/Platform/Debugger/WebViews/BptDiagnosticCommon/MicrosoftAjax-4.0.0.0.debug.js to C:\Program Files (x86)\Microsoft Visual Studio\2017\Community\Common7\IDE\CommonExtensions\Platform\Debugger\WebViews\BptDiagnosticCommon\MicrosoftAjax-4.0.0.0.debug.js
[0b00:0004][2017-10-17T09:46:34] Timestamp updated for file 'C:\Program Files (x86)\Microsoft Visual Studio\2017\Community\Common7\IDE\CommonExtensions\Platform\Debugger\WebViews\BptDiagnosticCommon\MicrosoftAjax-4.0.0.0.debug.js'.
[0b00:0004][2017-10-17T09:46:34] Processing file /Contents/Common7/IDE/CommonExtensions/Platform/Debugger/WebViews/camera.png
[0b00:0004][2017-10-17T09:46:34] Started: Copying file /Contents/Common7/IDE/CommonExtensions/Platform/Debugger/WebViews/camera.png to C:\Program Files (x86)\Microsoft Visual Studio\2017\Community\Common7\IDE\CommonExtensions\Platform\Debugger\WebViews\camera.png
[0b00:0004][2017-10-17T09:46:34] Completed: Copying file /Contents/Common7/IDE/CommonExtensions/Platform/Debugger/WebViews/camera.png to C:\Program Files (x86)\Microsoft Visual Studio\2017\Community\Common7\IDE\CommonExtensions\Platform\Debugger\WebViews\camera.png
[0b00:0004][2017-10-17T09:46:34] Timestamp updated for file 'C:\Program Files (x86)\Microsoft Visual Studio\2017\Community\Common7\IDE\CommonExtensions\Platform\Debugger\WebViews\camera.png'.
[0b00:0004][2017-10-17T09:46:34] Processing file /Contents/Common7/IDE/CommonExtensions/Platform/Debugger/WebViews/camera.svg
[0b00:0004][2017-10-17T09:46:34] Started: Copying file /Contents/Common7/IDE/CommonExtensions/Platform/Debugger/WebViews/camera.svg to C:\Program Files (x86)\Microsoft Visual Studio\2017\Community\Common7\IDE\CommonExtensions\Platform\Debugger\WebViews\camera.svg
[0b00:0004][2017-10-17T09:46:34] Completed: Copying file /Contents/Common7/IDE/CommonExtensions/Platform/Debugger/WebViews/camera.svg to C:\Program Files (x86)\Microsoft Visual Studio\2017\Community\Common7\IDE\CommonExtensions\Platform\Debugger\WebViews\camera.svg
[0b00:0004][2017-10-17T09:46:34] Timestamp updated for file 'C:\Program Files (x86)\Microsoft Visual Studio\2017\Community\Common7\IDE\CommonExtensions\Platform\Debugger\WebViews\camera.svg'.
[0b00:0004][2017-10-17T09:46:34] Processing file /Contents/Common7/IDE/CommonExtensions/Platform/Debugger/WebViews/delete.png
[0b00:0004][2017-10-17T09:46:34] Started: Copying file /Contents/Common7/IDE/CommonExtensions/Platform/Debugger/WebViews/delete.png to C:\Program Files (x86)\Microsoft Visual Studio\2017\Community\Common7\IDE\CommonExtensions\Platform\Debugger\WebViews\delete.png
[0b00:0004][2017-10-17T09:46:34] Completed: Copying file /Contents/Common7/IDE/CommonExtensions/Platform/Debugger/WebViews/delete.png to C:\Program Files (x86)\Microsoft Visual Studio\2017\Community\Common7\IDE\CommonExtensions\Platform\Debugger\WebViews\delete.png
[0b00:0004][2017-10-17T09:46:34] Timestamp updated for file 'C:\Program Files (x86)\Microsoft Visual Studio\2017\Community\Common7\IDE\CommonExtensions\Platform\Debugger\WebViews\delete.png'.
[0b00:0004][2017-10-17T09:46:34] Processing file /Contents/Common7/IDE/CommonExtensions/Platform/Debugger/WebViews/DiagnosticsHub.js
[0b00:0004][2017-10-17T09:46:34] Started: Copying file /Contents/Common7/IDE/CommonExtensions/Platform/Debugger/WebViews/DiagnosticsHub.js to C:\Program Files (x86)\Microsoft Visual Studio\2017\Community\Common7\IDE\CommonExtensions\Platform\Debugger\WebViews\DiagnosticsHub.js
[0b00:0004][2017-10-17T09:46:34] Completed: Copying file /Contents/Common7/IDE/CommonExtensions/Platform/Debugger/WebViews/DiagnosticsHub.js to C:\Program Files (x86)\Microsoft Visual Studio\2017\Community\Common7\IDE\CommonExtensions\Platform\Debugger\WebViews\DiagnosticsHub.js
[0b00:0004][2017-10-17T09:46:34] Timestamp updated for file 'C:\Program Files (x86)\Microsoft Visual Studio\2017\Community\Common7\IDE\CommonExtensions\Platform\Debugger\WebViews\DiagnosticsHub.js'.
[0b00:0004][2017-10-17T09:46:34] Processing file /Contents/Common7/IDE/CommonExtensions/Platform/Debugger/WebViews/gcGlyph.png
[0b00:0004][2017-10-17T09:46:34] Started: Copying file /Contents/Common7/IDE/CommonExtensions/Platform/Debugger/WebViews/gcGlyph.png to C:\Program Files (x86)\Microsoft Visual Studio\2017\Community\Common7\IDE\CommonExtensions\Platform\Debugger\WebViews\gcGlyph.png
[0b00:0004][2017-10-17T09:46:34] Completed: Copying file /Contents/Common7/IDE/CommonExtensions/Platform/Debugger/WebViews/gcGlyph.png to C:\Program Files (x86)\Microsoft Visual Studio\2017\Community\Common7\IDE\CommonExtensions\Platform\Debugger\WebViews\gcGlyph.png
[0b00:0004][2017-10-17T09:46:34] Timestamp updated for file 'C:\Program Files (x86)\Microsoft Visual Studio\2017\Community\Common7\IDE\CommonExtensions\Platform\Debugger\WebViews\gcGlyph.png'.
[0b00:0004][2017-10-17T09:46:34] Processing file /Contents/Common7/IDE/CommonExtensions/Platform/Debugger/WebViews/grid.css
[0b00:0004][2017-10-17T09:46:34] Started: Copying file /Contents/Common7/IDE/CommonExtensions/Platform/Debugger/WebViews/grid.css to C:\Program Files (x86)\Microsoft Visual Studio\2017\Community\Common7\IDE\CommonExtensions\Platform\Debugger\WebViews\grid.css
[0b00:0004][2017-10-17T09:46:34] Completed: Copying file /Contents/Common7/IDE/CommonExtensions/Platform/Debugger/WebViews/grid.css to C:\Program Files (x86)\Microsoft Visual Studio\2017\Community\Common7\IDE\CommonExtensions\Platform\Debugger\WebViews\grid.css
[0b00:0004][2017-10-17T09:46:34] Timestamp updated for file 'C:\Program Files (x86)\Microsoft Visual Studio\2017\Community\Common7\IDE\CommonExtensions\Platform\Debugger\WebViews\grid.css'.
[0b00:0004][2017-10-17T09:46:34] Processing file /Contents/Common7/IDE/CommonExtensions/Platform/Debugger/WebViews/inspect.png
[0b00:0004][2017-10-17T09:46:34] Started: Copying file /Contents/Common7/IDE/CommonExtensions/Platform/Debugger/WebViews/inspect.png to C:\Program Files (x86)\Microsoft Visual Studio\2017\Community\Common7\IDE\CommonExtensions\Platform\Debugger\WebViews\inspect.png
[0b00:0004][2017-10-17T09:46:34] Completed: Copying file /Contents/Common7/IDE/CommonExtensions/Platform/Debugger/WebViews/inspect.png to C:\Program Files (x86)\Microsoft Visual Studio\2017\Community\Common7\IDE\CommonExtensions\Platform\Debugger\WebViews\inspect.png
[0b00:0004][2017-10-17T09:46:34] Timestamp updated for file 'C:\Program Files (x86)\Microsoft Visual Studio\2017\Community\Common7\IDE\CommonExtensions\Platform\Debugger\WebViews\inspect.png'.
[0b00:0004][2017-10-17T09:46:34] Processing file /Contents/Common7/IDE/CommonExtensions/Platform/Debugger/WebViews/ManagedHeapViewer.js
[0b00:0004][2017-10-17T09:46:34] Started: Copying file /Contents/Common7/IDE/CommonExtensions/Platform/Debugger/WebViews/ManagedHeapViewer.js to C:\Program Files (x86)\Microsoft Visual Studio\2017\Community\Common7\IDE\CommonExtensions\Platform\Debugger\WebViews\ManagedHeapViewer.js
[0b00:0004][2017-10-17T09:46:34] Completed: Copying file /Contents/Common7/IDE/CommonExtensions/Platform/Debugger/WebViews/ManagedHeapViewer.js to C:\Program Files (x86)\Microsoft Visual Studio\2017\Community\Common7\IDE\CommonExtensions\Platform\Debugger\WebViews\ManagedHeapViewer.js
[0b00:0004][2017-10-17T09:46:34] Timestamp updated for file 'C:\Program Files (x86)\Microsoft Visual Studio\2017\Community\Common7\IDE\CommonExtensions\Platform\Debugger\WebViews\ManagedHeapViewer.js'.
[0b00:0004][2017-10-17T09:46:34] Processing file /Contents/Common7/IDE/CommonExtensions/Platform/Debugger/WebViews/ManagedMemoryHelpers.js
[0b00:0004][2017-10-17T09:46:34] Started: Copying file /Contents/Common7/IDE/CommonExtensions/Platform/Debugger/WebViews/ManagedMemoryHelpers.js to C:\Program Files (x86)\Microsoft Visual Studio\2017\Community\Common7\IDE\CommonExtensions\Platform\Debugger\WebViews\ManagedMemoryHelpers.js
[0b00:0004][2017-10-17T09:46:34] Completed: Copying file /Contents/Common7/IDE/CommonExtensions/Platform/Debugger/WebViews/ManagedMemoryHelpers.js to C:\Program Files (x86)\Microsoft Visual Studio\2017\Community\Common7\IDE\CommonExtensions\Platform\Debugger\WebViews\ManagedMemoryHelpers.js
[0b00:0004][2017-10-17T09:46:34] Timestamp updated for file 'C:\Program Files (x86)\Microsoft Visual Studio\2017\Community\Common7\IDE\CommonExtensions\Platform\Debugger\WebViews\ManagedMemoryHelpers.js'.
[0b00:0004][2017-10-17T09:46:34] Processing file /Contents/Common7/IDE/CommonExtensions/Platform/Debugger/WebViews/ManagedMemorySnapshotDetailView.css
[0b00:0004][2017-10-17T09:46:34] Started: Copying file /Contents/Common7/IDE/CommonExtensions/Platform/Debugger/WebViews/ManagedMemorySnapshotDetailView.css to C:\Program Files (x86)\Microsoft Visual Studio\2017\Community\Common7\IDE\CommonExtensions\Platform\Debugger\WebViews\ManagedMemorySnapshotDetailView.css
[0b00:0004][2017-10-17T09:46:34] Completed: Copying file /Contents/Common7/IDE/CommonExtensions/Platform/Debugger/WebViews/ManagedMemorySnapshotDetailView.css to C:\Program Files (x86)\Microsoft Visual Studio\2017\Community\Common7\IDE\CommonExtensions\Platform\Debugger\WebViews\ManagedMemorySnapshotDetailView.css
[0b00:0004][2017-10-17T09:46:34] Timestamp updated for file 'C:\Program Files (x86)\Microsoft Visual Studio\2017\Community\Common7\IDE\CommonExtensions\Platform\Debugger\WebViews\ManagedMemorySnapshotDetailView.css'.
[0b00:0004][2017-10-17T09:46:34] Processing file /Contents/Common7/IDE/CommonExtensions/Platform/Debugger/WebViews/ManagedMemorySnapshotDetailView.html
[0b00:0004][2017-10-17T09:46:34] Started: Copying file /Contents/Common7/IDE/CommonExtensions/Platform/Debugger/WebViews/ManagedMemorySnapshotDetailView.html to C:\Program Files (x86)\Microsoft Visual Studio\2017\Community\Common7\IDE\CommonExtensions\Platform\Debugger\WebViews\ManagedMemorySnapshotDetailView.html
[0b00:0004][2017-10-17T09:46:34] Completed: Copying file /Contents/Common7/IDE/CommonExtensions/Platform/Debugger/WebViews/ManagedMemorySnapshotDetailView.html to C:\Program Files (x86)\Microsoft Visual Studio\2017\Community\Common7\IDE\CommonExtensions\Platform\Debugger\WebViews\ManagedMemorySnapshotDetailView.html
[0b00:0004][2017-10-17T09:46:34] Timestamp updated for file 'C:\Program Files (x86)\Microsoft Visual Studio\2017\Community\Common7\IDE\CommonExtensions\Platform\Debugger\WebViews\ManagedMemorySnapshotDetailView.html'.
[0b00:0004][2017-10-17T09:46:34] Processing file /Contents/Common7/IDE/CommonExtensions/Platform/Debugger/WebViews/ManagedMemorySnapshotDetailView.manifest.json
[0b00:0004][2017-10-17T09:46:34] Started: Copying file /Contents/Common7/IDE/CommonExtensions/Platform/Debugger/WebViews/ManagedMemorySnapshotDetailView.manifest.json to C:\Program Files (x86)\Microsoft Visual Studio\2017\Community\Common7\IDE\CommonExtensions\Platform\Debugger\WebViews\ManagedMemorySnapshotDetailView.manifest.json
[0b00:0004][2017-10-17T09:46:34] Completed: Copying file /Contents/Common7/IDE/CommonExtensions/Platform/Debugger/WebViews/ManagedMemorySnapshotDetailView.manifest.json to C:\Program Files (x86)\Microsoft Visual Studio\2017\Community\Common7\IDE\CommonExtensions\Platform\Debugger\WebViews\ManagedMemorySnapshotDetailView.manifest.json
[0b00:0004][2017-10-17T09:46:34] Timestamp updated for file 'C:\Program Files (x86)\Microsoft Visual Studio\2017\Community\Common7\IDE\CommonExtensions\Platform\Debugger\WebViews\ManagedMemorySnapshotDetailView.manifest.json'.
[0b00:0004][2017-10-17T09:46:34] Processing file /Contents/Common7/IDE/CommonExtensions/Platform/Debugger/WebViews/ManagedMemorySummaryView.css
[0b00:0004][2017-10-17T09:46:34] Started: Copying file /Contents/Common7/IDE/CommonExtensions/Platform/Debugger/WebViews/ManagedMemorySummaryView.css to C:\Program Files (x86)\Microsoft Visual Studio\2017\Community\Common7\IDE\CommonExtensions\Platform\Debugger\WebViews\ManagedMemorySummaryView.css
[0b00:0004][2017-10-17T09:46:34] Completed: Copying file /Contents/Common7/IDE/CommonExtensions/Platform/Debugger/WebViews/ManagedMemorySummaryView.css to C:\Program Files (x86)\Microsoft Visual Studio\2017\Community\Common7\IDE\CommonExtensions\Platform\Debugger\WebViews\ManagedMemorySummaryView.css
[0b00:0004][2017-10-17T09:46:34] Timestamp updated for file 'C:\Program Files (x86)\Microsoft Visual Studio\2017\Community\Common7\IDE\CommonExtensions\Platform\Debugger\WebViews\ManagedMemorySummaryView.css'.
[0b00:0004][2017-10-17T09:46:34] Processing file /Contents/Common7/IDE/CommonExtensions/Platform/Debugger/WebViews/ManagedMemorySummaryView.html
[0b00:0004][2017-10-17T09:46:34] Started: Copying file /Contents/Common7/IDE/CommonExtensions/Platform/Debugger/WebViews/ManagedMemorySummaryView.html to C:\Program Files (x86)\Microsoft Visual Studio\2017\Community\Common7\IDE\CommonExtensions\Platform\Debugger\WebViews\ManagedMemorySummaryView.html
[0b00:0004][2017-10-17T09:46:34] Completed: Copying file /Contents/Common7/IDE/CommonExtensions/Platform/Debugger/WebViews/ManagedMemorySummaryView.html to C:\Program Files (x86)\Microsoft Visual Studio\2017\Community\Common7\IDE\CommonExtensions\Platform\Debugger\WebViews\ManagedMemorySummaryView.html
[0b00:0004][2017-10-17T09:46:34] Timestamp updated for file 'C:\Program Files (x86)\Microsoft Visual Studio\2017\Community\Common7\IDE\CommonExtensions\Platform\Debugger\WebViews\ManagedMemorySummaryView.html'.
[0b00:0004][2017-10-17T09:46:34] Processing file /Contents/Common7/IDE/CommonExtensions/Platform/Debugger/WebViews/ManagedMemorySummaryView.manifest.json
[0b00:0004][2017-10-17T09:46:34] Started: Copying file /Contents/Common7/IDE/CommonExtensions/Platform/Debugger/WebViews/ManagedMemorySummaryView.manifest.json to C:\Program Files (x86)\Microsoft Visual Studio\2017\Community\Common7\IDE\CommonExtensions\Platform\Debugger\WebViews\ManagedMemorySummaryView.manifest.json
[0b00:0004][2017-10-17T09:46:34] Completed: Copying file /Contents/Common7/IDE/CommonExtensions/Platform/Debugger/WebViews/ManagedMemorySummaryView.manifest.json to C:\Program Files (x86)\Microsoft Visual Studio\2017\Community\Common7\IDE\CommonExtensions\Platform\Debugger\WebViews\ManagedMemorySummaryView.manifest.json
[0b00:0004][2017-10-17T09:46:34] Timestamp updated for file 'C:\Program Files (x86)\Microsoft Visual Studio\2017\Community\Common7\IDE\CommonExtensions\Platform\Debugger\WebViews\ManagedMemorySummaryView.manifest.json'.
[0b00:0004][2017-10-17T09:46:34] Processing file /Contents/Common7/IDE/CommonExtensions/Platform/Debugger/WebViews/ManagedSummaryViewer.js
[0b00:0004][2017-10-17T09:46:34] Started: Copying file /Contents/Common7/IDE/CommonExtensions/Platform/Debugger/WebViews/ManagedSummaryViewer.js to C:\Program Files (x86)\Microsoft Visual Studio\2017\Community\Common7\IDE\CommonExtensions\Platform\Debugger\WebViews\ManagedSummaryViewer.js
[0b00:0004][2017-10-17T09:46:34] Completed: Copying file /Contents/Common7/IDE/CommonExtensions/Platform/Debugger/WebViews/ManagedSummaryViewer.js to C:\Program Files (x86)\Microsoft Visual Studio\2017\Community\Common7\IDE\CommonExtensions\Platform\Debugger\WebViews\ManagedSummaryViewer.js
[0b00:0004][2017-10-17T09:46:34] Timestamp updated for file 'C:\Program Files (x86)\Microsoft Visual Studio\2017\Community\Common7\IDE\CommonExtensions\Platform\Debugger\WebViews\ManagedSummaryViewer.js'.
[0b00:0004][2017-10-17T09:46:34] Processing file /Contents/Common7/IDE/CommonExtensions/Platform/Debugger/WebViews/memory.svg
[0b00:0004][2017-10-17T09:46:34] Started: Copying file /Contents/Common7/IDE/CommonExtensions/Platform/Debugger/WebViews/memory.svg to C:\Program Files (x86)\Microsoft Visual Studio\2017\Community\Common7\IDE\CommonExtensions\Platform\Debugger\WebViews\memory.svg
[0b00:0004][2017-10-17T09:46:34] Completed: Copying file /Contents/Common7/IDE/CommonExtensions/Platform/Debugger/WebViews/memory.svg to C:\Program Files (x86)\Microsoft Visual Studio\2017\Community\Common7\IDE\CommonExtensions\Platform\Debugger\WebViews\memory.svg
[0b00:0004][2017-10-17T09:46:34] Timestamp updated for file 'C:\Program Files (x86)\Microsoft Visual Studio\2017\Community\Common7\IDE\CommonExtensions\Platform\Debugger\WebViews\memory.svg'.
[0b00:0004][2017-10-17T09:46:34] Processing file /Contents/Common7/IDE/CommonExtensions/Platform/Debugger/WebViews/mma_icons.png
[0b00:0004][2017-10-17T09:46:34] Started: Copying file /Contents/Common7/IDE/CommonExtensions/Platform/Debugger/WebViews/mma_icons.png to C:\Program Files (x86)\Microsoft Visual Studio\2017\Community\Common7\IDE\CommonExtensions\Platform\Debugger\WebViews\mma_icons.png
[0b00:0004][2017-10-17T09:46:34] Completed: Copying file /Contents/Common7/IDE/CommonExtensions/Platform/Debugger/WebViews/mma_icons.png to C:\Program Files (x86)\Microsoft Visual Studio\2017\Community\Common7\IDE\CommonExtensions\Platform\Debugger\WebViews\mma_icons.png
[0b00:0004][2017-10-17T09:46:34] Timestamp updated for file 'C:\Program Files (x86)\Microsoft Visual Studio\2017\Community\Common7\IDE\CommonExtensions\Platform\Debugger\WebViews\mma_icons.png'.
[0b00:0004][2017-10-17T09:46:34] Processing file /Contents/Common7/IDE/CommonExtensions/Platform/Debugger/WebViews/plugin.js
[0b00:0004][2017-10-17T09:46:34] Started: Copying file /Contents/Common7/IDE/CommonExtensions/Platform/Debugger/WebViews/plugin.js to C:\Program Files (x86)\Microsoft Visual Studio\2017\Community\Common7\IDE\CommonExtensions\Platform\Debugger\WebViews\plugin.js
[0b00:0004][2017-10-17T09:46:34] Completed: Copying file /Contents/Common7/IDE/CommonExtensions/Platform/Debugger/WebViews/plugin.js to C:\Program Files (x86)\Microsoft Visual Studio\2017\Community\Common7\IDE\CommonExtensions\Platform\Debugger\WebViews\plugin.js
[0b00:0004][2017-10-17T09:46:34] Timestamp updated for file 'C:\Program Files (x86)\Microsoft Visual Studio\2017\Community\Common7\IDE\CommonExtensions\Platform\Debugger\WebViews\plugin.js'.
[0b00:0004][2017-10-17T09:46:34] Processing file /Contents/Common7/IDE/CommonExtensions/Platform/Debugger/WebViews/snapshotGlyph.png
[0b00:0004][2017-10-17T09:46:34] Started: Copying file /Contents/Common7/IDE/CommonExtensions/Platform/Debugger/WebViews/snapshotGlyph.png to C:\Program Files (x86)\Microsoft Visual Studio\2017\Community\Common7\IDE\CommonExtensions\Platform\Debugger\WebViews\snapshotGlyph.png
[0b00:0004][2017-10-17T09:46:34] Completed: Copying file /Contents/Common7/IDE/CommonExtensions/Platform/Debugger/WebViews/snapshotGlyph.png to C:\Program Files (x86)\Microsoft Visual Studio\2017\Community\Common7\IDE\CommonExtensions\Platform\Debugger\WebViews\snapshotGlyph.png
[0b00:0004][2017-10-17T09:46:34] Timestamp updated for file 'C:\Program Files (x86)\Microsoft Visual Studio\2017\Community\Common7\IDE\CommonExtensions\Platform\Debugger\WebViews\snapshotGlyph.png'.
[0b00:0004][2017-10-17T09:46:34] Processing file /Contents/Common7/IDE/CommonExtensions/Platform/Debugger/WebViews/snapshotpoint.svg
[0b00:0004][2017-10-17T09:46:34] Started: Copying file /Contents/Common7/IDE/CommonExtensions/Platform/Debugger/WebViews/snapshotpoint.svg to C:\Program Files (x86)\Microsoft Visual Studio\2017\Community\Common7\IDE\CommonExtensions\Platform\Debugger\WebViews\snapshotpoint.svg
[0b00:0004][2017-10-17T09:46:34] Completed: Copying file /Contents/Common7/IDE/CommonExtensions/Platform/Debugger/WebViews/snapshotpoint.svg to C:\Program Files (x86)\Microsoft Visual Studio\2017\Community\Common7\IDE\CommonExtensions\Platform\Debugger\WebViews\snapshotpoint.svg
[0b00:0004][2017-10-17T09:46:34] Timestamp updated for file 'C:\Program Files (x86)\Microsoft Visual Studio\2017\Community\Common7\IDE\CommonExtensions\Platform\Debugger\WebViews\snapshotpoint.svg'.
[0b00:0004][2017-10-17T09:46:34] Processing file /Contents/Common7/IDE/CommonExtensions/Platform/Debugger/WebViews/spacer.png
[0b00:0004][2017-10-17T09:46:34] Started: Copying file /Contents/Common7/IDE/CommonExtensions/Platform/Debugger/WebViews/spacer.png to C:\Program Files (x86)\Microsoft Visual Studio\2017\Community\Common7\IDE\CommonExtensions\Platform\Debugger\WebViews\spacer.png
[0b00:0004][2017-10-17T09:46:34] Completed: Copying file /Contents/Common7/IDE/CommonExtensions/Platform/Debugger/WebViews/spacer.png to C:\Program Files (x86)\Microsoft Visual Studio\2017\Community\Common7\IDE\CommonExtensions\Platform\Debugger\WebViews\spacer.png
[0b00:0004][2017-10-17T09:46:34] Timestamp updated for file 'C:\Program Files (x86)\Microsoft Visual Studio\2017\Community\Common7\IDE\CommonExtensions\Platform\Debugger\WebViews\spacer.png'.
[0b00:0004][2017-10-17T09:46:34] Processing file /Contents/Common7/IDE/CommonExtensions/Platform/Debugger/WebViews/watch.png
[0b00:0004][2017-10-17T09:46:34] Started: Copying file /Contents/Common7/IDE/CommonExtensions/Platform/Debugger/WebViews/watch.png to C:\Program Files (x86)\Microsoft Visual Studio\2017\Community\Common7\IDE\CommonExtensions\Platform\Debugger\WebViews\watch.png
[0b00:0004][2017-10-17T09:46:34] Completed: Copying file /Contents/Common7/IDE/CommonExtensions/Platform/Debugger/WebViews/watch.png to C:\Program Files (x86)\Microsoft Visual Studio\2017\Community\Common7\IDE\CommonExtensions\Platform\Debugger\WebViews\watch.png
[0b00:0004][2017-10-17T09:46:34] Timestamp updated for file 'C:\Program Files (x86)\Microsoft Visual Studio\2017\Community\Common7\IDE\CommonExtensions\Platform\Debugger\WebViews\watch.png'.
[0b00:0004][2017-10-17T09:46:34] Processing file /Contents/Common7/IDE/CommonExtensions/Platform/ParallelDebugger/extension.vsixmanifest
[0b00:0004][2017-10-17T09:46:34] Started: Copying file /Contents/Common7/IDE/CommonExtensions/Platform/ParallelDebugger/extension.vsixmanifest to C:\Program Files (x86)\Microsoft Visual Studio\2017\Community\Common7\IDE\CommonExtensions\Platform\ParallelDebugger\extension.vsixmanifest
[0b00:0004][2017-10-17T09:46:34] Completed: Copying file /Contents/Common7/IDE/CommonExtensions/Platform/ParallelDebugger/extension.vsixmanifest to C:\Program Files (x86)\Microsoft Visual Studio\2017\Community\Common7\IDE\CommonExtensions\Platform\ParallelDebugger\extension.vsixmanifest
[0b00:0004][2017-10-17T09:46:34] Timestamp updated for file 'C:\Program Files (x86)\Microsoft Visual Studio\2017\Community\Common7\IDE\CommonExtensions\Platform\ParallelDebugger\extension.vsixmanifest'.
[0b00:0004][2017-10-17T09:46:34] Processing file /Contents/Common7/IDE/CommonExtensions/Platform/ParallelDebugger/Microsoft.VisualStudio.Debugger.Parallel.Extension.dll
[0b00:0004][2017-10-17T09:46:34] Started: Copying file /Contents/Common7/IDE/CommonExtensions/Platform/ParallelDebugger/Microsoft.VisualStudio.Debugger.Parallel.Extension.dll to C:\Program Files (x86)\Microsoft Visual Studio\2017\Community\Common7\IDE\CommonExtensions\Platform\ParallelDebugger\Microsoft.VisualStudio.Debugger.Parallel.Extension.dll
[0b00:0004][2017-10-17T09:46:34] Completed: Copying file /Contents/Common7/IDE/CommonExtensions/Platform/ParallelDebugger/Microsoft.VisualStudio.Debugger.Parallel.Extension.dll to C:\Program Files (x86)\Microsoft Visual Studio\2017\Community\Common7\IDE\CommonExtensions\Platform\ParallelDebugger\Microsoft.VisualStudio.Debugger.Parallel.Extension.dll
[0b00:0004][2017-10-17T09:46:34] Timestamp updated for file 'C:\Program Files (x86)\Microsoft Visual Studio\2017\Community\Common7\IDE\CommonExtensions\Platform\ParallelDebugger\Microsoft.VisualStudio.Debugger.Parallel.Extension.dll'.
[0b00:0004][2017-10-17T09:46:34] Processing file /Contents/Common7/IDE/CommonExtensions/Platform/ParallelDebugger/Microsoft.VisualStudio.Debugger.Parallel.Extension.pkgdef
[0b00:0004][2017-10-17T09:46:34] Started: Copying file /Contents/Common7/IDE/CommonExtensions/Platform/ParallelDebugger/Microsoft.VisualStudio.Debugger.Parallel.Extension.pkgdef to C:\Program Files (x86)\Microsoft Visual Studio\2017\Community\Common7\IDE\CommonExtensions\Platform\ParallelDebugger\Microsoft.VisualStudio.Debugger.Parallel.Extension.pkgdef
[0b00:0004][2017-10-17T09:46:34] Completed: Copying file /Contents/Common7/IDE/CommonExtensions/Platform/ParallelDebugger/Microsoft.VisualStudio.Debugger.Parallel.Extension.pkgdef to C:\Program Files (x86)\Microsoft Visual Studio\2017\Community\Common7\IDE\CommonExtensions\Platform\ParallelDebugger\Microsoft.VisualStudio.Debugger.Parallel.Extension.pkgdef
[0b00:0004][2017-10-17T09:46:34] Timestamp updated for file 'C:\Program Files (x86)\Microsoft Visual Studio\2017\Community\Common7\IDE\CommonExtensions\Platform\ParallelDebugger\Microsoft.VisualStudio.Debugger.Parallel.Extension.pkgdef'.
[0b00:0004][2017-10-17T09:46:34] Processing file /Contents/Common7/IDE/dbgcore.dll
[0b00:0004][2017-10-17T09:46:34] Started: Copying file /Contents/Common7/IDE/dbgcore.dll to C:\Program Files (x86)\Microsoft Visual Studio\2017\Community\Common7\IDE\dbgcore.dll
[0b00:0004][2017-10-17T09:46:34] Completed: Copying file /Contents/Common7/IDE/dbgcore.dll to C:\Program Files (x86)\Microsoft Visual Studio\2017\Community\Common7\IDE\dbgcore.dll
[0b00:0004][2017-10-17T09:46:34] Timestamp updated for file 'C:\Program Files (x86)\Microsoft Visual Studio\2017\Community\Common7\IDE\dbgcore.dll'.
[0b00:0004][2017-10-17T09:46:34] Processing file /Contents/Common7/IDE/dbghelp.dll
[0b00:0004][2017-10-17T09:46:34] Started: Copying file /Contents/Common7/IDE/dbghelp.dll to C:\Program Files (x86)\Microsoft Visual Studio\2017\Community\Common7\IDE\dbghelp.dll
[0b00:0004][2017-10-17T09:46:34] Completed: Copying file /Contents/Common7/IDE/dbghelp.dll to C:\Program Files (x86)\Microsoft Visual Studio\2017\Community\Common7\IDE\dbghelp.dll
[0b00:0004][2017-10-17T09:46:34] Timestamp updated for file 'C:\Program Files (x86)\Microsoft Visual Studio\2017\Community\Common7\IDE\dbghelp.dll'.
[0b00:0004][2017-10-17T09:46:34] Processing file /Contents/Common7/IDE/iisresolver.dll
[0b00:0004][2017-10-17T09:46:34] Started: Copying file /Contents/Common7/IDE/iisresolver.dll to C:\Program Files (x86)\Microsoft Visual Studio\2017\Community\Common7\IDE\iisresolver.dll
[0b00:0004][2017-10-17T09:46:34] Completed: Copying file /Contents/Common7/IDE/iisresolver.dll to C:\Program Files (x86)\Microsoft Visual Studio\2017\Community\Common7\IDE\iisresolver.dll
[0b00:0004][2017-10-17T09:46:34] Timestamp updated for file 'C:\Program Files (x86)\Microsoft Visual Studio\2017\Community\Common7\IDE\iisresolver.dll'.
[0b00:0004][2017-10-17T09:46:34] Processing file /Contents/Common7/IDE/Microsoft.VisualStudio.Debugger.dll
[0b00:0004][2017-10-17T09:46:34] Started: Copying file /Contents/Common7/IDE/Microsoft.VisualStudio.Debugger.dll to C:\Program Files (x86)\Microsoft Visual Studio\2017\Community\Common7\IDE\Microsoft.VisualStudio.Debugger.dll
[0b00:0004][2017-10-17T09:46:34] Completed: Copying file /Contents/Common7/IDE/Microsoft.VisualStudio.Debugger.dll to C:\Program Files (x86)\Microsoft Visual Studio\2017\Community\Common7\IDE\Microsoft.VisualStudio.Debugger.dll
[0b00:0004][2017-10-17T09:46:34] Timestamp updated for file 'C:\Program Files (x86)\Microsoft Visual Studio\2017\Community\Common7\IDE\Microsoft.VisualStudio.Debugger.dll'.
[0b00:0004][2017-10-17T09:46:34] Processing file /Contents/Common7/IDE/Microsoft.VisualStudio.Debugger.Engine.dll
[0b00:0004][2017-10-17T09:46:34] Started: Copying file /Contents/Common7/IDE/Microsoft.VisualStudio.Debugger.Engine.dll to C:\Program Files (x86)\Microsoft Visual Studio\2017\Community\Common7\IDE\Microsoft.VisualStudio.Debugger.Engine.dll
[0b00:0004][2017-10-17T09:46:34] Completed: Copying file /Contents/Common7/IDE/Microsoft.VisualStudio.Debugger.Engine.dll to C:\Program Files (x86)\Microsoft Visual Studio\2017\Community\Common7\IDE\Microsoft.VisualStudio.Debugger.Engine.dll
[0b00:0004][2017-10-17T09:46:34] Timestamp updated for file 'C:\Program Files (x86)\Microsoft Visual Studio\2017\Community\Common7\IDE\Microsoft.VisualStudio.Debugger.Engine.dll'.
[0b00:0004][2017-10-17T09:46:34] Queueing C:\Program Files (x86)\Microsoft Visual Studio\2017\Community\Common7\IDE\Microsoft.VisualStudio.Debugger.Engine.dll for X86 ngen
[0b00:0004][2017-10-17T09:46:34] Successfully queued file '/Contents/Common7/IDE/Microsoft.VisualStudio.Debugger.Engine.dll' for ngen
[0b00:0004][2017-10-17T09:46:34] Processing file /Contents/Common7/IDE/PrivateAssemblies/Microsoft.VisualStudio.Debugger.Interop.Internal.dll
[0b00:0004][2017-10-17T09:46:34] Started: Copying file /Contents/Common7/IDE/PrivateAssemblies/Microsoft.VisualStudio.Debugger.Interop.Internal.dll to C:\Program Files (x86)\Microsoft Visual Studio\2017\Community\Common7\IDE\PrivateAssemblies\Microsoft.VisualStudio.Debugger.Interop.Internal.dll
[0b00:0004][2017-10-17T09:46:34] Completed: Copying file /Contents/Common7/IDE/PrivateAssemblies/Microsoft.VisualStudio.Debugger.Interop.Internal.dll to C:\Program Files (x86)\Microsoft Visual Studio\2017\Community\Common7\IDE\PrivateAssemblies\Microsoft.VisualStudio.Debugger.Interop.Internal.dll
[0b00:0004][2017-10-17T09:46:34] Timestamp updated for file 'C:\Program Files (x86)\Microsoft Visual Studio\2017\Community\Common7\IDE\PrivateAssemblies\Microsoft.VisualStudio.Debugger.Interop.Internal.dll'.
[0b00:0004][2017-10-17T09:46:34] Processing file /Contents/Common7/IDE/PrivateAssemblies/Microsoft.VisualStudio.Debugger.SymbolLocator.Interop.dll
[0b00:0004][2017-10-17T09:46:34] Started: Copying file /Contents/Common7/IDE/PrivateAssemblies/Microsoft.VisualStudio.Debugger.SymbolLocator.Interop.dll to C:\Program Files (x86)\Microsoft Visual Studio\2017\Community\Common7\IDE\PrivateAssemblies\Microsoft.VisualStudio.Debugger.SymbolLocator.Interop.dll
[0b00:0004][2017-10-17T09:46:34] Completed: Copying file /Contents/Common7/IDE/PrivateAssemblies/Microsoft.VisualStudio.Debugger.SymbolLocator.Interop.dll to C:\Program Files (x86)\Microsoft Visual Studio\2017\Community\Common7\IDE\PrivateAssemblies\Microsoft.VisualStudio.Debugger.SymbolLocator.Interop.dll
[0b00:0004][2017-10-17T09:46:34] Timestamp updated for file 'C:\Program Files (x86)\Microsoft Visual Studio\2017\Community\Common7\IDE\PrivateAssemblies\Microsoft.VisualStudio.Debugger.SymbolLocator.Interop.dll'.
[0b00:0004][2017-10-17T09:46:34] Processing file /Contents/Common7/IDE/PrivateAssemblies/Microsoft.VisualStudio.Diagnostics.Common.dll
[0b00:0004][2017-10-17T09:46:34] Started: Copying file /Contents/Common7/IDE/PrivateAssemblies/Microsoft.VisualStudio.Diagnostics.Common.dll to C:\Program Files (x86)\Microsoft Visual Studio\2017\Community\Common7\IDE\PrivateAssemblies\Microsoft.VisualStudio.Diagnostics.Common.dll
[0b00:0004][2017-10-17T09:46:34] Completed: Copying file /Contents/Common7/IDE/PrivateAssemblies/Microsoft.VisualStudio.Diagnostics.Common.dll to C:\Program Files (x86)\Microsoft Visual Studio\2017\Community\Common7\IDE\PrivateAssemblies\Microsoft.VisualStudio.Diagnostics.Common.dll
[0b00:0004][2017-10-17T09:46:34] Timestamp updated for file 'C:\Program Files (x86)\Microsoft Visual Studio\2017\Community\Common7\IDE\PrivateAssemblies\Microsoft.VisualStudio.Diagnostics.Common.dll'.
[0b00:0004][2017-10-17T09:46:34] Queueing C:\Program Files (x86)\Microsoft Visual Studio\2017\Community\Common7\IDE\PrivateAssemblies\Microsoft.VisualStudio.Diagnostics.Common.dll for X86 ngen
[0b00:0004][2017-10-17T09:46:34] Successfully queued file '/Contents/Common7/IDE/PrivateAssemblies/Microsoft.VisualStudio.Diagnostics.Common.dll' for ngen
[0b00:0004][2017-10-17T09:46:34] Processing file /Contents/Common7/IDE/PrivateAssemblies/vsdebugeng.manimpl.dll
[0b00:0004][2017-10-17T09:46:34] Started: Copying file /Contents/Common7/IDE/PrivateAssemblies/vsdebugeng.manimpl.dll to C:\Program Files (x86)\Microsoft Visual Studio\2017\Community\Common7\IDE\PrivateAssemblies\vsdebugeng.manimpl.dll
[0b00:0004][2017-10-17T09:46:34] Completed: Copying file /Contents/Common7/IDE/PrivateAssemblies/vsdebugeng.manimpl.dll to C:\Program Files (x86)\Microsoft Visual Studio\2017\Community\Common7\IDE\PrivateAssemblies\vsdebugeng.manimpl.dll
[0b00:0004][2017-10-17T09:46:34] Timestamp updated for file 'C:\Program Files (x86)\Microsoft Visual Studio\2017\Community\Common7\IDE\PrivateAssemblies\vsdebugeng.manimpl.dll'.
[0b00:0004][2017-10-17T09:46:34] Queueing C:\Program Files (x86)\Microsoft Visual Studio\2017\Community\Common7\IDE\PrivateAssemblies\vsdebugeng.manimpl.dll for X86 ngen
[0b00:0004][2017-10-17T09:46:34] Successfully queued file '/Contents/Common7/IDE/PrivateAssemblies/vsdebugeng.manimpl.dll' for ngen
[0b00:0004][2017-10-17T09:46:34] Processing file /Contents/Common7/IDE/PublicAssemblies/Microsoft.VisualStudio.Debugger.Interop.10.0.dll
[0b00:0004][2017-10-17T09:46:34] Started: Copying file /Contents/Common7/IDE/PublicAssemblies/Microsoft.VisualStudio.Debugger.Interop.10.0.dll to C:\Program Files (x86)\Microsoft Visual Studio\2017\Community\Common7\IDE\PublicAssemblies\Microsoft.VisualStudio.Debugger.Interop.10.0.dll
[0b00:0004][2017-10-17T09:46:34] Completed: Copying file /Contents/Common7/IDE/PublicAssemblies/Microsoft.VisualStudio.Debugger.Interop.10.0.dll to C:\Program Files (x86)\Microsoft Visual Studio\2017\Community\Common7\IDE\PublicAssemblies\Microsoft.VisualStudio.Debugger.Interop.10.0.dll
[0b00:0004][2017-10-17T09:46:34] Timestamp updated for file 'C:\Program Files (x86)\Microsoft Visual Studio\2017\Community\Common7\IDE\PublicAssemblies\Microsoft.VisualStudio.Debugger.Interop.10.0.dll'.
[0b00:0004][2017-10-17T09:46:34] Processing file /Contents/Common7/IDE/PublicAssemblies/Microsoft.VisualStudio.Debugger.Interop.11.0.dll
[0b00:0004][2017-10-17T09:46:34] Started: Copying file /Contents/Common7/IDE/PublicAssemblies/Microsoft.VisualStudio.Debugger.Interop.11.0.dll to C:\Program Files (x86)\Microsoft Visual Studio\2017\Community\Common7\IDE\PublicAssemblies\Microsoft.VisualStudio.Debugger.Interop.11.0.dll
[0b00:0004][2017-10-17T09:46:34] Completed: Copying file /Contents/Common7/IDE/PublicAssemblies/Microsoft.VisualStudio.Debugger.Interop.11.0.dll to C:\Program Files (x86)\Microsoft Visual Studio\2017\Community\Common7\IDE\PublicAssemblies\Microsoft.VisualStudio.Debugger.Interop.11.0.dll
[0b00:0004][2017-10-17T09:46:34] Timestamp updated for file 'C:\Program Files (x86)\Microsoft Visual Studio\2017\Community\Common7\IDE\PublicAssemblies\Microsoft.VisualStudio.Debugger.Interop.11.0.dll'.
[0b00:0004][2017-10-17T09:46:34] Processing file /Contents/Common7/IDE/PublicAssemblies/Microsoft.VisualStudio.Debugger.Interop.12.0.dll
[0b00:0004][2017-10-17T09:46:34] Started: Copying file /Contents/Common7/IDE/PublicAssemblies/Microsoft.VisualStudio.Debugger.Interop.12.0.dll to C:\Program Files (x86)\Microsoft Visual Studio\2017\Community\Common7\IDE\PublicAssemblies\Microsoft.VisualStudio.Debugger.Interop.12.0.dll
[0b00:0004][2017-10-17T09:46:34] Completed: Copying file /Contents/Common7/IDE/PublicAssemblies/Microsoft.VisualStudio.Debugger.Interop.12.0.dll to C:\Program Files (x86)\Microsoft Visual Studio\2017\Community\Common7\IDE\PublicAssemblies\Microsoft.VisualStudio.Debugger.Interop.12.0.dll
[0b00:0004][2017-10-17T09:46:34] Timestamp updated for file 'C:\Program Files (x86)\Microsoft Visual Studio\2017\Community\Common7\IDE\PublicAssemblies\Microsoft.VisualStudio.Debugger.Interop.12.0.dll'.
[0b00:0004][2017-10-17T09:46:34] Processing file /Contents/Common7/IDE/PublicAssemblies/Microsoft.VisualStudio.Debugger.Interop.14.0.dll
[0b00:0004][2017-10-17T09:46:34] Started: Copying file /Contents/Common7/IDE/PublicAssemblies/Microsoft.VisualStudio.Debugger.Interop.14.0.dll to C:\Program Files (x86)\Microsoft Visual Studio\2017\Community\Common7\IDE\PublicAssemblies\Microsoft.VisualStudio.Debugger.Interop.14.0.dll
[0b00:0004][2017-10-17T09:46:34] Completed: Copying file /Contents/Common7/IDE/PublicAssemblies/Microsoft.VisualStudio.Debugger.Interop.14.0.dll to C:\Program Files (x86)\Microsoft Visual Studio\2017\Community\Common7\IDE\PublicAssemblies\Microsoft.VisualStudio.Debugger.Interop.14.0.dll
[0b00:0004][2017-10-17T09:46:34] Timestamp updated for file 'C:\Program Files (x86)\Microsoft Visual Studio\2017\Community\Common7\IDE\PublicAssemblies\Microsoft.VisualStudio.Debugger.Interop.14.0.dll'.
[0b00:0004][2017-10-17T09:46:34] Processing file /Contents/Common7/IDE/PublicAssemblies/Microsoft.VisualStudio.Debugger.Interop.15.0.dll
[0b00:0004][2017-10-17T09:46:34] Started: Copying file /Contents/Common7/IDE/PublicAssemblies/Microsoft.VisualStudio.Debugger.Interop.15.0.dll to C:\Program Files (x86)\Microsoft Visual Studio\2017\Community\Common7\IDE\PublicAssemblies\Microsoft.VisualStudio.Debugger.Interop.15.0.dll
[0b00:0004][2017-10-17T09:46:34] Completed: Copying file /Contents/Common7/IDE/PublicAssemblies/Microsoft.VisualStudio.Debugger.Interop.15.0.dll to C:\Program Files (x86)\Microsoft Visual Studio\2017\Community\Common7\IDE\PublicAssemblies\Microsoft.VisualStudio.Debugger.Interop.15.0.dll
[0b00:0004][2017-10-17T09:46:34] Timestamp updated for file 'C:\Program Files (x86)\Microsoft Visual Studio\2017\Community\Common7\IDE\PublicAssemblies\Microsoft.VisualStudio.Debugger.Interop.15.0.dll'.
[0b00:0004][2017-10-17T09:46:34] Processing file /Contents/Common7/IDE/PublicAssemblies/Microsoft.VisualStudio.Debugger.Interop.dll
[0b00:0004][2017-10-17T09:46:34] Started: Copying file /Contents/Common7/IDE/PublicAssemblies/Microsoft.VisualStudio.Debugger.Interop.dll to C:\Program Files (x86)\Microsoft Visual Studio\2017\Community\Common7\IDE\PublicAssemblies\Microsoft.VisualStudio.Debugger.Interop.dll
[0b00:0004][2017-10-17T09:46:34] Completed: Copying file /Contents/Common7/IDE/PublicAssemblies/Microsoft.VisualStudio.Debugger.Interop.dll to C:\Program Files (x86)\Microsoft Visual Studio\2017\Community\Common7\IDE\PublicAssemblies\Microsoft.VisualStudio.Debugger.Interop.dll
[0b00:0004][2017-10-17T09:46:34] Timestamp updated for file 'C:\Program Files (x86)\Microsoft Visual Studio\2017\Community\Common7\IDE\PublicAssemblies\Microsoft.VisualStudio.Debugger.Interop.dll'.
[0b00:0004][2017-10-17T09:46:34] Processing file /Contents/Common7/IDE/PublicAssemblies/Microsoft.VisualStudio.Debugger.InteropA.dll
[0b00:0004][2017-10-17T09:46:34] Started: Copying file /Contents/Common7/IDE/PublicAssemblies/Microsoft.VisualStudio.Debugger.InteropA.dll to C:\Program Files (x86)\Microsoft Visual Studio\2017\Community\Common7\IDE\PublicAssemblies\Microsoft.VisualStudio.Debugger.InteropA.dll
[0b00:0004][2017-10-17T09:46:34] Completed: Copying file /Contents/Common7/IDE/PublicAssemblies/Microsoft.VisualStudio.Debugger.InteropA.dll to C:\Program Files (x86)\Microsoft Visual Studio\2017\Community\Common7\IDE\PublicAssemblies\Microsoft.VisualStudio.Debugger.InteropA.dll
[0b00:0004][2017-10-17T09:46:34] Timestamp updated for file 'C:\Program Files (x86)\Microsoft Visual Studio\2017\Community\Common7\IDE\PublicAssemblies\Microsoft.VisualStudio.Debugger.InteropA.dll'.
[0b00:0004][2017-10-17T09:46:34] Processing file /Contents/Common7/IDE/srcsrv.dll
[0b00:0004][2017-10-17T09:46:34] Started: Copying file /Contents/Common7/IDE/srcsrv.dll to C:\Program Files (x86)\Microsoft Visual Studio\2017\Community\Common7\IDE\srcsrv.dll
[0b00:0004][2017-10-17T09:46:34] Completed: Copying file /Contents/Common7/IDE/srcsrv.dll to C:\Program Files (x86)\Microsoft Visual Studio\2017\Community\Common7\IDE\srcsrv.dll
[0b00:0004][2017-10-17T09:46:34] Timestamp updated for file 'C:\Program Files (x86)\Microsoft Visual Studio\2017\Community\Common7\IDE\srcsrv.dll'.
[0b00:0004][2017-10-17T09:46:34] Processing file /Contents/Common7/IDE/srcsrv.ini
[0b00:0004][2017-10-17T09:46:34] Started: Copying file /Contents/Common7/IDE/srcsrv.ini to C:\Program Files (x86)\Microsoft Visual Studio\2017\Community\Common7\IDE\srcsrv.ini
[0b00:0004][2017-10-17T09:46:34] Completed: Copying file /Contents/Common7/IDE/srcsrv.ini to C:\Program Files (x86)\Microsoft Visual Studio\2017\Community\Common7\IDE\srcsrv.ini
[0b00:0004][2017-10-17T09:46:34] Timestamp updated for file 'C:\Program Files (x86)\Microsoft Visual Studio\2017\Community\Common7\IDE\srcsrv.ini'.
[0b00:0004][2017-10-17T09:46:34] Processing file /Contents/Common7/IDE/symsrv.dll
[0b00:0004][2017-10-17T09:46:34] Started: Copying file /Contents/Common7/IDE/symsrv.dll to C:\Program Files (x86)\Microsoft Visual Studio\2017\Community\Common7\IDE\symsrv.dll
[0b00:0004][2017-10-17T09:46:34] Completed: Copying file /Contents/Common7/IDE/symsrv.dll to C:\Program Files (x86)\Microsoft Visual Studio\2017\Community\Common7\IDE\symsrv.dll
[0b00:0004][2017-10-17T09:46:34] Timestamp updated for file 'C:\Program Files (x86)\Microsoft Visual Studio\2017\Community\Common7\IDE\symsrv.dll'.
[0b00:0004][2017-10-17T09:46:34] Processing file /Contents/Common7/IDE/symsrv.yes
[0b00:0004][2017-10-17T09:46:34] Started: Copying file /Contents/Common7/IDE/symsrv.yes to C:\Program Files (x86)\Microsoft Visual Studio\2017\Community\Common7\IDE\symsrv.yes
[0b00:0004][2017-10-17T09:46:34] Completed: Copying file /Contents/Common7/IDE/symsrv.yes to C:\Program Files (x86)\Microsoft Visual Studio\2017\Community\Common7\IDE\symsrv.yes
[0b00:0004][2017-10-17T09:46:34] Timestamp updated for file 'C:\Program Files (x86)\Microsoft Visual Studio\2017\Community\Common7\IDE\symsrv.yes'.
[0b00:0004][2017-10-17T09:46:34] Processing file /Contents/Common7/IDE/vsdebugeng.dll
[0b00:0004][2017-10-17T09:46:34] Started: Copying file /Contents/Common7/IDE/vsdebugeng.dll to C:\Program Files (x86)\Microsoft Visual Studio\2017\Community\Common7\IDE\vsdebugeng.dll
[0b00:0004][2017-10-17T09:46:34] Completed: Copying file /Contents/Common7/IDE/vsdebugeng.dll to C:\Program Files (x86)\Microsoft Visual Studio\2017\Community\Common7\IDE\vsdebugeng.dll
[0b00:0004][2017-10-17T09:46:34] Timestamp updated for file 'C:\Program Files (x86)\Microsoft Visual Studio\2017\Community\Common7\IDE\vsdebugeng.dll'.
[0b00:0004][2017-10-17T09:46:34] Processing file /Contents/Common7/IDE/VsDebugWERHelper.exe
[0b00:0004][2017-10-17T09:46:34] Started: Copying file /Contents/Common7/IDE/VsDebugWERHelper.exe to C:\Program Files (x86)\Microsoft Visual Studio\2017\Community\Common7\IDE\VsDebugWERHelper.exe
[0b00:0004][2017-10-17T09:46:34] Completed: Copying file /Contents/Common7/IDE/VsDebugWERHelper.exe to C:\Program Files (x86)\Microsoft Visual Studio\2017\Community\Common7\IDE\VsDebugWERHelper.exe
[0b00:0004][2017-10-17T09:46:34] Timestamp updated for file 'C:\Program Files (x86)\Microsoft Visual Studio\2017\Community\Common7\IDE\VsDebugWERHelper.exe'.
[0b00:0004][2017-10-17T09:46:34] Processing file /Contents/Common7/Packages/Debugger/encmgr.dll
[0b00:0004][2017-10-17T09:46:34] Started: Copying file /Contents/Common7/Packages/Debugger/encmgr.dll to C:\Program Files (x86)\Microsoft Visual Studio\2017\Community\Common7\Packages\Debugger\encmgr.dll
[0b00:0004][2017-10-17T09:46:34] Completed: Copying file /Contents/Common7/Packages/Debugger/encmgr.dll to C:\Program Files (x86)\Microsoft Visual Studio\2017\Community\Common7\Packages\Debugger\encmgr.dll
[0b00:0004][2017-10-17T09:46:34] Timestamp updated for file 'C:\Program Files (x86)\Microsoft Visual Studio\2017\Community\Common7\Packages\Debugger\encmgr.dll'.
[0b00:0004][2017-10-17T09:46:34] Processing file /Contents/Common7/Packages/Debugger/msdia140.dll
[0b00:0004][2017-10-17T09:46:34] Started: Copying file /Contents/Common7/Packages/Debugger/msdia140.dll to C:\Program Files (x86)\Microsoft Visual Studio\2017\Community\Common7\Packages\Debugger\msdia140.dll
[0b00:0004][2017-10-17T09:46:34] Completed: Copying file /Contents/Common7/Packages/Debugger/msdia140.dll to C:\Program Files (x86)\Microsoft Visual Studio\2017\Community\Common7\Packages\Debugger\msdia140.dll
[0b00:0004][2017-10-17T09:46:34] Timestamp updated for file 'C:\Program Files (x86)\Microsoft Visual Studio\2017\Community\Common7\Packages\Debugger\msdia140.dll'.
[0b00:0004][2017-10-17T09:46:34] Processing file /Contents/Common7/Packages/Debugger/symbollocator.dll
[0b00:0004][2017-10-17T09:46:34] Started: Copying file /Contents/Common7/Packages/Debugger/symbollocator.dll to C:\Program Files (x86)\Microsoft Visual Studio\2017\Community\Common7\Packages\Debugger\symbollocator.dll
[0b00:0004][2017-10-17T09:46:34] Completed: Copying file /Contents/Common7/Packages/Debugger/symbollocator.dll to C:\Program Files (x86)\Microsoft Visual Studio\2017\Community\Common7\Packages\Debugger\symbollocator.dll
[0b00:0004][2017-10-17T09:46:34] Timestamp updated for file 'C:\Program Files (x86)\Microsoft Visual Studio\2017\Community\Common7\Packages\Debugger\symbollocator.dll'.
[0b00:0004][2017-10-17T09:46:34] Processing file /Contents/Common7/Packages/Debugger/vsdebug.dll
[0b00:0004][2017-10-17T09:46:34] Started: Copying file /Contents/Common7/Packages/Debugger/vsdebug.dll to C:\Program Files (x86)\Microsoft Visual Studio\2017\Community\Common7\Packages\Debugger\vsdebug.dll
[0b00:0004][2017-10-17T09:46:34] Completed: Copying file /Contents/Common7/Packages/Debugger/vsdebug.dll to C:\Program Files (x86)\Microsoft Visual Studio\2017\Community\Common7\Packages\Debugger\vsdebug.dll
[0b00:0004][2017-10-17T09:46:34] Timestamp updated for file 'C:\Program Files (x86)\Microsoft Visual Studio\2017\Community\Common7\Packages\Debugger\vsdebug.dll'.
[0b00:0004][2017-10-17T09:46:34] Processing file /Contents/Common7/Packages/Debugger/vsdebugeng.impl.dll
[0b00:0004][2017-10-17T09:46:34] Started: Copying file /Contents/Common7/Packages/Debugger/vsdebugeng.impl.dll to C:\Program Files (x86)\Microsoft Visual Studio\2017\Community\Common7\Packages\Debugger\vsdebugeng.impl.dll
[0b00:0004][2017-10-17T09:46:34] Completed: Copying file /Contents/Common7/Packages/Debugger/vsdebugeng.impl.dll to C:\Program Files (x86)\Microsoft Visual Studio\2017\Community\Common7\Packages\Debugger\vsdebugeng.impl.dll
[0b00:0004][2017-10-17T09:46:34] Timestamp updated for file 'C:\Program Files (x86)\Microsoft Visual Studio\2017\Community\Common7\Packages\Debugger\vsdebugeng.impl.dll'.
[0b00:0004][2017-10-17T09:46:34] Processing file /Contents/Common7/Packages/Debugger/vsdebugeng.impl.vsdconfig
[0b00:0004][2017-10-17T09:46:34] Started: Copying file /Contents/Common7/Packages/Debugger/vsdebugeng.impl.vsdconfig to C:\Program Files (x86)\Microsoft Visual Studio\2017\Community\Common7\Packages\Debugger\vsdebugeng.impl.vsdconfig
[0b00:0004][2017-10-17T09:46:34] Completed: Copying file /Contents/Common7/Packages/Debugger/vsdebugeng.impl.vsdconfig to C:\Program Files (x86)\Microsoft Visual Studio\2017\Community\Common7\Packages\Debugger\vsdebugeng.impl.vsdconfig
[0b00:0004][2017-10-17T09:46:34] Timestamp updated for file 'C:\Program Files (x86)\Microsoft Visual Studio\2017\Community\Common7\Packages\Debugger\vsdebugeng.impl.vsdconfig'.
[0b00:0004][2017-10-17T09:46:34] Processing file /Contents/Common7/Packages/Debugger/vsdebugeng.manimpl.45.dll
[0b00:0004][2017-10-17T09:46:34] Started: Copying file /Contents/Common7/Packages/Debugger/vsdebugeng.manimpl.45.dll to C:\Program Files (x86)\Microsoft Visual Studio\2017\Community\Common7\Packages\Debugger\vsdebugeng.manimpl.45.dll
[0b00:0004][2017-10-17T09:46:34] Completed: Copying file /Contents/Common7/Packages/Debugger/vsdebugeng.manimpl.45.dll to C:\Program Files (x86)\Microsoft Visual Studio\2017\Community\Common7\Packages\Debugger\vsdebugeng.manimpl.45.dll
[0b00:0004][2017-10-17T09:46:34] Timestamp updated for file 'C:\Program Files (x86)\Microsoft Visual Studio\2017\Community\Common7\Packages\Debugger\vsdebugeng.manimpl.45.dll'.
[0b00:0004][2017-10-17T09:46:34] Processing file /Contents/Common7/Packages/Debugger/vsdebugeng.manimpl.45.vsdconfig
[0b00:0004][2017-10-17T09:46:34] Started: Copying file /Contents/Common7/Packages/Debugger/vsdebugeng.manimpl.45.vsdconfig to C:\Program Files (x86)\Microsoft Visual Studio\2017\Community\Common7\Packages\Debugger\vsdebugeng.manimpl.45.vsdconfig
[0b00:0004][2017-10-17T09:46:34] Completed: Copying file /Contents/Common7/Packages/Debugger/vsdebugeng.manimpl.45.vsdconfig to C:\Program Files (x86)\Microsoft Visual Studio\2017\Community\Common7\Packages\Debugger\vsdebugeng.manimpl.45.vsdconfig
[0b00:0004][2017-10-17T09:46:34] Timestamp updated for file 'C:\Program Files (x86)\Microsoft Visual Studio\2017\Community\Common7\Packages\Debugger\vsdebugeng.manimpl.45.vsdconfig'.
[0b00:0004][2017-10-17T09:46:34] Processing file /Contents/Common7/Packages/Debugger/vsdebugeng.manimpl.vsdconfig
[0b00:0004][2017-10-17T09:46:34] Started: Copying file /Contents/Common7/Packages/Debugger/vsdebugeng.manimpl.vsdconfig to C:\Program Files (x86)\Microsoft Visual Studio\2017\Community\Common7\Packages\Debugger\vsdebugeng.manimpl.vsdconfig
[0b00:0004][2017-10-17T09:46:34] Completed: Copying file /Contents/Common7/Packages/Debugger/vsdebugeng.manimpl.vsdconfig to C:\Program Files (x86)\Microsoft Visual Studio\2017\Community\Common7\Packages\Debugger\vsdebugeng.manimpl.vsdconfig
[0b00:0004][2017-10-17T09:46:34] Timestamp updated for file 'C:\Program Files (x86)\Microsoft Visual Studio\2017\Community\Common7\Packages\Debugger\vsdebugeng.manimpl.vsdconfig'.
[0b00:0004][2017-10-17T09:46:34] Processing file /Contents/Common7/Packages/Debugger/VsDebugLaunchNotify.exe
[0b00:0004][2017-10-17T09:46:34] Started: Copying file /Contents/Common7/Packages/Debugger/VsDebugLaunchNotify.exe to C:\Program Files (x86)\Microsoft Visual Studio\2017\Community\Common7\Packages\Debugger\VsDebugLaunchNotify.exe
[0b00:0004][2017-10-17T09:46:34] Completed: Copying file /Contents/Common7/Packages/Debugger/VsDebugLaunchNotify.exe to C:\Program Files (x86)\Microsoft Visual Studio\2017\Community\Common7\Packages\Debugger\VsDebugLaunchNotify.exe
[0b00:0004][2017-10-17T09:46:34] Timestamp updated for file 'C:\Program Files (x86)\Microsoft Visual Studio\2017\Community\Common7\Packages\Debugger\VsDebugLaunchNotify.exe'.
[0b00:0004][2017-10-17T09:46:34] Package executed successfully. Return code: 0
