[0b00:0004][2017-10-17T09:46:44] Opening the package for processing
[0b00:0004][2017-10-17T09:46:44] Using package payload to get the embedded manifest
[0b00:0004][2017-10-17T09:46:44] Getting list of files within the package
[0b00:0004][2017-10-17T09:46:44] Processing file /catalog.json
[0b00:0004][2017-10-17T09:46:44] Started: Copying file /catalog.json to C:\Program Files (x86)\Microsoft Visual Studio\2017\Community\Common7\IDE\CommonExtensions\Microsoft\TypeScript\catalog.json
[0b00:0004][2017-10-17T09:46:44] Completed: Copying file /catalog.json to C:\Program Files (x86)\Microsoft Visual Studio\2017\Community\Common7\IDE\CommonExtensions\Microsoft\TypeScript\catalog.json
[0b00:0004][2017-10-17T09:46:44] Timestamp updated for file 'C:\Program Files (x86)\Microsoft Visual Studio\2017\Community\Common7\IDE\CommonExtensions\Microsoft\TypeScript\catalog.json'.
[0b00:0004][2017-10-17T09:46:44] Processing file /cs/Microsoft.CodeAnalysis.TypeScript.EditorFeatures.resources.dll
[0b00:0004][2017-10-17T09:46:44] Started: Copying file /cs/Microsoft.CodeAnalysis.TypeScript.EditorFeatures.resources.dll to C:\Program Files (x86)\Microsoft Visual Studio\2017\Community\Common7\IDE\CommonExtensions\Microsoft\TypeScript\cs\Microsoft.CodeAnalysis.TypeScript.EditorFeatures.resources.dll
[0b00:0004][2017-10-17T09:46:44] Completed: Copying file /cs/Microsoft.CodeAnalysis.TypeScript.EditorFeatures.resources.dll to C:\Program Files (x86)\Microsoft Visual Studio\2017\Community\Common7\IDE\CommonExtensions\Microsoft\TypeScript\cs\Microsoft.CodeAnalysis.TypeScript.EditorFeatures.resources.dll
[0b00:0004][2017-10-17T09:46:44] Timestamp updated for file 'C:\Program Files (x86)\Microsoft Visual Studio\2017\Community\Common7\IDE\CommonExtensions\Microsoft\TypeScript\cs\Microsoft.CodeAnalysis.TypeScript.EditorFeatures.resources.dll'.
[0b00:0004][2017-10-17T09:46:44] Processing file /cs/Microsoft.VisualStudio.LanguageServices.TypeScript.resources.dll
[0b00:0004][2017-10-17T09:46:44] Started: Copying file /cs/Microsoft.VisualStudio.LanguageServices.TypeScript.resources.dll to C:\Program Files (x86)\Microsoft Visual Studio\2017\Community\Common7\IDE\CommonExtensions\Microsoft\TypeScript\cs\Microsoft.VisualStudio.LanguageServices.TypeScript.resources.dll
[0b00:0004][2017-10-17T09:46:44] Completed: Copying file /cs/Microsoft.VisualStudio.LanguageServices.TypeScript.resources.dll to C:\Program Files (x86)\Microsoft Visual Studio\2017\Community\Common7\IDE\CommonExtensions\Microsoft\TypeScript\cs\Microsoft.VisualStudio.LanguageServices.TypeScript.resources.dll
[0b00:0004][2017-10-17T09:46:44] Timestamp updated for file 'C:\Program Files (x86)\Microsoft Visual Studio\2017\Community\Common7\IDE\CommonExtensions\Microsoft\TypeScript\cs\Microsoft.VisualStudio.LanguageServices.TypeScript.resources.dll'.
[0b00:0004][2017-10-17T09:46:44] Processing file /de/Microsoft.CodeAnalysis.TypeScript.EditorFeatures.resources.dll
[0b00:0004][2017-10-17T09:46:44] Started: Copying file /de/Microsoft.CodeAnalysis.TypeScript.EditorFeatures.resources.dll to C:\Program Files (x86)\Microsoft Visual Studio\2017\Community\Common7\IDE\CommonExtensions\Microsoft\TypeScript\de\Microsoft.CodeAnalysis.TypeScript.EditorFeatures.resources.dll
[0b00:0004][2017-10-17T09:46:44] Completed: Copying file /de/Microsoft.CodeAnalysis.TypeScript.EditorFeatures.resources.dll to C:\Program Files (x86)\Microsoft Visual Studio\2017\Community\Common7\IDE\CommonExtensions\Microsoft\TypeScript\de\Microsoft.CodeAnalysis.TypeScript.EditorFeatures.resources.dll
[0b00:0004][2017-10-17T09:46:44] Timestamp updated for file 'C:\Program Files (x86)\Microsoft Visual Studio\2017\Community\Common7\IDE\CommonExtensions\Microsoft\TypeScript\de\Microsoft.CodeAnalysis.TypeScript.EditorFeatures.resources.dll'.
[0b00:0004][2017-10-17T09:46:44] Processing file /de/Microsoft.VisualStudio.LanguageServices.TypeScript.resources.dll
[0b00:0004][2017-10-17T09:46:44] Started: Copying file /de/Microsoft.VisualStudio.LanguageServices.TypeScript.resources.dll to C:\Program Files (x86)\Microsoft Visual Studio\2017\Community\Common7\IDE\CommonExtensions\Microsoft\TypeScript\de\Microsoft.VisualStudio.LanguageServices.TypeScript.resources.dll
[0b00:0004][2017-10-17T09:46:44] Completed: Copying file /de/Microsoft.VisualStudio.LanguageServices.TypeScript.resources.dll to C:\Program Files (x86)\Microsoft Visual Studio\2017\Community\Common7\IDE\CommonExtensions\Microsoft\TypeScript\de\Microsoft.VisualStudio.LanguageServices.TypeScript.resources.dll
[0b00:0004][2017-10-17T09:46:44] Timestamp updated for file 'C:\Program Files (x86)\Microsoft Visual Studio\2017\Community\Common7\IDE\CommonExtensions\Microsoft\TypeScript\de\Microsoft.VisualStudio.LanguageServices.TypeScript.resources.dll'.
[0b00:0004][2017-10-17T09:46:44] Processing file /es/Microsoft.CodeAnalysis.TypeScript.EditorFeatures.resources.dll
[0b00:0004][2017-10-17T09:46:44] Started: Copying file /es/Microsoft.CodeAnalysis.TypeScript.EditorFeatures.resources.dll to C:\Program Files (x86)\Microsoft Visual Studio\2017\Community\Common7\IDE\CommonExtensions\Microsoft\TypeScript\es\Microsoft.CodeAnalysis.TypeScript.EditorFeatures.resources.dll
[0b00:0004][2017-10-17T09:46:44] Completed: Copying file /es/Microsoft.CodeAnalysis.TypeScript.EditorFeatures.resources.dll to C:\Program Files (x86)\Microsoft Visual Studio\2017\Community\Common7\IDE\CommonExtensions\Microsoft\TypeScript\es\Microsoft.CodeAnalysis.TypeScript.EditorFeatures.resources.dll
[0b00:0004][2017-10-17T09:46:44] Timestamp updated for file 'C:\Program Files (x86)\Microsoft Visual Studio\2017\Community\Common7\IDE\CommonExtensions\Microsoft\TypeScript\es\Microsoft.CodeAnalysis.TypeScript.EditorFeatures.resources.dll'.
[0b00:0004][2017-10-17T09:46:44] Processing file /es/Microsoft.VisualStudio.LanguageServices.TypeScript.resources.dll
[0b00:0004][2017-10-17T09:46:44] Started: Copying file /es/Microsoft.VisualStudio.LanguageServices.TypeScript.resources.dll to C:\Program Files (x86)\Microsoft Visual Studio\2017\Community\Common7\IDE\CommonExtensions\Microsoft\TypeScript\es\Microsoft.VisualStudio.LanguageServices.TypeScript.resources.dll
[0b00:0004][2017-10-17T09:46:44] Completed: Copying file /es/Microsoft.VisualStudio.LanguageServices.TypeScript.resources.dll to C:\Program Files (x86)\Microsoft Visual Studio\2017\Community\Common7\IDE\CommonExtensions\Microsoft\TypeScript\es\Microsoft.VisualStudio.LanguageServices.TypeScript.resources.dll
[0b00:0004][2017-10-17T09:46:44] Timestamp updated for file 'C:\Program Files (x86)\Microsoft Visual Studio\2017\Community\Common7\IDE\CommonExtensions\Microsoft\TypeScript\es\Microsoft.VisualStudio.LanguageServices.TypeScript.resources.dll'.
[0b00:0004][2017-10-17T09:46:44] Processing file /extension.vsixmanifest
[0b00:0004][2017-10-17T09:46:44] Started: Copying file /extension.vsixmanifest to C:\Program Files (x86)\Microsoft Visual Studio\2017\Community\Common7\IDE\CommonExtensions\Microsoft\TypeScript\extension.vsixmanifest
[0b00:0004][2017-10-17T09:46:44] Completed: Copying file /extension.vsixmanifest to C:\Program Files (x86)\Microsoft Visual Studio\2017\Community\Common7\IDE\CommonExtensions\Microsoft\TypeScript\extension.vsixmanifest
[0b00:0004][2017-10-17T09:46:44] Timestamp updated for file 'C:\Program Files (x86)\Microsoft Visual Studio\2017\Community\Common7\IDE\CommonExtensions\Microsoft\TypeScript\extension.vsixmanifest'.
[0b00:0004][2017-10-17T09:46:44] Processing file /fr/Microsoft.CodeAnalysis.TypeScript.EditorFeatures.resources.dll
[0b00:0004][2017-10-17T09:46:44] Started: Copying file /fr/Microsoft.CodeAnalysis.TypeScript.EditorFeatures.resources.dll to C:\Program Files (x86)\Microsoft Visual Studio\2017\Community\Common7\IDE\CommonExtensions\Microsoft\TypeScript\fr\Microsoft.CodeAnalysis.TypeScript.EditorFeatures.resources.dll
[0b00:0004][2017-10-17T09:46:44] Completed: Copying file /fr/Microsoft.CodeAnalysis.TypeScript.EditorFeatures.resources.dll to C:\Program Files (x86)\Microsoft Visual Studio\2017\Community\Common7\IDE\CommonExtensions\Microsoft\TypeScript\fr\Microsoft.CodeAnalysis.TypeScript.EditorFeatures.resources.dll
[0b00:0004][2017-10-17T09:46:44] Timestamp updated for file 'C:\Program Files (x86)\Microsoft Visual Studio\2017\Community\Common7\IDE\CommonExtensions\Microsoft\TypeScript\fr\Microsoft.CodeAnalysis.TypeScript.EditorFeatures.resources.dll'.
[0b00:0004][2017-10-17T09:46:44] Processing file /fr/Microsoft.VisualStudio.LanguageServices.TypeScript.resources.dll
[0b00:0004][2017-10-17T09:46:44] Started: Copying file /fr/Microsoft.VisualStudio.LanguageServices.TypeScript.resources.dll to C:\Program Files (x86)\Microsoft Visual Studio\2017\Community\Common7\IDE\CommonExtensions\Microsoft\TypeScript\fr\Microsoft.VisualStudio.LanguageServices.TypeScript.resources.dll
[0b00:0004][2017-10-17T09:46:44] Completed: Copying file /fr/Microsoft.VisualStudio.LanguageServices.TypeScript.resources.dll to C:\Program Files (x86)\Microsoft Visual Studio\2017\Community\Common7\IDE\CommonExtensions\Microsoft\TypeScript\fr\Microsoft.VisualStudio.LanguageServices.TypeScript.resources.dll
[0b00:0004][2017-10-17T09:46:44] Timestamp updated for file 'C:\Program Files (x86)\Microsoft Visual Studio\2017\Community\Common7\IDE\CommonExtensions\Microsoft\TypeScript\fr\Microsoft.VisualStudio.LanguageServices.TypeScript.resources.dll'.
[0b00:0004][2017-10-17T09:46:44] Processing file /it/Microsoft.CodeAnalysis.TypeScript.EditorFeatures.resources.dll
[0b00:0004][2017-10-17T09:46:44] Started: Copying file /it/Microsoft.CodeAnalysis.TypeScript.EditorFeatures.resources.dll to C:\Program Files (x86)\Microsoft Visual Studio\2017\Community\Common7\IDE\CommonExtensions\Microsoft\TypeScript\it\Microsoft.CodeAnalysis.TypeScript.EditorFeatures.resources.dll
[0b00:0004][2017-10-17T09:46:44] Completed: Copying file /it/Microsoft.CodeAnalysis.TypeScript.EditorFeatures.resources.dll to C:\Program Files (x86)\Microsoft Visual Studio\2017\Community\Common7\IDE\CommonExtensions\Microsoft\TypeScript\it\Microsoft.CodeAnalysis.TypeScript.EditorFeatures.resources.dll
[0b00:0004][2017-10-17T09:46:44] Timestamp updated for file 'C:\Program Files (x86)\Microsoft Visual Studio\2017\Community\Common7\IDE\CommonExtensions\Microsoft\TypeScript\it\Microsoft.CodeAnalysis.TypeScript.EditorFeatures.resources.dll'.
[0b00:0004][2017-10-17T09:46:44] Processing file /it/Microsoft.VisualStudio.LanguageServices.TypeScript.resources.dll
[0b00:0004][2017-10-17T09:46:44] Started: Copying file /it/Microsoft.VisualStudio.LanguageServices.TypeScript.resources.dll to C:\Program Files (x86)\Microsoft Visual Studio\2017\Community\Common7\IDE\CommonExtensions\Microsoft\TypeScript\it\Microsoft.VisualStudio.LanguageServices.TypeScript.resources.dll
[0b00:0004][2017-10-17T09:46:44] Completed: Copying file /it/Microsoft.VisualStudio.LanguageServices.TypeScript.resources.dll to C:\Program Files (x86)\Microsoft Visual Studio\2017\Community\Common7\IDE\CommonExtensions\Microsoft\TypeScript\it\Microsoft.VisualStudio.LanguageServices.TypeScript.resources.dll
[0b00:0004][2017-10-17T09:46:44] Timestamp updated for file 'C:\Program Files (x86)\Microsoft Visual Studio\2017\Community\Common7\IDE\CommonExtensions\Microsoft\TypeScript\it\Microsoft.VisualStudio.LanguageServices.TypeScript.resources.dll'.
[0b00:0004][2017-10-17T09:46:44] Processing file /ja/Microsoft.CodeAnalysis.TypeScript.EditorFeatures.resources.dll
[0b00:0004][2017-10-17T09:46:44] Started: Copying file /ja/Microsoft.CodeAnalysis.TypeScript.EditorFeatures.resources.dll to C:\Program Files (x86)\Microsoft Visual Studio\2017\Community\Common7\IDE\CommonExtensions\Microsoft\TypeScript\ja\Microsoft.CodeAnalysis.TypeScript.EditorFeatures.resources.dll
[0b00:0004][2017-10-17T09:46:44] Completed: Copying file /ja/Microsoft.CodeAnalysis.TypeScript.EditorFeatures.resources.dll to C:\Program Files (x86)\Microsoft Visual Studio\2017\Community\Common7\IDE\CommonExtensions\Microsoft\TypeScript\ja\Microsoft.CodeAnalysis.TypeScript.EditorFeatures.resources.dll
[0b00:0004][2017-10-17T09:46:44] Timestamp updated for file 'C:\Program Files (x86)\Microsoft Visual Studio\2017\Community\Common7\IDE\CommonExtensions\Microsoft\TypeScript\ja\Microsoft.CodeAnalysis.TypeScript.EditorFeatures.resources.dll'.
[0b00:0004][2017-10-17T09:46:44] Processing file /ja/Microsoft.VisualStudio.LanguageServices.TypeScript.resources.dll
[0b00:0004][2017-10-17T09:46:44] Started: Copying file /ja/Microsoft.VisualStudio.LanguageServices.TypeScript.resources.dll to C:\Program Files (x86)\Microsoft Visual Studio\2017\Community\Common7\IDE\CommonExtensions\Microsoft\TypeScript\ja\Microsoft.VisualStudio.LanguageServices.TypeScript.resources.dll
[0b00:0004][2017-10-17T09:46:44] Completed: Copying file /ja/Microsoft.VisualStudio.LanguageServices.TypeScript.resources.dll to C:\Program Files (x86)\Microsoft Visual Studio\2017\Community\Common7\IDE\CommonExtensions\Microsoft\TypeScript\ja\Microsoft.VisualStudio.LanguageServices.TypeScript.resources.dll
[0b00:0004][2017-10-17T09:46:44] Timestamp updated for file 'C:\Program Files (x86)\Microsoft Visual Studio\2017\Community\Common7\IDE\CommonExtensions\Microsoft\TypeScript\ja\Microsoft.VisualStudio.LanguageServices.TypeScript.resources.dll'.
[0b00:0004][2017-10-17T09:46:44] Processing file /ko/Microsoft.CodeAnalysis.TypeScript.EditorFeatures.resources.dll
[0b00:0004][2017-10-17T09:46:44] Started: Copying file /ko/Microsoft.CodeAnalysis.TypeScript.EditorFeatures.resources.dll to C:\Program Files (x86)\Microsoft Visual Studio\2017\Community\Common7\IDE\CommonExtensions\Microsoft\TypeScript\ko\Microsoft.CodeAnalysis.TypeScript.EditorFeatures.resources.dll
[0b00:0004][2017-10-17T09:46:44] Completed: Copying file /ko/Microsoft.CodeAnalysis.TypeScript.EditorFeatures.resources.dll to C:\Program Files (x86)\Microsoft Visual Studio\2017\Community\Common7\IDE\CommonExtensions\Microsoft\TypeScript\ko\Microsoft.CodeAnalysis.TypeScript.EditorFeatures.resources.dll
[0b00:0004][2017-10-17T09:46:44] Timestamp updated for file 'C:\Program Files (x86)\Microsoft Visual Studio\2017\Community\Common7\IDE\CommonExtensions\Microsoft\TypeScript\ko\Microsoft.CodeAnalysis.TypeScript.EditorFeatures.resources.dll'.
[0b00:0004][2017-10-17T09:46:44] Processing file /ko/Microsoft.VisualStudio.LanguageServices.TypeScript.resources.dll
[0b00:0004][2017-10-17T09:46:44] Started: Copying file /ko/Microsoft.VisualStudio.LanguageServices.TypeScript.resources.dll to C:\Program Files (x86)\Microsoft Visual Studio\2017\Community\Common7\IDE\CommonExtensions\Microsoft\TypeScript\ko\Microsoft.VisualStudio.LanguageServices.TypeScript.resources.dll
[0b00:0004][2017-10-17T09:46:44] Completed: Copying file /ko/Microsoft.VisualStudio.LanguageServices.TypeScript.resources.dll to C:\Program Files (x86)\Microsoft Visual Studio\2017\Community\Common7\IDE\CommonExtensions\Microsoft\TypeScript\ko\Microsoft.VisualStudio.LanguageServices.TypeScript.resources.dll
[0b00:0004][2017-10-17T09:46:44] Timestamp updated for file 'C:\Program Files (x86)\Microsoft Visual Studio\2017\Community\Common7\IDE\CommonExtensions\Microsoft\TypeScript\ko\Microsoft.VisualStudio.LanguageServices.TypeScript.resources.dll'.
[0b00:0004][2017-10-17T09:46:44] Processing file /manifest.json
[0b00:0004][2017-10-17T09:46:44] Started: Copying file /manifest.json to C:\Program Files (x86)\Microsoft Visual Studio\2017\Community\Common7\IDE\CommonExtensions\Microsoft\TypeScript\manifest.json
[0b00:0004][2017-10-17T09:46:44] Completed: Copying file /manifest.json to C:\Program Files (x86)\Microsoft Visual Studio\2017\Community\Common7\IDE\CommonExtensions\Microsoft\TypeScript\manifest.json
[0b00:0004][2017-10-17T09:46:44] Timestamp updated for file 'C:\Program Files (x86)\Microsoft Visual Studio\2017\Community\Common7\IDE\CommonExtensions\Microsoft\TypeScript\manifest.json'.
[0b00:0004][2017-10-17T09:46:44] Processing file /Microsoft.CodeAnalysis.TypeScript.EditorFeatures.dll
[0b00:0004][2017-10-17T09:46:44] Started: Copying file /Microsoft.CodeAnalysis.TypeScript.EditorFeatures.dll to C:\Program Files (x86)\Microsoft Visual Studio\2017\Community\Common7\IDE\CommonExtensions\Microsoft\TypeScript\Microsoft.CodeAnalysis.TypeScript.EditorFeatures.dll
[0b00:0004][2017-10-17T09:46:44] Completed: Copying file /Microsoft.CodeAnalysis.TypeScript.EditorFeatures.dll to C:\Program Files (x86)\Microsoft Visual Studio\2017\Community\Common7\IDE\CommonExtensions\Microsoft\TypeScript\Microsoft.CodeAnalysis.TypeScript.EditorFeatures.dll
[0b00:0004][2017-10-17T09:46:44] Timestamp updated for file 'C:\Program Files (x86)\Microsoft Visual Studio\2017\Community\Common7\IDE\CommonExtensions\Microsoft\TypeScript\Microsoft.CodeAnalysis.TypeScript.EditorFeatures.dll'.
[0b00:0004][2017-10-17T09:46:44] Processing file /Microsoft.VisualStudio.LanguageServices.TypeScript.dll
[0b00:0004][2017-10-17T09:46:44] Started: Copying file /Microsoft.VisualStudio.LanguageServices.TypeScript.dll to C:\Program Files (x86)\Microsoft Visual Studio\2017\Community\Common7\IDE\CommonExtensions\Microsoft\TypeScript\Microsoft.VisualStudio.LanguageServices.TypeScript.dll
[0b00:0004][2017-10-17T09:46:44] Completed: Copying file /Microsoft.VisualStudio.LanguageServices.TypeScript.dll to C:\Program Files (x86)\Microsoft Visual Studio\2017\Community\Common7\IDE\CommonExtensions\Microsoft\TypeScript\Microsoft.VisualStudio.LanguageServices.TypeScript.dll
[0b00:0004][2017-10-17T09:46:44] Timestamp updated for file 'C:\Program Files (x86)\Microsoft Visual Studio\2017\Community\Common7\IDE\CommonExtensions\Microsoft\TypeScript\Microsoft.VisualStudio.LanguageServices.TypeScript.dll'.
[0b00:0004][2017-10-17T09:46:44] Processing file /pl/Microsoft.CodeAnalysis.TypeScript.EditorFeatures.resources.dll
[0b00:0004][2017-10-17T09:46:44] Started: Copying file /pl/Microsoft.CodeAnalysis.TypeScript.EditorFeatures.resources.dll to C:\Program Files (x86)\Microsoft Visual Studio\2017\Community\Common7\IDE\CommonExtensions\Microsoft\TypeScript\pl\Microsoft.CodeAnalysis.TypeScript.EditorFeatures.resources.dll
[0b00:0004][2017-10-17T09:46:44] Completed: Copying file /pl/Microsoft.CodeAnalysis.TypeScript.EditorFeatures.resources.dll to C:\Program Files (x86)\Microsoft Visual Studio\2017\Community\Common7\IDE\CommonExtensions\Microsoft\TypeScript\pl\Microsoft.CodeAnalysis.TypeScript.EditorFeatures.resources.dll
[0b00:0004][2017-10-17T09:46:44] Timestamp updated for file 'C:\Program Files (x86)\Microsoft Visual Studio\2017\Community\Common7\IDE\CommonExtensions\Microsoft\TypeScript\pl\Microsoft.CodeAnalysis.TypeScript.EditorFeatures.resources.dll'.
[0b00:0004][2017-10-17T09:46:44] Processing file /pl/Microsoft.VisualStudio.LanguageServices.TypeScript.resources.dll
[0b00:0004][2017-10-17T09:46:44] Started: Copying file /pl/Microsoft.VisualStudio.LanguageServices.TypeScript.resources.dll to C:\Program Files (x86)\Microsoft Visual Studio\2017\Community\Common7\IDE\CommonExtensions\Microsoft\TypeScript\pl\Microsoft.VisualStudio.LanguageServices.TypeScript.resources.dll
[0b00:0004][2017-10-17T09:46:44] Completed: Copying file /pl/Microsoft.VisualStudio.LanguageServices.TypeScript.resources.dll to C:\Program Files (x86)\Microsoft Visual Studio\2017\Community\Common7\IDE\CommonExtensions\Microsoft\TypeScript\pl\Microsoft.VisualStudio.LanguageServices.TypeScript.resources.dll
[0b00:0004][2017-10-17T09:46:44] Timestamp updated for file 'C:\Program Files (x86)\Microsoft Visual Studio\2017\Community\Common7\IDE\CommonExtensions\Microsoft\TypeScript\pl\Microsoft.VisualStudio.LanguageServices.TypeScript.resources.dll'.
[0b00:0004][2017-10-17T09:46:44] Processing file /pt-BR/Microsoft.CodeAnalysis.TypeScript.EditorFeatures.resources.dll
[0b00:0004][2017-10-17T09:46:44] Started: Copying file /pt-BR/Microsoft.CodeAnalysis.TypeScript.EditorFeatures.resources.dll to C:\Program Files (x86)\Microsoft Visual Studio\2017\Community\Common7\IDE\CommonExtensions\Microsoft\TypeScript\pt-BR\Microsoft.CodeAnalysis.TypeScript.EditorFeatures.resources.dll
[0b00:0004][2017-10-17T09:46:44] Completed: Copying file /pt-BR/Microsoft.CodeAnalysis.TypeScript.EditorFeatures.resources.dll to C:\Program Files (x86)\Microsoft Visual Studio\2017\Community\Common7\IDE\CommonExtensions\Microsoft\TypeScript\pt-BR\Microsoft.CodeAnalysis.TypeScript.EditorFeatures.resources.dll
[0b00:0004][2017-10-17T09:46:44] Timestamp updated for file 'C:\Program Files (x86)\Microsoft Visual Studio\2017\Community\Common7\IDE\CommonExtensions\Microsoft\TypeScript\pt-BR\Microsoft.CodeAnalysis.TypeScript.EditorFeatures.resources.dll'.
[0b00:0004][2017-10-17T09:46:44] Processing file /pt-BR/Microsoft.VisualStudio.LanguageServices.TypeScript.resources.dll
[0b00:0004][2017-10-17T09:46:44] Started: Copying file /pt-BR/Microsoft.VisualStudio.LanguageServices.TypeScript.resources.dll to C:\Program Files (x86)\Microsoft Visual Studio\2017\Community\Common7\IDE\CommonExtensions\Microsoft\TypeScript\pt-BR\Microsoft.VisualStudio.LanguageServices.TypeScript.resources.dll
[0b00:0004][2017-10-17T09:46:44] Completed: Copying file /pt-BR/Microsoft.VisualStudio.LanguageServices.TypeScript.resources.dll to C:\Program Files (x86)\Microsoft Visual Studio\2017\Community\Common7\IDE\CommonExtensions\Microsoft\TypeScript\pt-BR\Microsoft.VisualStudio.LanguageServices.TypeScript.resources.dll
[0b00:0004][2017-10-17T09:46:44] Timestamp updated for file 'C:\Program Files (x86)\Microsoft Visual Studio\2017\Community\Common7\IDE\CommonExtensions\Microsoft\TypeScript\pt-BR\Microsoft.VisualStudio.LanguageServices.TypeScript.resources.dll'.
[0b00:0004][2017-10-17T09:46:44] Processing file /ru/Microsoft.CodeAnalysis.TypeScript.EditorFeatures.resources.dll
[0b00:0004][2017-10-17T09:46:44] Started: Copying file /ru/Microsoft.CodeAnalysis.TypeScript.EditorFeatures.resources.dll to C:\Program Files (x86)\Microsoft Visual Studio\2017\Community\Common7\IDE\CommonExtensions\Microsoft\TypeScript\ru\Microsoft.CodeAnalysis.TypeScript.EditorFeatures.resources.dll
[0b00:0004][2017-10-17T09:46:44] Completed: Copying file /ru/Microsoft.CodeAnalysis.TypeScript.EditorFeatures.resources.dll to C:\Program Files (x86)\Microsoft Visual Studio\2017\Community\Common7\IDE\CommonExtensions\Microsoft\TypeScript\ru\Microsoft.CodeAnalysis.TypeScript.EditorFeatures.resources.dll
[0b00:0004][2017-10-17T09:46:44] Timestamp updated for file 'C:\Program Files (x86)\Microsoft Visual Studio\2017\Community\Common7\IDE\CommonExtensions\Microsoft\TypeScript\ru\Microsoft.CodeAnalysis.TypeScript.EditorFeatures.resources.dll'.
[0b00:0004][2017-10-17T09:46:44] Processing file /ru/Microsoft.VisualStudio.LanguageServices.TypeScript.resources.dll
[0b00:0004][2017-10-17T09:46:44] Started: Copying file /ru/Microsoft.VisualStudio.LanguageServices.TypeScript.resources.dll to C:\Program Files (x86)\Microsoft Visual Studio\2017\Community\Common7\IDE\CommonExtensions\Microsoft\TypeScript\ru\Microsoft.VisualStudio.LanguageServices.TypeScript.resources.dll
[0b00:0004][2017-10-17T09:46:44] Completed: Copying file /ru/Microsoft.VisualStudio.LanguageServices.TypeScript.resources.dll to C:\Program Files (x86)\Microsoft Visual Studio\2017\Community\Common7\IDE\CommonExtensions\Microsoft\TypeScript\ru\Microsoft.VisualStudio.LanguageServices.TypeScript.resources.dll
[0b00:0004][2017-10-17T09:46:44] Timestamp updated for file 'C:\Program Files (x86)\Microsoft Visual Studio\2017\Community\Common7\IDE\CommonExtensions\Microsoft\TypeScript\ru\Microsoft.VisualStudio.LanguageServices.TypeScript.resources.dll'.
[0b00:0004][2017-10-17T09:46:44] Processing file /tmLanguage/TypeScript.tmLanguage
[0b00:0004][2017-10-17T09:46:44] Started: Copying file /tmLanguage/TypeScript.tmLanguage to C:\Program Files (x86)\Microsoft Visual Studio\2017\Community\Common7\IDE\CommonExtensions\Microsoft\TypeScript\tmLanguage\TypeScript.tmLanguage
[0b00:0004][2017-10-17T09:46:44] Completed: Copying file /tmLanguage/TypeScript.tmLanguage to C:\Program Files (x86)\Microsoft Visual Studio\2017\Community\Common7\IDE\CommonExtensions\Microsoft\TypeScript\tmLanguage\TypeScript.tmLanguage
[0b00:0004][2017-10-17T09:46:44] Timestamp updated for file 'C:\Program Files (x86)\Microsoft Visual Studio\2017\Community\Common7\IDE\CommonExtensions\Microsoft\TypeScript\tmLanguage\TypeScript.tmLanguage'.
[0b00:0004][2017-10-17T09:46:44] Processing file /tmLanguage/TypeScript.tmTheme
[0b00:0004][2017-10-17T09:46:44] Started: Copying file /tmLanguage/TypeScript.tmTheme to C:\Program Files (x86)\Microsoft Visual Studio\2017\Community\Common7\IDE\CommonExtensions\Microsoft\TypeScript\tmLanguage\TypeScript.tmTheme
[0b00:0004][2017-10-17T09:46:44] Completed: Copying file /tmLanguage/TypeScript.tmTheme to C:\Program Files (x86)\Microsoft Visual Studio\2017\Community\Common7\IDE\CommonExtensions\Microsoft\TypeScript\tmLanguage\TypeScript.tmTheme
[0b00:0004][2017-10-17T09:46:44] Timestamp updated for file 'C:\Program Files (x86)\Microsoft Visual Studio\2017\Community\Common7\IDE\CommonExtensions\Microsoft\TypeScript\tmLanguage\TypeScript.tmTheme'.
[0b00:0004][2017-10-17T09:46:44] Processing file /tmLanguage/TypeScriptReact.tmLanguage
[0b00:0004][2017-10-17T09:46:44] Started: Copying file /tmLanguage/TypeScriptReact.tmLanguage to C:\Program Files (x86)\Microsoft Visual Studio\2017\Community\Common7\IDE\CommonExtensions\Microsoft\TypeScript\tmLanguage\TypeScriptReact.tmLanguage
[0b00:0004][2017-10-17T09:46:44] Completed: Copying file /tmLanguage/TypeScriptReact.tmLanguage to C:\Program Files (x86)\Microsoft Visual Studio\2017\Community\Common7\IDE\CommonExtensions\Microsoft\TypeScript\tmLanguage\TypeScriptReact.tmLanguage
[0b00:0004][2017-10-17T09:46:44] Timestamp updated for file 'C:\Program Files (x86)\Microsoft Visual Studio\2017\Community\Common7\IDE\CommonExtensions\Microsoft\TypeScript\tmLanguage\TypeScriptReact.tmLanguage'.
[0b00:0004][2017-10-17T09:46:44] Processing file /tmLanguage/TypeScriptReact.tmTheme
[0b00:0004][2017-10-17T09:46:44] Started: Copying file /tmLanguage/TypeScriptReact.tmTheme to C:\Program Files (x86)\Microsoft Visual Studio\2017\Community\Common7\IDE\CommonExtensions\Microsoft\TypeScript\tmLanguage\TypeScriptReact.tmTheme
[0b00:0004][2017-10-17T09:46:44] Completed: Copying file /tmLanguage/TypeScriptReact.tmTheme to C:\Program Files (x86)\Microsoft Visual Studio\2017\Community\Common7\IDE\CommonExtensions\Microsoft\TypeScript\tmLanguage\TypeScriptReact.tmTheme
[0b00:0004][2017-10-17T09:46:44] Timestamp updated for file 'C:\Program Files (x86)\Microsoft Visual Studio\2017\Community\Common7\IDE\CommonExtensions\Microsoft\TypeScript\tmLanguage\TypeScriptReact.tmTheme'.
[0b00:0004][2017-10-17T09:46:44] Processing file /tr/Microsoft.CodeAnalysis.TypeScript.EditorFeatures.resources.dll
[0b00:0004][2017-10-17T09:46:44] Started: Copying file /tr/Microsoft.CodeAnalysis.TypeScript.EditorFeatures.resources.dll to C:\Program Files (x86)\Microsoft Visual Studio\2017\Community\Common7\IDE\CommonExtensions\Microsoft\TypeScript\tr\Microsoft.CodeAnalysis.TypeScript.EditorFeatures.resources.dll
[0b00:0004][2017-10-17T09:46:44] Completed: Copying file /tr/Microsoft.CodeAnalysis.TypeScript.EditorFeatures.resources.dll to C:\Program Files (x86)\Microsoft Visual Studio\2017\Community\Common7\IDE\CommonExtensions\Microsoft\TypeScript\tr\Microsoft.CodeAnalysis.TypeScript.EditorFeatures.resources.dll
[0b00:0004][2017-10-17T09:46:44] Timestamp updated for file 'C:\Program Files (x86)\Microsoft Visual Studio\2017\Community\Common7\IDE\CommonExtensions\Microsoft\TypeScript\tr\Microsoft.CodeAnalysis.TypeScript.EditorFeatures.resources.dll'.
[0b00:0004][2017-10-17T09:46:44] Processing file /tr/Microsoft.VisualStudio.LanguageServices.TypeScript.resources.dll
[0b00:0004][2017-10-17T09:46:44] Started: Copying file /tr/Microsoft.VisualStudio.LanguageServices.TypeScript.resources.dll to C:\Program Files (x86)\Microsoft Visual Studio\2017\Community\Common7\IDE\CommonExtensions\Microsoft\TypeScript\tr\Microsoft.VisualStudio.LanguageServices.TypeScript.resources.dll
[0b00:0004][2017-10-17T09:46:44] Completed: Copying file /tr/Microsoft.VisualStudio.LanguageServices.TypeScript.resources.dll to C:\Program Files (x86)\Microsoft Visual Studio\2017\Community\Common7\IDE\CommonExtensions\Microsoft\TypeScript\tr\Microsoft.VisualStudio.LanguageServices.TypeScript.resources.dll
[0b00:0004][2017-10-17T09:46:44] Timestamp updated for file 'C:\Program Files (x86)\Microsoft Visual Studio\2017\Community\Common7\IDE\CommonExtensions\Microsoft\TypeScript\tr\Microsoft.VisualStudio.LanguageServices.TypeScript.resources.dll'.
[0b00:0004][2017-10-17T09:46:44] Processing file /TSSource.ico
[0b00:0004][2017-10-17T09:46:44] Started: Copying file /TSSource.ico to C:\Program Files (x86)\Microsoft Visual Studio\2017\Community\Common7\IDE\CommonExtensions\Microsoft\TypeScript\TSSource.ico
[0b00:0004][2017-10-17T09:46:44] Completed: Copying file /TSSource.ico to C:\Program Files (x86)\Microsoft Visual Studio\2017\Community\Common7\IDE\CommonExtensions\Microsoft\TypeScript\TSSource.ico
[0b00:0004][2017-10-17T09:46:44] Timestamp updated for file 'C:\Program Files (x86)\Microsoft Visual Studio\2017\Community\Common7\IDE\CommonExtensions\Microsoft\TypeScript\TSSource.ico'.
[0b00:0004][2017-10-17T09:46:44] Processing file /TypeScriptVisualStudio.pkgdef
[0b00:0004][2017-10-17T09:46:44] Started: Copying file /TypeScriptVisualStudio.pkgdef to C:\Program Files (x86)\Microsoft Visual Studio\2017\Community\Common7\IDE\CommonExtensions\Microsoft\TypeScript\TypeScriptVisualStudio.pkgdef
[0b00:0004][2017-10-17T09:46:44] Completed: Copying file /TypeScriptVisualStudio.pkgdef to C:\Program Files (x86)\Microsoft Visual Studio\2017\Community\Common7\IDE\CommonExtensions\Microsoft\TypeScript\TypeScriptVisualStudio.pkgdef
[0b00:0004][2017-10-17T09:46:44] Timestamp updated for file 'C:\Program Files (x86)\Microsoft Visual Studio\2017\Community\Common7\IDE\CommonExtensions\Microsoft\TypeScript\TypeScriptVisualStudio.pkgdef'.
[0b00:0004][2017-10-17T09:46:44] Processing file /TypeScript_License.rtf
[0b00:0004][2017-10-17T09:46:44] Started: Copying file /TypeScript_License.rtf to C:\Program Files (x86)\Microsoft Visual Studio\2017\Community\Common7\IDE\CommonExtensions\Microsoft\TypeScript\TypeScript_License.rtf
[0b00:0004][2017-10-17T09:46:44] Completed: Copying file /TypeScript_License.rtf to C:\Program Files (x86)\Microsoft Visual Studio\2017\Community\Common7\IDE\CommonExtensions\Microsoft\TypeScript\TypeScript_License.rtf
[0b00:0004][2017-10-17T09:46:44] Timestamp updated for file 'C:\Program Files (x86)\Microsoft Visual Studio\2017\Community\Common7\IDE\CommonExtensions\Microsoft\TypeScript\TypeScript_License.rtf'.
[0b00:0004][2017-10-17T09:46:44] Processing file /typingSafeList.json
[0b00:0004][2017-10-17T09:46:44] Started: Copying file /typingSafeList.json to C:\Program Files (x86)\Microsoft Visual Studio\2017\Community\Common7\IDE\CommonExtensions\Microsoft\TypeScript\typingSafeList.json
[0b00:0004][2017-10-17T09:46:44] Completed: Copying file /typingSafeList.json to C:\Program Files (x86)\Microsoft Visual Studio\2017\Community\Common7\IDE\CommonExtensions\Microsoft\TypeScript\typingSafeList.json
[0b00:0004][2017-10-17T09:46:44] Timestamp updated for file 'C:\Program Files (x86)\Microsoft Visual Studio\2017\Community\Common7\IDE\CommonExtensions\Microsoft\TypeScript\typingSafeList.json'.
[0b00:0004][2017-10-17T09:46:44] Processing file /Winrt2Ts.exe
[0b00:0004][2017-10-17T09:46:44] Started: Copying file /Winrt2Ts.exe to C:\Program Files (x86)\Microsoft Visual Studio\2017\Community\Common7\IDE\CommonExtensions\Microsoft\TypeScript\Winrt2Ts.exe
[0b00:0004][2017-10-17T09:46:44] Completed: Copying file /Winrt2Ts.exe to C:\Program Files (x86)\Microsoft Visual Studio\2017\Community\Common7\IDE\CommonExtensions\Microsoft\TypeScript\Winrt2Ts.exe
[0b00:0004][2017-10-17T09:46:44] Timestamp updated for file 'C:\Program Files (x86)\Microsoft Visual Studio\2017\Community\Common7\IDE\CommonExtensions\Microsoft\TypeScript\Winrt2Ts.exe'.
[0b00:0004][2017-10-17T09:46:44] Processing file /zh-Hans/Microsoft.CodeAnalysis.TypeScript.EditorFeatures.resources.dll
[0b00:0004][2017-10-17T09:46:44] Started: Copying file /zh-Hans/Microsoft.CodeAnalysis.TypeScript.EditorFeatures.resources.dll to C:\Program Files (x86)\Microsoft Visual Studio\2017\Community\Common7\IDE\CommonExtensions\Microsoft\TypeScript\zh-Hans\Microsoft.CodeAnalysis.TypeScript.EditorFeatures.resources.dll
[0b00:0004][2017-10-17T09:46:44] Completed: Copying file /zh-Hans/Microsoft.CodeAnalysis.TypeScript.EditorFeatures.resources.dll to C:\Program Files (x86)\Microsoft Visual Studio\2017\Community\Common7\IDE\CommonExtensions\Microsoft\TypeScript\zh-Hans\Microsoft.CodeAnalysis.TypeScript.EditorFeatures.resources.dll
[0b00:0004][2017-10-17T09:46:44] Timestamp updated for file 'C:\Program Files (x86)\Microsoft Visual Studio\2017\Community\Common7\IDE\CommonExtensions\Microsoft\TypeScript\zh-Hans\Microsoft.CodeAnalysis.TypeScript.EditorFeatures.resources.dll'.
[0b00:0004][2017-10-17T09:46:44] Processing file /zh-Hans/Microsoft.VisualStudio.LanguageServices.TypeScript.resources.dll
[0b00:0004][2017-10-17T09:46:44] Started: Copying file /zh-Hans/Microsoft.VisualStudio.LanguageServices.TypeScript.resources.dll to C:\Program Files (x86)\Microsoft Visual Studio\2017\Community\Common7\IDE\CommonExtensions\Microsoft\TypeScript\zh-Hans\Microsoft.VisualStudio.LanguageServices.TypeScript.resources.dll
[0b00:0004][2017-10-17T09:46:44] Completed: Copying file /zh-Hans/Microsoft.VisualStudio.LanguageServices.TypeScript.resources.dll to C:\Program Files (x86)\Microsoft Visual Studio\2017\Community\Common7\IDE\CommonExtensions\Microsoft\TypeScript\zh-Hans\Microsoft.VisualStudio.LanguageServices.TypeScript.resources.dll
[0b00:0004][2017-10-17T09:46:44] Timestamp updated for file 'C:\Program Files (x86)\Microsoft Visual Studio\2017\Community\Common7\IDE\CommonExtensions\Microsoft\TypeScript\zh-Hans\Microsoft.VisualStudio.LanguageServices.TypeScript.resources.dll'.
[0b00:0004][2017-10-17T09:46:44] Processing file /zh-Hant/Microsoft.CodeAnalysis.TypeScript.EditorFeatures.resources.dll
[0b00:0004][2017-10-17T09:46:44] Started: Copying file /zh-Hant/Microsoft.CodeAnalysis.TypeScript.EditorFeatures.resources.dll to C:\Program Files (x86)\Microsoft Visual Studio\2017\Community\Common7\IDE\CommonExtensions\Microsoft\TypeScript\zh-Hant\Microsoft.CodeAnalysis.TypeScript.EditorFeatures.resources.dll
[0b00:0004][2017-10-17T09:46:44] Completed: Copying file /zh-Hant/Microsoft.CodeAnalysis.TypeScript.EditorFeatures.resources.dll to C:\Program Files (x86)\Microsoft Visual Studio\2017\Community\Common7\IDE\CommonExtensions\Microsoft\TypeScript\zh-Hant\Microsoft.CodeAnalysis.TypeScript.EditorFeatures.resources.dll
[0b00:0004][2017-10-17T09:46:44] Timestamp updated for file 'C:\Program Files (x86)\Microsoft Visual Studio\2017\Community\Common7\IDE\CommonExtensions\Microsoft\TypeScript\zh-Hant\Microsoft.CodeAnalysis.TypeScript.EditorFeatures.resources.dll'.
[0b00:0004][2017-10-17T09:46:44] Processing file /zh-Hant/Microsoft.VisualStudio.LanguageServices.TypeScript.resources.dll
[0b00:0004][2017-10-17T09:46:44] Started: Copying file /zh-Hant/Microsoft.VisualStudio.LanguageServices.TypeScript.resources.dll to C:\Program Files (x86)\Microsoft Visual Studio\2017\Community\Common7\IDE\CommonExtensions\Microsoft\TypeScript\zh-Hant\Microsoft.VisualStudio.LanguageServices.TypeScript.resources.dll
[0b00:0004][2017-10-17T09:46:44] Completed: Copying file /zh-Hant/Microsoft.VisualStudio.LanguageServices.TypeScript.resources.dll to C:\Program Files (x86)\Microsoft Visual Studio\2017\Community\Common7\IDE\CommonExtensions\Microsoft\TypeScript\zh-Hant\Microsoft.VisualStudio.LanguageServices.TypeScript.resources.dll
[0b00:0004][2017-10-17T09:46:44] Timestamp updated for file 'C:\Program Files (x86)\Microsoft Visual Studio\2017\Community\Common7\IDE\CommonExtensions\Microsoft\TypeScript\zh-Hant\Microsoft.VisualStudio.LanguageServices.TypeScript.resources.dll'.
[0b00:0004][2017-10-17T09:46:44] Package executed successfully. Return code: 0
