[0b00:0004][2017-10-17T09:47:54] Opening the package for processing
[0b00:0004][2017-10-17T09:47:54] Using package payload to get the embedded manifest
[0b00:0004][2017-10-17T09:47:54] Getting list of files within the package
[0b00:0004][2017-10-17T09:47:54] Processing file /Contents/Common7/IDE/CommonExtensions/Microsoft/IntelliTrace/1033/Microsoft.IntelliTrace.Profilerui.dll
[0b00:0004][2017-10-17T09:47:54] Started: Copying file /Contents/Common7/IDE/CommonExtensions/Microsoft/IntelliTrace/1033/Microsoft.IntelliTrace.Profilerui.dll to C:\Program Files (x86)\Microsoft Visual Studio\2017\Community\Common7\IDE\CommonExtensions\Microsoft\IntelliTrace\1033\Microsoft.IntelliTrace.Profilerui.dll
[0b00:0004][2017-10-17T09:47:54] Completed: Copying file /Contents/Common7/IDE/CommonExtensions/Microsoft/IntelliTrace/1033/Microsoft.IntelliTrace.Profilerui.dll to C:\Program Files (x86)\Microsoft Visual Studio\2017\Community\Common7\IDE\CommonExtensions\Microsoft\IntelliTrace\1033\Microsoft.IntelliTrace.Profilerui.dll
[0b00:0004][2017-10-17T09:47:54] Timestamp updated for file 'C:\Program Files (x86)\Microsoft Visual Studio\2017\Community\Common7\IDE\CommonExtensions\Microsoft\IntelliTrace\1033\Microsoft.IntelliTrace.Profilerui.dll'.
[0b00:0004][2017-10-17T09:47:54] Processing file /Contents/Common7/IDE/CommonExtensions/Microsoft/IntelliTrace/deps/Microsoft.DiaSymReader.dll
[0b00:0004][2017-10-17T09:47:54] Started: Copying file /Contents/Common7/IDE/CommonExtensions/Microsoft/IntelliTrace/deps/Microsoft.DiaSymReader.dll to C:\Program Files (x86)\Microsoft Visual Studio\2017\Community\Common7\IDE\CommonExtensions\Microsoft\IntelliTrace\deps\Microsoft.DiaSymReader.dll
[0b00:0004][2017-10-17T09:47:54] Completed: Copying file /Contents/Common7/IDE/CommonExtensions/Microsoft/IntelliTrace/deps/Microsoft.DiaSymReader.dll to C:\Program Files (x86)\Microsoft Visual Studio\2017\Community\Common7\IDE\CommonExtensions\Microsoft\IntelliTrace\deps\Microsoft.DiaSymReader.dll
[0b00:0004][2017-10-17T09:47:54] Timestamp updated for file 'C:\Program Files (x86)\Microsoft Visual Studio\2017\Community\Common7\IDE\CommonExtensions\Microsoft\IntelliTrace\deps\Microsoft.DiaSymReader.dll'.
[0b00:0004][2017-10-17T09:47:54] Processing file /Contents/Common7/IDE/CommonExtensions/Microsoft/IntelliTrace/deps/Microsoft.VisualStudio.Enterprise.AspNetHelper.dll
[0b00:0004][2017-10-17T09:47:54] Started: Copying file /Contents/Common7/IDE/CommonExtensions/Microsoft/IntelliTrace/deps/Microsoft.VisualStudio.Enterprise.AspNetHelper.dll to C:\Program Files (x86)\Microsoft Visual Studio\2017\Community\Common7\IDE\CommonExtensions\Microsoft\IntelliTrace\deps\Microsoft.VisualStudio.Enterprise.AspNetHelper.dll
[0b00:0004][2017-10-17T09:47:54] Completed: Copying file /Contents/Common7/IDE/CommonExtensions/Microsoft/IntelliTrace/deps/Microsoft.VisualStudio.Enterprise.AspNetHelper.dll to C:\Program Files (x86)\Microsoft Visual Studio\2017\Community\Common7\IDE\CommonExtensions\Microsoft\IntelliTrace\deps\Microsoft.VisualStudio.Enterprise.AspNetHelper.dll
[0b00:0004][2017-10-17T09:47:54] Timestamp updated for file 'C:\Program Files (x86)\Microsoft Visual Studio\2017\Community\Common7\IDE\CommonExtensions\Microsoft\IntelliTrace\deps\Microsoft.VisualStudio.Enterprise.AspNetHelper.dll'.
[0b00:0004][2017-10-17T09:47:54] Processing file /Contents/Common7/IDE/CommonExtensions/Microsoft/IntelliTrace/en/collectionplan.xml
[0b00:0004][2017-10-17T09:47:54] Started: Copying file /Contents/Common7/IDE/CommonExtensions/Microsoft/IntelliTrace/en/collectionplan.xml to C:\Program Files (x86)\Microsoft Visual Studio\2017\Community\Common7\IDE\CommonExtensions\Microsoft\IntelliTrace\en\collectionplan.xml
[0b00:0004][2017-10-17T09:47:54] Completed: Copying file /Contents/Common7/IDE/CommonExtensions/Microsoft/IntelliTrace/en/collectionplan.xml to C:\Program Files (x86)\Microsoft Visual Studio\2017\Community\Common7\IDE\CommonExtensions\Microsoft\IntelliTrace\en\collectionplan.xml
[0b00:0004][2017-10-17T09:47:54] Timestamp updated for file 'C:\Program Files (x86)\Microsoft Visual Studio\2017\Community\Common7\IDE\CommonExtensions\Microsoft\IntelliTrace\en\collectionplan.xml'.
[0b00:0004][2017-10-17T09:47:54] Processing file /Contents/Common7/IDE/CommonExtensions/Microsoft/IntelliTrace/IntelliTrace.exe
[0b00:0004][2017-10-17T09:47:54] Started: Copying file /Contents/Common7/IDE/CommonExtensions/Microsoft/IntelliTrace/IntelliTrace.exe to C:\Program Files (x86)\Microsoft Visual Studio\2017\Community\Common7\IDE\CommonExtensions\Microsoft\IntelliTrace\IntelliTrace.exe
[0b00:0004][2017-10-17T09:47:54] Completed: Copying file /Contents/Common7/IDE/CommonExtensions/Microsoft/IntelliTrace/IntelliTrace.exe to C:\Program Files (x86)\Microsoft Visual Studio\2017\Community\Common7\IDE\CommonExtensions\Microsoft\IntelliTrace\IntelliTrace.exe
[0b00:0004][2017-10-17T09:47:54] Timestamp updated for file 'C:\Program Files (x86)\Microsoft Visual Studio\2017\Community\Common7\IDE\CommonExtensions\Microsoft\IntelliTrace\IntelliTrace.exe'.
[0b00:0004][2017-10-17T09:47:54] Queueing C:\Program Files (x86)\Microsoft Visual Studio\2017\Community\Common7\IDE\CommonExtensions\Microsoft\IntelliTrace\IntelliTrace.exe for X86 ngen
[0b00:0004][2017-10-17T09:47:54] Successfully queued file '/Contents/Common7/IDE/CommonExtensions/Microsoft/IntelliTrace/IntelliTrace.exe' for ngen
[0b00:0004][2017-10-17T09:47:54] Processing file /Contents/Common7/IDE/CommonExtensions/Microsoft/IntelliTrace/IntelliTrace.exe.config
[0b00:0004][2017-10-17T09:47:54] Started: Copying file /Contents/Common7/IDE/CommonExtensions/Microsoft/IntelliTrace/IntelliTrace.exe.config to C:\Program Files (x86)\Microsoft Visual Studio\2017\Community\Common7\IDE\CommonExtensions\Microsoft\IntelliTrace\IntelliTrace.exe.config
[0b00:0004][2017-10-17T09:47:54] Completed: Copying file /Contents/Common7/IDE/CommonExtensions/Microsoft/IntelliTrace/IntelliTrace.exe.config to C:\Program Files (x86)\Microsoft Visual Studio\2017\Community\Common7\IDE\CommonExtensions\Microsoft\IntelliTrace\IntelliTrace.exe.config
[0b00:0004][2017-10-17T09:47:54] Timestamp updated for file 'C:\Program Files (x86)\Microsoft Visual Studio\2017\Community\Common7\IDE\CommonExtensions\Microsoft\IntelliTrace\IntelliTrace.exe.config'.
[0b00:0004][2017-10-17T09:47:54] Processing file /Contents/Common7/IDE/CommonExtensions/Microsoft/IntelliTrace/IntelliTrace.pkgdef
[0b00:0004][2017-10-17T09:47:54] Started: Copying file /Contents/Common7/IDE/CommonExtensions/Microsoft/IntelliTrace/IntelliTrace.pkgdef to C:\Program Files (x86)\Microsoft Visual Studio\2017\Community\Common7\IDE\CommonExtensions\Microsoft\IntelliTrace\IntelliTrace.pkgdef
[0b00:0004][2017-10-17T09:47:54] Completed: Copying file /Contents/Common7/IDE/CommonExtensions/Microsoft/IntelliTrace/IntelliTrace.pkgdef to C:\Program Files (x86)\Microsoft Visual Studio\2017\Community\Common7\IDE\CommonExtensions\Microsoft\IntelliTrace\IntelliTrace.pkgdef
[0b00:0004][2017-10-17T09:47:54] Timestamp updated for file 'C:\Program Files (x86)\Microsoft Visual Studio\2017\Community\Common7\IDE\CommonExtensions\Microsoft\IntelliTrace\IntelliTrace.pkgdef'.
[0b00:0004][2017-10-17T09:47:54] Processing file /Contents/Common7/IDE/CommonExtensions/Microsoft/IntelliTrace/Microsoft.IntelliTrace.ConfigUI.dll
[0b00:0004][2017-10-17T09:47:54] Started: Copying file /Contents/Common7/IDE/CommonExtensions/Microsoft/IntelliTrace/Microsoft.IntelliTrace.ConfigUI.dll to C:\Program Files (x86)\Microsoft Visual Studio\2017\Community\Common7\IDE\CommonExtensions\Microsoft\IntelliTrace\Microsoft.IntelliTrace.ConfigUI.dll
[0b00:0004][2017-10-17T09:47:54] Completed: Copying file /Contents/Common7/IDE/CommonExtensions/Microsoft/IntelliTrace/Microsoft.IntelliTrace.ConfigUI.dll to C:\Program Files (x86)\Microsoft Visual Studio\2017\Community\Common7\IDE\CommonExtensions\Microsoft\IntelliTrace\Microsoft.IntelliTrace.ConfigUI.dll
[0b00:0004][2017-10-17T09:47:54] Timestamp updated for file 'C:\Program Files (x86)\Microsoft Visual Studio\2017\Community\Common7\IDE\CommonExtensions\Microsoft\IntelliTrace\Microsoft.IntelliTrace.ConfigUI.dll'.
[0b00:0004][2017-10-17T09:47:54] Processing file /Contents/Common7/IDE/CommonExtensions/Microsoft/IntelliTrace/Microsoft.IntelliTrace.dll
[0b00:0004][2017-10-17T09:47:54] Started: Copying file /Contents/Common7/IDE/CommonExtensions/Microsoft/IntelliTrace/Microsoft.IntelliTrace.dll to C:\Program Files (x86)\Microsoft Visual Studio\2017\Community\Common7\IDE\CommonExtensions\Microsoft\IntelliTrace\Microsoft.IntelliTrace.dll
[0b00:0004][2017-10-17T09:47:54] Completed: Copying file /Contents/Common7/IDE/CommonExtensions/Microsoft/IntelliTrace/Microsoft.IntelliTrace.dll to C:\Program Files (x86)\Microsoft Visual Studio\2017\Community\Common7\IDE\CommonExtensions\Microsoft\IntelliTrace\Microsoft.IntelliTrace.dll
[0b00:0004][2017-10-17T09:47:54] Timestamp updated for file 'C:\Program Files (x86)\Microsoft Visual Studio\2017\Community\Common7\IDE\CommonExtensions\Microsoft\IntelliTrace\Microsoft.IntelliTrace.dll'.
[0b00:0004][2017-10-17T09:47:54] Processing file /Contents/Common7/IDE/CommonExtensions/Microsoft/IntelliTrace/Microsoft.IntelliTrace.Profiler.dll
[0b00:0004][2017-10-17T09:47:54] Started: Copying file /Contents/Common7/IDE/CommonExtensions/Microsoft/IntelliTrace/Microsoft.IntelliTrace.Profiler.dll to C:\Program Files (x86)\Microsoft Visual Studio\2017\Community\Common7\IDE\CommonExtensions\Microsoft\IntelliTrace\Microsoft.IntelliTrace.Profiler.dll
[0b00:0004][2017-10-17T09:47:54] Completed: Copying file /Contents/Common7/IDE/CommonExtensions/Microsoft/IntelliTrace/Microsoft.IntelliTrace.Profiler.dll to C:\Program Files (x86)\Microsoft Visual Studio\2017\Community\Common7\IDE\CommonExtensions\Microsoft\IntelliTrace\Microsoft.IntelliTrace.Profiler.dll
[0b00:0004][2017-10-17T09:47:54] Timestamp updated for file 'C:\Program Files (x86)\Microsoft Visual Studio\2017\Community\Common7\IDE\CommonExtensions\Microsoft\IntelliTrace\Microsoft.IntelliTrace.Profiler.dll'.
[0b00:0004][2017-10-17T09:47:54] Processing file /Contents/Common7/IDE/CommonExtensions/Microsoft/IntelliTrace/Microsoft.IntelliTrace.TelemetryObserver.Common.dll
[0b00:0004][2017-10-17T09:47:54] Started: Copying file /Contents/Common7/IDE/CommonExtensions/Microsoft/IntelliTrace/Microsoft.IntelliTrace.TelemetryObserver.Common.dll to C:\Program Files (x86)\Microsoft Visual Studio\2017\Community\Common7\IDE\CommonExtensions\Microsoft\IntelliTrace\Microsoft.IntelliTrace.TelemetryObserver.Common.dll
[0b00:0004][2017-10-17T09:47:54] Completed: Copying file /Contents/Common7/IDE/CommonExtensions/Microsoft/IntelliTrace/Microsoft.IntelliTrace.TelemetryObserver.Common.dll to C:\Program Files (x86)\Microsoft Visual Studio\2017\Community\Common7\IDE\CommonExtensions\Microsoft\IntelliTrace\Microsoft.IntelliTrace.TelemetryObserver.Common.dll
[0b00:0004][2017-10-17T09:47:54] Timestamp updated for file 'C:\Program Files (x86)\Microsoft Visual Studio\2017\Community\Common7\IDE\CommonExtensions\Microsoft\IntelliTrace\Microsoft.IntelliTrace.TelemetryObserver.Common.dll'.
[0b00:0004][2017-10-17T09:47:54] Processing file /Contents/Common7/IDE/CommonExtensions/Microsoft/IntelliTrace/Microsoft.IntelliTrace.TelemetryObserver.CoreClr.dll
[0b00:0004][2017-10-17T09:47:54] Started: Copying file /Contents/Common7/IDE/CommonExtensions/Microsoft/IntelliTrace/Microsoft.IntelliTrace.TelemetryObserver.CoreClr.dll to C:\Program Files (x86)\Microsoft Visual Studio\2017\Community\Common7\IDE\CommonExtensions\Microsoft\IntelliTrace\Microsoft.IntelliTrace.TelemetryObserver.CoreClr.dll
[0b00:0004][2017-10-17T09:47:54] Completed: Copying file /Contents/Common7/IDE/CommonExtensions/Microsoft/IntelliTrace/Microsoft.IntelliTrace.TelemetryObserver.CoreClr.dll to C:\Program Files (x86)\Microsoft Visual Studio\2017\Community\Common7\IDE\CommonExtensions\Microsoft\IntelliTrace\Microsoft.IntelliTrace.TelemetryObserver.CoreClr.dll
[0b00:0004][2017-10-17T09:47:54] Timestamp updated for file 'C:\Program Files (x86)\Microsoft Visual Studio\2017\Community\Common7\IDE\CommonExtensions\Microsoft\IntelliTrace\Microsoft.IntelliTrace.TelemetryObserver.CoreClr.dll'.
[0b00:0004][2017-10-17T09:47:54] Processing file /Contents/Common7/IDE/CommonExtensions/Microsoft/IntelliTrace/Microsoft.IntelliTrace.TelemetryObserver.dll
[0b00:0004][2017-10-17T09:47:54] Started: Copying file /Contents/Common7/IDE/CommonExtensions/Microsoft/IntelliTrace/Microsoft.IntelliTrace.TelemetryObserver.dll to C:\Program Files (x86)\Microsoft Visual Studio\2017\Community\Common7\IDE\CommonExtensions\Microsoft\IntelliTrace\Microsoft.IntelliTrace.TelemetryObserver.dll
[0b00:0004][2017-10-17T09:47:54] Completed: Copying file /Contents/Common7/IDE/CommonExtensions/Microsoft/IntelliTrace/Microsoft.IntelliTrace.TelemetryObserver.dll to C:\Program Files (x86)\Microsoft Visual Studio\2017\Community\Common7\IDE\CommonExtensions\Microsoft\IntelliTrace\Microsoft.IntelliTrace.TelemetryObserver.dll
[0b00:0004][2017-10-17T09:47:54] Timestamp updated for file 'C:\Program Files (x86)\Microsoft Visual Studio\2017\Community\Common7\IDE\CommonExtensions\Microsoft\IntelliTrace\Microsoft.IntelliTrace.TelemetryObserver.dll'.
[0b00:0004][2017-10-17T09:47:54] Processing file /Contents/Common7/IDE/CommonExtensions/Microsoft/IntelliTrace/Microsoft.VisualStudio.DefaultDataQueries.dll
[0b00:0004][2017-10-17T09:47:54] Started: Copying file /Contents/Common7/IDE/CommonExtensions/Microsoft/IntelliTrace/Microsoft.VisualStudio.DefaultDataQueries.dll to C:\Program Files (x86)\Microsoft Visual Studio\2017\Community\Common7\IDE\CommonExtensions\Microsoft\IntelliTrace\Microsoft.VisualStudio.DefaultDataQueries.dll
[0b00:0004][2017-10-17T09:47:54] Completed: Copying file /Contents/Common7/IDE/CommonExtensions/Microsoft/IntelliTrace/Microsoft.VisualStudio.DefaultDataQueries.dll to C:\Program Files (x86)\Microsoft Visual Studio\2017\Community\Common7\IDE\CommonExtensions\Microsoft\IntelliTrace\Microsoft.VisualStudio.DefaultDataQueries.dll
[0b00:0004][2017-10-17T09:47:54] Timestamp updated for file 'C:\Program Files (x86)\Microsoft Visual Studio\2017\Community\Common7\IDE\CommonExtensions\Microsoft\IntelliTrace\Microsoft.VisualStudio.DefaultDataQueries.dll'.
[0b00:0004][2017-10-17T09:47:54] Processing file /Contents/Common7/IDE/CommonExtensions/Microsoft/IntelliTrace/Microsoft.VisualStudio.Diagnostics.Utilities.dll
[0b00:0004][2017-10-17T09:47:54] Started: Copying file /Contents/Common7/IDE/CommonExtensions/Microsoft/IntelliTrace/Microsoft.VisualStudio.Diagnostics.Utilities.dll to C:\Program Files (x86)\Microsoft Visual Studio\2017\Community\Common7\IDE\CommonExtensions\Microsoft\IntelliTrace\Microsoft.VisualStudio.Diagnostics.Utilities.dll
[0b00:0004][2017-10-17T09:47:54] Completed: Copying file /Contents/Common7/IDE/CommonExtensions/Microsoft/IntelliTrace/Microsoft.VisualStudio.Diagnostics.Utilities.dll to C:\Program Files (x86)\Microsoft Visual Studio\2017\Community\Common7\IDE\CommonExtensions\Microsoft\IntelliTrace\Microsoft.VisualStudio.Diagnostics.Utilities.dll
[0b00:0004][2017-10-17T09:47:54] Timestamp updated for file 'C:\Program Files (x86)\Microsoft Visual Studio\2017\Community\Common7\IDE\CommonExtensions\Microsoft\IntelliTrace\Microsoft.VisualStudio.Diagnostics.Utilities.dll'.
[0b00:0004][2017-10-17T09:47:54] Processing file /Contents/Common7/IDE/CommonExtensions/Microsoft/IntelliTrace/Microsoft.VisualStudio.VIL.dll
[0b00:0004][2017-10-17T09:47:54] Started: Copying file /Contents/Common7/IDE/CommonExtensions/Microsoft/IntelliTrace/Microsoft.VisualStudio.VIL.dll to C:\Program Files (x86)\Microsoft Visual Studio\2017\Community\Common7\IDE\CommonExtensions\Microsoft\IntelliTrace\Microsoft.VisualStudio.VIL.dll
[0b00:0004][2017-10-17T09:47:54] Completed: Copying file /Contents/Common7/IDE/CommonExtensions/Microsoft/IntelliTrace/Microsoft.VisualStudio.VIL.dll to C:\Program Files (x86)\Microsoft Visual Studio\2017\Community\Common7\IDE\CommonExtensions\Microsoft\IntelliTrace\Microsoft.VisualStudio.VIL.dll
[0b00:0004][2017-10-17T09:47:54] Timestamp updated for file 'C:\Program Files (x86)\Microsoft Visual Studio\2017\Community\Common7\IDE\CommonExtensions\Microsoft\IntelliTrace\Microsoft.VisualStudio.VIL.dll'.
[0b00:0004][2017-10-17T09:47:54] Processing file /Contents/Common7/IDE/CommonExtensions/Microsoft/IntelliTrace/Microsoft.VisualStudio.VIL.NotifyPointInProcHost.dll
[0b00:0004][2017-10-17T09:47:54] Started: Copying file /Contents/Common7/IDE/CommonExtensions/Microsoft/IntelliTrace/Microsoft.VisualStudio.VIL.NotifyPointInProcHost.dll to C:\Program Files (x86)\Microsoft Visual Studio\2017\Community\Common7\IDE\CommonExtensions\Microsoft\IntelliTrace\Microsoft.VisualStudio.VIL.NotifyPointInProcHost.dll
[0b00:0004][2017-10-17T09:47:54] Completed: Copying file /Contents/Common7/IDE/CommonExtensions/Microsoft/IntelliTrace/Microsoft.VisualStudio.VIL.NotifyPointInProcHost.dll to C:\Program Files (x86)\Microsoft Visual Studio\2017\Community\Common7\IDE\CommonExtensions\Microsoft\IntelliTrace\Microsoft.VisualStudio.VIL.NotifyPointInProcHost.dll
[0b00:0004][2017-10-17T09:47:54] Timestamp updated for file 'C:\Program Files (x86)\Microsoft Visual Studio\2017\Community\Common7\IDE\CommonExtensions\Microsoft\IntelliTrace\Microsoft.VisualStudio.VIL.NotifyPointInProcHost.dll'.
[0b00:0004][2017-10-17T09:47:54] Processing file /Contents/Common7/IDE/PrivateAssemblies/DataCollectors/en/Microsoft.VisualStudio.TraceCollector.dll.config
[0b00:0004][2017-10-17T09:47:54] Started: Copying file /Contents/Common7/IDE/PrivateAssemblies/DataCollectors/en/Microsoft.VisualStudio.TraceCollector.dll.config to C:\Program Files (x86)\Microsoft Visual Studio\2017\Community\Common7\IDE\PrivateAssemblies\DataCollectors\en\Microsoft.VisualStudio.TraceCollector.dll.config
[0b00:0004][2017-10-17T09:47:54] Completed: Copying file /Contents/Common7/IDE/PrivateAssemblies/DataCollectors/en/Microsoft.VisualStudio.TraceCollector.dll.config to C:\Program Files (x86)\Microsoft Visual Studio\2017\Community\Common7\IDE\PrivateAssemblies\DataCollectors\en\Microsoft.VisualStudio.TraceCollector.dll.config
[0b00:0004][2017-10-17T09:47:54] Timestamp updated for file 'C:\Program Files (x86)\Microsoft Visual Studio\2017\Community\Common7\IDE\PrivateAssemblies\DataCollectors\en\Microsoft.VisualStudio.TraceCollector.dll.config'.
[0b00:0004][2017-10-17T09:47:54] Processing file /Contents/Common7/IDE/PrivateAssemblies/DataCollectors/Microsoft.IntelliTrace.ConfigUI.dll
[0b00:0004][2017-10-17T09:47:54] Started: Copying file /Contents/Common7/IDE/PrivateAssemblies/DataCollectors/Microsoft.IntelliTrace.ConfigUI.dll to C:\Program Files (x86)\Microsoft Visual Studio\2017\Community\Common7\IDE\PrivateAssemblies\DataCollectors\Microsoft.IntelliTrace.ConfigUI.dll
[0b00:0004][2017-10-17T09:47:54] Completed: Copying file /Contents/Common7/IDE/PrivateAssemblies/DataCollectors/Microsoft.IntelliTrace.ConfigUI.dll to C:\Program Files (x86)\Microsoft Visual Studio\2017\Community\Common7\IDE\PrivateAssemblies\DataCollectors\Microsoft.IntelliTrace.ConfigUI.dll
[0b00:0004][2017-10-17T09:47:54] Timestamp updated for file 'C:\Program Files (x86)\Microsoft Visual Studio\2017\Community\Common7\IDE\PrivateAssemblies\DataCollectors\Microsoft.IntelliTrace.ConfigUI.dll'.
[0b00:0004][2017-10-17T09:47:54] Processing file /Contents/Common7/IDE/PrivateAssemblies/DataCollectors/Microsoft.VisualStudio.TraceCollector.dll
[0b00:0004][2017-10-17T09:47:54] Started: Copying file /Contents/Common7/IDE/PrivateAssemblies/DataCollectors/Microsoft.VisualStudio.TraceCollector.dll to C:\Program Files (x86)\Microsoft Visual Studio\2017\Community\Common7\IDE\PrivateAssemblies\DataCollectors\Microsoft.VisualStudio.TraceCollector.dll
[0b00:0004][2017-10-17T09:47:54] Completed: Copying file /Contents/Common7/IDE/PrivateAssemblies/DataCollectors/Microsoft.VisualStudio.TraceCollector.dll to C:\Program Files (x86)\Microsoft Visual Studio\2017\Community\Common7\IDE\PrivateAssemblies\DataCollectors\Microsoft.VisualStudio.TraceCollector.dll
[0b00:0004][2017-10-17T09:47:54] Timestamp updated for file 'C:\Program Files (x86)\Microsoft Visual Studio\2017\Community\Common7\IDE\PrivateAssemblies\DataCollectors\Microsoft.VisualStudio.TraceCollector.dll'.
[0b00:0004][2017-10-17T09:47:54] Processing file /Contents/Common7/IDE/PrivateAssemblies/DataCollectors/TestImpact/ComComponents/x64/msdia140.dll
[0b00:0004][2017-10-17T09:47:54] Started: Copying file /Contents/Common7/IDE/PrivateAssemblies/DataCollectors/TestImpact/ComComponents/x64/msdia140.dll to C:\Program Files (x86)\Microsoft Visual Studio\2017\Community\Common7\IDE\PrivateAssemblies\DataCollectors\TestImpact\ComComponents\x64\msdia140.dll
[0b00:0004][2017-10-17T09:47:54] Completed: Copying file /Contents/Common7/IDE/PrivateAssemblies/DataCollectors/TestImpact/ComComponents/x64/msdia140.dll to C:\Program Files (x86)\Microsoft Visual Studio\2017\Community\Common7\IDE\PrivateAssemblies\DataCollectors\TestImpact\ComComponents\x64\msdia140.dll
[0b00:0004][2017-10-17T09:47:54] Timestamp updated for file 'C:\Program Files (x86)\Microsoft Visual Studio\2017\Community\Common7\IDE\PrivateAssemblies\DataCollectors\TestImpact\ComComponents\x64\msdia140.dll'.
[0b00:0004][2017-10-17T09:47:54] Processing file /Contents/Common7/IDE/PrivateAssemblies/DataCollectors/TestImpact/ComComponents/x86/msdia140.dll
[0b00:0004][2017-10-17T09:47:54] Started: Copying file /Contents/Common7/IDE/PrivateAssemblies/DataCollectors/TestImpact/ComComponents/x86/msdia140.dll to C:\Program Files (x86)\Microsoft Visual Studio\2017\Community\Common7\IDE\PrivateAssemblies\DataCollectors\TestImpact\ComComponents\x86\msdia140.dll
[0b00:0004][2017-10-17T09:47:54] Completed: Copying file /Contents/Common7/IDE/PrivateAssemblies/DataCollectors/TestImpact/ComComponents/x86/msdia140.dll to C:\Program Files (x86)\Microsoft Visual Studio\2017\Community\Common7\IDE\PrivateAssemblies\DataCollectors\TestImpact\ComComponents\x86\msdia140.dll
[0b00:0004][2017-10-17T09:47:54] Timestamp updated for file 'C:\Program Files (x86)\Microsoft Visual Studio\2017\Community\Common7\IDE\PrivateAssemblies\DataCollectors\TestImpact\ComComponents\x86\msdia140.dll'.
[0b00:0004][2017-10-17T09:47:54] Processing file /Contents/Common7/IDE/PrivateAssemblies/Microsoft.IntelliTrace.Core.dll
[0b00:0004][2017-10-17T09:47:54] Started: Copying file /Contents/Common7/IDE/PrivateAssemblies/Microsoft.IntelliTrace.Core.dll to C:\Program Files (x86)\Microsoft Visual Studio\2017\Community\Common7\IDE\PrivateAssemblies\Microsoft.IntelliTrace.Core.dll
[0b00:0004][2017-10-17T09:47:54] Completed: Copying file /Contents/Common7/IDE/PrivateAssemblies/Microsoft.IntelliTrace.Core.dll to C:\Program Files (x86)\Microsoft Visual Studio\2017\Community\Common7\IDE\PrivateAssemblies\Microsoft.IntelliTrace.Core.dll
[0b00:0004][2017-10-17T09:47:54] Timestamp updated for file 'C:\Program Files (x86)\Microsoft Visual Studio\2017\Community\Common7\IDE\PrivateAssemblies\Microsoft.IntelliTrace.Core.dll'.
[0b00:0004][2017-10-17T09:47:54] Queueing C:\Program Files (x86)\Microsoft Visual Studio\2017\Community\Common7\IDE\PrivateAssemblies\Microsoft.IntelliTrace.Core.dll for X86 ngen
[0b00:0004][2017-10-17T09:47:54] Successfully queued file '/Contents/Common7/IDE/PrivateAssemblies/Microsoft.IntelliTrace.Core.dll' for ngen
[0b00:0004][2017-10-17T09:47:54] Processing file /Contents/Common7/IDE/PrivateAssemblies/Microsoft.IntelliTrace.dll
[0b00:0004][2017-10-17T09:47:54] Started: Copying file /Contents/Common7/IDE/PrivateAssemblies/Microsoft.IntelliTrace.dll to C:\Program Files (x86)\Microsoft Visual Studio\2017\Community\Common7\IDE\PrivateAssemblies\Microsoft.IntelliTrace.dll
[0b00:0004][2017-10-17T09:47:54] Completed: Copying file /Contents/Common7/IDE/PrivateAssemblies/Microsoft.IntelliTrace.dll to C:\Program Files (x86)\Microsoft Visual Studio\2017\Community\Common7\IDE\PrivateAssemblies\Microsoft.IntelliTrace.dll
[0b00:0004][2017-10-17T09:47:54] Timestamp updated for file 'C:\Program Files (x86)\Microsoft Visual Studio\2017\Community\Common7\IDE\PrivateAssemblies\Microsoft.IntelliTrace.dll'.
[0b00:0004][2017-10-17T09:47:54] Processing file /Contents/Common7/IDE/PrivateAssemblies/Microsoft.VisualStudio.Diagnostics.Common.UI.dll
[0b00:0004][2017-10-17T09:47:54] Started: Copying file /Contents/Common7/IDE/PrivateAssemblies/Microsoft.VisualStudio.Diagnostics.Common.UI.dll to C:\Program Files (x86)\Microsoft Visual Studio\2017\Community\Common7\IDE\PrivateAssemblies\Microsoft.VisualStudio.Diagnostics.Common.UI.dll
[0b00:0004][2017-10-17T09:47:54] Completed: Copying file /Contents/Common7/IDE/PrivateAssemblies/Microsoft.VisualStudio.Diagnostics.Common.UI.dll to C:\Program Files (x86)\Microsoft Visual Studio\2017\Community\Common7\IDE\PrivateAssemblies\Microsoft.VisualStudio.Diagnostics.Common.UI.dll
[0b00:0004][2017-10-17T09:47:54] Timestamp updated for file 'C:\Program Files (x86)\Microsoft Visual Studio\2017\Community\Common7\IDE\PrivateAssemblies\Microsoft.VisualStudio.Diagnostics.Common.UI.dll'.
[0b00:0004][2017-10-17T09:47:54] Processing file /Contents/Common7/IDE/PrivateAssemblies/Microsoft.VisualStudio.Diagnostics.Utilities.dll
[0b00:0004][2017-10-17T09:47:54] Started: Copying file /Contents/Common7/IDE/PrivateAssemblies/Microsoft.VisualStudio.Diagnostics.Utilities.dll to C:\Program Files (x86)\Microsoft Visual Studio\2017\Community\Common7\IDE\PrivateAssemblies\Microsoft.VisualStudio.Diagnostics.Utilities.dll
[0b00:0004][2017-10-17T09:47:54] Completed: Copying file /Contents/Common7/IDE/PrivateAssemblies/Microsoft.VisualStudio.Diagnostics.Utilities.dll to C:\Program Files (x86)\Microsoft Visual Studio\2017\Community\Common7\IDE\PrivateAssemblies\Microsoft.VisualStudio.Diagnostics.Utilities.dll
[0b00:0004][2017-10-17T09:47:54] Timestamp updated for file 'C:\Program Files (x86)\Microsoft Visual Studio\2017\Community\Common7\IDE\PrivateAssemblies\Microsoft.VisualStudio.Diagnostics.Utilities.dll'.
[0b00:0004][2017-10-17T09:47:54] Package executed successfully. Return code: 0
