[0b00:0004][2017-10-17T09:47:47] Opening the package for processing
[0b00:0004][2017-10-17T09:47:47] Using package payload to get the embedded manifest
[0b00:0004][2017-10-17T09:47:47] Getting list of files within the package
[0b00:0004][2017-10-17T09:47:47] Processing file /Contents/CoreCon/Binaries/Phone%20Tools/Debugger/target/lib/Microsoft.CodeAnalysis.CSharp.ExpressionEvaluator.ResultProvider.dll
[0b00:0004][2017-10-17T09:47:47] Started: Copying file /Contents/CoreCon/Binaries/Phone%20Tools/Debugger/target/lib/Microsoft.CodeAnalysis.CSharp.ExpressionEvaluator.ResultProvider.dll to C:\Program Files (x86)\Microsoft Visual Studio\2017\Community\CoreCon\Binaries\Phone Tools\Debugger\target\lib\Microsoft.CodeAnalysis.CSharp.ExpressionEvaluator.ResultProvider.dll
[0b00:0004][2017-10-17T09:47:47] Completed: Copying file /Contents/CoreCon/Binaries/Phone%20Tools/Debugger/target/lib/Microsoft.CodeAnalysis.CSharp.ExpressionEvaluator.ResultProvider.dll to C:\Program Files (x86)\Microsoft Visual Studio\2017\Community\CoreCon\Binaries\Phone Tools\Debugger\target\lib\Microsoft.CodeAnalysis.CSharp.ExpressionEvaluator.ResultProvider.dll
[0b00:0004][2017-10-17T09:47:47] Timestamp updated for file 'C:\Program Files (x86)\Microsoft Visual Studio\2017\Community\CoreCon\Binaries\Phone Tools\Debugger\target\lib\Microsoft.CodeAnalysis.CSharp.ExpressionEvaluator.ResultProvider.dll'.
[0b00:0004][2017-10-17T09:47:47] Processing file /Contents/CoreCon/Binaries/Phone%20Tools/Debugger/target/lib/Microsoft.CodeAnalysis.ExpressionEvaluator.FunctionResolver.dll
[0b00:0004][2017-10-17T09:47:47] Started: Copying file /Contents/CoreCon/Binaries/Phone%20Tools/Debugger/target/lib/Microsoft.CodeAnalysis.ExpressionEvaluator.FunctionResolver.dll to C:\Program Files (x86)\Microsoft Visual Studio\2017\Community\CoreCon\Binaries\Phone Tools\Debugger\target\lib\Microsoft.CodeAnalysis.ExpressionEvaluator.FunctionResolver.dll
[0b00:0004][2017-10-17T09:47:47] Completed: Copying file /Contents/CoreCon/Binaries/Phone%20Tools/Debugger/target/lib/Microsoft.CodeAnalysis.ExpressionEvaluator.FunctionResolver.dll to C:\Program Files (x86)\Microsoft Visual Studio\2017\Community\CoreCon\Binaries\Phone Tools\Debugger\target\lib\Microsoft.CodeAnalysis.ExpressionEvaluator.FunctionResolver.dll
[0b00:0004][2017-10-17T09:47:47] Timestamp updated for file 'C:\Program Files (x86)\Microsoft Visual Studio\2017\Community\CoreCon\Binaries\Phone Tools\Debugger\target\lib\Microsoft.CodeAnalysis.ExpressionEvaluator.FunctionResolver.dll'.
[0b00:0004][2017-10-17T09:47:47] Processing file /Contents/CoreCon/Binaries/Phone%20Tools/Debugger/target/lib/Microsoft.CodeAnalysis.ExpressionEvaluator.ResultProvider.dll
[0b00:0004][2017-10-17T09:47:47] Started: Copying file /Contents/CoreCon/Binaries/Phone%20Tools/Debugger/target/lib/Microsoft.CodeAnalysis.ExpressionEvaluator.ResultProvider.dll to C:\Program Files (x86)\Microsoft Visual Studio\2017\Community\CoreCon\Binaries\Phone Tools\Debugger\target\lib\Microsoft.CodeAnalysis.ExpressionEvaluator.ResultProvider.dll
[0b00:0004][2017-10-17T09:47:47] Completed: Copying file /Contents/CoreCon/Binaries/Phone%20Tools/Debugger/target/lib/Microsoft.CodeAnalysis.ExpressionEvaluator.ResultProvider.dll to C:\Program Files (x86)\Microsoft Visual Studio\2017\Community\CoreCon\Binaries\Phone Tools\Debugger\target\lib\Microsoft.CodeAnalysis.ExpressionEvaluator.ResultProvider.dll
[0b00:0004][2017-10-17T09:47:47] Timestamp updated for file 'C:\Program Files (x86)\Microsoft Visual Studio\2017\Community\CoreCon\Binaries\Phone Tools\Debugger\target\lib\Microsoft.CodeAnalysis.ExpressionEvaluator.ResultProvider.dll'.
[0b00:0004][2017-10-17T09:47:47] Processing file /Contents/CoreCon/Binaries/Phone%20Tools/Debugger/target/lib/Microsoft.CodeAnalysis.VisualBasic.ExpressionEvaluator.ResultProvider.dll
[0b00:0004][2017-10-17T09:47:47] Started: Copying file /Contents/CoreCon/Binaries/Phone%20Tools/Debugger/target/lib/Microsoft.CodeAnalysis.VisualBasic.ExpressionEvaluator.ResultProvider.dll to C:\Program Files (x86)\Microsoft Visual Studio\2017\Community\CoreCon\Binaries\Phone Tools\Debugger\target\lib\Microsoft.CodeAnalysis.VisualBasic.ExpressionEvaluator.ResultProvider.dll
[0b00:0004][2017-10-17T09:47:47] Completed: Copying file /Contents/CoreCon/Binaries/Phone%20Tools/Debugger/target/lib/Microsoft.CodeAnalysis.VisualBasic.ExpressionEvaluator.ResultProvider.dll to C:\Program Files (x86)\Microsoft Visual Studio\2017\Community\CoreCon\Binaries\Phone Tools\Debugger\target\lib\Microsoft.CodeAnalysis.VisualBasic.ExpressionEvaluator.ResultProvider.dll
[0b00:0004][2017-10-17T09:47:47] Timestamp updated for file 'C:\Program Files (x86)\Microsoft Visual Studio\2017\Community\CoreCon\Binaries\Phone Tools\Debugger\target\lib\Microsoft.CodeAnalysis.VisualBasic.ExpressionEvaluator.ResultProvider.dll'.
[0b00:0004][2017-10-17T09:47:47] Processing file /Contents/CoreCon/Binaries/Phone%20Tools/Debugger/target/lib/Microsoft.DiaSymReader.dll
[0b00:0004][2017-10-17T09:47:47] Started: Copying file /Contents/CoreCon/Binaries/Phone%20Tools/Debugger/target/lib/Microsoft.DiaSymReader.dll to C:\Program Files (x86)\Microsoft Visual Studio\2017\Community\CoreCon\Binaries\Phone Tools\Debugger\target\lib\Microsoft.DiaSymReader.dll
[0b00:0004][2017-10-17T09:47:47] Completed: Copying file /Contents/CoreCon/Binaries/Phone%20Tools/Debugger/target/lib/Microsoft.DiaSymReader.dll to C:\Program Files (x86)\Microsoft Visual Studio\2017\Community\CoreCon\Binaries\Phone Tools\Debugger\target\lib\Microsoft.DiaSymReader.dll
[0b00:0004][2017-10-17T09:47:47] Timestamp updated for file 'C:\Program Files (x86)\Microsoft Visual Studio\2017\Community\CoreCon\Binaries\Phone Tools\Debugger\target\lib\Microsoft.DiaSymReader.dll'.
[0b00:0004][2017-10-17T09:47:47] Processing file /Contents/CoreCon/Binaries/Phone%20Tools/Debugger/target/lib/Microsoft.VisualStudio.Debugger.Engine.dll
[0b00:0004][2017-10-17T09:47:47] Started: Copying file /Contents/CoreCon/Binaries/Phone%20Tools/Debugger/target/lib/Microsoft.VisualStudio.Debugger.Engine.dll to C:\Program Files (x86)\Microsoft Visual Studio\2017\Community\CoreCon\Binaries\Phone Tools\Debugger\target\lib\Microsoft.VisualStudio.Debugger.Engine.dll
[0b00:0004][2017-10-17T09:47:47] Completed: Copying file /Contents/CoreCon/Binaries/Phone%20Tools/Debugger/target/lib/Microsoft.VisualStudio.Debugger.Engine.dll to C:\Program Files (x86)\Microsoft Visual Studio\2017\Community\CoreCon\Binaries\Phone Tools\Debugger\target\lib\Microsoft.VisualStudio.Debugger.Engine.dll
[0b00:0004][2017-10-17T09:47:47] Timestamp updated for file 'C:\Program Files (x86)\Microsoft Visual Studio\2017\Community\CoreCon\Binaries\Phone Tools\Debugger\target\lib\Microsoft.VisualStudio.Debugger.Engine.dll'.
[0b00:0004][2017-10-17T09:47:47] Processing file /Contents/CoreCon/Binaries/Phone%20Tools/Debugger/target/lib/Microsoft.VisualStudio.Debugger.Interop.10.0.dll
[0b00:0004][2017-10-17T09:47:47] Started: Copying file /Contents/CoreCon/Binaries/Phone%20Tools/Debugger/target/lib/Microsoft.VisualStudio.Debugger.Interop.10.0.dll to C:\Program Files (x86)\Microsoft Visual Studio\2017\Community\CoreCon\Binaries\Phone Tools\Debugger\target\lib\Microsoft.VisualStudio.Debugger.Interop.10.0.dll
[0b00:0004][2017-10-17T09:47:47] Completed: Copying file /Contents/CoreCon/Binaries/Phone%20Tools/Debugger/target/lib/Microsoft.VisualStudio.Debugger.Interop.10.0.dll to C:\Program Files (x86)\Microsoft Visual Studio\2017\Community\CoreCon\Binaries\Phone Tools\Debugger\target\lib\Microsoft.VisualStudio.Debugger.Interop.10.0.dll
[0b00:0004][2017-10-17T09:47:47] Timestamp updated for file 'C:\Program Files (x86)\Microsoft Visual Studio\2017\Community\CoreCon\Binaries\Phone Tools\Debugger\target\lib\Microsoft.VisualStudio.Debugger.Interop.10.0.dll'.
[0b00:0004][2017-10-17T09:47:47] Processing file /Contents/CoreCon/Binaries/Phone%20Tools/Debugger/target/lib/Microsoft.VisualStudio.Debugger.Interop.12.0.dll
[0b00:0004][2017-10-17T09:47:47] Started: Copying file /Contents/CoreCon/Binaries/Phone%20Tools/Debugger/target/lib/Microsoft.VisualStudio.Debugger.Interop.12.0.dll to C:\Program Files (x86)\Microsoft Visual Studio\2017\Community\CoreCon\Binaries\Phone Tools\Debugger\target\lib\Microsoft.VisualStudio.Debugger.Interop.12.0.dll
[0b00:0004][2017-10-17T09:47:47] Completed: Copying file /Contents/CoreCon/Binaries/Phone%20Tools/Debugger/target/lib/Microsoft.VisualStudio.Debugger.Interop.12.0.dll to C:\Program Files (x86)\Microsoft Visual Studio\2017\Community\CoreCon\Binaries\Phone Tools\Debugger\target\lib\Microsoft.VisualStudio.Debugger.Interop.12.0.dll
[0b00:0004][2017-10-17T09:47:47] Timestamp updated for file 'C:\Program Files (x86)\Microsoft Visual Studio\2017\Community\CoreCon\Binaries\Phone Tools\Debugger\target\lib\Microsoft.VisualStudio.Debugger.Interop.12.0.dll'.
[0b00:0004][2017-10-17T09:47:47] Processing file /Contents/CoreCon/Binaries/Phone%20Tools/Debugger/target/lib/Microsoft.VisualStudio.Debugger.InteropA.dll
[0b00:0004][2017-10-17T09:47:47] Started: Copying file /Contents/CoreCon/Binaries/Phone%20Tools/Debugger/target/lib/Microsoft.VisualStudio.Debugger.InteropA.dll to C:\Program Files (x86)\Microsoft Visual Studio\2017\Community\CoreCon\Binaries\Phone Tools\Debugger\target\lib\Microsoft.VisualStudio.Debugger.InteropA.dll
[0b00:0004][2017-10-17T09:47:47] Completed: Copying file /Contents/CoreCon/Binaries/Phone%20Tools/Debugger/target/lib/Microsoft.VisualStudio.Debugger.InteropA.dll to C:\Program Files (x86)\Microsoft Visual Studio\2017\Community\CoreCon\Binaries\Phone Tools\Debugger\target\lib\Microsoft.VisualStudio.Debugger.InteropA.dll
[0b00:0004][2017-10-17T09:47:47] Timestamp updated for file 'C:\Program Files (x86)\Microsoft Visual Studio\2017\Community\CoreCon\Binaries\Phone Tools\Debugger\target\lib\Microsoft.VisualStudio.Debugger.InteropA.dll'.
[0b00:0004][2017-10-17T09:47:47] Processing file /Contents/CoreCon/Binaries/Phone%20Tools/Debugger/target/lib/Microsoft.VisualStudio.Debugger.Metadata.dll
[0b00:0004][2017-10-17T09:47:47] Started: Copying file /Contents/CoreCon/Binaries/Phone%20Tools/Debugger/target/lib/Microsoft.VisualStudio.Debugger.Metadata.dll to C:\Program Files (x86)\Microsoft Visual Studio\2017\Community\CoreCon\Binaries\Phone Tools\Debugger\target\lib\Microsoft.VisualStudio.Debugger.Metadata.dll
[0b00:0004][2017-10-17T09:47:47] Completed: Copying file /Contents/CoreCon/Binaries/Phone%20Tools/Debugger/target/lib/Microsoft.VisualStudio.Debugger.Metadata.dll to C:\Program Files (x86)\Microsoft Visual Studio\2017\Community\CoreCon\Binaries\Phone Tools\Debugger\target\lib\Microsoft.VisualStudio.Debugger.Metadata.dll
[0b00:0004][2017-10-17T09:47:47] Timestamp updated for file 'C:\Program Files (x86)\Microsoft Visual Studio\2017\Community\CoreCon\Binaries\Phone Tools\Debugger\target\lib\Microsoft.VisualStudio.Debugger.Metadata.dll'.
[0b00:0004][2017-10-17T09:47:47] Processing file /Contents/CoreCon/Binaries/Phone%20Tools/Debugger/target/lib/Microsoft.VisualStudio.OLE.Interop.dll
[0b00:0004][2017-10-17T09:47:47] Started: Copying file /Contents/CoreCon/Binaries/Phone%20Tools/Debugger/target/lib/Microsoft.VisualStudio.OLE.Interop.dll to C:\Program Files (x86)\Microsoft Visual Studio\2017\Community\CoreCon\Binaries\Phone Tools\Debugger\target\lib\Microsoft.VisualStudio.OLE.Interop.dll
[0b00:0004][2017-10-17T09:47:47] Completed: Copying file /Contents/CoreCon/Binaries/Phone%20Tools/Debugger/target/lib/Microsoft.VisualStudio.OLE.Interop.dll to C:\Program Files (x86)\Microsoft Visual Studio\2017\Community\CoreCon\Binaries\Phone Tools\Debugger\target\lib\Microsoft.VisualStudio.OLE.Interop.dll
[0b00:0004][2017-10-17T09:47:47] Timestamp updated for file 'C:\Program Files (x86)\Microsoft Visual Studio\2017\Community\CoreCon\Binaries\Phone Tools\Debugger\target\lib\Microsoft.VisualStudio.OLE.Interop.dll'.
[0b00:0004][2017-10-17T09:47:47] Processing file /Contents/CoreCon/Binaries/Phone%20Tools/Debugger/target/lib/Microsoft.VisualStudio.VIL.dll
[0b00:0004][2017-10-17T09:47:47] Started: Copying file /Contents/CoreCon/Binaries/Phone%20Tools/Debugger/target/lib/Microsoft.VisualStudio.VIL.dll to C:\Program Files (x86)\Microsoft Visual Studio\2017\Community\CoreCon\Binaries\Phone Tools\Debugger\target\lib\Microsoft.VisualStudio.VIL.dll
[0b00:0004][2017-10-17T09:47:47] Completed: Copying file /Contents/CoreCon/Binaries/Phone%20Tools/Debugger/target/lib/Microsoft.VisualStudio.VIL.dll to C:\Program Files (x86)\Microsoft Visual Studio\2017\Community\CoreCon\Binaries\Phone Tools\Debugger\target\lib\Microsoft.VisualStudio.VIL.dll
[0b00:0004][2017-10-17T09:47:47] Timestamp updated for file 'C:\Program Files (x86)\Microsoft Visual Studio\2017\Community\CoreCon\Binaries\Phone Tools\Debugger\target\lib\Microsoft.VisualStudio.VIL.dll'.
[0b00:0004][2017-10-17T09:47:47] Processing file /Contents/CoreCon/Binaries/Phone%20Tools/Debugger/target/lib/Microsoft.VisualStudio.VIL.Host.dll
[0b00:0004][2017-10-17T09:47:47] Started: Copying file /Contents/CoreCon/Binaries/Phone%20Tools/Debugger/target/lib/Microsoft.VisualStudio.VIL.Host.dll to C:\Program Files (x86)\Microsoft Visual Studio\2017\Community\CoreCon\Binaries\Phone Tools\Debugger\target\lib\Microsoft.VisualStudio.VIL.Host.dll
[0b00:0004][2017-10-17T09:47:47] Completed: Copying file /Contents/CoreCon/Binaries/Phone%20Tools/Debugger/target/lib/Microsoft.VisualStudio.VIL.Host.dll to C:\Program Files (x86)\Microsoft Visual Studio\2017\Community\CoreCon\Binaries\Phone Tools\Debugger\target\lib\Microsoft.VisualStudio.VIL.Host.dll
[0b00:0004][2017-10-17T09:47:47] Timestamp updated for file 'C:\Program Files (x86)\Microsoft Visual Studio\2017\Community\CoreCon\Binaries\Phone Tools\Debugger\target\lib\Microsoft.VisualStudio.VIL.Host.dll'.
[0b00:0004][2017-10-17T09:47:47] Processing file /Contents/CoreCon/Binaries/Phone%20Tools/Debugger/target/lib/stdole.dll
[0b00:0004][2017-10-17T09:47:47] Started: Copying file /Contents/CoreCon/Binaries/Phone%20Tools/Debugger/target/lib/stdole.dll to C:\Program Files (x86)\Microsoft Visual Studio\2017\Community\CoreCon\Binaries\Phone Tools\Debugger\target\lib\stdole.dll
[0b00:0004][2017-10-17T09:47:47] Completed: Copying file /Contents/CoreCon/Binaries/Phone%20Tools/Debugger/target/lib/stdole.dll to C:\Program Files (x86)\Microsoft Visual Studio\2017\Community\CoreCon\Binaries\Phone Tools\Debugger\target\lib\stdole.dll
[0b00:0004][2017-10-17T09:47:47] Timestamp updated for file 'C:\Program Files (x86)\Microsoft Visual Studio\2017\Community\CoreCon\Binaries\Phone Tools\Debugger\target\lib\stdole.dll'.
[0b00:0004][2017-10-17T09:47:47] Processing file /Contents/CoreCon/Binaries/Phone%20Tools/Debugger/target/lib/TailoredDeploy.exe
[0b00:0004][2017-10-17T09:47:47] Started: Copying file /Contents/CoreCon/Binaries/Phone%20Tools/Debugger/target/lib/TailoredDeploy.exe to C:\Program Files (x86)\Microsoft Visual Studio\2017\Community\CoreCon\Binaries\Phone Tools\Debugger\target\lib\TailoredDeploy.exe
[0b00:0004][2017-10-17T09:47:47] Completed: Copying file /Contents/CoreCon/Binaries/Phone%20Tools/Debugger/target/lib/TailoredDeploy.exe to C:\Program Files (x86)\Microsoft Visual Studio\2017\Community\CoreCon\Binaries\Phone Tools\Debugger\target\lib\TailoredDeploy.exe
[0b00:0004][2017-10-17T09:47:47] Timestamp updated for file 'C:\Program Files (x86)\Microsoft Visual Studio\2017\Community\CoreCon\Binaries\Phone Tools\Debugger\target\lib\TailoredDeploy.exe'.
[0b00:0004][2017-10-17T09:47:47] Processing file /Contents/CoreCon/Binaries/Phone%20Tools/Debugger/target/lib/TypeScriptDebugEngine.dll
[0b00:0004][2017-10-17T09:47:47] Started: Copying file /Contents/CoreCon/Binaries/Phone%20Tools/Debugger/target/lib/TypeScriptDebugEngine.dll to C:\Program Files (x86)\Microsoft Visual Studio\2017\Community\CoreCon\Binaries\Phone Tools\Debugger\target\lib\TypeScriptDebugEngine.dll
[0b00:0004][2017-10-17T09:47:47] Completed: Copying file /Contents/CoreCon/Binaries/Phone%20Tools/Debugger/target/lib/TypeScriptDebugEngine.dll to C:\Program Files (x86)\Microsoft Visual Studio\2017\Community\CoreCon\Binaries\Phone Tools\Debugger\target\lib\TypeScriptDebugEngine.dll
[0b00:0004][2017-10-17T09:47:47] Timestamp updated for file 'C:\Program Files (x86)\Microsoft Visual Studio\2017\Community\CoreCon\Binaries\Phone Tools\Debugger\target\lib\TypeScriptDebugEngine.dll'.
[0b00:0004][2017-10-17T09:47:47] Processing file /Contents/CoreCon/Binaries/Phone%20Tools/Debugger/target/lib/vsdebugeng.manimpl.45.dll
[0b00:0004][2017-10-17T09:47:47] Started: Copying file /Contents/CoreCon/Binaries/Phone%20Tools/Debugger/target/lib/vsdebugeng.manimpl.45.dll to C:\Program Files (x86)\Microsoft Visual Studio\2017\Community\CoreCon\Binaries\Phone Tools\Debugger\target\lib\vsdebugeng.manimpl.45.dll
[0b00:0004][2017-10-17T09:47:47] Completed: Copying file /Contents/CoreCon/Binaries/Phone%20Tools/Debugger/target/lib/vsdebugeng.manimpl.45.dll to C:\Program Files (x86)\Microsoft Visual Studio\2017\Community\CoreCon\Binaries\Phone Tools\Debugger\target\lib\vsdebugeng.manimpl.45.dll
[0b00:0004][2017-10-17T09:47:47] Timestamp updated for file 'C:\Program Files (x86)\Microsoft Visual Studio\2017\Community\CoreCon\Binaries\Phone Tools\Debugger\target\lib\vsdebugeng.manimpl.45.dll'.
[0b00:0004][2017-10-17T09:47:47] Processing file /Contents/CoreCon/Binaries/Phone%20Tools/Debugger/target/lib/vsdebugeng.manimpl.dll
[0b00:0004][2017-10-17T09:47:47] Started: Copying file /Contents/CoreCon/Binaries/Phone%20Tools/Debugger/target/lib/vsdebugeng.manimpl.dll to C:\Program Files (x86)\Microsoft Visual Studio\2017\Community\CoreCon\Binaries\Phone Tools\Debugger\target\lib\vsdebugeng.manimpl.dll
[0b00:0004][2017-10-17T09:47:47] Completed: Copying file /Contents/CoreCon/Binaries/Phone%20Tools/Debugger/target/lib/vsdebugeng.manimpl.dll to C:\Program Files (x86)\Microsoft Visual Studio\2017\Community\CoreCon\Binaries\Phone Tools\Debugger\target\lib\vsdebugeng.manimpl.dll
[0b00:0004][2017-10-17T09:47:47] Timestamp updated for file 'C:\Program Files (x86)\Microsoft Visual Studio\2017\Community\CoreCon\Binaries\Phone Tools\Debugger\target\lib\vsdebugeng.manimpl.dll'.
[0b00:0004][2017-10-17T09:47:47] Package executed successfully. Return code: 0
