[0b00:0004][2017-10-17T09:47:07] Opening the package for processing
[0b00:0004][2017-10-17T09:47:07] Using package payload to get the embedded manifest
[0b00:0004][2017-10-17T09:47:07] Getting list of files within the package
[0b00:0004][2017-10-17T09:47:07] Processing file /catalog.json
[0b00:0004][2017-10-17T09:47:07] Started: Copying file /catalog.json to C:\Program Files (x86)\Microsoft Visual Studio\2017\Community\Common7\IDE\CommonExtensions\Microsoft\ManagedLanguages\VBCSharp\InteractiveComponents\catalog.json
[0b00:0004][2017-10-17T09:47:07] Completed: Copying file /catalog.json to C:\Program Files (x86)\Microsoft Visual Studio\2017\Community\Common7\IDE\CommonExtensions\Microsoft\ManagedLanguages\VBCSharp\InteractiveComponents\catalog.json
[0b00:0004][2017-10-17T09:47:07] Timestamp updated for file 'C:\Program Files (x86)\Microsoft Visual Studio\2017\Community\Common7\IDE\CommonExtensions\Microsoft\ManagedLanguages\VBCSharp\InteractiveComponents\catalog.json'.
[0b00:0004][2017-10-17T09:47:07] Processing file /CSharpInteractive.rsp
[0b00:0004][2017-10-17T09:47:07] Started: Copying file /CSharpInteractive.rsp to C:\Program Files (x86)\Microsoft Visual Studio\2017\Community\Common7\IDE\CommonExtensions\Microsoft\ManagedLanguages\VBCSharp\InteractiveComponents\CSharpInteractive.rsp
[0b00:0004][2017-10-17T09:47:07] Completed: Copying file /CSharpInteractive.rsp to C:\Program Files (x86)\Microsoft Visual Studio\2017\Community\Common7\IDE\CommonExtensions\Microsoft\ManagedLanguages\VBCSharp\InteractiveComponents\CSharpInteractive.rsp
[0b00:0004][2017-10-17T09:47:07] Timestamp updated for file 'C:\Program Files (x86)\Microsoft Visual Studio\2017\Community\Common7\IDE\CommonExtensions\Microsoft\ManagedLanguages\VBCSharp\InteractiveComponents\CSharpInteractive.rsp'.
[0b00:0004][2017-10-17T09:47:07] Queueing C:\Program Files (x86)\Microsoft Visual Studio\2017\Community\Common7\IDE\CommonExtensions\Microsoft\ManagedLanguages\VBCSharp\InteractiveComponents\CSharpInteractive.rsp for X86 ngen
[0b00:0004][2017-10-17T09:47:07] Queueing C:\Program Files (x86)\Microsoft Visual Studio\2017\Community\Common7\IDE\CommonExtensions\Microsoft\ManagedLanguages\VBCSharp\InteractiveComponents\CSharpInteractive.rsp for X64 ngen
[0b00:0004][2017-10-17T09:47:07] Successfully queued file '/CSharpInteractive.rsp' for ngen
[0b00:0004][2017-10-17T09:47:07] Processing file /extension.vsixmanifest
[0b00:0004][2017-10-17T09:47:07] Started: Copying file /extension.vsixmanifest to C:\Program Files (x86)\Microsoft Visual Studio\2017\Community\Common7\IDE\CommonExtensions\Microsoft\ManagedLanguages\VBCSharp\InteractiveComponents\extension.vsixmanifest
[0b00:0004][2017-10-17T09:47:07] Completed: Copying file /extension.vsixmanifest to C:\Program Files (x86)\Microsoft Visual Studio\2017\Community\Common7\IDE\CommonExtensions\Microsoft\ManagedLanguages\VBCSharp\InteractiveComponents\extension.vsixmanifest
[0b00:0004][2017-10-17T09:47:07] Timestamp updated for file 'C:\Program Files (x86)\Microsoft Visual Studio\2017\Community\Common7\IDE\CommonExtensions\Microsoft\ManagedLanguages\VBCSharp\InteractiveComponents\extension.vsixmanifest'.
[0b00:0004][2017-10-17T09:47:07] Processing file /InteractiveHost.exe
[0b00:0004][2017-10-17T09:47:07] Started: Copying file /InteractiveHost.exe to C:\Program Files (x86)\Microsoft Visual Studio\2017\Community\Common7\IDE\CommonExtensions\Microsoft\ManagedLanguages\VBCSharp\InteractiveComponents\InteractiveHost.exe
[0b00:0004][2017-10-17T09:47:07] Completed: Copying file /InteractiveHost.exe to C:\Program Files (x86)\Microsoft Visual Studio\2017\Community\Common7\IDE\CommonExtensions\Microsoft\ManagedLanguages\VBCSharp\InteractiveComponents\InteractiveHost.exe
[0b00:0004][2017-10-17T09:47:07] Timestamp updated for file 'C:\Program Files (x86)\Microsoft Visual Studio\2017\Community\Common7\IDE\CommonExtensions\Microsoft\ManagedLanguages\VBCSharp\InteractiveComponents\InteractiveHost.exe'.
[0b00:0004][2017-10-17T09:47:07] Processing file /InteractiveHost.exe.config
[0b00:0004][2017-10-17T09:47:07] Started: Copying file /InteractiveHost.exe.config to C:\Program Files (x86)\Microsoft Visual Studio\2017\Community\Common7\IDE\CommonExtensions\Microsoft\ManagedLanguages\VBCSharp\InteractiveComponents\InteractiveHost.exe.config
[0b00:0004][2017-10-17T09:47:07] Completed: Copying file /InteractiveHost.exe.config to C:\Program Files (x86)\Microsoft Visual Studio\2017\Community\Common7\IDE\CommonExtensions\Microsoft\ManagedLanguages\VBCSharp\InteractiveComponents\InteractiveHost.exe.config
[0b00:0004][2017-10-17T09:47:07] Timestamp updated for file 'C:\Program Files (x86)\Microsoft Visual Studio\2017\Community\Common7\IDE\CommonExtensions\Microsoft\ManagedLanguages\VBCSharp\InteractiveComponents\InteractiveHost.exe.config'.
[0b00:0004][2017-10-17T09:47:07] Processing file /manifest.json
[0b00:0004][2017-10-17T09:47:07] Started: Copying file /manifest.json to C:\Program Files (x86)\Microsoft Visual Studio\2017\Community\Common7\IDE\CommonExtensions\Microsoft\ManagedLanguages\VBCSharp\InteractiveComponents\manifest.json
[0b00:0004][2017-10-17T09:47:07] Completed: Copying file /manifest.json to C:\Program Files (x86)\Microsoft Visual Studio\2017\Community\Common7\IDE\CommonExtensions\Microsoft\ManagedLanguages\VBCSharp\InteractiveComponents\manifest.json
[0b00:0004][2017-10-17T09:47:07] Timestamp updated for file 'C:\Program Files (x86)\Microsoft Visual Studio\2017\Community\Common7\IDE\CommonExtensions\Microsoft\ManagedLanguages\VBCSharp\InteractiveComponents\manifest.json'.
[0b00:0004][2017-10-17T09:47:07] Processing file /Microsoft.CodeAnalysis.CSharp.dll
[0b00:0004][2017-10-17T09:47:07] Started: Copying file /Microsoft.CodeAnalysis.CSharp.dll to C:\Program Files (x86)\Microsoft Visual Studio\2017\Community\Common7\IDE\CommonExtensions\Microsoft\ManagedLanguages\VBCSharp\InteractiveComponents\Microsoft.CodeAnalysis.CSharp.dll
[0b00:0004][2017-10-17T09:47:07] Completed: Copying file /Microsoft.CodeAnalysis.CSharp.dll to C:\Program Files (x86)\Microsoft Visual Studio\2017\Community\Common7\IDE\CommonExtensions\Microsoft\ManagedLanguages\VBCSharp\InteractiveComponents\Microsoft.CodeAnalysis.CSharp.dll
[0b00:0004][2017-10-17T09:47:07] Timestamp updated for file 'C:\Program Files (x86)\Microsoft Visual Studio\2017\Community\Common7\IDE\CommonExtensions\Microsoft\ManagedLanguages\VBCSharp\InteractiveComponents\Microsoft.CodeAnalysis.CSharp.dll'.
[0b00:0004][2017-10-17T09:47:07] Queueing C:\Program Files (x86)\Microsoft Visual Studio\2017\Community\Common7\IDE\CommonExtensions\Microsoft\ManagedLanguages\VBCSharp\InteractiveComponents\Microsoft.CodeAnalysis.CSharp.dll for X86 ngen
[0b00:0004][2017-10-17T09:47:07] Queueing C:\Program Files (x86)\Microsoft Visual Studio\2017\Community\Common7\IDE\CommonExtensions\Microsoft\ManagedLanguages\VBCSharp\InteractiveComponents\Microsoft.CodeAnalysis.CSharp.dll for X64 ngen
[0b00:0004][2017-10-17T09:47:07] Successfully queued file '/Microsoft.CodeAnalysis.CSharp.dll' for ngen
[0b00:0004][2017-10-17T09:47:07] Processing file /Microsoft.CodeAnalysis.CSharp.InteractiveEditorFeatures.dll
[0b00:0004][2017-10-17T09:47:07] Started: Copying file /Microsoft.CodeAnalysis.CSharp.InteractiveEditorFeatures.dll to C:\Program Files (x86)\Microsoft Visual Studio\2017\Community\Common7\IDE\CommonExtensions\Microsoft\ManagedLanguages\VBCSharp\InteractiveComponents\Microsoft.CodeAnalysis.CSharp.InteractiveEditorFeatures.dll
[0b00:0004][2017-10-17T09:47:07] Completed: Copying file /Microsoft.CodeAnalysis.CSharp.InteractiveEditorFeatures.dll to C:\Program Files (x86)\Microsoft Visual Studio\2017\Community\Common7\IDE\CommonExtensions\Microsoft\ManagedLanguages\VBCSharp\InteractiveComponents\Microsoft.CodeAnalysis.CSharp.InteractiveEditorFeatures.dll
[0b00:0004][2017-10-17T09:47:07] Timestamp updated for file 'C:\Program Files (x86)\Microsoft Visual Studio\2017\Community\Common7\IDE\CommonExtensions\Microsoft\ManagedLanguages\VBCSharp\InteractiveComponents\Microsoft.CodeAnalysis.CSharp.InteractiveEditorFeatures.dll'.
[0b00:0004][2017-10-17T09:47:07] Queueing C:\Program Files (x86)\Microsoft Visual Studio\2017\Community\Common7\IDE\CommonExtensions\Microsoft\ManagedLanguages\VBCSharp\InteractiveComponents\Microsoft.CodeAnalysis.CSharp.InteractiveEditorFeatures.dll for X86 ngen
[0b00:0004][2017-10-17T09:47:07] Queueing C:\Program Files (x86)\Microsoft Visual Studio\2017\Community\Common7\IDE\CommonExtensions\Microsoft\ManagedLanguages\VBCSharp\InteractiveComponents\Microsoft.CodeAnalysis.CSharp.InteractiveEditorFeatures.dll for X64 ngen
[0b00:0004][2017-10-17T09:47:07] Successfully queued file '/Microsoft.CodeAnalysis.CSharp.InteractiveEditorFeatures.dll' for ngen
[0b00:0004][2017-10-17T09:47:07] Processing file /Microsoft.CodeAnalysis.CSharp.Scripting.dll
[0b00:0004][2017-10-17T09:47:07] Started: Copying file /Microsoft.CodeAnalysis.CSharp.Scripting.dll to C:\Program Files (x86)\Microsoft Visual Studio\2017\Community\Common7\IDE\CommonExtensions\Microsoft\ManagedLanguages\VBCSharp\InteractiveComponents\Microsoft.CodeAnalysis.CSharp.Scripting.dll
[0b00:0004][2017-10-17T09:47:07] Completed: Copying file /Microsoft.CodeAnalysis.CSharp.Scripting.dll to C:\Program Files (x86)\Microsoft Visual Studio\2017\Community\Common7\IDE\CommonExtensions\Microsoft\ManagedLanguages\VBCSharp\InteractiveComponents\Microsoft.CodeAnalysis.CSharp.Scripting.dll
[0b00:0004][2017-10-17T09:47:07] Timestamp updated for file 'C:\Program Files (x86)\Microsoft Visual Studio\2017\Community\Common7\IDE\CommonExtensions\Microsoft\ManagedLanguages\VBCSharp\InteractiveComponents\Microsoft.CodeAnalysis.CSharp.Scripting.dll'.
[0b00:0004][2017-10-17T09:47:07] Queueing C:\Program Files (x86)\Microsoft Visual Studio\2017\Community\Common7\IDE\CommonExtensions\Microsoft\ManagedLanguages\VBCSharp\InteractiveComponents\Microsoft.CodeAnalysis.CSharp.Scripting.dll for X86 ngen
[0b00:0004][2017-10-17T09:47:07] Queueing C:\Program Files (x86)\Microsoft Visual Studio\2017\Community\Common7\IDE\CommonExtensions\Microsoft\ManagedLanguages\VBCSharp\InteractiveComponents\Microsoft.CodeAnalysis.CSharp.Scripting.dll for X64 ngen
[0b00:0004][2017-10-17T09:47:07] Successfully queued file '/Microsoft.CodeAnalysis.CSharp.Scripting.dll' for ngen
[0b00:0004][2017-10-17T09:47:07] Processing file /Microsoft.CodeAnalysis.dll
[0b00:0004][2017-10-17T09:47:07] Started: Copying file /Microsoft.CodeAnalysis.dll to C:\Program Files (x86)\Microsoft Visual Studio\2017\Community\Common7\IDE\CommonExtensions\Microsoft\ManagedLanguages\VBCSharp\InteractiveComponents\Microsoft.CodeAnalysis.dll
[0b00:0004][2017-10-17T09:47:07] Completed: Copying file /Microsoft.CodeAnalysis.dll to C:\Program Files (x86)\Microsoft Visual Studio\2017\Community\Common7\IDE\CommonExtensions\Microsoft\ManagedLanguages\VBCSharp\InteractiveComponents\Microsoft.CodeAnalysis.dll
[0b00:0004][2017-10-17T09:47:07] Timestamp updated for file 'C:\Program Files (x86)\Microsoft Visual Studio\2017\Community\Common7\IDE\CommonExtensions\Microsoft\ManagedLanguages\VBCSharp\InteractiveComponents\Microsoft.CodeAnalysis.dll'.
[0b00:0004][2017-10-17T09:47:07] Queueing C:\Program Files (x86)\Microsoft Visual Studio\2017\Community\Common7\IDE\CommonExtensions\Microsoft\ManagedLanguages\VBCSharp\InteractiveComponents\Microsoft.CodeAnalysis.dll for X86 ngen
[0b00:0004][2017-10-17T09:47:07] Queueing C:\Program Files (x86)\Microsoft Visual Studio\2017\Community\Common7\IDE\CommonExtensions\Microsoft\ManagedLanguages\VBCSharp\InteractiveComponents\Microsoft.CodeAnalysis.dll for X64 ngen
[0b00:0004][2017-10-17T09:47:07] Successfully queued file '/Microsoft.CodeAnalysis.dll' for ngen
[0b00:0004][2017-10-17T09:47:07] Processing file /Microsoft.CodeAnalysis.Features.dll
[0b00:0004][2017-10-17T09:47:07] Started: Copying file /Microsoft.CodeAnalysis.Features.dll to C:\Program Files (x86)\Microsoft Visual Studio\2017\Community\Common7\IDE\CommonExtensions\Microsoft\ManagedLanguages\VBCSharp\InteractiveComponents\Microsoft.CodeAnalysis.Features.dll
[0b00:0004][2017-10-17T09:47:07] Completed: Copying file /Microsoft.CodeAnalysis.Features.dll to C:\Program Files (x86)\Microsoft Visual Studio\2017\Community\Common7\IDE\CommonExtensions\Microsoft\ManagedLanguages\VBCSharp\InteractiveComponents\Microsoft.CodeAnalysis.Features.dll
[0b00:0004][2017-10-17T09:47:07] Timestamp updated for file 'C:\Program Files (x86)\Microsoft Visual Studio\2017\Community\Common7\IDE\CommonExtensions\Microsoft\ManagedLanguages\VBCSharp\InteractiveComponents\Microsoft.CodeAnalysis.Features.dll'.
[0b00:0004][2017-10-17T09:47:07] Queueing C:\Program Files (x86)\Microsoft Visual Studio\2017\Community\Common7\IDE\CommonExtensions\Microsoft\ManagedLanguages\VBCSharp\InteractiveComponents\Microsoft.CodeAnalysis.Features.dll for X86 ngen
[0b00:0004][2017-10-17T09:47:07] Queueing C:\Program Files (x86)\Microsoft Visual Studio\2017\Community\Common7\IDE\CommonExtensions\Microsoft\ManagedLanguages\VBCSharp\InteractiveComponents\Microsoft.CodeAnalysis.Features.dll for X64 ngen
[0b00:0004][2017-10-17T09:47:07] Successfully queued file '/Microsoft.CodeAnalysis.Features.dll' for ngen
[0b00:0004][2017-10-17T09:47:07] Processing file /Microsoft.CodeAnalysis.InteractiveEditorFeatures.dll
[0b00:0004][2017-10-17T09:47:07] Started: Copying file /Microsoft.CodeAnalysis.InteractiveEditorFeatures.dll to C:\Program Files (x86)\Microsoft Visual Studio\2017\Community\Common7\IDE\CommonExtensions\Microsoft\ManagedLanguages\VBCSharp\InteractiveComponents\Microsoft.CodeAnalysis.InteractiveEditorFeatures.dll
[0b00:0004][2017-10-17T09:47:07] Completed: Copying file /Microsoft.CodeAnalysis.InteractiveEditorFeatures.dll to C:\Program Files (x86)\Microsoft Visual Studio\2017\Community\Common7\IDE\CommonExtensions\Microsoft\ManagedLanguages\VBCSharp\InteractiveComponents\Microsoft.CodeAnalysis.InteractiveEditorFeatures.dll
[0b00:0004][2017-10-17T09:47:07] Timestamp updated for file 'C:\Program Files (x86)\Microsoft Visual Studio\2017\Community\Common7\IDE\CommonExtensions\Microsoft\ManagedLanguages\VBCSharp\InteractiveComponents\Microsoft.CodeAnalysis.InteractiveEditorFeatures.dll'.
[0b00:0004][2017-10-17T09:47:07] Queueing C:\Program Files (x86)\Microsoft Visual Studio\2017\Community\Common7\IDE\CommonExtensions\Microsoft\ManagedLanguages\VBCSharp\InteractiveComponents\Microsoft.CodeAnalysis.InteractiveEditorFeatures.dll for X86 ngen
[0b00:0004][2017-10-17T09:47:07] Queueing C:\Program Files (x86)\Microsoft Visual Studio\2017\Community\Common7\IDE\CommonExtensions\Microsoft\ManagedLanguages\VBCSharp\InteractiveComponents\Microsoft.CodeAnalysis.InteractiveEditorFeatures.dll for X64 ngen
[0b00:0004][2017-10-17T09:47:07] Successfully queued file '/Microsoft.CodeAnalysis.InteractiveEditorFeatures.dll' for ngen
[0b00:0004][2017-10-17T09:47:07] Processing file /Microsoft.CodeAnalysis.InteractiveFeatures.dll
[0b00:0004][2017-10-17T09:47:07] Started: Copying file /Microsoft.CodeAnalysis.InteractiveFeatures.dll to C:\Program Files (x86)\Microsoft Visual Studio\2017\Community\Common7\IDE\CommonExtensions\Microsoft\ManagedLanguages\VBCSharp\InteractiveComponents\Microsoft.CodeAnalysis.InteractiveFeatures.dll
[0b00:0004][2017-10-17T09:47:07] Completed: Copying file /Microsoft.CodeAnalysis.InteractiveFeatures.dll to C:\Program Files (x86)\Microsoft Visual Studio\2017\Community\Common7\IDE\CommonExtensions\Microsoft\ManagedLanguages\VBCSharp\InteractiveComponents\Microsoft.CodeAnalysis.InteractiveFeatures.dll
[0b00:0004][2017-10-17T09:47:07] Timestamp updated for file 'C:\Program Files (x86)\Microsoft Visual Studio\2017\Community\Common7\IDE\CommonExtensions\Microsoft\ManagedLanguages\VBCSharp\InteractiveComponents\Microsoft.CodeAnalysis.InteractiveFeatures.dll'.
[0b00:0004][2017-10-17T09:47:07] Queueing C:\Program Files (x86)\Microsoft Visual Studio\2017\Community\Common7\IDE\CommonExtensions\Microsoft\ManagedLanguages\VBCSharp\InteractiveComponents\Microsoft.CodeAnalysis.InteractiveFeatures.dll for X86 ngen
[0b00:0004][2017-10-17T09:47:07] Queueing C:\Program Files (x86)\Microsoft Visual Studio\2017\Community\Common7\IDE\CommonExtensions\Microsoft\ManagedLanguages\VBCSharp\InteractiveComponents\Microsoft.CodeAnalysis.InteractiveFeatures.dll for X64 ngen
[0b00:0004][2017-10-17T09:47:07] Successfully queued file '/Microsoft.CodeAnalysis.InteractiveFeatures.dll' for ngen
[0b00:0004][2017-10-17T09:47:07] Processing file /Microsoft.CodeAnalysis.Scripting.dll
[0b00:0004][2017-10-17T09:47:07] Started: Copying file /Microsoft.CodeAnalysis.Scripting.dll to C:\Program Files (x86)\Microsoft Visual Studio\2017\Community\Common7\IDE\CommonExtensions\Microsoft\ManagedLanguages\VBCSharp\InteractiveComponents\Microsoft.CodeAnalysis.Scripting.dll
[0b00:0004][2017-10-17T09:47:07] Completed: Copying file /Microsoft.CodeAnalysis.Scripting.dll to C:\Program Files (x86)\Microsoft Visual Studio\2017\Community\Common7\IDE\CommonExtensions\Microsoft\ManagedLanguages\VBCSharp\InteractiveComponents\Microsoft.CodeAnalysis.Scripting.dll
[0b00:0004][2017-10-17T09:47:07] Timestamp updated for file 'C:\Program Files (x86)\Microsoft Visual Studio\2017\Community\Common7\IDE\CommonExtensions\Microsoft\ManagedLanguages\VBCSharp\InteractiveComponents\Microsoft.CodeAnalysis.Scripting.dll'.
[0b00:0004][2017-10-17T09:47:07] Queueing C:\Program Files (x86)\Microsoft Visual Studio\2017\Community\Common7\IDE\CommonExtensions\Microsoft\ManagedLanguages\VBCSharp\InteractiveComponents\Microsoft.CodeAnalysis.Scripting.dll for X86 ngen
[0b00:0004][2017-10-17T09:47:07] Queueing C:\Program Files (x86)\Microsoft Visual Studio\2017\Community\Common7\IDE\CommonExtensions\Microsoft\ManagedLanguages\VBCSharp\InteractiveComponents\Microsoft.CodeAnalysis.Scripting.dll for X64 ngen
[0b00:0004][2017-10-17T09:47:07] Successfully queued file '/Microsoft.CodeAnalysis.Scripting.dll' for ngen
[0b00:0004][2017-10-17T09:47:07] Processing file /Microsoft.CodeAnalysis.Workspaces.Desktop.dll
[0b00:0004][2017-10-17T09:47:07] Started: Copying file /Microsoft.CodeAnalysis.Workspaces.Desktop.dll to C:\Program Files (x86)\Microsoft Visual Studio\2017\Community\Common7\IDE\CommonExtensions\Microsoft\ManagedLanguages\VBCSharp\InteractiveComponents\Microsoft.CodeAnalysis.Workspaces.Desktop.dll
[0b00:0004][2017-10-17T09:47:07] Completed: Copying file /Microsoft.CodeAnalysis.Workspaces.Desktop.dll to C:\Program Files (x86)\Microsoft Visual Studio\2017\Community\Common7\IDE\CommonExtensions\Microsoft\ManagedLanguages\VBCSharp\InteractiveComponents\Microsoft.CodeAnalysis.Workspaces.Desktop.dll
[0b00:0004][2017-10-17T09:47:07] Timestamp updated for file 'C:\Program Files (x86)\Microsoft Visual Studio\2017\Community\Common7\IDE\CommonExtensions\Microsoft\ManagedLanguages\VBCSharp\InteractiveComponents\Microsoft.CodeAnalysis.Workspaces.Desktop.dll'.
[0b00:0004][2017-10-17T09:47:07] Queueing C:\Program Files (x86)\Microsoft Visual Studio\2017\Community\Common7\IDE\CommonExtensions\Microsoft\ManagedLanguages\VBCSharp\InteractiveComponents\Microsoft.CodeAnalysis.Workspaces.Desktop.dll for X86 ngen
[0b00:0004][2017-10-17T09:47:07] Queueing C:\Program Files (x86)\Microsoft Visual Studio\2017\Community\Common7\IDE\CommonExtensions\Microsoft\ManagedLanguages\VBCSharp\InteractiveComponents\Microsoft.CodeAnalysis.Workspaces.Desktop.dll for X64 ngen
[0b00:0004][2017-10-17T09:47:07] Successfully queued file '/Microsoft.CodeAnalysis.Workspaces.Desktop.dll' for ngen
[0b00:0004][2017-10-17T09:47:07] Processing file /Microsoft.CodeAnalysis.Workspaces.dll
[0b00:0004][2017-10-17T09:47:07] Started: Copying file /Microsoft.CodeAnalysis.Workspaces.dll to C:\Program Files (x86)\Microsoft Visual Studio\2017\Community\Common7\IDE\CommonExtensions\Microsoft\ManagedLanguages\VBCSharp\InteractiveComponents\Microsoft.CodeAnalysis.Workspaces.dll
[0b00:0004][2017-10-17T09:47:07] Completed: Copying file /Microsoft.CodeAnalysis.Workspaces.dll to C:\Program Files (x86)\Microsoft Visual Studio\2017\Community\Common7\IDE\CommonExtensions\Microsoft\ManagedLanguages\VBCSharp\InteractiveComponents\Microsoft.CodeAnalysis.Workspaces.dll
[0b00:0004][2017-10-17T09:47:07] Timestamp updated for file 'C:\Program Files (x86)\Microsoft Visual Studio\2017\Community\Common7\IDE\CommonExtensions\Microsoft\ManagedLanguages\VBCSharp\InteractiveComponents\Microsoft.CodeAnalysis.Workspaces.dll'.
[0b00:0004][2017-10-17T09:47:07] Queueing C:\Program Files (x86)\Microsoft Visual Studio\2017\Community\Common7\IDE\CommonExtensions\Microsoft\ManagedLanguages\VBCSharp\InteractiveComponents\Microsoft.CodeAnalysis.Workspaces.dll for X86 ngen
[0b00:0004][2017-10-17T09:47:07] Queueing C:\Program Files (x86)\Microsoft Visual Studio\2017\Community\Common7\IDE\CommonExtensions\Microsoft\ManagedLanguages\VBCSharp\InteractiveComponents\Microsoft.CodeAnalysis.Workspaces.dll for X64 ngen
[0b00:0004][2017-10-17T09:47:07] Successfully queued file '/Microsoft.CodeAnalysis.Workspaces.dll' for ngen
[0b00:0004][2017-10-17T09:47:07] Processing file /Microsoft.VisualStudio.CSharp.Repl.dll
[0b00:0004][2017-10-17T09:47:07] Started: Copying file /Microsoft.VisualStudio.CSharp.Repl.dll to C:\Program Files (x86)\Microsoft Visual Studio\2017\Community\Common7\IDE\CommonExtensions\Microsoft\ManagedLanguages\VBCSharp\InteractiveComponents\Microsoft.VisualStudio.CSharp.Repl.dll
[0b00:0004][2017-10-17T09:47:07] Completed: Copying file /Microsoft.VisualStudio.CSharp.Repl.dll to C:\Program Files (x86)\Microsoft Visual Studio\2017\Community\Common7\IDE\CommonExtensions\Microsoft\ManagedLanguages\VBCSharp\InteractiveComponents\Microsoft.VisualStudio.CSharp.Repl.dll
[0b00:0004][2017-10-17T09:47:07] Timestamp updated for file 'C:\Program Files (x86)\Microsoft Visual Studio\2017\Community\Common7\IDE\CommonExtensions\Microsoft\ManagedLanguages\VBCSharp\InteractiveComponents\Microsoft.VisualStudio.CSharp.Repl.dll'.
[0b00:0004][2017-10-17T09:47:07] Queueing C:\Program Files (x86)\Microsoft Visual Studio\2017\Community\Common7\IDE\CommonExtensions\Microsoft\ManagedLanguages\VBCSharp\InteractiveComponents\Microsoft.VisualStudio.CSharp.Repl.dll for X86 ngen
[0b00:0004][2017-10-17T09:47:07] Queueing C:\Program Files (x86)\Microsoft Visual Studio\2017\Community\Common7\IDE\CommonExtensions\Microsoft\ManagedLanguages\VBCSharp\InteractiveComponents\Microsoft.VisualStudio.CSharp.Repl.dll for X64 ngen
[0b00:0004][2017-10-17T09:47:07] Successfully queued file '/Microsoft.VisualStudio.CSharp.Repl.dll' for ngen
[0b00:0004][2017-10-17T09:47:07] Processing file /Microsoft.VisualStudio.CSharp.Repl.pkgdef
[0b00:0004][2017-10-17T09:47:07] Started: Copying file /Microsoft.VisualStudio.CSharp.Repl.pkgdef to C:\Program Files (x86)\Microsoft Visual Studio\2017\Community\Common7\IDE\CommonExtensions\Microsoft\ManagedLanguages\VBCSharp\InteractiveComponents\Microsoft.VisualStudio.CSharp.Repl.pkgdef
[0b00:0004][2017-10-17T09:47:07] Completed: Copying file /Microsoft.VisualStudio.CSharp.Repl.pkgdef to C:\Program Files (x86)\Microsoft Visual Studio\2017\Community\Common7\IDE\CommonExtensions\Microsoft\ManagedLanguages\VBCSharp\InteractiveComponents\Microsoft.VisualStudio.CSharp.Repl.pkgdef
[0b00:0004][2017-10-17T09:47:07] Timestamp updated for file 'C:\Program Files (x86)\Microsoft Visual Studio\2017\Community\Common7\IDE\CommonExtensions\Microsoft\ManagedLanguages\VBCSharp\InteractiveComponents\Microsoft.VisualStudio.CSharp.Repl.pkgdef'.
[0b00:0004][2017-10-17T09:47:07] Queueing C:\Program Files (x86)\Microsoft Visual Studio\2017\Community\Common7\IDE\CommonExtensions\Microsoft\ManagedLanguages\VBCSharp\InteractiveComponents\Microsoft.VisualStudio.CSharp.Repl.pkgdef for X86 ngen
[0b00:0004][2017-10-17T09:47:07] Queueing C:\Program Files (x86)\Microsoft Visual Studio\2017\Community\Common7\IDE\CommonExtensions\Microsoft\ManagedLanguages\VBCSharp\InteractiveComponents\Microsoft.VisualStudio.CSharp.Repl.pkgdef for X64 ngen
[0b00:0004][2017-10-17T09:47:07] Successfully queued file '/Microsoft.VisualStudio.CSharp.Repl.pkgdef' for ngen
[0b00:0004][2017-10-17T09:47:07] Processing file /Microsoft.VisualStudio.InteractiveServices.dll
[0b00:0004][2017-10-17T09:47:07] Started: Copying file /Microsoft.VisualStudio.InteractiveServices.dll to C:\Program Files (x86)\Microsoft Visual Studio\2017\Community\Common7\IDE\CommonExtensions\Microsoft\ManagedLanguages\VBCSharp\InteractiveComponents\Microsoft.VisualStudio.InteractiveServices.dll
[0b00:0004][2017-10-17T09:47:07] Completed: Copying file /Microsoft.VisualStudio.InteractiveServices.dll to C:\Program Files (x86)\Microsoft Visual Studio\2017\Community\Common7\IDE\CommonExtensions\Microsoft\ManagedLanguages\VBCSharp\InteractiveComponents\Microsoft.VisualStudio.InteractiveServices.dll
[0b00:0004][2017-10-17T09:47:07] Timestamp updated for file 'C:\Program Files (x86)\Microsoft Visual Studio\2017\Community\Common7\IDE\CommonExtensions\Microsoft\ManagedLanguages\VBCSharp\InteractiveComponents\Microsoft.VisualStudio.InteractiveServices.dll'.
[0b00:0004][2017-10-17T09:47:07] Queueing C:\Program Files (x86)\Microsoft Visual Studio\2017\Community\Common7\IDE\CommonExtensions\Microsoft\ManagedLanguages\VBCSharp\InteractiveComponents\Microsoft.VisualStudio.InteractiveServices.dll for X86 ngen
[0b00:0004][2017-10-17T09:47:07] Queueing C:\Program Files (x86)\Microsoft Visual Studio\2017\Community\Common7\IDE\CommonExtensions\Microsoft\ManagedLanguages\VBCSharp\InteractiveComponents\Microsoft.VisualStudio.InteractiveServices.dll for X64 ngen
[0b00:0004][2017-10-17T09:47:07] Successfully queued file '/Microsoft.VisualStudio.InteractiveServices.dll' for ngen
[0b00:0004][2017-10-17T09:47:07] Processing file /Resources/ScriptFile.ico
[0b00:0004][2017-10-17T09:47:07] Started: Copying file /Resources/ScriptFile.ico to C:\Program Files (x86)\Microsoft Visual Studio\2017\Community\Common7\IDE\CommonExtensions\Microsoft\ManagedLanguages\VBCSharp\InteractiveComponents\Resources\ScriptFile.ico
[0b00:0004][2017-10-17T09:47:07] Completed: Copying file /Resources/ScriptFile.ico to C:\Program Files (x86)\Microsoft Visual Studio\2017\Community\Common7\IDE\CommonExtensions\Microsoft\ManagedLanguages\VBCSharp\InteractiveComponents\Resources\ScriptFile.ico
[0b00:0004][2017-10-17T09:47:07] Timestamp updated for file 'C:\Program Files (x86)\Microsoft Visual Studio\2017\Community\Common7\IDE\CommonExtensions\Microsoft\ManagedLanguages\VBCSharp\InteractiveComponents\Resources\ScriptFile.ico'.
[0b00:0004][2017-10-17T09:47:07] Queueing C:\Program Files (x86)\Microsoft Visual Studio\2017\Community\Common7\IDE\CommonExtensions\Microsoft\ManagedLanguages\VBCSharp\InteractiveComponents\Resources\ScriptFile.ico for X86 ngen
[0b00:0004][2017-10-17T09:47:07] Queueing C:\Program Files (x86)\Microsoft Visual Studio\2017\Community\Common7\IDE\CommonExtensions\Microsoft\ManagedLanguages\VBCSharp\InteractiveComponents\Resources\ScriptFile.ico for X64 ngen
[0b00:0004][2017-10-17T09:47:07] Successfully queued file '/Resources/ScriptFile.ico' for ngen
[0b00:0004][2017-10-17T09:47:07] Processing file /Roslyn.VisualStudio.InteractiveComponents.dll
[0b00:0004][2017-10-17T09:47:07] Started: Copying file /Roslyn.VisualStudio.InteractiveComponents.dll to C:\Program Files (x86)\Microsoft Visual Studio\2017\Community\Common7\IDE\CommonExtensions\Microsoft\ManagedLanguages\VBCSharp\InteractiveComponents\Roslyn.VisualStudio.InteractiveComponents.dll
[0b00:0004][2017-10-17T09:47:07] Completed: Copying file /Roslyn.VisualStudio.InteractiveComponents.dll to C:\Program Files (x86)\Microsoft Visual Studio\2017\Community\Common7\IDE\CommonExtensions\Microsoft\ManagedLanguages\VBCSharp\InteractiveComponents\Roslyn.VisualStudio.InteractiveComponents.dll
[0b00:0004][2017-10-17T09:47:07] Timestamp updated for file 'C:\Program Files (x86)\Microsoft Visual Studio\2017\Community\Common7\IDE\CommonExtensions\Microsoft\ManagedLanguages\VBCSharp\InteractiveComponents\Roslyn.VisualStudio.InteractiveComponents.dll'.
[0b00:0004][2017-10-17T09:47:07] Processing file /Roslyn.VisualStudio.InteractiveComponents.pkgdef
[0b00:0004][2017-10-17T09:47:07] Started: Copying file /Roslyn.VisualStudio.InteractiveComponents.pkgdef to C:\Program Files (x86)\Microsoft Visual Studio\2017\Community\Common7\IDE\CommonExtensions\Microsoft\ManagedLanguages\VBCSharp\InteractiveComponents\Roslyn.VisualStudio.InteractiveComponents.pkgdef
[0b00:0004][2017-10-17T09:47:07] Completed: Copying file /Roslyn.VisualStudio.InteractiveComponents.pkgdef to C:\Program Files (x86)\Microsoft Visual Studio\2017\Community\Common7\IDE\CommonExtensions\Microsoft\ManagedLanguages\VBCSharp\InteractiveComponents\Roslyn.VisualStudio.InteractiveComponents.pkgdef
[0b00:0004][2017-10-17T09:47:07] Timestamp updated for file 'C:\Program Files (x86)\Microsoft Visual Studio\2017\Community\Common7\IDE\CommonExtensions\Microsoft\ManagedLanguages\VBCSharp\InteractiveComponents\Roslyn.VisualStudio.InteractiveComponents.pkgdef'.
[0b00:0004][2017-10-17T09:47:07] Processing file /System.AppContext.dll
[0b00:0004][2017-10-17T09:47:07] Started: Copying file /System.AppContext.dll to C:\Program Files (x86)\Microsoft Visual Studio\2017\Community\Common7\IDE\CommonExtensions\Microsoft\ManagedLanguages\VBCSharp\InteractiveComponents\System.AppContext.dll
[0b00:0004][2017-10-17T09:47:07] Completed: Copying file /System.AppContext.dll to C:\Program Files (x86)\Microsoft Visual Studio\2017\Community\Common7\IDE\CommonExtensions\Microsoft\ManagedLanguages\VBCSharp\InteractiveComponents\System.AppContext.dll
[0b00:0004][2017-10-17T09:47:07] Timestamp updated for file 'C:\Program Files (x86)\Microsoft Visual Studio\2017\Community\Common7\IDE\CommonExtensions\Microsoft\ManagedLanguages\VBCSharp\InteractiveComponents\System.AppContext.dll'.
[0b00:0004][2017-10-17T09:47:07] Processing file /System.Collections.Immutable.dll
[0b00:0004][2017-10-17T09:47:07] Started: Copying file /System.Collections.Immutable.dll to C:\Program Files (x86)\Microsoft Visual Studio\2017\Community\Common7\IDE\CommonExtensions\Microsoft\ManagedLanguages\VBCSharp\InteractiveComponents\System.Collections.Immutable.dll
[0b00:0004][2017-10-17T09:47:07] Completed: Copying file /System.Collections.Immutable.dll to C:\Program Files (x86)\Microsoft Visual Studio\2017\Community\Common7\IDE\CommonExtensions\Microsoft\ManagedLanguages\VBCSharp\InteractiveComponents\System.Collections.Immutable.dll
[0b00:0004][2017-10-17T09:47:07] Timestamp updated for file 'C:\Program Files (x86)\Microsoft Visual Studio\2017\Community\Common7\IDE\CommonExtensions\Microsoft\ManagedLanguages\VBCSharp\InteractiveComponents\System.Collections.Immutable.dll'.
[0b00:0004][2017-10-17T09:47:07] Processing file /System.Console.dll
[0b00:0004][2017-10-17T09:47:07] Started: Copying file /System.Console.dll to C:\Program Files (x86)\Microsoft Visual Studio\2017\Community\Common7\IDE\CommonExtensions\Microsoft\ManagedLanguages\VBCSharp\InteractiveComponents\System.Console.dll
[0b00:0004][2017-10-17T09:47:07] Completed: Copying file /System.Console.dll to C:\Program Files (x86)\Microsoft Visual Studio\2017\Community\Common7\IDE\CommonExtensions\Microsoft\ManagedLanguages\VBCSharp\InteractiveComponents\System.Console.dll
[0b00:0004][2017-10-17T09:47:07] Timestamp updated for file 'C:\Program Files (x86)\Microsoft Visual Studio\2017\Community\Common7\IDE\CommonExtensions\Microsoft\ManagedLanguages\VBCSharp\InteractiveComponents\System.Console.dll'.
[0b00:0004][2017-10-17T09:47:07] Processing file /System.Diagnostics.FileVersionInfo.dll
[0b00:0004][2017-10-17T09:47:07] Started: Copying file /System.Diagnostics.FileVersionInfo.dll to C:\Program Files (x86)\Microsoft Visual Studio\2017\Community\Common7\IDE\CommonExtensions\Microsoft\ManagedLanguages\VBCSharp\InteractiveComponents\System.Diagnostics.FileVersionInfo.dll
[0b00:0004][2017-10-17T09:47:07] Completed: Copying file /System.Diagnostics.FileVersionInfo.dll to C:\Program Files (x86)\Microsoft Visual Studio\2017\Community\Common7\IDE\CommonExtensions\Microsoft\ManagedLanguages\VBCSharp\InteractiveComponents\System.Diagnostics.FileVersionInfo.dll
[0b00:0004][2017-10-17T09:47:07] Timestamp updated for file 'C:\Program Files (x86)\Microsoft Visual Studio\2017\Community\Common7\IDE\CommonExtensions\Microsoft\ManagedLanguages\VBCSharp\InteractiveComponents\System.Diagnostics.FileVersionInfo.dll'.
[0b00:0004][2017-10-17T09:47:07] Processing file /System.Diagnostics.StackTrace.dll
[0b00:0004][2017-10-17T09:47:07] Started: Copying file /System.Diagnostics.StackTrace.dll to C:\Program Files (x86)\Microsoft Visual Studio\2017\Community\Common7\IDE\CommonExtensions\Microsoft\ManagedLanguages\VBCSharp\InteractiveComponents\System.Diagnostics.StackTrace.dll
[0b00:0004][2017-10-17T09:47:07] Completed: Copying file /System.Diagnostics.StackTrace.dll to C:\Program Files (x86)\Microsoft Visual Studio\2017\Community\Common7\IDE\CommonExtensions\Microsoft\ManagedLanguages\VBCSharp\InteractiveComponents\System.Diagnostics.StackTrace.dll
[0b00:0004][2017-10-17T09:47:07] Timestamp updated for file 'C:\Program Files (x86)\Microsoft Visual Studio\2017\Community\Common7\IDE\CommonExtensions\Microsoft\ManagedLanguages\VBCSharp\InteractiveComponents\System.Diagnostics.StackTrace.dll'.
[0b00:0004][2017-10-17T09:47:07] Processing file /System.IO.Compression.dll
[0b00:0004][2017-10-17T09:47:07] Started: Copying file /System.IO.Compression.dll to C:\Program Files (x86)\Microsoft Visual Studio\2017\Community\Common7\IDE\CommonExtensions\Microsoft\ManagedLanguages\VBCSharp\InteractiveComponents\System.IO.Compression.dll
[0b00:0004][2017-10-17T09:47:07] Completed: Copying file /System.IO.Compression.dll to C:\Program Files (x86)\Microsoft Visual Studio\2017\Community\Common7\IDE\CommonExtensions\Microsoft\ManagedLanguages\VBCSharp\InteractiveComponents\System.IO.Compression.dll
[0b00:0004][2017-10-17T09:47:07] Timestamp updated for file 'C:\Program Files (x86)\Microsoft Visual Studio\2017\Community\Common7\IDE\CommonExtensions\Microsoft\ManagedLanguages\VBCSharp\InteractiveComponents\System.IO.Compression.dll'.
[0b00:0004][2017-10-17T09:47:07] Processing file /System.IO.FileSystem.dll
[0b00:0004][2017-10-17T09:47:07] Started: Copying file /System.IO.FileSystem.dll to C:\Program Files (x86)\Microsoft Visual Studio\2017\Community\Common7\IDE\CommonExtensions\Microsoft\ManagedLanguages\VBCSharp\InteractiveComponents\System.IO.FileSystem.dll
[0b00:0004][2017-10-17T09:47:07] Completed: Copying file /System.IO.FileSystem.dll to C:\Program Files (x86)\Microsoft Visual Studio\2017\Community\Common7\IDE\CommonExtensions\Microsoft\ManagedLanguages\VBCSharp\InteractiveComponents\System.IO.FileSystem.dll
[0b00:0004][2017-10-17T09:47:07] Timestamp updated for file 'C:\Program Files (x86)\Microsoft Visual Studio\2017\Community\Common7\IDE\CommonExtensions\Microsoft\ManagedLanguages\VBCSharp\InteractiveComponents\System.IO.FileSystem.dll'.
[0b00:0004][2017-10-17T09:47:07] Processing file /System.IO.FileSystem.Primitives.dll
[0b00:0004][2017-10-17T09:47:07] Started: Copying file /System.IO.FileSystem.Primitives.dll to C:\Program Files (x86)\Microsoft Visual Studio\2017\Community\Common7\IDE\CommonExtensions\Microsoft\ManagedLanguages\VBCSharp\InteractiveComponents\System.IO.FileSystem.Primitives.dll
[0b00:0004][2017-10-17T09:47:07] Completed: Copying file /System.IO.FileSystem.Primitives.dll to C:\Program Files (x86)\Microsoft Visual Studio\2017\Community\Common7\IDE\CommonExtensions\Microsoft\ManagedLanguages\VBCSharp\InteractiveComponents\System.IO.FileSystem.Primitives.dll
[0b00:0004][2017-10-17T09:47:07] Timestamp updated for file 'C:\Program Files (x86)\Microsoft Visual Studio\2017\Community\Common7\IDE\CommonExtensions\Microsoft\ManagedLanguages\VBCSharp\InteractiveComponents\System.IO.FileSystem.Primitives.dll'.
[0b00:0004][2017-10-17T09:47:07] Processing file /System.Reflection.Metadata.dll
[0b00:0004][2017-10-17T09:47:07] Started: Copying file /System.Reflection.Metadata.dll to C:\Program Files (x86)\Microsoft Visual Studio\2017\Community\Common7\IDE\CommonExtensions\Microsoft\ManagedLanguages\VBCSharp\InteractiveComponents\System.Reflection.Metadata.dll
[0b00:0004][2017-10-17T09:47:07] Completed: Copying file /System.Reflection.Metadata.dll to C:\Program Files (x86)\Microsoft Visual Studio\2017\Community\Common7\IDE\CommonExtensions\Microsoft\ManagedLanguages\VBCSharp\InteractiveComponents\System.Reflection.Metadata.dll
[0b00:0004][2017-10-17T09:47:07] Timestamp updated for file 'C:\Program Files (x86)\Microsoft Visual Studio\2017\Community\Common7\IDE\CommonExtensions\Microsoft\ManagedLanguages\VBCSharp\InteractiveComponents\System.Reflection.Metadata.dll'.
[0b00:0004][2017-10-17T09:47:07] Processing file /System.Security.Cryptography.Algorithms.dll
[0b00:0004][2017-10-17T09:47:07] Started: Copying file /System.Security.Cryptography.Algorithms.dll to C:\Program Files (x86)\Microsoft Visual Studio\2017\Community\Common7\IDE\CommonExtensions\Microsoft\ManagedLanguages\VBCSharp\InteractiveComponents\System.Security.Cryptography.Algorithms.dll
[0b00:0004][2017-10-17T09:47:07] Completed: Copying file /System.Security.Cryptography.Algorithms.dll to C:\Program Files (x86)\Microsoft Visual Studio\2017\Community\Common7\IDE\CommonExtensions\Microsoft\ManagedLanguages\VBCSharp\InteractiveComponents\System.Security.Cryptography.Algorithms.dll
[0b00:0004][2017-10-17T09:47:07] Timestamp updated for file 'C:\Program Files (x86)\Microsoft Visual Studio\2017\Community\Common7\IDE\CommonExtensions\Microsoft\ManagedLanguages\VBCSharp\InteractiveComponents\System.Security.Cryptography.Algorithms.dll'.
[0b00:0004][2017-10-17T09:47:07] Processing file /System.Security.Cryptography.Encoding.dll
[0b00:0004][2017-10-17T09:47:07] Started: Copying file /System.Security.Cryptography.Encoding.dll to C:\Program Files (x86)\Microsoft Visual Studio\2017\Community\Common7\IDE\CommonExtensions\Microsoft\ManagedLanguages\VBCSharp\InteractiveComponents\System.Security.Cryptography.Encoding.dll
[0b00:0004][2017-10-17T09:47:07] Completed: Copying file /System.Security.Cryptography.Encoding.dll to C:\Program Files (x86)\Microsoft Visual Studio\2017\Community\Common7\IDE\CommonExtensions\Microsoft\ManagedLanguages\VBCSharp\InteractiveComponents\System.Security.Cryptography.Encoding.dll
[0b00:0004][2017-10-17T09:47:07] Timestamp updated for file 'C:\Program Files (x86)\Microsoft Visual Studio\2017\Community\Common7\IDE\CommonExtensions\Microsoft\ManagedLanguages\VBCSharp\InteractiveComponents\System.Security.Cryptography.Encoding.dll'.
[0b00:0004][2017-10-17T09:47:07] Processing file /System.Security.Cryptography.Primitives.dll
[0b00:0004][2017-10-17T09:47:07] Started: Copying file /System.Security.Cryptography.Primitives.dll to C:\Program Files (x86)\Microsoft Visual Studio\2017\Community\Common7\IDE\CommonExtensions\Microsoft\ManagedLanguages\VBCSharp\InteractiveComponents\System.Security.Cryptography.Primitives.dll
[0b00:0004][2017-10-17T09:47:07] Completed: Copying file /System.Security.Cryptography.Primitives.dll to C:\Program Files (x86)\Microsoft Visual Studio\2017\Community\Common7\IDE\CommonExtensions\Microsoft\ManagedLanguages\VBCSharp\InteractiveComponents\System.Security.Cryptography.Primitives.dll
[0b00:0004][2017-10-17T09:47:07] Timestamp updated for file 'C:\Program Files (x86)\Microsoft Visual Studio\2017\Community\Common7\IDE\CommonExtensions\Microsoft\ManagedLanguages\VBCSharp\InteractiveComponents\System.Security.Cryptography.Primitives.dll'.
[0b00:0004][2017-10-17T09:47:07] Processing file /System.Security.Cryptography.X509Certificates.dll
[0b00:0004][2017-10-17T09:47:07] Started: Copying file /System.Security.Cryptography.X509Certificates.dll to C:\Program Files (x86)\Microsoft Visual Studio\2017\Community\Common7\IDE\CommonExtensions\Microsoft\ManagedLanguages\VBCSharp\InteractiveComponents\System.Security.Cryptography.X509Certificates.dll
[0b00:0004][2017-10-17T09:47:07] Completed: Copying file /System.Security.Cryptography.X509Certificates.dll to C:\Program Files (x86)\Microsoft Visual Studio\2017\Community\Common7\IDE\CommonExtensions\Microsoft\ManagedLanguages\VBCSharp\InteractiveComponents\System.Security.Cryptography.X509Certificates.dll
[0b00:0004][2017-10-17T09:47:07] Timestamp updated for file 'C:\Program Files (x86)\Microsoft Visual Studio\2017\Community\Common7\IDE\CommonExtensions\Microsoft\ManagedLanguages\VBCSharp\InteractiveComponents\System.Security.Cryptography.X509Certificates.dll'.
[0b00:0004][2017-10-17T09:47:07] Processing file /System.Text.Encoding.CodePages.dll
[0b00:0004][2017-10-17T09:47:07] Started: Copying file /System.Text.Encoding.CodePages.dll to C:\Program Files (x86)\Microsoft Visual Studio\2017\Community\Common7\IDE\CommonExtensions\Microsoft\ManagedLanguages\VBCSharp\InteractiveComponents\System.Text.Encoding.CodePages.dll
[0b00:0004][2017-10-17T09:47:07] Completed: Copying file /System.Text.Encoding.CodePages.dll to C:\Program Files (x86)\Microsoft Visual Studio\2017\Community\Common7\IDE\CommonExtensions\Microsoft\ManagedLanguages\VBCSharp\InteractiveComponents\System.Text.Encoding.CodePages.dll
[0b00:0004][2017-10-17T09:47:07] Timestamp updated for file 'C:\Program Files (x86)\Microsoft Visual Studio\2017\Community\Common7\IDE\CommonExtensions\Microsoft\ManagedLanguages\VBCSharp\InteractiveComponents\System.Text.Encoding.CodePages.dll'.
[0b00:0004][2017-10-17T09:47:07] Processing file /System.Threading.Thread.dll
[0b00:0004][2017-10-17T09:47:07] Started: Copying file /System.Threading.Thread.dll to C:\Program Files (x86)\Microsoft Visual Studio\2017\Community\Common7\IDE\CommonExtensions\Microsoft\ManagedLanguages\VBCSharp\InteractiveComponents\System.Threading.Thread.dll
[0b00:0004][2017-10-17T09:47:07] Completed: Copying file /System.Threading.Thread.dll to C:\Program Files (x86)\Microsoft Visual Studio\2017\Community\Common7\IDE\CommonExtensions\Microsoft\ManagedLanguages\VBCSharp\InteractiveComponents\System.Threading.Thread.dll
[0b00:0004][2017-10-17T09:47:07] Timestamp updated for file 'C:\Program Files (x86)\Microsoft Visual Studio\2017\Community\Common7\IDE\CommonExtensions\Microsoft\ManagedLanguages\VBCSharp\InteractiveComponents\System.Threading.Thread.dll'.
[0b00:0004][2017-10-17T09:47:07] Processing file /System.ValueTuple.dll
[0b00:0004][2017-10-17T09:47:07] Started: Copying file /System.ValueTuple.dll to C:\Program Files (x86)\Microsoft Visual Studio\2017\Community\Common7\IDE\CommonExtensions\Microsoft\ManagedLanguages\VBCSharp\InteractiveComponents\System.ValueTuple.dll
[0b00:0004][2017-10-17T09:47:07] Completed: Copying file /System.ValueTuple.dll to C:\Program Files (x86)\Microsoft Visual Studio\2017\Community\Common7\IDE\CommonExtensions\Microsoft\ManagedLanguages\VBCSharp\InteractiveComponents\System.ValueTuple.dll
[0b00:0004][2017-10-17T09:47:07] Timestamp updated for file 'C:\Program Files (x86)\Microsoft Visual Studio\2017\Community\Common7\IDE\CommonExtensions\Microsoft\ManagedLanguages\VBCSharp\InteractiveComponents\System.ValueTuple.dll'.
[0b00:0004][2017-10-17T09:47:07] Processing file /System.Xml.ReaderWriter.dll
[0b00:0004][2017-10-17T09:47:07] Started: Copying file /System.Xml.ReaderWriter.dll to C:\Program Files (x86)\Microsoft Visual Studio\2017\Community\Common7\IDE\CommonExtensions\Microsoft\ManagedLanguages\VBCSharp\InteractiveComponents\System.Xml.ReaderWriter.dll
[0b00:0004][2017-10-17T09:47:07] Completed: Copying file /System.Xml.ReaderWriter.dll to C:\Program Files (x86)\Microsoft Visual Studio\2017\Community\Common7\IDE\CommonExtensions\Microsoft\ManagedLanguages\VBCSharp\InteractiveComponents\System.Xml.ReaderWriter.dll
[0b00:0004][2017-10-17T09:47:07] Timestamp updated for file 'C:\Program Files (x86)\Microsoft Visual Studio\2017\Community\Common7\IDE\CommonExtensions\Microsoft\ManagedLanguages\VBCSharp\InteractiveComponents\System.Xml.ReaderWriter.dll'.
[0b00:0004][2017-10-17T09:47:07] Processing file /System.Xml.XmlDocument.dll
[0b00:0004][2017-10-17T09:47:07] Started: Copying file /System.Xml.XmlDocument.dll to C:\Program Files (x86)\Microsoft Visual Studio\2017\Community\Common7\IDE\CommonExtensions\Microsoft\ManagedLanguages\VBCSharp\InteractiveComponents\System.Xml.XmlDocument.dll
[0b00:0004][2017-10-17T09:47:07] Completed: Copying file /System.Xml.XmlDocument.dll to C:\Program Files (x86)\Microsoft Visual Studio\2017\Community\Common7\IDE\CommonExtensions\Microsoft\ManagedLanguages\VBCSharp\InteractiveComponents\System.Xml.XmlDocument.dll
[0b00:0004][2017-10-17T09:47:07] Timestamp updated for file 'C:\Program Files (x86)\Microsoft Visual Studio\2017\Community\Common7\IDE\CommonExtensions\Microsoft\ManagedLanguages\VBCSharp\InteractiveComponents\System.Xml.XmlDocument.dll'.
[0b00:0004][2017-10-17T09:47:07] Processing file /System.Xml.XPath.XDocument.dll
[0b00:0004][2017-10-17T09:47:07] Started: Copying file /System.Xml.XPath.XDocument.dll to C:\Program Files (x86)\Microsoft Visual Studio\2017\Community\Common7\IDE\CommonExtensions\Microsoft\ManagedLanguages\VBCSharp\InteractiveComponents\System.Xml.XPath.XDocument.dll
[0b00:0004][2017-10-17T09:47:07] Completed: Copying file /System.Xml.XPath.XDocument.dll to C:\Program Files (x86)\Microsoft Visual Studio\2017\Community\Common7\IDE\CommonExtensions\Microsoft\ManagedLanguages\VBCSharp\InteractiveComponents\System.Xml.XPath.XDocument.dll
[0b00:0004][2017-10-17T09:47:07] Timestamp updated for file 'C:\Program Files (x86)\Microsoft Visual Studio\2017\Community\Common7\IDE\CommonExtensions\Microsoft\ManagedLanguages\VBCSharp\InteractiveComponents\System.Xml.XPath.XDocument.dll'.
[0b00:0004][2017-10-17T09:47:07] Package executed successfully. Return code: 0
