[0b00:0004][2017-10-17T09:47:37] Opening the package for processing
[0b00:0004][2017-10-17T09:47:37] Using package payload to get the embedded manifest
[0b00:0004][2017-10-17T09:47:37] Getting list of files within the package
[0b00:0004][2017-10-17T09:47:37] Processing file /AzureStorageProviderIcon.png
[0b00:0004][2017-10-17T09:47:37] Started: Copying file /AzureStorageProviderIcon.png to C:\Program Files (x86)\Microsoft Visual Studio\2017\Community\Common7\IDE\Extensions\3uettoov.v2d\AzureStorageProviderIcon.png
[0b00:0004][2017-10-17T09:47:37] Completed: Copying file /AzureStorageProviderIcon.png to C:\Program Files (x86)\Microsoft Visual Studio\2017\Community\Common7\IDE\Extensions\3uettoov.v2d\AzureStorageProviderIcon.png
[0b00:0004][2017-10-17T09:47:37] Timestamp updated for file 'C:\Program Files (x86)\Microsoft Visual Studio\2017\Community\Common7\IDE\Extensions\3uettoov.v2d\AzureStorageProviderIcon.png'.
[0b00:0004][2017-10-17T09:47:37] Processing file /catalog.json
[0b00:0004][2017-10-17T09:47:37] Started: Copying file /catalog.json to C:\Program Files (x86)\Microsoft Visual Studio\2017\Community\Common7\IDE\Extensions\3uettoov.v2d\catalog.json
[0b00:0004][2017-10-17T09:47:37] Completed: Copying file /catalog.json to C:\Program Files (x86)\Microsoft Visual Studio\2017\Community\Common7\IDE\Extensions\3uettoov.v2d\catalog.json
[0b00:0004][2017-10-17T09:47:37] Timestamp updated for file 'C:\Program Files (x86)\Microsoft Visual Studio\2017\Community\Common7\IDE\Extensions\3uettoov.v2d\catalog.json'.
[0b00:0004][2017-10-17T09:47:37] Processing file /cs/extension.vsixlangpack
[0b00:0004][2017-10-17T09:47:37] Started: Copying file /cs/extension.vsixlangpack to C:\Program Files (x86)\Microsoft Visual Studio\2017\Community\Common7\IDE\Extensions\3uettoov.v2d\cs\extension.vsixlangpack
[0b00:0004][2017-10-17T09:47:37] Completed: Copying file /cs/extension.vsixlangpack to C:\Program Files (x86)\Microsoft Visual Studio\2017\Community\Common7\IDE\Extensions\3uettoov.v2d\cs\extension.vsixlangpack
[0b00:0004][2017-10-17T09:47:37] Timestamp updated for file 'C:\Program Files (x86)\Microsoft Visual Studio\2017\Community\Common7\IDE\Extensions\3uettoov.v2d\cs\extension.vsixlangpack'.
[0b00:0004][2017-10-17T09:47:37] Processing file /cs/Microsoft.VisualStudio.Azure.ResourceManagement.resources.dll
[0b00:0004][2017-10-17T09:47:37] Started: Copying file /cs/Microsoft.VisualStudio.Azure.ResourceManagement.resources.dll to C:\Program Files (x86)\Microsoft Visual Studio\2017\Community\Common7\IDE\Extensions\3uettoov.v2d\cs\Microsoft.VisualStudio.Azure.ResourceManagement.resources.dll
[0b00:0004][2017-10-17T09:47:37] Completed: Copying file /cs/Microsoft.VisualStudio.Azure.ResourceManagement.resources.dll to C:\Program Files (x86)\Microsoft Visual Studio\2017\Community\Common7\IDE\Extensions\3uettoov.v2d\cs\Microsoft.VisualStudio.Azure.ResourceManagement.resources.dll
[0b00:0004][2017-10-17T09:47:37] Timestamp updated for file 'C:\Program Files (x86)\Microsoft Visual Studio\2017\Community\Common7\IDE\Extensions\3uettoov.v2d\cs\Microsoft.VisualStudio.Azure.ResourceManagement.resources.dll'.
[0b00:0004][2017-10-17T09:47:37] Processing file /cs/Microsoft.VisualStudio.Azure.VSIntegration.resources.dll
[0b00:0004][2017-10-17T09:47:37] Started: Copying file /cs/Microsoft.VisualStudio.Azure.VSIntegration.resources.dll to C:\Program Files (x86)\Microsoft Visual Studio\2017\Community\Common7\IDE\Extensions\3uettoov.v2d\cs\Microsoft.VisualStudio.Azure.VSIntegration.resources.dll
[0b00:0004][2017-10-17T09:47:37] Completed: Copying file /cs/Microsoft.VisualStudio.Azure.VSIntegration.resources.dll to C:\Program Files (x86)\Microsoft Visual Studio\2017\Community\Common7\IDE\Extensions\3uettoov.v2d\cs\Microsoft.VisualStudio.Azure.VSIntegration.resources.dll
[0b00:0004][2017-10-17T09:47:37] Timestamp updated for file 'C:\Program Files (x86)\Microsoft Visual Studio\2017\Community\Common7\IDE\Extensions\3uettoov.v2d\cs\Microsoft.VisualStudio.Azure.VSIntegration.resources.dll'.
[0b00:0004][2017-10-17T09:47:37] Processing file /cs/Microsoft.VisualStudio.ConnectedServices.Azure.Storage.resources.dll
[0b00:0004][2017-10-17T09:47:37] Started: Copying file /cs/Microsoft.VisualStudio.ConnectedServices.Azure.Storage.resources.dll to C:\Program Files (x86)\Microsoft Visual Studio\2017\Community\Common7\IDE\Extensions\3uettoov.v2d\cs\Microsoft.VisualStudio.ConnectedServices.Azure.Storage.resources.dll
[0b00:0004][2017-10-17T09:47:37] Completed: Copying file /cs/Microsoft.VisualStudio.ConnectedServices.Azure.Storage.resources.dll to C:\Program Files (x86)\Microsoft Visual Studio\2017\Community\Common7\IDE\Extensions\3uettoov.v2d\cs\Microsoft.VisualStudio.ConnectedServices.Azure.Storage.resources.dll
[0b00:0004][2017-10-17T09:47:37] Timestamp updated for file 'C:\Program Files (x86)\Microsoft Visual Studio\2017\Community\Common7\IDE\Extensions\3uettoov.v2d\cs\Microsoft.VisualStudio.ConnectedServices.Azure.Storage.resources.dll'.
[0b00:0004][2017-10-17T09:47:37] Processing file /de/extension.vsixlangpack
[0b00:0004][2017-10-17T09:47:37] Started: Copying file /de/extension.vsixlangpack to C:\Program Files (x86)\Microsoft Visual Studio\2017\Community\Common7\IDE\Extensions\3uettoov.v2d\de\extension.vsixlangpack
[0b00:0004][2017-10-17T09:47:37] Completed: Copying file /de/extension.vsixlangpack to C:\Program Files (x86)\Microsoft Visual Studio\2017\Community\Common7\IDE\Extensions\3uettoov.v2d\de\extension.vsixlangpack
[0b00:0004][2017-10-17T09:47:37] Timestamp updated for file 'C:\Program Files (x86)\Microsoft Visual Studio\2017\Community\Common7\IDE\Extensions\3uettoov.v2d\de\extension.vsixlangpack'.
[0b00:0004][2017-10-17T09:47:37] Processing file /de/Microsoft.VisualStudio.Azure.ResourceManagement.resources.dll
[0b00:0004][2017-10-17T09:47:37] Started: Copying file /de/Microsoft.VisualStudio.Azure.ResourceManagement.resources.dll to C:\Program Files (x86)\Microsoft Visual Studio\2017\Community\Common7\IDE\Extensions\3uettoov.v2d\de\Microsoft.VisualStudio.Azure.ResourceManagement.resources.dll
[0b00:0004][2017-10-17T09:47:37] Completed: Copying file /de/Microsoft.VisualStudio.Azure.ResourceManagement.resources.dll to C:\Program Files (x86)\Microsoft Visual Studio\2017\Community\Common7\IDE\Extensions\3uettoov.v2d\de\Microsoft.VisualStudio.Azure.ResourceManagement.resources.dll
[0b00:0004][2017-10-17T09:47:37] Timestamp updated for file 'C:\Program Files (x86)\Microsoft Visual Studio\2017\Community\Common7\IDE\Extensions\3uettoov.v2d\de\Microsoft.VisualStudio.Azure.ResourceManagement.resources.dll'.
[0b00:0004][2017-10-17T09:47:37] Processing file /de/Microsoft.VisualStudio.Azure.VSIntegration.resources.dll
[0b00:0004][2017-10-17T09:47:37] Started: Copying file /de/Microsoft.VisualStudio.Azure.VSIntegration.resources.dll to C:\Program Files (x86)\Microsoft Visual Studio\2017\Community\Common7\IDE\Extensions\3uettoov.v2d\de\Microsoft.VisualStudio.Azure.VSIntegration.resources.dll
[0b00:0004][2017-10-17T09:47:37] Completed: Copying file /de/Microsoft.VisualStudio.Azure.VSIntegration.resources.dll to C:\Program Files (x86)\Microsoft Visual Studio\2017\Community\Common7\IDE\Extensions\3uettoov.v2d\de\Microsoft.VisualStudio.Azure.VSIntegration.resources.dll
[0b00:0004][2017-10-17T09:47:37] Timestamp updated for file 'C:\Program Files (x86)\Microsoft Visual Studio\2017\Community\Common7\IDE\Extensions\3uettoov.v2d\de\Microsoft.VisualStudio.Azure.VSIntegration.resources.dll'.
[0b00:0004][2017-10-17T09:47:37] Processing file /de/Microsoft.VisualStudio.ConnectedServices.Azure.Storage.resources.dll
[0b00:0004][2017-10-17T09:47:37] Started: Copying file /de/Microsoft.VisualStudio.ConnectedServices.Azure.Storage.resources.dll to C:\Program Files (x86)\Microsoft Visual Studio\2017\Community\Common7\IDE\Extensions\3uettoov.v2d\de\Microsoft.VisualStudio.ConnectedServices.Azure.Storage.resources.dll
[0b00:0004][2017-10-17T09:47:37] Completed: Copying file /de/Microsoft.VisualStudio.ConnectedServices.Azure.Storage.resources.dll to C:\Program Files (x86)\Microsoft Visual Studio\2017\Community\Common7\IDE\Extensions\3uettoov.v2d\de\Microsoft.VisualStudio.ConnectedServices.Azure.Storage.resources.dll
[0b00:0004][2017-10-17T09:47:37] Timestamp updated for file 'C:\Program Files (x86)\Microsoft Visual Studio\2017\Community\Common7\IDE\Extensions\3uettoov.v2d\de\Microsoft.VisualStudio.ConnectedServices.Azure.Storage.resources.dll'.
[0b00:0004][2017-10-17T09:47:37] Processing file /es/extension.vsixlangpack
[0b00:0004][2017-10-17T09:47:37] Started: Copying file /es/extension.vsixlangpack to C:\Program Files (x86)\Microsoft Visual Studio\2017\Community\Common7\IDE\Extensions\3uettoov.v2d\es\extension.vsixlangpack
[0b00:0004][2017-10-17T09:47:37] Completed: Copying file /es/extension.vsixlangpack to C:\Program Files (x86)\Microsoft Visual Studio\2017\Community\Common7\IDE\Extensions\3uettoov.v2d\es\extension.vsixlangpack
[0b00:0004][2017-10-17T09:47:37] Timestamp updated for file 'C:\Program Files (x86)\Microsoft Visual Studio\2017\Community\Common7\IDE\Extensions\3uettoov.v2d\es\extension.vsixlangpack'.
[0b00:0004][2017-10-17T09:47:37] Processing file /es/Microsoft.VisualStudio.Azure.ResourceManagement.resources.dll
[0b00:0004][2017-10-17T09:47:37] Started: Copying file /es/Microsoft.VisualStudio.Azure.ResourceManagement.resources.dll to C:\Program Files (x86)\Microsoft Visual Studio\2017\Community\Common7\IDE\Extensions\3uettoov.v2d\es\Microsoft.VisualStudio.Azure.ResourceManagement.resources.dll
[0b00:0004][2017-10-17T09:47:37] Completed: Copying file /es/Microsoft.VisualStudio.Azure.ResourceManagement.resources.dll to C:\Program Files (x86)\Microsoft Visual Studio\2017\Community\Common7\IDE\Extensions\3uettoov.v2d\es\Microsoft.VisualStudio.Azure.ResourceManagement.resources.dll
[0b00:0004][2017-10-17T09:47:37] Timestamp updated for file 'C:\Program Files (x86)\Microsoft Visual Studio\2017\Community\Common7\IDE\Extensions\3uettoov.v2d\es\Microsoft.VisualStudio.Azure.ResourceManagement.resources.dll'.
[0b00:0004][2017-10-17T09:47:37] Processing file /es/Microsoft.VisualStudio.Azure.VSIntegration.resources.dll
[0b00:0004][2017-10-17T09:47:37] Started: Copying file /es/Microsoft.VisualStudio.Azure.VSIntegration.resources.dll to C:\Program Files (x86)\Microsoft Visual Studio\2017\Community\Common7\IDE\Extensions\3uettoov.v2d\es\Microsoft.VisualStudio.Azure.VSIntegration.resources.dll
[0b00:0004][2017-10-17T09:47:37] Completed: Copying file /es/Microsoft.VisualStudio.Azure.VSIntegration.resources.dll to C:\Program Files (x86)\Microsoft Visual Studio\2017\Community\Common7\IDE\Extensions\3uettoov.v2d\es\Microsoft.VisualStudio.Azure.VSIntegration.resources.dll
[0b00:0004][2017-10-17T09:47:37] Timestamp updated for file 'C:\Program Files (x86)\Microsoft Visual Studio\2017\Community\Common7\IDE\Extensions\3uettoov.v2d\es\Microsoft.VisualStudio.Azure.VSIntegration.resources.dll'.
[0b00:0004][2017-10-17T09:47:37] Processing file /es/Microsoft.VisualStudio.ConnectedServices.Azure.Storage.resources.dll
[0b00:0004][2017-10-17T09:47:37] Started: Copying file /es/Microsoft.VisualStudio.ConnectedServices.Azure.Storage.resources.dll to C:\Program Files (x86)\Microsoft Visual Studio\2017\Community\Common7\IDE\Extensions\3uettoov.v2d\es\Microsoft.VisualStudio.ConnectedServices.Azure.Storage.resources.dll
[0b00:0004][2017-10-17T09:47:37] Completed: Copying file /es/Microsoft.VisualStudio.ConnectedServices.Azure.Storage.resources.dll to C:\Program Files (x86)\Microsoft Visual Studio\2017\Community\Common7\IDE\Extensions\3uettoov.v2d\es\Microsoft.VisualStudio.ConnectedServices.Azure.Storage.resources.dll
[0b00:0004][2017-10-17T09:47:37] Timestamp updated for file 'C:\Program Files (x86)\Microsoft Visual Studio\2017\Community\Common7\IDE\Extensions\3uettoov.v2d\es\Microsoft.VisualStudio.ConnectedServices.Azure.Storage.resources.dll'.
[0b00:0004][2017-10-17T09:47:37] Processing file /extension.vsixmanifest
[0b00:0004][2017-10-17T09:47:37] Started: Copying file /extension.vsixmanifest to C:\Program Files (x86)\Microsoft Visual Studio\2017\Community\Common7\IDE\Extensions\3uettoov.v2d\extension.vsixmanifest
[0b00:0004][2017-10-17T09:47:37] Completed: Copying file /extension.vsixmanifest to C:\Program Files (x86)\Microsoft Visual Studio\2017\Community\Common7\IDE\Extensions\3uettoov.v2d\extension.vsixmanifest
[0b00:0004][2017-10-17T09:47:37] Timestamp updated for file 'C:\Program Files (x86)\Microsoft Visual Studio\2017\Community\Common7\IDE\Extensions\3uettoov.v2d\extension.vsixmanifest'.
[0b00:0004][2017-10-17T09:47:37] Processing file /fr/extension.vsixlangpack
[0b00:0004][2017-10-17T09:47:37] Started: Copying file /fr/extension.vsixlangpack to C:\Program Files (x86)\Microsoft Visual Studio\2017\Community\Common7\IDE\Extensions\3uettoov.v2d\fr\extension.vsixlangpack
[0b00:0004][2017-10-17T09:47:37] Completed: Copying file /fr/extension.vsixlangpack to C:\Program Files (x86)\Microsoft Visual Studio\2017\Community\Common7\IDE\Extensions\3uettoov.v2d\fr\extension.vsixlangpack
[0b00:0004][2017-10-17T09:47:37] Timestamp updated for file 'C:\Program Files (x86)\Microsoft Visual Studio\2017\Community\Common7\IDE\Extensions\3uettoov.v2d\fr\extension.vsixlangpack'.
[0b00:0004][2017-10-17T09:47:37] Processing file /fr/Microsoft.VisualStudio.Azure.ResourceManagement.resources.dll
[0b00:0004][2017-10-17T09:47:37] Started: Copying file /fr/Microsoft.VisualStudio.Azure.ResourceManagement.resources.dll to C:\Program Files (x86)\Microsoft Visual Studio\2017\Community\Common7\IDE\Extensions\3uettoov.v2d\fr\Microsoft.VisualStudio.Azure.ResourceManagement.resources.dll
[0b00:0004][2017-10-17T09:47:37] Completed: Copying file /fr/Microsoft.VisualStudio.Azure.ResourceManagement.resources.dll to C:\Program Files (x86)\Microsoft Visual Studio\2017\Community\Common7\IDE\Extensions\3uettoov.v2d\fr\Microsoft.VisualStudio.Azure.ResourceManagement.resources.dll
[0b00:0004][2017-10-17T09:47:37] Timestamp updated for file 'C:\Program Files (x86)\Microsoft Visual Studio\2017\Community\Common7\IDE\Extensions\3uettoov.v2d\fr\Microsoft.VisualStudio.Azure.ResourceManagement.resources.dll'.
[0b00:0004][2017-10-17T09:47:37] Processing file /fr/Microsoft.VisualStudio.Azure.VSIntegration.resources.dll
[0b00:0004][2017-10-17T09:47:37] Started: Copying file /fr/Microsoft.VisualStudio.Azure.VSIntegration.resources.dll to C:\Program Files (x86)\Microsoft Visual Studio\2017\Community\Common7\IDE\Extensions\3uettoov.v2d\fr\Microsoft.VisualStudio.Azure.VSIntegration.resources.dll
[0b00:0004][2017-10-17T09:47:37] Completed: Copying file /fr/Microsoft.VisualStudio.Azure.VSIntegration.resources.dll to C:\Program Files (x86)\Microsoft Visual Studio\2017\Community\Common7\IDE\Extensions\3uettoov.v2d\fr\Microsoft.VisualStudio.Azure.VSIntegration.resources.dll
[0b00:0004][2017-10-17T09:47:37] Timestamp updated for file 'C:\Program Files (x86)\Microsoft Visual Studio\2017\Community\Common7\IDE\Extensions\3uettoov.v2d\fr\Microsoft.VisualStudio.Azure.VSIntegration.resources.dll'.
[0b00:0004][2017-10-17T09:47:37] Processing file /fr/Microsoft.VisualStudio.ConnectedServices.Azure.Storage.resources.dll
[0b00:0004][2017-10-17T09:47:37] Started: Copying file /fr/Microsoft.VisualStudio.ConnectedServices.Azure.Storage.resources.dll to C:\Program Files (x86)\Microsoft Visual Studio\2017\Community\Common7\IDE\Extensions\3uettoov.v2d\fr\Microsoft.VisualStudio.ConnectedServices.Azure.Storage.resources.dll
[0b00:0004][2017-10-17T09:47:37] Completed: Copying file /fr/Microsoft.VisualStudio.ConnectedServices.Azure.Storage.resources.dll to C:\Program Files (x86)\Microsoft Visual Studio\2017\Community\Common7\IDE\Extensions\3uettoov.v2d\fr\Microsoft.VisualStudio.ConnectedServices.Azure.Storage.resources.dll
[0b00:0004][2017-10-17T09:47:37] Timestamp updated for file 'C:\Program Files (x86)\Microsoft Visual Studio\2017\Community\Common7\IDE\Extensions\3uettoov.v2d\fr\Microsoft.VisualStudio.ConnectedServices.Azure.Storage.resources.dll'.
[0b00:0004][2017-10-17T09:47:37] Processing file /it/extension.vsixlangpack
[0b00:0004][2017-10-17T09:47:37] Started: Copying file /it/extension.vsixlangpack to C:\Program Files (x86)\Microsoft Visual Studio\2017\Community\Common7\IDE\Extensions\3uettoov.v2d\it\extension.vsixlangpack
[0b00:0004][2017-10-17T09:47:37] Completed: Copying file /it/extension.vsixlangpack to C:\Program Files (x86)\Microsoft Visual Studio\2017\Community\Common7\IDE\Extensions\3uettoov.v2d\it\extension.vsixlangpack
[0b00:0004][2017-10-17T09:47:37] Timestamp updated for file 'C:\Program Files (x86)\Microsoft Visual Studio\2017\Community\Common7\IDE\Extensions\3uettoov.v2d\it\extension.vsixlangpack'.
[0b00:0004][2017-10-17T09:47:37] Processing file /it/Microsoft.VisualStudio.Azure.ResourceManagement.resources.dll
[0b00:0004][2017-10-17T09:47:37] Started: Copying file /it/Microsoft.VisualStudio.Azure.ResourceManagement.resources.dll to C:\Program Files (x86)\Microsoft Visual Studio\2017\Community\Common7\IDE\Extensions\3uettoov.v2d\it\Microsoft.VisualStudio.Azure.ResourceManagement.resources.dll
[0b00:0004][2017-10-17T09:47:37] Completed: Copying file /it/Microsoft.VisualStudio.Azure.ResourceManagement.resources.dll to C:\Program Files (x86)\Microsoft Visual Studio\2017\Community\Common7\IDE\Extensions\3uettoov.v2d\it\Microsoft.VisualStudio.Azure.ResourceManagement.resources.dll
[0b00:0004][2017-10-17T09:47:37] Timestamp updated for file 'C:\Program Files (x86)\Microsoft Visual Studio\2017\Community\Common7\IDE\Extensions\3uettoov.v2d\it\Microsoft.VisualStudio.Azure.ResourceManagement.resources.dll'.
[0b00:0004][2017-10-17T09:47:37] Processing file /it/Microsoft.VisualStudio.Azure.VSIntegration.resources.dll
[0b00:0004][2017-10-17T09:47:37] Started: Copying file /it/Microsoft.VisualStudio.Azure.VSIntegration.resources.dll to C:\Program Files (x86)\Microsoft Visual Studio\2017\Community\Common7\IDE\Extensions\3uettoov.v2d\it\Microsoft.VisualStudio.Azure.VSIntegration.resources.dll
[0b00:0004][2017-10-17T09:47:37] Completed: Copying file /it/Microsoft.VisualStudio.Azure.VSIntegration.resources.dll to C:\Program Files (x86)\Microsoft Visual Studio\2017\Community\Common7\IDE\Extensions\3uettoov.v2d\it\Microsoft.VisualStudio.Azure.VSIntegration.resources.dll
[0b00:0004][2017-10-17T09:47:37] Timestamp updated for file 'C:\Program Files (x86)\Microsoft Visual Studio\2017\Community\Common7\IDE\Extensions\3uettoov.v2d\it\Microsoft.VisualStudio.Azure.VSIntegration.resources.dll'.
[0b00:0004][2017-10-17T09:47:37] Processing file /it/Microsoft.VisualStudio.ConnectedServices.Azure.Storage.resources.dll
[0b00:0004][2017-10-17T09:47:37] Started: Copying file /it/Microsoft.VisualStudio.ConnectedServices.Azure.Storage.resources.dll to C:\Program Files (x86)\Microsoft Visual Studio\2017\Community\Common7\IDE\Extensions\3uettoov.v2d\it\Microsoft.VisualStudio.ConnectedServices.Azure.Storage.resources.dll
[0b00:0004][2017-10-17T09:47:37] Completed: Copying file /it/Microsoft.VisualStudio.ConnectedServices.Azure.Storage.resources.dll to C:\Program Files (x86)\Microsoft Visual Studio\2017\Community\Common7\IDE\Extensions\3uettoov.v2d\it\Microsoft.VisualStudio.ConnectedServices.Azure.Storage.resources.dll
[0b00:0004][2017-10-17T09:47:37] Timestamp updated for file 'C:\Program Files (x86)\Microsoft Visual Studio\2017\Community\Common7\IDE\Extensions\3uettoov.v2d\it\Microsoft.VisualStudio.ConnectedServices.Azure.Storage.resources.dll'.
[0b00:0004][2017-10-17T09:47:37] Processing file /ja/extension.vsixlangpack
[0b00:0004][2017-10-17T09:47:37] Started: Copying file /ja/extension.vsixlangpack to C:\Program Files (x86)\Microsoft Visual Studio\2017\Community\Common7\IDE\Extensions\3uettoov.v2d\ja\extension.vsixlangpack
[0b00:0004][2017-10-17T09:47:37] Completed: Copying file /ja/extension.vsixlangpack to C:\Program Files (x86)\Microsoft Visual Studio\2017\Community\Common7\IDE\Extensions\3uettoov.v2d\ja\extension.vsixlangpack
[0b00:0004][2017-10-17T09:47:37] Timestamp updated for file 'C:\Program Files (x86)\Microsoft Visual Studio\2017\Community\Common7\IDE\Extensions\3uettoov.v2d\ja\extension.vsixlangpack'.
[0b00:0004][2017-10-17T09:47:37] Processing file /ja/Microsoft.VisualStudio.Azure.ResourceManagement.resources.dll
[0b00:0004][2017-10-17T09:47:37] Started: Copying file /ja/Microsoft.VisualStudio.Azure.ResourceManagement.resources.dll to C:\Program Files (x86)\Microsoft Visual Studio\2017\Community\Common7\IDE\Extensions\3uettoov.v2d\ja\Microsoft.VisualStudio.Azure.ResourceManagement.resources.dll
[0b00:0004][2017-10-17T09:47:37] Completed: Copying file /ja/Microsoft.VisualStudio.Azure.ResourceManagement.resources.dll to C:\Program Files (x86)\Microsoft Visual Studio\2017\Community\Common7\IDE\Extensions\3uettoov.v2d\ja\Microsoft.VisualStudio.Azure.ResourceManagement.resources.dll
[0b00:0004][2017-10-17T09:47:37] Timestamp updated for file 'C:\Program Files (x86)\Microsoft Visual Studio\2017\Community\Common7\IDE\Extensions\3uettoov.v2d\ja\Microsoft.VisualStudio.Azure.ResourceManagement.resources.dll'.
[0b00:0004][2017-10-17T09:47:37] Processing file /ja/Microsoft.VisualStudio.Azure.VSIntegration.resources.dll
[0b00:0004][2017-10-17T09:47:37] Started: Copying file /ja/Microsoft.VisualStudio.Azure.VSIntegration.resources.dll to C:\Program Files (x86)\Microsoft Visual Studio\2017\Community\Common7\IDE\Extensions\3uettoov.v2d\ja\Microsoft.VisualStudio.Azure.VSIntegration.resources.dll
[0b00:0004][2017-10-17T09:47:37] Completed: Copying file /ja/Microsoft.VisualStudio.Azure.VSIntegration.resources.dll to C:\Program Files (x86)\Microsoft Visual Studio\2017\Community\Common7\IDE\Extensions\3uettoov.v2d\ja\Microsoft.VisualStudio.Azure.VSIntegration.resources.dll
[0b00:0004][2017-10-17T09:47:37] Timestamp updated for file 'C:\Program Files (x86)\Microsoft Visual Studio\2017\Community\Common7\IDE\Extensions\3uettoov.v2d\ja\Microsoft.VisualStudio.Azure.VSIntegration.resources.dll'.
[0b00:0004][2017-10-17T09:47:37] Processing file /ja/Microsoft.VisualStudio.ConnectedServices.Azure.Storage.resources.dll
[0b00:0004][2017-10-17T09:47:37] Started: Copying file /ja/Microsoft.VisualStudio.ConnectedServices.Azure.Storage.resources.dll to C:\Program Files (x86)\Microsoft Visual Studio\2017\Community\Common7\IDE\Extensions\3uettoov.v2d\ja\Microsoft.VisualStudio.ConnectedServices.Azure.Storage.resources.dll
[0b00:0004][2017-10-17T09:47:37] Completed: Copying file /ja/Microsoft.VisualStudio.ConnectedServices.Azure.Storage.resources.dll to C:\Program Files (x86)\Microsoft Visual Studio\2017\Community\Common7\IDE\Extensions\3uettoov.v2d\ja\Microsoft.VisualStudio.ConnectedServices.Azure.Storage.resources.dll
[0b00:0004][2017-10-17T09:47:37] Timestamp updated for file 'C:\Program Files (x86)\Microsoft Visual Studio\2017\Community\Common7\IDE\Extensions\3uettoov.v2d\ja\Microsoft.VisualStudio.ConnectedServices.Azure.Storage.resources.dll'.
[0b00:0004][2017-10-17T09:47:37] Processing file /ko/extension.vsixlangpack
[0b00:0004][2017-10-17T09:47:37] Started: Copying file /ko/extension.vsixlangpack to C:\Program Files (x86)\Microsoft Visual Studio\2017\Community\Common7\IDE\Extensions\3uettoov.v2d\ko\extension.vsixlangpack
[0b00:0004][2017-10-17T09:47:37] Completed: Copying file /ko/extension.vsixlangpack to C:\Program Files (x86)\Microsoft Visual Studio\2017\Community\Common7\IDE\Extensions\3uettoov.v2d\ko\extension.vsixlangpack
[0b00:0004][2017-10-17T09:47:37] Timestamp updated for file 'C:\Program Files (x86)\Microsoft Visual Studio\2017\Community\Common7\IDE\Extensions\3uettoov.v2d\ko\extension.vsixlangpack'.
[0b00:0004][2017-10-17T09:47:37] Processing file /ko/Microsoft.VisualStudio.Azure.ResourceManagement.resources.dll
[0b00:0004][2017-10-17T09:47:37] Started: Copying file /ko/Microsoft.VisualStudio.Azure.ResourceManagement.resources.dll to C:\Program Files (x86)\Microsoft Visual Studio\2017\Community\Common7\IDE\Extensions\3uettoov.v2d\ko\Microsoft.VisualStudio.Azure.ResourceManagement.resources.dll
[0b00:0004][2017-10-17T09:47:37] Completed: Copying file /ko/Microsoft.VisualStudio.Azure.ResourceManagement.resources.dll to C:\Program Files (x86)\Microsoft Visual Studio\2017\Community\Common7\IDE\Extensions\3uettoov.v2d\ko\Microsoft.VisualStudio.Azure.ResourceManagement.resources.dll
[0b00:0004][2017-10-17T09:47:37] Timestamp updated for file 'C:\Program Files (x86)\Microsoft Visual Studio\2017\Community\Common7\IDE\Extensions\3uettoov.v2d\ko\Microsoft.VisualStudio.Azure.ResourceManagement.resources.dll'.
[0b00:0004][2017-10-17T09:47:37] Processing file /ko/Microsoft.VisualStudio.Azure.VSIntegration.resources.dll
[0b00:0004][2017-10-17T09:47:37] Started: Copying file /ko/Microsoft.VisualStudio.Azure.VSIntegration.resources.dll to C:\Program Files (x86)\Microsoft Visual Studio\2017\Community\Common7\IDE\Extensions\3uettoov.v2d\ko\Microsoft.VisualStudio.Azure.VSIntegration.resources.dll
[0b00:0004][2017-10-17T09:47:37] Completed: Copying file /ko/Microsoft.VisualStudio.Azure.VSIntegration.resources.dll to C:\Program Files (x86)\Microsoft Visual Studio\2017\Community\Common7\IDE\Extensions\3uettoov.v2d\ko\Microsoft.VisualStudio.Azure.VSIntegration.resources.dll
[0b00:0004][2017-10-17T09:47:37] Timestamp updated for file 'C:\Program Files (x86)\Microsoft Visual Studio\2017\Community\Common7\IDE\Extensions\3uettoov.v2d\ko\Microsoft.VisualStudio.Azure.VSIntegration.resources.dll'.
[0b00:0004][2017-10-17T09:47:37] Processing file /ko/Microsoft.VisualStudio.ConnectedServices.Azure.Storage.resources.dll
[0b00:0004][2017-10-17T09:47:37] Started: Copying file /ko/Microsoft.VisualStudio.ConnectedServices.Azure.Storage.resources.dll to C:\Program Files (x86)\Microsoft Visual Studio\2017\Community\Common7\IDE\Extensions\3uettoov.v2d\ko\Microsoft.VisualStudio.ConnectedServices.Azure.Storage.resources.dll
[0b00:0004][2017-10-17T09:47:37] Completed: Copying file /ko/Microsoft.VisualStudio.ConnectedServices.Azure.Storage.resources.dll to C:\Program Files (x86)\Microsoft Visual Studio\2017\Community\Common7\IDE\Extensions\3uettoov.v2d\ko\Microsoft.VisualStudio.ConnectedServices.Azure.Storage.resources.dll
[0b00:0004][2017-10-17T09:47:37] Timestamp updated for file 'C:\Program Files (x86)\Microsoft Visual Studio\2017\Community\Common7\IDE\Extensions\3uettoov.v2d\ko\Microsoft.VisualStudio.ConnectedServices.Azure.Storage.resources.dll'.
[0b00:0004][2017-10-17T09:47:37] Processing file /manifest.json
[0b00:0004][2017-10-17T09:47:37] Started: Copying file /manifest.json to C:\Program Files (x86)\Microsoft Visual Studio\2017\Community\Common7\IDE\Extensions\3uettoov.v2d\manifest.json
[0b00:0004][2017-10-17T09:47:37] Completed: Copying file /manifest.json to C:\Program Files (x86)\Microsoft Visual Studio\2017\Community\Common7\IDE\Extensions\3uettoov.v2d\manifest.json
[0b00:0004][2017-10-17T09:47:37] Timestamp updated for file 'C:\Program Files (x86)\Microsoft Visual Studio\2017\Community\Common7\IDE\Extensions\3uettoov.v2d\manifest.json'.
[0b00:0004][2017-10-17T09:47:37] Processing file /Microsoft.VisualStudio.Azure.ResourceManagement.dll
[0b00:0004][2017-10-17T09:47:37] Started: Copying file /Microsoft.VisualStudio.Azure.ResourceManagement.dll to C:\Program Files (x86)\Microsoft Visual Studio\2017\Community\Common7\IDE\Extensions\3uettoov.v2d\Microsoft.VisualStudio.Azure.ResourceManagement.dll
[0b00:0004][2017-10-17T09:47:37] Completed: Copying file /Microsoft.VisualStudio.Azure.ResourceManagement.dll to C:\Program Files (x86)\Microsoft Visual Studio\2017\Community\Common7\IDE\Extensions\3uettoov.v2d\Microsoft.VisualStudio.Azure.ResourceManagement.dll
[0b00:0004][2017-10-17T09:47:37] Timestamp updated for file 'C:\Program Files (x86)\Microsoft Visual Studio\2017\Community\Common7\IDE\Extensions\3uettoov.v2d\Microsoft.VisualStudio.Azure.ResourceManagement.dll'.
[0b00:0004][2017-10-17T09:47:37] Processing file /Microsoft.VisualStudio.Azure.VSIntegration.dll
[0b00:0004][2017-10-17T09:47:37] Started: Copying file /Microsoft.VisualStudio.Azure.VSIntegration.dll to C:\Program Files (x86)\Microsoft Visual Studio\2017\Community\Common7\IDE\Extensions\3uettoov.v2d\Microsoft.VisualStudio.Azure.VSIntegration.dll
[0b00:0004][2017-10-17T09:47:37] Completed: Copying file /Microsoft.VisualStudio.Azure.VSIntegration.dll to C:\Program Files (x86)\Microsoft Visual Studio\2017\Community\Common7\IDE\Extensions\3uettoov.v2d\Microsoft.VisualStudio.Azure.VSIntegration.dll
[0b00:0004][2017-10-17T09:47:37] Timestamp updated for file 'C:\Program Files (x86)\Microsoft Visual Studio\2017\Community\Common7\IDE\Extensions\3uettoov.v2d\Microsoft.VisualStudio.Azure.VSIntegration.dll'.
[0b00:0004][2017-10-17T09:47:37] Processing file /Microsoft.VisualStudio.ConnectedServices.Azure.Storage.dll
[0b00:0004][2017-10-17T09:47:37] Started: Copying file /Microsoft.VisualStudio.ConnectedServices.Azure.Storage.dll to C:\Program Files (x86)\Microsoft Visual Studio\2017\Community\Common7\IDE\Extensions\3uettoov.v2d\Microsoft.VisualStudio.ConnectedServices.Azure.Storage.dll
[0b00:0004][2017-10-17T09:47:37] Completed: Copying file /Microsoft.VisualStudio.ConnectedServices.Azure.Storage.dll to C:\Program Files (x86)\Microsoft Visual Studio\2017\Community\Common7\IDE\Extensions\3uettoov.v2d\Microsoft.VisualStudio.ConnectedServices.Azure.Storage.dll
[0b00:0004][2017-10-17T09:47:37] Timestamp updated for file 'C:\Program Files (x86)\Microsoft Visual Studio\2017\Community\Common7\IDE\Extensions\3uettoov.v2d\Microsoft.VisualStudio.ConnectedServices.Azure.Storage.dll'.
[0b00:0004][2017-10-17T09:47:37] Processing file /pl/extension.vsixlangpack
[0b00:0004][2017-10-17T09:47:37] Started: Copying file /pl/extension.vsixlangpack to C:\Program Files (x86)\Microsoft Visual Studio\2017\Community\Common7\IDE\Extensions\3uettoov.v2d\pl\extension.vsixlangpack
[0b00:0004][2017-10-17T09:47:37] Completed: Copying file /pl/extension.vsixlangpack to C:\Program Files (x86)\Microsoft Visual Studio\2017\Community\Common7\IDE\Extensions\3uettoov.v2d\pl\extension.vsixlangpack
[0b00:0004][2017-10-17T09:47:37] Timestamp updated for file 'C:\Program Files (x86)\Microsoft Visual Studio\2017\Community\Common7\IDE\Extensions\3uettoov.v2d\pl\extension.vsixlangpack'.
[0b00:0004][2017-10-17T09:47:37] Processing file /pl/Microsoft.VisualStudio.Azure.ResourceManagement.resources.dll
[0b00:0004][2017-10-17T09:47:37] Started: Copying file /pl/Microsoft.VisualStudio.Azure.ResourceManagement.resources.dll to C:\Program Files (x86)\Microsoft Visual Studio\2017\Community\Common7\IDE\Extensions\3uettoov.v2d\pl\Microsoft.VisualStudio.Azure.ResourceManagement.resources.dll
[0b00:0004][2017-10-17T09:47:37] Completed: Copying file /pl/Microsoft.VisualStudio.Azure.ResourceManagement.resources.dll to C:\Program Files (x86)\Microsoft Visual Studio\2017\Community\Common7\IDE\Extensions\3uettoov.v2d\pl\Microsoft.VisualStudio.Azure.ResourceManagement.resources.dll
[0b00:0004][2017-10-17T09:47:37] Timestamp updated for file 'C:\Program Files (x86)\Microsoft Visual Studio\2017\Community\Common7\IDE\Extensions\3uettoov.v2d\pl\Microsoft.VisualStudio.Azure.ResourceManagement.resources.dll'.
[0b00:0004][2017-10-17T09:47:37] Processing file /pl/Microsoft.VisualStudio.Azure.VSIntegration.resources.dll
[0b00:0004][2017-10-17T09:47:37] Started: Copying file /pl/Microsoft.VisualStudio.Azure.VSIntegration.resources.dll to C:\Program Files (x86)\Microsoft Visual Studio\2017\Community\Common7\IDE\Extensions\3uettoov.v2d\pl\Microsoft.VisualStudio.Azure.VSIntegration.resources.dll
[0b00:0004][2017-10-17T09:47:37] Completed: Copying file /pl/Microsoft.VisualStudio.Azure.VSIntegration.resources.dll to C:\Program Files (x86)\Microsoft Visual Studio\2017\Community\Common7\IDE\Extensions\3uettoov.v2d\pl\Microsoft.VisualStudio.Azure.VSIntegration.resources.dll
[0b00:0004][2017-10-17T09:47:37] Timestamp updated for file 'C:\Program Files (x86)\Microsoft Visual Studio\2017\Community\Common7\IDE\Extensions\3uettoov.v2d\pl\Microsoft.VisualStudio.Azure.VSIntegration.resources.dll'.
[0b00:0004][2017-10-17T09:47:37] Processing file /pl/Microsoft.VisualStudio.ConnectedServices.Azure.Storage.resources.dll
[0b00:0004][2017-10-17T09:47:37] Started: Copying file /pl/Microsoft.VisualStudio.ConnectedServices.Azure.Storage.resources.dll to C:\Program Files (x86)\Microsoft Visual Studio\2017\Community\Common7\IDE\Extensions\3uettoov.v2d\pl\Microsoft.VisualStudio.ConnectedServices.Azure.Storage.resources.dll
[0b00:0004][2017-10-17T09:47:37] Completed: Copying file /pl/Microsoft.VisualStudio.ConnectedServices.Azure.Storage.resources.dll to C:\Program Files (x86)\Microsoft Visual Studio\2017\Community\Common7\IDE\Extensions\3uettoov.v2d\pl\Microsoft.VisualStudio.ConnectedServices.Azure.Storage.resources.dll
[0b00:0004][2017-10-17T09:47:37] Timestamp updated for file 'C:\Program Files (x86)\Microsoft Visual Studio\2017\Community\Common7\IDE\Extensions\3uettoov.v2d\pl\Microsoft.VisualStudio.ConnectedServices.Azure.Storage.resources.dll'.
[0b00:0004][2017-10-17T09:47:37] Processing file /pt-BR/extension.vsixlangpack
[0b00:0004][2017-10-17T09:47:37] Started: Copying file /pt-BR/extension.vsixlangpack to C:\Program Files (x86)\Microsoft Visual Studio\2017\Community\Common7\IDE\Extensions\3uettoov.v2d\pt-BR\extension.vsixlangpack
[0b00:0004][2017-10-17T09:47:37] Completed: Copying file /pt-BR/extension.vsixlangpack to C:\Program Files (x86)\Microsoft Visual Studio\2017\Community\Common7\IDE\Extensions\3uettoov.v2d\pt-BR\extension.vsixlangpack
[0b00:0004][2017-10-17T09:47:37] Timestamp updated for file 'C:\Program Files (x86)\Microsoft Visual Studio\2017\Community\Common7\IDE\Extensions\3uettoov.v2d\pt-BR\extension.vsixlangpack'.
[0b00:0004][2017-10-17T09:47:37] Processing file /pt-BR/Microsoft.VisualStudio.Azure.ResourceManagement.resources.dll
[0b00:0004][2017-10-17T09:47:37] Started: Copying file /pt-BR/Microsoft.VisualStudio.Azure.ResourceManagement.resources.dll to C:\Program Files (x86)\Microsoft Visual Studio\2017\Community\Common7\IDE\Extensions\3uettoov.v2d\pt-BR\Microsoft.VisualStudio.Azure.ResourceManagement.resources.dll
[0b00:0004][2017-10-17T09:47:37] Completed: Copying file /pt-BR/Microsoft.VisualStudio.Azure.ResourceManagement.resources.dll to C:\Program Files (x86)\Microsoft Visual Studio\2017\Community\Common7\IDE\Extensions\3uettoov.v2d\pt-BR\Microsoft.VisualStudio.Azure.ResourceManagement.resources.dll
[0b00:0004][2017-10-17T09:47:37] Timestamp updated for file 'C:\Program Files (x86)\Microsoft Visual Studio\2017\Community\Common7\IDE\Extensions\3uettoov.v2d\pt-BR\Microsoft.VisualStudio.Azure.ResourceManagement.resources.dll'.
[0b00:0004][2017-10-17T09:47:37] Processing file /pt-BR/Microsoft.VisualStudio.Azure.VSIntegration.resources.dll
[0b00:0004][2017-10-17T09:47:37] Started: Copying file /pt-BR/Microsoft.VisualStudio.Azure.VSIntegration.resources.dll to C:\Program Files (x86)\Microsoft Visual Studio\2017\Community\Common7\IDE\Extensions\3uettoov.v2d\pt-BR\Microsoft.VisualStudio.Azure.VSIntegration.resources.dll
[0b00:0004][2017-10-17T09:47:37] Completed: Copying file /pt-BR/Microsoft.VisualStudio.Azure.VSIntegration.resources.dll to C:\Program Files (x86)\Microsoft Visual Studio\2017\Community\Common7\IDE\Extensions\3uettoov.v2d\pt-BR\Microsoft.VisualStudio.Azure.VSIntegration.resources.dll
[0b00:0004][2017-10-17T09:47:37] Timestamp updated for file 'C:\Program Files (x86)\Microsoft Visual Studio\2017\Community\Common7\IDE\Extensions\3uettoov.v2d\pt-BR\Microsoft.VisualStudio.Azure.VSIntegration.resources.dll'.
[0b00:0004][2017-10-17T09:47:37] Processing file /pt-BR/Microsoft.VisualStudio.ConnectedServices.Azure.Storage.resources.dll
[0b00:0004][2017-10-17T09:47:37] Started: Copying file /pt-BR/Microsoft.VisualStudio.ConnectedServices.Azure.Storage.resources.dll to C:\Program Files (x86)\Microsoft Visual Studio\2017\Community\Common7\IDE\Extensions\3uettoov.v2d\pt-BR\Microsoft.VisualStudio.ConnectedServices.Azure.Storage.resources.dll
[0b00:0004][2017-10-17T09:47:37] Completed: Copying file /pt-BR/Microsoft.VisualStudio.ConnectedServices.Azure.Storage.resources.dll to C:\Program Files (x86)\Microsoft Visual Studio\2017\Community\Common7\IDE\Extensions\3uettoov.v2d\pt-BR\Microsoft.VisualStudio.ConnectedServices.Azure.Storage.resources.dll
[0b00:0004][2017-10-17T09:47:37] Timestamp updated for file 'C:\Program Files (x86)\Microsoft Visual Studio\2017\Community\Common7\IDE\Extensions\3uettoov.v2d\pt-BR\Microsoft.VisualStudio.ConnectedServices.Azure.Storage.resources.dll'.
[0b00:0004][2017-10-17T09:47:37] Processing file /ru/extension.vsixlangpack
[0b00:0004][2017-10-17T09:47:37] Started: Copying file /ru/extension.vsixlangpack to C:\Program Files (x86)\Microsoft Visual Studio\2017\Community\Common7\IDE\Extensions\3uettoov.v2d\ru\extension.vsixlangpack
[0b00:0004][2017-10-17T09:47:37] Completed: Copying file /ru/extension.vsixlangpack to C:\Program Files (x86)\Microsoft Visual Studio\2017\Community\Common7\IDE\Extensions\3uettoov.v2d\ru\extension.vsixlangpack
[0b00:0004][2017-10-17T09:47:37] Timestamp updated for file 'C:\Program Files (x86)\Microsoft Visual Studio\2017\Community\Common7\IDE\Extensions\3uettoov.v2d\ru\extension.vsixlangpack'.
[0b00:0004][2017-10-17T09:47:37] Processing file /ru/Microsoft.VisualStudio.Azure.ResourceManagement.resources.dll
[0b00:0004][2017-10-17T09:47:37] Started: Copying file /ru/Microsoft.VisualStudio.Azure.ResourceManagement.resources.dll to C:\Program Files (x86)\Microsoft Visual Studio\2017\Community\Common7\IDE\Extensions\3uettoov.v2d\ru\Microsoft.VisualStudio.Azure.ResourceManagement.resources.dll
[0b00:0004][2017-10-17T09:47:37] Completed: Copying file /ru/Microsoft.VisualStudio.Azure.ResourceManagement.resources.dll to C:\Program Files (x86)\Microsoft Visual Studio\2017\Community\Common7\IDE\Extensions\3uettoov.v2d\ru\Microsoft.VisualStudio.Azure.ResourceManagement.resources.dll
[0b00:0004][2017-10-17T09:47:37] Timestamp updated for file 'C:\Program Files (x86)\Microsoft Visual Studio\2017\Community\Common7\IDE\Extensions\3uettoov.v2d\ru\Microsoft.VisualStudio.Azure.ResourceManagement.resources.dll'.
[0b00:0004][2017-10-17T09:47:37] Processing file /ru/Microsoft.VisualStudio.Azure.VSIntegration.resources.dll
[0b00:0004][2017-10-17T09:47:37] Started: Copying file /ru/Microsoft.VisualStudio.Azure.VSIntegration.resources.dll to C:\Program Files (x86)\Microsoft Visual Studio\2017\Community\Common7\IDE\Extensions\3uettoov.v2d\ru\Microsoft.VisualStudio.Azure.VSIntegration.resources.dll
[0b00:0004][2017-10-17T09:47:37] Completed: Copying file /ru/Microsoft.VisualStudio.Azure.VSIntegration.resources.dll to C:\Program Files (x86)\Microsoft Visual Studio\2017\Community\Common7\IDE\Extensions\3uettoov.v2d\ru\Microsoft.VisualStudio.Azure.VSIntegration.resources.dll
[0b00:0004][2017-10-17T09:47:37] Timestamp updated for file 'C:\Program Files (x86)\Microsoft Visual Studio\2017\Community\Common7\IDE\Extensions\3uettoov.v2d\ru\Microsoft.VisualStudio.Azure.VSIntegration.resources.dll'.
[0b00:0004][2017-10-17T09:47:37] Processing file /ru/Microsoft.VisualStudio.ConnectedServices.Azure.Storage.resources.dll
[0b00:0004][2017-10-17T09:47:37] Started: Copying file /ru/Microsoft.VisualStudio.ConnectedServices.Azure.Storage.resources.dll to C:\Program Files (x86)\Microsoft Visual Studio\2017\Community\Common7\IDE\Extensions\3uettoov.v2d\ru\Microsoft.VisualStudio.ConnectedServices.Azure.Storage.resources.dll
[0b00:0004][2017-10-17T09:47:37] Completed: Copying file /ru/Microsoft.VisualStudio.ConnectedServices.Azure.Storage.resources.dll to C:\Program Files (x86)\Microsoft Visual Studio\2017\Community\Common7\IDE\Extensions\3uettoov.v2d\ru\Microsoft.VisualStudio.ConnectedServices.Azure.Storage.resources.dll
[0b00:0004][2017-10-17T09:47:37] Timestamp updated for file 'C:\Program Files (x86)\Microsoft Visual Studio\2017\Community\Common7\IDE\Extensions\3uettoov.v2d\ru\Microsoft.VisualStudio.ConnectedServices.Azure.Storage.resources.dll'.
[0b00:0004][2017-10-17T09:47:37] Processing file /tr/extension.vsixlangpack
[0b00:0004][2017-10-17T09:47:37] Started: Copying file /tr/extension.vsixlangpack to C:\Program Files (x86)\Microsoft Visual Studio\2017\Community\Common7\IDE\Extensions\3uettoov.v2d\tr\extension.vsixlangpack
[0b00:0004][2017-10-17T09:47:37] Completed: Copying file /tr/extension.vsixlangpack to C:\Program Files (x86)\Microsoft Visual Studio\2017\Community\Common7\IDE\Extensions\3uettoov.v2d\tr\extension.vsixlangpack
[0b00:0004][2017-10-17T09:47:37] Timestamp updated for file 'C:\Program Files (x86)\Microsoft Visual Studio\2017\Community\Common7\IDE\Extensions\3uettoov.v2d\tr\extension.vsixlangpack'.
[0b00:0004][2017-10-17T09:47:37] Processing file /tr/Microsoft.VisualStudio.Azure.ResourceManagement.resources.dll
[0b00:0004][2017-10-17T09:47:37] Started: Copying file /tr/Microsoft.VisualStudio.Azure.ResourceManagement.resources.dll to C:\Program Files (x86)\Microsoft Visual Studio\2017\Community\Common7\IDE\Extensions\3uettoov.v2d\tr\Microsoft.VisualStudio.Azure.ResourceManagement.resources.dll
[0b00:0004][2017-10-17T09:47:37] Completed: Copying file /tr/Microsoft.VisualStudio.Azure.ResourceManagement.resources.dll to C:\Program Files (x86)\Microsoft Visual Studio\2017\Community\Common7\IDE\Extensions\3uettoov.v2d\tr\Microsoft.VisualStudio.Azure.ResourceManagement.resources.dll
[0b00:0004][2017-10-17T09:47:37] Timestamp updated for file 'C:\Program Files (x86)\Microsoft Visual Studio\2017\Community\Common7\IDE\Extensions\3uettoov.v2d\tr\Microsoft.VisualStudio.Azure.ResourceManagement.resources.dll'.
[0b00:0004][2017-10-17T09:47:37] Processing file /tr/Microsoft.VisualStudio.Azure.VSIntegration.resources.dll
[0b00:0004][2017-10-17T09:47:37] Started: Copying file /tr/Microsoft.VisualStudio.Azure.VSIntegration.resources.dll to C:\Program Files (x86)\Microsoft Visual Studio\2017\Community\Common7\IDE\Extensions\3uettoov.v2d\tr\Microsoft.VisualStudio.Azure.VSIntegration.resources.dll
[0b00:0004][2017-10-17T09:47:37] Completed: Copying file /tr/Microsoft.VisualStudio.Azure.VSIntegration.resources.dll to C:\Program Files (x86)\Microsoft Visual Studio\2017\Community\Common7\IDE\Extensions\3uettoov.v2d\tr\Microsoft.VisualStudio.Azure.VSIntegration.resources.dll
[0b00:0004][2017-10-17T09:47:37] Timestamp updated for file 'C:\Program Files (x86)\Microsoft Visual Studio\2017\Community\Common7\IDE\Extensions\3uettoov.v2d\tr\Microsoft.VisualStudio.Azure.VSIntegration.resources.dll'.
[0b00:0004][2017-10-17T09:47:37] Processing file /tr/Microsoft.VisualStudio.ConnectedServices.Azure.Storage.resources.dll
[0b00:0004][2017-10-17T09:47:37] Started: Copying file /tr/Microsoft.VisualStudio.ConnectedServices.Azure.Storage.resources.dll to C:\Program Files (x86)\Microsoft Visual Studio\2017\Community\Common7\IDE\Extensions\3uettoov.v2d\tr\Microsoft.VisualStudio.ConnectedServices.Azure.Storage.resources.dll
[0b00:0004][2017-10-17T09:47:37] Completed: Copying file /tr/Microsoft.VisualStudio.ConnectedServices.Azure.Storage.resources.dll to C:\Program Files (x86)\Microsoft Visual Studio\2017\Community\Common7\IDE\Extensions\3uettoov.v2d\tr\Microsoft.VisualStudio.ConnectedServices.Azure.Storage.resources.dll
[0b00:0004][2017-10-17T09:47:37] Timestamp updated for file 'C:\Program Files (x86)\Microsoft Visual Studio\2017\Community\Common7\IDE\Extensions\3uettoov.v2d\tr\Microsoft.VisualStudio.ConnectedServices.Azure.Storage.resources.dll'.
[0b00:0004][2017-10-17T09:47:37] Processing file /zh-Hans/extension.vsixlangpack
[0b00:0004][2017-10-17T09:47:37] Started: Copying file /zh-Hans/extension.vsixlangpack to C:\Program Files (x86)\Microsoft Visual Studio\2017\Community\Common7\IDE\Extensions\3uettoov.v2d\zh-Hans\extension.vsixlangpack
[0b00:0004][2017-10-17T09:47:37] Completed: Copying file /zh-Hans/extension.vsixlangpack to C:\Program Files (x86)\Microsoft Visual Studio\2017\Community\Common7\IDE\Extensions\3uettoov.v2d\zh-Hans\extension.vsixlangpack
[0b00:0004][2017-10-17T09:47:37] Timestamp updated for file 'C:\Program Files (x86)\Microsoft Visual Studio\2017\Community\Common7\IDE\Extensions\3uettoov.v2d\zh-Hans\extension.vsixlangpack'.
[0b00:0004][2017-10-17T09:47:37] Processing file /zh-Hans/Microsoft.VisualStudio.Azure.ResourceManagement.resources.dll
[0b00:0004][2017-10-17T09:47:37] Started: Copying file /zh-Hans/Microsoft.VisualStudio.Azure.ResourceManagement.resources.dll to C:\Program Files (x86)\Microsoft Visual Studio\2017\Community\Common7\IDE\Extensions\3uettoov.v2d\zh-Hans\Microsoft.VisualStudio.Azure.ResourceManagement.resources.dll
[0b00:0004][2017-10-17T09:47:37] Completed: Copying file /zh-Hans/Microsoft.VisualStudio.Azure.ResourceManagement.resources.dll to C:\Program Files (x86)\Microsoft Visual Studio\2017\Community\Common7\IDE\Extensions\3uettoov.v2d\zh-Hans\Microsoft.VisualStudio.Azure.ResourceManagement.resources.dll
[0b00:0004][2017-10-17T09:47:37] Timestamp updated for file 'C:\Program Files (x86)\Microsoft Visual Studio\2017\Community\Common7\IDE\Extensions\3uettoov.v2d\zh-Hans\Microsoft.VisualStudio.Azure.ResourceManagement.resources.dll'.
[0b00:0004][2017-10-17T09:47:37] Processing file /zh-Hans/Microsoft.VisualStudio.Azure.VSIntegration.resources.dll
[0b00:0004][2017-10-17T09:47:37] Started: Copying file /zh-Hans/Microsoft.VisualStudio.Azure.VSIntegration.resources.dll to C:\Program Files (x86)\Microsoft Visual Studio\2017\Community\Common7\IDE\Extensions\3uettoov.v2d\zh-Hans\Microsoft.VisualStudio.Azure.VSIntegration.resources.dll
[0b00:0004][2017-10-17T09:47:37] Completed: Copying file /zh-Hans/Microsoft.VisualStudio.Azure.VSIntegration.resources.dll to C:\Program Files (x86)\Microsoft Visual Studio\2017\Community\Common7\IDE\Extensions\3uettoov.v2d\zh-Hans\Microsoft.VisualStudio.Azure.VSIntegration.resources.dll
[0b00:0004][2017-10-17T09:47:37] Timestamp updated for file 'C:\Program Files (x86)\Microsoft Visual Studio\2017\Community\Common7\IDE\Extensions\3uettoov.v2d\zh-Hans\Microsoft.VisualStudio.Azure.VSIntegration.resources.dll'.
[0b00:0004][2017-10-17T09:47:37] Processing file /zh-Hans/Microsoft.VisualStudio.ConnectedServices.Azure.Storage.resources.dll
[0b00:0004][2017-10-17T09:47:37] Started: Copying file /zh-Hans/Microsoft.VisualStudio.ConnectedServices.Azure.Storage.resources.dll to C:\Program Files (x86)\Microsoft Visual Studio\2017\Community\Common7\IDE\Extensions\3uettoov.v2d\zh-Hans\Microsoft.VisualStudio.ConnectedServices.Azure.Storage.resources.dll
[0b00:0004][2017-10-17T09:47:37] Completed: Copying file /zh-Hans/Microsoft.VisualStudio.ConnectedServices.Azure.Storage.resources.dll to C:\Program Files (x86)\Microsoft Visual Studio\2017\Community\Common7\IDE\Extensions\3uettoov.v2d\zh-Hans\Microsoft.VisualStudio.ConnectedServices.Azure.Storage.resources.dll
[0b00:0004][2017-10-17T09:47:37] Timestamp updated for file 'C:\Program Files (x86)\Microsoft Visual Studio\2017\Community\Common7\IDE\Extensions\3uettoov.v2d\zh-Hans\Microsoft.VisualStudio.ConnectedServices.Azure.Storage.resources.dll'.
[0b00:0004][2017-10-17T09:47:37] Processing file /zh-Hant/extension.vsixlangpack
[0b00:0004][2017-10-17T09:47:37] Started: Copying file /zh-Hant/extension.vsixlangpack to C:\Program Files (x86)\Microsoft Visual Studio\2017\Community\Common7\IDE\Extensions\3uettoov.v2d\zh-Hant\extension.vsixlangpack
[0b00:0004][2017-10-17T09:47:37] Completed: Copying file /zh-Hant/extension.vsixlangpack to C:\Program Files (x86)\Microsoft Visual Studio\2017\Community\Common7\IDE\Extensions\3uettoov.v2d\zh-Hant\extension.vsixlangpack
[0b00:0004][2017-10-17T09:47:37] Timestamp updated for file 'C:\Program Files (x86)\Microsoft Visual Studio\2017\Community\Common7\IDE\Extensions\3uettoov.v2d\zh-Hant\extension.vsixlangpack'.
[0b00:0004][2017-10-17T09:47:37] Processing file /zh-Hant/Microsoft.VisualStudio.Azure.ResourceManagement.resources.dll
[0b00:0004][2017-10-17T09:47:37] Started: Copying file /zh-Hant/Microsoft.VisualStudio.Azure.ResourceManagement.resources.dll to C:\Program Files (x86)\Microsoft Visual Studio\2017\Community\Common7\IDE\Extensions\3uettoov.v2d\zh-Hant\Microsoft.VisualStudio.Azure.ResourceManagement.resources.dll
[0b00:0004][2017-10-17T09:47:37] Completed: Copying file /zh-Hant/Microsoft.VisualStudio.Azure.ResourceManagement.resources.dll to C:\Program Files (x86)\Microsoft Visual Studio\2017\Community\Common7\IDE\Extensions\3uettoov.v2d\zh-Hant\Microsoft.VisualStudio.Azure.ResourceManagement.resources.dll
[0b00:0004][2017-10-17T09:47:37] Timestamp updated for file 'C:\Program Files (x86)\Microsoft Visual Studio\2017\Community\Common7\IDE\Extensions\3uettoov.v2d\zh-Hant\Microsoft.VisualStudio.Azure.ResourceManagement.resources.dll'.
[0b00:0004][2017-10-17T09:47:37] Processing file /zh-Hant/Microsoft.VisualStudio.Azure.VSIntegration.resources.dll
[0b00:0004][2017-10-17T09:47:37] Started: Copying file /zh-Hant/Microsoft.VisualStudio.Azure.VSIntegration.resources.dll to C:\Program Files (x86)\Microsoft Visual Studio\2017\Community\Common7\IDE\Extensions\3uettoov.v2d\zh-Hant\Microsoft.VisualStudio.Azure.VSIntegration.resources.dll
[0b00:0004][2017-10-17T09:47:37] Completed: Copying file /zh-Hant/Microsoft.VisualStudio.Azure.VSIntegration.resources.dll to C:\Program Files (x86)\Microsoft Visual Studio\2017\Community\Common7\IDE\Extensions\3uettoov.v2d\zh-Hant\Microsoft.VisualStudio.Azure.VSIntegration.resources.dll
[0b00:0004][2017-10-17T09:47:37] Timestamp updated for file 'C:\Program Files (x86)\Microsoft Visual Studio\2017\Community\Common7\IDE\Extensions\3uettoov.v2d\zh-Hant\Microsoft.VisualStudio.Azure.VSIntegration.resources.dll'.
[0b00:0004][2017-10-17T09:47:37] Processing file /zh-Hant/Microsoft.VisualStudio.ConnectedServices.Azure.Storage.resources.dll
[0b00:0004][2017-10-17T09:47:37] Started: Copying file /zh-Hant/Microsoft.VisualStudio.ConnectedServices.Azure.Storage.resources.dll to C:\Program Files (x86)\Microsoft Visual Studio\2017\Community\Common7\IDE\Extensions\3uettoov.v2d\zh-Hant\Microsoft.VisualStudio.ConnectedServices.Azure.Storage.resources.dll
[0b00:0004][2017-10-17T09:47:37] Completed: Copying file /zh-Hant/Microsoft.VisualStudio.ConnectedServices.Azure.Storage.resources.dll to C:\Program Files (x86)\Microsoft Visual Studio\2017\Community\Common7\IDE\Extensions\3uettoov.v2d\zh-Hant\Microsoft.VisualStudio.ConnectedServices.Azure.Storage.resources.dll
[0b00:0004][2017-10-17T09:47:37] Timestamp updated for file 'C:\Program Files (x86)\Microsoft Visual Studio\2017\Community\Common7\IDE\Extensions\3uettoov.v2d\zh-Hant\Microsoft.VisualStudio.ConnectedServices.Azure.Storage.resources.dll'.
[0b00:0004][2017-10-17T09:47:37] Package executed successfully. Return code: 0
