[0b00:0004][2017-10-17T09:47:43] Opening the package for processing
[0b00:0004][2017-10-17T09:47:43] Using package payload to get the embedded manifest
[0b00:0004][2017-10-17T09:47:43] Getting list of files within the package
[0b00:0004][2017-10-17T09:47:43] Processing file /Contents/Common7/IDE/CommonExtensions/Platform/CPUSampling/extension.vsixmanifest
[0b00:0004][2017-10-17T09:47:43] Started: Copying file /Contents/Common7/IDE/CommonExtensions/Platform/CPUSampling/extension.vsixmanifest to C:\Program Files (x86)\Microsoft Visual Studio\2017\Community\Common7\IDE\CommonExtensions\Platform\CPUSampling\extension.vsixmanifest
[0b00:0004][2017-10-17T09:47:43] Completed: Copying file /Contents/Common7/IDE/CommonExtensions/Platform/CPUSampling/extension.vsixmanifest to C:\Program Files (x86)\Microsoft Visual Studio\2017\Community\Common7\IDE\CommonExtensions\Platform\CPUSampling\extension.vsixmanifest
[0b00:0004][2017-10-17T09:47:43] Timestamp updated for file 'C:\Program Files (x86)\Microsoft Visual Studio\2017\Community\Common7\IDE\CommonExtensions\Platform\CPUSampling\extension.vsixmanifest'.
[0b00:0004][2017-10-17T09:47:43] Processing file /Contents/Common7/IDE/CommonExtensions/Platform/CPUSampling/Microsoft.DiagnosticsHub.CpuSampling.dll
[0b00:0004][2017-10-17T09:47:43] Started: Copying file /Contents/Common7/IDE/CommonExtensions/Platform/CPUSampling/Microsoft.DiagnosticsHub.CpuSampling.dll to C:\Program Files (x86)\Microsoft Visual Studio\2017\Community\Common7\IDE\CommonExtensions\Platform\CPUSampling\Microsoft.DiagnosticsHub.CpuSampling.dll
[0b00:0004][2017-10-17T09:47:43] Completed: Copying file /Contents/Common7/IDE/CommonExtensions/Platform/CPUSampling/Microsoft.DiagnosticsHub.CpuSampling.dll to C:\Program Files (x86)\Microsoft Visual Studio\2017\Community\Common7\IDE\CommonExtensions\Platform\CPUSampling\Microsoft.DiagnosticsHub.CpuSampling.dll
[0b00:0004][2017-10-17T09:47:43] Timestamp updated for file 'C:\Program Files (x86)\Microsoft Visual Studio\2017\Community\Common7\IDE\CommonExtensions\Platform\CPUSampling\Microsoft.DiagnosticsHub.CpuSampling.dll'.
[0b00:0004][2017-10-17T09:47:43] Processing file /Contents/Common7/IDE/CommonExtensions/Platform/CPUSampling/Microsoft.DiagnosticsHub.CpuSampling.pkgdef
[0b00:0004][2017-10-17T09:47:43] Started: Copying file /Contents/Common7/IDE/CommonExtensions/Platform/CPUSampling/Microsoft.DiagnosticsHub.CpuSampling.pkgdef to C:\Program Files (x86)\Microsoft Visual Studio\2017\Community\Common7\IDE\CommonExtensions\Platform\CPUSampling\Microsoft.DiagnosticsHub.CpuSampling.pkgdef
[0b00:0004][2017-10-17T09:47:43] Completed: Copying file /Contents/Common7/IDE/CommonExtensions/Platform/CPUSampling/Microsoft.DiagnosticsHub.CpuSampling.pkgdef to C:\Program Files (x86)\Microsoft Visual Studio\2017\Community\Common7\IDE\CommonExtensions\Platform\CPUSampling\Microsoft.DiagnosticsHub.CpuSampling.pkgdef
[0b00:0004][2017-10-17T09:47:43] Timestamp updated for file 'C:\Program Files (x86)\Microsoft Visual Studio\2017\Community\Common7\IDE\CommonExtensions\Platform\CPUSampling\Microsoft.DiagnosticsHub.CpuSampling.pkgdef'.
[0b00:0004][2017-10-17T09:47:43] Processing file /Contents/Common7/IDE/CommonExtensions/Platform/CPUSampling/WebViews/BlockedTimeDetailsView.html
[0b00:0004][2017-10-17T09:47:43] Started: Copying file /Contents/Common7/IDE/CommonExtensions/Platform/CPUSampling/WebViews/BlockedTimeDetailsView.html to C:\Program Files (x86)\Microsoft Visual Studio\2017\Community\Common7\IDE\CommonExtensions\Platform\CPUSampling\WebViews\BlockedTimeDetailsView.html
[0b00:0004][2017-10-17T09:47:43] Completed: Copying file /Contents/Common7/IDE/CommonExtensions/Platform/CPUSampling/WebViews/BlockedTimeDetailsView.html to C:\Program Files (x86)\Microsoft Visual Studio\2017\Community\Common7\IDE\CommonExtensions\Platform\CPUSampling\WebViews\BlockedTimeDetailsView.html
[0b00:0004][2017-10-17T09:47:43] Timestamp updated for file 'C:\Program Files (x86)\Microsoft Visual Studio\2017\Community\Common7\IDE\CommonExtensions\Platform\CPUSampling\WebViews\BlockedTimeDetailsView.html'.
[0b00:0004][2017-10-17T09:47:43] Processing file /Contents/Common7/IDE/CommonExtensions/Platform/CPUSampling/WebViews/BlockedTimeDetailsView.manifest.json
[0b00:0004][2017-10-17T09:47:43] Started: Copying file /Contents/Common7/IDE/CommonExtensions/Platform/CPUSampling/WebViews/BlockedTimeDetailsView.manifest.json to C:\Program Files (x86)\Microsoft Visual Studio\2017\Community\Common7\IDE\CommonExtensions\Platform\CPUSampling\WebViews\BlockedTimeDetailsView.manifest.json
[0b00:0004][2017-10-17T09:47:43] Completed: Copying file /Contents/Common7/IDE/CommonExtensions/Platform/CPUSampling/WebViews/BlockedTimeDetailsView.manifest.json to C:\Program Files (x86)\Microsoft Visual Studio\2017\Community\Common7\IDE\CommonExtensions\Platform\CPUSampling\WebViews\BlockedTimeDetailsView.manifest.json
[0b00:0004][2017-10-17T09:47:43] Timestamp updated for file 'C:\Program Files (x86)\Microsoft Visual Studio\2017\Community\Common7\IDE\CommonExtensions\Platform\CPUSampling\WebViews\BlockedTimeDetailsView.manifest.json'.
[0b00:0004][2017-10-17T09:47:43] Processing file /Contents/Common7/IDE/CommonExtensions/Platform/CPUSampling/WebViews/CPUSampling.ScriptResources.resx
[0b00:0004][2017-10-17T09:47:43] Started: Copying file /Contents/Common7/IDE/CommonExtensions/Platform/CPUSampling/WebViews/CPUSampling.ScriptResources.resx to C:\Program Files (x86)\Microsoft Visual Studio\2017\Community\Common7\IDE\CommonExtensions\Platform\CPUSampling\WebViews\CPUSampling.ScriptResources.resx
[0b00:0004][2017-10-17T09:47:43] Completed: Copying file /Contents/Common7/IDE/CommonExtensions/Platform/CPUSampling/WebViews/CPUSampling.ScriptResources.resx to C:\Program Files (x86)\Microsoft Visual Studio\2017\Community\Common7\IDE\CommonExtensions\Platform\CPUSampling\WebViews\CPUSampling.ScriptResources.resx
[0b00:0004][2017-10-17T09:47:43] Timestamp updated for file 'C:\Program Files (x86)\Microsoft Visual Studio\2017\Community\Common7\IDE\CommonExtensions\Platform\CPUSampling\WebViews\CPUSampling.ScriptResources.resx'.
[0b00:0004][2017-10-17T09:47:43] Processing file /Contents/Common7/IDE/CommonExtensions/Platform/CPUSampling/WebViews/CSS/BlockedTime.css
[0b00:0004][2017-10-17T09:47:43] Started: Copying file /Contents/Common7/IDE/CommonExtensions/Platform/CPUSampling/WebViews/CSS/BlockedTime.css to C:\Program Files (x86)\Microsoft Visual Studio\2017\Community\Common7\IDE\CommonExtensions\Platform\CPUSampling\WebViews\CSS\BlockedTime.css
[0b00:0004][2017-10-17T09:47:43] Completed: Copying file /Contents/Common7/IDE/CommonExtensions/Platform/CPUSampling/WebViews/CSS/BlockedTime.css to C:\Program Files (x86)\Microsoft Visual Studio\2017\Community\Common7\IDE\CommonExtensions\Platform\CPUSampling\WebViews\CSS\BlockedTime.css
[0b00:0004][2017-10-17T09:47:43] Timestamp updated for file 'C:\Program Files (x86)\Microsoft Visual Studio\2017\Community\Common7\IDE\CommonExtensions\Platform\CPUSampling\WebViews\CSS\BlockedTime.css'.
[0b00:0004][2017-10-17T09:47:43] Processing file /Contents/Common7/IDE/CommonExtensions/Platform/CPUSampling/WebViews/CSS/BlockedTimeDetailsView.css
[0b00:0004][2017-10-17T09:47:43] Started: Copying file /Contents/Common7/IDE/CommonExtensions/Platform/CPUSampling/WebViews/CSS/BlockedTimeDetailsView.css to C:\Program Files (x86)\Microsoft Visual Studio\2017\Community\Common7\IDE\CommonExtensions\Platform\CPUSampling\WebViews\CSS\BlockedTimeDetailsView.css
[0b00:0004][2017-10-17T09:47:43] Completed: Copying file /Contents/Common7/IDE/CommonExtensions/Platform/CPUSampling/WebViews/CSS/BlockedTimeDetailsView.css to C:\Program Files (x86)\Microsoft Visual Studio\2017\Community\Common7\IDE\CommonExtensions\Platform\CPUSampling\WebViews\CSS\BlockedTimeDetailsView.css
[0b00:0004][2017-10-17T09:47:43] Timestamp updated for file 'C:\Program Files (x86)\Microsoft Visual Studio\2017\Community\Common7\IDE\CommonExtensions\Platform\CPUSampling\WebViews\CSS\BlockedTimeDetailsView.css'.
[0b00:0004][2017-10-17T09:47:43] Processing file /Contents/Common7/IDE/CommonExtensions/Platform/CPUSampling/WebViews/CSS/CallerCallee.css
[0b00:0004][2017-10-17T09:47:43] Started: Copying file /Contents/Common7/IDE/CommonExtensions/Platform/CPUSampling/WebViews/CSS/CallerCallee.css to C:\Program Files (x86)\Microsoft Visual Studio\2017\Community\Common7\IDE\CommonExtensions\Platform\CPUSampling\WebViews\CSS\CallerCallee.css
[0b00:0004][2017-10-17T09:47:43] Completed: Copying file /Contents/Common7/IDE/CommonExtensions/Platform/CPUSampling/WebViews/CSS/CallerCallee.css to C:\Program Files (x86)\Microsoft Visual Studio\2017\Community\Common7\IDE\CommonExtensions\Platform\CPUSampling\WebViews\CSS\CallerCallee.css
[0b00:0004][2017-10-17T09:47:43] Timestamp updated for file 'C:\Program Files (x86)\Microsoft Visual Studio\2017\Community\Common7\IDE\CommonExtensions\Platform\CPUSampling\WebViews\CSS\CallerCallee.css'.
[0b00:0004][2017-10-17T09:47:43] Processing file /Contents/Common7/IDE/CommonExtensions/Platform/CPUSampling/WebViews/CSS/CallTreeRow.css
[0b00:0004][2017-10-17T09:47:43] Started: Copying file /Contents/Common7/IDE/CommonExtensions/Platform/CPUSampling/WebViews/CSS/CallTreeRow.css to C:\Program Files (x86)\Microsoft Visual Studio\2017\Community\Common7\IDE\CommonExtensions\Platform\CPUSampling\WebViews\CSS\CallTreeRow.css
[0b00:0004][2017-10-17T09:47:43] Completed: Copying file /Contents/Common7/IDE/CommonExtensions/Platform/CPUSampling/WebViews/CSS/CallTreeRow.css to C:\Program Files (x86)\Microsoft Visual Studio\2017\Community\Common7\IDE\CommonExtensions\Platform\CPUSampling\WebViews\CSS\CallTreeRow.css
[0b00:0004][2017-10-17T09:47:43] Timestamp updated for file 'C:\Program Files (x86)\Microsoft Visual Studio\2017\Community\Common7\IDE\CommonExtensions\Platform\CPUSampling\WebViews\CSS\CallTreeRow.css'.
[0b00:0004][2017-10-17T09:47:43] Processing file /Contents/Common7/IDE/CommonExtensions/Platform/CPUSampling/WebViews/CSS/DetailsView.css
[0b00:0004][2017-10-17T09:47:43] Started: Copying file /Contents/Common7/IDE/CommonExtensions/Platform/CPUSampling/WebViews/CSS/DetailsView.css to C:\Program Files (x86)\Microsoft Visual Studio\2017\Community\Common7\IDE\CommonExtensions\Platform\CPUSampling\WebViews\CSS\DetailsView.css
[0b00:0004][2017-10-17T09:47:43] Completed: Copying file /Contents/Common7/IDE/CommonExtensions/Platform/CPUSampling/WebViews/CSS/DetailsView.css to C:\Program Files (x86)\Microsoft Visual Studio\2017\Community\Common7\IDE\CommonExtensions\Platform\CPUSampling\WebViews\CSS\DetailsView.css
[0b00:0004][2017-10-17T09:47:43] Timestamp updated for file 'C:\Program Files (x86)\Microsoft Visual Studio\2017\Community\Common7\IDE\CommonExtensions\Platform\CPUSampling\WebViews\CSS\DetailsView.css'.
[0b00:0004][2017-10-17T09:47:43] Processing file /Contents/Common7/IDE/CommonExtensions/Platform/CPUSampling/WebViews/CSS/EnableSamplingButton.css
[0b00:0004][2017-10-17T09:47:43] Started: Copying file /Contents/Common7/IDE/CommonExtensions/Platform/CPUSampling/WebViews/CSS/EnableSamplingButton.css to C:\Program Files (x86)\Microsoft Visual Studio\2017\Community\Common7\IDE\CommonExtensions\Platform\CPUSampling\WebViews\CSS\EnableSamplingButton.css
[0b00:0004][2017-10-17T09:47:43] Completed: Copying file /Contents/Common7/IDE/CommonExtensions/Platform/CPUSampling/WebViews/CSS/EnableSamplingButton.css to C:\Program Files (x86)\Microsoft Visual Studio\2017\Community\Common7\IDE\CommonExtensions\Platform\CPUSampling\WebViews\CSS\EnableSamplingButton.css
[0b00:0004][2017-10-17T09:47:43] Timestamp updated for file 'C:\Program Files (x86)\Microsoft Visual Studio\2017\Community\Common7\IDE\CommonExtensions\Platform\CPUSampling\WebViews\CSS\EnableSamplingButton.css'.
[0b00:0004][2017-10-17T09:47:43] Processing file /Contents/Common7/IDE/CommonExtensions/Platform/CPUSampling/WebViews/CSS/FunctionRow.css
[0b00:0004][2017-10-17T09:47:43] Started: Copying file /Contents/Common7/IDE/CommonExtensions/Platform/CPUSampling/WebViews/CSS/FunctionRow.css to C:\Program Files (x86)\Microsoft Visual Studio\2017\Community\Common7\IDE\CommonExtensions\Platform\CPUSampling\WebViews\CSS\FunctionRow.css
[0b00:0004][2017-10-17T09:47:43] Completed: Copying file /Contents/Common7/IDE/CommonExtensions/Platform/CPUSampling/WebViews/CSS/FunctionRow.css to C:\Program Files (x86)\Microsoft Visual Studio\2017\Community\Common7\IDE\CommonExtensions\Platform\CPUSampling\WebViews\CSS\FunctionRow.css
[0b00:0004][2017-10-17T09:47:43] Timestamp updated for file 'C:\Program Files (x86)\Microsoft Visual Studio\2017\Community\Common7\IDE\CommonExtensions\Platform\CPUSampling\WebViews\CSS\FunctionRow.css'.
[0b00:0004][2017-10-17T09:47:43] Processing file /Contents/Common7/IDE/CommonExtensions/Platform/CPUSampling/WebViews/CSS/Main.css
[0b00:0004][2017-10-17T09:47:43] Started: Copying file /Contents/Common7/IDE/CommonExtensions/Platform/CPUSampling/WebViews/CSS/Main.css to C:\Program Files (x86)\Microsoft Visual Studio\2017\Community\Common7\IDE\CommonExtensions\Platform\CPUSampling\WebViews\CSS\Main.css
[0b00:0004][2017-10-17T09:47:43] Completed: Copying file /Contents/Common7/IDE/CommonExtensions/Platform/CPUSampling/WebViews/CSS/Main.css to C:\Program Files (x86)\Microsoft Visual Studio\2017\Community\Common7\IDE\CommonExtensions\Platform\CPUSampling\WebViews\CSS\Main.css
[0b00:0004][2017-10-17T09:47:43] Timestamp updated for file 'C:\Program Files (x86)\Microsoft Visual Studio\2017\Community\Common7\IDE\CommonExtensions\Platform\CPUSampling\WebViews\CSS\Main.css'.
[0b00:0004][2017-10-17T09:47:43] Processing file /Contents/Common7/IDE/CommonExtensions/Platform/CPUSampling/WebViews/CSS/Overlay.css
[0b00:0004][2017-10-17T09:47:43] Started: Copying file /Contents/Common7/IDE/CommonExtensions/Platform/CPUSampling/WebViews/CSS/Overlay.css to C:\Program Files (x86)\Microsoft Visual Studio\2017\Community\Common7\IDE\CommonExtensions\Platform\CPUSampling\WebViews\CSS\Overlay.css
[0b00:0004][2017-10-17T09:47:43] Completed: Copying file /Contents/Common7/IDE/CommonExtensions/Platform/CPUSampling/WebViews/CSS/Overlay.css to C:\Program Files (x86)\Microsoft Visual Studio\2017\Community\Common7\IDE\CommonExtensions\Platform\CPUSampling\WebViews\CSS\Overlay.css
[0b00:0004][2017-10-17T09:47:43] Timestamp updated for file 'C:\Program Files (x86)\Microsoft Visual Studio\2017\Community\Common7\IDE\CommonExtensions\Platform\CPUSampling\WebViews\CSS\Overlay.css'.
[0b00:0004][2017-10-17T09:47:43] Processing file /Contents/Common7/IDE/CommonExtensions/Platform/CPUSampling/WebViews/CSS/Progress.css
[0b00:0004][2017-10-17T09:47:43] Started: Copying file /Contents/Common7/IDE/CommonExtensions/Platform/CPUSampling/WebViews/CSS/Progress.css to C:\Program Files (x86)\Microsoft Visual Studio\2017\Community\Common7\IDE\CommonExtensions\Platform\CPUSampling\WebViews\CSS\Progress.css
[0b00:0004][2017-10-17T09:47:43] Completed: Copying file /Contents/Common7/IDE/CommonExtensions/Platform/CPUSampling/WebViews/CSS/Progress.css to C:\Program Files (x86)\Microsoft Visual Studio\2017\Community\Common7\IDE\CommonExtensions\Platform\CPUSampling\WebViews\CSS\Progress.css
[0b00:0004][2017-10-17T09:47:43] Timestamp updated for file 'C:\Program Files (x86)\Microsoft Visual Studio\2017\Community\Common7\IDE\CommonExtensions\Platform\CPUSampling\WebViews\CSS\Progress.css'.
[0b00:0004][2017-10-17T09:47:43] Processing file /Contents/Common7/IDE/CommonExtensions/Platform/CPUSampling/WebViews/CSS/SearchControl.css
[0b00:0004][2017-10-17T09:47:43] Started: Copying file /Contents/Common7/IDE/CommonExtensions/Platform/CPUSampling/WebViews/CSS/SearchControl.css to C:\Program Files (x86)\Microsoft Visual Studio\2017\Community\Common7\IDE\CommonExtensions\Platform\CPUSampling\WebViews\CSS\SearchControl.css
[0b00:0004][2017-10-17T09:47:43] Completed: Copying file /Contents/Common7/IDE/CommonExtensions/Platform/CPUSampling/WebViews/CSS/SearchControl.css to C:\Program Files (x86)\Microsoft Visual Studio\2017\Community\Common7\IDE\CommonExtensions\Platform\CPUSampling\WebViews\CSS\SearchControl.css
[0b00:0004][2017-10-17T09:47:43] Timestamp updated for file 'C:\Program Files (x86)\Microsoft Visual Studio\2017\Community\Common7\IDE\CommonExtensions\Platform\CPUSampling\WebViews\CSS\SearchControl.css'.
[0b00:0004][2017-10-17T09:47:43] Processing file /Contents/Common7/IDE/CommonExtensions/Platform/CPUSampling/WebViews/CSS/ThreadDropDown.css
[0b00:0004][2017-10-17T09:47:43] Started: Copying file /Contents/Common7/IDE/CommonExtensions/Platform/CPUSampling/WebViews/CSS/ThreadDropDown.css to C:\Program Files (x86)\Microsoft Visual Studio\2017\Community\Common7\IDE\CommonExtensions\Platform\CPUSampling\WebViews\CSS\ThreadDropDown.css
[0b00:0004][2017-10-17T09:47:43] Completed: Copying file /Contents/Common7/IDE/CommonExtensions/Platform/CPUSampling/WebViews/CSS/ThreadDropDown.css to C:\Program Files (x86)\Microsoft Visual Studio\2017\Community\Common7\IDE\CommonExtensions\Platform\CPUSampling\WebViews\CSS\ThreadDropDown.css
[0b00:0004][2017-10-17T09:47:43] Timestamp updated for file 'C:\Program Files (x86)\Microsoft Visual Studio\2017\Community\Common7\IDE\CommonExtensions\Platform\CPUSampling\WebViews\CSS\ThreadDropDown.css'.
[0b00:0004][2017-10-17T09:47:43] Processing file /Contents/Common7/IDE/CommonExtensions/Platform/CPUSampling/WebViews/CSS/ToolWindowView.css
[0b00:0004][2017-10-17T09:47:43] Started: Copying file /Contents/Common7/IDE/CommonExtensions/Platform/CPUSampling/WebViews/CSS/ToolWindowView.css to C:\Program Files (x86)\Microsoft Visual Studio\2017\Community\Common7\IDE\CommonExtensions\Platform\CPUSampling\WebViews\CSS\ToolWindowView.css
[0b00:0004][2017-10-17T09:47:43] Completed: Copying file /Contents/Common7/IDE/CommonExtensions/Platform/CPUSampling/WebViews/CSS/ToolWindowView.css to C:\Program Files (x86)\Microsoft Visual Studio\2017\Community\Common7\IDE\CommonExtensions\Platform\CPUSampling\WebViews\CSS\ToolWindowView.css
[0b00:0004][2017-10-17T09:47:43] Timestamp updated for file 'C:\Program Files (x86)\Microsoft Visual Studio\2017\Community\Common7\IDE\CommonExtensions\Platform\CPUSampling\WebViews\CSS\ToolWindowView.css'.
[0b00:0004][2017-10-17T09:47:43] Processing file /Contents/Common7/IDE/CommonExtensions/Platform/CPUSampling/WebViews/CSS/TreeGrid.css
[0b00:0004][2017-10-17T09:47:43] Started: Copying file /Contents/Common7/IDE/CommonExtensions/Platform/CPUSampling/WebViews/CSS/TreeGrid.css to C:\Program Files (x86)\Microsoft Visual Studio\2017\Community\Common7\IDE\CommonExtensions\Platform\CPUSampling\WebViews\CSS\TreeGrid.css
[0b00:0004][2017-10-17T09:47:43] Completed: Copying file /Contents/Common7/IDE/CommonExtensions/Platform/CPUSampling/WebViews/CSS/TreeGrid.css to C:\Program Files (x86)\Microsoft Visual Studio\2017\Community\Common7\IDE\CommonExtensions\Platform\CPUSampling\WebViews\CSS\TreeGrid.css
[0b00:0004][2017-10-17T09:47:43] Timestamp updated for file 'C:\Program Files (x86)\Microsoft Visual Studio\2017\Community\Common7\IDE\CommonExtensions\Platform\CPUSampling\WebViews\CSS\TreeGrid.css'.
[0b00:0004][2017-10-17T09:47:43] Processing file /Contents/Common7/IDE/CommonExtensions/Platform/CPUSampling/WebViews/DetailsView.html
[0b00:0004][2017-10-17T09:47:43] Started: Copying file /Contents/Common7/IDE/CommonExtensions/Platform/CPUSampling/WebViews/DetailsView.html to C:\Program Files (x86)\Microsoft Visual Studio\2017\Community\Common7\IDE\CommonExtensions\Platform\CPUSampling\WebViews\DetailsView.html
[0b00:0004][2017-10-17T09:47:43] Completed: Copying file /Contents/Common7/IDE/CommonExtensions/Platform/CPUSampling/WebViews/DetailsView.html to C:\Program Files (x86)\Microsoft Visual Studio\2017\Community\Common7\IDE\CommonExtensions\Platform\CPUSampling\WebViews\DetailsView.html
[0b00:0004][2017-10-17T09:47:43] Timestamp updated for file 'C:\Program Files (x86)\Microsoft Visual Studio\2017\Community\Common7\IDE\CommonExtensions\Platform\CPUSampling\WebViews\DetailsView.html'.
[0b00:0004][2017-10-17T09:47:43] Processing file /Contents/Common7/IDE/CommonExtensions/Platform/CPUSampling/WebViews/DetailsView.manifest.json
[0b00:0004][2017-10-17T09:47:43] Started: Copying file /Contents/Common7/IDE/CommonExtensions/Platform/CPUSampling/WebViews/DetailsView.manifest.json to C:\Program Files (x86)\Microsoft Visual Studio\2017\Community\Common7\IDE\CommonExtensions\Platform\CPUSampling\WebViews\DetailsView.manifest.json
[0b00:0004][2017-10-17T09:47:43] Completed: Copying file /Contents/Common7/IDE/CommonExtensions/Platform/CPUSampling/WebViews/DetailsView.manifest.json to C:\Program Files (x86)\Microsoft Visual Studio\2017\Community\Common7\IDE\CommonExtensions\Platform\CPUSampling\WebViews\DetailsView.manifest.json
[0b00:0004][2017-10-17T09:47:43] Timestamp updated for file 'C:\Program Files (x86)\Microsoft Visual Studio\2017\Community\Common7\IDE\CommonExtensions\Platform\CPUSampling\WebViews\DetailsView.manifest.json'.
[0b00:0004][2017-10-17T09:47:43] Processing file /Contents/Common7/IDE/CommonExtensions/Platform/CPUSampling/WebViews/Images/CodeDirectionArrow.svg
[0b00:0004][2017-10-17T09:47:43] Started: Copying file /Contents/Common7/IDE/CommonExtensions/Platform/CPUSampling/WebViews/Images/CodeDirectionArrow.svg to C:\Program Files (x86)\Microsoft Visual Studio\2017\Community\Common7\IDE\CommonExtensions\Platform\CPUSampling\WebViews\Images\CodeDirectionArrow.svg
[0b00:0004][2017-10-17T09:47:43] Completed: Copying file /Contents/Common7/IDE/CommonExtensions/Platform/CPUSampling/WebViews/Images/CodeDirectionArrow.svg to C:\Program Files (x86)\Microsoft Visual Studio\2017\Community\Common7\IDE\CommonExtensions\Platform\CPUSampling\WebViews\Images\CodeDirectionArrow.svg
[0b00:0004][2017-10-17T09:47:43] Timestamp updated for file 'C:\Program Files (x86)\Microsoft Visual Studio\2017\Community\Common7\IDE\CommonExtensions\Platform\CPUSampling\WebViews\Images\CodeDirectionArrow.svg'.
[0b00:0004][2017-10-17T09:47:43] Processing file /Contents/Common7/IDE/CommonExtensions/Platform/CPUSampling/WebViews/Images/Filter.svg
[0b00:0004][2017-10-17T09:47:43] Started: Copying file /Contents/Common7/IDE/CommonExtensions/Platform/CPUSampling/WebViews/Images/Filter.svg to C:\Program Files (x86)\Microsoft Visual Studio\2017\Community\Common7\IDE\CommonExtensions\Platform\CPUSampling\WebViews\Images\Filter.svg
[0b00:0004][2017-10-17T09:47:43] Completed: Copying file /Contents/Common7/IDE/CommonExtensions/Platform/CPUSampling/WebViews/Images/Filter.svg to C:\Program Files (x86)\Microsoft Visual Studio\2017\Community\Common7\IDE\CommonExtensions\Platform\CPUSampling\WebViews\Images\Filter.svg
[0b00:0004][2017-10-17T09:47:43] Timestamp updated for file 'C:\Program Files (x86)\Microsoft Visual Studio\2017\Community\Common7\IDE\CommonExtensions\Platform\CPUSampling\WebViews\Images\Filter.svg'.
[0b00:0004][2017-10-17T09:47:43] Processing file /Contents/Common7/IDE/CommonExtensions/Platform/CPUSampling/WebViews/Images/GoToToolWindow.png
[0b00:0004][2017-10-17T09:47:43] Started: Copying file /Contents/Common7/IDE/CommonExtensions/Platform/CPUSampling/WebViews/Images/GoToToolWindow.png to C:\Program Files (x86)\Microsoft Visual Studio\2017\Community\Common7\IDE\CommonExtensions\Platform\CPUSampling\WebViews\Images\GoToToolWindow.png
[0b00:0004][2017-10-17T09:47:43] Completed: Copying file /Contents/Common7/IDE/CommonExtensions/Platform/CPUSampling/WebViews/Images/GoToToolWindow.png to C:\Program Files (x86)\Microsoft Visual Studio\2017\Community\Common7\IDE\CommonExtensions\Platform\CPUSampling\WebViews\Images\GoToToolWindow.png
[0b00:0004][2017-10-17T09:47:43] Timestamp updated for file 'C:\Program Files (x86)\Microsoft Visual Studio\2017\Community\Common7\IDE\CommonExtensions\Platform\CPUSampling\WebViews\Images\GoToToolWindow.png'.
[0b00:0004][2017-10-17T09:47:43] Processing file /Contents/Common7/IDE/CommonExtensions/Platform/CPUSampling/WebViews/Images/itemCollapsed.png
[0b00:0004][2017-10-17T09:47:43] Started: Copying file /Contents/Common7/IDE/CommonExtensions/Platform/CPUSampling/WebViews/Images/itemCollapsed.png to C:\Program Files (x86)\Microsoft Visual Studio\2017\Community\Common7\IDE\CommonExtensions\Platform\CPUSampling\WebViews\Images\itemCollapsed.png
[0b00:0004][2017-10-17T09:47:43] Completed: Copying file /Contents/Common7/IDE/CommonExtensions/Platform/CPUSampling/WebViews/Images/itemCollapsed.png to C:\Program Files (x86)\Microsoft Visual Studio\2017\Community\Common7\IDE\CommonExtensions\Platform\CPUSampling\WebViews\Images\itemCollapsed.png
[0b00:0004][2017-10-17T09:47:43] Timestamp updated for file 'C:\Program Files (x86)\Microsoft Visual Studio\2017\Community\Common7\IDE\CommonExtensions\Platform\CPUSampling\WebViews\Images\itemCollapsed.png'.
[0b00:0004][2017-10-17T09:47:43] Processing file /Contents/Common7/IDE/CommonExtensions/Platform/CPUSampling/WebViews/Images/itemExpanded.png
[0b00:0004][2017-10-17T09:47:43] Started: Copying file /Contents/Common7/IDE/CommonExtensions/Platform/CPUSampling/WebViews/Images/itemExpanded.png to C:\Program Files (x86)\Microsoft Visual Studio\2017\Community\Common7\IDE\CommonExtensions\Platform\CPUSampling\WebViews\Images\itemExpanded.png
[0b00:0004][2017-10-17T09:47:43] Completed: Copying file /Contents/Common7/IDE/CommonExtensions/Platform/CPUSampling/WebViews/Images/itemExpanded.png to C:\Program Files (x86)\Microsoft Visual Studio\2017\Community\Common7\IDE\CommonExtensions\Platform\CPUSampling\WebViews\Images\itemExpanded.png
[0b00:0004][2017-10-17T09:47:43] Timestamp updated for file 'C:\Program Files (x86)\Microsoft Visual Studio\2017\Community\Common7\IDE\CommonExtensions\Platform\CPUSampling\WebViews\Images\itemExpanded.png'.
[0b00:0004][2017-10-17T09:47:43] Processing file /Contents/Common7/IDE/CommonExtensions/Platform/CPUSampling/WebViews/Images/JustMyCode.svg
[0b00:0004][2017-10-17T09:47:43] Started: Copying file /Contents/Common7/IDE/CommonExtensions/Platform/CPUSampling/WebViews/Images/JustMyCode.svg to C:\Program Files (x86)\Microsoft Visual Studio\2017\Community\Common7\IDE\CommonExtensions\Platform\CPUSampling\WebViews\Images\JustMyCode.svg
[0b00:0004][2017-10-17T09:47:43] Completed: Copying file /Contents/Common7/IDE/CommonExtensions/Platform/CPUSampling/WebViews/Images/JustMyCode.svg to C:\Program Files (x86)\Microsoft Visual Studio\2017\Community\Common7\IDE\CommonExtensions\Platform\CPUSampling\WebViews\Images\JustMyCode.svg
[0b00:0004][2017-10-17T09:47:43] Timestamp updated for file 'C:\Program Files (x86)\Microsoft Visual Studio\2017\Community\Common7\IDE\CommonExtensions\Platform\CPUSampling\WebViews\Images\JustMyCode.svg'.
[0b00:0004][2017-10-17T09:47:43] Processing file /Contents/Common7/IDE/CommonExtensions/Platform/CPUSampling/WebViews/Images/SamplingDisabled.svg
[0b00:0004][2017-10-17T09:47:43] Started: Copying file /Contents/Common7/IDE/CommonExtensions/Platform/CPUSampling/WebViews/Images/SamplingDisabled.svg to C:\Program Files (x86)\Microsoft Visual Studio\2017\Community\Common7\IDE\CommonExtensions\Platform\CPUSampling\WebViews\Images\SamplingDisabled.svg
[0b00:0004][2017-10-17T09:47:43] Completed: Copying file /Contents/Common7/IDE/CommonExtensions/Platform/CPUSampling/WebViews/Images/SamplingDisabled.svg to C:\Program Files (x86)\Microsoft Visual Studio\2017\Community\Common7\IDE\CommonExtensions\Platform\CPUSampling\WebViews\Images\SamplingDisabled.svg
[0b00:0004][2017-10-17T09:47:43] Timestamp updated for file 'C:\Program Files (x86)\Microsoft Visual Studio\2017\Community\Common7\IDE\CommonExtensions\Platform\CPUSampling\WebViews\Images\SamplingDisabled.svg'.
[0b00:0004][2017-10-17T09:47:43] Processing file /Contents/Common7/IDE/CommonExtensions/Platform/CPUSampling/WebViews/Images/SamplingEnabled.svg
[0b00:0004][2017-10-17T09:47:43] Started: Copying file /Contents/Common7/IDE/CommonExtensions/Platform/CPUSampling/WebViews/Images/SamplingEnabled.svg to C:\Program Files (x86)\Microsoft Visual Studio\2017\Community\Common7\IDE\CommonExtensions\Platform\CPUSampling\WebViews\Images\SamplingEnabled.svg
[0b00:0004][2017-10-17T09:47:43] Completed: Copying file /Contents/Common7/IDE/CommonExtensions/Platform/CPUSampling/WebViews/Images/SamplingEnabled.svg to C:\Program Files (x86)\Microsoft Visual Studio\2017\Community\Common7\IDE\CommonExtensions\Platform\CPUSampling\WebViews\Images\SamplingEnabled.svg
[0b00:0004][2017-10-17T09:47:43] Timestamp updated for file 'C:\Program Files (x86)\Microsoft Visual Studio\2017\Community\Common7\IDE\CommonExtensions\Platform\CPUSampling\WebViews\Images\SamplingEnabled.svg'.
[0b00:0004][2017-10-17T09:47:43] Processing file /Contents/Common7/IDE/CommonExtensions/Platform/CPUSampling/WebViews/Images/Search.svg
[0b00:0004][2017-10-17T09:47:43] Started: Copying file /Contents/Common7/IDE/CommonExtensions/Platform/CPUSampling/WebViews/Images/Search.svg to C:\Program Files (x86)\Microsoft Visual Studio\2017\Community\Common7\IDE\CommonExtensions\Platform\CPUSampling\WebViews\Images\Search.svg
[0b00:0004][2017-10-17T09:47:43] Completed: Copying file /Contents/Common7/IDE/CommonExtensions/Platform/CPUSampling/WebViews/Images/Search.svg to C:\Program Files (x86)\Microsoft Visual Studio\2017\Community\Common7\IDE\CommonExtensions\Platform\CPUSampling\WebViews\Images\Search.svg
[0b00:0004][2017-10-17T09:47:43] Timestamp updated for file 'C:\Program Files (x86)\Microsoft Visual Studio\2017\Community\Common7\IDE\CommonExtensions\Platform\CPUSampling\WebViews\Images\Search.svg'.
[0b00:0004][2017-10-17T09:47:43] Processing file /Contents/Common7/IDE/CommonExtensions/Platform/CPUSampling/WebViews/Images/Usermark.png
[0b00:0004][2017-10-17T09:47:43] Started: Copying file /Contents/Common7/IDE/CommonExtensions/Platform/CPUSampling/WebViews/Images/Usermark.png to C:\Program Files (x86)\Microsoft Visual Studio\2017\Community\Common7\IDE\CommonExtensions\Platform\CPUSampling\WebViews\Images\Usermark.png
[0b00:0004][2017-10-17T09:47:43] Completed: Copying file /Contents/Common7/IDE/CommonExtensions/Platform/CPUSampling/WebViews/Images/Usermark.png to C:\Program Files (x86)\Microsoft Visual Studio\2017\Community\Common7\IDE\CommonExtensions\Platform\CPUSampling\WebViews\Images\Usermark.png
[0b00:0004][2017-10-17T09:47:43] Timestamp updated for file 'C:\Program Files (x86)\Microsoft Visual Studio\2017\Community\Common7\IDE\CommonExtensions\Platform\CPUSampling\WebViews\Images\Usermark.png'.
[0b00:0004][2017-10-17T09:47:43] Processing file /Contents/Common7/IDE/CommonExtensions/Platform/CPUSampling/WebViews/Scripts/BlockedTimeSwimlane.js
[0b00:0004][2017-10-17T09:47:43] Started: Copying file /Contents/Common7/IDE/CommonExtensions/Platform/CPUSampling/WebViews/Scripts/BlockedTimeSwimlane.js to C:\Program Files (x86)\Microsoft Visual Studio\2017\Community\Common7\IDE\CommonExtensions\Platform\CPUSampling\WebViews\Scripts\BlockedTimeSwimlane.js
[0b00:0004][2017-10-17T09:47:43] Completed: Copying file /Contents/Common7/IDE/CommonExtensions/Platform/CPUSampling/WebViews/Scripts/BlockedTimeSwimlane.js to C:\Program Files (x86)\Microsoft Visual Studio\2017\Community\Common7\IDE\CommonExtensions\Platform\CPUSampling\WebViews\Scripts\BlockedTimeSwimlane.js
[0b00:0004][2017-10-17T09:47:43] Timestamp updated for file 'C:\Program Files (x86)\Microsoft Visual Studio\2017\Community\Common7\IDE\CommonExtensions\Platform\CPUSampling\WebViews\Scripts\BlockedTimeSwimlane.js'.
[0b00:0004][2017-10-17T09:47:43] Processing file /Contents/Common7/IDE/CommonExtensions/Platform/CPUSampling/WebViews/Scripts/Controls.js
[0b00:0004][2017-10-17T09:47:43] Started: Copying file /Contents/Common7/IDE/CommonExtensions/Platform/CPUSampling/WebViews/Scripts/Controls.js to C:\Program Files (x86)\Microsoft Visual Studio\2017\Community\Common7\IDE\CommonExtensions\Platform\CPUSampling\WebViews\Scripts\Controls.js
[0b00:0004][2017-10-17T09:47:43] Completed: Copying file /Contents/Common7/IDE/CommonExtensions/Platform/CPUSampling/WebViews/Scripts/Controls.js to C:\Program Files (x86)\Microsoft Visual Studio\2017\Community\Common7\IDE\CommonExtensions\Platform\CPUSampling\WebViews\Scripts\Controls.js
[0b00:0004][2017-10-17T09:47:43] Timestamp updated for file 'C:\Program Files (x86)\Microsoft Visual Studio\2017\Community\Common7\IDE\CommonExtensions\Platform\CPUSampling\WebViews\Scripts\Controls.js'.
[0b00:0004][2017-10-17T09:47:43] Processing file /Contents/Common7/IDE/CommonExtensions/Platform/CPUSampling/WebViews/Scripts/CpuSwimlane.js
[0b00:0004][2017-10-17T09:47:43] Started: Copying file /Contents/Common7/IDE/CommonExtensions/Platform/CPUSampling/WebViews/Scripts/CpuSwimlane.js to C:\Program Files (x86)\Microsoft Visual Studio\2017\Community\Common7\IDE\CommonExtensions\Platform\CPUSampling\WebViews\Scripts\CpuSwimlane.js
[0b00:0004][2017-10-17T09:47:43] Completed: Copying file /Contents/Common7/IDE/CommonExtensions/Platform/CPUSampling/WebViews/Scripts/CpuSwimlane.js to C:\Program Files (x86)\Microsoft Visual Studio\2017\Community\Common7\IDE\CommonExtensions\Platform\CPUSampling\WebViews\Scripts\CpuSwimlane.js
[0b00:0004][2017-10-17T09:47:43] Timestamp updated for file 'C:\Program Files (x86)\Microsoft Visual Studio\2017\Community\Common7\IDE\CommonExtensions\Platform\CPUSampling\WebViews\Scripts\CpuSwimlane.js'.
[0b00:0004][2017-10-17T09:47:43] Processing file /Contents/Common7/IDE/CommonExtensions/Platform/CPUSampling/WebViews/Scripts/CpuUsage.js
[0b00:0004][2017-10-17T09:47:43] Started: Copying file /Contents/Common7/IDE/CommonExtensions/Platform/CPUSampling/WebViews/Scripts/CpuUsage.js to C:\Program Files (x86)\Microsoft Visual Studio\2017\Community\Common7\IDE\CommonExtensions\Platform\CPUSampling\WebViews\Scripts\CpuUsage.js
[0b00:0004][2017-10-17T09:47:43] Completed: Copying file /Contents/Common7/IDE/CommonExtensions/Platform/CPUSampling/WebViews/Scripts/CpuUsage.js to C:\Program Files (x86)\Microsoft Visual Studio\2017\Community\Common7\IDE\CommonExtensions\Platform\CPUSampling\WebViews\Scripts\CpuUsage.js
[0b00:0004][2017-10-17T09:47:43] Timestamp updated for file 'C:\Program Files (x86)\Microsoft Visual Studio\2017\Community\Common7\IDE\CommonExtensions\Platform\CPUSampling\WebViews\Scripts\CpuUsage.js'.
[0b00:0004][2017-10-17T09:47:43] Processing file /Contents/Common7/IDE/CommonExtensions/Platform/CPUSampling/WebViews/Scripts/DiagnosticsHub.js
[0b00:0004][2017-10-17T09:47:43] Started: Copying file /Contents/Common7/IDE/CommonExtensions/Platform/CPUSampling/WebViews/Scripts/DiagnosticsHub.js to C:\Program Files (x86)\Microsoft Visual Studio\2017\Community\Common7\IDE\CommonExtensions\Platform\CPUSampling\WebViews\Scripts\DiagnosticsHub.js
[0b00:0004][2017-10-17T09:47:43] Completed: Copying file /Contents/Common7/IDE/CommonExtensions/Platform/CPUSampling/WebViews/Scripts/DiagnosticsHub.js to C:\Program Files (x86)\Microsoft Visual Studio\2017\Community\Common7\IDE\CommonExtensions\Platform\CPUSampling\WebViews\Scripts\DiagnosticsHub.js
[0b00:0004][2017-10-17T09:47:43] Timestamp updated for file 'C:\Program Files (x86)\Microsoft Visual Studio\2017\Community\Common7\IDE\CommonExtensions\Platform\CPUSampling\WebViews\Scripts\DiagnosticsHub.js'.
[0b00:0004][2017-10-17T09:47:43] Processing file /Contents/Common7/IDE/CommonExtensions/Platform/CPUSampling/WebViews/Scripts/knockout-3.4.0.js
[0b00:0004][2017-10-17T09:47:43] Started: Copying file /Contents/Common7/IDE/CommonExtensions/Platform/CPUSampling/WebViews/Scripts/knockout-3.4.0.js to C:\Program Files (x86)\Microsoft Visual Studio\2017\Community\Common7\IDE\CommonExtensions\Platform\CPUSampling\WebViews\Scripts\knockout-3.4.0.js
[0b00:0004][2017-10-17T09:47:43] Completed: Copying file /Contents/Common7/IDE/CommonExtensions/Platform/CPUSampling/WebViews/Scripts/knockout-3.4.0.js to C:\Program Files (x86)\Microsoft Visual Studio\2017\Community\Common7\IDE\CommonExtensions\Platform\CPUSampling\WebViews\Scripts\knockout-3.4.0.js
[0b00:0004][2017-10-17T09:47:43] Timestamp updated for file 'C:\Program Files (x86)\Microsoft Visual Studio\2017\Community\Common7\IDE\CommonExtensions\Platform\CPUSampling\WebViews\Scripts\knockout-3.4.0.js'.
[0b00:0004][2017-10-17T09:47:43] Processing file /Contents/Common7/IDE/CommonExtensions/Platform/CPUSampling/WebViews/Scripts/plugin.js
[0b00:0004][2017-10-17T09:47:43] Started: Copying file /Contents/Common7/IDE/CommonExtensions/Platform/CPUSampling/WebViews/Scripts/plugin.js to C:\Program Files (x86)\Microsoft Visual Studio\2017\Community\Common7\IDE\CommonExtensions\Platform\CPUSampling\WebViews\Scripts\plugin.js
[0b00:0004][2017-10-17T09:47:43] Completed: Copying file /Contents/Common7/IDE/CommonExtensions/Platform/CPUSampling/WebViews/Scripts/plugin.js to C:\Program Files (x86)\Microsoft Visual Studio\2017\Community\Common7\IDE\CommonExtensions\Platform\CPUSampling\WebViews\Scripts\plugin.js
[0b00:0004][2017-10-17T09:47:43] Timestamp updated for file 'C:\Program Files (x86)\Microsoft Visual Studio\2017\Community\Common7\IDE\CommonExtensions\Platform\CPUSampling\WebViews\Scripts\plugin.js'.
[0b00:0004][2017-10-17T09:47:43] Processing file /Contents/Common7/IDE/CommonExtensions/Platform/CPUSampling/WebViews/Templates/AnalysisFunctionsHeaderView.html
[0b00:0004][2017-10-17T09:47:43] Started: Copying file /Contents/Common7/IDE/CommonExtensions/Platform/CPUSampling/WebViews/Templates/AnalysisFunctionsHeaderView.html to C:\Program Files (x86)\Microsoft Visual Studio\2017\Community\Common7\IDE\CommonExtensions\Platform\CPUSampling\WebViews\Templates\AnalysisFunctionsHeaderView.html
[0b00:0004][2017-10-17T09:47:43] Completed: Copying file /Contents/Common7/IDE/CommonExtensions/Platform/CPUSampling/WebViews/Templates/AnalysisFunctionsHeaderView.html to C:\Program Files (x86)\Microsoft Visual Studio\2017\Community\Common7\IDE\CommonExtensions\Platform\CPUSampling\WebViews\Templates\AnalysisFunctionsHeaderView.html
[0b00:0004][2017-10-17T09:47:43] Timestamp updated for file 'C:\Program Files (x86)\Microsoft Visual Studio\2017\Community\Common7\IDE\CommonExtensions\Platform\CPUSampling\WebViews\Templates\AnalysisFunctionsHeaderView.html'.
[0b00:0004][2017-10-17T09:47:43] Processing file /Contents/Common7/IDE/CommonExtensions/Platform/CPUSampling/WebViews/Templates/BlockedEventRowView.html
[0b00:0004][2017-10-17T09:47:43] Started: Copying file /Contents/Common7/IDE/CommonExtensions/Platform/CPUSampling/WebViews/Templates/BlockedEventRowView.html to C:\Program Files (x86)\Microsoft Visual Studio\2017\Community\Common7\IDE\CommonExtensions\Platform\CPUSampling\WebViews\Templates\BlockedEventRowView.html
[0b00:0004][2017-10-17T09:47:43] Completed: Copying file /Contents/Common7/IDE/CommonExtensions/Platform/CPUSampling/WebViews/Templates/BlockedEventRowView.html to C:\Program Files (x86)\Microsoft Visual Studio\2017\Community\Common7\IDE\CommonExtensions\Platform\CPUSampling\WebViews\Templates\BlockedEventRowView.html
[0b00:0004][2017-10-17T09:47:43] Timestamp updated for file 'C:\Program Files (x86)\Microsoft Visual Studio\2017\Community\Common7\IDE\CommonExtensions\Platform\CPUSampling\WebViews\Templates\BlockedEventRowView.html'.
[0b00:0004][2017-10-17T09:47:43] Processing file /Contents/Common7/IDE/CommonExtensions/Platform/CPUSampling/WebViews/Templates/BlockedThreadRowView.html
[0b00:0004][2017-10-17T09:47:43] Started: Copying file /Contents/Common7/IDE/CommonExtensions/Platform/CPUSampling/WebViews/Templates/BlockedThreadRowView.html to C:\Program Files (x86)\Microsoft Visual Studio\2017\Community\Common7\IDE\CommonExtensions\Platform\CPUSampling\WebViews\Templates\BlockedThreadRowView.html
[0b00:0004][2017-10-17T09:47:43] Completed: Copying file /Contents/Common7/IDE/CommonExtensions/Platform/CPUSampling/WebViews/Templates/BlockedThreadRowView.html to C:\Program Files (x86)\Microsoft Visual Studio\2017\Community\Common7\IDE\CommonExtensions\Platform\CPUSampling\WebViews\Templates\BlockedThreadRowView.html
[0b00:0004][2017-10-17T09:47:43] Timestamp updated for file 'C:\Program Files (x86)\Microsoft Visual Studio\2017\Community\Common7\IDE\CommonExtensions\Platform\CPUSampling\WebViews\Templates\BlockedThreadRowView.html'.
[0b00:0004][2017-10-17T09:47:43] Processing file /Contents/Common7/IDE/CommonExtensions/Platform/CPUSampling/WebViews/Templates/BlockedTimeSummaryHeaderView.html
[0b00:0004][2017-10-17T09:47:43] Started: Copying file /Contents/Common7/IDE/CommonExtensions/Platform/CPUSampling/WebViews/Templates/BlockedTimeSummaryHeaderView.html to C:\Program Files (x86)\Microsoft Visual Studio\2017\Community\Common7\IDE\CommonExtensions\Platform\CPUSampling\WebViews\Templates\BlockedTimeSummaryHeaderView.html
[0b00:0004][2017-10-17T09:47:43] Completed: Copying file /Contents/Common7/IDE/CommonExtensions/Platform/CPUSampling/WebViews/Templates/BlockedTimeSummaryHeaderView.html to C:\Program Files (x86)\Microsoft Visual Studio\2017\Community\Common7\IDE\CommonExtensions\Platform\CPUSampling\WebViews\Templates\BlockedTimeSummaryHeaderView.html
[0b00:0004][2017-10-17T09:47:43] Timestamp updated for file 'C:\Program Files (x86)\Microsoft Visual Studio\2017\Community\Common7\IDE\CommonExtensions\Platform\CPUSampling\WebViews\Templates\BlockedTimeSummaryHeaderView.html'.
[0b00:0004][2017-10-17T09:47:43] Processing file /Contents/Common7/IDE/CommonExtensions/Platform/CPUSampling/WebViews/Templates/BreakAllView.html
[0b00:0004][2017-10-17T09:47:43] Started: Copying file /Contents/Common7/IDE/CommonExtensions/Platform/CPUSampling/WebViews/Templates/BreakAllView.html to C:\Program Files (x86)\Microsoft Visual Studio\2017\Community\Common7\IDE\CommonExtensions\Platform\CPUSampling\WebViews\Templates\BreakAllView.html
[0b00:0004][2017-10-17T09:47:43] Completed: Copying file /Contents/Common7/IDE/CommonExtensions/Platform/CPUSampling/WebViews/Templates/BreakAllView.html to C:\Program Files (x86)\Microsoft Visual Studio\2017\Community\Common7\IDE\CommonExtensions\Platform\CPUSampling\WebViews\Templates\BreakAllView.html
[0b00:0004][2017-10-17T09:47:43] Timestamp updated for file 'C:\Program Files (x86)\Microsoft Visual Studio\2017\Community\Common7\IDE\CommonExtensions\Platform\CPUSampling\WebViews\Templates\BreakAllView.html'.
[0b00:0004][2017-10-17T09:47:43] Processing file /Contents/Common7/IDE/CommonExtensions/Platform/CPUSampling/WebViews/Templates/CallerCalleeView.html
[0b00:0004][2017-10-17T09:47:43] Started: Copying file /Contents/Common7/IDE/CommonExtensions/Platform/CPUSampling/WebViews/Templates/CallerCalleeView.html to C:\Program Files (x86)\Microsoft Visual Studio\2017\Community\Common7\IDE\CommonExtensions\Platform\CPUSampling\WebViews\Templates\CallerCalleeView.html
[0b00:0004][2017-10-17T09:47:43] Completed: Copying file /Contents/Common7/IDE/CommonExtensions/Platform/CPUSampling/WebViews/Templates/CallerCalleeView.html to C:\Program Files (x86)\Microsoft Visual Studio\2017\Community\Common7\IDE\CommonExtensions\Platform\CPUSampling\WebViews\Templates\CallerCalleeView.html
[0b00:0004][2017-10-17T09:47:43] Timestamp updated for file 'C:\Program Files (x86)\Microsoft Visual Studio\2017\Community\Common7\IDE\CommonExtensions\Platform\CPUSampling\WebViews\Templates\CallerCalleeView.html'.
[0b00:0004][2017-10-17T09:47:43] Processing file /Contents/Common7/IDE/CommonExtensions/Platform/CPUSampling/WebViews/Templates/CallTreeHeaderView.html
[0b00:0004][2017-10-17T09:47:43] Started: Copying file /Contents/Common7/IDE/CommonExtensions/Platform/CPUSampling/WebViews/Templates/CallTreeHeaderView.html to C:\Program Files (x86)\Microsoft Visual Studio\2017\Community\Common7\IDE\CommonExtensions\Platform\CPUSampling\WebViews\Templates\CallTreeHeaderView.html
[0b00:0004][2017-10-17T09:47:43] Completed: Copying file /Contents/Common7/IDE/CommonExtensions/Platform/CPUSampling/WebViews/Templates/CallTreeHeaderView.html to C:\Program Files (x86)\Microsoft Visual Studio\2017\Community\Common7\IDE\CommonExtensions\Platform\CPUSampling\WebViews\Templates\CallTreeHeaderView.html
[0b00:0004][2017-10-17T09:47:43] Timestamp updated for file 'C:\Program Files (x86)\Microsoft Visual Studio\2017\Community\Common7\IDE\CommonExtensions\Platform\CPUSampling\WebViews\Templates\CallTreeHeaderView.html'.
[0b00:0004][2017-10-17T09:47:43] Processing file /Contents/Common7/IDE/CommonExtensions/Platform/CPUSampling/WebViews/Templates/CallTreeRowView.html
[0b00:0004][2017-10-17T09:47:43] Started: Copying file /Contents/Common7/IDE/CommonExtensions/Platform/CPUSampling/WebViews/Templates/CallTreeRowView.html to C:\Program Files (x86)\Microsoft Visual Studio\2017\Community\Common7\IDE\CommonExtensions\Platform\CPUSampling\WebViews\Templates\CallTreeRowView.html
[0b00:0004][2017-10-17T09:47:43] Completed: Copying file /Contents/Common7/IDE/CommonExtensions/Platform/CPUSampling/WebViews/Templates/CallTreeRowView.html to C:\Program Files (x86)\Microsoft Visual Studio\2017\Community\Common7\IDE\CommonExtensions\Platform\CPUSampling\WebViews\Templates\CallTreeRowView.html
[0b00:0004][2017-10-17T09:47:43] Timestamp updated for file 'C:\Program Files (x86)\Microsoft Visual Studio\2017\Community\Common7\IDE\CommonExtensions\Platform\CPUSampling\WebViews\Templates\CallTreeRowView.html'.
[0b00:0004][2017-10-17T09:47:43] Processing file /Contents/Common7/IDE/CommonExtensions/Platform/CPUSampling/WebViews/Templates/CallTreeView.html
[0b00:0004][2017-10-17T09:47:43] Started: Copying file /Contents/Common7/IDE/CommonExtensions/Platform/CPUSampling/WebViews/Templates/CallTreeView.html to C:\Program Files (x86)\Microsoft Visual Studio\2017\Community\Common7\IDE\CommonExtensions\Platform\CPUSampling\WebViews\Templates\CallTreeView.html
[0b00:0004][2017-10-17T09:47:43] Completed: Copying file /Contents/Common7/IDE/CommonExtensions/Platform/CPUSampling/WebViews/Templates/CallTreeView.html to C:\Program Files (x86)\Microsoft Visual Studio\2017\Community\Common7\IDE\CommonExtensions\Platform\CPUSampling\WebViews\Templates\CallTreeView.html
[0b00:0004][2017-10-17T09:47:43] Timestamp updated for file 'C:\Program Files (x86)\Microsoft Visual Studio\2017\Community\Common7\IDE\CommonExtensions\Platform\CPUSampling\WebViews\Templates\CallTreeView.html'.
[0b00:0004][2017-10-17T09:47:43] Processing file /Contents/Common7/IDE/CommonExtensions/Platform/CPUSampling/WebViews/Templates/CreateDetailedReportButtonView.html
[0b00:0004][2017-10-17T09:47:43] Started: Copying file /Contents/Common7/IDE/CommonExtensions/Platform/CPUSampling/WebViews/Templates/CreateDetailedReportButtonView.html to C:\Program Files (x86)\Microsoft Visual Studio\2017\Community\Common7\IDE\CommonExtensions\Platform\CPUSampling\WebViews\Templates\CreateDetailedReportButtonView.html
[0b00:0004][2017-10-17T09:47:43] Completed: Copying file /Contents/Common7/IDE/CommonExtensions/Platform/CPUSampling/WebViews/Templates/CreateDetailedReportButtonView.html to C:\Program Files (x86)\Microsoft Visual Studio\2017\Community\Common7\IDE\CommonExtensions\Platform\CPUSampling\WebViews\Templates\CreateDetailedReportButtonView.html
[0b00:0004][2017-10-17T09:47:43] Timestamp updated for file 'C:\Program Files (x86)\Microsoft Visual Studio\2017\Community\Common7\IDE\CommonExtensions\Platform\CPUSampling\WebViews\Templates\CreateDetailedReportButtonView.html'.
[0b00:0004][2017-10-17T09:47:43] Processing file /Contents/Common7/IDE/CommonExtensions/Platform/CPUSampling/WebViews/Templates/EmptyRowView.html
[0b00:0004][2017-10-17T09:47:43] Started: Copying file /Contents/Common7/IDE/CommonExtensions/Platform/CPUSampling/WebViews/Templates/EmptyRowView.html to C:\Program Files (x86)\Microsoft Visual Studio\2017\Community\Common7\IDE\CommonExtensions\Platform\CPUSampling\WebViews\Templates\EmptyRowView.html
[0b00:0004][2017-10-17T09:47:43] Completed: Copying file /Contents/Common7/IDE/CommonExtensions/Platform/CPUSampling/WebViews/Templates/EmptyRowView.html to C:\Program Files (x86)\Microsoft Visual Studio\2017\Community\Common7\IDE\CommonExtensions\Platform\CPUSampling\WebViews\Templates\EmptyRowView.html
[0b00:0004][2017-10-17T09:47:43] Timestamp updated for file 'C:\Program Files (x86)\Microsoft Visual Studio\2017\Community\Common7\IDE\CommonExtensions\Platform\CPUSampling\WebViews\Templates\EmptyRowView.html'.
[0b00:0004][2017-10-17T09:47:43] Processing file /Contents/Common7/IDE/CommonExtensions/Platform/CPUSampling/WebViews/Templates/EnableSamplingButtonView.html
[0b00:0004][2017-10-17T09:47:43] Started: Copying file /Contents/Common7/IDE/CommonExtensions/Platform/CPUSampling/WebViews/Templates/EnableSamplingButtonView.html to C:\Program Files (x86)\Microsoft Visual Studio\2017\Community\Common7\IDE\CommonExtensions\Platform\CPUSampling\WebViews\Templates\EnableSamplingButtonView.html
[0b00:0004][2017-10-17T09:47:43] Completed: Copying file /Contents/Common7/IDE/CommonExtensions/Platform/CPUSampling/WebViews/Templates/EnableSamplingButtonView.html to C:\Program Files (x86)\Microsoft Visual Studio\2017\Community\Common7\IDE\CommonExtensions\Platform\CPUSampling\WebViews\Templates\EnableSamplingButtonView.html
[0b00:0004][2017-10-17T09:47:43] Timestamp updated for file 'C:\Program Files (x86)\Microsoft Visual Studio\2017\Community\Common7\IDE\CommonExtensions\Platform\CPUSampling\WebViews\Templates\EnableSamplingButtonView.html'.
[0b00:0004][2017-10-17T09:47:43] Processing file /Contents/Common7/IDE/CommonExtensions/Platform/CPUSampling/WebViews/Templates/FilterContainerView.html
[0b00:0004][2017-10-17T09:47:43] Started: Copying file /Contents/Common7/IDE/CommonExtensions/Platform/CPUSampling/WebViews/Templates/FilterContainerView.html to C:\Program Files (x86)\Microsoft Visual Studio\2017\Community\Common7\IDE\CommonExtensions\Platform\CPUSampling\WebViews\Templates\FilterContainerView.html
[0b00:0004][2017-10-17T09:47:43] Completed: Copying file /Contents/Common7/IDE/CommonExtensions/Platform/CPUSampling/WebViews/Templates/FilterContainerView.html to C:\Program Files (x86)\Microsoft Visual Studio\2017\Community\Common7\IDE\CommonExtensions\Platform\CPUSampling\WebViews\Templates\FilterContainerView.html
[0b00:0004][2017-10-17T09:47:43] Timestamp updated for file 'C:\Program Files (x86)\Microsoft Visual Studio\2017\Community\Common7\IDE\CommonExtensions\Platform\CPUSampling\WebViews\Templates\FilterContainerView.html'.
[0b00:0004][2017-10-17T09:47:43] Processing file /Contents/Common7/IDE/CommonExtensions/Platform/CPUSampling/WebViews/Templates/FlatFunctionsView.html
[0b00:0004][2017-10-17T09:47:43] Started: Copying file /Contents/Common7/IDE/CommonExtensions/Platform/CPUSampling/WebViews/Templates/FlatFunctionsView.html to C:\Program Files (x86)\Microsoft Visual Studio\2017\Community\Common7\IDE\CommonExtensions\Platform\CPUSampling\WebViews\Templates\FlatFunctionsView.html
[0b00:0004][2017-10-17T09:47:43] Completed: Copying file /Contents/Common7/IDE/CommonExtensions/Platform/CPUSampling/WebViews/Templates/FlatFunctionsView.html to C:\Program Files (x86)\Microsoft Visual Studio\2017\Community\Common7\IDE\CommonExtensions\Platform\CPUSampling\WebViews\Templates\FlatFunctionsView.html
[0b00:0004][2017-10-17T09:47:43] Timestamp updated for file 'C:\Program Files (x86)\Microsoft Visual Studio\2017\Community\Common7\IDE\CommonExtensions\Platform\CPUSampling\WebViews\Templates\FlatFunctionsView.html'.
[0b00:0004][2017-10-17T09:47:43] Processing file /Contents/Common7/IDE/CommonExtensions/Platform/CPUSampling/WebViews/Templates/FunctionRowView.html
[0b00:0004][2017-10-17T09:47:43] Started: Copying file /Contents/Common7/IDE/CommonExtensions/Platform/CPUSampling/WebViews/Templates/FunctionRowView.html to C:\Program Files (x86)\Microsoft Visual Studio\2017\Community\Common7\IDE\CommonExtensions\Platform\CPUSampling\WebViews\Templates\FunctionRowView.html
[0b00:0004][2017-10-17T09:47:43] Completed: Copying file /Contents/Common7/IDE/CommonExtensions/Platform/CPUSampling/WebViews/Templates/FunctionRowView.html to C:\Program Files (x86)\Microsoft Visual Studio\2017\Community\Common7\IDE\CommonExtensions\Platform\CPUSampling\WebViews\Templates\FunctionRowView.html
[0b00:0004][2017-10-17T09:47:43] Timestamp updated for file 'C:\Program Files (x86)\Microsoft Visual Studio\2017\Community\Common7\IDE\CommonExtensions\Platform\CPUSampling\WebViews\Templates\FunctionRowView.html'.
[0b00:0004][2017-10-17T09:47:43] Processing file /Contents/Common7/IDE/CommonExtensions/Platform/CPUSampling/WebViews/Templates/MessageView.html
[0b00:0004][2017-10-17T09:47:43] Started: Copying file /Contents/Common7/IDE/CommonExtensions/Platform/CPUSampling/WebViews/Templates/MessageView.html to C:\Program Files (x86)\Microsoft Visual Studio\2017\Community\Common7\IDE\CommonExtensions\Platform\CPUSampling\WebViews\Templates\MessageView.html
[0b00:0004][2017-10-17T09:47:43] Completed: Copying file /Contents/Common7/IDE/CommonExtensions/Platform/CPUSampling/WebViews/Templates/MessageView.html to C:\Program Files (x86)\Microsoft Visual Studio\2017\Community\Common7\IDE\CommonExtensions\Platform\CPUSampling\WebViews\Templates\MessageView.html
[0b00:0004][2017-10-17T09:47:43] Timestamp updated for file 'C:\Program Files (x86)\Microsoft Visual Studio\2017\Community\Common7\IDE\CommonExtensions\Platform\CPUSampling\WebViews\Templates\MessageView.html'.
[0b00:0004][2017-10-17T09:47:43] Processing file /Contents/Common7/IDE/CommonExtensions/Platform/CPUSampling/WebViews/Templates/NeverEnabledView.html
[0b00:0004][2017-10-17T09:47:43] Started: Copying file /Contents/Common7/IDE/CommonExtensions/Platform/CPUSampling/WebViews/Templates/NeverEnabledView.html to C:\Program Files (x86)\Microsoft Visual Studio\2017\Community\Common7\IDE\CommonExtensions\Platform\CPUSampling\WebViews\Templates\NeverEnabledView.html
[0b00:0004][2017-10-17T09:47:43] Completed: Copying file /Contents/Common7/IDE/CommonExtensions/Platform/CPUSampling/WebViews/Templates/NeverEnabledView.html to C:\Program Files (x86)\Microsoft Visual Studio\2017\Community\Common7\IDE\CommonExtensions\Platform\CPUSampling\WebViews\Templates\NeverEnabledView.html
[0b00:0004][2017-10-17T09:47:43] Timestamp updated for file 'C:\Program Files (x86)\Microsoft Visual Studio\2017\Community\Common7\IDE\CommonExtensions\Platform\CPUSampling\WebViews\Templates\NeverEnabledView.html'.
[0b00:0004][2017-10-17T09:47:43] Processing file /Contents/Common7/IDE/CommonExtensions/Platform/CPUSampling/WebViews/Templates/OverlayView.html
[0b00:0004][2017-10-17T09:47:43] Started: Copying file /Contents/Common7/IDE/CommonExtensions/Platform/CPUSampling/WebViews/Templates/OverlayView.html to C:\Program Files (x86)\Microsoft Visual Studio\2017\Community\Common7\IDE\CommonExtensions\Platform\CPUSampling\WebViews\Templates\OverlayView.html
[0b00:0004][2017-10-17T09:47:43] Completed: Copying file /Contents/Common7/IDE/CommonExtensions/Platform/CPUSampling/WebViews/Templates/OverlayView.html to C:\Program Files (x86)\Microsoft Visual Studio\2017\Community\Common7\IDE\CommonExtensions\Platform\CPUSampling\WebViews\Templates\OverlayView.html
[0b00:0004][2017-10-17T09:47:43] Timestamp updated for file 'C:\Program Files (x86)\Microsoft Visual Studio\2017\Community\Common7\IDE\CommonExtensions\Platform\CPUSampling\WebViews\Templates\OverlayView.html'.
[0b00:0004][2017-10-17T09:47:43] Processing file /Contents/Common7/IDE/CommonExtensions/Platform/CPUSampling/WebViews/Templates/PerfDebuggerFunctionsHeaderView.html
[0b00:0004][2017-10-17T09:47:43] Started: Copying file /Contents/Common7/IDE/CommonExtensions/Platform/CPUSampling/WebViews/Templates/PerfDebuggerFunctionsHeaderView.html to C:\Program Files (x86)\Microsoft Visual Studio\2017\Community\Common7\IDE\CommonExtensions\Platform\CPUSampling\WebViews\Templates\PerfDebuggerFunctionsHeaderView.html
[0b00:0004][2017-10-17T09:47:43] Completed: Copying file /Contents/Common7/IDE/CommonExtensions/Platform/CPUSampling/WebViews/Templates/PerfDebuggerFunctionsHeaderView.html to C:\Program Files (x86)\Microsoft Visual Studio\2017\Community\Common7\IDE\CommonExtensions\Platform\CPUSampling\WebViews\Templates\PerfDebuggerFunctionsHeaderView.html
[0b00:0004][2017-10-17T09:47:43] Timestamp updated for file 'C:\Program Files (x86)\Microsoft Visual Studio\2017\Community\Common7\IDE\CommonExtensions\Platform\CPUSampling\WebViews\Templates\PerfDebuggerFunctionsHeaderView.html'.
[0b00:0004][2017-10-17T09:47:43] Processing file /Contents/Common7/IDE/CommonExtensions/Platform/CPUSampling/WebViews/Templates/ProcessRowView.html
[0b00:0004][2017-10-17T09:47:43] Started: Copying file /Contents/Common7/IDE/CommonExtensions/Platform/CPUSampling/WebViews/Templates/ProcessRowView.html to C:\Program Files (x86)\Microsoft Visual Studio\2017\Community\Common7\IDE\CommonExtensions\Platform\CPUSampling\WebViews\Templates\ProcessRowView.html
[0b00:0004][2017-10-17T09:47:43] Completed: Copying file /Contents/Common7/IDE/CommonExtensions/Platform/CPUSampling/WebViews/Templates/ProcessRowView.html to C:\Program Files (x86)\Microsoft Visual Studio\2017\Community\Common7\IDE\CommonExtensions\Platform\CPUSampling\WebViews\Templates\ProcessRowView.html
[0b00:0004][2017-10-17T09:47:43] Timestamp updated for file 'C:\Program Files (x86)\Microsoft Visual Studio\2017\Community\Common7\IDE\CommonExtensions\Platform\CPUSampling\WebViews\Templates\ProcessRowView.html'.
[0b00:0004][2017-10-17T09:47:43] Processing file /Contents/Common7/IDE/CommonExtensions/Platform/CPUSampling/WebViews/Templates/ProgressView.html
[0b00:0004][2017-10-17T09:47:43] Started: Copying file /Contents/Common7/IDE/CommonExtensions/Platform/CPUSampling/WebViews/Templates/ProgressView.html to C:\Program Files (x86)\Microsoft Visual Studio\2017\Community\Common7\IDE\CommonExtensions\Platform\CPUSampling\WebViews\Templates\ProgressView.html
[0b00:0004][2017-10-17T09:47:43] Completed: Copying file /Contents/Common7/IDE/CommonExtensions/Platform/CPUSampling/WebViews/Templates/ProgressView.html to C:\Program Files (x86)\Microsoft Visual Studio\2017\Community\Common7\IDE\CommonExtensions\Platform\CPUSampling\WebViews\Templates\ProgressView.html
[0b00:0004][2017-10-17T09:47:43] Timestamp updated for file 'C:\Program Files (x86)\Microsoft Visual Studio\2017\Community\Common7\IDE\CommonExtensions\Platform\CPUSampling\WebViews\Templates\ProgressView.html'.
[0b00:0004][2017-10-17T09:47:43] Processing file /Contents/Common7/IDE/CommonExtensions/Platform/CPUSampling/WebViews/Templates/SearchControlView.html
[0b00:0004][2017-10-17T09:47:43] Started: Copying file /Contents/Common7/IDE/CommonExtensions/Platform/CPUSampling/WebViews/Templates/SearchControlView.html to C:\Program Files (x86)\Microsoft Visual Studio\2017\Community\Common7\IDE\CommonExtensions\Platform\CPUSampling\WebViews\Templates\SearchControlView.html
[0b00:0004][2017-10-17T09:47:43] Completed: Copying file /Contents/Common7/IDE/CommonExtensions/Platform/CPUSampling/WebViews/Templates/SearchControlView.html to C:\Program Files (x86)\Microsoft Visual Studio\2017\Community\Common7\IDE\CommonExtensions\Platform\CPUSampling\WebViews\Templates\SearchControlView.html
[0b00:0004][2017-10-17T09:47:43] Timestamp updated for file 'C:\Program Files (x86)\Microsoft Visual Studio\2017\Community\Common7\IDE\CommonExtensions\Platform\CPUSampling\WebViews\Templates\SearchControlView.html'.
[0b00:0004][2017-10-17T09:47:43] Processing file /Contents/Common7/IDE/CommonExtensions/Platform/CPUSampling/WebViews/Templates/ThreadView.html
[0b00:0004][2017-10-17T09:47:43] Started: Copying file /Contents/Common7/IDE/CommonExtensions/Platform/CPUSampling/WebViews/Templates/ThreadView.html to C:\Program Files (x86)\Microsoft Visual Studio\2017\Community\Common7\IDE\CommonExtensions\Platform\CPUSampling\WebViews\Templates\ThreadView.html
[0b00:0004][2017-10-17T09:47:43] Completed: Copying file /Contents/Common7/IDE/CommonExtensions/Platform/CPUSampling/WebViews/Templates/ThreadView.html to C:\Program Files (x86)\Microsoft Visual Studio\2017\Community\Common7\IDE\CommonExtensions\Platform\CPUSampling\WebViews\Templates\ThreadView.html
[0b00:0004][2017-10-17T09:47:43] Timestamp updated for file 'C:\Program Files (x86)\Microsoft Visual Studio\2017\Community\Common7\IDE\CommonExtensions\Platform\CPUSampling\WebViews\Templates\ThreadView.html'.
[0b00:0004][2017-10-17T09:47:43] Processing file /Contents/Common7/IDE/CommonExtensions/Platform/CPUSampling/WebViews/Templates/TreeGridView.html
[0b00:0004][2017-10-17T09:47:43] Started: Copying file /Contents/Common7/IDE/CommonExtensions/Platform/CPUSampling/WebViews/Templates/TreeGridView.html to C:\Program Files (x86)\Microsoft Visual Studio\2017\Community\Common7\IDE\CommonExtensions\Platform\CPUSampling\WebViews\Templates\TreeGridView.html
[0b00:0004][2017-10-17T09:47:43] Completed: Copying file /Contents/Common7/IDE/CommonExtensions/Platform/CPUSampling/WebViews/Templates/TreeGridView.html to C:\Program Files (x86)\Microsoft Visual Studio\2017\Community\Common7\IDE\CommonExtensions\Platform\CPUSampling\WebViews\Templates\TreeGridView.html
[0b00:0004][2017-10-17T09:47:43] Timestamp updated for file 'C:\Program Files (x86)\Microsoft Visual Studio\2017\Community\Common7\IDE\CommonExtensions\Platform\CPUSampling\WebViews\Templates\TreeGridView.html'.
[0b00:0004][2017-10-17T09:47:43] Processing file /Contents/Common7/IDE/CommonExtensions/Platform/CPUSampling/WebViews/ToolWindowView.html
[0b00:0004][2017-10-17T09:47:43] Started: Copying file /Contents/Common7/IDE/CommonExtensions/Platform/CPUSampling/WebViews/ToolWindowView.html to C:\Program Files (x86)\Microsoft Visual Studio\2017\Community\Common7\IDE\CommonExtensions\Platform\CPUSampling\WebViews\ToolWindowView.html
[0b00:0004][2017-10-17T09:47:43] Completed: Copying file /Contents/Common7/IDE/CommonExtensions/Platform/CPUSampling/WebViews/ToolWindowView.html to C:\Program Files (x86)\Microsoft Visual Studio\2017\Community\Common7\IDE\CommonExtensions\Platform\CPUSampling\WebViews\ToolWindowView.html
[0b00:0004][2017-10-17T09:47:43] Timestamp updated for file 'C:\Program Files (x86)\Microsoft Visual Studio\2017\Community\Common7\IDE\CommonExtensions\Platform\CPUSampling\WebViews\ToolWindowView.html'.
[0b00:0004][2017-10-17T09:47:43] Processing file /Contents/Common7/IDE/CommonExtensions/Platform/CPUSampling/WebViews/ToolWindowView.manifest.json
[0b00:0004][2017-10-17T09:47:43] Started: Copying file /Contents/Common7/IDE/CommonExtensions/Platform/CPUSampling/WebViews/ToolWindowView.manifest.json to C:\Program Files (x86)\Microsoft Visual Studio\2017\Community\Common7\IDE\CommonExtensions\Platform\CPUSampling\WebViews\ToolWindowView.manifest.json
[0b00:0004][2017-10-17T09:47:43] Completed: Copying file /Contents/Common7/IDE/CommonExtensions/Platform/CPUSampling/WebViews/ToolWindowView.manifest.json to C:\Program Files (x86)\Microsoft Visual Studio\2017\Community\Common7\IDE\CommonExtensions\Platform\CPUSampling\WebViews\ToolWindowView.manifest.json
[0b00:0004][2017-10-17T09:47:43] Timestamp updated for file 'C:\Program Files (x86)\Microsoft Visual Studio\2017\Community\Common7\IDE\CommonExtensions\Platform\CPUSampling\WebViews\ToolWindowView.manifest.json'.
[0b00:0004][2017-10-17T09:47:43] Package executed successfully. Return code: 0
