[0b00:0004][2017-10-17T09:46:36] Opening the package for processing
[0b00:0004][2017-10-17T09:46:36] Using package payload to get the embedded manifest
[0b00:0004][2017-10-17T09:46:36] Getting list of files within the package
[0b00:0004][2017-10-17T09:46:36] Processing file /catalog.json
[0b00:0004][2017-10-17T09:46:36] Started: Copying file /catalog.json to C:\Program Files (x86)\Microsoft Visual Studio\2017\Community\Common7\IDE\CommonExtensions\Microsoft\ManagedLanguages\VBCSharp\ExpressionEvaluators\catalog.json
[0b00:0004][2017-10-17T09:46:36] Completed: Copying file /catalog.json to C:\Program Files (x86)\Microsoft Visual Studio\2017\Community\Common7\IDE\CommonExtensions\Microsoft\ManagedLanguages\VBCSharp\ExpressionEvaluators\catalog.json
[0b00:0004][2017-10-17T09:46:36] Timestamp updated for file 'C:\Program Files (x86)\Microsoft Visual Studio\2017\Community\Common7\IDE\CommonExtensions\Microsoft\ManagedLanguages\VBCSharp\ExpressionEvaluators\catalog.json'.
[0b00:0004][2017-10-17T09:46:36] Processing file /ExpressionEvaluatorPackage.pkgdef
[0b00:0004][2017-10-17T09:46:36] Started: Copying file /ExpressionEvaluatorPackage.pkgdef to C:\Program Files (x86)\Microsoft Visual Studio\2017\Community\Common7\IDE\CommonExtensions\Microsoft\ManagedLanguages\VBCSharp\ExpressionEvaluators\ExpressionEvaluatorPackage.pkgdef
[0b00:0004][2017-10-17T09:46:36] Completed: Copying file /ExpressionEvaluatorPackage.pkgdef to C:\Program Files (x86)\Microsoft Visual Studio\2017\Community\Common7\IDE\CommonExtensions\Microsoft\ManagedLanguages\VBCSharp\ExpressionEvaluators\ExpressionEvaluatorPackage.pkgdef
[0b00:0004][2017-10-17T09:46:36] Timestamp updated for file 'C:\Program Files (x86)\Microsoft Visual Studio\2017\Community\Common7\IDE\CommonExtensions\Microsoft\ManagedLanguages\VBCSharp\ExpressionEvaluators\ExpressionEvaluatorPackage.pkgdef'.
[0b00:0004][2017-10-17T09:46:36] Processing file /extension.vsixmanifest
[0b00:0004][2017-10-17T09:46:36] Started: Copying file /extension.vsixmanifest to C:\Program Files (x86)\Microsoft Visual Studio\2017\Community\Common7\IDE\CommonExtensions\Microsoft\ManagedLanguages\VBCSharp\ExpressionEvaluators\extension.vsixmanifest
[0b00:0004][2017-10-17T09:46:36] Completed: Copying file /extension.vsixmanifest to C:\Program Files (x86)\Microsoft Visual Studio\2017\Community\Common7\IDE\CommonExtensions\Microsoft\ManagedLanguages\VBCSharp\ExpressionEvaluators\extension.vsixmanifest
[0b00:0004][2017-10-17T09:46:36] Timestamp updated for file 'C:\Program Files (x86)\Microsoft Visual Studio\2017\Community\Common7\IDE\CommonExtensions\Microsoft\ManagedLanguages\VBCSharp\ExpressionEvaluators\extension.vsixmanifest'.
[0b00:0004][2017-10-17T09:46:36] Processing file /manifest.json
[0b00:0004][2017-10-17T09:46:36] Started: Copying file /manifest.json to C:\Program Files (x86)\Microsoft Visual Studio\2017\Community\Common7\IDE\CommonExtensions\Microsoft\ManagedLanguages\VBCSharp\ExpressionEvaluators\manifest.json
[0b00:0004][2017-10-17T09:46:36] Completed: Copying file /manifest.json to C:\Program Files (x86)\Microsoft Visual Studio\2017\Community\Common7\IDE\CommonExtensions\Microsoft\ManagedLanguages\VBCSharp\ExpressionEvaluators\manifest.json
[0b00:0004][2017-10-17T09:46:36] Timestamp updated for file 'C:\Program Files (x86)\Microsoft Visual Studio\2017\Community\Common7\IDE\CommonExtensions\Microsoft\ManagedLanguages\VBCSharp\ExpressionEvaluators\manifest.json'.
[0b00:0004][2017-10-17T09:46:36] Processing file /Microsoft.CodeAnalysis.CSharp.ExpressionEvaluator.ExpressionCompiler.dll
[0b00:0004][2017-10-17T09:46:36] Started: Copying file /Microsoft.CodeAnalysis.CSharp.ExpressionEvaluator.ExpressionCompiler.dll to C:\Program Files (x86)\Microsoft Visual Studio\2017\Community\Common7\IDE\CommonExtensions\Microsoft\ManagedLanguages\VBCSharp\ExpressionEvaluators\Microsoft.CodeAnalysis.CSharp.ExpressionEvaluator.ExpressionCompiler.dll
[0b00:0004][2017-10-17T09:46:36] Completed: Copying file /Microsoft.CodeAnalysis.CSharp.ExpressionEvaluator.ExpressionCompiler.dll to C:\Program Files (x86)\Microsoft Visual Studio\2017\Community\Common7\IDE\CommonExtensions\Microsoft\ManagedLanguages\VBCSharp\ExpressionEvaluators\Microsoft.CodeAnalysis.CSharp.ExpressionEvaluator.ExpressionCompiler.dll
[0b00:0004][2017-10-17T09:46:36] Timestamp updated for file 'C:\Program Files (x86)\Microsoft Visual Studio\2017\Community\Common7\IDE\CommonExtensions\Microsoft\ManagedLanguages\VBCSharp\ExpressionEvaluators\Microsoft.CodeAnalysis.CSharp.ExpressionEvaluator.ExpressionCompiler.dll'.
[0b00:0004][2017-10-17T09:46:36] Queueing C:\Program Files (x86)\Microsoft Visual Studio\2017\Community\Common7\IDE\CommonExtensions\Microsoft\ManagedLanguages\VBCSharp\ExpressionEvaluators\Microsoft.CodeAnalysis.CSharp.ExpressionEvaluator.ExpressionCompiler.dll for X86 ngen
[0b00:0004][2017-10-17T09:46:36] Queueing C:\Program Files (x86)\Microsoft Visual Studio\2017\Community\Common7\IDE\CommonExtensions\Microsoft\ManagedLanguages\VBCSharp\ExpressionEvaluators\Microsoft.CodeAnalysis.CSharp.ExpressionEvaluator.ExpressionCompiler.dll for X64 ngen
[0b00:0004][2017-10-17T09:46:36] Successfully queued file '/Microsoft.CodeAnalysis.CSharp.ExpressionEvaluator.ExpressionCompiler.dll' for ngen
[0b00:0004][2017-10-17T09:46:36] Processing file /Microsoft.CodeAnalysis.CSharp.ExpressionEvaluator.ExpressionCompiler.vsdconfig
[0b00:0004][2017-10-17T09:46:36] Started: Copying file /Microsoft.CodeAnalysis.CSharp.ExpressionEvaluator.ExpressionCompiler.vsdconfig to C:\Program Files (x86)\Microsoft Visual Studio\2017\Community\Common7\IDE\CommonExtensions\Microsoft\ManagedLanguages\VBCSharp\ExpressionEvaluators\Microsoft.CodeAnalysis.CSharp.ExpressionEvaluator.ExpressionCompiler.vsdconfig
[0b00:0004][2017-10-17T09:46:36] Completed: Copying file /Microsoft.CodeAnalysis.CSharp.ExpressionEvaluator.ExpressionCompiler.vsdconfig to C:\Program Files (x86)\Microsoft Visual Studio\2017\Community\Common7\IDE\CommonExtensions\Microsoft\ManagedLanguages\VBCSharp\ExpressionEvaluators\Microsoft.CodeAnalysis.CSharp.ExpressionEvaluator.ExpressionCompiler.vsdconfig
[0b00:0004][2017-10-17T09:46:36] Timestamp updated for file 'C:\Program Files (x86)\Microsoft Visual Studio\2017\Community\Common7\IDE\CommonExtensions\Microsoft\ManagedLanguages\VBCSharp\ExpressionEvaluators\Microsoft.CodeAnalysis.CSharp.ExpressionEvaluator.ExpressionCompiler.vsdconfig'.
[0b00:0004][2017-10-17T09:46:36] Queueing C:\Program Files (x86)\Microsoft Visual Studio\2017\Community\Common7\IDE\CommonExtensions\Microsoft\ManagedLanguages\VBCSharp\ExpressionEvaluators\Microsoft.CodeAnalysis.CSharp.ExpressionEvaluator.ExpressionCompiler.vsdconfig for X86 ngen
[0b00:0004][2017-10-17T09:46:36] Queueing C:\Program Files (x86)\Microsoft Visual Studio\2017\Community\Common7\IDE\CommonExtensions\Microsoft\ManagedLanguages\VBCSharp\ExpressionEvaluators\Microsoft.CodeAnalysis.CSharp.ExpressionEvaluator.ExpressionCompiler.vsdconfig for X64 ngen
[0b00:0004][2017-10-17T09:46:36] Successfully queued file '/Microsoft.CodeAnalysis.CSharp.ExpressionEvaluator.ExpressionCompiler.vsdconfig' for ngen
[0b00:0004][2017-10-17T09:46:36] Processing file /Microsoft.CodeAnalysis.CSharp.ExpressionEvaluator.ResultProvider.dll
[0b00:0004][2017-10-17T09:46:36] Started: Copying file /Microsoft.CodeAnalysis.CSharp.ExpressionEvaluator.ResultProvider.dll to C:\Program Files (x86)\Microsoft Visual Studio\2017\Community\Common7\IDE\CommonExtensions\Microsoft\ManagedLanguages\VBCSharp\ExpressionEvaluators\Microsoft.CodeAnalysis.CSharp.ExpressionEvaluator.ResultProvider.dll
[0b00:0004][2017-10-17T09:46:36] Completed: Copying file /Microsoft.CodeAnalysis.CSharp.ExpressionEvaluator.ResultProvider.dll to C:\Program Files (x86)\Microsoft Visual Studio\2017\Community\Common7\IDE\CommonExtensions\Microsoft\ManagedLanguages\VBCSharp\ExpressionEvaluators\Microsoft.CodeAnalysis.CSharp.ExpressionEvaluator.ResultProvider.dll
[0b00:0004][2017-10-17T09:46:36] Timestamp updated for file 'C:\Program Files (x86)\Microsoft Visual Studio\2017\Community\Common7\IDE\CommonExtensions\Microsoft\ManagedLanguages\VBCSharp\ExpressionEvaluators\Microsoft.CodeAnalysis.CSharp.ExpressionEvaluator.ResultProvider.dll'.
[0b00:0004][2017-10-17T09:46:36] Queueing C:\Program Files (x86)\Microsoft Visual Studio\2017\Community\Common7\IDE\CommonExtensions\Microsoft\ManagedLanguages\VBCSharp\ExpressionEvaluators\Microsoft.CodeAnalysis.CSharp.ExpressionEvaluator.ResultProvider.dll for X86 ngen
[0b00:0004][2017-10-17T09:46:36] Queueing C:\Program Files (x86)\Microsoft Visual Studio\2017\Community\Common7\IDE\CommonExtensions\Microsoft\ManagedLanguages\VBCSharp\ExpressionEvaluators\Microsoft.CodeAnalysis.CSharp.ExpressionEvaluator.ResultProvider.dll for X64 ngen
[0b00:0004][2017-10-17T09:46:36] Successfully queued file '/Microsoft.CodeAnalysis.CSharp.ExpressionEvaluator.ResultProvider.dll' for ngen
[0b00:0004][2017-10-17T09:46:36] Processing file /Microsoft.CodeAnalysis.CSharp.ExpressionEvaluator.ResultProvider.vsdconfig
[0b00:0004][2017-10-17T09:46:36] Started: Copying file /Microsoft.CodeAnalysis.CSharp.ExpressionEvaluator.ResultProvider.vsdconfig to C:\Program Files (x86)\Microsoft Visual Studio\2017\Community\Common7\IDE\CommonExtensions\Microsoft\ManagedLanguages\VBCSharp\ExpressionEvaluators\Microsoft.CodeAnalysis.CSharp.ExpressionEvaluator.ResultProvider.vsdconfig
[0b00:0004][2017-10-17T09:46:36] Completed: Copying file /Microsoft.CodeAnalysis.CSharp.ExpressionEvaluator.ResultProvider.vsdconfig to C:\Program Files (x86)\Microsoft Visual Studio\2017\Community\Common7\IDE\CommonExtensions\Microsoft\ManagedLanguages\VBCSharp\ExpressionEvaluators\Microsoft.CodeAnalysis.CSharp.ExpressionEvaluator.ResultProvider.vsdconfig
[0b00:0004][2017-10-17T09:46:36] Timestamp updated for file 'C:\Program Files (x86)\Microsoft Visual Studio\2017\Community\Common7\IDE\CommonExtensions\Microsoft\ManagedLanguages\VBCSharp\ExpressionEvaluators\Microsoft.CodeAnalysis.CSharp.ExpressionEvaluator.ResultProvider.vsdconfig'.
[0b00:0004][2017-10-17T09:46:36] Queueing C:\Program Files (x86)\Microsoft Visual Studio\2017\Community\Common7\IDE\CommonExtensions\Microsoft\ManagedLanguages\VBCSharp\ExpressionEvaluators\Microsoft.CodeAnalysis.CSharp.ExpressionEvaluator.ResultProvider.vsdconfig for X86 ngen
[0b00:0004][2017-10-17T09:46:36] Queueing C:\Program Files (x86)\Microsoft Visual Studio\2017\Community\Common7\IDE\CommonExtensions\Microsoft\ManagedLanguages\VBCSharp\ExpressionEvaluators\Microsoft.CodeAnalysis.CSharp.ExpressionEvaluator.ResultProvider.vsdconfig for X64 ngen
[0b00:0004][2017-10-17T09:46:36] Successfully queued file '/Microsoft.CodeAnalysis.CSharp.ExpressionEvaluator.ResultProvider.vsdconfig' for ngen
[0b00:0004][2017-10-17T09:46:36] Processing file /Microsoft.CodeAnalysis.ExpressionEvaluator.ExpressionCompiler.dll
[0b00:0004][2017-10-17T09:46:36] Started: Copying file /Microsoft.CodeAnalysis.ExpressionEvaluator.ExpressionCompiler.dll to C:\Program Files (x86)\Microsoft Visual Studio\2017\Community\Common7\IDE\CommonExtensions\Microsoft\ManagedLanguages\VBCSharp\ExpressionEvaluators\Microsoft.CodeAnalysis.ExpressionEvaluator.ExpressionCompiler.dll
[0b00:0004][2017-10-17T09:46:36] Completed: Copying file /Microsoft.CodeAnalysis.ExpressionEvaluator.ExpressionCompiler.dll to C:\Program Files (x86)\Microsoft Visual Studio\2017\Community\Common7\IDE\CommonExtensions\Microsoft\ManagedLanguages\VBCSharp\ExpressionEvaluators\Microsoft.CodeAnalysis.ExpressionEvaluator.ExpressionCompiler.dll
[0b00:0004][2017-10-17T09:46:36] Timestamp updated for file 'C:\Program Files (x86)\Microsoft Visual Studio\2017\Community\Common7\IDE\CommonExtensions\Microsoft\ManagedLanguages\VBCSharp\ExpressionEvaluators\Microsoft.CodeAnalysis.ExpressionEvaluator.ExpressionCompiler.dll'.
[0b00:0004][2017-10-17T09:46:36] Queueing C:\Program Files (x86)\Microsoft Visual Studio\2017\Community\Common7\IDE\CommonExtensions\Microsoft\ManagedLanguages\VBCSharp\ExpressionEvaluators\Microsoft.CodeAnalysis.ExpressionEvaluator.ExpressionCompiler.dll for X86 ngen
[0b00:0004][2017-10-17T09:46:36] Queueing C:\Program Files (x86)\Microsoft Visual Studio\2017\Community\Common7\IDE\CommonExtensions\Microsoft\ManagedLanguages\VBCSharp\ExpressionEvaluators\Microsoft.CodeAnalysis.ExpressionEvaluator.ExpressionCompiler.dll for X64 ngen
[0b00:0004][2017-10-17T09:46:36] Successfully queued file '/Microsoft.CodeAnalysis.ExpressionEvaluator.ExpressionCompiler.dll' for ngen
[0b00:0004][2017-10-17T09:46:36] Processing file /Microsoft.CodeAnalysis.ExpressionEvaluator.FunctionResolver.dll
[0b00:0004][2017-10-17T09:46:36] Started: Copying file /Microsoft.CodeAnalysis.ExpressionEvaluator.FunctionResolver.dll to C:\Program Files (x86)\Microsoft Visual Studio\2017\Community\Common7\IDE\CommonExtensions\Microsoft\ManagedLanguages\VBCSharp\ExpressionEvaluators\Microsoft.CodeAnalysis.ExpressionEvaluator.FunctionResolver.dll
[0b00:0004][2017-10-17T09:46:36] Completed: Copying file /Microsoft.CodeAnalysis.ExpressionEvaluator.FunctionResolver.dll to C:\Program Files (x86)\Microsoft Visual Studio\2017\Community\Common7\IDE\CommonExtensions\Microsoft\ManagedLanguages\VBCSharp\ExpressionEvaluators\Microsoft.CodeAnalysis.ExpressionEvaluator.FunctionResolver.dll
[0b00:0004][2017-10-17T09:46:36] Timestamp updated for file 'C:\Program Files (x86)\Microsoft Visual Studio\2017\Community\Common7\IDE\CommonExtensions\Microsoft\ManagedLanguages\VBCSharp\ExpressionEvaluators\Microsoft.CodeAnalysis.ExpressionEvaluator.FunctionResolver.dll'.
[0b00:0004][2017-10-17T09:46:36] Queueing C:\Program Files (x86)\Microsoft Visual Studio\2017\Community\Common7\IDE\CommonExtensions\Microsoft\ManagedLanguages\VBCSharp\ExpressionEvaluators\Microsoft.CodeAnalysis.ExpressionEvaluator.FunctionResolver.dll for X86 ngen
[0b00:0004][2017-10-17T09:46:36] Queueing C:\Program Files (x86)\Microsoft Visual Studio\2017\Community\Common7\IDE\CommonExtensions\Microsoft\ManagedLanguages\VBCSharp\ExpressionEvaluators\Microsoft.CodeAnalysis.ExpressionEvaluator.FunctionResolver.dll for X64 ngen
[0b00:0004][2017-10-17T09:46:36] Successfully queued file '/Microsoft.CodeAnalysis.ExpressionEvaluator.FunctionResolver.dll' for ngen
[0b00:0004][2017-10-17T09:46:36] Processing file /Microsoft.CodeAnalysis.ExpressionEvaluator.FunctionResolver.vsdconfig
[0b00:0004][2017-10-17T09:46:36] Started: Copying file /Microsoft.CodeAnalysis.ExpressionEvaluator.FunctionResolver.vsdconfig to C:\Program Files (x86)\Microsoft Visual Studio\2017\Community\Common7\IDE\CommonExtensions\Microsoft\ManagedLanguages\VBCSharp\ExpressionEvaluators\Microsoft.CodeAnalysis.ExpressionEvaluator.FunctionResolver.vsdconfig
[0b00:0004][2017-10-17T09:46:36] Completed: Copying file /Microsoft.CodeAnalysis.ExpressionEvaluator.FunctionResolver.vsdconfig to C:\Program Files (x86)\Microsoft Visual Studio\2017\Community\Common7\IDE\CommonExtensions\Microsoft\ManagedLanguages\VBCSharp\ExpressionEvaluators\Microsoft.CodeAnalysis.ExpressionEvaluator.FunctionResolver.vsdconfig
[0b00:0004][2017-10-17T09:46:36] Timestamp updated for file 'C:\Program Files (x86)\Microsoft Visual Studio\2017\Community\Common7\IDE\CommonExtensions\Microsoft\ManagedLanguages\VBCSharp\ExpressionEvaluators\Microsoft.CodeAnalysis.ExpressionEvaluator.FunctionResolver.vsdconfig'.
[0b00:0004][2017-10-17T09:46:36] Queueing C:\Program Files (x86)\Microsoft Visual Studio\2017\Community\Common7\IDE\CommonExtensions\Microsoft\ManagedLanguages\VBCSharp\ExpressionEvaluators\Microsoft.CodeAnalysis.ExpressionEvaluator.FunctionResolver.vsdconfig for X86 ngen
[0b00:0004][2017-10-17T09:46:36] Queueing C:\Program Files (x86)\Microsoft Visual Studio\2017\Community\Common7\IDE\CommonExtensions\Microsoft\ManagedLanguages\VBCSharp\ExpressionEvaluators\Microsoft.CodeAnalysis.ExpressionEvaluator.FunctionResolver.vsdconfig for X64 ngen
[0b00:0004][2017-10-17T09:46:36] Successfully queued file '/Microsoft.CodeAnalysis.ExpressionEvaluator.FunctionResolver.vsdconfig' for ngen
[0b00:0004][2017-10-17T09:46:36] Processing file /Microsoft.CodeAnalysis.ExpressionEvaluator.ResultProvider.dll
[0b00:0004][2017-10-17T09:46:36] Started: Copying file /Microsoft.CodeAnalysis.ExpressionEvaluator.ResultProvider.dll to C:\Program Files (x86)\Microsoft Visual Studio\2017\Community\Common7\IDE\CommonExtensions\Microsoft\ManagedLanguages\VBCSharp\ExpressionEvaluators\Microsoft.CodeAnalysis.ExpressionEvaluator.ResultProvider.dll
[0b00:0004][2017-10-17T09:46:36] Completed: Copying file /Microsoft.CodeAnalysis.ExpressionEvaluator.ResultProvider.dll to C:\Program Files (x86)\Microsoft Visual Studio\2017\Community\Common7\IDE\CommonExtensions\Microsoft\ManagedLanguages\VBCSharp\ExpressionEvaluators\Microsoft.CodeAnalysis.ExpressionEvaluator.ResultProvider.dll
[0b00:0004][2017-10-17T09:46:36] Timestamp updated for file 'C:\Program Files (x86)\Microsoft Visual Studio\2017\Community\Common7\IDE\CommonExtensions\Microsoft\ManagedLanguages\VBCSharp\ExpressionEvaluators\Microsoft.CodeAnalysis.ExpressionEvaluator.ResultProvider.dll'.
[0b00:0004][2017-10-17T09:46:36] Queueing C:\Program Files (x86)\Microsoft Visual Studio\2017\Community\Common7\IDE\CommonExtensions\Microsoft\ManagedLanguages\VBCSharp\ExpressionEvaluators\Microsoft.CodeAnalysis.ExpressionEvaluator.ResultProvider.dll for X86 ngen
[0b00:0004][2017-10-17T09:46:36] Queueing C:\Program Files (x86)\Microsoft Visual Studio\2017\Community\Common7\IDE\CommonExtensions\Microsoft\ManagedLanguages\VBCSharp\ExpressionEvaluators\Microsoft.CodeAnalysis.ExpressionEvaluator.ResultProvider.dll for X64 ngen
[0b00:0004][2017-10-17T09:46:36] Successfully queued file '/Microsoft.CodeAnalysis.ExpressionEvaluator.ResultProvider.dll' for ngen
[0b00:0004][2017-10-17T09:46:36] Processing file /Microsoft.CodeAnalysis.VisualBasic.ExpressionEvaluator.ExpressionCompiler.dll
[0b00:0004][2017-10-17T09:46:36] Started: Copying file /Microsoft.CodeAnalysis.VisualBasic.ExpressionEvaluator.ExpressionCompiler.dll to C:\Program Files (x86)\Microsoft Visual Studio\2017\Community\Common7\IDE\CommonExtensions\Microsoft\ManagedLanguages\VBCSharp\ExpressionEvaluators\Microsoft.CodeAnalysis.VisualBasic.ExpressionEvaluator.ExpressionCompiler.dll
[0b00:0004][2017-10-17T09:46:36] Completed: Copying file /Microsoft.CodeAnalysis.VisualBasic.ExpressionEvaluator.ExpressionCompiler.dll to C:\Program Files (x86)\Microsoft Visual Studio\2017\Community\Common7\IDE\CommonExtensions\Microsoft\ManagedLanguages\VBCSharp\ExpressionEvaluators\Microsoft.CodeAnalysis.VisualBasic.ExpressionEvaluator.ExpressionCompiler.dll
[0b00:0004][2017-10-17T09:46:36] Timestamp updated for file 'C:\Program Files (x86)\Microsoft Visual Studio\2017\Community\Common7\IDE\CommonExtensions\Microsoft\ManagedLanguages\VBCSharp\ExpressionEvaluators\Microsoft.CodeAnalysis.VisualBasic.ExpressionEvaluator.ExpressionCompiler.dll'.
[0b00:0004][2017-10-17T09:46:36] Queueing C:\Program Files (x86)\Microsoft Visual Studio\2017\Community\Common7\IDE\CommonExtensions\Microsoft\ManagedLanguages\VBCSharp\ExpressionEvaluators\Microsoft.CodeAnalysis.VisualBasic.ExpressionEvaluator.ExpressionCompiler.dll for X86 ngen
[0b00:0004][2017-10-17T09:46:36] Queueing C:\Program Files (x86)\Microsoft Visual Studio\2017\Community\Common7\IDE\CommonExtensions\Microsoft\ManagedLanguages\VBCSharp\ExpressionEvaluators\Microsoft.CodeAnalysis.VisualBasic.ExpressionEvaluator.ExpressionCompiler.dll for X64 ngen
[0b00:0004][2017-10-17T09:46:36] Successfully queued file '/Microsoft.CodeAnalysis.VisualBasic.ExpressionEvaluator.ExpressionCompiler.dll' for ngen
[0b00:0004][2017-10-17T09:46:36] Processing file /Microsoft.CodeAnalysis.VisualBasic.ExpressionEvaluator.ExpressionCompiler.vsdconfig
[0b00:0004][2017-10-17T09:46:36] Started: Copying file /Microsoft.CodeAnalysis.VisualBasic.ExpressionEvaluator.ExpressionCompiler.vsdconfig to C:\Program Files (x86)\Microsoft Visual Studio\2017\Community\Common7\IDE\CommonExtensions\Microsoft\ManagedLanguages\VBCSharp\ExpressionEvaluators\Microsoft.CodeAnalysis.VisualBasic.ExpressionEvaluator.ExpressionCompiler.vsdconfig
[0b00:0004][2017-10-17T09:46:36] Completed: Copying file /Microsoft.CodeAnalysis.VisualBasic.ExpressionEvaluator.ExpressionCompiler.vsdconfig to C:\Program Files (x86)\Microsoft Visual Studio\2017\Community\Common7\IDE\CommonExtensions\Microsoft\ManagedLanguages\VBCSharp\ExpressionEvaluators\Microsoft.CodeAnalysis.VisualBasic.ExpressionEvaluator.ExpressionCompiler.vsdconfig
[0b00:0004][2017-10-17T09:46:36] Timestamp updated for file 'C:\Program Files (x86)\Microsoft Visual Studio\2017\Community\Common7\IDE\CommonExtensions\Microsoft\ManagedLanguages\VBCSharp\ExpressionEvaluators\Microsoft.CodeAnalysis.VisualBasic.ExpressionEvaluator.ExpressionCompiler.vsdconfig'.
[0b00:0004][2017-10-17T09:46:36] Queueing C:\Program Files (x86)\Microsoft Visual Studio\2017\Community\Common7\IDE\CommonExtensions\Microsoft\ManagedLanguages\VBCSharp\ExpressionEvaluators\Microsoft.CodeAnalysis.VisualBasic.ExpressionEvaluator.ExpressionCompiler.vsdconfig for X86 ngen
[0b00:0004][2017-10-17T09:46:36] Queueing C:\Program Files (x86)\Microsoft Visual Studio\2017\Community\Common7\IDE\CommonExtensions\Microsoft\ManagedLanguages\VBCSharp\ExpressionEvaluators\Microsoft.CodeAnalysis.VisualBasic.ExpressionEvaluator.ExpressionCompiler.vsdconfig for X64 ngen
[0b00:0004][2017-10-17T09:46:36] Successfully queued file '/Microsoft.CodeAnalysis.VisualBasic.ExpressionEvaluator.ExpressionCompiler.vsdconfig' for ngen
[0b00:0004][2017-10-17T09:46:36] Processing file /Microsoft.CodeAnalysis.VisualBasic.ExpressionEvaluator.ResultProvider.dll
[0b00:0004][2017-10-17T09:46:36] Started: Copying file /Microsoft.CodeAnalysis.VisualBasic.ExpressionEvaluator.ResultProvider.dll to C:\Program Files (x86)\Microsoft Visual Studio\2017\Community\Common7\IDE\CommonExtensions\Microsoft\ManagedLanguages\VBCSharp\ExpressionEvaluators\Microsoft.CodeAnalysis.VisualBasic.ExpressionEvaluator.ResultProvider.dll
[0b00:0004][2017-10-17T09:46:36] Completed: Copying file /Microsoft.CodeAnalysis.VisualBasic.ExpressionEvaluator.ResultProvider.dll to C:\Program Files (x86)\Microsoft Visual Studio\2017\Community\Common7\IDE\CommonExtensions\Microsoft\ManagedLanguages\VBCSharp\ExpressionEvaluators\Microsoft.CodeAnalysis.VisualBasic.ExpressionEvaluator.ResultProvider.dll
[0b00:0004][2017-10-17T09:46:36] Timestamp updated for file 'C:\Program Files (x86)\Microsoft Visual Studio\2017\Community\Common7\IDE\CommonExtensions\Microsoft\ManagedLanguages\VBCSharp\ExpressionEvaluators\Microsoft.CodeAnalysis.VisualBasic.ExpressionEvaluator.ResultProvider.dll'.
[0b00:0004][2017-10-17T09:46:36] Queueing C:\Program Files (x86)\Microsoft Visual Studio\2017\Community\Common7\IDE\CommonExtensions\Microsoft\ManagedLanguages\VBCSharp\ExpressionEvaluators\Microsoft.CodeAnalysis.VisualBasic.ExpressionEvaluator.ResultProvider.dll for X86 ngen
[0b00:0004][2017-10-17T09:46:36] Queueing C:\Program Files (x86)\Microsoft Visual Studio\2017\Community\Common7\IDE\CommonExtensions\Microsoft\ManagedLanguages\VBCSharp\ExpressionEvaluators\Microsoft.CodeAnalysis.VisualBasic.ExpressionEvaluator.ResultProvider.dll for X64 ngen
[0b00:0004][2017-10-17T09:46:36] Successfully queued file '/Microsoft.CodeAnalysis.VisualBasic.ExpressionEvaluator.ResultProvider.dll' for ngen
[0b00:0004][2017-10-17T09:46:36] Processing file /Microsoft.CodeAnalysis.VisualBasic.ExpressionEvaluator.ResultProvider.vsdconfig
[0b00:0004][2017-10-17T09:46:36] Started: Copying file /Microsoft.CodeAnalysis.VisualBasic.ExpressionEvaluator.ResultProvider.vsdconfig to C:\Program Files (x86)\Microsoft Visual Studio\2017\Community\Common7\IDE\CommonExtensions\Microsoft\ManagedLanguages\VBCSharp\ExpressionEvaluators\Microsoft.CodeAnalysis.VisualBasic.ExpressionEvaluator.ResultProvider.vsdconfig
[0b00:0004][2017-10-17T09:46:36] Completed: Copying file /Microsoft.CodeAnalysis.VisualBasic.ExpressionEvaluator.ResultProvider.vsdconfig to C:\Program Files (x86)\Microsoft Visual Studio\2017\Community\Common7\IDE\CommonExtensions\Microsoft\ManagedLanguages\VBCSharp\ExpressionEvaluators\Microsoft.CodeAnalysis.VisualBasic.ExpressionEvaluator.ResultProvider.vsdconfig
[0b00:0004][2017-10-17T09:46:36] Timestamp updated for file 'C:\Program Files (x86)\Microsoft Visual Studio\2017\Community\Common7\IDE\CommonExtensions\Microsoft\ManagedLanguages\VBCSharp\ExpressionEvaluators\Microsoft.CodeAnalysis.VisualBasic.ExpressionEvaluator.ResultProvider.vsdconfig'.
[0b00:0004][2017-10-17T09:46:36] Queueing C:\Program Files (x86)\Microsoft Visual Studio\2017\Community\Common7\IDE\CommonExtensions\Microsoft\ManagedLanguages\VBCSharp\ExpressionEvaluators\Microsoft.CodeAnalysis.VisualBasic.ExpressionEvaluator.ResultProvider.vsdconfig for X86 ngen
[0b00:0004][2017-10-17T09:46:36] Queueing C:\Program Files (x86)\Microsoft Visual Studio\2017\Community\Common7\IDE\CommonExtensions\Microsoft\ManagedLanguages\VBCSharp\ExpressionEvaluators\Microsoft.CodeAnalysis.VisualBasic.ExpressionEvaluator.ResultProvider.vsdconfig for X64 ngen
[0b00:0004][2017-10-17T09:46:36] Successfully queued file '/Microsoft.CodeAnalysis.VisualBasic.ExpressionEvaluator.ResultProvider.vsdconfig' for ngen
[0b00:0004][2017-10-17T09:46:36] Package executed successfully. Return code: 0
