[06F0:0A18][2017-10-17T09:49:40]i001: Burn v3.7.2829.0, Windows v6.3 (Build 9600: Service Pack 0), path: C:\ProgramData\Microsoft\VisualStudio\Packages\Microsoft.VisualC.Redist.12,version=12.0.30501,chip=x86\vcredist_x86.exe, cmdline: '/q /norestart /log "C:\Users\ContainerAdministrator\AppData\Local\Temp\dd_setup_20171017094538_289_Microsoft.VisualC.Redist.12.log" -burn.unelevated BurnPipe.{7B7FB9B2-E647-4D91-B777-A2C5903FDAAA} {DFC441F3-C8C0-4A9D-9537-4A152AD3A332} 1824'
[06F0:0A18][2017-10-17T09:49:40]i000: Setting string variable 'WixBundleLog' to value 'C:\Users\ContainerAdministrator\AppData\Local\Temp\dd_setup_20171017094538_289_Microsoft.VisualC.Redist.12.log'
[06F0:0A18][2017-10-17T09:49:40]i000: Setting string variable 'WixBundleOriginalSource' to value 'C:\ProgramData\Microsoft\VisualStudio\Packages\Microsoft.VisualC.Redist.12,version=12.0.30501,chip=x86\vcredist_x86.exe'
[06F0:0A18][2017-10-17T09:49:41]i000: Setting string variable 'WixBundleName' to value 'Microsoft Visual C++ 2013 Redistributable (x86) - 12.0.30501'
[06F0:0A18][2017-10-17T09:49:41]i100: Detect begin, 2 packages
[06F0:0A18][2017-10-17T09:49:41]i101: Detected package: vcRuntimeMinimum_x86, state: Absent, cached: None
[06F0:0A18][2017-10-17T09:49:41]i101: Detected package: vcRuntimeAdditional_x86, state: Absent, cached: None
[06F0:0A18][2017-10-17T09:49:41]i052: Condition 'VersionNT >= v6.0 OR (VersionNT = v5.1 AND ServicePackLevel >= 2) OR (VersionNT = v5.2 AND ServicePackLevel >= 1)' evaluates to true.
[06F0:0A18][2017-10-17T09:49:41]i199: Detect complete, result: 0x0
[06F0:0A18][2017-10-17T09:49:41]i200: Plan begin, 2 packages, action: Install
[06F0:0A18][2017-10-17T09:49:41]i000: Setting string variable 'WixBundleRollbackLog_vcRuntimeMinimum_x86' to value 'C:\Users\ContainerAdministrator\AppData\Local\Temp\dd_setup_20171017094538_289_Microsoft.VisualC.Redist.12_0_vcRuntimeMinimum_x86_rollback.log'
[06F0:0A18][2017-10-17T09:49:41]i000: Setting string variable 'WixBundleLog_vcRuntimeMinimum_x86' to value 'C:\Users\ContainerAdministrator\AppData\Local\Temp\dd_setup_20171017094538_289_Microsoft.VisualC.Redist.12_0_vcRuntimeMinimum_x86.log'
[06F0:0A18][2017-10-17T09:49:41]i000: Setting string variable 'WixBundleRollbackLog_vcRuntimeAdditional_x86' to value 'C:\Users\ContainerAdministrator\AppData\Local\Temp\dd_setup_20171017094538_289_Microsoft.VisualC.Redist.12_1_vcRuntimeAdditional_x86_rollback.log'
[06F0:0A18][2017-10-17T09:49:41]i000: Setting string variable 'WixBundleLog_vcRuntimeAdditional_x86' to value 'C:\Users\ContainerAdministrator\AppData\Local\Temp\dd_setup_20171017094538_289_Microsoft.VisualC.Redist.12_1_vcRuntimeAdditional_x86.log'
[06F0:0A18][2017-10-17T09:49:41]i201: Planned package: vcRuntimeMinimum_x86, state: Absent, default requested: Present, ba requested: Present, execute: Install, rollback: Uninstall, cache: Yes, uncache: No, dependency: Register
[06F0:0A18][2017-10-17T09:49:41]i201: Planned package: vcRuntimeAdditional_x86, state: Absent, default requested: Present, ba requested: Present, execute: Install, rollback: Uninstall, cache: Yes, uncache: No, dependency: Register
[06F0:0A18][2017-10-17T09:49:41]i299: Plan complete, result: 0x0
[06F0:0A18][2017-10-17T09:49:41]i300: Apply begin
[0720:01A4][2017-10-17T09:49:41]w308: Automatic updates could not be paused due to error: 0x80040154. Continuing...
[0720:01A4][2017-10-17T09:49:41]i360: Creating a system restore point.
[0720:01A4][2017-10-17T09:49:41]i362: System restore disabled, system restore point not created.
[0720:01A4][2017-10-17T09:49:41]i370: Session begin, registration key: SOFTWARE\Microsoft\Windows\CurrentVersion\Uninstall\{f65db027-aff3-4070-886a-0d87064aabb1}, options: 0x7, disable resume: No
[0720:01A4][2017-10-17T09:49:41]i000: Caching bundle from: 'C:\Users\ContainerAdministrator\AppData\Local\Temp\{f65db027-aff3-4070-886a-0d87064aabb1}\.be\vcredist_x86.exe' to: 'C:\ProgramData\Package Cache\{f65db027-aff3-4070-886a-0d87064aabb1}\vcredist_x86.exe'
[0720:01A4][2017-10-17T09:49:41]i320: Registering bundle dependency provider: {f65db027-aff3-4070-886a-0d87064aabb1}, version: 12.0.30501.0
[0720:01A4][2017-10-17T09:49:41]i371: Updating session, registration key: SOFTWARE\Microsoft\Windows\CurrentVersion\Uninstall\{f65db027-aff3-4070-886a-0d87064aabb1}, resume: Active, restart initiated: No, disable resume: No
[0720:036C][2017-10-17T09:49:41]i305: Verified acquired payload: vcRuntimeMinimum_x86 at path: C:\ProgramData\Package Cache\.unverified\vcRuntimeMinimum_x86, moving to: C:\ProgramData\Package Cache\{13A4EE12-23EA-3371-91EE-EFB36DDFFF3E}v12.0.21005\packages\vcRuntimeMinimum_x86\vc_runtimeMinimum_x86.msi.
[0720:036C][2017-10-17T09:49:41]i305: Verified acquired payload: cab54A5CABBE7274D8A22EB58060AAB7623 at path: C:\ProgramData\Package Cache\.unverified\cab54A5CABBE7274D8A22EB58060AAB7623, moving to: C:\ProgramData\Package Cache\{13A4EE12-23EA-3371-91EE-EFB36DDFFF3E}v12.0.21005\packages\vcRuntimeMinimum_x86\cab1.cab.
[0720:036C][2017-10-17T09:49:41]i305: Verified acquired payload: vcRuntimeAdditional_x86 at path: C:\ProgramData\Package Cache\.unverified\vcRuntimeAdditional_x86, moving to: C:\ProgramData\Package Cache\{F8CFEB22-A2E7-3971-9EDA-4B11EDEFC185}v12.0.21005\packages\vcRuntimeAdditional_x86\vc_runtimeAdditional_x86.msi.
[0720:036C][2017-10-17T09:49:41]i305: Verified acquired payload: cabB3E1576D1FEFBB979E13B1A5379E0B16 at path: C:\ProgramData\Package Cache\.unverified\cabB3E1576D1FEFBB979E13B1A5379E0B16, moving to: C:\ProgramData\Package Cache\{F8CFEB22-A2E7-3971-9EDA-4B11EDEFC185}v12.0.21005\packages\vcRuntimeAdditional_x86\cab1.cab.
[0720:01A4][2017-10-17T09:49:41]i301: Applying execute package: vcRuntimeMinimum_x86, action: Install, path: C:\ProgramData\Package Cache\{13A4EE12-23EA-3371-91EE-EFB36DDFFF3E}v12.0.21005\packages\vcRuntimeMinimum_x86\vc_runtimeMinimum_x86.msi, arguments: ' MSIFASTINSTALL="7" NOVSUI="1"'
[06F0:0A18][2017-10-17T09:49:41]i319: Applied execute package: vcRuntimeMinimum_x86, result: 0x0, restart: None
[0720:01A4][2017-10-17T09:49:41]i325: Registering dependency: {f65db027-aff3-4070-886a-0d87064aabb1} on package provider: Microsoft.VS.VC_RuntimeMinimumVSU_x86,v12, package: vcRuntimeMinimum_x86
[0720:01A4][2017-10-17T09:49:41]i301: Applying execute package: vcRuntimeAdditional_x86, action: Install, path: C:\ProgramData\Package Cache\{F8CFEB22-A2E7-3971-9EDA-4B11EDEFC185}v12.0.21005\packages\vcRuntimeAdditional_x86\vc_runtimeAdditional_x86.msi, arguments: ' MSIFASTINSTALL="7" NOVSUI="1"'
[06F0:0A18][2017-10-17T09:49:41]i319: Applied execute package: vcRuntimeAdditional_x86, result: 0x0, restart: None
[0720:01A4][2017-10-17T09:49:41]i325: Registering dependency: {f65db027-aff3-4070-886a-0d87064aabb1} on package provider: Microsoft.VS.VC_RuntimeAdditionalVSU_x86,v12, package: vcRuntimeAdditional_x86
[0720:01A4][2017-10-17T09:49:41]i372: Session end, registration key: SOFTWARE\Microsoft\Windows\CurrentVersion\Uninstall\{f65db027-aff3-4070-886a-0d87064aabb1}, resume: ARP, restart: None, disable resume: No
[0720:01A4][2017-10-17T09:49:41]i371: Updating session, registration key: SOFTWARE\Microsoft\Windows\CurrentVersion\Uninstall\{f65db027-aff3-4070-886a-0d87064aabb1}, resume: ARP, restart initiated: No, disable resume: No
[06F0:0A18][2017-10-17T09:49:41]i399: Apply complete, result: 0x0, restart: None, ba requested restart:  No
[06F0:0A18][2017-10-17T09:49:41]i500: Shutting down, exit code: 0x0
[06F0:0A18][2017-10-17T09:49:41]i410: Variable: VersionNT = 10.0.0.0
[06F0:0A18][2017-10-17T09:49:41]i410: Variable: WixBundleAction = 5
[06F0:0A18][2017-10-17T09:49:41]i410: Variable: WixBundleElevated = 1
[06F0:0A18][2017-10-17T09:49:41]i410: Variable: WixBundleInstalled = 0
[06F0:0A18][2017-10-17T09:49:41]i410: Variable: WixBundleLog = C:\Users\ContainerAdministrator\AppData\Local\Temp\dd_setup_20171017094538_289_Microsoft.VisualC.Redist.12.log
[06F0:0A18][2017-10-17T09:49:41]i410: Variable: WixBundleLog_vcRuntimeAdditional_x86 = C:\Users\ContainerAdministrator\AppData\Local\Temp\dd_setup_20171017094538_289_Microsoft.VisualC.Redist.12_1_vcRuntimeAdditional_x86.log
[06F0:0A18][2017-10-17T09:49:41]i410: Variable: WixBundleLog_vcRuntimeMinimum_x86 = C:\Users\ContainerAdministrator\AppData\Local\Temp\dd_setup_20171017094538_289_Microsoft.VisualC.Redist.12_0_vcRuntimeMinimum_x86.log
[06F0:0A18][2017-10-17T09:49:41]i410: Variable: WixBundleManufacturer = Microsoft Corporation
[06F0:0A18][2017-10-17T09:49:41]i410: Variable: WixBundleName = Microsoft Visual C++ 2013 Redistributable (x86) - 12.0.30501
[06F0:0A18][2017-10-17T09:49:41]i410: Variable: WixBundleOriginalSource = C:\ProgramData\Microsoft\VisualStudio\Packages\Microsoft.VisualC.Redist.12,version=12.0.30501,chip=x86\vcredist_x86.exe
[06F0:0A18][2017-10-17T09:49:41]i410: Variable: WixBundleProviderKey = {f65db027-aff3-4070-886a-0d87064aabb1}
[06F0:0A18][2017-10-17T09:49:41]i410: Variable: WixBundleRollbackLog_vcRuntimeAdditional_x86 = C:\Users\ContainerAdministrator\AppData\Local\Temp\dd_setup_20171017094538_289_Microsoft.VisualC.Redist.12_1_vcRuntimeAdditional_x86_rollback.log
[06F0:0A18][2017-10-17T09:49:41]i410: Variable: WixBundleRollbackLog_vcRuntimeMinimum_x86 = C:\Users\ContainerAdministrator\AppData\Local\Temp\dd_setup_20171017094538_289_Microsoft.VisualC.Redist.12_0_vcRuntimeMinimum_x86_rollback.log
[06F0:0A18][2017-10-17T09:49:41]i410: Variable: WixBundleTag = 
[06F0:0A18][2017-10-17T09:49:41]i410: Variable: WixBundleVersion = 12.0.30501.0
[06F0:0A18][2017-10-17T09:49:41]i007: Exit code: 0x0, restarting: No
