[056C:0850][2017-10-17T09:47:09]i001: Burn v3.7.3813.0, Windows v10.0 (Build 14393: Service Pack 0), path: C:\ProgramData\Microsoft\VisualStudio\Packages\Microsoft.VisualCpp.Redist.14,version=14.11.25325,chip=x64\VC_redist.x64.exe, cmdline: '/q /norestart /log "C:\Users\ContainerAdministrator\AppData\Local\Temp\dd_setup_20171017094538_133_Microsoft.VisualCpp.Redist.14.log" -burn.unelevated BurnPipe.{80C747E0-62DD-4C04-A7C3-A6A92A769B04} {44196419-4648-404D-85C9-DC44030B2C7C} 2244'
[056C:0850][2017-10-17T09:47:09]i000: Setting string variable 'WixBundleLog' to value 'C:\Users\ContainerAdministrator\AppData\Local\Temp\dd_setup_20171017094538_133_Microsoft.VisualCpp.Redist.14.log'
[056C:0850][2017-10-17T09:47:09]i000: Setting string variable 'WixBundleOriginalSource' to value 'C:\ProgramData\Microsoft\VisualStudio\Packages\Microsoft.VisualCpp.Redist.14,version=14.11.25325,chip=x64\VC_redist.x64.exe'
[056C:0850][2017-10-17T09:47:09]i000: Setting string variable 'WixBundleOriginalSourceFolder' to value 'C:\ProgramData\Microsoft\VisualStudio\Packages\Microsoft.VisualCpp.Redist.14,version=14.11.25325,chip=x64\'
[056C:0850][2017-10-17T09:47:10]i000: Setting string variable 'WixBundleName' to value 'Microsoft Visual C++ 2017 Redistributable (x64) - 14.11.25325'
[056C:0850][2017-10-17T09:47:10]i100: Detect begin, 10 packages
[056C:0850][2017-10-17T09:47:10]i000: Setting version variable 'windows_uCRT_DetectKey' to value '10.0.14393.1770'
[056C:0850][2017-10-17T09:47:10]i000: Setting numeric variable 'windows_uCRT_DetectKeyExists' to value 1
[056C:0850][2017-10-17T09:47:10]i052: Condition '(VersionNT = v6.3 AND NOT VersionNT64) AND (windows_uCRT_DetectKeyExists AND windows_uCRT_DetectKey >= v10.0.10240.0)' evaluates to false.
[056C:0850][2017-10-17T09:47:10]i052: Condition '(VersionNT = v6.3 AND VersionNT64) AND (windows_uCRT_DetectKeyExists AND windows_uCRT_DetectKey >= v10.0.10240.0)' evaluates to false.
[056C:0850][2017-10-17T09:47:10]i052: Condition '(VersionNT = v6.2 AND NOT VersionNT64) AND (windows_uCRT_DetectKeyExists AND windows_uCRT_DetectKey >= v10.0.10240.0)' evaluates to false.
[056C:0850][2017-10-17T09:47:10]i052: Condition '(VersionNT = v6.2 AND VersionNT64) AND (windows_uCRT_DetectKeyExists AND windows_uCRT_DetectKey >= v10.0.10240.0)' evaluates to false.
[056C:0850][2017-10-17T09:47:10]i052: Condition '(VersionNT = v6.1 AND NOT VersionNT64) AND (windows_uCRT_DetectKeyExists AND windows_uCRT_DetectKey >= v10.0.10240.0)' evaluates to false.
[056C:0850][2017-10-17T09:47:10]i052: Condition '(VersionNT = v6.1 AND VersionNT64) AND (windows_uCRT_DetectKeyExists AND windows_uCRT_DetectKey >= v10.0.10240.0)' evaluates to false.
[056C:0850][2017-10-17T09:47:10]i052: Condition '(VersionNT = v6.0 AND NOT VersionNT64) AND (windows_uCRT_DetectKeyExists AND windows_uCRT_DetectKey >= v10.0.10240.0)' evaluates to false.
[056C:0850][2017-10-17T09:47:10]i052: Condition '(VersionNT = v6.0 AND VersionNT64) AND (windows_uCRT_DetectKeyExists AND windows_uCRT_DetectKey >= v10.0.10240.0)' evaluates to false.
[056C:0850][2017-10-17T09:47:10]i101: Detected package: vcRuntimeMinimum_x64, state: Absent, cached: None
[056C:0850][2017-10-17T09:47:10]i101: Detected package: vcRuntimeAdditional_x64, state: Absent, cached: None
[056C:0850][2017-10-17T09:47:10]i101: Detected package: Windows81_x86, state: Absent, cached: None
[056C:0850][2017-10-17T09:47:10]i101: Detected package: Windows81_x64, state: Absent, cached: None
[056C:0850][2017-10-17T09:47:10]i101: Detected package: Windows8_x86, state: Absent, cached: None
[056C:0850][2017-10-17T09:47:10]i101: Detected package: Windows8_x64, state: Absent, cached: None
[056C:0850][2017-10-17T09:47:10]i101: Detected package: Windows7_MSU_x86, state: Absent, cached: None
[056C:0850][2017-10-17T09:47:10]i101: Detected package: Windows7_MSU_x64, state: Absent, cached: None
[056C:0850][2017-10-17T09:47:10]i101: Detected package: WindowsVista_MSU_x86, state: Absent, cached: None
[056C:0850][2017-10-17T09:47:10]i101: Detected package: WindowsVista_MSU_x64, state: Absent, cached: None
[056C:0850][2017-10-17T09:47:10]i052: Condition 'VersionNT64 >= v6.0 OR (VersionNT64 = v5.2 AND ServicePackLevel >= 1)' evaluates to true.
[056C:0850][2017-10-17T09:47:10]i199: Detect complete, result: 0x0
[056C:0850][2017-10-17T09:47:10]i200: Plan begin, 10 packages, action: Install
[056C:0850][2017-10-17T09:47:10]i052: Condition '(VersionNT64)' evaluates to true.
[056C:0850][2017-10-17T09:47:10]i000: Setting string variable 'WixBundleRollbackLog_vcRuntimeMinimum_x64' to value 'C:\Users\ContainerAdministrator\AppData\Local\Temp\dd_setup_20171017094538_133_Microsoft.VisualCpp.Redist.14_000_vcRuntimeMinimum_x64_rollback.log'
[056C:0850][2017-10-17T09:47:10]i000: Setting string variable 'WixBundleLog_vcRuntimeMinimum_x64' to value 'C:\Users\ContainerAdministrator\AppData\Local\Temp\dd_setup_20171017094538_133_Microsoft.VisualCpp.Redist.14_000_vcRuntimeMinimum_x64.log'
[056C:0850][2017-10-17T09:47:10]i052: Condition '(VersionNT64)' evaluates to true.
[056C:0850][2017-10-17T09:47:10]i000: Setting string variable 'WixBundleRollbackLog_vcRuntimeAdditional_x64' to value 'C:\Users\ContainerAdministrator\AppData\Local\Temp\dd_setup_20171017094538_133_Microsoft.VisualCpp.Redist.14_001_vcRuntimeAdditional_x64_rollback.log'
[056C:0850][2017-10-17T09:47:10]i000: Setting string variable 'WixBundleLog_vcRuntimeAdditional_x64' to value 'C:\Users\ContainerAdministrator\AppData\Local\Temp\dd_setup_20171017094538_133_Microsoft.VisualCpp.Redist.14_001_vcRuntimeAdditional_x64.log'
[056C:0850][2017-10-17T09:47:10]i052: Condition 'VersionNT = v6.3 AND NOT VersionNT64' evaluates to false.
[056C:0850][2017-10-17T09:47:10]w321: Skipping dependency registration on package with no dependency providers: Windows81_x86
[056C:0850][2017-10-17T09:47:10]i052: Condition 'VersionNT = v6.3 AND VersionNT64' evaluates to false.
[056C:0850][2017-10-17T09:47:10]w321: Skipping dependency registration on package with no dependency providers: Windows81_x64
[056C:0850][2017-10-17T09:47:10]i052: Condition 'VersionNT = v6.2 AND NOT VersionNT64' evaluates to false.
[056C:0850][2017-10-17T09:47:10]w321: Skipping dependency registration on package with no dependency providers: Windows8_x86
[056C:0850][2017-10-17T09:47:10]i052: Condition 'VersionNT = v6.2 AND VersionNT64' evaluates to false.
[056C:0850][2017-10-17T09:47:10]w321: Skipping dependency registration on package with no dependency providers: Windows8_x64
[056C:0850][2017-10-17T09:47:10]i052: Condition 'VersionNT = v6.1 AND NOT VersionNT64' evaluates to false.
[056C:0850][2017-10-17T09:47:10]w321: Skipping dependency registration on package with no dependency providers: Windows7_MSU_x86
[056C:0850][2017-10-17T09:47:10]i052: Condition 'VersionNT = v6.1 AND VersionNT64' evaluates to false.
[056C:0850][2017-10-17T09:47:10]w321: Skipping dependency registration on package with no dependency providers: Windows7_MSU_x64
[056C:0850][2017-10-17T09:47:10]i052: Condition 'VersionNT = v6.0 AND NOT VersionNT64' evaluates to false.
[056C:0850][2017-10-17T09:47:10]w321: Skipping dependency registration on package with no dependency providers: WindowsVista_MSU_x86
[056C:0850][2017-10-17T09:47:10]i052: Condition 'VersionNT = v6.0 AND VersionNT64' evaluates to false.
[056C:0850][2017-10-17T09:47:10]w321: Skipping dependency registration on package with no dependency providers: WindowsVista_MSU_x64
[056C:0850][2017-10-17T09:47:10]i201: Planned package: vcRuntimeMinimum_x64, state: Absent, default requested: Present, ba requested: Present, execute: Install, rollback: Uninstall, cache: Yes, uncache: No, dependency: Register
[056C:0850][2017-10-17T09:47:10]i201: Planned package: vcRuntimeAdditional_x64, state: Absent, default requested: Present, ba requested: Present, execute: Install, rollback: Uninstall, cache: Yes, uncache: No, dependency: Register
[056C:0850][2017-10-17T09:47:10]i201: Planned package: Windows81_x86, state: Absent, default requested: Absent, ba requested: Absent, execute: None, rollback: None, cache: No, uncache: No, dependency: None
[056C:0850][2017-10-17T09:47:10]i201: Planned package: Windows81_x64, state: Absent, default requested: Absent, ba requested: Absent, execute: None, rollback: None, cache: No, uncache: No, dependency: None
[056C:0850][2017-10-17T09:47:10]i201: Planned package: Windows8_x86, state: Absent, default requested: Absent, ba requested: Absent, execute: None, rollback: None, cache: No, uncache: No, dependency: None
[056C:0850][2017-10-17T09:47:10]i201: Planned package: Windows8_x64, state: Absent, default requested: Absent, ba requested: Absent, execute: None, rollback: None, cache: No, uncache: No, dependency: None
[056C:0850][2017-10-17T09:47:10]i201: Planned package: Windows7_MSU_x86, state: Absent, default requested: Absent, ba requested: Absent, execute: None, rollback: None, cache: No, uncache: No, dependency: None
[056C:0850][2017-10-17T09:47:10]i201: Planned package: Windows7_MSU_x64, state: Absent, default requested: Absent, ba requested: Absent, execute: None, rollback: None, cache: No, uncache: No, dependency: None
[056C:0850][2017-10-17T09:47:10]i201: Planned package: WindowsVista_MSU_x86, state: Absent, default requested: Absent, ba requested: Absent, execute: None, rollback: None, cache: No, uncache: No, dependency: None
[056C:0850][2017-10-17T09:47:10]i201: Planned package: WindowsVista_MSU_x64, state: Absent, default requested: Absent, ba requested: Absent, execute: None, rollback: None, cache: No, uncache: No, dependency: None
[056C:0850][2017-10-17T09:47:10]i299: Plan complete, result: 0x0
[056C:0850][2017-10-17T09:47:10]i300: Apply begin
[08C4:096C][2017-10-17T09:47:10]w308: Automatic updates could not be paused due to error: 0x80040154. Continuing...
[08C4:096C][2017-10-17T09:47:10]i360: Creating a system restore point.
[08C4:096C][2017-10-17T09:47:10]i362: System restore disabled, system restore point not created.
[08C4:096C][2017-10-17T09:47:10]i370: Session begin, registration key: SOFTWARE\Microsoft\Windows\CurrentVersion\Uninstall\{6c6356fe-cbfa-4944-9bed-a9e99f45cb7a}, options: 0x7, disable resume: No
[08C4:096C][2017-10-17T09:47:10]i000: Caching bundle from: 'C:\Users\ContainerAdministrator\AppData\Local\Temp\{6c6356fe-cbfa-4944-9bed-a9e99f45cb7a}\.be\VC_redist.x64.exe' to: 'C:\ProgramData\Package Cache\{6c6356fe-cbfa-4944-9bed-a9e99f45cb7a}\VC_redist.x64.exe'
[08C4:096C][2017-10-17T09:47:10]i320: Registering bundle dependency provider: ,,amd64,14.0,bundle, version: 14.11.25325.0
[08C4:096C][2017-10-17T09:47:10]i371: Updating session, registration key: SOFTWARE\Microsoft\Windows\CurrentVersion\Uninstall\{6c6356fe-cbfa-4944-9bed-a9e99f45cb7a}, resume: Active, restart initiated: No, disable resume: No
[08C4:081C][2017-10-17T09:47:10]i304: Verified existing payload: vcRuntimeMinimum_x64 at path: C:\ProgramData\Package Cache\.unverified\vcRuntimeMinimum_x64.
[08C4:081C][2017-10-17T09:47:10]i305: Verified acquired payload: vcRuntimeMinimum_x64 at path: C:\ProgramData\Package Cache\.unverified\vcRuntimeMinimum_x64, moving to: C:\ProgramData\Package Cache\{B0037450-526D-3448-A370-CACBD87769A0}v14.11.25325\packages\vcRuntimeMinimum_amd64\vc_runtimeMinimum_x64.msi.
[08C4:081C][2017-10-17T09:47:10]i304: Verified existing payload: cab5046A8AB272BF37297BB7928664C9503 at path: C:\ProgramData\Package Cache\.unverified\cab5046A8AB272BF37297BB7928664C9503.
[08C4:081C][2017-10-17T09:47:10]i305: Verified acquired payload: cab5046A8AB272BF37297BB7928664C9503 at path: C:\ProgramData\Package Cache\.unverified\cab5046A8AB272BF37297BB7928664C9503, moving to: C:\ProgramData\Package Cache\{B0037450-526D-3448-A370-CACBD87769A0}v14.11.25325\packages\vcRuntimeMinimum_amd64\cab1.cab.
[08C4:081C][2017-10-17T09:47:10]i304: Verified existing payload: vcRuntimeAdditional_x64 at path: C:\ProgramData\Package Cache\.unverified\vcRuntimeAdditional_x64.
[08C4:081C][2017-10-17T09:47:10]i305: Verified acquired payload: vcRuntimeAdditional_x64 at path: C:\ProgramData\Package Cache\.unverified\vcRuntimeAdditional_x64, moving to: C:\ProgramData\Package Cache\{B13B3E11-1555-353F-A63A-8933EE104FBD}v14.11.25325\packages\vcRuntimeAdditional_amd64\vc_runtimeAdditional_x64.msi.
[08C4:081C][2017-10-17T09:47:10]i304: Verified existing payload: cab2C04DDC374BD96EB5C8EB8208F2C7C92 at path: C:\ProgramData\Package Cache\.unverified\cab2C04DDC374BD96EB5C8EB8208F2C7C92.
[08C4:081C][2017-10-17T09:47:10]i305: Verified acquired payload: cab2C04DDC374BD96EB5C8EB8208F2C7C92 at path: C:\ProgramData\Package Cache\.unverified\cab2C04DDC374BD96EB5C8EB8208F2C7C92, moving to: C:\ProgramData\Package Cache\{B13B3E11-1555-353F-A63A-8933EE104FBD}v14.11.25325\packages\vcRuntimeAdditional_amd64\cab1.cab.
[08C4:096C][2017-10-17T09:47:10]i301: Applying execute package: vcRuntimeMinimum_x64, action: Install, path: C:\ProgramData\Package Cache\{B0037450-526D-3448-A370-CACBD87769A0}v14.11.25325\packages\vcRuntimeMinimum_amd64\vc_runtimeMinimum_x64.msi, arguments: ' MSIFASTINSTALL="7" NOVSUI="1"'
[056C:0850][2017-10-17T09:47:10]i319: Applied execute package: vcRuntimeMinimum_x64, result: 0x0, restart: None
[08C4:096C][2017-10-17T09:47:10]i325: Registering dependency: {6c6356fe-cbfa-4944-9bed-a9e99f45cb7a} on package provider: Microsoft.VS.VC_RuntimeMinimumVSU_amd64,v14, package: vcRuntimeMinimum_x64
[08C4:096C][2017-10-17T09:47:10]i301: Applying execute package: vcRuntimeAdditional_x64, action: Install, path: C:\ProgramData\Package Cache\{B13B3E11-1555-353F-A63A-8933EE104FBD}v14.11.25325\packages\vcRuntimeAdditional_amd64\vc_runtimeAdditional_x64.msi, arguments: ' MSIFASTINSTALL="7" NOVSUI="1"'
[056C:0850][2017-10-17T09:47:10]i319: Applied execute package: vcRuntimeAdditional_x64, result: 0x0, restart: None
[08C4:096C][2017-10-17T09:47:10]i325: Registering dependency: {6c6356fe-cbfa-4944-9bed-a9e99f45cb7a} on package provider: Microsoft.VS.VC_RuntimeAdditionalVSU_amd64,v14, package: vcRuntimeAdditional_x64
[08C4:096C][2017-10-17T09:47:10]i372: Session end, registration key: SOFTWARE\Microsoft\Windows\CurrentVersion\Uninstall\{6c6356fe-cbfa-4944-9bed-a9e99f45cb7a}, resume: ARP, restart: None, disable resume: No
[08C4:096C][2017-10-17T09:47:10]i371: Updating session, registration key: SOFTWARE\Microsoft\Windows\CurrentVersion\Uninstall\{6c6356fe-cbfa-4944-9bed-a9e99f45cb7a}, resume: ARP, restart initiated: No, disable resume: No
[056C:0850][2017-10-17T09:47:10]i399: Apply complete, result: 0x0, restart: None, ba requested restart:  No
[056C:0850][2017-10-17T09:47:10]i500: Shutting down, exit code: 0x0
[056C:0850][2017-10-17T09:47:10]i410: Variable: SystemFolder = C:\Windows\system32\
[056C:0850][2017-10-17T09:47:10]i410: Variable: VersionNT = 10.0.0.0
[056C:0850][2017-10-17T09:47:10]i410: Variable: VersionNT64 = 10.0.0.0
[056C:0850][2017-10-17T09:47:10]i410: Variable: windows_uCRT_DetectKey = 10.0.14393.1770
[056C:0850][2017-10-17T09:47:10]i410: Variable: windows_uCRT_DetectKeyExists = 1
[056C:0850][2017-10-17T09:47:10]i410: Variable: WixBundleAction = 5
[056C:0850][2017-10-17T09:47:10]i410: Variable: WixBundleCompressed = 1
[056C:0850][2017-10-17T09:47:10]i410: Variable: WixBundleElevated = 1
[056C:0850][2017-10-17T09:47:10]i410: Variable: WixBundleInstalled = 0
[056C:0850][2017-10-17T09:47:10]i410: Variable: WixBundleLog = C:\Users\ContainerAdministrator\AppData\Local\Temp\dd_setup_20171017094538_133_Microsoft.VisualCpp.Redist.14.log
[056C:0850][2017-10-17T09:47:10]i410: Variable: WixBundleLog_vcRuntimeAdditional_x64 = C:\Users\ContainerAdministrator\AppData\Local\Temp\dd_setup_20171017094538_133_Microsoft.VisualCpp.Redist.14_001_vcRuntimeAdditional_x64.log
[056C:0850][2017-10-17T09:47:10]i410: Variable: WixBundleLog_vcRuntimeMinimum_x64 = C:\Users\ContainerAdministrator\AppData\Local\Temp\dd_setup_20171017094538_133_Microsoft.VisualCpp.Redist.14_000_vcRuntimeMinimum_x64.log
[056C:0850][2017-10-17T09:47:10]i410: Variable: WixBundleManufacturer = Microsoft Corporation
[056C:0850][2017-10-17T09:47:10]i410: Variable: WixBundleName = Microsoft Visual C++ 2017 Redistributable (x64) - 14.11.25325
[056C:0850][2017-10-17T09:47:10]i410: Variable: WixBundleOriginalSource = C:\ProgramData\Microsoft\VisualStudio\Packages\Microsoft.VisualCpp.Redist.14,version=14.11.25325,chip=x64\VC_redist.x64.exe
[056C:0850][2017-10-17T09:47:10]i410: Variable: WixBundleOriginalSourceFolder = C:\ProgramData\Microsoft\VisualStudio\Packages\Microsoft.VisualCpp.Redist.14,version=14.11.25325,chip=x64\
[056C:0850][2017-10-17T09:47:10]i410: Variable: WixBundleProviderKey = ,,amd64,14.0,bundle
[056C:0850][2017-10-17T09:47:10]i410: Variable: WixBundleRollbackLog_vcRuntimeAdditional_x64 = C:\Users\ContainerAdministrator\AppData\Local\Temp\dd_setup_20171017094538_133_Microsoft.VisualCpp.Redist.14_001_vcRuntimeAdditional_x64_rollback.log
[056C:0850][2017-10-17T09:47:10]i410: Variable: WixBundleRollbackLog_vcRuntimeMinimum_x64 = C:\Users\ContainerAdministrator\AppData\Local\Temp\dd_setup_20171017094538_133_Microsoft.VisualCpp.Redist.14_000_vcRuntimeMinimum_x64_rollback.log
[056C:0850][2017-10-17T09:47:10]i410: Variable: WixBundleTag = 
[056C:0850][2017-10-17T09:47:10]i410: Variable: WixBundleVersion = 14.11.25325.0
[056C:0850][2017-10-17T09:47:10]i007: Exit code: 0x0, restarting: No
