[0b00:0004][2017-10-17T09:47:45] Opening the package for processing
[0b00:0004][2017-10-17T09:47:45] Using package payload to get the embedded manifest
[0b00:0004][2017-10-17T09:47:45] Getting list of files within the package
[0b00:0004][2017-10-17T09:47:45] Processing file /Contents/Common7/IDE/CommonExtensions/Microsoft/Performance%20Tools/extension.vsixmanifest
[0b00:0004][2017-10-17T09:47:45] Started: Copying file /Contents/Common7/IDE/CommonExtensions/Microsoft/Performance%20Tools/extension.vsixmanifest to C:\Program Files (x86)\Microsoft Visual Studio\2017\Community\Common7\IDE\CommonExtensions\Microsoft\Performance Tools\extension.vsixmanifest
[0b00:0004][2017-10-17T09:47:45] Completed: Copying file /Contents/Common7/IDE/CommonExtensions/Microsoft/Performance%20Tools/extension.vsixmanifest to C:\Program Files (x86)\Microsoft Visual Studio\2017\Community\Common7\IDE\CommonExtensions\Microsoft\Performance Tools\extension.vsixmanifest
[0b00:0004][2017-10-17T09:47:45] Timestamp updated for file 'C:\Program Files (x86)\Microsoft Visual Studio\2017\Community\Common7\IDE\CommonExtensions\Microsoft\Performance Tools\extension.vsixmanifest'.
[0b00:0004][2017-10-17T09:47:45] Processing file /Contents/Common7/IDE/CommonExtensions/Microsoft/Performance%20Tools/Microsoft.VisualStudio.PerformanceTools.EditorIntegration.dll
[0b00:0004][2017-10-17T09:47:45] Started: Copying file /Contents/Common7/IDE/CommonExtensions/Microsoft/Performance%20Tools/Microsoft.VisualStudio.PerformanceTools.EditorIntegration.dll to C:\Program Files (x86)\Microsoft Visual Studio\2017\Community\Common7\IDE\CommonExtensions\Microsoft\Performance Tools\Microsoft.VisualStudio.PerformanceTools.EditorIntegration.dll
[0b00:0004][2017-10-17T09:47:45] Completed: Copying file /Contents/Common7/IDE/CommonExtensions/Microsoft/Performance%20Tools/Microsoft.VisualStudio.PerformanceTools.EditorIntegration.dll to C:\Program Files (x86)\Microsoft Visual Studio\2017\Community\Common7\IDE\CommonExtensions\Microsoft\Performance Tools\Microsoft.VisualStudio.PerformanceTools.EditorIntegration.dll
[0b00:0004][2017-10-17T09:47:45] Timestamp updated for file 'C:\Program Files (x86)\Microsoft Visual Studio\2017\Community\Common7\IDE\CommonExtensions\Microsoft\Performance Tools\Microsoft.VisualStudio.PerformanceTools.EditorIntegration.dll'.
[0b00:0004][2017-10-17T09:47:45] Queueing C:\Program Files (x86)\Microsoft Visual Studio\2017\Community\Common7\IDE\CommonExtensions\Microsoft\Performance Tools\Microsoft.VisualStudio.PerformanceTools.EditorIntegration.dll for X86 ngen
[0b00:0004][2017-10-17T09:47:45] Successfully queued file '/Contents/Common7/IDE/CommonExtensions/Microsoft/Performance Tools/Microsoft.VisualStudio.PerformanceTools.EditorIntegration.dll' for ngen
[0b00:0004][2017-10-17T09:47:45] Processing file /Contents/Common7/IDE/CommonExtensions/Microsoft/Performance%20Tools/Microsoft.VisualStudio.PerformanceTools.EditorIntegration.pkgdef
[0b00:0004][2017-10-17T09:47:45] Started: Copying file /Contents/Common7/IDE/CommonExtensions/Microsoft/Performance%20Tools/Microsoft.VisualStudio.PerformanceTools.EditorIntegration.pkgdef to C:\Program Files (x86)\Microsoft Visual Studio\2017\Community\Common7\IDE\CommonExtensions\Microsoft\Performance Tools\Microsoft.VisualStudio.PerformanceTools.EditorIntegration.pkgdef
[0b00:0004][2017-10-17T09:47:45] Completed: Copying file /Contents/Common7/IDE/CommonExtensions/Microsoft/Performance%20Tools/Microsoft.VisualStudio.PerformanceTools.EditorIntegration.pkgdef to C:\Program Files (x86)\Microsoft Visual Studio\2017\Community\Common7\IDE\CommonExtensions\Microsoft\Performance Tools\Microsoft.VisualStudio.PerformanceTools.EditorIntegration.pkgdef
[0b00:0004][2017-10-17T09:47:45] Timestamp updated for file 'C:\Program Files (x86)\Microsoft Visual Studio\2017\Community\Common7\IDE\CommonExtensions\Microsoft\Performance Tools\Microsoft.VisualStudio.PerformanceTools.EditorIntegration.pkgdef'.
[0b00:0004][2017-10-17T09:47:45] Processing file /Contents/Common7/IDE/CommonExtensions/Microsoft/Performance%20Tools/PerfPkg.pkgdef
[0b00:0004][2017-10-17T09:47:45] Started: Copying file /Contents/Common7/IDE/CommonExtensions/Microsoft/Performance%20Tools/PerfPkg.pkgdef to C:\Program Files (x86)\Microsoft Visual Studio\2017\Community\Common7\IDE\CommonExtensions\Microsoft\Performance Tools\PerfPkg.pkgdef
[0b00:0004][2017-10-17T09:47:45] Completed: Copying file /Contents/Common7/IDE/CommonExtensions/Microsoft/Performance%20Tools/PerfPkg.pkgdef to C:\Program Files (x86)\Microsoft Visual Studio\2017\Community\Common7\IDE\CommonExtensions\Microsoft\Performance Tools\PerfPkg.pkgdef
[0b00:0004][2017-10-17T09:47:45] Timestamp updated for file 'C:\Program Files (x86)\Microsoft Visual Studio\2017\Community\Common7\IDE\CommonExtensions\Microsoft\Performance Tools\PerfPkg.pkgdef'.
[0b00:0004][2017-10-17T09:47:45] Processing file /Contents/Common7/IDE/PrivateAssemblies/DataCollectors/Microsoft.VisualStudio.PerformanceTools.DataCollection.dll
[0b00:0004][2017-10-17T09:47:45] Started: Copying file /Contents/Common7/IDE/PrivateAssemblies/DataCollectors/Microsoft.VisualStudio.PerformanceTools.DataCollection.dll to C:\Program Files (x86)\Microsoft Visual Studio\2017\Community\Common7\IDE\PrivateAssemblies\DataCollectors\Microsoft.VisualStudio.PerformanceTools.DataCollection.dll
[0b00:0004][2017-10-17T09:47:45] Completed: Copying file /Contents/Common7/IDE/PrivateAssemblies/DataCollectors/Microsoft.VisualStudio.PerformanceTools.DataCollection.dll to C:\Program Files (x86)\Microsoft Visual Studio\2017\Community\Common7\IDE\PrivateAssemblies\DataCollectors\Microsoft.VisualStudio.PerformanceTools.DataCollection.dll
[0b00:0004][2017-10-17T09:47:45] Timestamp updated for file 'C:\Program Files (x86)\Microsoft Visual Studio\2017\Community\Common7\IDE\PrivateAssemblies\DataCollectors\Microsoft.VisualStudio.PerformanceTools.DataCollection.dll'.
[0b00:0004][2017-10-17T09:47:45] Processing file /Contents/Common7/IDE/PrivateAssemblies/DataCollectors/Microsoft.VisualStudio.PerformanceTools.DataCollection.dll.config
[0b00:0004][2017-10-17T09:47:45] Started: Copying file /Contents/Common7/IDE/PrivateAssemblies/DataCollectors/Microsoft.VisualStudio.PerformanceTools.DataCollection.dll.config to C:\Program Files (x86)\Microsoft Visual Studio\2017\Community\Common7\IDE\PrivateAssemblies\DataCollectors\Microsoft.VisualStudio.PerformanceTools.DataCollection.dll.config
[0b00:0004][2017-10-17T09:47:45] Completed: Copying file /Contents/Common7/IDE/PrivateAssemblies/DataCollectors/Microsoft.VisualStudio.PerformanceTools.DataCollection.dll.config to C:\Program Files (x86)\Microsoft Visual Studio\2017\Community\Common7\IDE\PrivateAssemblies\DataCollectors\Microsoft.VisualStudio.PerformanceTools.DataCollection.dll.config
[0b00:0004][2017-10-17T09:47:45] Timestamp updated for file 'C:\Program Files (x86)\Microsoft Visual Studio\2017\Community\Common7\IDE\PrivateAssemblies\DataCollectors\Microsoft.VisualStudio.PerformanceTools.DataCollection.dll.config'.
[0b00:0004][2017-10-17T09:47:45] Processing file /Contents/Common7/IDE/PrivateAssemblies/DataCollectors/Microsoft.VisualStudio.PerformanceTools.DataCollection.Editor.dll
[0b00:0004][2017-10-17T09:47:45] Started: Copying file /Contents/Common7/IDE/PrivateAssemblies/DataCollectors/Microsoft.VisualStudio.PerformanceTools.DataCollection.Editor.dll to C:\Program Files (x86)\Microsoft Visual Studio\2017\Community\Common7\IDE\PrivateAssemblies\DataCollectors\Microsoft.VisualStudio.PerformanceTools.DataCollection.Editor.dll
[0b00:0004][2017-10-17T09:47:45] Completed: Copying file /Contents/Common7/IDE/PrivateAssemblies/DataCollectors/Microsoft.VisualStudio.PerformanceTools.DataCollection.Editor.dll to C:\Program Files (x86)\Microsoft Visual Studio\2017\Community\Common7\IDE\PrivateAssemblies\DataCollectors\Microsoft.VisualStudio.PerformanceTools.DataCollection.Editor.dll
[0b00:0004][2017-10-17T09:47:45] Timestamp updated for file 'C:\Program Files (x86)\Microsoft Visual Studio\2017\Community\Common7\IDE\PrivateAssemblies\DataCollectors\Microsoft.VisualStudio.PerformanceTools.DataCollection.Editor.dll'.
[0b00:0004][2017-10-17T09:47:45] Processing file /Contents/Common7/IDE/PrivateAssemblies/DataCollectors/VSPerfControl.Interop.dll
[0b00:0004][2017-10-17T09:47:45] Started: Copying file /Contents/Common7/IDE/PrivateAssemblies/DataCollectors/VSPerfControl.Interop.dll to C:\Program Files (x86)\Microsoft Visual Studio\2017\Community\Common7\IDE\PrivateAssemblies\DataCollectors\VSPerfControl.Interop.dll
[0b00:0004][2017-10-17T09:47:45] Completed: Copying file /Contents/Common7/IDE/PrivateAssemblies/DataCollectors/VSPerfControl.Interop.dll to C:\Program Files (x86)\Microsoft Visual Studio\2017\Community\Common7\IDE\PrivateAssemblies\DataCollectors\VSPerfControl.Interop.dll
[0b00:0004][2017-10-17T09:47:45] Timestamp updated for file 'C:\Program Files (x86)\Microsoft Visual Studio\2017\Community\Common7\IDE\PrivateAssemblies\DataCollectors\VSPerfControl.Interop.dll'.
[0b00:0004][2017-10-17T09:47:45] Processing file /Contents/Common7/IDE/PrivateAssemblies/DataCollectors/x64/Microsoft.VisualStudio.Coverage.Monitor.dll
[0b00:0004][2017-10-17T09:47:45] Started: Copying file /Contents/Common7/IDE/PrivateAssemblies/DataCollectors/x64/Microsoft.VisualStudio.Coverage.Monitor.dll to C:\Program Files (x86)\Microsoft Visual Studio\2017\Community\Common7\IDE\PrivateAssemblies\DataCollectors\x64\Microsoft.VisualStudio.Coverage.Monitor.dll
[0b00:0004][2017-10-17T09:47:45] Completed: Copying file /Contents/Common7/IDE/PrivateAssemblies/DataCollectors/x64/Microsoft.VisualStudio.Coverage.Monitor.dll to C:\Program Files (x86)\Microsoft Visual Studio\2017\Community\Common7\IDE\PrivateAssemblies\DataCollectors\x64\Microsoft.VisualStudio.Coverage.Monitor.dll
[0b00:0004][2017-10-17T09:47:45] Timestamp updated for file 'C:\Program Files (x86)\Microsoft Visual Studio\2017\Community\Common7\IDE\PrivateAssemblies\DataCollectors\x64\Microsoft.VisualStudio.Coverage.Monitor.dll'.
[0b00:0004][2017-10-17T09:47:45] Processing file /Contents/Common7/IDE/PrivateAssemblies/DataCollectors/x64/vspmsg.dll
[0b00:0004][2017-10-17T09:47:45] Started: Copying file /Contents/Common7/IDE/PrivateAssemblies/DataCollectors/x64/vspmsg.dll to C:\Program Files (x86)\Microsoft Visual Studio\2017\Community\Common7\IDE\PrivateAssemblies\DataCollectors\x64\vspmsg.dll
[0b00:0004][2017-10-17T09:47:45] Completed: Copying file /Contents/Common7/IDE/PrivateAssemblies/DataCollectors/x64/vspmsg.dll to C:\Program Files (x86)\Microsoft Visual Studio\2017\Community\Common7\IDE\PrivateAssemblies\DataCollectors\x64\vspmsg.dll
[0b00:0004][2017-10-17T09:47:45] Timestamp updated for file 'C:\Program Files (x86)\Microsoft Visual Studio\2017\Community\Common7\IDE\PrivateAssemblies\DataCollectors\x64\vspmsg.dll'.
[0b00:0004][2017-10-17T09:47:45] Processing file /Contents/Common7/IDE/PrivateAssemblies/DataCollectors/x86/Microsoft.VisualStudio.Coverage.Monitor.dll
[0b00:0004][2017-10-17T09:47:45] Started: Copying file /Contents/Common7/IDE/PrivateAssemblies/DataCollectors/x86/Microsoft.VisualStudio.Coverage.Monitor.dll to C:\Program Files (x86)\Microsoft Visual Studio\2017\Community\Common7\IDE\PrivateAssemblies\DataCollectors\x86\Microsoft.VisualStudio.Coverage.Monitor.dll
[0b00:0004][2017-10-17T09:47:45] Completed: Copying file /Contents/Common7/IDE/PrivateAssemblies/DataCollectors/x86/Microsoft.VisualStudio.Coverage.Monitor.dll to C:\Program Files (x86)\Microsoft Visual Studio\2017\Community\Common7\IDE\PrivateAssemblies\DataCollectors\x86\Microsoft.VisualStudio.Coverage.Monitor.dll
[0b00:0004][2017-10-17T09:47:45] Timestamp updated for file 'C:\Program Files (x86)\Microsoft Visual Studio\2017\Community\Common7\IDE\PrivateAssemblies\DataCollectors\x86\Microsoft.VisualStudio.Coverage.Monitor.dll'.
[0b00:0004][2017-10-17T09:47:45] Processing file /Contents/Common7/IDE/PrivateAssemblies/DataCollectors/x86/vspmsg.dll
[0b00:0004][2017-10-17T09:47:45] Started: Copying file /Contents/Common7/IDE/PrivateAssemblies/DataCollectors/x86/vspmsg.dll to C:\Program Files (x86)\Microsoft Visual Studio\2017\Community\Common7\IDE\PrivateAssemblies\DataCollectors\x86\vspmsg.dll
[0b00:0004][2017-10-17T09:47:45] Completed: Copying file /Contents/Common7/IDE/PrivateAssemblies/DataCollectors/x86/vspmsg.dll to C:\Program Files (x86)\Microsoft Visual Studio\2017\Community\Common7\IDE\PrivateAssemblies\DataCollectors\x86\vspmsg.dll
[0b00:0004][2017-10-17T09:47:45] Timestamp updated for file 'C:\Program Files (x86)\Microsoft Visual Studio\2017\Community\Common7\IDE\PrivateAssemblies\DataCollectors\x86\vspmsg.dll'.
[0b00:0004][2017-10-17T09:47:45] Processing file /Contents/Common7/IDE/PrivateAssemblies/VSPerfAnalysis.dll
[0b00:0004][2017-10-17T09:47:45] Started: Copying file /Contents/Common7/IDE/PrivateAssemblies/VSPerfAnalysis.dll to C:\Program Files (x86)\Microsoft Visual Studio\2017\Community\Common7\IDE\PrivateAssemblies\VSPerfAnalysis.dll
[0b00:0004][2017-10-17T09:47:45] Completed: Copying file /Contents/Common7/IDE/PrivateAssemblies/VSPerfAnalysis.dll to C:\Program Files (x86)\Microsoft Visual Studio\2017\Community\Common7\IDE\PrivateAssemblies\VSPerfAnalysis.dll
[0b00:0004][2017-10-17T09:47:45] Timestamp updated for file 'C:\Program Files (x86)\Microsoft Visual Studio\2017\Community\Common7\IDE\PrivateAssemblies\VSPerfAnalysis.dll'.
[0b00:0004][2017-10-17T09:47:45] Queueing C:\Program Files (x86)\Microsoft Visual Studio\2017\Community\Common7\IDE\PrivateAssemblies\VSPerfAnalysis.dll for X86 ngen
[0b00:0004][2017-10-17T09:47:45] Successfully queued file '/Contents/Common7/IDE/PrivateAssemblies/VSPerfAnalysis.dll' for ngen
[0b00:0004][2017-10-17T09:47:45] Processing file /Contents/Common7/IDE/PrivateAssemblies/VSPerfData.dll
[0b00:0004][2017-10-17T09:47:45] Started: Copying file /Contents/Common7/IDE/PrivateAssemblies/VSPerfData.dll to C:\Program Files (x86)\Microsoft Visual Studio\2017\Community\Common7\IDE\PrivateAssemblies\VSPerfData.dll
[0b00:0004][2017-10-17T09:47:45] Completed: Copying file /Contents/Common7/IDE/PrivateAssemblies/VSPerfData.dll to C:\Program Files (x86)\Microsoft Visual Studio\2017\Community\Common7\IDE\PrivateAssemblies\VSPerfData.dll
[0b00:0004][2017-10-17T09:47:45] Timestamp updated for file 'C:\Program Files (x86)\Microsoft Visual Studio\2017\Community\Common7\IDE\PrivateAssemblies\VSPerfData.dll'.
[0b00:0004][2017-10-17T09:47:45] Queueing C:\Program Files (x86)\Microsoft Visual Studio\2017\Community\Common7\IDE\PrivateAssemblies\VSPerfData.dll for X86 ngen
[0b00:0004][2017-10-17T09:47:45] Successfully queued file '/Contents/Common7/IDE/PrivateAssemblies/VSPerfData.dll' for ngen
[0b00:0004][2017-10-17T09:47:45] Processing file /Contents/Common7/IDE/PrivateAssemblies/VSPerfPresentation.dll
[0b00:0004][2017-10-17T09:47:45] Started: Copying file /Contents/Common7/IDE/PrivateAssemblies/VSPerfPresentation.dll to C:\Program Files (x86)\Microsoft Visual Studio\2017\Community\Common7\IDE\PrivateAssemblies\VSPerfPresentation.dll
[0b00:0004][2017-10-17T09:47:45] Completed: Copying file /Contents/Common7/IDE/PrivateAssemblies/VSPerfPresentation.dll to C:\Program Files (x86)\Microsoft Visual Studio\2017\Community\Common7\IDE\PrivateAssemblies\VSPerfPresentation.dll
[0b00:0004][2017-10-17T09:47:45] Timestamp updated for file 'C:\Program Files (x86)\Microsoft Visual Studio\2017\Community\Common7\IDE\PrivateAssemblies\VSPerfPresentation.dll'.
[0b00:0004][2017-10-17T09:47:45] Processing file /Contents/Common7/IDE/PrivateAssemblies/VsPerfReader.dll
[0b00:0004][2017-10-17T09:47:45] Started: Copying file /Contents/Common7/IDE/PrivateAssemblies/VsPerfReader.dll to C:\Program Files (x86)\Microsoft Visual Studio\2017\Community\Common7\IDE\PrivateAssemblies\VsPerfReader.dll
[0b00:0004][2017-10-17T09:47:45] Completed: Copying file /Contents/Common7/IDE/PrivateAssemblies/VsPerfReader.dll to C:\Program Files (x86)\Microsoft Visual Studio\2017\Community\Common7\IDE\PrivateAssemblies\VsPerfReader.dll
[0b00:0004][2017-10-17T09:47:45] Timestamp updated for file 'C:\Program Files (x86)\Microsoft Visual Studio\2017\Community\Common7\IDE\PrivateAssemblies\VsPerfReader.dll'.
[0b00:0004][2017-10-17T09:47:45] Processing file /Contents/Common7/IDE/PrivateAssemblies/vspmsg.dll
[0b00:0004][2017-10-17T09:47:45] Started: Copying file /Contents/Common7/IDE/PrivateAssemblies/vspmsg.dll to C:\Program Files (x86)\Microsoft Visual Studio\2017\Community\Common7\IDE\PrivateAssemblies\vspmsg.dll
[0b00:0004][2017-10-17T09:47:45] Completed: Copying file /Contents/Common7/IDE/PrivateAssemblies/vspmsg.dll to C:\Program Files (x86)\Microsoft Visual Studio\2017\Community\Common7\IDE\PrivateAssemblies\vspmsg.dll
[0b00:0004][2017-10-17T09:47:45] Timestamp updated for file 'C:\Program Files (x86)\Microsoft Visual Studio\2017\Community\Common7\IDE\PrivateAssemblies\vspmsg.dll'.
[0b00:0004][2017-10-17T09:47:45] Processing file /Contents/Common7/IDE/PublicAssemblies/Microsoft.VisualStudio.PerformanceTools.Automation.dll
[0b00:0004][2017-10-17T09:47:45] Started: Copying file /Contents/Common7/IDE/PublicAssemblies/Microsoft.VisualStudio.PerformanceTools.Automation.dll to C:\Program Files (x86)\Microsoft Visual Studio\2017\Community\Common7\IDE\PublicAssemblies\Microsoft.VisualStudio.PerformanceTools.Automation.dll
[0b00:0004][2017-10-17T09:47:45] Completed: Copying file /Contents/Common7/IDE/PublicAssemblies/Microsoft.VisualStudio.PerformanceTools.Automation.dll to C:\Program Files (x86)\Microsoft Visual Studio\2017\Community\Common7\IDE\PublicAssemblies\Microsoft.VisualStudio.PerformanceTools.Automation.dll
[0b00:0004][2017-10-17T09:47:45] Timestamp updated for file 'C:\Program Files (x86)\Microsoft Visual Studio\2017\Community\Common7\IDE\PublicAssemblies\Microsoft.VisualStudio.PerformanceTools.Automation.dll'.
[0b00:0004][2017-10-17T09:47:45] Processing file /Contents/Common7/Tools/vsdevcmd/ext/perf_tools.bat
[0b00:0004][2017-10-17T09:47:45] Started: Copying file /Contents/Common7/Tools/vsdevcmd/ext/perf_tools.bat to C:\Program Files (x86)\Microsoft Visual Studio\2017\Community\Common7\Tools\vsdevcmd\ext\perf_tools.bat
[0b00:0004][2017-10-17T09:47:45] Completed: Copying file /Contents/Common7/Tools/vsdevcmd/ext/perf_tools.bat to C:\Program Files (x86)\Microsoft Visual Studio\2017\Community\Common7\Tools\vsdevcmd\ext\perf_tools.bat
[0b00:0004][2017-10-17T09:47:45] Timestamp updated for file 'C:\Program Files (x86)\Microsoft Visual Studio\2017\Community\Common7\Tools\vsdevcmd\ext\perf_tools.bat'.
[0b00:0004][2017-10-17T09:47:45] Processing file /Contents/Team%20Tools/Performance%20Tools/CoverageDSPriv.xsd
[0b00:0004][2017-10-17T09:47:45] Started: Copying file /Contents/Team%20Tools/Performance%20Tools/CoverageDSPriv.xsd to C:\Program Files (x86)\Microsoft Visual Studio\2017\Community\Team Tools\Performance Tools\CoverageDSPriv.xsd
[0b00:0004][2017-10-17T09:47:45] Completed: Copying file /Contents/Team%20Tools/Performance%20Tools/CoverageDSPriv.xsd to C:\Program Files (x86)\Microsoft Visual Studio\2017\Community\Team Tools\Performance Tools\CoverageDSPriv.xsd
[0b00:0004][2017-10-17T09:47:45] Timestamp updated for file 'C:\Program Files (x86)\Microsoft Visual Studio\2017\Community\Team Tools\Performance Tools\CoverageDSPriv.xsd'.
[0b00:0004][2017-10-17T09:47:45] Processing file /Contents/Team%20Tools/Performance%20Tools/dbgcore.dll
[0b00:0004][2017-10-17T09:47:45] Started: Copying file /Contents/Team%20Tools/Performance%20Tools/dbgcore.dll to C:\Program Files (x86)\Microsoft Visual Studio\2017\Community\Team Tools\Performance Tools\dbgcore.dll
[0b00:0004][2017-10-17T09:47:45] Completed: Copying file /Contents/Team%20Tools/Performance%20Tools/dbgcore.dll to C:\Program Files (x86)\Microsoft Visual Studio\2017\Community\Team Tools\Performance Tools\dbgcore.dll
[0b00:0004][2017-10-17T09:47:45] Timestamp updated for file 'C:\Program Files (x86)\Microsoft Visual Studio\2017\Community\Team Tools\Performance Tools\dbgcore.dll'.
[0b00:0004][2017-10-17T09:47:45] Processing file /Contents/Team%20Tools/Performance%20Tools/dbghelp.dll
[0b00:0004][2017-10-17T09:47:45] Started: Copying file /Contents/Team%20Tools/Performance%20Tools/dbghelp.dll to C:\Program Files (x86)\Microsoft Visual Studio\2017\Community\Team Tools\Performance Tools\dbghelp.dll
[0b00:0004][2017-10-17T09:47:45] Completed: Copying file /Contents/Team%20Tools/Performance%20Tools/dbghelp.dll to C:\Program Files (x86)\Microsoft Visual Studio\2017\Community\Team Tools\Performance Tools\dbghelp.dll
[0b00:0004][2017-10-17T09:47:45] Timestamp updated for file 'C:\Program Files (x86)\Microsoft Visual Studio\2017\Community\Team Tools\Performance Tools\dbghelp.dll'.
[0b00:0004][2017-10-17T09:47:45] Processing file /Contents/Team%20Tools/Performance%20Tools/Microsoft.DbgHelp.manifest
[0b00:0004][2017-10-17T09:47:45] Started: Copying file /Contents/Team%20Tools/Performance%20Tools/Microsoft.DbgHelp.manifest to C:\Program Files (x86)\Microsoft Visual Studio\2017\Community\Team Tools\Performance Tools\Microsoft.DbgHelp.manifest
[0b00:0004][2017-10-17T09:47:45] Completed: Copying file /Contents/Team%20Tools/Performance%20Tools/Microsoft.DbgHelp.manifest to C:\Program Files (x86)\Microsoft Visual Studio\2017\Community\Team Tools\Performance Tools\Microsoft.DbgHelp.manifest
[0b00:0004][2017-10-17T09:47:45] Timestamp updated for file 'C:\Program Files (x86)\Microsoft Visual Studio\2017\Community\Team Tools\Performance Tools\Microsoft.DbgHelp.manifest'.
[0b00:0004][2017-10-17T09:47:45] Processing file /Contents/Team%20Tools/Performance%20Tools/Microsoft.VisualStudio.PerformanceTools.CounterInfo.dll
[0b00:0004][2017-10-17T09:47:45] Started: Copying file /Contents/Team%20Tools/Performance%20Tools/Microsoft.VisualStudio.PerformanceTools.CounterInfo.dll to C:\Program Files (x86)\Microsoft Visual Studio\2017\Community\Team Tools\Performance Tools\Microsoft.VisualStudio.PerformanceTools.CounterInfo.dll
[0b00:0004][2017-10-17T09:47:45] Completed: Copying file /Contents/Team%20Tools/Performance%20Tools/Microsoft.VisualStudio.PerformanceTools.CounterInfo.dll to C:\Program Files (x86)\Microsoft Visual Studio\2017\Community\Team Tools\Performance Tools\Microsoft.VisualStudio.PerformanceTools.CounterInfo.dll
[0b00:0004][2017-10-17T09:47:45] Timestamp updated for file 'C:\Program Files (x86)\Microsoft Visual Studio\2017\Community\Team Tools\Performance Tools\Microsoft.VisualStudio.PerformanceTools.CounterInfo.dll'.
[0b00:0004][2017-10-17T09:47:45] Queueing C:\Program Files (x86)\Microsoft Visual Studio\2017\Community\Team Tools\Performance Tools\Microsoft.VisualStudio.PerformanceTools.CounterInfo.dll for X86 ngen
[0b00:0004][2017-10-17T09:47:45] Successfully queued file '/Contents/Team Tools/Performance Tools/Microsoft.VisualStudio.PerformanceTools.CounterInfo.dll' for ngen
[0b00:0004][2017-10-17T09:47:45] Processing file /Contents/Team%20Tools/Performance%20Tools/Microsoft.VisualStudio.PerformanceTools.EtwMon.dll
[0b00:0004][2017-10-17T09:47:45] Started: Copying file /Contents/Team%20Tools/Performance%20Tools/Microsoft.VisualStudio.PerformanceTools.EtwMon.dll to C:\Program Files (x86)\Microsoft Visual Studio\2017\Community\Team Tools\Performance Tools\Microsoft.VisualStudio.PerformanceTools.EtwMon.dll
[0b00:0004][2017-10-17T09:47:45] Completed: Copying file /Contents/Team%20Tools/Performance%20Tools/Microsoft.VisualStudio.PerformanceTools.EtwMon.dll to C:\Program Files (x86)\Microsoft Visual Studio\2017\Community\Team Tools\Performance Tools\Microsoft.VisualStudio.PerformanceTools.EtwMon.dll
[0b00:0004][2017-10-17T09:47:45] Timestamp updated for file 'C:\Program Files (x86)\Microsoft Visual Studio\2017\Community\Team Tools\Performance Tools\Microsoft.VisualStudio.PerformanceTools.EtwMon.dll'.
[0b00:0004][2017-10-17T09:47:45] Processing file /Contents/Team%20Tools/Performance%20Tools/Microsoft.VisualStudio.PerformanceTools.RulesEngine.dll
[0b00:0004][2017-10-17T09:47:45] Started: Copying file /Contents/Team%20Tools/Performance%20Tools/Microsoft.VisualStudio.PerformanceTools.RulesEngine.dll to C:\Program Files (x86)\Microsoft Visual Studio\2017\Community\Team Tools\Performance Tools\Microsoft.VisualStudio.PerformanceTools.RulesEngine.dll
[0b00:0004][2017-10-17T09:47:45] Completed: Copying file /Contents/Team%20Tools/Performance%20Tools/Microsoft.VisualStudio.PerformanceTools.RulesEngine.dll to C:\Program Files (x86)\Microsoft Visual Studio\2017\Community\Team Tools\Performance Tools\Microsoft.VisualStudio.PerformanceTools.RulesEngine.dll
[0b00:0004][2017-10-17T09:47:45] Timestamp updated for file 'C:\Program Files (x86)\Microsoft Visual Studio\2017\Community\Team Tools\Performance Tools\Microsoft.VisualStudio.PerformanceTools.RulesEngine.dll'.
[0b00:0004][2017-10-17T09:47:45] Queueing C:\Program Files (x86)\Microsoft Visual Studio\2017\Community\Team Tools\Performance Tools\Microsoft.VisualStudio.PerformanceTools.RulesEngine.dll for X86 ngen
[0b00:0004][2017-10-17T09:47:45] Successfully queued file '/Contents/Team Tools/Performance Tools/Microsoft.VisualStudio.PerformanceTools.RulesEngine.dll' for ngen
[0b00:0004][2017-10-17T09:47:45] Processing file /Contents/Team%20Tools/Performance%20Tools/Microsoft.VisualStudio.PerformanceTools.Visualization.dll
[0b00:0004][2017-10-17T09:47:45] Started: Copying file /Contents/Team%20Tools/Performance%20Tools/Microsoft.VisualStudio.PerformanceTools.Visualization.dll to C:\Program Files (x86)\Microsoft Visual Studio\2017\Community\Team Tools\Performance Tools\Microsoft.VisualStudio.PerformanceTools.Visualization.dll
[0b00:0004][2017-10-17T09:47:45] Completed: Copying file /Contents/Team%20Tools/Performance%20Tools/Microsoft.VisualStudio.PerformanceTools.Visualization.dll to C:\Program Files (x86)\Microsoft Visual Studio\2017\Community\Team Tools\Performance Tools\Microsoft.VisualStudio.PerformanceTools.Visualization.dll
[0b00:0004][2017-10-17T09:47:45] Timestamp updated for file 'C:\Program Files (x86)\Microsoft Visual Studio\2017\Community\Team Tools\Performance Tools\Microsoft.VisualStudio.PerformanceTools.Visualization.dll'.
[0b00:0004][2017-10-17T09:47:45] Queueing C:\Program Files (x86)\Microsoft Visual Studio\2017\Community\Team Tools\Performance Tools\Microsoft.VisualStudio.PerformanceTools.Visualization.dll for X86 ngen
[0b00:0004][2017-10-17T09:47:45] Successfully queued file '/Contents/Team Tools/Performance Tools/Microsoft.VisualStudio.PerformanceTools.Visualization.dll' for ngen
[0b00:0004][2017-10-17T09:47:45] Processing file /Contents/Team%20Tools/Performance%20Tools/msdia140.dll
[0b00:0004][2017-10-17T09:47:45] Started: Copying file /Contents/Team%20Tools/Performance%20Tools/msdia140.dll to C:\Program Files (x86)\Microsoft Visual Studio\2017\Community\Team Tools\Performance Tools\msdia140.dll
[0b00:0004][2017-10-17T09:47:45] Completed: Copying file /Contents/Team%20Tools/Performance%20Tools/msdia140.dll to C:\Program Files (x86)\Microsoft Visual Studio\2017\Community\Team Tools\Performance Tools\msdia140.dll
[0b00:0004][2017-10-17T09:47:45] Timestamp updated for file 'C:\Program Files (x86)\Microsoft Visual Studio\2017\Community\Team Tools\Performance Tools\msdia140.dll'.
[0b00:0004][2017-10-17T09:47:45] Processing file /Contents/Team%20Tools/Performance%20Tools/msdia140.dll.manifest
[0b00:0004][2017-10-17T09:47:45] Started: Copying file /Contents/Team%20Tools/Performance%20Tools/msdia140.dll.manifest to C:\Program Files (x86)\Microsoft Visual Studio\2017\Community\Team Tools\Performance Tools\msdia140.dll.manifest
[0b00:0004][2017-10-17T09:47:45] Completed: Copying file /Contents/Team%20Tools/Performance%20Tools/msdia140.dll.manifest to C:\Program Files (x86)\Microsoft Visual Studio\2017\Community\Team Tools\Performance Tools\msdia140.dll.manifest
[0b00:0004][2017-10-17T09:47:45] Timestamp updated for file 'C:\Program Files (x86)\Microsoft Visual Studio\2017\Community\Team Tools\Performance Tools\msdia140.dll.manifest'.
[0b00:0004][2017-10-17T09:47:45] Processing file /Contents/Team%20Tools/Performance%20Tools/PerfItems/Performance.psess
[0b00:0004][2017-10-17T09:47:45] Started: Copying file /Contents/Team%20Tools/Performance%20Tools/PerfItems/Performance.psess to C:\Program Files (x86)\Microsoft Visual Studio\2017\Community\Team Tools\Performance Tools\PerfItems\Performance.psess
[0b00:0004][2017-10-17T09:47:45] Completed: Copying file /Contents/Team%20Tools/Performance%20Tools/PerfItems/Performance.psess to C:\Program Files (x86)\Microsoft Visual Studio\2017\Community\Team Tools\Performance Tools\PerfItems\Performance.psess
[0b00:0004][2017-10-17T09:47:45] Timestamp updated for file 'C:\Program Files (x86)\Microsoft Visual Studio\2017\Community\Team Tools\Performance Tools\PerfItems\Performance.psess'.
[0b00:0004][2017-10-17T09:47:45] Processing file /Contents/Team%20Tools/Performance%20Tools/PerfItems/Performance.vsdir
[0b00:0004][2017-10-17T09:47:45] Started: Copying file /Contents/Team%20Tools/Performance%20Tools/PerfItems/Performance.vsdir to C:\Program Files (x86)\Microsoft Visual Studio\2017\Community\Team Tools\Performance Tools\PerfItems\Performance.vsdir
[0b00:0004][2017-10-17T09:47:45] Completed: Copying file /Contents/Team%20Tools/Performance%20Tools/PerfItems/Performance.vsdir to C:\Program Files (x86)\Microsoft Visual Studio\2017\Community\Team Tools\Performance Tools\PerfItems\Performance.vsdir
[0b00:0004][2017-10-17T09:47:45] Timestamp updated for file 'C:\Program Files (x86)\Microsoft Visual Studio\2017\Community\Team Tools\Performance Tools\PerfItems\Performance.vsdir'.
[0b00:0004][2017-10-17T09:47:45] Processing file /Contents/Team%20Tools/Performance%20Tools/PerfItems/Performance.vsz
[0b00:0004][2017-10-17T09:47:45] Started: Copying file /Contents/Team%20Tools/Performance%20Tools/PerfItems/Performance.vsz to C:\Program Files (x86)\Microsoft Visual Studio\2017\Community\Team Tools\Performance Tools\PerfItems\Performance.vsz
[0b00:0004][2017-10-17T09:47:45] Completed: Copying file /Contents/Team%20Tools/Performance%20Tools/PerfItems/Performance.vsz to C:\Program Files (x86)\Microsoft Visual Studio\2017\Community\Team Tools\Performance Tools\PerfItems\Performance.vsz
[0b00:0004][2017-10-17T09:47:45] Timestamp updated for file 'C:\Program Files (x86)\Microsoft Visual Studio\2017\Community\Team Tools\Performance Tools\PerfItems\Performance.vsz'.
[0b00:0004][2017-10-17T09:47:45] Processing file /Contents/Team%20Tools/Performance%20Tools/PerfPkg.dll
[0b00:0004][2017-10-17T09:47:45] Started: Copying file /Contents/Team%20Tools/Performance%20Tools/PerfPkg.dll to C:\Program Files (x86)\Microsoft Visual Studio\2017\Community\Team Tools\Performance Tools\PerfPkg.dll
[0b00:0004][2017-10-17T09:47:45] Completed: Copying file /Contents/Team%20Tools/Performance%20Tools/PerfPkg.dll to C:\Program Files (x86)\Microsoft Visual Studio\2017\Community\Team Tools\Performance Tools\PerfPkg.dll
[0b00:0004][2017-10-17T09:47:45] Timestamp updated for file 'C:\Program Files (x86)\Microsoft Visual Studio\2017\Community\Team Tools\Performance Tools\PerfPkg.dll'.
[0b00:0004][2017-10-17T09:47:45] Queueing C:\Program Files (x86)\Microsoft Visual Studio\2017\Community\Team Tools\Performance Tools\PerfPkg.dll for X86 ngen
[0b00:0004][2017-10-17T09:47:45] Successfully queued file '/Contents/Team Tools/Performance Tools/PerfPkg.dll' for ngen
[0b00:0004][2017-10-17T09:47:45] Processing file /Contents/Team%20Tools/Performance%20Tools/PerfSDK/vsperf.h
[0b00:0004][2017-10-17T09:47:45] Started: Copying file /Contents/Team%20Tools/Performance%20Tools/PerfSDK/vsperf.h to C:\Program Files (x86)\Microsoft Visual Studio\2017\Community\Team Tools\Performance Tools\PerfSDK\vsperf.h
[0b00:0004][2017-10-17T09:47:45] Completed: Copying file /Contents/Team%20Tools/Performance%20Tools/PerfSDK/vsperf.h to C:\Program Files (x86)\Microsoft Visual Studio\2017\Community\Team Tools\Performance Tools\PerfSDK\vsperf.h
[0b00:0004][2017-10-17T09:47:45] Timestamp updated for file 'C:\Program Files (x86)\Microsoft Visual Studio\2017\Community\Team Tools\Performance Tools\PerfSDK\vsperf.h'.
[0b00:0004][2017-10-17T09:47:45] Processing file /Contents/Team%20Tools/Performance%20Tools/PerfSDK/vsperf.lib
[0b00:0004][2017-10-17T09:47:45] Started: Copying file /Contents/Team%20Tools/Performance%20Tools/PerfSDK/vsperf.lib to C:\Program Files (x86)\Microsoft Visual Studio\2017\Community\Team Tools\Performance Tools\PerfSDK\vsperf.lib
[0b00:0004][2017-10-17T09:47:45] Completed: Copying file /Contents/Team%20Tools/Performance%20Tools/PerfSDK/vsperf.lib to C:\Program Files (x86)\Microsoft Visual Studio\2017\Community\Team Tools\Performance Tools\PerfSDK\vsperf.lib
[0b00:0004][2017-10-17T09:47:45] Timestamp updated for file 'C:\Program Files (x86)\Microsoft Visual Studio\2017\Community\Team Tools\Performance Tools\PerfSDK\vsperf.lib'.
[0b00:0004][2017-10-17T09:47:45] Processing file /Contents/Team%20Tools/Performance%20Tools/Plugins/Concurrency.viewplugin
[0b00:0004][2017-10-17T09:47:45] Started: Copying file /Contents/Team%20Tools/Performance%20Tools/Plugins/Concurrency.viewplugin to C:\Program Files (x86)\Microsoft Visual Studio\2017\Community\Team Tools\Performance Tools\Plugins\Concurrency.viewplugin
[0b00:0004][2017-10-17T09:47:45] Completed: Copying file /Contents/Team%20Tools/Performance%20Tools/Plugins/Concurrency.viewplugin to C:\Program Files (x86)\Microsoft Visual Studio\2017\Community\Team Tools\Performance Tools\Plugins\Concurrency.viewplugin
[0b00:0004][2017-10-17T09:47:45] Timestamp updated for file 'C:\Program Files (x86)\Microsoft Visual Studio\2017\Community\Team Tools\Performance Tools\Plugins\Concurrency.viewplugin'.
[0b00:0004][2017-10-17T09:47:45] Processing file /Contents/Team%20Tools/Performance%20Tools/Plugins/ConcurrencyPlugins.dll
[0b00:0004][2017-10-17T09:47:45] Started: Copying file /Contents/Team%20Tools/Performance%20Tools/Plugins/ConcurrencyPlugins.dll to C:\Program Files (x86)\Microsoft Visual Studio\2017\Community\Team Tools\Performance Tools\Plugins\ConcurrencyPlugins.dll
[0b00:0004][2017-10-17T09:47:45] Completed: Copying file /Contents/Team%20Tools/Performance%20Tools/Plugins/ConcurrencyPlugins.dll to C:\Program Files (x86)\Microsoft Visual Studio\2017\Community\Team Tools\Performance Tools\Plugins\ConcurrencyPlugins.dll
[0b00:0004][2017-10-17T09:47:45] Timestamp updated for file 'C:\Program Files (x86)\Microsoft Visual Studio\2017\Community\Team Tools\Performance Tools\Plugins\ConcurrencyPlugins.dll'.
[0b00:0004][2017-10-17T09:47:45] Processing file /Contents/Team%20Tools/Performance%20Tools/Plugins/EtwMetadata.dll
[0b00:0004][2017-10-17T09:47:45] Started: Copying file /Contents/Team%20Tools/Performance%20Tools/Plugins/EtwMetadata.dll to C:\Program Files (x86)\Microsoft Visual Studio\2017\Community\Team Tools\Performance Tools\Plugins\EtwMetadata.dll
[0b00:0004][2017-10-17T09:47:45] Completed: Copying file /Contents/Team%20Tools/Performance%20Tools/Plugins/EtwMetadata.dll to C:\Program Files (x86)\Microsoft Visual Studio\2017\Community\Team Tools\Performance Tools\Plugins\EtwMetadata.dll
[0b00:0004][2017-10-17T09:47:45] Timestamp updated for file 'C:\Program Files (x86)\Microsoft Visual Studio\2017\Community\Team Tools\Performance Tools\Plugins\EtwMetadata.dll'.
[0b00:0004][2017-10-17T09:47:45] Processing file /Contents/Team%20Tools/Performance%20Tools/Plugins/EtwReader2.dll
[0b00:0004][2017-10-17T09:47:45] Started: Copying file /Contents/Team%20Tools/Performance%20Tools/Plugins/EtwReader2.dll to C:\Program Files (x86)\Microsoft Visual Studio\2017\Community\Team Tools\Performance Tools\Plugins\EtwReader2.dll
[0b00:0004][2017-10-17T09:47:45] Completed: Copying file /Contents/Team%20Tools/Performance%20Tools/Plugins/EtwReader2.dll to C:\Program Files (x86)\Microsoft Visual Studio\2017\Community\Team Tools\Performance Tools\Plugins\EtwReader2.dll
[0b00:0004][2017-10-17T09:47:45] Timestamp updated for file 'C:\Program Files (x86)\Microsoft Visual Studio\2017\Community\Team Tools\Performance Tools\Plugins\EtwReader2.dll'.
[0b00:0004][2017-10-17T09:47:45] Processing file /Contents/Team%20Tools/Performance%20Tools/Plugins/EtwTraceSource.dll
[0b00:0004][2017-10-17T09:47:45] Started: Copying file /Contents/Team%20Tools/Performance%20Tools/Plugins/EtwTraceSource.dll to C:\Program Files (x86)\Microsoft Visual Studio\2017\Community\Team Tools\Performance Tools\Plugins\EtwTraceSource.dll
[0b00:0004][2017-10-17T09:47:45] Completed: Copying file /Contents/Team%20Tools/Performance%20Tools/Plugins/EtwTraceSource.dll to C:\Program Files (x86)\Microsoft Visual Studio\2017\Community\Team Tools\Performance Tools\Plugins\EtwTraceSource.dll
[0b00:0004][2017-10-17T09:47:45] Timestamp updated for file 'C:\Program Files (x86)\Microsoft Visual Studio\2017\Community\Team Tools\Performance Tools\Plugins\EtwTraceSource.dll'.
[0b00:0004][2017-10-17T09:47:45] Processing file /Contents/Team%20Tools/Performance%20Tools/Plugins/Microsoft.ParallelPerformance.Framework.Presentation.dll
[0b00:0004][2017-10-17T09:47:45] Started: Copying file /Contents/Team%20Tools/Performance%20Tools/Plugins/Microsoft.ParallelPerformance.Framework.Presentation.dll to C:\Program Files (x86)\Microsoft Visual Studio\2017\Community\Team Tools\Performance Tools\Plugins\Microsoft.ParallelPerformance.Framework.Presentation.dll
[0b00:0004][2017-10-17T09:47:45] Completed: Copying file /Contents/Team%20Tools/Performance%20Tools/Plugins/Microsoft.ParallelPerformance.Framework.Presentation.dll to C:\Program Files (x86)\Microsoft Visual Studio\2017\Community\Team Tools\Performance Tools\Plugins\Microsoft.ParallelPerformance.Framework.Presentation.dll
[0b00:0004][2017-10-17T09:47:45] Timestamp updated for file 'C:\Program Files (x86)\Microsoft Visual Studio\2017\Community\Team Tools\Performance Tools\Plugins\Microsoft.ParallelPerformance.Framework.Presentation.dll'.
[0b00:0004][2017-10-17T09:47:45] Processing file /Contents/Team%20Tools/Performance%20Tools/Plugins/Microsoft.ParallelPerformance.Framework.Processing.dll
[0b00:0004][2017-10-17T09:47:45] Started: Copying file /Contents/Team%20Tools/Performance%20Tools/Plugins/Microsoft.ParallelPerformance.Framework.Processing.dll to C:\Program Files (x86)\Microsoft Visual Studio\2017\Community\Team Tools\Performance Tools\Plugins\Microsoft.ParallelPerformance.Framework.Processing.dll
[0b00:0004][2017-10-17T09:47:45] Completed: Copying file /Contents/Team%20Tools/Performance%20Tools/Plugins/Microsoft.ParallelPerformance.Framework.Processing.dll to C:\Program Files (x86)\Microsoft Visual Studio\2017\Community\Team Tools\Performance Tools\Plugins\Microsoft.ParallelPerformance.Framework.Processing.dll
[0b00:0004][2017-10-17T09:47:45] Timestamp updated for file 'C:\Program Files (x86)\Microsoft Visual Studio\2017\Community\Team Tools\Performance Tools\Plugins\Microsoft.ParallelPerformance.Framework.Processing.dll'.
[0b00:0004][2017-10-17T09:47:45] Processing file /Contents/Team%20Tools/Performance%20Tools/Plugins/Microsoft.ParallelPerformance.Plugins.ConcurrencyAnalysis.dll
[0b00:0004][2017-10-17T09:47:45] Started: Copying file /Contents/Team%20Tools/Performance%20Tools/Plugins/Microsoft.ParallelPerformance.Plugins.ConcurrencyAnalysis.dll to C:\Program Files (x86)\Microsoft Visual Studio\2017\Community\Team Tools\Performance Tools\Plugins\Microsoft.ParallelPerformance.Plugins.ConcurrencyAnalysis.dll
[0b00:0004][2017-10-17T09:47:45] Completed: Copying file /Contents/Team%20Tools/Performance%20Tools/Plugins/Microsoft.ParallelPerformance.Plugins.ConcurrencyAnalysis.dll to C:\Program Files (x86)\Microsoft Visual Studio\2017\Community\Team Tools\Performance Tools\Plugins\Microsoft.ParallelPerformance.Plugins.ConcurrencyAnalysis.dll
[0b00:0004][2017-10-17T09:47:45] Timestamp updated for file 'C:\Program Files (x86)\Microsoft Visual Studio\2017\Community\Team Tools\Performance Tools\Plugins\Microsoft.ParallelPerformance.Plugins.ConcurrencyAnalysis.dll'.
[0b00:0004][2017-10-17T09:47:45] Processing file /Contents/Team%20Tools/Performance%20Tools/Plugins/Microsoft.ParallelPerformance.Plugins.ConcurrencyViews.dll
[0b00:0004][2017-10-17T09:47:45] Started: Copying file /Contents/Team%20Tools/Performance%20Tools/Plugins/Microsoft.ParallelPerformance.Plugins.ConcurrencyViews.dll to C:\Program Files (x86)\Microsoft Visual Studio\2017\Community\Team Tools\Performance Tools\Plugins\Microsoft.ParallelPerformance.Plugins.ConcurrencyViews.dll
[0b00:0004][2017-10-17T09:47:45] Completed: Copying file /Contents/Team%20Tools/Performance%20Tools/Plugins/Microsoft.ParallelPerformance.Plugins.ConcurrencyViews.dll to C:\Program Files (x86)\Microsoft Visual Studio\2017\Community\Team Tools\Performance Tools\Plugins\Microsoft.ParallelPerformance.Plugins.ConcurrencyViews.dll
[0b00:0004][2017-10-17T09:47:45] Timestamp updated for file 'C:\Program Files (x86)\Microsoft Visual Studio\2017\Community\Team Tools\Performance Tools\Plugins\Microsoft.ParallelPerformance.Plugins.ConcurrencyViews.dll'.
[0b00:0004][2017-10-17T09:47:45] Processing file /Contents/Team%20Tools/Performance%20Tools/Plugins/Microsoft.VisualStudio.PerformanceTools.EtlReader.dll
[0b00:0004][2017-10-17T09:47:45] Started: Copying file /Contents/Team%20Tools/Performance%20Tools/Plugins/Microsoft.VisualStudio.PerformanceTools.EtlReader.dll to C:\Program Files (x86)\Microsoft Visual Studio\2017\Community\Team Tools\Performance Tools\Plugins\Microsoft.VisualStudio.PerformanceTools.EtlReader.dll
[0b00:0004][2017-10-17T09:47:45] Completed: Copying file /Contents/Team%20Tools/Performance%20Tools/Plugins/Microsoft.VisualStudio.PerformanceTools.EtlReader.dll to C:\Program Files (x86)\Microsoft Visual Studio\2017\Community\Team Tools\Performance Tools\Plugins\Microsoft.VisualStudio.PerformanceTools.EtlReader.dll
[0b00:0004][2017-10-17T09:47:45] Timestamp updated for file 'C:\Program Files (x86)\Microsoft Visual Studio\2017\Community\Team Tools\Performance Tools\Plugins\Microsoft.VisualStudio.PerformanceTools.EtlReader.dll'.
[0b00:0004][2017-10-17T09:47:45] Processing file /Contents/Team%20Tools/Performance%20Tools/Plugins/Microsoft.VisualStudio.PerformanceTools.Plugins.dll
[0b00:0004][2017-10-17T09:47:45] Started: Copying file /Contents/Team%20Tools/Performance%20Tools/Plugins/Microsoft.VisualStudio.PerformanceTools.Plugins.dll to C:\Program Files (x86)\Microsoft Visual Studio\2017\Community\Team Tools\Performance Tools\Plugins\Microsoft.VisualStudio.PerformanceTools.Plugins.dll
[0b00:0004][2017-10-17T09:47:45] Completed: Copying file /Contents/Team%20Tools/Performance%20Tools/Plugins/Microsoft.VisualStudio.PerformanceTools.Plugins.dll to C:\Program Files (x86)\Microsoft Visual Studio\2017\Community\Team Tools\Performance Tools\Plugins\Microsoft.VisualStudio.PerformanceTools.Plugins.dll
[0b00:0004][2017-10-17T09:47:45] Timestamp updated for file 'C:\Program Files (x86)\Microsoft Visual Studio\2017\Community\Team Tools\Performance Tools\Plugins\Microsoft.VisualStudio.PerformanceTools.Plugins.dll'.
[0b00:0004][2017-10-17T09:47:45] Processing file /Contents/Team%20Tools/Performance%20Tools/Plugins/msdia140typelib_clr0200.dll
[0b00:0004][2017-10-17T09:47:45] Started: Copying file /Contents/Team%20Tools/Performance%20Tools/Plugins/msdia140typelib_clr0200.dll to C:\Program Files (x86)\Microsoft Visual Studio\2017\Community\Team Tools\Performance Tools\Plugins\msdia140typelib_clr0200.dll
[0b00:0004][2017-10-17T09:47:45] Completed: Copying file /Contents/Team%20Tools/Performance%20Tools/Plugins/msdia140typelib_clr0200.dll to C:\Program Files (x86)\Microsoft Visual Studio\2017\Community\Team Tools\Performance Tools\Plugins\msdia140typelib_clr0200.dll
[0b00:0004][2017-10-17T09:47:45] Timestamp updated for file 'C:\Program Files (x86)\Microsoft Visual Studio\2017\Community\Team Tools\Performance Tools\Plugins\msdia140typelib_clr0200.dll'.
[0b00:0004][2017-10-17T09:47:45] Processing file /Contents/Team%20Tools/Performance%20Tools/Plugins/ReaderFactoryConfig.xml
[0b00:0004][2017-10-17T09:47:45] Started: Copying file /Contents/Team%20Tools/Performance%20Tools/Plugins/ReaderFactoryConfig.xml to C:\Program Files (x86)\Microsoft Visual Studio\2017\Community\Team Tools\Performance Tools\Plugins\ReaderFactoryConfig.xml
[0b00:0004][2017-10-17T09:47:45] Completed: Copying file /Contents/Team%20Tools/Performance%20Tools/Plugins/ReaderFactoryConfig.xml to C:\Program Files (x86)\Microsoft Visual Studio\2017\Community\Team Tools\Performance Tools\Plugins\ReaderFactoryConfig.xml
[0b00:0004][2017-10-17T09:47:45] Timestamp updated for file 'C:\Program Files (x86)\Microsoft Visual Studio\2017\Community\Team Tools\Performance Tools\Plugins\ReaderFactoryConfig.xml'.
[0b00:0004][2017-10-17T09:47:45] Processing file /Contents/Team%20Tools/Performance%20Tools/Plugins/ReaderFactoryConfigVspx.xml
[0b00:0004][2017-10-17T09:47:45] Started: Copying file /Contents/Team%20Tools/Performance%20Tools/Plugins/ReaderFactoryConfigVspx.xml to C:\Program Files (x86)\Microsoft Visual Studio\2017\Community\Team Tools\Performance Tools\Plugins\ReaderFactoryConfigVspx.xml
[0b00:0004][2017-10-17T09:47:45] Completed: Copying file /Contents/Team%20Tools/Performance%20Tools/Plugins/ReaderFactoryConfigVspx.xml to C:\Program Files (x86)\Microsoft Visual Studio\2017\Community\Team Tools\Performance Tools\Plugins\ReaderFactoryConfigVspx.xml
[0b00:0004][2017-10-17T09:47:45] Timestamp updated for file 'C:\Program Files (x86)\Microsoft Visual Studio\2017\Community\Team Tools\Performance Tools\Plugins\ReaderFactoryConfigVspx.xml'.
[0b00:0004][2017-10-17T09:47:45] Processing file /Contents/Team%20Tools/Performance%20Tools/ProfilingTasks.xml
[0b00:0004][2017-10-17T09:47:45] Started: Copying file /Contents/Team%20Tools/Performance%20Tools/ProfilingTasks.xml to C:\Program Files (x86)\Microsoft Visual Studio\2017\Community\Team Tools\Performance Tools\ProfilingTasks.xml
[0b00:0004][2017-10-17T09:47:45] Completed: Copying file /Contents/Team%20Tools/Performance%20Tools/ProfilingTasks.xml to C:\Program Files (x86)\Microsoft Visual Studio\2017\Community\Team Tools\Performance Tools\ProfilingTasks.xml
[0b00:0004][2017-10-17T09:47:45] Timestamp updated for file 'C:\Program Files (x86)\Microsoft Visual Studio\2017\Community\Team Tools\Performance Tools\ProfilingTasks.xml'.
[0b00:0004][2017-10-17T09:47:45] Processing file /Contents/Team%20Tools/Performance%20Tools/ProfilingTasks.xsd
[0b00:0004][2017-10-17T09:47:45] Started: Copying file /Contents/Team%20Tools/Performance%20Tools/ProfilingTasks.xsd to C:\Program Files (x86)\Microsoft Visual Studio\2017\Community\Team Tools\Performance Tools\ProfilingTasks.xsd
[0b00:0004][2017-10-17T09:47:45] Completed: Copying file /Contents/Team%20Tools/Performance%20Tools/ProfilingTasks.xsd to C:\Program Files (x86)\Microsoft Visual Studio\2017\Community\Team Tools\Performance Tools\ProfilingTasks.xsd
[0b00:0004][2017-10-17T09:47:45] Timestamp updated for file 'C:\Program Files (x86)\Microsoft Visual Studio\2017\Community\Team Tools\Performance Tools\ProfilingTasks.xsd'.
[0b00:0004][2017-10-17T09:47:45] Processing file /Contents/Team%20Tools/Performance%20Tools/ReportMetadata.xsd
[0b00:0004][2017-10-17T09:47:45] Started: Copying file /Contents/Team%20Tools/Performance%20Tools/ReportMetadata.xsd to C:\Program Files (x86)\Microsoft Visual Studio\2017\Community\Team Tools\Performance Tools\ReportMetadata.xsd
[0b00:0004][2017-10-17T09:47:45] Completed: Copying file /Contents/Team%20Tools/Performance%20Tools/ReportMetadata.xsd to C:\Program Files (x86)\Microsoft Visual Studio\2017\Community\Team Tools\Performance Tools\ReportMetadata.xsd
[0b00:0004][2017-10-17T09:47:45] Timestamp updated for file 'C:\Program Files (x86)\Microsoft Visual Studio\2017\Community\Team Tools\Performance Tools\ReportMetadata.xsd'.
[0b00:0004][2017-10-17T09:47:45] Processing file /Contents/Team%20Tools/Performance%20Tools/symsrv.dll
[0b00:0004][2017-10-17T09:47:45] Started: Copying file /Contents/Team%20Tools/Performance%20Tools/symsrv.dll to C:\Program Files (x86)\Microsoft Visual Studio\2017\Community\Team Tools\Performance Tools\symsrv.dll
[0b00:0004][2017-10-17T09:47:45] Completed: Copying file /Contents/Team%20Tools/Performance%20Tools/symsrv.dll to C:\Program Files (x86)\Microsoft Visual Studio\2017\Community\Team Tools\Performance Tools\symsrv.dll
[0b00:0004][2017-10-17T09:47:45] Timestamp updated for file 'C:\Program Files (x86)\Microsoft Visual Studio\2017\Community\Team Tools\Performance Tools\symsrv.dll'.
[0b00:0004][2017-10-17T09:47:45] Processing file /Contents/Team%20Tools/Performance%20Tools/symsrv.yes
[0b00:0004][2017-10-17T09:47:45] Started: Copying file /Contents/Team%20Tools/Performance%20Tools/symsrv.yes to C:\Program Files (x86)\Microsoft Visual Studio\2017\Community\Team Tools\Performance Tools\symsrv.yes
[0b00:0004][2017-10-17T09:47:45] Completed: Copying file /Contents/Team%20Tools/Performance%20Tools/symsrv.yes to C:\Program Files (x86)\Microsoft Visual Studio\2017\Community\Team Tools\Performance Tools\symsrv.yes
[0b00:0004][2017-10-17T09:47:45] Timestamp updated for file 'C:\Program Files (x86)\Microsoft Visual Studio\2017\Community\Team Tools\Performance Tools\symsrv.yes'.
[0b00:0004][2017-10-17T09:47:45] Processing file /Contents/Team%20Tools/Performance%20Tools/vsinstr.exe
[0b00:0004][2017-10-17T09:47:45] Started: Copying file /Contents/Team%20Tools/Performance%20Tools/vsinstr.exe to C:\Program Files (x86)\Microsoft Visual Studio\2017\Community\Team Tools\Performance Tools\vsinstr.exe
[0b00:0004][2017-10-17T09:47:45] Completed: Copying file /Contents/Team%20Tools/Performance%20Tools/vsinstr.exe to C:\Program Files (x86)\Microsoft Visual Studio\2017\Community\Team Tools\Performance Tools\vsinstr.exe
[0b00:0004][2017-10-17T09:47:45] Timestamp updated for file 'C:\Program Files (x86)\Microsoft Visual Studio\2017\Community\Team Tools\Performance Tools\vsinstr.exe'.
[0b00:0004][2017-10-17T09:47:45] Processing file /Contents/Team%20Tools/Performance%20Tools/VSPerf.exe
[0b00:0004][2017-10-17T09:47:45] Started: Copying file /Contents/Team%20Tools/Performance%20Tools/VSPerf.exe to C:\Program Files (x86)\Microsoft Visual Studio\2017\Community\Team Tools\Performance Tools\VSPerf.exe
[0b00:0004][2017-10-17T09:47:45] Completed: Copying file /Contents/Team%20Tools/Performance%20Tools/VSPerf.exe to C:\Program Files (x86)\Microsoft Visual Studio\2017\Community\Team Tools\Performance Tools\VSPerf.exe
[0b00:0004][2017-10-17T09:47:45] Timestamp updated for file 'C:\Program Files (x86)\Microsoft Visual Studio\2017\Community\Team Tools\Performance Tools\VSPerf.exe'.
[0b00:0004][2017-10-17T09:47:45] Processing file /Contents/Team%20Tools/Performance%20Tools/VSPerf.exe.config
[0b00:0004][2017-10-17T09:47:45] Started: Copying file /Contents/Team%20Tools/Performance%20Tools/VSPerf.exe.config to C:\Program Files (x86)\Microsoft Visual Studio\2017\Community\Team Tools\Performance Tools\VSPerf.exe.config
[0b00:0004][2017-10-17T09:47:45] Completed: Copying file /Contents/Team%20Tools/Performance%20Tools/VSPerf.exe.config to C:\Program Files (x86)\Microsoft Visual Studio\2017\Community\Team Tools\Performance Tools\VSPerf.exe.config
[0b00:0004][2017-10-17T09:47:45] Timestamp updated for file 'C:\Program Files (x86)\Microsoft Visual Studio\2017\Community\Team Tools\Performance Tools\VSPerf.exe.config'.
[0b00:0004][2017-10-17T09:47:45] Processing file /Contents/Team%20Tools/Performance%20Tools/VSPerfAnalysis.dll
[0b00:0004][2017-10-17T09:47:45] Started: Copying file /Contents/Team%20Tools/Performance%20Tools/VSPerfAnalysis.dll to C:\Program Files (x86)\Microsoft Visual Studio\2017\Community\Team Tools\Performance Tools\VSPerfAnalysis.dll
[0b00:0004][2017-10-17T09:47:45] Completed: Copying file /Contents/Team%20Tools/Performance%20Tools/VSPerfAnalysis.dll to C:\Program Files (x86)\Microsoft Visual Studio\2017\Community\Team Tools\Performance Tools\VSPerfAnalysis.dll
[0b00:0004][2017-10-17T09:47:45] Timestamp updated for file 'C:\Program Files (x86)\Microsoft Visual Studio\2017\Community\Team Tools\Performance Tools\VSPerfAnalysis.dll'.
[0b00:0004][2017-10-17T09:47:45] Processing file /Contents/Team%20Tools/Performance%20Tools/VSPerfControl.Interop.dll
[0b00:0004][2017-10-17T09:47:45] Started: Copying file /Contents/Team%20Tools/Performance%20Tools/VSPerfControl.Interop.dll to C:\Program Files (x86)\Microsoft Visual Studio\2017\Community\Team Tools\Performance Tools\VSPerfControl.Interop.dll
[0b00:0004][2017-10-17T09:47:45] Completed: Copying file /Contents/Team%20Tools/Performance%20Tools/VSPerfControl.Interop.dll to C:\Program Files (x86)\Microsoft Visual Studio\2017\Community\Team Tools\Performance Tools\VSPerfControl.Interop.dll
[0b00:0004][2017-10-17T09:47:45] Timestamp updated for file 'C:\Program Files (x86)\Microsoft Visual Studio\2017\Community\Team Tools\Performance Tools\VSPerfControl.Interop.dll'.
[0b00:0004][2017-10-17T09:47:45] Processing file /Contents/Team%20Tools/Performance%20Tools/VSPerfData.dll
[0b00:0004][2017-10-17T09:47:45] Started: Copying file /Contents/Team%20Tools/Performance%20Tools/VSPerfData.dll to C:\Program Files (x86)\Microsoft Visual Studio\2017\Community\Team Tools\Performance Tools\VSPerfData.dll
[0b00:0004][2017-10-17T09:47:45] Completed: Copying file /Contents/Team%20Tools/Performance%20Tools/VSPerfData.dll to C:\Program Files (x86)\Microsoft Visual Studio\2017\Community\Team Tools\Performance Tools\VSPerfData.dll
[0b00:0004][2017-10-17T09:47:45] Timestamp updated for file 'C:\Program Files (x86)\Microsoft Visual Studio\2017\Community\Team Tools\Performance Tools\VSPerfData.dll'.
[0b00:0004][2017-10-17T09:47:45] Processing file /Contents/Team%20Tools/Performance%20Tools/VSPerfPresentation.dll
[0b00:0004][2017-10-17T09:47:45] Started: Copying file /Contents/Team%20Tools/Performance%20Tools/VSPerfPresentation.dll to C:\Program Files (x86)\Microsoft Visual Studio\2017\Community\Team Tools\Performance Tools\VSPerfPresentation.dll
[0b00:0004][2017-10-17T09:47:45] Completed: Copying file /Contents/Team%20Tools/Performance%20Tools/VSPerfPresentation.dll to C:\Program Files (x86)\Microsoft Visual Studio\2017\Community\Team Tools\Performance Tools\VSPerfPresentation.dll
[0b00:0004][2017-10-17T09:47:45] Timestamp updated for file 'C:\Program Files (x86)\Microsoft Visual Studio\2017\Community\Team Tools\Performance Tools\VSPerfPresentation.dll'.
[0b00:0004][2017-10-17T09:47:45] Processing file /Contents/Team%20Tools/Performance%20Tools/VsPerfReader.dll
[0b00:0004][2017-10-17T09:47:45] Started: Copying file /Contents/Team%20Tools/Performance%20Tools/VsPerfReader.dll to C:\Program Files (x86)\Microsoft Visual Studio\2017\Community\Team Tools\Performance Tools\VsPerfReader.dll
[0b00:0004][2017-10-17T09:47:45] Completed: Copying file /Contents/Team%20Tools/Performance%20Tools/VsPerfReader.dll to C:\Program Files (x86)\Microsoft Visual Studio\2017\Community\Team Tools\Performance Tools\VsPerfReader.dll
[0b00:0004][2017-10-17T09:47:45] Timestamp updated for file 'C:\Program Files (x86)\Microsoft Visual Studio\2017\Community\Team Tools\Performance Tools\VsPerfReader.dll'.
[0b00:0004][2017-10-17T09:47:45] Processing file /Contents/Team%20Tools/Performance%20Tools/VSPerfReport.exe
[0b00:0004][2017-10-17T09:47:45] Started: Copying file /Contents/Team%20Tools/Performance%20Tools/VSPerfReport.exe to C:\Program Files (x86)\Microsoft Visual Studio\2017\Community\Team Tools\Performance Tools\VSPerfReport.exe
[0b00:0004][2017-10-17T09:47:45] Completed: Copying file /Contents/Team%20Tools/Performance%20Tools/VSPerfReport.exe to C:\Program Files (x86)\Microsoft Visual Studio\2017\Community\Team Tools\Performance Tools\VSPerfReport.exe
[0b00:0004][2017-10-17T09:47:45] Timestamp updated for file 'C:\Program Files (x86)\Microsoft Visual Studio\2017\Community\Team Tools\Performance Tools\VSPerfReport.exe'.
[0b00:0004][2017-10-17T09:47:45] Processing file /Contents/Team%20Tools/Performance%20Tools/VSPerfReport.exe.manifest
[0b00:0004][2017-10-17T09:47:45] Started: Copying file /Contents/Team%20Tools/Performance%20Tools/VSPerfReport.exe.manifest to C:\Program Files (x86)\Microsoft Visual Studio\2017\Community\Team Tools\Performance Tools\VSPerfReport.exe.manifest
[0b00:0004][2017-10-17T09:47:45] Completed: Copying file /Contents/Team%20Tools/Performance%20Tools/VSPerfReport.exe.manifest to C:\Program Files (x86)\Microsoft Visual Studio\2017\Community\Team Tools\Performance Tools\VSPerfReport.exe.manifest
[0b00:0004][2017-10-17T09:47:45] Timestamp updated for file 'C:\Program Files (x86)\Microsoft Visual Studio\2017\Community\Team Tools\Performance Tools\VSPerfReport.exe.manifest'.
[0b00:0004][2017-10-17T09:47:45] Processing file /Contents/Team%20Tools/Performance%20Tools/VSPerf_Rule_Definitions.xml
[0b00:0004][2017-10-17T09:47:45] Started: Copying file /Contents/Team%20Tools/Performance%20Tools/VSPerf_Rule_Definitions.xml to C:\Program Files (x86)\Microsoft Visual Studio\2017\Community\Team Tools\Performance Tools\VSPerf_Rule_Definitions.xml
[0b00:0004][2017-10-17T09:47:45] Completed: Copying file /Contents/Team%20Tools/Performance%20Tools/VSPerf_Rule_Definitions.xml to C:\Program Files (x86)\Microsoft Visual Studio\2017\Community\Team Tools\Performance Tools\VSPerf_Rule_Definitions.xml
[0b00:0004][2017-10-17T09:47:45] Timestamp updated for file 'C:\Program Files (x86)\Microsoft Visual Studio\2017\Community\Team Tools\Performance Tools\VSPerf_Rule_Definitions.xml'.
[0b00:0004][2017-10-17T09:47:45] Processing file /Contents/Team%20Tools/Performance%20Tools/vspmsg.dll
[0b00:0004][2017-10-17T09:47:45] Started: Copying file /Contents/Team%20Tools/Performance%20Tools/vspmsg.dll to C:\Program Files (x86)\Microsoft Visual Studio\2017\Community\Team Tools\Performance Tools\vspmsg.dll
[0b00:0004][2017-10-17T09:47:45] Completed: Copying file /Contents/Team%20Tools/Performance%20Tools/vspmsg.dll to C:\Program Files (x86)\Microsoft Visual Studio\2017\Community\Team Tools\Performance Tools\vspmsg.dll
[0b00:0004][2017-10-17T09:47:45] Timestamp updated for file 'C:\Program Files (x86)\Microsoft Visual Studio\2017\Community\Team Tools\Performance Tools\vspmsg.dll'.
[0b00:0004][2017-10-17T09:47:45] Package executed successfully. Return code: 0
