[0b00:0004][2017-10-17T09:47:11] Opening the package for processing
[0b00:0004][2017-10-17T09:47:11] Using package payload to get the embedded manifest
[0b00:0004][2017-10-17T09:47:11] Getting list of files within the package
[0b00:0004][2017-10-17T09:47:11] Processing file /Contents/Common7/IDE/CommonExtensions/Microsoft/WebClient/Diagnostics/ToolWindows/HTMLTools/MemoryAnalyzer/amd64/MemoryAnalyzer.dll
[0b00:0004][2017-10-17T09:47:11] Started: Copying file /Contents/Common7/IDE/CommonExtensions/Microsoft/WebClient/Diagnostics/ToolWindows/HTMLTools/MemoryAnalyzer/amd64/MemoryAnalyzer.dll to C:\Program Files (x86)\Microsoft Visual Studio\2017\Community\Common7\IDE\CommonExtensions\Microsoft\WebClient\Diagnostics\ToolWindows\HTMLTools\MemoryAnalyzer\amd64\MemoryAnalyzer.dll
[0b00:0004][2017-10-17T09:47:11] Completed: Copying file /Contents/Common7/IDE/CommonExtensions/Microsoft/WebClient/Diagnostics/ToolWindows/HTMLTools/MemoryAnalyzer/amd64/MemoryAnalyzer.dll to C:\Program Files (x86)\Microsoft Visual Studio\2017\Community\Common7\IDE\CommonExtensions\Microsoft\WebClient\Diagnostics\ToolWindows\HTMLTools\MemoryAnalyzer\amd64\MemoryAnalyzer.dll
[0b00:0004][2017-10-17T09:47:11] Timestamp updated for file 'C:\Program Files (x86)\Microsoft Visual Studio\2017\Community\Common7\IDE\CommonExtensions\Microsoft\WebClient\Diagnostics\ToolWindows\HTMLTools\MemoryAnalyzer\amd64\MemoryAnalyzer.dll'.
[0b00:0004][2017-10-17T09:47:11] Processing file /Contents/Common7/IDE/CommonExtensions/Microsoft/WebClient/Diagnostics/ToolWindows/HTMLTools/VisualProfiler/amd64/Timeline.dll
[0b00:0004][2017-10-17T09:47:11] Started: Copying file /Contents/Common7/IDE/CommonExtensions/Microsoft/WebClient/Diagnostics/ToolWindows/HTMLTools/VisualProfiler/amd64/Timeline.dll to C:\Program Files (x86)\Microsoft Visual Studio\2017\Community\Common7\IDE\CommonExtensions\Microsoft\WebClient\Diagnostics\ToolWindows\HTMLTools\VisualProfiler\amd64\Timeline.dll
[0b00:0004][2017-10-17T09:47:11] Completed: Copying file /Contents/Common7/IDE/CommonExtensions/Microsoft/WebClient/Diagnostics/ToolWindows/HTMLTools/VisualProfiler/amd64/Timeline.dll to C:\Program Files (x86)\Microsoft Visual Studio\2017\Community\Common7\IDE\CommonExtensions\Microsoft\WebClient\Diagnostics\ToolWindows\HTMLTools\VisualProfiler\amd64\Timeline.dll
[0b00:0004][2017-10-17T09:47:11] Timestamp updated for file 'C:\Program Files (x86)\Microsoft Visual Studio\2017\Community\Common7\IDE\CommonExtensions\Microsoft\WebClient\Diagnostics\ToolWindows\HTMLTools\VisualProfiler\amd64\Timeline.dll'.
[0b00:0004][2017-10-17T09:47:11] Processing file /Contents/Common7/IDE/CommonExtensions/Platform/DiagnosticsHub/amd64/Timeline_is.dll
[0b00:0004][2017-10-17T09:47:11] Started: Copying file /Contents/Common7/IDE/CommonExtensions/Platform/DiagnosticsHub/amd64/Timeline_is.dll to C:\Program Files (x86)\Microsoft Visual Studio\2017\Community\Common7\IDE\CommonExtensions\Platform\DiagnosticsHub\amd64\Timeline_is.dll
[0b00:0004][2017-10-17T09:47:11] Completed: Copying file /Contents/Common7/IDE/CommonExtensions/Platform/DiagnosticsHub/amd64/Timeline_is.dll to C:\Program Files (x86)\Microsoft Visual Studio\2017\Community\Common7\IDE\CommonExtensions\Platform\DiagnosticsHub\amd64\Timeline_is.dll
[0b00:0004][2017-10-17T09:47:11] Timestamp updated for file 'C:\Program Files (x86)\Microsoft Visual Studio\2017\Community\Common7\IDE\CommonExtensions\Platform\DiagnosticsHub\amd64\Timeline_is.dll'.
[0b00:0004][2017-10-17T09:47:11] Processing file /Contents/Team%20Tools/DiagnosticsHub/Collector/Agents/JavaScriptCollectionAgent.dll
[0b00:0004][2017-10-17T09:47:11] Started: Copying file /Contents/Team%20Tools/DiagnosticsHub/Collector/Agents/JavaScriptCollectionAgent.dll to C:\Program Files (x86)\Microsoft Visual Studio\2017\Community\Team Tools\DiagnosticsHub\Collector\Agents\JavaScriptCollectionAgent.dll
[0b00:0004][2017-10-17T09:47:11] Completed: Copying file /Contents/Team%20Tools/DiagnosticsHub/Collector/Agents/JavaScriptCollectionAgent.dll to C:\Program Files (x86)\Microsoft Visual Studio\2017\Community\Team Tools\DiagnosticsHub\Collector\Agents\JavaScriptCollectionAgent.dll
[0b00:0004][2017-10-17T09:47:11] Timestamp updated for file 'C:\Program Files (x86)\Microsoft Visual Studio\2017\Community\Team Tools\DiagnosticsHub\Collector\Agents\JavaScriptCollectionAgent.dll'.
[0b00:0004][2017-10-17T09:47:11] Processing file /Contents/Team%20Tools/DiagnosticsHub/Collector/Agents/NetworkCollectionAgent.dll
[0b00:0004][2017-10-17T09:47:11] Started: Copying file /Contents/Team%20Tools/DiagnosticsHub/Collector/Agents/NetworkCollectionAgent.dll to C:\Program Files (x86)\Microsoft Visual Studio\2017\Community\Team Tools\DiagnosticsHub\Collector\Agents\NetworkCollectionAgent.dll
[0b00:0004][2017-10-17T09:47:11] Completed: Copying file /Contents/Team%20Tools/DiagnosticsHub/Collector/Agents/NetworkCollectionAgent.dll to C:\Program Files (x86)\Microsoft Visual Studio\2017\Community\Team Tools\DiagnosticsHub\Collector\Agents\NetworkCollectionAgent.dll
[0b00:0004][2017-10-17T09:47:11] Timestamp updated for file 'C:\Program Files (x86)\Microsoft Visual Studio\2017\Community\Team Tools\DiagnosticsHub\Collector\Agents\NetworkCollectionAgent.dll'.
[0b00:0004][2017-10-17T09:47:11] Package executed successfully. Return code: 0
