[0b00:0004][2017-10-17T09:46:48] Opening the package for processing
[0b00:0004][2017-10-17T09:46:48] Using package payload to get the embedded manifest
[0b00:0004][2017-10-17T09:46:48] Getting list of files within the package
[0b00:0004][2017-10-17T09:46:48] Processing file /Contents/Common7/IDE/1033/Microsoft.VisualStudio.Web.ApplicationUI.dll
[0b00:0004][2017-10-17T09:46:48] Started: Copying file /Contents/Common7/IDE/1033/Microsoft.VisualStudio.Web.ApplicationUI.dll to C:\Program Files (x86)\Microsoft Visual Studio\2017\Community\Common7\IDE\1033\Microsoft.VisualStudio.Web.ApplicationUI.dll
[0b00:0004][2017-10-17T09:46:48] Completed: Copying file /Contents/Common7/IDE/1033/Microsoft.VisualStudio.Web.ApplicationUI.dll to C:\Program Files (x86)\Microsoft Visual Studio\2017\Community\Common7\IDE\1033\Microsoft.VisualStudio.Web.ApplicationUI.dll
[0b00:0004][2017-10-17T09:46:48] Timestamp updated for file 'C:\Program Files (x86)\Microsoft Visual Studio\2017\Community\Common7\IDE\1033\Microsoft.VisualStudio.Web.ApplicationUI.dll'.
[0b00:0004][2017-10-17T09:46:48] Processing file /Contents/Common7/IDE/1033/Microsoft.VisualStudio.WebUI.dll
[0b00:0004][2017-10-17T09:46:48] Started: Copying file /Contents/Common7/IDE/1033/Microsoft.VisualStudio.WebUI.dll to C:\Program Files (x86)\Microsoft Visual Studio\2017\Community\Common7\IDE\1033\Microsoft.VisualStudio.WebUI.dll
[0b00:0004][2017-10-17T09:46:48] Completed: Copying file /Contents/Common7/IDE/1033/Microsoft.VisualStudio.WebUI.dll to C:\Program Files (x86)\Microsoft Visual Studio\2017\Community\Common7\IDE\1033\Microsoft.VisualStudio.WebUI.dll
[0b00:0004][2017-10-17T09:46:48] Timestamp updated for file 'C:\Program Files (x86)\Microsoft Visual Studio\2017\Community\Common7\IDE\1033\Microsoft.VisualStudio.WebUI.dll'.
[0b00:0004][2017-10-17T09:46:48] Processing file /Contents/Common7/Packages/1033/fpedsat.dll
[0b00:0004][2017-10-17T09:46:48] Started: Copying file /Contents/Common7/Packages/1033/fpedsat.dll to C:\Program Files (x86)\Microsoft Visual Studio\2017\Community\Common7\Packages\1033\fpedsat.dll
[0b00:0004][2017-10-17T09:46:48] Completed: Copying file /Contents/Common7/Packages/1033/fpedsat.dll to C:\Program Files (x86)\Microsoft Visual Studio\2017\Community\Common7\Packages\1033\fpedsat.dll
[0b00:0004][2017-10-17T09:46:48] Timestamp updated for file 'C:\Program Files (x86)\Microsoft Visual Studio\2017\Community\Common7\Packages\1033\fpedsat.dll'.
[0b00:0004][2017-10-17T09:46:48] Processing file /Contents/Common7/Packages/1033/fpext.msg
[0b00:0004][2017-10-17T09:46:48] Started: Copying file /Contents/Common7/Packages/1033/fpext.msg to C:\Program Files (x86)\Microsoft Visual Studio\2017\Community\Common7\Packages\1033\fpext.msg
[0b00:0004][2017-10-17T09:46:48] Completed: Copying file /Contents/Common7/Packages/1033/fpext.msg to C:\Program Files (x86)\Microsoft Visual Studio\2017\Community\Common7\Packages\1033\fpext.msg
[0b00:0004][2017-10-17T09:46:48] Timestamp updated for file 'C:\Program Files (x86)\Microsoft Visual Studio\2017\Community\Common7\Packages\1033\fpext.msg'.
[0b00:0004][2017-10-17T09:46:48] Processing file /Contents/Common7/Packages/1033/fputlsat.dll
[0b00:0004][2017-10-17T09:46:48] Started: Copying file /Contents/Common7/Packages/1033/fputlsat.dll to C:\Program Files (x86)\Microsoft Visual Studio\2017\Community\Common7\Packages\1033\fputlsat.dll
[0b00:0004][2017-10-17T09:46:48] Completed: Copying file /Contents/Common7/Packages/1033/fputlsat.dll to C:\Program Files (x86)\Microsoft Visual Studio\2017\Community\Common7\Packages\1033\fputlsat.dll
[0b00:0004][2017-10-17T09:46:48] Timestamp updated for file 'C:\Program Files (x86)\Microsoft Visual Studio\2017\Community\Common7\Packages\1033\fputlsat.dll'.
[0b00:0004][2017-10-17T09:46:48] Processing file /Contents/Common7/Packages/1033/htmdlgsUI.dll
[0b00:0004][2017-10-17T09:46:48] Started: Copying file /Contents/Common7/Packages/1033/htmdlgsUI.dll to C:\Program Files (x86)\Microsoft Visual Studio\2017\Community\Common7\Packages\1033\htmdlgsUI.dll
[0b00:0004][2017-10-17T09:46:48] Completed: Copying file /Contents/Common7/Packages/1033/htmdlgsUI.dll to C:\Program Files (x86)\Microsoft Visual Studio\2017\Community\Common7\Packages\1033\htmdlgsUI.dll
[0b00:0004][2017-10-17T09:46:48] Timestamp updated for file 'C:\Program Files (x86)\Microsoft Visual Studio\2017\Community\Common7\Packages\1033\htmdlgsUI.dll'.
[0b00:0004][2017-10-17T09:46:48] Processing file /Contents/Common7/Packages/1033/Htmledui.dll
[0b00:0004][2017-10-17T09:46:48] Started: Copying file /Contents/Common7/Packages/1033/Htmledui.dll to C:\Program Files (x86)\Microsoft Visual Studio\2017\Community\Common7\Packages\1033\Htmledui.dll
[0b00:0004][2017-10-17T09:46:48] Completed: Copying file /Contents/Common7/Packages/1033/Htmledui.dll to C:\Program Files (x86)\Microsoft Visual Studio\2017\Community\Common7\Packages\1033\Htmledui.dll
[0b00:0004][2017-10-17T09:46:48] Timestamp updated for file 'C:\Program Files (x86)\Microsoft Visual Studio\2017\Community\Common7\Packages\1033\Htmledui.dll'.
[0b00:0004][2017-10-17T09:46:48] Processing file /Contents/Common7/Packages/1033/msointl.dll
[0b00:0004][2017-10-17T09:46:48] Started: Copying file /Contents/Common7/Packages/1033/msointl.dll to C:\Program Files (x86)\Microsoft Visual Studio\2017\Community\Common7\Packages\1033\msointl.dll
[0b00:0004][2017-10-17T09:46:48] Completed: Copying file /Contents/Common7/Packages/1033/msointl.dll to C:\Program Files (x86)\Microsoft Visual Studio\2017\Community\Common7\Packages\1033\msointl.dll
[0b00:0004][2017-10-17T09:46:48] Timestamp updated for file 'C:\Program Files (x86)\Microsoft Visual Studio\2017\Community\Common7\Packages\1033\msointl.dll'.
[0b00:0004][2017-10-17T09:46:48] Processing file /Contents/Common7/Packages/1033/mswebprjui.dll
[0b00:0004][2017-10-17T09:46:48] Started: Copying file /Contents/Common7/Packages/1033/mswebprjui.dll to C:\Program Files (x86)\Microsoft Visual Studio\2017\Community\Common7\Packages\1033\mswebprjui.dll
[0b00:0004][2017-10-17T09:46:48] Completed: Copying file /Contents/Common7/Packages/1033/mswebprjui.dll to C:\Program Files (x86)\Microsoft Visual Studio\2017\Community\Common7\Packages\1033\mswebprjui.dll
[0b00:0004][2017-10-17T09:46:48] Timestamp updated for file 'C:\Program Files (x86)\Microsoft Visual Studio\2017\Community\Common7\Packages\1033\mswebprjui.dll'.
[0b00:0004][2017-10-17T09:46:48] Processing file /Contents/Common7/Packages/1033/WebAppUpgradeUI.dll
[0b00:0004][2017-10-17T09:46:48] Started: Copying file /Contents/Common7/Packages/1033/WebAppUpgradeUI.dll to C:\Program Files (x86)\Microsoft Visual Studio\2017\Community\Common7\Packages\1033\WebAppUpgradeUI.dll
[0b00:0004][2017-10-17T09:46:48] Completed: Copying file /Contents/Common7/Packages/1033/WebAppUpgradeUI.dll to C:\Program Files (x86)\Microsoft Visual Studio\2017\Community\Common7\Packages\1033\WebAppUpgradeUI.dll
[0b00:0004][2017-10-17T09:46:48] Timestamp updated for file 'C:\Program Files (x86)\Microsoft Visual Studio\2017\Community\Common7\Packages\1033\WebAppUpgradeUI.dll'.
[0b00:0004][2017-10-17T09:46:48] Processing file /Contents/Common7/Packages/Schemas/Xml/1033/VWDFormatOptions.xml
[0b00:0004][2017-10-17T09:46:48] Started: Copying file /Contents/Common7/Packages/Schemas/Xml/1033/VWDFormatOptions.xml to C:\Program Files (x86)\Microsoft Visual Studio\2017\Community\Common7\Packages\Schemas\Xml\1033\VWDFormatOptions.xml
[0b00:0004][2017-10-17T09:46:48] Completed: Copying file /Contents/Common7/Packages/Schemas/Xml/1033/VWDFormatOptions.xml to C:\Program Files (x86)\Microsoft Visual Studio\2017\Community\Common7\Packages\Schemas\Xml\1033\VWDFormatOptions.xml
[0b00:0004][2017-10-17T09:46:48] Timestamp updated for file 'C:\Program Files (x86)\Microsoft Visual Studio\2017\Community\Common7\Packages\Schemas\Xml\1033\VWDFormatOptions.xml'.
[0b00:0004][2017-10-17T09:46:48] Processing file /Contents/Web/Snippets/CSS/1033/CSS/css-linear-gradient.snippet
[0b00:0004][2017-10-17T09:46:48] Started: Copying file /Contents/Web/Snippets/CSS/1033/CSS/css-linear-gradient.snippet to C:\Program Files (x86)\Microsoft Visual Studio\2017\Community\Web\Snippets\CSS\1033\CSS\css-linear-gradient.snippet
[0b00:0004][2017-10-17T09:46:48] Completed: Copying file /Contents/Web/Snippets/CSS/1033/CSS/css-linear-gradient.snippet to C:\Program Files (x86)\Microsoft Visual Studio\2017\Community\Web\Snippets\CSS\1033\CSS\css-linear-gradient.snippet
[0b00:0004][2017-10-17T09:46:48] Timestamp updated for file 'C:\Program Files (x86)\Microsoft Visual Studio\2017\Community\Web\Snippets\CSS\1033\CSS\css-linear-gradient.snippet'.
[0b00:0004][2017-10-17T09:46:48] Processing file /Contents/Web/Snippets/CSS/1033/CSS/css-radial-gradient.snippet
[0b00:0004][2017-10-17T09:46:48] Started: Copying file /Contents/Web/Snippets/CSS/1033/CSS/css-radial-gradient.snippet to C:\Program Files (x86)\Microsoft Visual Studio\2017\Community\Web\Snippets\CSS\1033\CSS\css-radial-gradient.snippet
[0b00:0004][2017-10-17T09:46:48] Completed: Copying file /Contents/Web/Snippets/CSS/1033/CSS/css-radial-gradient.snippet to C:\Program Files (x86)\Microsoft Visual Studio\2017\Community\Web\Snippets\CSS\1033\CSS\css-radial-gradient.snippet
[0b00:0004][2017-10-17T09:46:48] Timestamp updated for file 'C:\Program Files (x86)\Microsoft Visual Studio\2017\Community\Web\Snippets\CSS\1033\CSS\css-radial-gradient.snippet'.
[0b00:0004][2017-10-17T09:46:48] Processing file /Contents/Web/Snippets/CSS/1033/CSS/font-face%20directive.snippet
[0b00:0004][2017-10-17T09:46:48] Started: Copying file /Contents/Web/Snippets/CSS/1033/CSS/font-face%20directive.snippet to C:\Program Files (x86)\Microsoft Visual Studio\2017\Community\Web\Snippets\CSS\1033\CSS\font-face directive.snippet
[0b00:0004][2017-10-17T09:46:48] Completed: Copying file /Contents/Web/Snippets/CSS/1033/CSS/font-face%20directive.snippet to C:\Program Files (x86)\Microsoft Visual Studio\2017\Community\Web\Snippets\CSS\1033\CSS\font-face directive.snippet
[0b00:0004][2017-10-17T09:46:48] Timestamp updated for file 'C:\Program Files (x86)\Microsoft Visual Studio\2017\Community\Web\Snippets\CSS\1033\CSS\font-face directive.snippet'.
[0b00:0004][2017-10-17T09:46:48] Processing file /Contents/Web/Snippets/CSS/1033/CSS/keyframes%20directive.snippet
[0b00:0004][2017-10-17T09:46:48] Started: Copying file /Contents/Web/Snippets/CSS/1033/CSS/keyframes%20directive.snippet to C:\Program Files (x86)\Microsoft Visual Studio\2017\Community\Web\Snippets\CSS\1033\CSS\keyframes directive.snippet
[0b00:0004][2017-10-17T09:46:48] Completed: Copying file /Contents/Web/Snippets/CSS/1033/CSS/keyframes%20directive.snippet to C:\Program Files (x86)\Microsoft Visual Studio\2017\Community\Web\Snippets\CSS\1033\CSS\keyframes directive.snippet
[0b00:0004][2017-10-17T09:46:48] Timestamp updated for file 'C:\Program Files (x86)\Microsoft Visual Studio\2017\Community\Web\Snippets\CSS\1033\CSS\keyframes directive.snippet'.
[0b00:0004][2017-10-17T09:46:48] Processing file /Contents/Web/Snippets/CSS/1033/CSS/media%20query%20desktop%20laptop.snippet
[0b00:0004][2017-10-17T09:46:48] Started: Copying file /Contents/Web/Snippets/CSS/1033/CSS/media%20query%20desktop%20laptop.snippet to C:\Program Files (x86)\Microsoft Visual Studio\2017\Community\Web\Snippets\CSS\1033\CSS\media query desktop laptop.snippet
[0b00:0004][2017-10-17T09:46:48] Completed: Copying file /Contents/Web/Snippets/CSS/1033/CSS/media%20query%20desktop%20laptop.snippet to C:\Program Files (x86)\Microsoft Visual Studio\2017\Community\Web\Snippets\CSS\1033\CSS\media query desktop laptop.snippet
[0b00:0004][2017-10-17T09:46:48] Timestamp updated for file 'C:\Program Files (x86)\Microsoft Visual Studio\2017\Community\Web\Snippets\CSS\1033\CSS\media query desktop laptop.snippet'.
[0b00:0004][2017-10-17T09:46:48] Processing file /Contents/Web/Snippets/CSS/1033/CSS/media%20query%20directive.snippet
[0b00:0004][2017-10-17T09:46:48] Started: Copying file /Contents/Web/Snippets/CSS/1033/CSS/media%20query%20directive.snippet to C:\Program Files (x86)\Microsoft Visual Studio\2017\Community\Web\Snippets\CSS\1033\CSS\media query directive.snippet
[0b00:0004][2017-10-17T09:46:48] Completed: Copying file /Contents/Web/Snippets/CSS/1033/CSS/media%20query%20directive.snippet to C:\Program Files (x86)\Microsoft Visual Studio\2017\Community\Web\Snippets\CSS\1033\CSS\media query directive.snippet
[0b00:0004][2017-10-17T09:46:48] Timestamp updated for file 'C:\Program Files (x86)\Microsoft Visual Studio\2017\Community\Web\Snippets\CSS\1033\CSS\media query directive.snippet'.
[0b00:0004][2017-10-17T09:46:48] Processing file /Contents/Web/Snippets/CSS/1033/CSS/media%20query%20ipad%20landscape.snippet
[0b00:0004][2017-10-17T09:46:48] Started: Copying file /Contents/Web/Snippets/CSS/1033/CSS/media%20query%20ipad%20landscape.snippet to C:\Program Files (x86)\Microsoft Visual Studio\2017\Community\Web\Snippets\CSS\1033\CSS\media query ipad landscape.snippet
[0b00:0004][2017-10-17T09:46:48] Completed: Copying file /Contents/Web/Snippets/CSS/1033/CSS/media%20query%20ipad%20landscape.snippet to C:\Program Files (x86)\Microsoft Visual Studio\2017\Community\Web\Snippets\CSS\1033\CSS\media query ipad landscape.snippet
[0b00:0004][2017-10-17T09:46:48] Timestamp updated for file 'C:\Program Files (x86)\Microsoft Visual Studio\2017\Community\Web\Snippets\CSS\1033\CSS\media query ipad landscape.snippet'.
[0b00:0004][2017-10-17T09:46:48] Processing file /Contents/Web/Snippets/CSS/1033/CSS/media%20query%20ipad%20portrait.snippet
[0b00:0004][2017-10-17T09:46:48] Started: Copying file /Contents/Web/Snippets/CSS/1033/CSS/media%20query%20ipad%20portrait.snippet to C:\Program Files (x86)\Microsoft Visual Studio\2017\Community\Web\Snippets\CSS\1033\CSS\media query ipad portrait.snippet
[0b00:0004][2017-10-17T09:46:48] Completed: Copying file /Contents/Web/Snippets/CSS/1033/CSS/media%20query%20ipad%20portrait.snippet to C:\Program Files (x86)\Microsoft Visual Studio\2017\Community\Web\Snippets\CSS\1033\CSS\media query ipad portrait.snippet
[0b00:0004][2017-10-17T09:46:48] Timestamp updated for file 'C:\Program Files (x86)\Microsoft Visual Studio\2017\Community\Web\Snippets\CSS\1033\CSS\media query ipad portrait.snippet'.
[0b00:0004][2017-10-17T09:46:48] Processing file /Contents/Web/Snippets/CSS/1033/CSS/media%20query%20ipad.snippet
[0b00:0004][2017-10-17T09:46:48] Started: Copying file /Contents/Web/Snippets/CSS/1033/CSS/media%20query%20ipad.snippet to C:\Program Files (x86)\Microsoft Visual Studio\2017\Community\Web\Snippets\CSS\1033\CSS\media query ipad.snippet
[0b00:0004][2017-10-17T09:46:48] Completed: Copying file /Contents/Web/Snippets/CSS/1033/CSS/media%20query%20ipad.snippet to C:\Program Files (x86)\Microsoft Visual Studio\2017\Community\Web\Snippets\CSS\1033\CSS\media query ipad.snippet
[0b00:0004][2017-10-17T09:46:48] Timestamp updated for file 'C:\Program Files (x86)\Microsoft Visual Studio\2017\Community\Web\Snippets\CSS\1033\CSS\media query ipad.snippet'.
[0b00:0004][2017-10-17T09:46:48] Processing file /Contents/Web/Snippets/CSS/1033/CSS/media%20query%20iphone%204%20landscape.snippet
[0b00:0004][2017-10-17T09:46:48] Started: Copying file /Contents/Web/Snippets/CSS/1033/CSS/media%20query%20iphone%204%20landscape.snippet to C:\Program Files (x86)\Microsoft Visual Studio\2017\Community\Web\Snippets\CSS\1033\CSS\media query iphone 4 landscape.snippet
[0b00:0004][2017-10-17T09:46:48] Completed: Copying file /Contents/Web/Snippets/CSS/1033/CSS/media%20query%20iphone%204%20landscape.snippet to C:\Program Files (x86)\Microsoft Visual Studio\2017\Community\Web\Snippets\CSS\1033\CSS\media query iphone 4 landscape.snippet
[0b00:0004][2017-10-17T09:46:48] Timestamp updated for file 'C:\Program Files (x86)\Microsoft Visual Studio\2017\Community\Web\Snippets\CSS\1033\CSS\media query iphone 4 landscape.snippet'.
[0b00:0004][2017-10-17T09:46:48] Processing file /Contents/Web/Snippets/CSS/1033/CSS/media%20query%20iphone%204%20portrait.snippet
[0b00:0004][2017-10-17T09:46:48] Started: Copying file /Contents/Web/Snippets/CSS/1033/CSS/media%20query%20iphone%204%20portrait.snippet to C:\Program Files (x86)\Microsoft Visual Studio\2017\Community\Web\Snippets\CSS\1033\CSS\media query iphone 4 portrait.snippet
[0b00:0004][2017-10-17T09:46:48] Completed: Copying file /Contents/Web/Snippets/CSS/1033/CSS/media%20query%20iphone%204%20portrait.snippet to C:\Program Files (x86)\Microsoft Visual Studio\2017\Community\Web\Snippets\CSS\1033\CSS\media query iphone 4 portrait.snippet
[0b00:0004][2017-10-17T09:46:48] Timestamp updated for file 'C:\Program Files (x86)\Microsoft Visual Studio\2017\Community\Web\Snippets\CSS\1033\CSS\media query iphone 4 portrait.snippet'.
[0b00:0004][2017-10-17T09:46:48] Processing file /Contents/Web/Snippets/CSS/1033/CSS/media%20query%20iphone%204.snippet
[0b00:0004][2017-10-17T09:46:48] Started: Copying file /Contents/Web/Snippets/CSS/1033/CSS/media%20query%20iphone%204.snippet to C:\Program Files (x86)\Microsoft Visual Studio\2017\Community\Web\Snippets\CSS\1033\CSS\media query iphone 4.snippet
[0b00:0004][2017-10-17T09:46:48] Completed: Copying file /Contents/Web/Snippets/CSS/1033/CSS/media%20query%20iphone%204.snippet to C:\Program Files (x86)\Microsoft Visual Studio\2017\Community\Web\Snippets\CSS\1033\CSS\media query iphone 4.snippet
[0b00:0004][2017-10-17T09:46:48] Timestamp updated for file 'C:\Program Files (x86)\Microsoft Visual Studio\2017\Community\Web\Snippets\CSS\1033\CSS\media query iphone 4.snippet'.
[0b00:0004][2017-10-17T09:46:48] Processing file /Contents/Web/Snippets/CSS/1033/CSS/media%20query%20iphone%205%20landscape.snippet
[0b00:0004][2017-10-17T09:46:48] Started: Copying file /Contents/Web/Snippets/CSS/1033/CSS/media%20query%20iphone%205%20landscape.snippet to C:\Program Files (x86)\Microsoft Visual Studio\2017\Community\Web\Snippets\CSS\1033\CSS\media query iphone 5 landscape.snippet
[0b00:0004][2017-10-17T09:46:48] Completed: Copying file /Contents/Web/Snippets/CSS/1033/CSS/media%20query%20iphone%205%20landscape.snippet to C:\Program Files (x86)\Microsoft Visual Studio\2017\Community\Web\Snippets\CSS\1033\CSS\media query iphone 5 landscape.snippet
[0b00:0004][2017-10-17T09:46:48] Timestamp updated for file 'C:\Program Files (x86)\Microsoft Visual Studio\2017\Community\Web\Snippets\CSS\1033\CSS\media query iphone 5 landscape.snippet'.
[0b00:0004][2017-10-17T09:46:48] Processing file /Contents/Web/Snippets/CSS/1033/CSS/media%20query%20iphone%205%20portrait.snippet
[0b00:0004][2017-10-17T09:46:48] Started: Copying file /Contents/Web/Snippets/CSS/1033/CSS/media%20query%20iphone%205%20portrait.snippet to C:\Program Files (x86)\Microsoft Visual Studio\2017\Community\Web\Snippets\CSS\1033\CSS\media query iphone 5 portrait.snippet
[0b00:0004][2017-10-17T09:46:48] Completed: Copying file /Contents/Web/Snippets/CSS/1033/CSS/media%20query%20iphone%205%20portrait.snippet to C:\Program Files (x86)\Microsoft Visual Studio\2017\Community\Web\Snippets\CSS\1033\CSS\media query iphone 5 portrait.snippet
[0b00:0004][2017-10-17T09:46:48] Timestamp updated for file 'C:\Program Files (x86)\Microsoft Visual Studio\2017\Community\Web\Snippets\CSS\1033\CSS\media query iphone 5 portrait.snippet'.
[0b00:0004][2017-10-17T09:46:48] Processing file /Contents/Web/Snippets/CSS/1033/CSS/media%20query%20iphone%205.snippet
[0b00:0004][2017-10-17T09:46:48] Started: Copying file /Contents/Web/Snippets/CSS/1033/CSS/media%20query%20iphone%205.snippet to C:\Program Files (x86)\Microsoft Visual Studio\2017\Community\Web\Snippets\CSS\1033\CSS\media query iphone 5.snippet
[0b00:0004][2017-10-17T09:46:48] Completed: Copying file /Contents/Web/Snippets/CSS/1033/CSS/media%20query%20iphone%205.snippet to C:\Program Files (x86)\Microsoft Visual Studio\2017\Community\Web\Snippets\CSS\1033\CSS\media query iphone 5.snippet
[0b00:0004][2017-10-17T09:46:48] Timestamp updated for file 'C:\Program Files (x86)\Microsoft Visual Studio\2017\Community\Web\Snippets\CSS\1033\CSS\media query iphone 5.snippet'.
[0b00:0004][2017-10-17T09:46:48] Processing file /Contents/Web/Snippets/CSS/1033/CSS/media%20query%20large%20screen.snippet
[0b00:0004][2017-10-17T09:46:48] Started: Copying file /Contents/Web/Snippets/CSS/1033/CSS/media%20query%20large%20screen.snippet to C:\Program Files (x86)\Microsoft Visual Studio\2017\Community\Web\Snippets\CSS\1033\CSS\media query large screen.snippet
[0b00:0004][2017-10-17T09:46:48] Completed: Copying file /Contents/Web/Snippets/CSS/1033/CSS/media%20query%20large%20screen.snippet to C:\Program Files (x86)\Microsoft Visual Studio\2017\Community\Web\Snippets\CSS\1033\CSS\media query large screen.snippet
[0b00:0004][2017-10-17T09:46:48] Timestamp updated for file 'C:\Program Files (x86)\Microsoft Visual Studio\2017\Community\Web\Snippets\CSS\1033\CSS\media query large screen.snippet'.
[0b00:0004][2017-10-17T09:46:48] Processing file /Contents/Web/Snippets/CSS/1033/CSS/media%20query%20smartphone%20landscape.snippet
[0b00:0004][2017-10-17T09:46:48] Started: Copying file /Contents/Web/Snippets/CSS/1033/CSS/media%20query%20smartphone%20landscape.snippet to C:\Program Files (x86)\Microsoft Visual Studio\2017\Community\Web\Snippets\CSS\1033\CSS\media query smartphone landscape.snippet
[0b00:0004][2017-10-17T09:46:48] Completed: Copying file /Contents/Web/Snippets/CSS/1033/CSS/media%20query%20smartphone%20landscape.snippet to C:\Program Files (x86)\Microsoft Visual Studio\2017\Community\Web\Snippets\CSS\1033\CSS\media query smartphone landscape.snippet
[0b00:0004][2017-10-17T09:46:48] Timestamp updated for file 'C:\Program Files (x86)\Microsoft Visual Studio\2017\Community\Web\Snippets\CSS\1033\CSS\media query smartphone landscape.snippet'.
[0b00:0004][2017-10-17T09:46:48] Processing file /Contents/Web/Snippets/CSS/1033/CSS/media%20query%20smartphone%20portrait.snippet
[0b00:0004][2017-10-17T09:46:48] Started: Copying file /Contents/Web/Snippets/CSS/1033/CSS/media%20query%20smartphone%20portrait.snippet to C:\Program Files (x86)\Microsoft Visual Studio\2017\Community\Web\Snippets\CSS\1033\CSS\media query smartphone portrait.snippet
[0b00:0004][2017-10-17T09:46:48] Completed: Copying file /Contents/Web/Snippets/CSS/1033/CSS/media%20query%20smartphone%20portrait.snippet to C:\Program Files (x86)\Microsoft Visual Studio\2017\Community\Web\Snippets\CSS\1033\CSS\media query smartphone portrait.snippet
[0b00:0004][2017-10-17T09:46:48] Timestamp updated for file 'C:\Program Files (x86)\Microsoft Visual Studio\2017\Community\Web\Snippets\CSS\1033\CSS\media query smartphone portrait.snippet'.
[0b00:0004][2017-10-17T09:46:48] Processing file /Contents/Web/Snippets/CSS/1033/CSS/media%20query%20smartphone.snippet
[0b00:0004][2017-10-17T09:46:48] Started: Copying file /Contents/Web/Snippets/CSS/1033/CSS/media%20query%20smartphone.snippet to C:\Program Files (x86)\Microsoft Visual Studio\2017\Community\Web\Snippets\CSS\1033\CSS\media query smartphone.snippet
[0b00:0004][2017-10-17T09:46:48] Completed: Copying file /Contents/Web/Snippets/CSS/1033/CSS/media%20query%20smartphone.snippet to C:\Program Files (x86)\Microsoft Visual Studio\2017\Community\Web\Snippets\CSS\1033\CSS\media query smartphone.snippet
[0b00:0004][2017-10-17T09:46:48] Timestamp updated for file 'C:\Program Files (x86)\Microsoft Visual Studio\2017\Community\Web\Snippets\CSS\1033\CSS\media query smartphone.snippet'.
[0b00:0004][2017-10-17T09:46:48] Processing file /Contents/Web/Snippets/CSS/1033/CSS/media%20query%20windows%20snap%20view.snippet
[0b00:0004][2017-10-17T09:46:48] Started: Copying file /Contents/Web/Snippets/CSS/1033/CSS/media%20query%20windows%20snap%20view.snippet to C:\Program Files (x86)\Microsoft Visual Studio\2017\Community\Web\Snippets\CSS\1033\CSS\media query windows snap view.snippet
[0b00:0004][2017-10-17T09:46:48] Completed: Copying file /Contents/Web/Snippets/CSS/1033/CSS/media%20query%20windows%20snap%20view.snippet to C:\Program Files (x86)\Microsoft Visual Studio\2017\Community\Web\Snippets\CSS\1033\CSS\media query windows snap view.snippet
[0b00:0004][2017-10-17T09:46:48] Timestamp updated for file 'C:\Program Files (x86)\Microsoft Visual Studio\2017\Community\Web\Snippets\CSS\1033\CSS\media query windows snap view.snippet'.
[0b00:0004][2017-10-17T09:46:48] Processing file /Contents/Web/Snippets/CSS/1033/CSS/region%20comment.snippet
[0b00:0004][2017-10-17T09:46:48] Started: Copying file /Contents/Web/Snippets/CSS/1033/CSS/region%20comment.snippet to C:\Program Files (x86)\Microsoft Visual Studio\2017\Community\Web\Snippets\CSS\1033\CSS\region comment.snippet
[0b00:0004][2017-10-17T09:46:48] Completed: Copying file /Contents/Web/Snippets/CSS/1033/CSS/region%20comment.snippet to C:\Program Files (x86)\Microsoft Visual Studio\2017\Community\Web\Snippets\CSS\1033\CSS\region comment.snippet
[0b00:0004][2017-10-17T09:46:48] Timestamp updated for file 'C:\Program Files (x86)\Microsoft Visual Studio\2017\Community\Web\Snippets\CSS\1033\CSS\region comment.snippet'.
[0b00:0004][2017-10-17T09:46:48] Processing file /Contents/Web/Snippets/CSS/1033/SnippetsIndex.xml
[0b00:0004][2017-10-17T09:46:48] Started: Copying file /Contents/Web/Snippets/CSS/1033/SnippetsIndex.xml to C:\Program Files (x86)\Microsoft Visual Studio\2017\Community\Web\Snippets\CSS\1033\SnippetsIndex.xml
[0b00:0004][2017-10-17T09:46:48] Completed: Copying file /Contents/Web/Snippets/CSS/1033/SnippetsIndex.xml to C:\Program Files (x86)\Microsoft Visual Studio\2017\Community\Web\Snippets\CSS\1033\SnippetsIndex.xml
[0b00:0004][2017-10-17T09:46:48] Timestamp updated for file 'C:\Program Files (x86)\Microsoft Visual Studio\2017\Community\Web\Snippets\CSS\1033\SnippetsIndex.xml'.
[0b00:0004][2017-10-17T09:46:48] Processing file /Contents/Web/Snippets/HTML/1033/ASP.NET/checkbox.snippet
[0b00:0004][2017-10-17T09:46:48] Started: Copying file /Contents/Web/Snippets/HTML/1033/ASP.NET/checkbox.snippet to C:\Program Files (x86)\Microsoft Visual Studio\2017\Community\Web\Snippets\HTML\1033\ASP.NET\checkbox.snippet
[0b00:0004][2017-10-17T09:46:48] Completed: Copying file /Contents/Web/Snippets/HTML/1033/ASP.NET/checkbox.snippet to C:\Program Files (x86)\Microsoft Visual Studio\2017\Community\Web\Snippets\HTML\1033\ASP.NET\checkbox.snippet
[0b00:0004][2017-10-17T09:46:48] Timestamp updated for file 'C:\Program Files (x86)\Microsoft Visual Studio\2017\Community\Web\Snippets\HTML\1033\ASP.NET\checkbox.snippet'.
[0b00:0004][2017-10-17T09:46:48] Processing file /Contents/Web/Snippets/HTML/1033/ASP.NET/detailsview.snippet
[0b00:0004][2017-10-17T09:46:48] Started: Copying file /Contents/Web/Snippets/HTML/1033/ASP.NET/detailsview.snippet to C:\Program Files (x86)\Microsoft Visual Studio\2017\Community\Web\Snippets\HTML\1033\ASP.NET\detailsview.snippet
[0b00:0004][2017-10-17T09:46:48] Completed: Copying file /Contents/Web/Snippets/HTML/1033/ASP.NET/detailsview.snippet to C:\Program Files (x86)\Microsoft Visual Studio\2017\Community\Web\Snippets\HTML\1033\ASP.NET\detailsview.snippet
[0b00:0004][2017-10-17T09:46:48] Timestamp updated for file 'C:\Program Files (x86)\Microsoft Visual Studio\2017\Community\Web\Snippets\HTML\1033\ASP.NET\detailsview.snippet'.
[0b00:0004][2017-10-17T09:46:48] Processing file /Contents/Web/Snippets/HTML/1033/ASP.NET/dynamiccontrol.snippet
[0b00:0004][2017-10-17T09:46:48] Started: Copying file /Contents/Web/Snippets/HTML/1033/ASP.NET/dynamiccontrol.snippet to C:\Program Files (x86)\Microsoft Visual Studio\2017\Community\Web\Snippets\HTML\1033\ASP.NET\dynamiccontrol.snippet
[0b00:0004][2017-10-17T09:46:48] Completed: Copying file /Contents/Web/Snippets/HTML/1033/ASP.NET/dynamiccontrol.snippet to C:\Program Files (x86)\Microsoft Visual Studio\2017\Community\Web\Snippets\HTML\1033\ASP.NET\dynamiccontrol.snippet
[0b00:0004][2017-10-17T09:46:48] Timestamp updated for file 'C:\Program Files (x86)\Microsoft Visual Studio\2017\Community\Web\Snippets\HTML\1033\ASP.NET\dynamiccontrol.snippet'.
[0b00:0004][2017-10-17T09:46:48] Processing file /Contents/Web/Snippets/HTML/1033/ASP.NET/dynamicdatamanager.snippet
[0b00:0004][2017-10-17T09:46:48] Started: Copying file /Contents/Web/Snippets/HTML/1033/ASP.NET/dynamicdatamanager.snippet to C:\Program Files (x86)\Microsoft Visual Studio\2017\Community\Web\Snippets\HTML\1033\ASP.NET\dynamicdatamanager.snippet
[0b00:0004][2017-10-17T09:46:48] Completed: Copying file /Contents/Web/Snippets/HTML/1033/ASP.NET/dynamicdatamanager.snippet to C:\Program Files (x86)\Microsoft Visual Studio\2017\Community\Web\Snippets\HTML\1033\ASP.NET\dynamicdatamanager.snippet
[0b00:0004][2017-10-17T09:46:48] Timestamp updated for file 'C:\Program Files (x86)\Microsoft Visual Studio\2017\Community\Web\Snippets\HTML\1033\ASP.NET\dynamicdatamanager.snippet'.
[0b00:0004][2017-10-17T09:46:48] Processing file /Contents/Web/Snippets/HTML/1033/ASP.NET/formr.snippet
[0b00:0004][2017-10-17T09:46:48] Started: Copying file /Contents/Web/Snippets/HTML/1033/ASP.NET/formr.snippet to C:\Program Files (x86)\Microsoft Visual Studio\2017\Community\Web\Snippets\HTML\1033\ASP.NET\formr.snippet
[0b00:0004][2017-10-17T09:46:48] Completed: Copying file /Contents/Web/Snippets/HTML/1033/ASP.NET/formr.snippet to C:\Program Files (x86)\Microsoft Visual Studio\2017\Community\Web\Snippets\HTML\1033\ASP.NET\formr.snippet
[0b00:0004][2017-10-17T09:46:48] Timestamp updated for file 'C:\Program Files (x86)\Microsoft Visual Studio\2017\Community\Web\Snippets\HTML\1033\ASP.NET\formr.snippet'.
[0b00:0004][2017-10-17T09:46:48] Processing file /Contents/Web/Snippets/HTML/1033/ASP.NET/gridview.snippet
[0b00:0004][2017-10-17T09:46:48] Started: Copying file /Contents/Web/Snippets/HTML/1033/ASP.NET/gridview.snippet to C:\Program Files (x86)\Microsoft Visual Studio\2017\Community\Web\Snippets\HTML\1033\ASP.NET\gridview.snippet
[0b00:0004][2017-10-17T09:46:48] Completed: Copying file /Contents/Web/Snippets/HTML/1033/ASP.NET/gridview.snippet to C:\Program Files (x86)\Microsoft Visual Studio\2017\Community\Web\Snippets\HTML\1033\ASP.NET\gridview.snippet
[0b00:0004][2017-10-17T09:46:48] Timestamp updated for file 'C:\Program Files (x86)\Microsoft Visual Studio\2017\Community\Web\Snippets\HTML\1033\ASP.NET\gridview.snippet'.
[0b00:0004][2017-10-17T09:46:48] Processing file /Contents/Web/Snippets/HTML/1033/ASP.NET/hyperlink.snippet
[0b00:0004][2017-10-17T09:46:48] Started: Copying file /Contents/Web/Snippets/HTML/1033/ASP.NET/hyperlink.snippet to C:\Program Files (x86)\Microsoft Visual Studio\2017\Community\Web\Snippets\HTML\1033\ASP.NET\hyperlink.snippet
[0b00:0004][2017-10-17T09:46:48] Completed: Copying file /Contents/Web/Snippets/HTML/1033/ASP.NET/hyperlink.snippet to C:\Program Files (x86)\Microsoft Visual Studio\2017\Community\Web\Snippets\HTML\1033\ASP.NET\hyperlink.snippet
[0b00:0004][2017-10-17T09:46:48] Timestamp updated for file 'C:\Program Files (x86)\Microsoft Visual Studio\2017\Community\Web\Snippets\HTML\1033\ASP.NET\hyperlink.snippet'.
[0b00:0004][2017-10-17T09:46:48] Processing file /Contents/Web/Snippets/HTML/1033/ASP.NET/image.snippet
[0b00:0004][2017-10-17T09:46:48] Started: Copying file /Contents/Web/Snippets/HTML/1033/ASP.NET/image.snippet to C:\Program Files (x86)\Microsoft Visual Studio\2017\Community\Web\Snippets\HTML\1033\ASP.NET\image.snippet
[0b00:0004][2017-10-17T09:46:48] Completed: Copying file /Contents/Web/Snippets/HTML/1033/ASP.NET/image.snippet to C:\Program Files (x86)\Microsoft Visual Studio\2017\Community\Web\Snippets\HTML\1033\ASP.NET\image.snippet
[0b00:0004][2017-10-17T09:46:48] Timestamp updated for file 'C:\Program Files (x86)\Microsoft Visual Studio\2017\Community\Web\Snippets\HTML\1033\ASP.NET\image.snippet'.
[0b00:0004][2017-10-17T09:46:48] Processing file /Contents/Web/Snippets/HTML/1033/ASP.NET/label.snippet
[0b00:0004][2017-10-17T09:46:48] Started: Copying file /Contents/Web/Snippets/HTML/1033/ASP.NET/label.snippet to C:\Program Files (x86)\Microsoft Visual Studio\2017\Community\Web\Snippets\HTML\1033\ASP.NET\label.snippet
[0b00:0004][2017-10-17T09:46:48] Completed: Copying file /Contents/Web/Snippets/HTML/1033/ASP.NET/label.snippet to C:\Program Files (x86)\Microsoft Visual Studio\2017\Community\Web\Snippets\HTML\1033\ASP.NET\label.snippet
[0b00:0004][2017-10-17T09:46:48] Timestamp updated for file 'C:\Program Files (x86)\Microsoft Visual Studio\2017\Community\Web\Snippets\HTML\1033\ASP.NET\label.snippet'.
[0b00:0004][2017-10-17T09:46:48] Processing file /Contents/Web/Snippets/HTML/1033/ASP.NET/listbox.snippet
[0b00:0004][2017-10-17T09:46:48] Started: Copying file /Contents/Web/Snippets/HTML/1033/ASP.NET/listbox.snippet to C:\Program Files (x86)\Microsoft Visual Studio\2017\Community\Web\Snippets\HTML\1033\ASP.NET\listbox.snippet
[0b00:0004][2017-10-17T09:46:48] Completed: Copying file /Contents/Web/Snippets/HTML/1033/ASP.NET/listbox.snippet to C:\Program Files (x86)\Microsoft Visual Studio\2017\Community\Web\Snippets\HTML\1033\ASP.NET\listbox.snippet
[0b00:0004][2017-10-17T09:46:48] Timestamp updated for file 'C:\Program Files (x86)\Microsoft Visual Studio\2017\Community\Web\Snippets\HTML\1033\ASP.NET\listbox.snippet'.
[0b00:0004][2017-10-17T09:46:48] Processing file /Contents/Web/Snippets/HTML/1033/ASP.NET/listitem.snippet
[0b00:0004][2017-10-17T09:46:48] Started: Copying file /Contents/Web/Snippets/HTML/1033/ASP.NET/listitem.snippet to C:\Program Files (x86)\Microsoft Visual Studio\2017\Community\Web\Snippets\HTML\1033\ASP.NET\listitem.snippet
[0b00:0004][2017-10-17T09:46:48] Completed: Copying file /Contents/Web/Snippets/HTML/1033/ASP.NET/listitem.snippet to C:\Program Files (x86)\Microsoft Visual Studio\2017\Community\Web\Snippets\HTML\1033\ASP.NET\listitem.snippet
[0b00:0004][2017-10-17T09:46:48] Timestamp updated for file 'C:\Program Files (x86)\Microsoft Visual Studio\2017\Community\Web\Snippets\HTML\1033\ASP.NET\listitem.snippet'.
[0b00:0004][2017-10-17T09:46:48] Processing file /Contents/Web/Snippets/HTML/1033/ASP.NET/listview.snippet
[0b00:0004][2017-10-17T09:46:48] Started: Copying file /Contents/Web/Snippets/HTML/1033/ASP.NET/listview.snippet to C:\Program Files (x86)\Microsoft Visual Studio\2017\Community\Web\Snippets\HTML\1033\ASP.NET\listview.snippet
[0b00:0004][2017-10-17T09:46:48] Completed: Copying file /Contents/Web/Snippets/HTML/1033/ASP.NET/listview.snippet to C:\Program Files (x86)\Microsoft Visual Studio\2017\Community\Web\Snippets\HTML\1033\ASP.NET\listview.snippet
[0b00:0004][2017-10-17T09:46:48] Timestamp updated for file 'C:\Program Files (x86)\Microsoft Visual Studio\2017\Community\Web\Snippets\HTML\1033\ASP.NET\listview.snippet'.
[0b00:0004][2017-10-17T09:46:48] Processing file /Contents/Web/Snippets/HTML/1033/ASP.NET/loginname.snippet
[0b00:0004][2017-10-17T09:46:48] Started: Copying file /Contents/Web/Snippets/HTML/1033/ASP.NET/loginname.snippet to C:\Program Files (x86)\Microsoft Visual Studio\2017\Community\Web\Snippets\HTML\1033\ASP.NET\loginname.snippet
[0b00:0004][2017-10-17T09:46:48] Completed: Copying file /Contents/Web/Snippets/HTML/1033/ASP.NET/loginname.snippet to C:\Program Files (x86)\Microsoft Visual Studio\2017\Community\Web\Snippets\HTML\1033\ASP.NET\loginname.snippet
[0b00:0004][2017-10-17T09:46:48] Timestamp updated for file 'C:\Program Files (x86)\Microsoft Visual Studio\2017\Community\Web\Snippets\HTML\1033\ASP.NET\loginname.snippet'.
[0b00:0004][2017-10-17T09:46:48] Processing file /Contents/Web/Snippets/HTML/1033/ASP.NET/loginstatus.snippet
[0b00:0004][2017-10-17T09:46:48] Started: Copying file /Contents/Web/Snippets/HTML/1033/ASP.NET/loginstatus.snippet to C:\Program Files (x86)\Microsoft Visual Studio\2017\Community\Web\Snippets\HTML\1033\ASP.NET\loginstatus.snippet
[0b00:0004][2017-10-17T09:46:48] Completed: Copying file /Contents/Web/Snippets/HTML/1033/ASP.NET/loginstatus.snippet to C:\Program Files (x86)\Microsoft Visual Studio\2017\Community\Web\Snippets\HTML\1033\ASP.NET\loginstatus.snippet
[0b00:0004][2017-10-17T09:46:48] Timestamp updated for file 'C:\Program Files (x86)\Microsoft Visual Studio\2017\Community\Web\Snippets\HTML\1033\ASP.NET\loginstatus.snippet'.
[0b00:0004][2017-10-17T09:46:48] Processing file /Contents/Web/Snippets/HTML/1033/ASP.NET/loginview.snippet
[0b00:0004][2017-10-17T09:46:48] Started: Copying file /Contents/Web/Snippets/HTML/1033/ASP.NET/loginview.snippet to C:\Program Files (x86)\Microsoft Visual Studio\2017\Community\Web\Snippets\HTML\1033\ASP.NET\loginview.snippet
[0b00:0004][2017-10-17T09:46:48] Completed: Copying file /Contents/Web/Snippets/HTML/1033/ASP.NET/loginview.snippet to C:\Program Files (x86)\Microsoft Visual Studio\2017\Community\Web\Snippets\HTML\1033\ASP.NET\loginview.snippet
[0b00:0004][2017-10-17T09:46:48] Timestamp updated for file 'C:\Program Files (x86)\Microsoft Visual Studio\2017\Community\Web\Snippets\HTML\1033\ASP.NET\loginview.snippet'.
[0b00:0004][2017-10-17T09:46:48] Processing file /Contents/Web/Snippets/HTML/1033/ASP.NET/multiview.snippet
[0b00:0004][2017-10-17T09:46:48] Started: Copying file /Contents/Web/Snippets/HTML/1033/ASP.NET/multiview.snippet to C:\Program Files (x86)\Microsoft Visual Studio\2017\Community\Web\Snippets\HTML\1033\ASP.NET\multiview.snippet
[0b00:0004][2017-10-17T09:46:48] Completed: Copying file /Contents/Web/Snippets/HTML/1033/ASP.NET/multiview.snippet to C:\Program Files (x86)\Microsoft Visual Studio\2017\Community\Web\Snippets\HTML\1033\ASP.NET\multiview.snippet
[0b00:0004][2017-10-17T09:46:48] Timestamp updated for file 'C:\Program Files (x86)\Microsoft Visual Studio\2017\Community\Web\Snippets\HTML\1033\ASP.NET\multiview.snippet'.
[0b00:0004][2017-10-17T09:46:48] Processing file /Contents/Web/Snippets/HTML/1033/ASP.NET/panel.snippet
[0b00:0004][2017-10-17T09:46:48] Started: Copying file /Contents/Web/Snippets/HTML/1033/ASP.NET/panel.snippet to C:\Program Files (x86)\Microsoft Visual Studio\2017\Community\Web\Snippets\HTML\1033\ASP.NET\panel.snippet
[0b00:0004][2017-10-17T09:46:48] Completed: Copying file /Contents/Web/Snippets/HTML/1033/ASP.NET/panel.snippet to C:\Program Files (x86)\Microsoft Visual Studio\2017\Community\Web\Snippets\HTML\1033\ASP.NET\panel.snippet
[0b00:0004][2017-10-17T09:46:48] Timestamp updated for file 'C:\Program Files (x86)\Microsoft Visual Studio\2017\Community\Web\Snippets\HTML\1033\ASP.NET\panel.snippet'.
[0b00:0004][2017-10-17T09:46:48] Processing file /Contents/Web/Snippets/HTML/1033/ASP.NET/placeholder.snippet
[0b00:0004][2017-10-17T09:46:48] Started: Copying file /Contents/Web/Snippets/HTML/1033/ASP.NET/placeholder.snippet to C:\Program Files (x86)\Microsoft Visual Studio\2017\Community\Web\Snippets\HTML\1033\ASP.NET\placeholder.snippet
[0b00:0004][2017-10-17T09:46:48] Completed: Copying file /Contents/Web/Snippets/HTML/1033/ASP.NET/placeholder.snippet to C:\Program Files (x86)\Microsoft Visual Studio\2017\Community\Web\Snippets\HTML\1033\ASP.NET\placeholder.snippet
[0b00:0004][2017-10-17T09:46:48] Timestamp updated for file 'C:\Program Files (x86)\Microsoft Visual Studio\2017\Community\Web\Snippets\HTML\1033\ASP.NET\placeholder.snippet'.
[0b00:0004][2017-10-17T09:46:48] Processing file /Contents/Web/Snippets/HTML/1033/ASP.NET/radiobutton.snippet
[0b00:0004][2017-10-17T09:46:48] Started: Copying file /Contents/Web/Snippets/HTML/1033/ASP.NET/radiobutton.snippet to C:\Program Files (x86)\Microsoft Visual Studio\2017\Community\Web\Snippets\HTML\1033\ASP.NET\radiobutton.snippet
[0b00:0004][2017-10-17T09:46:48] Completed: Copying file /Contents/Web/Snippets/HTML/1033/ASP.NET/radiobutton.snippet to C:\Program Files (x86)\Microsoft Visual Studio\2017\Community\Web\Snippets\HTML\1033\ASP.NET\radiobutton.snippet
[0b00:0004][2017-10-17T09:46:48] Timestamp updated for file 'C:\Program Files (x86)\Microsoft Visual Studio\2017\Community\Web\Snippets\HTML\1033\ASP.NET\radiobutton.snippet'.
[0b00:0004][2017-10-17T09:46:48] Processing file /Contents/Web/Snippets/HTML/1033/ASP.NET/register.snippet
[0b00:0004][2017-10-17T09:46:48] Started: Copying file /Contents/Web/Snippets/HTML/1033/ASP.NET/register.snippet to C:\Program Files (x86)\Microsoft Visual Studio\2017\Community\Web\Snippets\HTML\1033\ASP.NET\register.snippet
[0b00:0004][2017-10-17T09:46:48] Completed: Copying file /Contents/Web/Snippets/HTML/1033/ASP.NET/register.snippet to C:\Program Files (x86)\Microsoft Visual Studio\2017\Community\Web\Snippets\HTML\1033\ASP.NET\register.snippet
[0b00:0004][2017-10-17T09:46:48] Timestamp updated for file 'C:\Program Files (x86)\Microsoft Visual Studio\2017\Community\Web\Snippets\HTML\1033\ASP.NET\register.snippet'.
[0b00:0004][2017-10-17T09:46:48] Processing file /Contents/Web/Snippets/HTML/1033/ASP.NET/registerascx.snippet
[0b00:0004][2017-10-17T09:46:48] Started: Copying file /Contents/Web/Snippets/HTML/1033/ASP.NET/registerascx.snippet to C:\Program Files (x86)\Microsoft Visual Studio\2017\Community\Web\Snippets\HTML\1033\ASP.NET\registerascx.snippet
[0b00:0004][2017-10-17T09:46:48] Completed: Copying file /Contents/Web/Snippets/HTML/1033/ASP.NET/registerascx.snippet to C:\Program Files (x86)\Microsoft Visual Studio\2017\Community\Web\Snippets\HTML\1033\ASP.NET\registerascx.snippet
[0b00:0004][2017-10-17T09:46:48] Timestamp updated for file 'C:\Program Files (x86)\Microsoft Visual Studio\2017\Community\Web\Snippets\HTML\1033\ASP.NET\registerascx.snippet'.
[0b00:0004][2017-10-17T09:46:48] Processing file /Contents/Web/Snippets/HTML/1033/ASP.NET/repeater.snippet
[0b00:0004][2017-10-17T09:46:48] Started: Copying file /Contents/Web/Snippets/HTML/1033/ASP.NET/repeater.snippet to C:\Program Files (x86)\Microsoft Visual Studio\2017\Community\Web\Snippets\HTML\1033\ASP.NET\repeater.snippet
[0b00:0004][2017-10-17T09:46:48] Completed: Copying file /Contents/Web/Snippets/HTML/1033/ASP.NET/repeater.snippet to C:\Program Files (x86)\Microsoft Visual Studio\2017\Community\Web\Snippets\HTML\1033\ASP.NET\repeater.snippet
[0b00:0004][2017-10-17T09:46:48] Timestamp updated for file 'C:\Program Files (x86)\Microsoft Visual Studio\2017\Community\Web\Snippets\HTML\1033\ASP.NET\repeater.snippet'.
[0b00:0004][2017-10-17T09:46:48] Processing file /Contents/Web/Snippets/HTML/1033/ASP.NET/requiredfieldvalidator.snippet
[0b00:0004][2017-10-17T09:46:48] Started: Copying file /Contents/Web/Snippets/HTML/1033/ASP.NET/requiredfieldvalidator.snippet to C:\Program Files (x86)\Microsoft Visual Studio\2017\Community\Web\Snippets\HTML\1033\ASP.NET\requiredfieldvalidator.snippet
[0b00:0004][2017-10-17T09:46:48] Completed: Copying file /Contents/Web/Snippets/HTML/1033/ASP.NET/requiredfieldvalidator.snippet to C:\Program Files (x86)\Microsoft Visual Studio\2017\Community\Web\Snippets\HTML\1033\ASP.NET\requiredfieldvalidator.snippet
[0b00:0004][2017-10-17T09:46:48] Timestamp updated for file 'C:\Program Files (x86)\Microsoft Visual Studio\2017\Community\Web\Snippets\HTML\1033\ASP.NET\requiredfieldvalidator.snippet'.
[0b00:0004][2017-10-17T09:46:48] Processing file /Contents/Web/Snippets/HTML/1033/ASP.NET/runat.snippet
[0b00:0004][2017-10-17T09:46:48] Started: Copying file /Contents/Web/Snippets/HTML/1033/ASP.NET/runat.snippet to C:\Program Files (x86)\Microsoft Visual Studio\2017\Community\Web\Snippets\HTML\1033\ASP.NET\runat.snippet
[0b00:0004][2017-10-17T09:46:48] Completed: Copying file /Contents/Web/Snippets/HTML/1033/ASP.NET/runat.snippet to C:\Program Files (x86)\Microsoft Visual Studio\2017\Community\Web\Snippets\HTML\1033\ASP.NET\runat.snippet
[0b00:0004][2017-10-17T09:46:48] Timestamp updated for file 'C:\Program Files (x86)\Microsoft Visual Studio\2017\Community\Web\Snippets\HTML\1033\ASP.NET\runat.snippet'.
[0b00:0004][2017-10-17T09:46:48] Processing file /Contents/Web/Snippets/HTML/1033/ASP.NET/scriptreference.snippet
[0b00:0004][2017-10-17T09:46:48] Started: Copying file /Contents/Web/Snippets/HTML/1033/ASP.NET/scriptreference.snippet to C:\Program Files (x86)\Microsoft Visual Studio\2017\Community\Web\Snippets\HTML\1033\ASP.NET\scriptreference.snippet
[0b00:0004][2017-10-17T09:46:48] Completed: Copying file /Contents/Web/Snippets/HTML/1033/ASP.NET/scriptreference.snippet to C:\Program Files (x86)\Microsoft Visual Studio\2017\Community\Web\Snippets\HTML\1033\ASP.NET\scriptreference.snippet
[0b00:0004][2017-10-17T09:46:48] Timestamp updated for file 'C:\Program Files (x86)\Microsoft Visual Studio\2017\Community\Web\Snippets\HTML\1033\ASP.NET\scriptreference.snippet'.
[0b00:0004][2017-10-17T09:46:48] Processing file /Contents/Web/Snippets/HTML/1033/ASP.NET/scripts.snippet
[0b00:0004][2017-10-17T09:46:48] Started: Copying file /Contents/Web/Snippets/HTML/1033/ASP.NET/scripts.snippet to C:\Program Files (x86)\Microsoft Visual Studio\2017\Community\Web\Snippets\HTML\1033\ASP.NET\scripts.snippet
[0b00:0004][2017-10-17T09:46:48] Completed: Copying file /Contents/Web/Snippets/HTML/1033/ASP.NET/scripts.snippet to C:\Program Files (x86)\Microsoft Visual Studio\2017\Community\Web\Snippets\HTML\1033\ASP.NET\scripts.snippet
[0b00:0004][2017-10-17T09:46:48] Timestamp updated for file 'C:\Program Files (x86)\Microsoft Visual Studio\2017\Community\Web\Snippets\HTML\1033\ASP.NET\scripts.snippet'.
[0b00:0004][2017-10-17T09:46:48] Processing file /Contents/Web/Snippets/HTML/1033/ASP.NET/servicereference.snippet
[0b00:0004][2017-10-17T09:46:48] Started: Copying file /Contents/Web/Snippets/HTML/1033/ASP.NET/servicereference.snippet to C:\Program Files (x86)\Microsoft Visual Studio\2017\Community\Web\Snippets\HTML\1033\ASP.NET\servicereference.snippet
[0b00:0004][2017-10-17T09:46:48] Completed: Copying file /Contents/Web/Snippets/HTML/1033/ASP.NET/servicereference.snippet to C:\Program Files (x86)\Microsoft Visual Studio\2017\Community\Web\Snippets\HTML\1033\ASP.NET\servicereference.snippet
[0b00:0004][2017-10-17T09:46:48] Timestamp updated for file 'C:\Program Files (x86)\Microsoft Visual Studio\2017\Community\Web\Snippets\HTML\1033\ASP.NET\servicereference.snippet'.
[0b00:0004][2017-10-17T09:46:48] Processing file /Contents/Web/Snippets/HTML/1033/ASP.NET/sitemappath.snippet
[0b00:0004][2017-10-17T09:46:48] Started: Copying file /Contents/Web/Snippets/HTML/1033/ASP.NET/sitemappath.snippet to C:\Program Files (x86)\Microsoft Visual Studio\2017\Community\Web\Snippets\HTML\1033\ASP.NET\sitemappath.snippet
[0b00:0004][2017-10-17T09:46:48] Completed: Copying file /Contents/Web/Snippets/HTML/1033/ASP.NET/sitemappath.snippet to C:\Program Files (x86)\Microsoft Visual Studio\2017\Community\Web\Snippets\HTML\1033\ASP.NET\sitemappath.snippet
[0b00:0004][2017-10-17T09:46:48] Timestamp updated for file 'C:\Program Files (x86)\Microsoft Visual Studio\2017\Community\Web\Snippets\HTML\1033\ASP.NET\sitemappath.snippet'.
[0b00:0004][2017-10-17T09:46:48] Processing file /Contents/Web/Snippets/HTML/1033/ASP.NET/sm.snippet
[0b00:0004][2017-10-17T09:46:48] Started: Copying file /Contents/Web/Snippets/HTML/1033/ASP.NET/sm.snippet to C:\Program Files (x86)\Microsoft Visual Studio\2017\Community\Web\Snippets\HTML\1033\ASP.NET\sm.snippet
[0b00:0004][2017-10-17T09:46:48] Completed: Copying file /Contents/Web/Snippets/HTML/1033/ASP.NET/sm.snippet to C:\Program Files (x86)\Microsoft Visual Studio\2017\Community\Web\Snippets\HTML\1033\ASP.NET\sm.snippet
[0b00:0004][2017-10-17T09:46:48] Timestamp updated for file 'C:\Program Files (x86)\Microsoft Visual Studio\2017\Community\Web\Snippets\HTML\1033\ASP.NET\sm.snippet'.
[0b00:0004][2017-10-17T09:46:48] Processing file /Contents/Web/Snippets/HTML/1033/ASP.NET/smp.snippet
[0b00:0004][2017-10-17T09:46:48] Started: Copying file /Contents/Web/Snippets/HTML/1033/ASP.NET/smp.snippet to C:\Program Files (x86)\Microsoft Visual Studio\2017\Community\Web\Snippets\HTML\1033\ASP.NET\smp.snippet
[0b00:0004][2017-10-17T09:46:48] Completed: Copying file /Contents/Web/Snippets/HTML/1033/ASP.NET/smp.snippet to C:\Program Files (x86)\Microsoft Visual Studio\2017\Community\Web\Snippets\HTML\1033\ASP.NET\smp.snippet
[0b00:0004][2017-10-17T09:46:48] Timestamp updated for file 'C:\Program Files (x86)\Microsoft Visual Studio\2017\Community\Web\Snippets\HTML\1033\ASP.NET\smp.snippet'.
[0b00:0004][2017-10-17T09:46:48] Processing file /Contents/Web/Snippets/HTML/1033/ASP.NET/sqldatasource.snippet
[0b00:0004][2017-10-17T09:46:48] Started: Copying file /Contents/Web/Snippets/HTML/1033/ASP.NET/sqldatasource.snippet to C:\Program Files (x86)\Microsoft Visual Studio\2017\Community\Web\Snippets\HTML\1033\ASP.NET\sqldatasource.snippet
[0b00:0004][2017-10-17T09:46:48] Completed: Copying file /Contents/Web/Snippets/HTML/1033/ASP.NET/sqldatasource.snippet to C:\Program Files (x86)\Microsoft Visual Studio\2017\Community\Web\Snippets\HTML\1033\ASP.NET\sqldatasource.snippet
[0b00:0004][2017-10-17T09:46:48] Timestamp updated for file 'C:\Program Files (x86)\Microsoft Visual Studio\2017\Community\Web\Snippets\HTML\1033\ASP.NET\sqldatasource.snippet'.
[0b00:0004][2017-10-17T09:46:48] Processing file /Contents/Web/Snippets/HTML/1033/ASP.NET/textbox.snippet
[0b00:0004][2017-10-17T09:46:48] Started: Copying file /Contents/Web/Snippets/HTML/1033/ASP.NET/textbox.snippet to C:\Program Files (x86)\Microsoft Visual Studio\2017\Community\Web\Snippets\HTML\1033\ASP.NET\textbox.snippet
[0b00:0004][2017-10-17T09:46:48] Completed: Copying file /Contents/Web/Snippets/HTML/1033/ASP.NET/textbox.snippet to C:\Program Files (x86)\Microsoft Visual Studio\2017\Community\Web\Snippets\HTML\1033\ASP.NET\textbox.snippet
[0b00:0004][2017-10-17T09:46:48] Timestamp updated for file 'C:\Program Files (x86)\Microsoft Visual Studio\2017\Community\Web\Snippets\HTML\1033\ASP.NET\textbox.snippet'.
[0b00:0004][2017-10-17T09:46:48] Processing file /Contents/Web/Snippets/HTML/1033/ASP.NET/updatepanel.snippet
[0b00:0004][2017-10-17T09:46:48] Started: Copying file /Contents/Web/Snippets/HTML/1033/ASP.NET/updatepanel.snippet to C:\Program Files (x86)\Microsoft Visual Studio\2017\Community\Web\Snippets\HTML\1033\ASP.NET\updatepanel.snippet
[0b00:0004][2017-10-17T09:46:48] Completed: Copying file /Contents/Web/Snippets/HTML/1033/ASP.NET/updatepanel.snippet to C:\Program Files (x86)\Microsoft Visual Studio\2017\Community\Web\Snippets\HTML\1033\ASP.NET\updatepanel.snippet
[0b00:0004][2017-10-17T09:46:48] Timestamp updated for file 'C:\Program Files (x86)\Microsoft Visual Studio\2017\Community\Web\Snippets\HTML\1033\ASP.NET\updatepanel.snippet'.
[0b00:0004][2017-10-17T09:46:48] Processing file /Contents/Web/Snippets/HTML/1033/ASP.NET/updateprogress.snippet
[0b00:0004][2017-10-17T09:46:48] Started: Copying file /Contents/Web/Snippets/HTML/1033/ASP.NET/updateprogress.snippet to C:\Program Files (x86)\Microsoft Visual Studio\2017\Community\Web\Snippets\HTML\1033\ASP.NET\updateprogress.snippet
[0b00:0004][2017-10-17T09:46:48] Completed: Copying file /Contents/Web/Snippets/HTML/1033/ASP.NET/updateprogress.snippet to C:\Program Files (x86)\Microsoft Visual Studio\2017\Community\Web\Snippets\HTML\1033\ASP.NET\updateprogress.snippet
[0b00:0004][2017-10-17T09:46:48] Timestamp updated for file 'C:\Program Files (x86)\Microsoft Visual Studio\2017\Community\Web\Snippets\HTML\1033\ASP.NET\updateprogress.snippet'.
[0b00:0004][2017-10-17T09:46:48] Processing file /Contents/Web/Snippets/HTML/1033/ASP.NET/validationsummary.snippet
[0b00:0004][2017-10-17T09:46:48] Started: Copying file /Contents/Web/Snippets/HTML/1033/ASP.NET/validationsummary.snippet to C:\Program Files (x86)\Microsoft Visual Studio\2017\Community\Web\Snippets\HTML\1033\ASP.NET\validationsummary.snippet
[0b00:0004][2017-10-17T09:46:48] Completed: Copying file /Contents/Web/Snippets/HTML/1033/ASP.NET/validationsummary.snippet to C:\Program Files (x86)\Microsoft Visual Studio\2017\Community\Web\Snippets\HTML\1033\ASP.NET\validationsummary.snippet
[0b00:0004][2017-10-17T09:46:48] Timestamp updated for file 'C:\Program Files (x86)\Microsoft Visual Studio\2017\Community\Web\Snippets\HTML\1033\ASP.NET\validationsummary.snippet'.
[0b00:0004][2017-10-17T09:46:48] Processing file /Contents/Web/Snippets/HTML/1033/ASP.NET/view.snippet
[0b00:0004][2017-10-17T09:46:48] Started: Copying file /Contents/Web/Snippets/HTML/1033/ASP.NET/view.snippet to C:\Program Files (x86)\Microsoft Visual Studio\2017\Community\Web\Snippets\HTML\1033\ASP.NET\view.snippet
[0b00:0004][2017-10-17T09:46:48] Completed: Copying file /Contents/Web/Snippets/HTML/1033/ASP.NET/view.snippet to C:\Program Files (x86)\Microsoft Visual Studio\2017\Community\Web\Snippets\HTML\1033\ASP.NET\view.snippet
[0b00:0004][2017-10-17T09:46:48] Timestamp updated for file 'C:\Program Files (x86)\Microsoft Visual Studio\2017\Community\Web\Snippets\HTML\1033\ASP.NET\view.snippet'.
[0b00:0004][2017-10-17T09:46:48] Processing file /Contents/Web/Snippets/HTML/1033/HTML/a.snippet
[0b00:0004][2017-10-17T09:46:48] Started: Copying file /Contents/Web/Snippets/HTML/1033/HTML/a.snippet to C:\Program Files (x86)\Microsoft Visual Studio\2017\Community\Web\Snippets\HTML\1033\HTML\a.snippet
[0b00:0004][2017-10-17T09:46:48] Completed: Copying file /Contents/Web/Snippets/HTML/1033/HTML/a.snippet to C:\Program Files (x86)\Microsoft Visual Studio\2017\Community\Web\Snippets\HTML\1033\HTML\a.snippet
[0b00:0004][2017-10-17T09:46:48] Timestamp updated for file 'C:\Program Files (x86)\Microsoft Visual Studio\2017\Community\Web\Snippets\HTML\1033\HTML\a.snippet'.
[0b00:0004][2017-10-17T09:46:48] Processing file /Contents/Web/Snippets/HTML/1033/HTML/audio.snippet
[0b00:0004][2017-10-17T09:46:48] Started: Copying file /Contents/Web/Snippets/HTML/1033/HTML/audio.snippet to C:\Program Files (x86)\Microsoft Visual Studio\2017\Community\Web\Snippets\HTML\1033\HTML\audio.snippet
[0b00:0004][2017-10-17T09:46:48] Completed: Copying file /Contents/Web/Snippets/HTML/1033/HTML/audio.snippet to C:\Program Files (x86)\Microsoft Visual Studio\2017\Community\Web\Snippets\HTML\1033\HTML\audio.snippet
[0b00:0004][2017-10-17T09:46:48] Timestamp updated for file 'C:\Program Files (x86)\Microsoft Visual Studio\2017\Community\Web\Snippets\HTML\1033\HTML\audio.snippet'.
[0b00:0004][2017-10-17T09:46:48] Processing file /Contents/Web/Snippets/HTML/1033/HTML/charset.snippet
[0b00:0004][2017-10-17T09:46:48] Started: Copying file /Contents/Web/Snippets/HTML/1033/HTML/charset.snippet to C:\Program Files (x86)\Microsoft Visual Studio\2017\Community\Web\Snippets\HTML\1033\HTML\charset.snippet
[0b00:0004][2017-10-17T09:46:48] Completed: Copying file /Contents/Web/Snippets/HTML/1033/HTML/charset.snippet to C:\Program Files (x86)\Microsoft Visual Studio\2017\Community\Web\Snippets\HTML\1033\HTML\charset.snippet
[0b00:0004][2017-10-17T09:46:48] Timestamp updated for file 'C:\Program Files (x86)\Microsoft Visual Studio\2017\Community\Web\Snippets\HTML\1033\HTML\charset.snippet'.
[0b00:0004][2017-10-17T09:46:48] Processing file /Contents/Web/Snippets/HTML/1033/HTML/dd.snippet
[0b00:0004][2017-10-17T09:46:48] Started: Copying file /Contents/Web/Snippets/HTML/1033/HTML/dd.snippet to C:\Program Files (x86)\Microsoft Visual Studio\2017\Community\Web\Snippets\HTML\1033\HTML\dd.snippet
[0b00:0004][2017-10-17T09:46:48] Completed: Copying file /Contents/Web/Snippets/HTML/1033/HTML/dd.snippet to C:\Program Files (x86)\Microsoft Visual Studio\2017\Community\Web\Snippets\HTML\1033\HTML\dd.snippet
[0b00:0004][2017-10-17T09:46:48] Timestamp updated for file 'C:\Program Files (x86)\Microsoft Visual Studio\2017\Community\Web\Snippets\HTML\1033\HTML\dd.snippet'.
[0b00:0004][2017-10-17T09:46:48] Processing file /Contents/Web/Snippets/HTML/1033/HTML/figure.snippet
[0b00:0004][2017-10-17T09:46:48] Started: Copying file /Contents/Web/Snippets/HTML/1033/HTML/figure.snippet to C:\Program Files (x86)\Microsoft Visual Studio\2017\Community\Web\Snippets\HTML\1033\HTML\figure.snippet
[0b00:0004][2017-10-17T09:46:48] Completed: Copying file /Contents/Web/Snippets/HTML/1033/HTML/figure.snippet to C:\Program Files (x86)\Microsoft Visual Studio\2017\Community\Web\Snippets\HTML\1033\HTML\figure.snippet
[0b00:0004][2017-10-17T09:46:48] Timestamp updated for file 'C:\Program Files (x86)\Microsoft Visual Studio\2017\Community\Web\Snippets\HTML\1033\HTML\figure.snippet'.
[0b00:0004][2017-10-17T09:46:48] Processing file /Contents/Web/Snippets/HTML/1033/HTML/form.snippet
[0b00:0004][2017-10-17T09:46:48] Started: Copying file /Contents/Web/Snippets/HTML/1033/HTML/form.snippet to C:\Program Files (x86)\Microsoft Visual Studio\2017\Community\Web\Snippets\HTML\1033\HTML\form.snippet
[0b00:0004][2017-10-17T09:46:48] Completed: Copying file /Contents/Web/Snippets/HTML/1033/HTML/form.snippet to C:\Program Files (x86)\Microsoft Visual Studio\2017\Community\Web\Snippets\HTML\1033\HTML\form.snippet
[0b00:0004][2017-10-17T09:46:48] Timestamp updated for file 'C:\Program Files (x86)\Microsoft Visual Studio\2017\Community\Web\Snippets\HTML\1033\HTML\form.snippet'.
[0b00:0004][2017-10-17T09:46:48] Processing file /Contents/Web/Snippets/HTML/1033/HTML/html.snippet
[0b00:0004][2017-10-17T09:46:48] Started: Copying file /Contents/Web/Snippets/HTML/1033/HTML/html.snippet to C:\Program Files (x86)\Microsoft Visual Studio\2017\Community\Web\Snippets\HTML\1033\HTML\html.snippet
[0b00:0004][2017-10-17T09:46:48] Completed: Copying file /Contents/Web/Snippets/HTML/1033/HTML/html.snippet to C:\Program Files (x86)\Microsoft Visual Studio\2017\Community\Web\Snippets\HTML\1033\HTML\html.snippet
[0b00:0004][2017-10-17T09:46:48] Timestamp updated for file 'C:\Program Files (x86)\Microsoft Visual Studio\2017\Community\Web\Snippets\HTML\1033\HTML\html.snippet'.
[0b00:0004][2017-10-17T09:46:48] Processing file /Contents/Web/Snippets/HTML/1033/HTML/html4f.snippet
[0b00:0004][2017-10-17T09:46:48] Started: Copying file /Contents/Web/Snippets/HTML/1033/HTML/html4f.snippet to C:\Program Files (x86)\Microsoft Visual Studio\2017\Community\Web\Snippets\HTML\1033\HTML\html4f.snippet
[0b00:0004][2017-10-17T09:46:48] Completed: Copying file /Contents/Web/Snippets/HTML/1033/HTML/html4f.snippet to C:\Program Files (x86)\Microsoft Visual Studio\2017\Community\Web\Snippets\HTML\1033\HTML\html4f.snippet
[0b00:0004][2017-10-17T09:46:48] Timestamp updated for file 'C:\Program Files (x86)\Microsoft Visual Studio\2017\Community\Web\Snippets\HTML\1033\HTML\html4f.snippet'.
[0b00:0004][2017-10-17T09:46:48] Processing file /Contents/Web/Snippets/HTML/1033/HTML/html4s.snippet
[0b00:0004][2017-10-17T09:46:48] Started: Copying file /Contents/Web/Snippets/HTML/1033/HTML/html4s.snippet to C:\Program Files (x86)\Microsoft Visual Studio\2017\Community\Web\Snippets\HTML\1033\HTML\html4s.snippet
[0b00:0004][2017-10-17T09:46:48] Completed: Copying file /Contents/Web/Snippets/HTML/1033/HTML/html4s.snippet to C:\Program Files (x86)\Microsoft Visual Studio\2017\Community\Web\Snippets\HTML\1033\HTML\html4s.snippet
[0b00:0004][2017-10-17T09:46:48] Timestamp updated for file 'C:\Program Files (x86)\Microsoft Visual Studio\2017\Community\Web\Snippets\HTML\1033\HTML\html4s.snippet'.
[0b00:0004][2017-10-17T09:46:48] Processing file /Contents/Web/Snippets/HTML/1033/HTML/html4t.snippet
[0b00:0004][2017-10-17T09:46:48] Started: Copying file /Contents/Web/Snippets/HTML/1033/HTML/html4t.snippet to C:\Program Files (x86)\Microsoft Visual Studio\2017\Community\Web\Snippets\HTML\1033\HTML\html4t.snippet
[0b00:0004][2017-10-17T09:46:48] Completed: Copying file /Contents/Web/Snippets/HTML/1033/HTML/html4t.snippet to C:\Program Files (x86)\Microsoft Visual Studio\2017\Community\Web\Snippets\HTML\1033\HTML\html4t.snippet
[0b00:0004][2017-10-17T09:46:48] Timestamp updated for file 'C:\Program Files (x86)\Microsoft Visual Studio\2017\Community\Web\Snippets\HTML\1033\HTML\html4t.snippet'.
[0b00:0004][2017-10-17T09:46:48] Processing file /Contents/Web/Snippets/HTML/1033/HTML/html5.snippet
[0b00:0004][2017-10-17T09:46:48] Started: Copying file /Contents/Web/Snippets/HTML/1033/HTML/html5.snippet to C:\Program Files (x86)\Microsoft Visual Studio\2017\Community\Web\Snippets\HTML\1033\HTML\html5.snippet
[0b00:0004][2017-10-17T09:46:48] Completed: Copying file /Contents/Web/Snippets/HTML/1033/HTML/html5.snippet to C:\Program Files (x86)\Microsoft Visual Studio\2017\Community\Web\Snippets\HTML\1033\HTML\html5.snippet
[0b00:0004][2017-10-17T09:46:48] Timestamp updated for file 'C:\Program Files (x86)\Microsoft Visual Studio\2017\Community\Web\Snippets\HTML\1033\HTML\html5.snippet'.
[0b00:0004][2017-10-17T09:46:48] Processing file /Contents/Web/Snippets/HTML/1033/HTML/img.snippet
[0b00:0004][2017-10-17T09:46:48] Started: Copying file /Contents/Web/Snippets/HTML/1033/HTML/img.snippet to C:\Program Files (x86)\Microsoft Visual Studio\2017\Community\Web\Snippets\HTML\1033\HTML\img.snippet
[0b00:0004][2017-10-17T09:46:48] Completed: Copying file /Contents/Web/Snippets/HTML/1033/HTML/img.snippet to C:\Program Files (x86)\Microsoft Visual Studio\2017\Community\Web\Snippets\HTML\1033\HTML\img.snippet
[0b00:0004][2017-10-17T09:46:48] Timestamp updated for file 'C:\Program Files (x86)\Microsoft Visual Studio\2017\Community\Web\Snippets\HTML\1033\HTML\img.snippet'.
[0b00:0004][2017-10-17T09:46:48] Processing file /Contents/Web/Snippets/HTML/1033/HTML/input.snippet
[0b00:0004][2017-10-17T09:46:48] Started: Copying file /Contents/Web/Snippets/HTML/1033/HTML/input.snippet to C:\Program Files (x86)\Microsoft Visual Studio\2017\Community\Web\Snippets\HTML\1033\HTML\input.snippet
[0b00:0004][2017-10-17T09:46:48] Completed: Copying file /Contents/Web/Snippets/HTML/1033/HTML/input.snippet to C:\Program Files (x86)\Microsoft Visual Studio\2017\Community\Web\Snippets\HTML\1033\HTML\input.snippet
[0b00:0004][2017-10-17T09:46:48] Timestamp updated for file 'C:\Program Files (x86)\Microsoft Visual Studio\2017\Community\Web\Snippets\HTML\1033\HTML\input.snippet'.
[0b00:0004][2017-10-17T09:46:48] Processing file /Contents/Web/Snippets/HTML/1033/HTML/link.snippet
[0b00:0004][2017-10-17T09:46:48] Started: Copying file /Contents/Web/Snippets/HTML/1033/HTML/link.snippet to C:\Program Files (x86)\Microsoft Visual Studio\2017\Community\Web\Snippets\HTML\1033\HTML\link.snippet
[0b00:0004][2017-10-17T09:46:48] Completed: Copying file /Contents/Web/Snippets/HTML/1033/HTML/link.snippet to C:\Program Files (x86)\Microsoft Visual Studio\2017\Community\Web\Snippets\HTML\1033\HTML\link.snippet
[0b00:0004][2017-10-17T09:46:48] Timestamp updated for file 'C:\Program Files (x86)\Microsoft Visual Studio\2017\Community\Web\Snippets\HTML\1033\HTML\link.snippet'.
[0b00:0004][2017-10-17T09:46:48] Processing file /Contents/Web/Snippets/HTML/1033/HTML/metaviewport.snippet
[0b00:0004][2017-10-17T09:46:48] Started: Copying file /Contents/Web/Snippets/HTML/1033/HTML/metaviewport.snippet to C:\Program Files (x86)\Microsoft Visual Studio\2017\Community\Web\Snippets\HTML\1033\HTML\metaviewport.snippet
[0b00:0004][2017-10-17T09:46:48] Completed: Copying file /Contents/Web/Snippets/HTML/1033/HTML/metaviewport.snippet to C:\Program Files (x86)\Microsoft Visual Studio\2017\Community\Web\Snippets\HTML\1033\HTML\metaviewport.snippet
[0b00:0004][2017-10-17T09:46:48] Timestamp updated for file 'C:\Program Files (x86)\Microsoft Visual Studio\2017\Community\Web\Snippets\HTML\1033\HTML\metaviewport.snippet'.
[0b00:0004][2017-10-17T09:46:48] Processing file /Contents/Web/Snippets/HTML/1033/HTML/picture.snippet
[0b00:0004][2017-10-17T09:46:48] Started: Copying file /Contents/Web/Snippets/HTML/1033/HTML/picture.snippet to C:\Program Files (x86)\Microsoft Visual Studio\2017\Community\Web\Snippets\HTML\1033\HTML\picture.snippet
[0b00:0004][2017-10-17T09:46:48] Completed: Copying file /Contents/Web/Snippets/HTML/1033/HTML/picture.snippet to C:\Program Files (x86)\Microsoft Visual Studio\2017\Community\Web\Snippets\HTML\1033\HTML\picture.snippet
[0b00:0004][2017-10-17T09:46:48] Timestamp updated for file 'C:\Program Files (x86)\Microsoft Visual Studio\2017\Community\Web\Snippets\HTML\1033\HTML\picture.snippet'.
[0b00:0004][2017-10-17T09:46:48] Processing file /Contents/Web/Snippets/HTML/1033/HTML/region.snippet
[0b00:0004][2017-10-17T09:46:48] Started: Copying file /Contents/Web/Snippets/HTML/1033/HTML/region.snippet to C:\Program Files (x86)\Microsoft Visual Studio\2017\Community\Web\Snippets\HTML\1033\HTML\region.snippet
[0b00:0004][2017-10-17T09:46:48] Completed: Copying file /Contents/Web/Snippets/HTML/1033/HTML/region.snippet to C:\Program Files (x86)\Microsoft Visual Studio\2017\Community\Web\Snippets\HTML\1033\HTML\region.snippet
[0b00:0004][2017-10-17T09:46:48] Timestamp updated for file 'C:\Program Files (x86)\Microsoft Visual Studio\2017\Community\Web\Snippets\HTML\1033\HTML\region.snippet'.
[0b00:0004][2017-10-17T09:46:48] Processing file /Contents/Web/Snippets/HTML/1033/HTML/script.snippet
[0b00:0004][2017-10-17T09:46:48] Started: Copying file /Contents/Web/Snippets/HTML/1033/HTML/script.snippet to C:\Program Files (x86)\Microsoft Visual Studio\2017\Community\Web\Snippets\HTML\1033\HTML\script.snippet
[0b00:0004][2017-10-17T09:46:48] Completed: Copying file /Contents/Web/Snippets/HTML/1033/HTML/script.snippet to C:\Program Files (x86)\Microsoft Visual Studio\2017\Community\Web\Snippets\HTML\1033\HTML\script.snippet
[0b00:0004][2017-10-17T09:46:48] Timestamp updated for file 'C:\Program Files (x86)\Microsoft Visual Studio\2017\Community\Web\Snippets\HTML\1033\HTML\script.snippet'.
[0b00:0004][2017-10-17T09:46:48] Processing file /Contents/Web/Snippets/HTML/1033/HTML/scriptr.snippet
[0b00:0004][2017-10-17T09:46:48] Started: Copying file /Contents/Web/Snippets/HTML/1033/HTML/scriptr.snippet to C:\Program Files (x86)\Microsoft Visual Studio\2017\Community\Web\Snippets\HTML\1033\HTML\scriptr.snippet
[0b00:0004][2017-10-17T09:46:48] Completed: Copying file /Contents/Web/Snippets/HTML/1033/HTML/scriptr.snippet to C:\Program Files (x86)\Microsoft Visual Studio\2017\Community\Web\Snippets\HTML\1033\HTML\scriptr.snippet
[0b00:0004][2017-10-17T09:46:48] Timestamp updated for file 'C:\Program Files (x86)\Microsoft Visual Studio\2017\Community\Web\Snippets\HTML\1033\HTML\scriptr.snippet'.
[0b00:0004][2017-10-17T09:46:48] Processing file /Contents/Web/Snippets/HTML/1033/HTML/scriptr2.snippet
[0b00:0004][2017-10-17T09:46:48] Started: Copying file /Contents/Web/Snippets/HTML/1033/HTML/scriptr2.snippet to C:\Program Files (x86)\Microsoft Visual Studio\2017\Community\Web\Snippets\HTML\1033\HTML\scriptr2.snippet
[0b00:0004][2017-10-17T09:46:48] Completed: Copying file /Contents/Web/Snippets/HTML/1033/HTML/scriptr2.snippet to C:\Program Files (x86)\Microsoft Visual Studio\2017\Community\Web\Snippets\HTML\1033\HTML\scriptr2.snippet
[0b00:0004][2017-10-17T09:46:48] Timestamp updated for file 'C:\Program Files (x86)\Microsoft Visual Studio\2017\Community\Web\Snippets\HTML\1033\HTML\scriptr2.snippet'.
[0b00:0004][2017-10-17T09:46:48] Processing file /Contents/Web/Snippets/HTML/1033/HTML/select.snippet
[0b00:0004][2017-10-17T09:46:48] Started: Copying file /Contents/Web/Snippets/HTML/1033/HTML/select.snippet to C:\Program Files (x86)\Microsoft Visual Studio\2017\Community\Web\Snippets\HTML\1033\HTML\select.snippet
[0b00:0004][2017-10-17T09:46:48] Completed: Copying file /Contents/Web/Snippets/HTML/1033/HTML/select.snippet to C:\Program Files (x86)\Microsoft Visual Studio\2017\Community\Web\Snippets\HTML\1033\HTML\select.snippet
[0b00:0004][2017-10-17T09:46:48] Timestamp updated for file 'C:\Program Files (x86)\Microsoft Visual Studio\2017\Community\Web\Snippets\HTML\1033\HTML\select.snippet'.
[0b00:0004][2017-10-17T09:46:48] Processing file /Contents/Web/Snippets/HTML/1033/HTML/style.snippet
[0b00:0004][2017-10-17T09:46:48] Started: Copying file /Contents/Web/Snippets/HTML/1033/HTML/style.snippet to C:\Program Files (x86)\Microsoft Visual Studio\2017\Community\Web\Snippets\HTML\1033\HTML\style.snippet
[0b00:0004][2017-10-17T09:46:48] Completed: Copying file /Contents/Web/Snippets/HTML/1033/HTML/style.snippet to C:\Program Files (x86)\Microsoft Visual Studio\2017\Community\Web\Snippets\HTML\1033\HTML\style.snippet
[0b00:0004][2017-10-17T09:46:48] Timestamp updated for file 'C:\Program Files (x86)\Microsoft Visual Studio\2017\Community\Web\Snippets\HTML\1033\HTML\style.snippet'.
[0b00:0004][2017-10-17T09:46:48] Processing file /Contents/Web/Snippets/HTML/1033/HTML/svg.snippet
[0b00:0004][2017-10-17T09:46:48] Started: Copying file /Contents/Web/Snippets/HTML/1033/HTML/svg.snippet to C:\Program Files (x86)\Microsoft Visual Studio\2017\Community\Web\Snippets\HTML\1033\HTML\svg.snippet
[0b00:0004][2017-10-17T09:46:48] Completed: Copying file /Contents/Web/Snippets/HTML/1033/HTML/svg.snippet to C:\Program Files (x86)\Microsoft Visual Studio\2017\Community\Web\Snippets\HTML\1033\HTML\svg.snippet
[0b00:0004][2017-10-17T09:46:48] Timestamp updated for file 'C:\Program Files (x86)\Microsoft Visual Studio\2017\Community\Web\Snippets\HTML\1033\HTML\svg.snippet'.
[0b00:0004][2017-10-17T09:46:48] Processing file /Contents/Web/Snippets/HTML/1033/HTML/table.snippet
[0b00:0004][2017-10-17T09:46:48] Started: Copying file /Contents/Web/Snippets/HTML/1033/HTML/table.snippet to C:\Program Files (x86)\Microsoft Visual Studio\2017\Community\Web\Snippets\HTML\1033\HTML\table.snippet
[0b00:0004][2017-10-17T09:46:48] Completed: Copying file /Contents/Web/Snippets/HTML/1033/HTML/table.snippet to C:\Program Files (x86)\Microsoft Visual Studio\2017\Community\Web\Snippets\HTML\1033\HTML\table.snippet
[0b00:0004][2017-10-17T09:46:48] Timestamp updated for file 'C:\Program Files (x86)\Microsoft Visual Studio\2017\Community\Web\Snippets\HTML\1033\HTML\table.snippet'.
[0b00:0004][2017-10-17T09:46:48] Processing file /Contents/Web/Snippets/HTML/1033/HTML/ul.snippet
[0b00:0004][2017-10-17T09:46:48] Started: Copying file /Contents/Web/Snippets/HTML/1033/HTML/ul.snippet to C:\Program Files (x86)\Microsoft Visual Studio\2017\Community\Web\Snippets\HTML\1033\HTML\ul.snippet
[0b00:0004][2017-10-17T09:46:48] Completed: Copying file /Contents/Web/Snippets/HTML/1033/HTML/ul.snippet to C:\Program Files (x86)\Microsoft Visual Studio\2017\Community\Web\Snippets\HTML\1033\HTML\ul.snippet
[0b00:0004][2017-10-17T09:46:48] Timestamp updated for file 'C:\Program Files (x86)\Microsoft Visual Studio\2017\Community\Web\Snippets\HTML\1033\HTML\ul.snippet'.
[0b00:0004][2017-10-17T09:46:48] Processing file /Contents/Web/Snippets/HTML/1033/HTML/video.snippet
[0b00:0004][2017-10-17T09:46:48] Started: Copying file /Contents/Web/Snippets/HTML/1033/HTML/video.snippet to C:\Program Files (x86)\Microsoft Visual Studio\2017\Community\Web\Snippets\HTML\1033\HTML\video.snippet
[0b00:0004][2017-10-17T09:46:48] Completed: Copying file /Contents/Web/Snippets/HTML/1033/HTML/video.snippet to C:\Program Files (x86)\Microsoft Visual Studio\2017\Community\Web\Snippets\HTML\1033\HTML\video.snippet
[0b00:0004][2017-10-17T09:46:48] Timestamp updated for file 'C:\Program Files (x86)\Microsoft Visual Studio\2017\Community\Web\Snippets\HTML\1033\HTML\video.snippet'.
[0b00:0004][2017-10-17T09:46:48] Processing file /Contents/Web/Snippets/HTML/1033/HTML/xhtml10f.snippet
[0b00:0004][2017-10-17T09:46:48] Started: Copying file /Contents/Web/Snippets/HTML/1033/HTML/xhtml10f.snippet to C:\Program Files (x86)\Microsoft Visual Studio\2017\Community\Web\Snippets\HTML\1033\HTML\xhtml10f.snippet
[0b00:0004][2017-10-17T09:46:48] Completed: Copying file /Contents/Web/Snippets/HTML/1033/HTML/xhtml10f.snippet to C:\Program Files (x86)\Microsoft Visual Studio\2017\Community\Web\Snippets\HTML\1033\HTML\xhtml10f.snippet
[0b00:0004][2017-10-17T09:46:48] Timestamp updated for file 'C:\Program Files (x86)\Microsoft Visual Studio\2017\Community\Web\Snippets\HTML\1033\HTML\xhtml10f.snippet'.
[0b00:0004][2017-10-17T09:46:48] Processing file /Contents/Web/Snippets/HTML/1033/HTML/xhtml10s.snippet
[0b00:0004][2017-10-17T09:46:48] Started: Copying file /Contents/Web/Snippets/HTML/1033/HTML/xhtml10s.snippet to C:\Program Files (x86)\Microsoft Visual Studio\2017\Community\Web\Snippets\HTML\1033\HTML\xhtml10s.snippet
[0b00:0004][2017-10-17T09:46:48] Completed: Copying file /Contents/Web/Snippets/HTML/1033/HTML/xhtml10s.snippet to C:\Program Files (x86)\Microsoft Visual Studio\2017\Community\Web\Snippets\HTML\1033\HTML\xhtml10s.snippet
[0b00:0004][2017-10-17T09:46:48] Timestamp updated for file 'C:\Program Files (x86)\Microsoft Visual Studio\2017\Community\Web\Snippets\HTML\1033\HTML\xhtml10s.snippet'.
[0b00:0004][2017-10-17T09:46:48] Processing file /Contents/Web/Snippets/HTML/1033/HTML/xhtml10t.snippet
[0b00:0004][2017-10-17T09:46:48] Started: Copying file /Contents/Web/Snippets/HTML/1033/HTML/xhtml10t.snippet to C:\Program Files (x86)\Microsoft Visual Studio\2017\Community\Web\Snippets\HTML\1033\HTML\xhtml10t.snippet
[0b00:0004][2017-10-17T09:46:48] Completed: Copying file /Contents/Web/Snippets/HTML/1033/HTML/xhtml10t.snippet to C:\Program Files (x86)\Microsoft Visual Studio\2017\Community\Web\Snippets\HTML\1033\HTML\xhtml10t.snippet
[0b00:0004][2017-10-17T09:46:48] Timestamp updated for file 'C:\Program Files (x86)\Microsoft Visual Studio\2017\Community\Web\Snippets\HTML\1033\HTML\xhtml10t.snippet'.
[0b00:0004][2017-10-17T09:46:48] Processing file /Contents/Web/Snippets/HTML/1033/HTML/xhtml11.snippet
[0b00:0004][2017-10-17T09:46:48] Started: Copying file /Contents/Web/Snippets/HTML/1033/HTML/xhtml11.snippet to C:\Program Files (x86)\Microsoft Visual Studio\2017\Community\Web\Snippets\HTML\1033\HTML\xhtml11.snippet
[0b00:0004][2017-10-17T09:46:48] Completed: Copying file /Contents/Web/Snippets/HTML/1033/HTML/xhtml11.snippet to C:\Program Files (x86)\Microsoft Visual Studio\2017\Community\Web\Snippets\HTML\1033\HTML\xhtml11.snippet
[0b00:0004][2017-10-17T09:46:48] Timestamp updated for file 'C:\Program Files (x86)\Microsoft Visual Studio\2017\Community\Web\Snippets\HTML\1033\HTML\xhtml11.snippet'.
[0b00:0004][2017-10-17T09:46:48] Processing file /Contents/Web/Snippets/HTML/1033/HTML/xhtml5.snippet
[0b00:0004][2017-10-17T09:46:48] Started: Copying file /Contents/Web/Snippets/HTML/1033/HTML/xhtml5.snippet to C:\Program Files (x86)\Microsoft Visual Studio\2017\Community\Web\Snippets\HTML\1033\HTML\xhtml5.snippet
[0b00:0004][2017-10-17T09:46:48] Completed: Copying file /Contents/Web/Snippets/HTML/1033/HTML/xhtml5.snippet to C:\Program Files (x86)\Microsoft Visual Studio\2017\Community\Web\Snippets\HTML\1033\HTML\xhtml5.snippet
[0b00:0004][2017-10-17T09:46:48] Timestamp updated for file 'C:\Program Files (x86)\Microsoft Visual Studio\2017\Community\Web\Snippets\HTML\1033\HTML\xhtml5.snippet'.
[0b00:0004][2017-10-17T09:46:48] Processing file /Contents/Web/Snippets/HTML/1033/SnippetsIndex.xml
[0b00:0004][2017-10-17T09:46:48] Started: Copying file /Contents/Web/Snippets/HTML/1033/SnippetsIndex.xml to C:\Program Files (x86)\Microsoft Visual Studio\2017\Community\Web\Snippets\HTML\1033\SnippetsIndex.xml
[0b00:0004][2017-10-17T09:46:48] Completed: Copying file /Contents/Web/Snippets/HTML/1033/SnippetsIndex.xml to C:\Program Files (x86)\Microsoft Visual Studio\2017\Community\Web\Snippets\HTML\1033\SnippetsIndex.xml
[0b00:0004][2017-10-17T09:46:48] Timestamp updated for file 'C:\Program Files (x86)\Microsoft Visual Studio\2017\Community\Web\Snippets\HTML\1033\SnippetsIndex.xml'.
[0b00:0004][2017-10-17T09:46:48] Installing ProgId: VisualStudio.asa.7a56c1b0
[0b00:0004][2017-10-17T09:46:48] Installing ProgId: VisualStudio.asax.7a56c1b0
[0b00:0004][2017-10-17T09:46:48] Installing ProgId: VisualStudio.ascx.7a56c1b0
[0b00:0004][2017-10-17T09:46:48] Installing ProgId: VisualStudio.ashx.7a56c1b0
[0b00:0004][2017-10-17T09:46:48] Installing ProgId: VisualStudio.asmx.7a56c1b0
[0b00:0004][2017-10-17T09:46:48] Installing ProgId: VisualStudio.asp.7a56c1b0
[0b00:0004][2017-10-17T09:46:48] Installing ProgId: VisualStudio.aspx.7a56c1b0
[0b00:0004][2017-10-17T09:46:48] Installing ProgId: VisualStudio.master.7a56c1b0
[0b00:0004][2017-10-17T09:46:48] Installing ProgId: VisualStudio.skin.7a56c1b0
[0b00:0004][2017-10-17T09:46:48] Installing ProgId: VisualStudio.svc.7a56c1b0
[0b00:0004][2017-10-17T09:46:48] Processing file extension for install .asa
[0b00:0004][2017-10-17T09:46:48] RegistrationPath: Software\Microsoft\VisualStudio_7a56c1b0\Capabilities\FileAssociations
[0b00:0004][2017-10-17T09:46:48] Processing file extension for install .asax
[0b00:0004][2017-10-17T09:46:48] RegistrationPath: Software\Microsoft\VisualStudio_7a56c1b0\Capabilities\FileAssociations
[0b00:0004][2017-10-17T09:46:48] Processing file extension for install .ascx
[0b00:0004][2017-10-17T09:46:48] RegistrationPath: Software\Microsoft\VisualStudio_7a56c1b0\Capabilities\FileAssociations
[0b00:0004][2017-10-17T09:46:48] Processing file extension for install .ashx
[0b00:0004][2017-10-17T09:46:48] RegistrationPath: Software\Microsoft\VisualStudio_7a56c1b0\Capabilities\FileAssociations
[0b00:0004][2017-10-17T09:46:48] Processing file extension for install .asmx
[0b00:0004][2017-10-17T09:46:48] RegistrationPath: Software\Microsoft\VisualStudio_7a56c1b0\Capabilities\FileAssociations
[0b00:0004][2017-10-17T09:46:48] Processing file extension for install .asp
[0b00:0004][2017-10-17T09:46:48] RegistrationPath: Software\Microsoft\VisualStudio_7a56c1b0\Capabilities\FileAssociations
[0b00:0004][2017-10-17T09:46:48] Processing file extension for install .aspx
[0b00:0004][2017-10-17T09:46:48] RegistrationPath: Software\Microsoft\VisualStudio_7a56c1b0\Capabilities\FileAssociations
[0b00:0004][2017-10-17T09:46:48] Processing file extension for install .master
[0b00:0004][2017-10-17T09:46:48] RegistrationPath: Software\Microsoft\VisualStudio_7a56c1b0\Capabilities\FileAssociations
[0b00:0004][2017-10-17T09:46:48] Processing file extension for install .skin
[0b00:0004][2017-10-17T09:46:48] RegistrationPath: Software\Microsoft\VisualStudio_7a56c1b0\Capabilities\FileAssociations
[0b00:0004][2017-10-17T09:46:48] Processing file extension for install .svc
[0b00:0004][2017-10-17T09:46:48] RegistrationPath: Software\Microsoft\VisualStudio_7a56c1b0\Capabilities\FileAssociations
[0b00:0004][2017-10-17T09:46:48] Package executed successfully. Return code: 0
