[0b00:0004][2017-10-17T09:49:09] Opening the package for processing
[0b00:0004][2017-10-17T09:49:09] Using package payload to get the embedded manifest
[0b00:0004][2017-10-17T09:49:09] Getting list of files within the package
[0b00:0004][2017-10-17T09:49:09] Processing file /Contents/MSBUILD/15.0/Microsoft.Common.Targets/ImportAfter/Microsoft.Web.ImportAfter.targets
[0b00:0004][2017-10-17T09:49:09] Started: Copying file /Contents/MSBUILD/15.0/Microsoft.Common.Targets/ImportAfter/Microsoft.Web.ImportAfter.targets to C:\Program Files (x86)\Microsoft Visual Studio\2017\Community\MSBUILD\15.0\Microsoft.Common.Targets\ImportAfter\Microsoft.Web.ImportAfter.targets
[0b00:0004][2017-10-17T09:49:09] Completed: Copying file /Contents/MSBUILD/15.0/Microsoft.Common.Targets/ImportAfter/Microsoft.Web.ImportAfter.targets to C:\Program Files (x86)\Microsoft Visual Studio\2017\Community\MSBUILD\15.0\Microsoft.Common.Targets\ImportAfter\Microsoft.Web.ImportAfter.targets
[0b00:0004][2017-10-17T09:49:09] Timestamp updated for file 'C:\Program Files (x86)\Microsoft Visual Studio\2017\Community\MSBUILD\15.0\Microsoft.Common.Targets\ImportAfter\Microsoft.Web.ImportAfter.targets'.
[0b00:0004][2017-10-17T09:49:09] Processing file /Contents/MSBUILD/Microsoft/VisualStudio/Managed.Web/en-US/GeneralBrowseObject.xaml
[0b00:0004][2017-10-17T09:49:09] Started: Copying file /Contents/MSBUILD/Microsoft/VisualStudio/Managed.Web/en-US/GeneralBrowseObject.xaml to C:\Program Files (x86)\Microsoft Visual Studio\2017\Community\MSBUILD\Microsoft\VisualStudio\Managed.Web\en-US\GeneralBrowseObject.xaml
[0b00:0004][2017-10-17T09:49:09] Completed: Copying file /Contents/MSBUILD/Microsoft/VisualStudio/Managed.Web/en-US/GeneralBrowseObject.xaml to C:\Program Files (x86)\Microsoft Visual Studio\2017\Community\MSBUILD\Microsoft\VisualStudio\Managed.Web\en-US\GeneralBrowseObject.xaml
[0b00:0004][2017-10-17T09:49:09] Timestamp updated for file 'C:\Program Files (x86)\Microsoft Visual Studio\2017\Community\MSBUILD\Microsoft\VisualStudio\Managed.Web\en-US\GeneralBrowseObject.xaml'.
[0b00:0004][2017-10-17T09:49:09] Processing file /Contents/MSBUILD/Microsoft/VisualStudio/Managed.Web/Microsoft.Web.IISSupport.targets
[0b00:0004][2017-10-17T09:49:09] Started: Copying file /Contents/MSBUILD/Microsoft/VisualStudio/Managed.Web/Microsoft.Web.IISSupport.targets to C:\Program Files (x86)\Microsoft Visual Studio\2017\Community\MSBUILD\Microsoft\VisualStudio\Managed.Web\Microsoft.Web.IISSupport.targets
[0b00:0004][2017-10-17T09:49:09] Completed: Copying file /Contents/MSBUILD/Microsoft/VisualStudio/Managed.Web/Microsoft.Web.IISSupport.targets to C:\Program Files (x86)\Microsoft Visual Studio\2017\Community\MSBUILD\Microsoft\VisualStudio\Managed.Web\Microsoft.Web.IISSupport.targets
[0b00:0004][2017-10-17T09:49:09] Timestamp updated for file 'C:\Program Files (x86)\Microsoft Visual Studio\2017\Community\MSBUILD\Microsoft\VisualStudio\Managed.Web\Microsoft.Web.IISSupport.targets'.
[0b00:0004][2017-10-17T09:49:09] Processing file /Contents/MSBUILD/Microsoft/VisualStudio/v15.0/Web/CollectFiles/Microsoft.Web.Publishing.AllFilesInProjectFolder.targets
[0b00:0004][2017-10-17T09:49:09] Started: Copying file /Contents/MSBUILD/Microsoft/VisualStudio/v15.0/Web/CollectFiles/Microsoft.Web.Publishing.AllFilesInProjectFolder.targets to C:\Program Files (x86)\Microsoft Visual Studio\2017\Community\MSBUILD\Microsoft\VisualStudio\v15.0\Web\CollectFiles\Microsoft.Web.Publishing.AllFilesInProjectFolder.targets
[0b00:0004][2017-10-17T09:49:09] Completed: Copying file /Contents/MSBUILD/Microsoft/VisualStudio/v15.0/Web/CollectFiles/Microsoft.Web.Publishing.AllFilesInProjectFolder.targets to C:\Program Files (x86)\Microsoft Visual Studio\2017\Community\MSBUILD\Microsoft\VisualStudio\v15.0\Web\CollectFiles\Microsoft.Web.Publishing.AllFilesInProjectFolder.targets
[0b00:0004][2017-10-17T09:49:09] Timestamp updated for file 'C:\Program Files (x86)\Microsoft Visual Studio\2017\Community\MSBUILD\Microsoft\VisualStudio\v15.0\Web\CollectFiles\Microsoft.Web.Publishing.AllFilesInProjectFolder.targets'.
[0b00:0004][2017-10-17T09:49:09] Processing file /Contents/MSBUILD/Microsoft/VisualStudio/v15.0/Web/CollectFiles/Microsoft.Web.Publishing.AllFilesInTheProject.targets
[0b00:0004][2017-10-17T09:49:09] Started: Copying file /Contents/MSBUILD/Microsoft/VisualStudio/v15.0/Web/CollectFiles/Microsoft.Web.Publishing.AllFilesInTheProject.targets to C:\Program Files (x86)\Microsoft Visual Studio\2017\Community\MSBUILD\Microsoft\VisualStudio\v15.0\Web\CollectFiles\Microsoft.Web.Publishing.AllFilesInTheProject.targets
[0b00:0004][2017-10-17T09:49:09] Completed: Copying file /Contents/MSBUILD/Microsoft/VisualStudio/v15.0/Web/CollectFiles/Microsoft.Web.Publishing.AllFilesInTheProject.targets to C:\Program Files (x86)\Microsoft Visual Studio\2017\Community\MSBUILD\Microsoft\VisualStudio\v15.0\Web\CollectFiles\Microsoft.Web.Publishing.AllFilesInTheProject.targets
[0b00:0004][2017-10-17T09:49:09] Timestamp updated for file 'C:\Program Files (x86)\Microsoft Visual Studio\2017\Community\MSBUILD\Microsoft\VisualStudio\v15.0\Web\CollectFiles\Microsoft.Web.Publishing.AllFilesInTheProject.targets'.
[0b00:0004][2017-10-17T09:49:09] Processing file /Contents/MSBUILD/Microsoft/VisualStudio/v15.0/Web/CollectFiles/Microsoft.Web.Publishing.OnlyFilesToRunTheApp.targets
[0b00:0004][2017-10-17T09:49:09] Started: Copying file /Contents/MSBUILD/Microsoft/VisualStudio/v15.0/Web/CollectFiles/Microsoft.Web.Publishing.OnlyFilesToRunTheApp.targets to C:\Program Files (x86)\Microsoft Visual Studio\2017\Community\MSBUILD\Microsoft\VisualStudio\v15.0\Web\CollectFiles\Microsoft.Web.Publishing.OnlyFilesToRunTheApp.targets
[0b00:0004][2017-10-17T09:49:09] Completed: Copying file /Contents/MSBUILD/Microsoft/VisualStudio/v15.0/Web/CollectFiles/Microsoft.Web.Publishing.OnlyFilesToRunTheApp.targets to C:\Program Files (x86)\Microsoft Visual Studio\2017\Community\MSBUILD\Microsoft\VisualStudio\v15.0\Web\CollectFiles\Microsoft.Web.Publishing.OnlyFilesToRunTheApp.targets
[0b00:0004][2017-10-17T09:49:09] Timestamp updated for file 'C:\Program Files (x86)\Microsoft Visual Studio\2017\Community\MSBUILD\Microsoft\VisualStudio\v15.0\Web\CollectFiles\Microsoft.Web.Publishing.OnlyFilesToRunTheApp.targets'.
[0b00:0004][2017-10-17T09:49:09] Processing file /Contents/MSBUILD/Microsoft/VisualStudio/v15.0/Web/Deploy/Microsoft.Web.Publishing.Deploy.FileSystem.targets
[0b00:0004][2017-10-17T09:49:09] Started: Copying file /Contents/MSBUILD/Microsoft/VisualStudio/v15.0/Web/Deploy/Microsoft.Web.Publishing.Deploy.FileSystem.targets to C:\Program Files (x86)\Microsoft Visual Studio\2017\Community\MSBUILD\Microsoft\VisualStudio\v15.0\Web\Deploy\Microsoft.Web.Publishing.Deploy.FileSystem.targets
[0b00:0004][2017-10-17T09:49:09] Completed: Copying file /Contents/MSBUILD/Microsoft/VisualStudio/v15.0/Web/Deploy/Microsoft.Web.Publishing.Deploy.FileSystem.targets to C:\Program Files (x86)\Microsoft Visual Studio\2017\Community\MSBUILD\Microsoft\VisualStudio\v15.0\Web\Deploy\Microsoft.Web.Publishing.Deploy.FileSystem.targets
[0b00:0004][2017-10-17T09:49:09] Timestamp updated for file 'C:\Program Files (x86)\Microsoft Visual Studio\2017\Community\MSBUILD\Microsoft\VisualStudio\v15.0\Web\Deploy\Microsoft.Web.Publishing.Deploy.FileSystem.targets'.
[0b00:0004][2017-10-17T09:49:09] Processing file /Contents/MSBUILD/Microsoft/VisualStudio/v15.0/Web/Deploy/Microsoft.Web.Publishing.Deploy.FPSE.targets
[0b00:0004][2017-10-17T09:49:09] Started: Copying file /Contents/MSBUILD/Microsoft/VisualStudio/v15.0/Web/Deploy/Microsoft.Web.Publishing.Deploy.FPSE.targets to C:\Program Files (x86)\Microsoft Visual Studio\2017\Community\MSBUILD\Microsoft\VisualStudio\v15.0\Web\Deploy\Microsoft.Web.Publishing.Deploy.FPSE.targets
[0b00:0004][2017-10-17T09:49:09] Completed: Copying file /Contents/MSBUILD/Microsoft/VisualStudio/v15.0/Web/Deploy/Microsoft.Web.Publishing.Deploy.FPSE.targets to C:\Program Files (x86)\Microsoft Visual Studio\2017\Community\MSBUILD\Microsoft\VisualStudio\v15.0\Web\Deploy\Microsoft.Web.Publishing.Deploy.FPSE.targets
[0b00:0004][2017-10-17T09:49:09] Timestamp updated for file 'C:\Program Files (x86)\Microsoft Visual Studio\2017\Community\MSBUILD\Microsoft\VisualStudio\v15.0\Web\Deploy\Microsoft.Web.Publishing.Deploy.FPSE.targets'.
[0b00:0004][2017-10-17T09:49:09] Processing file /Contents/MSBUILD/Microsoft/VisualStudio/v15.0/Web/Deploy/Microsoft.Web.Publishing.Deploy.FTP.targets
[0b00:0004][2017-10-17T09:49:09] Started: Copying file /Contents/MSBUILD/Microsoft/VisualStudio/v15.0/Web/Deploy/Microsoft.Web.Publishing.Deploy.FTP.targets to C:\Program Files (x86)\Microsoft Visual Studio\2017\Community\MSBUILD\Microsoft\VisualStudio\v15.0\Web\Deploy\Microsoft.Web.Publishing.Deploy.FTP.targets
[0b00:0004][2017-10-17T09:49:09] Completed: Copying file /Contents/MSBUILD/Microsoft/VisualStudio/v15.0/Web/Deploy/Microsoft.Web.Publishing.Deploy.FTP.targets to C:\Program Files (x86)\Microsoft Visual Studio\2017\Community\MSBUILD\Microsoft\VisualStudio\v15.0\Web\Deploy\Microsoft.Web.Publishing.Deploy.FTP.targets
[0b00:0004][2017-10-17T09:49:09] Timestamp updated for file 'C:\Program Files (x86)\Microsoft Visual Studio\2017\Community\MSBUILD\Microsoft\VisualStudio\v15.0\Web\Deploy\Microsoft.Web.Publishing.Deploy.FTP.targets'.
[0b00:0004][2017-10-17T09:49:09] Processing file /Contents/MSBUILD/Microsoft/VisualStudio/v15.0/Web/Deploy/Microsoft.Web.Publishing.Deploy.MsDeploy.targets
[0b00:0004][2017-10-17T09:49:09] Started: Copying file /Contents/MSBUILD/Microsoft/VisualStudio/v15.0/Web/Deploy/Microsoft.Web.Publishing.Deploy.MsDeploy.targets to C:\Program Files (x86)\Microsoft Visual Studio\2017\Community\MSBUILD\Microsoft\VisualStudio\v15.0\Web\Deploy\Microsoft.Web.Publishing.Deploy.MsDeploy.targets
[0b00:0004][2017-10-17T09:49:09] Completed: Copying file /Contents/MSBUILD/Microsoft/VisualStudio/v15.0/Web/Deploy/Microsoft.Web.Publishing.Deploy.MsDeploy.targets to C:\Program Files (x86)\Microsoft Visual Studio\2017\Community\MSBUILD\Microsoft\VisualStudio\v15.0\Web\Deploy\Microsoft.Web.Publishing.Deploy.MsDeploy.targets
[0b00:0004][2017-10-17T09:49:09] Timestamp updated for file 'C:\Program Files (x86)\Microsoft Visual Studio\2017\Community\MSBUILD\Microsoft\VisualStudio\v15.0\Web\Deploy\Microsoft.Web.Publishing.Deploy.MsDeploy.targets'.
[0b00:0004][2017-10-17T09:49:09] Processing file /Contents/MSBUILD/Microsoft/VisualStudio/v15.0/Web/Deploy/Microsoft.Web.Publishing.Deploy.Package.targets
[0b00:0004][2017-10-17T09:49:09] Started: Copying file /Contents/MSBUILD/Microsoft/VisualStudio/v15.0/Web/Deploy/Microsoft.Web.Publishing.Deploy.Package.targets to C:\Program Files (x86)\Microsoft Visual Studio\2017\Community\MSBUILD\Microsoft\VisualStudio\v15.0\Web\Deploy\Microsoft.Web.Publishing.Deploy.Package.targets
[0b00:0004][2017-10-17T09:49:09] Completed: Copying file /Contents/MSBUILD/Microsoft/VisualStudio/v15.0/Web/Deploy/Microsoft.Web.Publishing.Deploy.Package.targets to C:\Program Files (x86)\Microsoft Visual Studio\2017\Community\MSBUILD\Microsoft\VisualStudio\v15.0\Web\Deploy\Microsoft.Web.Publishing.Deploy.Package.targets
[0b00:0004][2017-10-17T09:49:09] Timestamp updated for file 'C:\Program Files (x86)\Microsoft Visual Studio\2017\Community\MSBUILD\Microsoft\VisualStudio\v15.0\Web\Deploy\Microsoft.Web.Publishing.Deploy.Package.targets'.
[0b00:0004][2017-10-17T09:49:09] Processing file /Contents/MSBUILD/Microsoft/VisualStudio/v15.0/Web/Deploy/Microsoft.Web.Publishing.MsDeploy.Common.targets
[0b00:0004][2017-10-17T09:49:09] Started: Copying file /Contents/MSBUILD/Microsoft/VisualStudio/v15.0/Web/Deploy/Microsoft.Web.Publishing.MsDeploy.Common.targets to C:\Program Files (x86)\Microsoft Visual Studio\2017\Community\MSBUILD\Microsoft\VisualStudio\v15.0\Web\Deploy\Microsoft.Web.Publishing.MsDeploy.Common.targets
[0b00:0004][2017-10-17T09:49:09] Completed: Copying file /Contents/MSBUILD/Microsoft/VisualStudio/v15.0/Web/Deploy/Microsoft.Web.Publishing.MsDeploy.Common.targets to C:\Program Files (x86)\Microsoft Visual Studio\2017\Community\MSBUILD\Microsoft\VisualStudio\v15.0\Web\Deploy\Microsoft.Web.Publishing.MsDeploy.Common.targets
[0b00:0004][2017-10-17T09:49:09] Timestamp updated for file 'C:\Program Files (x86)\Microsoft Visual Studio\2017\Community\MSBUILD\Microsoft\VisualStudio\v15.0\Web\Deploy\Microsoft.Web.Publishing.MsDeploy.Common.targets'.
[0b00:0004][2017-10-17T09:49:09] Processing file /Contents/MSBUILD/Microsoft/VisualStudio/v15.0/Web/Microsoft.Web.Publishing.targets
[0b00:0004][2017-10-17T09:49:09] Started: Copying file /Contents/MSBUILD/Microsoft/VisualStudio/v15.0/Web/Microsoft.Web.Publishing.targets to C:\Program Files (x86)\Microsoft Visual Studio\2017\Community\MSBUILD\Microsoft\VisualStudio\v15.0\Web\Microsoft.Web.Publishing.targets
[0b00:0004][2017-10-17T09:49:09] Completed: Copying file /Contents/MSBUILD/Microsoft/VisualStudio/v15.0/Web/Microsoft.Web.Publishing.targets to C:\Program Files (x86)\Microsoft Visual Studio\2017\Community\MSBUILD\Microsoft\VisualStudio\v15.0\Web\Microsoft.Web.Publishing.targets
[0b00:0004][2017-10-17T09:49:09] Timestamp updated for file 'C:\Program Files (x86)\Microsoft Visual Studio\2017\Community\MSBUILD\Microsoft\VisualStudio\v15.0\Web\Microsoft.Web.Publishing.targets'.
[0b00:0004][2017-10-17T09:49:09] Processing file /Contents/MSBUILD/Microsoft/VisualStudio/v15.0/Web/Microsoft.Web.Publishing.Tasks.dll
[0b00:0004][2017-10-17T09:49:09] Started: Copying file /Contents/MSBUILD/Microsoft/VisualStudio/v15.0/Web/Microsoft.Web.Publishing.Tasks.dll to C:\Program Files (x86)\Microsoft Visual Studio\2017\Community\MSBUILD\Microsoft\VisualStudio\v15.0\Web\Microsoft.Web.Publishing.Tasks.dll
[0b00:0004][2017-10-17T09:49:09] Completed: Copying file /Contents/MSBUILD/Microsoft/VisualStudio/v15.0/Web/Microsoft.Web.Publishing.Tasks.dll to C:\Program Files (x86)\Microsoft Visual Studio\2017\Community\MSBUILD\Microsoft\VisualStudio\v15.0\Web\Microsoft.Web.Publishing.Tasks.dll
[0b00:0004][2017-10-17T09:49:09] Timestamp updated for file 'C:\Program Files (x86)\Microsoft Visual Studio\2017\Community\MSBUILD\Microsoft\VisualStudio\v15.0\Web\Microsoft.Web.Publishing.Tasks.dll'.
[0b00:0004][2017-10-17T09:49:09] Processing file /Contents/MSBUILD/Microsoft/VisualStudio/v15.0/Web/Microsoft.Web.Publishing/ImportAfter/Microsoft.Web.AzureAD.Publishing.targets
[0b00:0004][2017-10-17T09:49:09] Started: Copying file /Contents/MSBUILD/Microsoft/VisualStudio/v15.0/Web/Microsoft.Web.Publishing/ImportAfter/Microsoft.Web.AzureAD.Publishing.targets to C:\Program Files (x86)\Microsoft Visual Studio\2017\Community\MSBUILD\Microsoft\VisualStudio\v15.0\Web\Microsoft.Web.Publishing\ImportAfter\Microsoft.Web.AzureAD.Publishing.targets
[0b00:0004][2017-10-17T09:49:09] Completed: Copying file /Contents/MSBUILD/Microsoft/VisualStudio/v15.0/Web/Microsoft.Web.Publishing/ImportAfter/Microsoft.Web.AzureAD.Publishing.targets to C:\Program Files (x86)\Microsoft Visual Studio\2017\Community\MSBUILD\Microsoft\VisualStudio\v15.0\Web\Microsoft.Web.Publishing\ImportAfter\Microsoft.Web.AzureAD.Publishing.targets
[0b00:0004][2017-10-17T09:49:09] Timestamp updated for file 'C:\Program Files (x86)\Microsoft Visual Studio\2017\Community\MSBUILD\Microsoft\VisualStudio\v15.0\Web\Microsoft.Web.Publishing\ImportAfter\Microsoft.Web.AzureAD.Publishing.targets'.
[0b00:0004][2017-10-17T09:49:09] Processing file /Contents/MSBUILD/Microsoft/VisualStudio/v15.0/Web/Microsoft.Web.XmlTransform.dll
[0b00:0004][2017-10-17T09:49:09] Started: Copying file /Contents/MSBUILD/Microsoft/VisualStudio/v15.0/Web/Microsoft.Web.XmlTransform.dll to C:\Program Files (x86)\Microsoft Visual Studio\2017\Community\MSBUILD\Microsoft\VisualStudio\v15.0\Web\Microsoft.Web.XmlTransform.dll
[0b00:0004][2017-10-17T09:49:09] Completed: Copying file /Contents/MSBUILD/Microsoft/VisualStudio/v15.0/Web/Microsoft.Web.XmlTransform.dll to C:\Program Files (x86)\Microsoft Visual Studio\2017\Community\MSBUILD\Microsoft\VisualStudio\v15.0\Web\Microsoft.Web.XmlTransform.dll
[0b00:0004][2017-10-17T09:49:09] Timestamp updated for file 'C:\Program Files (x86)\Microsoft Visual Studio\2017\Community\MSBUILD\Microsoft\VisualStudio\v15.0\Web\Microsoft.Web.XmlTransform.dll'.
[0b00:0004][2017-10-17T09:49:09] Processing file /Contents/MSBUILD/Microsoft/VisualStudio/v15.0/Web/Microsoft.WebSite.Publishing.targets
[0b00:0004][2017-10-17T09:49:09] Started: Copying file /Contents/MSBUILD/Microsoft/VisualStudio/v15.0/Web/Microsoft.WebSite.Publishing.targets to C:\Program Files (x86)\Microsoft Visual Studio\2017\Community\MSBUILD\Microsoft\VisualStudio\v15.0\Web\Microsoft.WebSite.Publishing.targets
[0b00:0004][2017-10-17T09:49:09] Completed: Copying file /Contents/MSBUILD/Microsoft/VisualStudio/v15.0/Web/Microsoft.WebSite.Publishing.targets to C:\Program Files (x86)\Microsoft Visual Studio\2017\Community\MSBUILD\Microsoft\VisualStudio\v15.0\Web\Microsoft.WebSite.Publishing.targets
[0b00:0004][2017-10-17T09:49:09] Timestamp updated for file 'C:\Program Files (x86)\Microsoft Visual Studio\2017\Community\MSBUILD\Microsoft\VisualStudio\v15.0\Web\Microsoft.WebSite.Publishing.targets'.
[0b00:0004][2017-10-17T09:49:09] Processing file /Contents/MSBUILD/Microsoft/VisualStudio/v15.0/Web/Transform/Microsoft.Web.Publishing.AspNetCompileMerge.targets
[0b00:0004][2017-10-17T09:49:09] Started: Copying file /Contents/MSBUILD/Microsoft/VisualStudio/v15.0/Web/Transform/Microsoft.Web.Publishing.AspNetCompileMerge.targets to C:\Program Files (x86)\Microsoft Visual Studio\2017\Community\MSBUILD\Microsoft\VisualStudio\v15.0\Web\Transform\Microsoft.Web.Publishing.AspNetCompileMerge.targets
[0b00:0004][2017-10-17T09:49:09] Completed: Copying file /Contents/MSBUILD/Microsoft/VisualStudio/v15.0/Web/Transform/Microsoft.Web.Publishing.AspNetCompileMerge.targets to C:\Program Files (x86)\Microsoft Visual Studio\2017\Community\MSBUILD\Microsoft\VisualStudio\v15.0\Web\Transform\Microsoft.Web.Publishing.AspNetCompileMerge.targets
[0b00:0004][2017-10-17T09:49:09] Timestamp updated for file 'C:\Program Files (x86)\Microsoft Visual Studio\2017\Community\MSBUILD\Microsoft\VisualStudio\v15.0\Web\Transform\Microsoft.Web.Publishing.AspNetCompileMerge.targets'.
[0b00:0004][2017-10-17T09:49:09] Package executed successfully. Return code: 0
