[0b00:0004][2017-10-17T09:47:48] Opening the package for processing
[0b00:0004][2017-10-17T09:47:48] Using package payload to get the embedded manifest
[0b00:0004][2017-10-17T09:47:48] Getting list of files within the package
[0b00:0004][2017-10-17T09:47:48] Processing file /Contents/Common7/IDE/Extensions/Microsoft/TemplateEngine/extension.vsixmanifest
[0b00:0004][2017-10-17T09:47:48] Started: Copying file /Contents/Common7/IDE/Extensions/Microsoft/TemplateEngine/extension.vsixmanifest to C:\Program Files (x86)\Microsoft Visual Studio\2017\Community\Common7\IDE\Extensions\Microsoft\TemplateEngine\extension.vsixmanifest
[0b00:0004][2017-10-17T09:47:48] Completed: Copying file /Contents/Common7/IDE/Extensions/Microsoft/TemplateEngine/extension.vsixmanifest to C:\Program Files (x86)\Microsoft Visual Studio\2017\Community\Common7\IDE\Extensions\Microsoft\TemplateEngine\extension.vsixmanifest
[0b00:0004][2017-10-17T09:47:48] Timestamp updated for file 'C:\Program Files (x86)\Microsoft Visual Studio\2017\Community\Common7\IDE\Extensions\Microsoft\TemplateEngine\extension.vsixmanifest'.
[0b00:0004][2017-10-17T09:47:48] Processing file /Contents/Common7/IDE/Extensions/Microsoft/TemplateEngine/Microsoft.TemplateEngine.Abstractions.dll
[0b00:0004][2017-10-17T09:47:48] Started: Copying file /Contents/Common7/IDE/Extensions/Microsoft/TemplateEngine/Microsoft.TemplateEngine.Abstractions.dll to C:\Program Files (x86)\Microsoft Visual Studio\2017\Community\Common7\IDE\Extensions\Microsoft\TemplateEngine\Microsoft.TemplateEngine.Abstractions.dll
[0b00:0004][2017-10-17T09:47:48] Completed: Copying file /Contents/Common7/IDE/Extensions/Microsoft/TemplateEngine/Microsoft.TemplateEngine.Abstractions.dll to C:\Program Files (x86)\Microsoft Visual Studio\2017\Community\Common7\IDE\Extensions\Microsoft\TemplateEngine\Microsoft.TemplateEngine.Abstractions.dll
[0b00:0004][2017-10-17T09:47:48] Timestamp updated for file 'C:\Program Files (x86)\Microsoft Visual Studio\2017\Community\Common7\IDE\Extensions\Microsoft\TemplateEngine\Microsoft.TemplateEngine.Abstractions.dll'.
[0b00:0004][2017-10-17T09:47:48] Processing file /Contents/Common7/IDE/Extensions/Microsoft/TemplateEngine/Microsoft.TemplateEngine.Core.Contracts.dll
[0b00:0004][2017-10-17T09:47:48] Started: Copying file /Contents/Common7/IDE/Extensions/Microsoft/TemplateEngine/Microsoft.TemplateEngine.Core.Contracts.dll to C:\Program Files (x86)\Microsoft Visual Studio\2017\Community\Common7\IDE\Extensions\Microsoft\TemplateEngine\Microsoft.TemplateEngine.Core.Contracts.dll
[0b00:0004][2017-10-17T09:47:48] Completed: Copying file /Contents/Common7/IDE/Extensions/Microsoft/TemplateEngine/Microsoft.TemplateEngine.Core.Contracts.dll to C:\Program Files (x86)\Microsoft Visual Studio\2017\Community\Common7\IDE\Extensions\Microsoft\TemplateEngine\Microsoft.TemplateEngine.Core.Contracts.dll
[0b00:0004][2017-10-17T09:47:48] Timestamp updated for file 'C:\Program Files (x86)\Microsoft Visual Studio\2017\Community\Common7\IDE\Extensions\Microsoft\TemplateEngine\Microsoft.TemplateEngine.Core.Contracts.dll'.
[0b00:0004][2017-10-17T09:47:48] Processing file /Contents/Common7/IDE/Extensions/Microsoft/TemplateEngine/Microsoft.TemplateEngine.Core.dll
[0b00:0004][2017-10-17T09:47:48] Started: Copying file /Contents/Common7/IDE/Extensions/Microsoft/TemplateEngine/Microsoft.TemplateEngine.Core.dll to C:\Program Files (x86)\Microsoft Visual Studio\2017\Community\Common7\IDE\Extensions\Microsoft\TemplateEngine\Microsoft.TemplateEngine.Core.dll
[0b00:0004][2017-10-17T09:47:48] Completed: Copying file /Contents/Common7/IDE/Extensions/Microsoft/TemplateEngine/Microsoft.TemplateEngine.Core.dll to C:\Program Files (x86)\Microsoft Visual Studio\2017\Community\Common7\IDE\Extensions\Microsoft\TemplateEngine\Microsoft.TemplateEngine.Core.dll
[0b00:0004][2017-10-17T09:47:48] Timestamp updated for file 'C:\Program Files (x86)\Microsoft Visual Studio\2017\Community\Common7\IDE\Extensions\Microsoft\TemplateEngine\Microsoft.TemplateEngine.Core.dll'.
[0b00:0004][2017-10-17T09:47:48] Processing file /Contents/Common7/IDE/Extensions/Microsoft/TemplateEngine/Microsoft.TemplateEngine.Edge.dll
[0b00:0004][2017-10-17T09:47:48] Started: Copying file /Contents/Common7/IDE/Extensions/Microsoft/TemplateEngine/Microsoft.TemplateEngine.Edge.dll to C:\Program Files (x86)\Microsoft Visual Studio\2017\Community\Common7\IDE\Extensions\Microsoft\TemplateEngine\Microsoft.TemplateEngine.Edge.dll
[0b00:0004][2017-10-17T09:47:48] Completed: Copying file /Contents/Common7/IDE/Extensions/Microsoft/TemplateEngine/Microsoft.TemplateEngine.Edge.dll to C:\Program Files (x86)\Microsoft Visual Studio\2017\Community\Common7\IDE\Extensions\Microsoft\TemplateEngine\Microsoft.TemplateEngine.Edge.dll
[0b00:0004][2017-10-17T09:47:48] Timestamp updated for file 'C:\Program Files (x86)\Microsoft Visual Studio\2017\Community\Common7\IDE\Extensions\Microsoft\TemplateEngine\Microsoft.TemplateEngine.Edge.dll'.
[0b00:0004][2017-10-17T09:47:48] Processing file /Contents/Common7/IDE/Extensions/Microsoft/TemplateEngine/Microsoft.TemplateEngine.IDE.dll
[0b00:0004][2017-10-17T09:47:48] Started: Copying file /Contents/Common7/IDE/Extensions/Microsoft/TemplateEngine/Microsoft.TemplateEngine.IDE.dll to C:\Program Files (x86)\Microsoft Visual Studio\2017\Community\Common7\IDE\Extensions\Microsoft\TemplateEngine\Microsoft.TemplateEngine.IDE.dll
[0b00:0004][2017-10-17T09:47:48] Completed: Copying file /Contents/Common7/IDE/Extensions/Microsoft/TemplateEngine/Microsoft.TemplateEngine.IDE.dll to C:\Program Files (x86)\Microsoft Visual Studio\2017\Community\Common7\IDE\Extensions\Microsoft\TemplateEngine\Microsoft.TemplateEngine.IDE.dll
[0b00:0004][2017-10-17T09:47:48] Timestamp updated for file 'C:\Program Files (x86)\Microsoft Visual Studio\2017\Community\Common7\IDE\Extensions\Microsoft\TemplateEngine\Microsoft.TemplateEngine.IDE.dll'.
[0b00:0004][2017-10-17T09:47:48] Processing file /Contents/Common7/IDE/Extensions/Microsoft/TemplateEngine/Microsoft.TemplateEngine.Orchestrator.RunnableProjects.dll
[0b00:0004][2017-10-17T09:47:48] Started: Copying file /Contents/Common7/IDE/Extensions/Microsoft/TemplateEngine/Microsoft.TemplateEngine.Orchestrator.RunnableProjects.dll to C:\Program Files (x86)\Microsoft Visual Studio\2017\Community\Common7\IDE\Extensions\Microsoft\TemplateEngine\Microsoft.TemplateEngine.Orchestrator.RunnableProjects.dll
[0b00:0004][2017-10-17T09:47:48] Completed: Copying file /Contents/Common7/IDE/Extensions/Microsoft/TemplateEngine/Microsoft.TemplateEngine.Orchestrator.RunnableProjects.dll to C:\Program Files (x86)\Microsoft Visual Studio\2017\Community\Common7\IDE\Extensions\Microsoft\TemplateEngine\Microsoft.TemplateEngine.Orchestrator.RunnableProjects.dll
[0b00:0004][2017-10-17T09:47:48] Timestamp updated for file 'C:\Program Files (x86)\Microsoft Visual Studio\2017\Community\Common7\IDE\Extensions\Microsoft\TemplateEngine\Microsoft.TemplateEngine.Orchestrator.RunnableProjects.dll'.
[0b00:0004][2017-10-17T09:47:48] Processing file /Contents/Common7/IDE/Extensions/Microsoft/TemplateEngine/Microsoft.TemplateEngine.Utils.dll
[0b00:0004][2017-10-17T09:47:48] Started: Copying file /Contents/Common7/IDE/Extensions/Microsoft/TemplateEngine/Microsoft.TemplateEngine.Utils.dll to C:\Program Files (x86)\Microsoft Visual Studio\2017\Community\Common7\IDE\Extensions\Microsoft\TemplateEngine\Microsoft.TemplateEngine.Utils.dll
[0b00:0004][2017-10-17T09:47:48] Completed: Copying file /Contents/Common7/IDE/Extensions/Microsoft/TemplateEngine/Microsoft.TemplateEngine.Utils.dll to C:\Program Files (x86)\Microsoft Visual Studio\2017\Community\Common7\IDE\Extensions\Microsoft\TemplateEngine\Microsoft.TemplateEngine.Utils.dll
[0b00:0004][2017-10-17T09:47:48] Timestamp updated for file 'C:\Program Files (x86)\Microsoft Visual Studio\2017\Community\Common7\IDE\Extensions\Microsoft\TemplateEngine\Microsoft.TemplateEngine.Utils.dll'.
[0b00:0004][2017-10-17T09:47:48] Processing file /Contents/Common7/IDE/Extensions/Microsoft/TemplateEngine/Microsoft.VisualStudio.TemplateEngine.Contracts.dll
[0b00:0004][2017-10-17T09:47:48] Started: Copying file /Contents/Common7/IDE/Extensions/Microsoft/TemplateEngine/Microsoft.VisualStudio.TemplateEngine.Contracts.dll to C:\Program Files (x86)\Microsoft Visual Studio\2017\Community\Common7\IDE\Extensions\Microsoft\TemplateEngine\Microsoft.VisualStudio.TemplateEngine.Contracts.dll
[0b00:0004][2017-10-17T09:47:48] Completed: Copying file /Contents/Common7/IDE/Extensions/Microsoft/TemplateEngine/Microsoft.VisualStudio.TemplateEngine.Contracts.dll to C:\Program Files (x86)\Microsoft Visual Studio\2017\Community\Common7\IDE\Extensions\Microsoft\TemplateEngine\Microsoft.VisualStudio.TemplateEngine.Contracts.dll
[0b00:0004][2017-10-17T09:47:48] Timestamp updated for file 'C:\Program Files (x86)\Microsoft Visual Studio\2017\Community\Common7\IDE\Extensions\Microsoft\TemplateEngine\Microsoft.VisualStudio.TemplateEngine.Contracts.dll'.
[0b00:0004][2017-10-17T09:47:48] Processing file /Contents/Common7/IDE/Extensions/Microsoft/TemplateEngine/Microsoft.VisualStudio.TemplateEngine.pkgdef
[0b00:0004][2017-10-17T09:47:48] Started: Copying file /Contents/Common7/IDE/Extensions/Microsoft/TemplateEngine/Microsoft.VisualStudio.TemplateEngine.pkgdef to C:\Program Files (x86)\Microsoft Visual Studio\2017\Community\Common7\IDE\Extensions\Microsoft\TemplateEngine\Microsoft.VisualStudio.TemplateEngine.pkgdef
[0b00:0004][2017-10-17T09:47:48] Completed: Copying file /Contents/Common7/IDE/Extensions/Microsoft/TemplateEngine/Microsoft.VisualStudio.TemplateEngine.pkgdef to C:\Program Files (x86)\Microsoft Visual Studio\2017\Community\Common7\IDE\Extensions\Microsoft\TemplateEngine\Microsoft.VisualStudio.TemplateEngine.pkgdef
[0b00:0004][2017-10-17T09:47:48] Timestamp updated for file 'C:\Program Files (x86)\Microsoft Visual Studio\2017\Community\Common7\IDE\Extensions\Microsoft\TemplateEngine\Microsoft.VisualStudio.TemplateEngine.pkgdef'.
[0b00:0004][2017-10-17T09:47:48] Processing file /Contents/Common7/IDE/Extensions/Microsoft/TemplateEngine/Microsoft.VisualStudio.TemplateEngine.UI.dll
[0b00:0004][2017-10-17T09:47:48] Started: Copying file /Contents/Common7/IDE/Extensions/Microsoft/TemplateEngine/Microsoft.VisualStudio.TemplateEngine.UI.dll to C:\Program Files (x86)\Microsoft Visual Studio\2017\Community\Common7\IDE\Extensions\Microsoft\TemplateEngine\Microsoft.VisualStudio.TemplateEngine.UI.dll
[0b00:0004][2017-10-17T09:47:48] Completed: Copying file /Contents/Common7/IDE/Extensions/Microsoft/TemplateEngine/Microsoft.VisualStudio.TemplateEngine.UI.dll to C:\Program Files (x86)\Microsoft Visual Studio\2017\Community\Common7\IDE\Extensions\Microsoft\TemplateEngine\Microsoft.VisualStudio.TemplateEngine.UI.dll
[0b00:0004][2017-10-17T09:47:48] Timestamp updated for file 'C:\Program Files (x86)\Microsoft Visual Studio\2017\Community\Common7\IDE\Extensions\Microsoft\TemplateEngine\Microsoft.VisualStudio.TemplateEngine.UI.dll'.
[0b00:0004][2017-10-17T09:47:48] Processing file /Contents/Common7/IDE/Extensions/Microsoft/TemplateEngine/Microsoft.VisualStudio.TemplateEngine.Wizard.dll
[0b00:0004][2017-10-17T09:47:48] Started: Copying file /Contents/Common7/IDE/Extensions/Microsoft/TemplateEngine/Microsoft.VisualStudio.TemplateEngine.Wizard.dll to C:\Program Files (x86)\Microsoft Visual Studio\2017\Community\Common7\IDE\Extensions\Microsoft\TemplateEngine\Microsoft.VisualStudio.TemplateEngine.Wizard.dll
[0b00:0004][2017-10-17T09:47:48] Completed: Copying file /Contents/Common7/IDE/Extensions/Microsoft/TemplateEngine/Microsoft.VisualStudio.TemplateEngine.Wizard.dll to C:\Program Files (x86)\Microsoft Visual Studio\2017\Community\Common7\IDE\Extensions\Microsoft\TemplateEngine\Microsoft.VisualStudio.TemplateEngine.Wizard.dll
[0b00:0004][2017-10-17T09:47:48] Timestamp updated for file 'C:\Program Files (x86)\Microsoft Visual Studio\2017\Community\Common7\IDE\Extensions\Microsoft\TemplateEngine\Microsoft.VisualStudio.TemplateEngine.Wizard.dll'.
[0b00:0004][2017-10-17T09:47:48] Processing file /Contents/Common7/IDE/Extensions/Microsoft/TemplateEngine/Microsoft.VisualStudio.Web.TemplateProvider.dll
[0b00:0004][2017-10-17T09:47:48] Started: Copying file /Contents/Common7/IDE/Extensions/Microsoft/TemplateEngine/Microsoft.VisualStudio.Web.TemplateProvider.dll to C:\Program Files (x86)\Microsoft Visual Studio\2017\Community\Common7\IDE\Extensions\Microsoft\TemplateEngine\Microsoft.VisualStudio.Web.TemplateProvider.dll
[0b00:0004][2017-10-17T09:47:48] Completed: Copying file /Contents/Common7/IDE/Extensions/Microsoft/TemplateEngine/Microsoft.VisualStudio.Web.TemplateProvider.dll to C:\Program Files (x86)\Microsoft Visual Studio\2017\Community\Common7\IDE\Extensions\Microsoft\TemplateEngine\Microsoft.VisualStudio.Web.TemplateProvider.dll
[0b00:0004][2017-10-17T09:47:48] Timestamp updated for file 'C:\Program Files (x86)\Microsoft Visual Studio\2017\Community\Common7\IDE\Extensions\Microsoft\TemplateEngine\Microsoft.VisualStudio.Web.TemplateProvider.dll'.
[0b00:0004][2017-10-17T09:47:48] Package executed successfully. Return code: 0
