[0b00:0004][2017-10-17T09:48:39] Opening the package for processing
[0b00:0004][2017-10-17T09:48:39] Using package payload to get the embedded manifest
[0b00:0004][2017-10-17T09:48:39] Getting list of files within the package
[0b00:0004][2017-10-17T09:48:39] Processing file /Contents/Common7/IDE/Extensions/Community/Microsoft.VisualStudio.ServiceModel.Package.4C65C01A_F05D_4A4B_B387_F33EEA8FEDBF.pkgdef
[0b00:0004][2017-10-17T09:48:39] Started: Copying file /Contents/Common7/IDE/Extensions/Community/Microsoft.VisualStudio.ServiceModel.Package.4C65C01A_F05D_4A4B_B387_F33EEA8FEDBF.pkgdef to C:\Program Files (x86)\Microsoft Visual Studio\2017\Community\Common7\IDE\Extensions\Community\Microsoft.VisualStudio.ServiceModel.Package.4C65C01A_F05D_4A4B_B387_F33EEA8FEDBF.pkgdef
[0b00:0004][2017-10-17T09:48:39] Completed: Copying file /Contents/Common7/IDE/Extensions/Community/Microsoft.VisualStudio.ServiceModel.Package.4C65C01A_F05D_4A4B_B387_F33EEA8FEDBF.pkgdef to C:\Program Files (x86)\Microsoft Visual Studio\2017\Community\Common7\IDE\Extensions\Community\Microsoft.VisualStudio.ServiceModel.Package.4C65C01A_F05D_4A4B_B387_F33EEA8FEDBF.pkgdef
[0b00:0004][2017-10-17T09:48:39] Timestamp updated for file 'C:\Program Files (x86)\Microsoft Visual Studio\2017\Community\Common7\IDE\Extensions\Community\Microsoft.VisualStudio.ServiceModel.Package.4C65C01A_F05D_4A4B_B387_F33EEA8FEDBF.pkgdef'.
[0b00:0004][2017-10-17T09:48:39] Processing file /Contents/Common7/IDE/Microsoft.VisualStudio.ServiceModel.Core.dll
[0b00:0004][2017-10-17T09:48:39] Started: Copying file /Contents/Common7/IDE/Microsoft.VisualStudio.ServiceModel.Core.dll to C:\Program Files (x86)\Microsoft Visual Studio\2017\Community\Common7\IDE\Microsoft.VisualStudio.ServiceModel.Core.dll
[0b00:0004][2017-10-17T09:48:39] Completed: Copying file /Contents/Common7/IDE/Microsoft.VisualStudio.ServiceModel.Core.dll to C:\Program Files (x86)\Microsoft Visual Studio\2017\Community\Common7\IDE\Microsoft.VisualStudio.ServiceModel.Core.dll
[0b00:0004][2017-10-17T09:48:39] Timestamp updated for file 'C:\Program Files (x86)\Microsoft Visual Studio\2017\Community\Common7\IDE\Microsoft.VisualStudio.ServiceModel.Core.dll'.
[0b00:0004][2017-10-17T09:48:39] Queueing C:\Program Files (x86)\Microsoft Visual Studio\2017\Community\Common7\IDE\Microsoft.VisualStudio.ServiceModel.Core.dll for X86 ngen
[0b00:0004][2017-10-17T09:48:39] Successfully queued file '/Contents/Common7/IDE/Microsoft.VisualStudio.ServiceModel.Core.dll' for ngen
[0b00:0004][2017-10-17T09:48:39] Processing file /Contents/Common7/IDE/Microsoft.VisualStudio.ServiceModel.dll
[0b00:0004][2017-10-17T09:48:39] Started: Copying file /Contents/Common7/IDE/Microsoft.VisualStudio.ServiceModel.dll to C:\Program Files (x86)\Microsoft Visual Studio\2017\Community\Common7\IDE\Microsoft.VisualStudio.ServiceModel.dll
[0b00:0004][2017-10-17T09:48:39] Completed: Copying file /Contents/Common7/IDE/Microsoft.VisualStudio.ServiceModel.dll to C:\Program Files (x86)\Microsoft Visual Studio\2017\Community\Common7\IDE\Microsoft.VisualStudio.ServiceModel.dll
[0b00:0004][2017-10-17T09:48:39] Timestamp updated for file 'C:\Program Files (x86)\Microsoft Visual Studio\2017\Community\Common7\IDE\Microsoft.VisualStudio.ServiceModel.dll'.
[0b00:0004][2017-10-17T09:48:39] Queueing C:\Program Files (x86)\Microsoft Visual Studio\2017\Community\Common7\IDE\Microsoft.VisualStudio.ServiceModel.dll for X86 ngen
[0b00:0004][2017-10-17T09:48:39] Successfully queued file '/Contents/Common7/IDE/Microsoft.VisualStudio.ServiceModel.dll' for ngen
[0b00:0004][2017-10-17T09:48:39] Processing file /Contents/Common7/IDE/WcfSvcHost.chm
[0b00:0004][2017-10-17T09:48:39] Started: Copying file /Contents/Common7/IDE/WcfSvcHost.chm to C:\Program Files (x86)\Microsoft Visual Studio\2017\Community\Common7\IDE\WcfSvcHost.chm
[0b00:0004][2017-10-17T09:48:39] Completed: Copying file /Contents/Common7/IDE/WcfSvcHost.chm to C:\Program Files (x86)\Microsoft Visual Studio\2017\Community\Common7\IDE\WcfSvcHost.chm
[0b00:0004][2017-10-17T09:48:39] Timestamp updated for file 'C:\Program Files (x86)\Microsoft Visual Studio\2017\Community\Common7\IDE\WcfSvcHost.chm'.
[0b00:0004][2017-10-17T09:48:39] Processing file /Contents/Common7/IDE/WcfSvcHost.exe
[0b00:0004][2017-10-17T09:48:39] Started: Copying file /Contents/Common7/IDE/WcfSvcHost.exe to C:\Program Files (x86)\Microsoft Visual Studio\2017\Community\Common7\IDE\WcfSvcHost.exe
[0b00:0004][2017-10-17T09:48:39] Completed: Copying file /Contents/Common7/IDE/WcfSvcHost.exe to C:\Program Files (x86)\Microsoft Visual Studio\2017\Community\Common7\IDE\WcfSvcHost.exe
[0b00:0004][2017-10-17T09:48:39] Timestamp updated for file 'C:\Program Files (x86)\Microsoft Visual Studio\2017\Community\Common7\IDE\WcfSvcHost.exe'.
[0b00:0004][2017-10-17T09:48:39] Queueing C:\Program Files (x86)\Microsoft Visual Studio\2017\Community\Common7\IDE\WcfSvcHost.exe for X86 ngen
[0b00:0004][2017-10-17T09:48:39] Successfully queued file '/Contents/Common7/IDE/WcfSvcHost.exe' for ngen
[0b00:0004][2017-10-17T09:48:39] Processing file /Contents/Common7/IDE/WcfSvcHost.exe.config
[0b00:0004][2017-10-17T09:48:39] Started: Copying file /Contents/Common7/IDE/WcfSvcHost.exe.config to C:\Program Files (x86)\Microsoft Visual Studio\2017\Community\Common7\IDE\WcfSvcHost.exe.config
[0b00:0004][2017-10-17T09:48:39] Completed: Copying file /Contents/Common7/IDE/WcfSvcHost.exe.config to C:\Program Files (x86)\Microsoft Visual Studio\2017\Community\Common7\IDE\WcfSvcHost.exe.config
[0b00:0004][2017-10-17T09:48:39] Timestamp updated for file 'C:\Program Files (x86)\Microsoft Visual Studio\2017\Community\Common7\IDE\WcfSvcHost.exe.config'.
[0b00:0004][2017-10-17T09:48:39] Processing file /Contents/Common7/IDE/WcfTestClient.chm
[0b00:0004][2017-10-17T09:48:39] Started: Copying file /Contents/Common7/IDE/WcfTestClient.chm to C:\Program Files (x86)\Microsoft Visual Studio\2017\Community\Common7\IDE\WcfTestClient.chm
[0b00:0004][2017-10-17T09:48:39] Completed: Copying file /Contents/Common7/IDE/WcfTestClient.chm to C:\Program Files (x86)\Microsoft Visual Studio\2017\Community\Common7\IDE\WcfTestClient.chm
[0b00:0004][2017-10-17T09:48:39] Timestamp updated for file 'C:\Program Files (x86)\Microsoft Visual Studio\2017\Community\Common7\IDE\WcfTestClient.chm'.
[0b00:0004][2017-10-17T09:48:39] Processing file /Contents/Common7/IDE/WcfTestClient.exe
[0b00:0004][2017-10-17T09:48:39] Started: Copying file /Contents/Common7/IDE/WcfTestClient.exe to C:\Program Files (x86)\Microsoft Visual Studio\2017\Community\Common7\IDE\WcfTestClient.exe
[0b00:0004][2017-10-17T09:48:39] Completed: Copying file /Contents/Common7/IDE/WcfTestClient.exe to C:\Program Files (x86)\Microsoft Visual Studio\2017\Community\Common7\IDE\WcfTestClient.exe
[0b00:0004][2017-10-17T09:48:39] Timestamp updated for file 'C:\Program Files (x86)\Microsoft Visual Studio\2017\Community\Common7\IDE\WcfTestClient.exe'.
[0b00:0004][2017-10-17T09:48:39] Queueing C:\Program Files (x86)\Microsoft Visual Studio\2017\Community\Common7\IDE\WcfTestClient.exe for X86 ngen
[0b00:0004][2017-10-17T09:48:39] Successfully queued file '/Contents/Common7/IDE/WcfTestClient.exe' for ngen
[0b00:0004][2017-10-17T09:48:39] Processing file /Contents/Common7/IDE/WcfTestClient.exe.config
[0b00:0004][2017-10-17T09:48:39] Started: Copying file /Contents/Common7/IDE/WcfTestClient.exe.config to C:\Program Files (x86)\Microsoft Visual Studio\2017\Community\Common7\IDE\WcfTestClient.exe.config
[0b00:0004][2017-10-17T09:48:39] Completed: Copying file /Contents/Common7/IDE/WcfTestClient.exe.config to C:\Program Files (x86)\Microsoft Visual Studio\2017\Community\Common7\IDE\WcfTestClient.exe.config
[0b00:0004][2017-10-17T09:48:39] Timestamp updated for file 'C:\Program Files (x86)\Microsoft Visual Studio\2017\Community\Common7\IDE\WcfTestClient.exe.config'.
[0b00:0004][2017-10-17T09:48:39] Processing file /Contents/MSBuild/Microsoft/VisualStudio/v15.0/WCF/Microsoft.VisualStudio.ServiceModel.BuildTasks.dll
[0b00:0004][2017-10-17T09:48:39] Started: Copying file /Contents/MSBuild/Microsoft/VisualStudio/v15.0/WCF/Microsoft.VisualStudio.ServiceModel.BuildTasks.dll to C:\Program Files (x86)\Microsoft Visual Studio\2017\Community\MSBuild\Microsoft\VisualStudio\v15.0\WCF\Microsoft.VisualStudio.ServiceModel.BuildTasks.dll
[0b00:0004][2017-10-17T09:48:39] Completed: Copying file /Contents/MSBuild/Microsoft/VisualStudio/v15.0/WCF/Microsoft.VisualStudio.ServiceModel.BuildTasks.dll to C:\Program Files (x86)\Microsoft Visual Studio\2017\Community\MSBuild\Microsoft\VisualStudio\v15.0\WCF\Microsoft.VisualStudio.ServiceModel.BuildTasks.dll
[0b00:0004][2017-10-17T09:48:39] Timestamp updated for file 'C:\Program Files (x86)\Microsoft Visual Studio\2017\Community\MSBuild\Microsoft\VisualStudio\v15.0\WCF\Microsoft.VisualStudio.ServiceModel.BuildTasks.dll'.
[0b00:0004][2017-10-17T09:48:39] Processing file /Contents/MSBuild/Microsoft/VisualStudio/v15.0/WCF/Microsoft.VisualStudio.ServiceModel.targets
[0b00:0004][2017-10-17T09:48:39] Started: Copying file /Contents/MSBuild/Microsoft/VisualStudio/v15.0/WCF/Microsoft.VisualStudio.ServiceModel.targets to C:\Program Files (x86)\Microsoft Visual Studio\2017\Community\MSBuild\Microsoft\VisualStudio\v15.0\WCF\Microsoft.VisualStudio.ServiceModel.targets
[0b00:0004][2017-10-17T09:48:39] Completed: Copying file /Contents/MSBuild/Microsoft/VisualStudio/v15.0/WCF/Microsoft.VisualStudio.ServiceModel.targets to C:\Program Files (x86)\Microsoft Visual Studio\2017\Community\MSBuild\Microsoft\VisualStudio\v15.0\WCF\Microsoft.VisualStudio.ServiceModel.targets
[0b00:0004][2017-10-17T09:48:39] Timestamp updated for file 'C:\Program Files (x86)\Microsoft Visual Studio\2017\Community\MSBuild\Microsoft\VisualStudio\v15.0\WCF\Microsoft.VisualStudio.ServiceModel.targets'.
[0b00:0004][2017-10-17T09:48:39] Package executed successfully. Return code: 0
