[0b00:0004][2017-10-17T09:46:38] Opening the package for processing
[0b00:0004][2017-10-17T09:46:38] Using package payload to get the embedded manifest
[0b00:0004][2017-10-17T09:46:38] Getting list of files within the package
[0b00:0004][2017-10-17T09:46:38] Processing file /Contents/Common7/IDE/CommonExtensions/Platform/ParallelDebugger/Microsoft.VisualStudio.Debugger.Parallel.pkgdef
[0b00:0004][2017-10-17T09:46:38] Started: Copying file /Contents/Common7/IDE/CommonExtensions/Platform/ParallelDebugger/Microsoft.VisualStudio.Debugger.Parallel.pkgdef to C:\Program Files (x86)\Microsoft Visual Studio\2017\Community\Common7\IDE\CommonExtensions\Platform\ParallelDebugger\Microsoft.VisualStudio.Debugger.Parallel.pkgdef
[0b00:0004][2017-10-17T09:46:38] Completed: Copying file /Contents/Common7/IDE/CommonExtensions/Platform/ParallelDebugger/Microsoft.VisualStudio.Debugger.Parallel.pkgdef to C:\Program Files (x86)\Microsoft Visual Studio\2017\Community\Common7\IDE\CommonExtensions\Platform\ParallelDebugger\Microsoft.VisualStudio.Debugger.Parallel.pkgdef
[0b00:0004][2017-10-17T09:46:38] Timestamp updated for file 'C:\Program Files (x86)\Microsoft Visual Studio\2017\Community\Common7\IDE\CommonExtensions\Platform\ParallelDebugger\Microsoft.VisualStudio.Debugger.Parallel.pkgdef'.
[0b00:0004][2017-10-17T09:46:38] Processing file /Contents/Common7/IDE/CommonExtensions/Platform/ParallelDebugger/PfxTaskProvider.pkgdef
[0b00:0004][2017-10-17T09:46:38] Started: Copying file /Contents/Common7/IDE/CommonExtensions/Platform/ParallelDebugger/PfxTaskProvider.pkgdef to C:\Program Files (x86)\Microsoft Visual Studio\2017\Community\Common7\IDE\CommonExtensions\Platform\ParallelDebugger\PfxTaskProvider.pkgdef
[0b00:0004][2017-10-17T09:46:38] Completed: Copying file /Contents/Common7/IDE/CommonExtensions/Platform/ParallelDebugger/PfxTaskProvider.pkgdef to C:\Program Files (x86)\Microsoft Visual Studio\2017\Community\Common7\IDE\CommonExtensions\Platform\ParallelDebugger\PfxTaskProvider.pkgdef
[0b00:0004][2017-10-17T09:46:38] Timestamp updated for file 'C:\Program Files (x86)\Microsoft Visual Studio\2017\Community\Common7\IDE\CommonExtensions\Platform\ParallelDebugger\PfxTaskProvider.pkgdef'.
[0b00:0004][2017-10-17T09:46:38] Processing file /Contents/Common7/IDE/CommonExtensions/Platform/ParallelDebugger/PplTaskProvider.pkgdef
[0b00:0004][2017-10-17T09:46:38] Started: Copying file /Contents/Common7/IDE/CommonExtensions/Platform/ParallelDebugger/PplTaskProvider.pkgdef to C:\Program Files (x86)\Microsoft Visual Studio\2017\Community\Common7\IDE\CommonExtensions\Platform\ParallelDebugger\PplTaskProvider.pkgdef
[0b00:0004][2017-10-17T09:46:38] Completed: Copying file /Contents/Common7/IDE/CommonExtensions/Platform/ParallelDebugger/PplTaskProvider.pkgdef to C:\Program Files (x86)\Microsoft Visual Studio\2017\Community\Common7\IDE\CommonExtensions\Platform\ParallelDebugger\PplTaskProvider.pkgdef
[0b00:0004][2017-10-17T09:46:38] Timestamp updated for file 'C:\Program Files (x86)\Microsoft Visual Studio\2017\Community\Common7\IDE\CommonExtensions\Platform\ParallelDebugger\PplTaskProvider.pkgdef'.
[0b00:0004][2017-10-17T09:46:38] Processing file /Contents/Common7/IDE/Microsoft.VisualStudio.Debugger.Parallel.dll
[0b00:0004][2017-10-17T09:46:38] Started: Copying file /Contents/Common7/IDE/Microsoft.VisualStudio.Debugger.Parallel.dll to C:\Program Files (x86)\Microsoft Visual Studio\2017\Community\Common7\IDE\Microsoft.VisualStudio.Debugger.Parallel.dll
[0b00:0004][2017-10-17T09:46:38] Completed: Copying file /Contents/Common7/IDE/Microsoft.VisualStudio.Debugger.Parallel.dll to C:\Program Files (x86)\Microsoft Visual Studio\2017\Community\Common7\IDE\Microsoft.VisualStudio.Debugger.Parallel.dll
[0b00:0004][2017-10-17T09:46:38] Timestamp updated for file 'C:\Program Files (x86)\Microsoft Visual Studio\2017\Community\Common7\IDE\Microsoft.VisualStudio.Debugger.Parallel.dll'.
[0b00:0004][2017-10-17T09:46:38] Queueing C:\Program Files (x86)\Microsoft Visual Studio\2017\Community\Common7\IDE\Microsoft.VisualStudio.Debugger.Parallel.dll for X86 ngen
[0b00:0004][2017-10-17T09:46:38] Successfully queued file '/Contents/Common7/IDE/Microsoft.VisualStudio.Debugger.Parallel.dll' for ngen
[0b00:0004][2017-10-17T09:46:38] Processing file /Contents/Common7/IDE/PublicAssemblies/Microsoft.VisualStudio.Debugger.Parallel.MultiValueVisualizers.dll
[0b00:0004][2017-10-17T09:46:38] Started: Copying file /Contents/Common7/IDE/PublicAssemblies/Microsoft.VisualStudio.Debugger.Parallel.MultiValueVisualizers.dll to C:\Program Files (x86)\Microsoft Visual Studio\2017\Community\Common7\IDE\PublicAssemblies\Microsoft.VisualStudio.Debugger.Parallel.MultiValueVisualizers.dll
[0b00:0004][2017-10-17T09:46:38] Completed: Copying file /Contents/Common7/IDE/PublicAssemblies/Microsoft.VisualStudio.Debugger.Parallel.MultiValueVisualizers.dll to C:\Program Files (x86)\Microsoft Visual Studio\2017\Community\Common7\IDE\PublicAssemblies\Microsoft.VisualStudio.Debugger.Parallel.MultiValueVisualizers.dll
[0b00:0004][2017-10-17T09:46:38] Timestamp updated for file 'C:\Program Files (x86)\Microsoft Visual Studio\2017\Community\Common7\IDE\PublicAssemblies\Microsoft.VisualStudio.Debugger.Parallel.MultiValueVisualizers.dll'.
[0b00:0004][2017-10-17T09:46:38] Queueing C:\Program Files (x86)\Microsoft Visual Studio\2017\Community\Common7\IDE\PublicAssemblies\Microsoft.VisualStudio.Debugger.Parallel.MultiValueVisualizers.dll for X86 ngen
[0b00:0004][2017-10-17T09:46:38] Successfully queued file '/Contents/Common7/IDE/PublicAssemblies/Microsoft.VisualStudio.Debugger.Parallel.MultiValueVisualizers.dll' for ngen
[0b00:0004][2017-10-17T09:46:38] Processing file /Contents/Common7/Packages/Debugger/PfxTaskProvider.dll
[0b00:0004][2017-10-17T09:46:38] Started: Copying file /Contents/Common7/Packages/Debugger/PfxTaskProvider.dll to C:\Program Files (x86)\Microsoft Visual Studio\2017\Community\Common7\Packages\Debugger\PfxTaskProvider.dll
[0b00:0004][2017-10-17T09:46:38] Completed: Copying file /Contents/Common7/Packages/Debugger/PfxTaskProvider.dll to C:\Program Files (x86)\Microsoft Visual Studio\2017\Community\Common7\Packages\Debugger\PfxTaskProvider.dll
[0b00:0004][2017-10-17T09:46:38] Timestamp updated for file 'C:\Program Files (x86)\Microsoft Visual Studio\2017\Community\Common7\Packages\Debugger\PfxTaskProvider.dll'.
[0b00:0004][2017-10-17T09:46:38] Processing file /Contents/Common7/Packages/Debugger/PplTaskProvider.dll
[0b00:0004][2017-10-17T09:46:38] Started: Copying file /Contents/Common7/Packages/Debugger/PplTaskProvider.dll to C:\Program Files (x86)\Microsoft Visual Studio\2017\Community\Common7\Packages\Debugger\PplTaskProvider.dll
[0b00:0004][2017-10-17T09:46:38] Completed: Copying file /Contents/Common7/Packages/Debugger/PplTaskProvider.dll to C:\Program Files (x86)\Microsoft Visual Studio\2017\Community\Common7\Packages\Debugger\PplTaskProvider.dll
[0b00:0004][2017-10-17T09:46:38] Timestamp updated for file 'C:\Program Files (x86)\Microsoft Visual Studio\2017\Community\Common7\Packages\Debugger\PplTaskProvider.dll'.
[0b00:0004][2017-10-17T09:46:38] Package executed successfully. Return code: 0
