[0b00:0004][2017-10-17T09:46:44] Opening the package for processing
[0b00:0004][2017-10-17T09:46:44] Using package payload to get the embedded manifest
[0b00:0004][2017-10-17T09:46:44] Getting list of files within the package
[0b00:0004][2017-10-17T09:46:44] Processing file /$MSBuild/Microsoft/VisualStudio/v15.0/TypeScript/cs/ProjectItemsSchema.xaml
[0b00:0004][2017-10-17T09:46:44] Started: Copying file /$MSBuild/Microsoft/VisualStudio/v15.0/TypeScript/cs/ProjectItemsSchema.xaml to C:\Program Files (x86)\Microsoft Visual Studio\2017\Community\MSBuild\Microsoft\VisualStudio\v15.0\TypeScript\cs\ProjectItemsSchema.xaml
[0b00:0004][2017-10-17T09:46:44] Completed: Copying file /$MSBuild/Microsoft/VisualStudio/v15.0/TypeScript/cs/ProjectItemsSchema.xaml to C:\Program Files (x86)\Microsoft Visual Studio\2017\Community\MSBuild\Microsoft\VisualStudio\v15.0\TypeScript\cs\ProjectItemsSchema.xaml
[0b00:0004][2017-10-17T09:46:44] Timestamp updated for file 'C:\Program Files (x86)\Microsoft Visual Studio\2017\Community\MSBuild\Microsoft\VisualStudio\v15.0\TypeScript\cs\ProjectItemsSchema.xaml'.
[0b00:0004][2017-10-17T09:46:44] Processing file /$MSBuild/Microsoft/VisualStudio/v15.0/TypeScript/cs/TypeScriptCompile.xaml
[0b00:0004][2017-10-17T09:46:44] Started: Copying file /$MSBuild/Microsoft/VisualStudio/v15.0/TypeScript/cs/TypeScriptCompile.xaml to C:\Program Files (x86)\Microsoft Visual Studio\2017\Community\MSBuild\Microsoft\VisualStudio\v15.0\TypeScript\cs\TypeScriptCompile.xaml
[0b00:0004][2017-10-17T09:46:44] Completed: Copying file /$MSBuild/Microsoft/VisualStudio/v15.0/TypeScript/cs/TypeScriptCompile.xaml to C:\Program Files (x86)\Microsoft Visual Studio\2017\Community\MSBuild\Microsoft\VisualStudio\v15.0\TypeScript\cs\TypeScriptCompile.xaml
[0b00:0004][2017-10-17T09:46:44] Timestamp updated for file 'C:\Program Files (x86)\Microsoft Visual Studio\2017\Community\MSBuild\Microsoft\VisualStudio\v15.0\TypeScript\cs\TypeScriptCompile.xaml'.
[0b00:0004][2017-10-17T09:46:44] Processing file /$MSBuild/Microsoft/VisualStudio/v15.0/TypeScript/cs/TypeScriptProjectProperties.xaml
[0b00:0004][2017-10-17T09:46:44] Started: Copying file /$MSBuild/Microsoft/VisualStudio/v15.0/TypeScript/cs/TypeScriptProjectProperties.xaml to C:\Program Files (x86)\Microsoft Visual Studio\2017\Community\MSBuild\Microsoft\VisualStudio\v15.0\TypeScript\cs\TypeScriptProjectProperties.xaml
[0b00:0004][2017-10-17T09:46:44] Completed: Copying file /$MSBuild/Microsoft/VisualStudio/v15.0/TypeScript/cs/TypeScriptProjectProperties.xaml to C:\Program Files (x86)\Microsoft Visual Studio\2017\Community\MSBuild\Microsoft\VisualStudio\v15.0\TypeScript\cs\TypeScriptProjectProperties.xaml
[0b00:0004][2017-10-17T09:46:44] Timestamp updated for file 'C:\Program Files (x86)\Microsoft Visual Studio\2017\Community\MSBuild\Microsoft\VisualStudio\v15.0\TypeScript\cs\TypeScriptProjectProperties.xaml'.
[0b00:0004][2017-10-17T09:46:44] Processing file /$MSBuild/Microsoft/VisualStudio/v15.0/TypeScript/de/ProjectItemsSchema.xaml
[0b00:0004][2017-10-17T09:46:44] Started: Copying file /$MSBuild/Microsoft/VisualStudio/v15.0/TypeScript/de/ProjectItemsSchema.xaml to C:\Program Files (x86)\Microsoft Visual Studio\2017\Community\MSBuild\Microsoft\VisualStudio\v15.0\TypeScript\de\ProjectItemsSchema.xaml
[0b00:0004][2017-10-17T09:46:44] Completed: Copying file /$MSBuild/Microsoft/VisualStudio/v15.0/TypeScript/de/ProjectItemsSchema.xaml to C:\Program Files (x86)\Microsoft Visual Studio\2017\Community\MSBuild\Microsoft\VisualStudio\v15.0\TypeScript\de\ProjectItemsSchema.xaml
[0b00:0004][2017-10-17T09:46:44] Timestamp updated for file 'C:\Program Files (x86)\Microsoft Visual Studio\2017\Community\MSBuild\Microsoft\VisualStudio\v15.0\TypeScript\de\ProjectItemsSchema.xaml'.
[0b00:0004][2017-10-17T09:46:44] Processing file /$MSBuild/Microsoft/VisualStudio/v15.0/TypeScript/de/TypeScriptCompile.xaml
[0b00:0004][2017-10-17T09:46:44] Started: Copying file /$MSBuild/Microsoft/VisualStudio/v15.0/TypeScript/de/TypeScriptCompile.xaml to C:\Program Files (x86)\Microsoft Visual Studio\2017\Community\MSBuild\Microsoft\VisualStudio\v15.0\TypeScript\de\TypeScriptCompile.xaml
[0b00:0004][2017-10-17T09:46:44] Completed: Copying file /$MSBuild/Microsoft/VisualStudio/v15.0/TypeScript/de/TypeScriptCompile.xaml to C:\Program Files (x86)\Microsoft Visual Studio\2017\Community\MSBuild\Microsoft\VisualStudio\v15.0\TypeScript\de\TypeScriptCompile.xaml
[0b00:0004][2017-10-17T09:46:44] Timestamp updated for file 'C:\Program Files (x86)\Microsoft Visual Studio\2017\Community\MSBuild\Microsoft\VisualStudio\v15.0\TypeScript\de\TypeScriptCompile.xaml'.
[0b00:0004][2017-10-17T09:46:44] Processing file /$MSBuild/Microsoft/VisualStudio/v15.0/TypeScript/de/TypeScriptProjectProperties.xaml
[0b00:0004][2017-10-17T09:46:44] Started: Copying file /$MSBuild/Microsoft/VisualStudio/v15.0/TypeScript/de/TypeScriptProjectProperties.xaml to C:\Program Files (x86)\Microsoft Visual Studio\2017\Community\MSBuild\Microsoft\VisualStudio\v15.0\TypeScript\de\TypeScriptProjectProperties.xaml
[0b00:0004][2017-10-17T09:46:44] Completed: Copying file /$MSBuild/Microsoft/VisualStudio/v15.0/TypeScript/de/TypeScriptProjectProperties.xaml to C:\Program Files (x86)\Microsoft Visual Studio\2017\Community\MSBuild\Microsoft\VisualStudio\v15.0\TypeScript\de\TypeScriptProjectProperties.xaml
[0b00:0004][2017-10-17T09:46:44] Timestamp updated for file 'C:\Program Files (x86)\Microsoft Visual Studio\2017\Community\MSBuild\Microsoft\VisualStudio\v15.0\TypeScript\de\TypeScriptProjectProperties.xaml'.
[0b00:0004][2017-10-17T09:46:44] Processing file /$MSBuild/Microsoft/VisualStudio/v15.0/TypeScript/es/ProjectItemsSchema.xaml
[0b00:0004][2017-10-17T09:46:44] Started: Copying file /$MSBuild/Microsoft/VisualStudio/v15.0/TypeScript/es/ProjectItemsSchema.xaml to C:\Program Files (x86)\Microsoft Visual Studio\2017\Community\MSBuild\Microsoft\VisualStudio\v15.0\TypeScript\es\ProjectItemsSchema.xaml
[0b00:0004][2017-10-17T09:46:44] Completed: Copying file /$MSBuild/Microsoft/VisualStudio/v15.0/TypeScript/es/ProjectItemsSchema.xaml to C:\Program Files (x86)\Microsoft Visual Studio\2017\Community\MSBuild\Microsoft\VisualStudio\v15.0\TypeScript\es\ProjectItemsSchema.xaml
[0b00:0004][2017-10-17T09:46:44] Timestamp updated for file 'C:\Program Files (x86)\Microsoft Visual Studio\2017\Community\MSBuild\Microsoft\VisualStudio\v15.0\TypeScript\es\ProjectItemsSchema.xaml'.
[0b00:0004][2017-10-17T09:46:44] Processing file /$MSBuild/Microsoft/VisualStudio/v15.0/TypeScript/es/TypeScriptCompile.xaml
[0b00:0004][2017-10-17T09:46:44] Started: Copying file /$MSBuild/Microsoft/VisualStudio/v15.0/TypeScript/es/TypeScriptCompile.xaml to C:\Program Files (x86)\Microsoft Visual Studio\2017\Community\MSBuild\Microsoft\VisualStudio\v15.0\TypeScript\es\TypeScriptCompile.xaml
[0b00:0004][2017-10-17T09:46:44] Completed: Copying file /$MSBuild/Microsoft/VisualStudio/v15.0/TypeScript/es/TypeScriptCompile.xaml to C:\Program Files (x86)\Microsoft Visual Studio\2017\Community\MSBuild\Microsoft\VisualStudio\v15.0\TypeScript\es\TypeScriptCompile.xaml
[0b00:0004][2017-10-17T09:46:44] Timestamp updated for file 'C:\Program Files (x86)\Microsoft Visual Studio\2017\Community\MSBuild\Microsoft\VisualStudio\v15.0\TypeScript\es\TypeScriptCompile.xaml'.
[0b00:0004][2017-10-17T09:46:44] Processing file /$MSBuild/Microsoft/VisualStudio/v15.0/TypeScript/es/TypeScriptProjectProperties.xaml
[0b00:0004][2017-10-17T09:46:44] Started: Copying file /$MSBuild/Microsoft/VisualStudio/v15.0/TypeScript/es/TypeScriptProjectProperties.xaml to C:\Program Files (x86)\Microsoft Visual Studio\2017\Community\MSBuild\Microsoft\VisualStudio\v15.0\TypeScript\es\TypeScriptProjectProperties.xaml
[0b00:0004][2017-10-17T09:46:44] Completed: Copying file /$MSBuild/Microsoft/VisualStudio/v15.0/TypeScript/es/TypeScriptProjectProperties.xaml to C:\Program Files (x86)\Microsoft Visual Studio\2017\Community\MSBuild\Microsoft\VisualStudio\v15.0\TypeScript\es\TypeScriptProjectProperties.xaml
[0b00:0004][2017-10-17T09:46:44] Timestamp updated for file 'C:\Program Files (x86)\Microsoft Visual Studio\2017\Community\MSBuild\Microsoft\VisualStudio\v15.0\TypeScript\es\TypeScriptProjectProperties.xaml'.
[0b00:0004][2017-10-17T09:46:44] Processing file /$MSBuild/Microsoft/VisualStudio/v15.0/TypeScript/fr/ProjectItemsSchema.xaml
[0b00:0004][2017-10-17T09:46:44] Started: Copying file /$MSBuild/Microsoft/VisualStudio/v15.0/TypeScript/fr/ProjectItemsSchema.xaml to C:\Program Files (x86)\Microsoft Visual Studio\2017\Community\MSBuild\Microsoft\VisualStudio\v15.0\TypeScript\fr\ProjectItemsSchema.xaml
[0b00:0004][2017-10-17T09:46:44] Completed: Copying file /$MSBuild/Microsoft/VisualStudio/v15.0/TypeScript/fr/ProjectItemsSchema.xaml to C:\Program Files (x86)\Microsoft Visual Studio\2017\Community\MSBuild\Microsoft\VisualStudio\v15.0\TypeScript\fr\ProjectItemsSchema.xaml
[0b00:0004][2017-10-17T09:46:44] Timestamp updated for file 'C:\Program Files (x86)\Microsoft Visual Studio\2017\Community\MSBuild\Microsoft\VisualStudio\v15.0\TypeScript\fr\ProjectItemsSchema.xaml'.
[0b00:0004][2017-10-17T09:46:44] Processing file /$MSBuild/Microsoft/VisualStudio/v15.0/TypeScript/fr/TypeScriptCompile.xaml
[0b00:0004][2017-10-17T09:46:44] Started: Copying file /$MSBuild/Microsoft/VisualStudio/v15.0/TypeScript/fr/TypeScriptCompile.xaml to C:\Program Files (x86)\Microsoft Visual Studio\2017\Community\MSBuild\Microsoft\VisualStudio\v15.0\TypeScript\fr\TypeScriptCompile.xaml
[0b00:0004][2017-10-17T09:46:44] Completed: Copying file /$MSBuild/Microsoft/VisualStudio/v15.0/TypeScript/fr/TypeScriptCompile.xaml to C:\Program Files (x86)\Microsoft Visual Studio\2017\Community\MSBuild\Microsoft\VisualStudio\v15.0\TypeScript\fr\TypeScriptCompile.xaml
[0b00:0004][2017-10-17T09:46:44] Timestamp updated for file 'C:\Program Files (x86)\Microsoft Visual Studio\2017\Community\MSBuild\Microsoft\VisualStudio\v15.0\TypeScript\fr\TypeScriptCompile.xaml'.
[0b00:0004][2017-10-17T09:46:44] Processing file /$MSBuild/Microsoft/VisualStudio/v15.0/TypeScript/fr/TypeScriptProjectProperties.xaml
[0b00:0004][2017-10-17T09:46:44] Started: Copying file /$MSBuild/Microsoft/VisualStudio/v15.0/TypeScript/fr/TypeScriptProjectProperties.xaml to C:\Program Files (x86)\Microsoft Visual Studio\2017\Community\MSBuild\Microsoft\VisualStudio\v15.0\TypeScript\fr\TypeScriptProjectProperties.xaml
[0b00:0004][2017-10-17T09:46:44] Completed: Copying file /$MSBuild/Microsoft/VisualStudio/v15.0/TypeScript/fr/TypeScriptProjectProperties.xaml to C:\Program Files (x86)\Microsoft Visual Studio\2017\Community\MSBuild\Microsoft\VisualStudio\v15.0\TypeScript\fr\TypeScriptProjectProperties.xaml
[0b00:0004][2017-10-17T09:46:44] Timestamp updated for file 'C:\Program Files (x86)\Microsoft Visual Studio\2017\Community\MSBuild\Microsoft\VisualStudio\v15.0\TypeScript\fr\TypeScriptProjectProperties.xaml'.
[0b00:0004][2017-10-17T09:46:44] Processing file /$MSBuild/Microsoft/VisualStudio/v15.0/TypeScript/it/ProjectItemsSchema.xaml
[0b00:0004][2017-10-17T09:46:44] Started: Copying file /$MSBuild/Microsoft/VisualStudio/v15.0/TypeScript/it/ProjectItemsSchema.xaml to C:\Program Files (x86)\Microsoft Visual Studio\2017\Community\MSBuild\Microsoft\VisualStudio\v15.0\TypeScript\it\ProjectItemsSchema.xaml
[0b00:0004][2017-10-17T09:46:44] Completed: Copying file /$MSBuild/Microsoft/VisualStudio/v15.0/TypeScript/it/ProjectItemsSchema.xaml to C:\Program Files (x86)\Microsoft Visual Studio\2017\Community\MSBuild\Microsoft\VisualStudio\v15.0\TypeScript\it\ProjectItemsSchema.xaml
[0b00:0004][2017-10-17T09:46:44] Timestamp updated for file 'C:\Program Files (x86)\Microsoft Visual Studio\2017\Community\MSBuild\Microsoft\VisualStudio\v15.0\TypeScript\it\ProjectItemsSchema.xaml'.
[0b00:0004][2017-10-17T09:46:44] Processing file /$MSBuild/Microsoft/VisualStudio/v15.0/TypeScript/it/TypeScriptCompile.xaml
[0b00:0004][2017-10-17T09:46:44] Started: Copying file /$MSBuild/Microsoft/VisualStudio/v15.0/TypeScript/it/TypeScriptCompile.xaml to C:\Program Files (x86)\Microsoft Visual Studio\2017\Community\MSBuild\Microsoft\VisualStudio\v15.0\TypeScript\it\TypeScriptCompile.xaml
[0b00:0004][2017-10-17T09:46:44] Completed: Copying file /$MSBuild/Microsoft/VisualStudio/v15.0/TypeScript/it/TypeScriptCompile.xaml to C:\Program Files (x86)\Microsoft Visual Studio\2017\Community\MSBuild\Microsoft\VisualStudio\v15.0\TypeScript\it\TypeScriptCompile.xaml
[0b00:0004][2017-10-17T09:46:44] Timestamp updated for file 'C:\Program Files (x86)\Microsoft Visual Studio\2017\Community\MSBuild\Microsoft\VisualStudio\v15.0\TypeScript\it\TypeScriptCompile.xaml'.
[0b00:0004][2017-10-17T09:46:44] Processing file /$MSBuild/Microsoft/VisualStudio/v15.0/TypeScript/it/TypeScriptProjectProperties.xaml
[0b00:0004][2017-10-17T09:46:44] Started: Copying file /$MSBuild/Microsoft/VisualStudio/v15.0/TypeScript/it/TypeScriptProjectProperties.xaml to C:\Program Files (x86)\Microsoft Visual Studio\2017\Community\MSBuild\Microsoft\VisualStudio\v15.0\TypeScript\it\TypeScriptProjectProperties.xaml
[0b00:0004][2017-10-17T09:46:44] Completed: Copying file /$MSBuild/Microsoft/VisualStudio/v15.0/TypeScript/it/TypeScriptProjectProperties.xaml to C:\Program Files (x86)\Microsoft Visual Studio\2017\Community\MSBuild\Microsoft\VisualStudio\v15.0\TypeScript\it\TypeScriptProjectProperties.xaml
[0b00:0004][2017-10-17T09:46:44] Timestamp updated for file 'C:\Program Files (x86)\Microsoft Visual Studio\2017\Community\MSBuild\Microsoft\VisualStudio\v15.0\TypeScript\it\TypeScriptProjectProperties.xaml'.
[0b00:0004][2017-10-17T09:46:44] Processing file /$MSBuild/Microsoft/VisualStudio/v15.0/TypeScript/ja/ProjectItemsSchema.xaml
[0b00:0004][2017-10-17T09:46:44] Started: Copying file /$MSBuild/Microsoft/VisualStudio/v15.0/TypeScript/ja/ProjectItemsSchema.xaml to C:\Program Files (x86)\Microsoft Visual Studio\2017\Community\MSBuild\Microsoft\VisualStudio\v15.0\TypeScript\ja\ProjectItemsSchema.xaml
[0b00:0004][2017-10-17T09:46:44] Completed: Copying file /$MSBuild/Microsoft/VisualStudio/v15.0/TypeScript/ja/ProjectItemsSchema.xaml to C:\Program Files (x86)\Microsoft Visual Studio\2017\Community\MSBuild\Microsoft\VisualStudio\v15.0\TypeScript\ja\ProjectItemsSchema.xaml
[0b00:0004][2017-10-17T09:46:44] Timestamp updated for file 'C:\Program Files (x86)\Microsoft Visual Studio\2017\Community\MSBuild\Microsoft\VisualStudio\v15.0\TypeScript\ja\ProjectItemsSchema.xaml'.
[0b00:0004][2017-10-17T09:46:44] Processing file /$MSBuild/Microsoft/VisualStudio/v15.0/TypeScript/ja/TypeScriptCompile.xaml
[0b00:0004][2017-10-17T09:46:44] Started: Copying file /$MSBuild/Microsoft/VisualStudio/v15.0/TypeScript/ja/TypeScriptCompile.xaml to C:\Program Files (x86)\Microsoft Visual Studio\2017\Community\MSBuild\Microsoft\VisualStudio\v15.0\TypeScript\ja\TypeScriptCompile.xaml
[0b00:0004][2017-10-17T09:46:44] Completed: Copying file /$MSBuild/Microsoft/VisualStudio/v15.0/TypeScript/ja/TypeScriptCompile.xaml to C:\Program Files (x86)\Microsoft Visual Studio\2017\Community\MSBuild\Microsoft\VisualStudio\v15.0\TypeScript\ja\TypeScriptCompile.xaml
[0b00:0004][2017-10-17T09:46:44] Timestamp updated for file 'C:\Program Files (x86)\Microsoft Visual Studio\2017\Community\MSBuild\Microsoft\VisualStudio\v15.0\TypeScript\ja\TypeScriptCompile.xaml'.
[0b00:0004][2017-10-17T09:46:44] Processing file /$MSBuild/Microsoft/VisualStudio/v15.0/TypeScript/ja/TypeScriptProjectProperties.xaml
[0b00:0004][2017-10-17T09:46:44] Started: Copying file /$MSBuild/Microsoft/VisualStudio/v15.0/TypeScript/ja/TypeScriptProjectProperties.xaml to C:\Program Files (x86)\Microsoft Visual Studio\2017\Community\MSBuild\Microsoft\VisualStudio\v15.0\TypeScript\ja\TypeScriptProjectProperties.xaml
[0b00:0004][2017-10-17T09:46:44] Completed: Copying file /$MSBuild/Microsoft/VisualStudio/v15.0/TypeScript/ja/TypeScriptProjectProperties.xaml to C:\Program Files (x86)\Microsoft Visual Studio\2017\Community\MSBuild\Microsoft\VisualStudio\v15.0\TypeScript\ja\TypeScriptProjectProperties.xaml
[0b00:0004][2017-10-17T09:46:44] Timestamp updated for file 'C:\Program Files (x86)\Microsoft Visual Studio\2017\Community\MSBuild\Microsoft\VisualStudio\v15.0\TypeScript\ja\TypeScriptProjectProperties.xaml'.
[0b00:0004][2017-10-17T09:46:44] Processing file /$MSBuild/Microsoft/VisualStudio/v15.0/TypeScript/ko/ProjectItemsSchema.xaml
[0b00:0004][2017-10-17T09:46:44] Started: Copying file /$MSBuild/Microsoft/VisualStudio/v15.0/TypeScript/ko/ProjectItemsSchema.xaml to C:\Program Files (x86)\Microsoft Visual Studio\2017\Community\MSBuild\Microsoft\VisualStudio\v15.0\TypeScript\ko\ProjectItemsSchema.xaml
[0b00:0004][2017-10-17T09:46:44] Completed: Copying file /$MSBuild/Microsoft/VisualStudio/v15.0/TypeScript/ko/ProjectItemsSchema.xaml to C:\Program Files (x86)\Microsoft Visual Studio\2017\Community\MSBuild\Microsoft\VisualStudio\v15.0\TypeScript\ko\ProjectItemsSchema.xaml
[0b00:0004][2017-10-17T09:46:44] Timestamp updated for file 'C:\Program Files (x86)\Microsoft Visual Studio\2017\Community\MSBuild\Microsoft\VisualStudio\v15.0\TypeScript\ko\ProjectItemsSchema.xaml'.
[0b00:0004][2017-10-17T09:46:44] Processing file /$MSBuild/Microsoft/VisualStudio/v15.0/TypeScript/ko/TypeScriptCompile.xaml
[0b00:0004][2017-10-17T09:46:44] Started: Copying file /$MSBuild/Microsoft/VisualStudio/v15.0/TypeScript/ko/TypeScriptCompile.xaml to C:\Program Files (x86)\Microsoft Visual Studio\2017\Community\MSBuild\Microsoft\VisualStudio\v15.0\TypeScript\ko\TypeScriptCompile.xaml
[0b00:0004][2017-10-17T09:46:44] Completed: Copying file /$MSBuild/Microsoft/VisualStudio/v15.0/TypeScript/ko/TypeScriptCompile.xaml to C:\Program Files (x86)\Microsoft Visual Studio\2017\Community\MSBuild\Microsoft\VisualStudio\v15.0\TypeScript\ko\TypeScriptCompile.xaml
[0b00:0004][2017-10-17T09:46:44] Timestamp updated for file 'C:\Program Files (x86)\Microsoft Visual Studio\2017\Community\MSBuild\Microsoft\VisualStudio\v15.0\TypeScript\ko\TypeScriptCompile.xaml'.
[0b00:0004][2017-10-17T09:46:44] Processing file /$MSBuild/Microsoft/VisualStudio/v15.0/TypeScript/ko/TypeScriptProjectProperties.xaml
[0b00:0004][2017-10-17T09:46:44] Started: Copying file /$MSBuild/Microsoft/VisualStudio/v15.0/TypeScript/ko/TypeScriptProjectProperties.xaml to C:\Program Files (x86)\Microsoft Visual Studio\2017\Community\MSBuild\Microsoft\VisualStudio\v15.0\TypeScript\ko\TypeScriptProjectProperties.xaml
[0b00:0004][2017-10-17T09:46:44] Completed: Copying file /$MSBuild/Microsoft/VisualStudio/v15.0/TypeScript/ko/TypeScriptProjectProperties.xaml to C:\Program Files (x86)\Microsoft Visual Studio\2017\Community\MSBuild\Microsoft\VisualStudio\v15.0\TypeScript\ko\TypeScriptProjectProperties.xaml
[0b00:0004][2017-10-17T09:46:44] Timestamp updated for file 'C:\Program Files (x86)\Microsoft Visual Studio\2017\Community\MSBuild\Microsoft\VisualStudio\v15.0\TypeScript\ko\TypeScriptProjectProperties.xaml'.
[0b00:0004][2017-10-17T09:46:44] Processing file /$MSBuild/Microsoft/VisualStudio/v15.0/TypeScript/Microsoft.TypeScript.Default.props
[0b00:0004][2017-10-17T09:46:44] Started: Copying file /$MSBuild/Microsoft/VisualStudio/v15.0/TypeScript/Microsoft.TypeScript.Default.props to C:\Program Files (x86)\Microsoft Visual Studio\2017\Community\MSBuild\Microsoft\VisualStudio\v15.0\TypeScript\Microsoft.TypeScript.Default.props
[0b00:0004][2017-10-17T09:46:44] Completed: Copying file /$MSBuild/Microsoft/VisualStudio/v15.0/TypeScript/Microsoft.TypeScript.Default.props to C:\Program Files (x86)\Microsoft Visual Studio\2017\Community\MSBuild\Microsoft\VisualStudio\v15.0\TypeScript\Microsoft.TypeScript.Default.props
[0b00:0004][2017-10-17T09:46:44] Timestamp updated for file 'C:\Program Files (x86)\Microsoft Visual Studio\2017\Community\MSBuild\Microsoft\VisualStudio\v15.0\TypeScript\Microsoft.TypeScript.Default.props'.
[0b00:0004][2017-10-17T09:46:44] Processing file /$MSBuild/Microsoft/VisualStudio/v15.0/TypeScript/Microsoft.TypeScript.DNX.targets
[0b00:0004][2017-10-17T09:46:44] Started: Copying file /$MSBuild/Microsoft/VisualStudio/v15.0/TypeScript/Microsoft.TypeScript.DNX.targets to C:\Program Files (x86)\Microsoft Visual Studio\2017\Community\MSBuild\Microsoft\VisualStudio\v15.0\TypeScript\Microsoft.TypeScript.DNX.targets
[0b00:0004][2017-10-17T09:46:44] Completed: Copying file /$MSBuild/Microsoft/VisualStudio/v15.0/TypeScript/Microsoft.TypeScript.DNX.targets to C:\Program Files (x86)\Microsoft Visual Studio\2017\Community\MSBuild\Microsoft\VisualStudio\v15.0\TypeScript\Microsoft.TypeScript.DNX.targets
[0b00:0004][2017-10-17T09:46:44] Timestamp updated for file 'C:\Program Files (x86)\Microsoft Visual Studio\2017\Community\MSBuild\Microsoft\VisualStudio\v15.0\TypeScript\Microsoft.TypeScript.DNX.targets'.
[0b00:0004][2017-10-17T09:46:44] Processing file /$MSBuild/Microsoft/VisualStudio/v15.0/TypeScript/Microsoft.TypeScript.DotNetCore.targets
[0b00:0004][2017-10-17T09:46:44] Started: Copying file /$MSBuild/Microsoft/VisualStudio/v15.0/TypeScript/Microsoft.TypeScript.DotNetCore.targets to C:\Program Files (x86)\Microsoft Visual Studio\2017\Community\MSBuild\Microsoft\VisualStudio\v15.0\TypeScript\Microsoft.TypeScript.DotNetCore.targets
[0b00:0004][2017-10-17T09:46:44] Completed: Copying file /$MSBuild/Microsoft/VisualStudio/v15.0/TypeScript/Microsoft.TypeScript.DotNetCore.targets to C:\Program Files (x86)\Microsoft Visual Studio\2017\Community\MSBuild\Microsoft\VisualStudio\v15.0\TypeScript\Microsoft.TypeScript.DotNetCore.targets
[0b00:0004][2017-10-17T09:46:44] Timestamp updated for file 'C:\Program Files (x86)\Microsoft Visual Studio\2017\Community\MSBuild\Microsoft\VisualStudio\v15.0\TypeScript\Microsoft.TypeScript.DotNetCore.targets'.
[0b00:0004][2017-10-17T09:46:44] Processing file /$MSBuild/Microsoft/VisualStudio/v15.0/TypeScript/Microsoft.TypeScript.jsproj.targets
[0b00:0004][2017-10-17T09:46:44] Started: Copying file /$MSBuild/Microsoft/VisualStudio/v15.0/TypeScript/Microsoft.TypeScript.jsproj.targets to C:\Program Files (x86)\Microsoft Visual Studio\2017\Community\MSBuild\Microsoft\VisualStudio\v15.0\TypeScript\Microsoft.TypeScript.jsproj.targets
[0b00:0004][2017-10-17T09:46:44] Completed: Copying file /$MSBuild/Microsoft/VisualStudio/v15.0/TypeScript/Microsoft.TypeScript.jsproj.targets to C:\Program Files (x86)\Microsoft Visual Studio\2017\Community\MSBuild\Microsoft\VisualStudio\v15.0\TypeScript\Microsoft.TypeScript.jsproj.targets
[0b00:0004][2017-10-17T09:46:44] Timestamp updated for file 'C:\Program Files (x86)\Microsoft Visual Studio\2017\Community\MSBuild\Microsoft\VisualStudio\v15.0\TypeScript\Microsoft.TypeScript.jsproj.targets'.
[0b00:0004][2017-10-17T09:46:44] Processing file /$MSBuild/Microsoft/VisualStudio/v15.0/TypeScript/Microsoft.TypeScript.targets
[0b00:0004][2017-10-17T09:46:44] Started: Copying file /$MSBuild/Microsoft/VisualStudio/v15.0/TypeScript/Microsoft.TypeScript.targets to C:\Program Files (x86)\Microsoft Visual Studio\2017\Community\MSBuild\Microsoft\VisualStudio\v15.0\TypeScript\Microsoft.TypeScript.targets
[0b00:0004][2017-10-17T09:46:44] Completed: Copying file /$MSBuild/Microsoft/VisualStudio/v15.0/TypeScript/Microsoft.TypeScript.targets to C:\Program Files (x86)\Microsoft Visual Studio\2017\Community\MSBuild\Microsoft\VisualStudio\v15.0\TypeScript\Microsoft.TypeScript.targets
[0b00:0004][2017-10-17T09:46:44] Timestamp updated for file 'C:\Program Files (x86)\Microsoft Visual Studio\2017\Community\MSBuild\Microsoft\VisualStudio\v15.0\TypeScript\Microsoft.TypeScript.targets'.
[0b00:0004][2017-10-17T09:46:44] Processing file /$MSBuild/Microsoft/VisualStudio/v15.0/TypeScript/Microsoft.TypeScript.Uap.props
[0b00:0004][2017-10-17T09:46:44] Started: Copying file /$MSBuild/Microsoft/VisualStudio/v15.0/TypeScript/Microsoft.TypeScript.Uap.props to C:\Program Files (x86)\Microsoft Visual Studio\2017\Community\MSBuild\Microsoft\VisualStudio\v15.0\TypeScript\Microsoft.TypeScript.Uap.props
[0b00:0004][2017-10-17T09:46:44] Completed: Copying file /$MSBuild/Microsoft/VisualStudio/v15.0/TypeScript/Microsoft.TypeScript.Uap.props to C:\Program Files (x86)\Microsoft Visual Studio\2017\Community\MSBuild\Microsoft\VisualStudio\v15.0\TypeScript\Microsoft.TypeScript.Uap.props
[0b00:0004][2017-10-17T09:46:44] Timestamp updated for file 'C:\Program Files (x86)\Microsoft Visual Studio\2017\Community\MSBuild\Microsoft\VisualStudio\v15.0\TypeScript\Microsoft.TypeScript.Uap.props'.
[0b00:0004][2017-10-17T09:46:44] Processing file /$MSBuild/Microsoft/VisualStudio/v15.0/TypeScript/Microsoft.TypeScript.Uap.targets
[0b00:0004][2017-10-17T09:46:44] Started: Copying file /$MSBuild/Microsoft/VisualStudio/v15.0/TypeScript/Microsoft.TypeScript.Uap.targets to C:\Program Files (x86)\Microsoft Visual Studio\2017\Community\MSBuild\Microsoft\VisualStudio\v15.0\TypeScript\Microsoft.TypeScript.Uap.targets
[0b00:0004][2017-10-17T09:46:44] Completed: Copying file /$MSBuild/Microsoft/VisualStudio/v15.0/TypeScript/Microsoft.TypeScript.Uap.targets to C:\Program Files (x86)\Microsoft Visual Studio\2017\Community\MSBuild\Microsoft\VisualStudio\v15.0\TypeScript\Microsoft.TypeScript.Uap.targets
[0b00:0004][2017-10-17T09:46:44] Timestamp updated for file 'C:\Program Files (x86)\Microsoft Visual Studio\2017\Community\MSBuild\Microsoft\VisualStudio\v15.0\TypeScript\Microsoft.TypeScript.Uap.targets'.
[0b00:0004][2017-10-17T09:46:44] Processing file /$MSBuild/Microsoft/VisualStudio/v15.0/TypeScript/pl/ProjectItemsSchema.xaml
[0b00:0004][2017-10-17T09:46:44] Started: Copying file /$MSBuild/Microsoft/VisualStudio/v15.0/TypeScript/pl/ProjectItemsSchema.xaml to C:\Program Files (x86)\Microsoft Visual Studio\2017\Community\MSBuild\Microsoft\VisualStudio\v15.0\TypeScript\pl\ProjectItemsSchema.xaml
[0b00:0004][2017-10-17T09:46:44] Completed: Copying file /$MSBuild/Microsoft/VisualStudio/v15.0/TypeScript/pl/ProjectItemsSchema.xaml to C:\Program Files (x86)\Microsoft Visual Studio\2017\Community\MSBuild\Microsoft\VisualStudio\v15.0\TypeScript\pl\ProjectItemsSchema.xaml
[0b00:0004][2017-10-17T09:46:44] Timestamp updated for file 'C:\Program Files (x86)\Microsoft Visual Studio\2017\Community\MSBuild\Microsoft\VisualStudio\v15.0\TypeScript\pl\ProjectItemsSchema.xaml'.
[0b00:0004][2017-10-17T09:46:44] Processing file /$MSBuild/Microsoft/VisualStudio/v15.0/TypeScript/pl/TypeScriptCompile.xaml
[0b00:0004][2017-10-17T09:46:44] Started: Copying file /$MSBuild/Microsoft/VisualStudio/v15.0/TypeScript/pl/TypeScriptCompile.xaml to C:\Program Files (x86)\Microsoft Visual Studio\2017\Community\MSBuild\Microsoft\VisualStudio\v15.0\TypeScript\pl\TypeScriptCompile.xaml
[0b00:0004][2017-10-17T09:46:44] Completed: Copying file /$MSBuild/Microsoft/VisualStudio/v15.0/TypeScript/pl/TypeScriptCompile.xaml to C:\Program Files (x86)\Microsoft Visual Studio\2017\Community\MSBuild\Microsoft\VisualStudio\v15.0\TypeScript\pl\TypeScriptCompile.xaml
[0b00:0004][2017-10-17T09:46:44] Timestamp updated for file 'C:\Program Files (x86)\Microsoft Visual Studio\2017\Community\MSBuild\Microsoft\VisualStudio\v15.0\TypeScript\pl\TypeScriptCompile.xaml'.
[0b00:0004][2017-10-17T09:46:44] Processing file /$MSBuild/Microsoft/VisualStudio/v15.0/TypeScript/pl/TypeScriptProjectProperties.xaml
[0b00:0004][2017-10-17T09:46:44] Started: Copying file /$MSBuild/Microsoft/VisualStudio/v15.0/TypeScript/pl/TypeScriptProjectProperties.xaml to C:\Program Files (x86)\Microsoft Visual Studio\2017\Community\MSBuild\Microsoft\VisualStudio\v15.0\TypeScript\pl\TypeScriptProjectProperties.xaml
[0b00:0004][2017-10-17T09:46:44] Completed: Copying file /$MSBuild/Microsoft/VisualStudio/v15.0/TypeScript/pl/TypeScriptProjectProperties.xaml to C:\Program Files (x86)\Microsoft Visual Studio\2017\Community\MSBuild\Microsoft\VisualStudio\v15.0\TypeScript\pl\TypeScriptProjectProperties.xaml
[0b00:0004][2017-10-17T09:46:44] Timestamp updated for file 'C:\Program Files (x86)\Microsoft Visual Studio\2017\Community\MSBuild\Microsoft\VisualStudio\v15.0\TypeScript\pl\TypeScriptProjectProperties.xaml'.
[0b00:0004][2017-10-17T09:46:44] Processing file /$MSBuild/Microsoft/VisualStudio/v15.0/TypeScript/ProjectItemsSchema.xaml
[0b00:0004][2017-10-17T09:46:44] Started: Copying file /$MSBuild/Microsoft/VisualStudio/v15.0/TypeScript/ProjectItemsSchema.xaml to C:\Program Files (x86)\Microsoft Visual Studio\2017\Community\MSBuild\Microsoft\VisualStudio\v15.0\TypeScript\ProjectItemsSchema.xaml
[0b00:0004][2017-10-17T09:46:44] Completed: Copying file /$MSBuild/Microsoft/VisualStudio/v15.0/TypeScript/ProjectItemsSchema.xaml to C:\Program Files (x86)\Microsoft Visual Studio\2017\Community\MSBuild\Microsoft\VisualStudio\v15.0\TypeScript\ProjectItemsSchema.xaml
[0b00:0004][2017-10-17T09:46:44] Timestamp updated for file 'C:\Program Files (x86)\Microsoft Visual Studio\2017\Community\MSBuild\Microsoft\VisualStudio\v15.0\TypeScript\ProjectItemsSchema.xaml'.
[0b00:0004][2017-10-17T09:46:44] Processing file /$MSBuild/Microsoft/VisualStudio/v15.0/TypeScript/pt-BR/ProjectItemsSchema.xaml
[0b00:0004][2017-10-17T09:46:44] Started: Copying file /$MSBuild/Microsoft/VisualStudio/v15.0/TypeScript/pt-BR/ProjectItemsSchema.xaml to C:\Program Files (x86)\Microsoft Visual Studio\2017\Community\MSBuild\Microsoft\VisualStudio\v15.0\TypeScript\pt-BR\ProjectItemsSchema.xaml
[0b00:0004][2017-10-17T09:46:44] Completed: Copying file /$MSBuild/Microsoft/VisualStudio/v15.0/TypeScript/pt-BR/ProjectItemsSchema.xaml to C:\Program Files (x86)\Microsoft Visual Studio\2017\Community\MSBuild\Microsoft\VisualStudio\v15.0\TypeScript\pt-BR\ProjectItemsSchema.xaml
[0b00:0004][2017-10-17T09:46:44] Timestamp updated for file 'C:\Program Files (x86)\Microsoft Visual Studio\2017\Community\MSBuild\Microsoft\VisualStudio\v15.0\TypeScript\pt-BR\ProjectItemsSchema.xaml'.
[0b00:0004][2017-10-17T09:46:44] Processing file /$MSBuild/Microsoft/VisualStudio/v15.0/TypeScript/pt-BR/TypeScriptCompile.xaml
[0b00:0004][2017-10-17T09:46:44] Started: Copying file /$MSBuild/Microsoft/VisualStudio/v15.0/TypeScript/pt-BR/TypeScriptCompile.xaml to C:\Program Files (x86)\Microsoft Visual Studio\2017\Community\MSBuild\Microsoft\VisualStudio\v15.0\TypeScript\pt-BR\TypeScriptCompile.xaml
[0b00:0004][2017-10-17T09:46:44] Completed: Copying file /$MSBuild/Microsoft/VisualStudio/v15.0/TypeScript/pt-BR/TypeScriptCompile.xaml to C:\Program Files (x86)\Microsoft Visual Studio\2017\Community\MSBuild\Microsoft\VisualStudio\v15.0\TypeScript\pt-BR\TypeScriptCompile.xaml
[0b00:0004][2017-10-17T09:46:44] Timestamp updated for file 'C:\Program Files (x86)\Microsoft Visual Studio\2017\Community\MSBuild\Microsoft\VisualStudio\v15.0\TypeScript\pt-BR\TypeScriptCompile.xaml'.
[0b00:0004][2017-10-17T09:46:44] Processing file /$MSBuild/Microsoft/VisualStudio/v15.0/TypeScript/pt-BR/TypeScriptProjectProperties.xaml
[0b00:0004][2017-10-17T09:46:44] Started: Copying file /$MSBuild/Microsoft/VisualStudio/v15.0/TypeScript/pt-BR/TypeScriptProjectProperties.xaml to C:\Program Files (x86)\Microsoft Visual Studio\2017\Community\MSBuild\Microsoft\VisualStudio\v15.0\TypeScript\pt-BR\TypeScriptProjectProperties.xaml
[0b00:0004][2017-10-17T09:46:44] Completed: Copying file /$MSBuild/Microsoft/VisualStudio/v15.0/TypeScript/pt-BR/TypeScriptProjectProperties.xaml to C:\Program Files (x86)\Microsoft Visual Studio\2017\Community\MSBuild\Microsoft\VisualStudio\v15.0\TypeScript\pt-BR\TypeScriptProjectProperties.xaml
[0b00:0004][2017-10-17T09:46:44] Timestamp updated for file 'C:\Program Files (x86)\Microsoft Visual Studio\2017\Community\MSBuild\Microsoft\VisualStudio\v15.0\TypeScript\pt-BR\TypeScriptProjectProperties.xaml'.
[0b00:0004][2017-10-17T09:46:44] Processing file /$MSBuild/Microsoft/VisualStudio/v15.0/TypeScript/ru/ProjectItemsSchema.xaml
[0b00:0004][2017-10-17T09:46:44] Started: Copying file /$MSBuild/Microsoft/VisualStudio/v15.0/TypeScript/ru/ProjectItemsSchema.xaml to C:\Program Files (x86)\Microsoft Visual Studio\2017\Community\MSBuild\Microsoft\VisualStudio\v15.0\TypeScript\ru\ProjectItemsSchema.xaml
[0b00:0004][2017-10-17T09:46:44] Completed: Copying file /$MSBuild/Microsoft/VisualStudio/v15.0/TypeScript/ru/ProjectItemsSchema.xaml to C:\Program Files (x86)\Microsoft Visual Studio\2017\Community\MSBuild\Microsoft\VisualStudio\v15.0\TypeScript\ru\ProjectItemsSchema.xaml
[0b00:0004][2017-10-17T09:46:44] Timestamp updated for file 'C:\Program Files (x86)\Microsoft Visual Studio\2017\Community\MSBuild\Microsoft\VisualStudio\v15.0\TypeScript\ru\ProjectItemsSchema.xaml'.
[0b00:0004][2017-10-17T09:46:44] Processing file /$MSBuild/Microsoft/VisualStudio/v15.0/TypeScript/ru/TypeScriptCompile.xaml
[0b00:0004][2017-10-17T09:46:44] Started: Copying file /$MSBuild/Microsoft/VisualStudio/v15.0/TypeScript/ru/TypeScriptCompile.xaml to C:\Program Files (x86)\Microsoft Visual Studio\2017\Community\MSBuild\Microsoft\VisualStudio\v15.0\TypeScript\ru\TypeScriptCompile.xaml
[0b00:0004][2017-10-17T09:46:45] Completed: Copying file /$MSBuild/Microsoft/VisualStudio/v15.0/TypeScript/ru/TypeScriptCompile.xaml to C:\Program Files (x86)\Microsoft Visual Studio\2017\Community\MSBuild\Microsoft\VisualStudio\v15.0\TypeScript\ru\TypeScriptCompile.xaml
[0b00:0004][2017-10-17T09:46:45] Timestamp updated for file 'C:\Program Files (x86)\Microsoft Visual Studio\2017\Community\MSBuild\Microsoft\VisualStudio\v15.0\TypeScript\ru\TypeScriptCompile.xaml'.
[0b00:0004][2017-10-17T09:46:45] Processing file /$MSBuild/Microsoft/VisualStudio/v15.0/TypeScript/ru/TypeScriptProjectProperties.xaml
[0b00:0004][2017-10-17T09:46:45] Started: Copying file /$MSBuild/Microsoft/VisualStudio/v15.0/TypeScript/ru/TypeScriptProjectProperties.xaml to C:\Program Files (x86)\Microsoft Visual Studio\2017\Community\MSBuild\Microsoft\VisualStudio\v15.0\TypeScript\ru\TypeScriptProjectProperties.xaml
[0b00:0004][2017-10-17T09:46:45] Completed: Copying file /$MSBuild/Microsoft/VisualStudio/v15.0/TypeScript/ru/TypeScriptProjectProperties.xaml to C:\Program Files (x86)\Microsoft Visual Studio\2017\Community\MSBuild\Microsoft\VisualStudio\v15.0\TypeScript\ru\TypeScriptProjectProperties.xaml
[0b00:0004][2017-10-17T09:46:45] Timestamp updated for file 'C:\Program Files (x86)\Microsoft Visual Studio\2017\Community\MSBuild\Microsoft\VisualStudio\v15.0\TypeScript\ru\TypeScriptProjectProperties.xaml'.
[0b00:0004][2017-10-17T09:46:45] Processing file /$MSBuild/Microsoft/VisualStudio/v15.0/TypeScript/tr/ProjectItemsSchema.xaml
[0b00:0004][2017-10-17T09:46:45] Started: Copying file /$MSBuild/Microsoft/VisualStudio/v15.0/TypeScript/tr/ProjectItemsSchema.xaml to C:\Program Files (x86)\Microsoft Visual Studio\2017\Community\MSBuild\Microsoft\VisualStudio\v15.0\TypeScript\tr\ProjectItemsSchema.xaml
[0b00:0004][2017-10-17T09:46:45] Completed: Copying file /$MSBuild/Microsoft/VisualStudio/v15.0/TypeScript/tr/ProjectItemsSchema.xaml to C:\Program Files (x86)\Microsoft Visual Studio\2017\Community\MSBuild\Microsoft\VisualStudio\v15.0\TypeScript\tr\ProjectItemsSchema.xaml
[0b00:0004][2017-10-17T09:46:45] Timestamp updated for file 'C:\Program Files (x86)\Microsoft Visual Studio\2017\Community\MSBuild\Microsoft\VisualStudio\v15.0\TypeScript\tr\ProjectItemsSchema.xaml'.
[0b00:0004][2017-10-17T09:46:45] Processing file /$MSBuild/Microsoft/VisualStudio/v15.0/TypeScript/tr/TypeScriptCompile.xaml
[0b00:0004][2017-10-17T09:46:45] Started: Copying file /$MSBuild/Microsoft/VisualStudio/v15.0/TypeScript/tr/TypeScriptCompile.xaml to C:\Program Files (x86)\Microsoft Visual Studio\2017\Community\MSBuild\Microsoft\VisualStudio\v15.0\TypeScript\tr\TypeScriptCompile.xaml
[0b00:0004][2017-10-17T09:46:45] Completed: Copying file /$MSBuild/Microsoft/VisualStudio/v15.0/TypeScript/tr/TypeScriptCompile.xaml to C:\Program Files (x86)\Microsoft Visual Studio\2017\Community\MSBuild\Microsoft\VisualStudio\v15.0\TypeScript\tr\TypeScriptCompile.xaml
[0b00:0004][2017-10-17T09:46:45] Timestamp updated for file 'C:\Program Files (x86)\Microsoft Visual Studio\2017\Community\MSBuild\Microsoft\VisualStudio\v15.0\TypeScript\tr\TypeScriptCompile.xaml'.
[0b00:0004][2017-10-17T09:46:45] Processing file /$MSBuild/Microsoft/VisualStudio/v15.0/TypeScript/tr/TypeScriptProjectProperties.xaml
[0b00:0004][2017-10-17T09:46:45] Started: Copying file /$MSBuild/Microsoft/VisualStudio/v15.0/TypeScript/tr/TypeScriptProjectProperties.xaml to C:\Program Files (x86)\Microsoft Visual Studio\2017\Community\MSBuild\Microsoft\VisualStudio\v15.0\TypeScript\tr\TypeScriptProjectProperties.xaml
[0b00:0004][2017-10-17T09:46:45] Completed: Copying file /$MSBuild/Microsoft/VisualStudio/v15.0/TypeScript/tr/TypeScriptProjectProperties.xaml to C:\Program Files (x86)\Microsoft Visual Studio\2017\Community\MSBuild\Microsoft\VisualStudio\v15.0\TypeScript\tr\TypeScriptProjectProperties.xaml
[0b00:0004][2017-10-17T09:46:45] Timestamp updated for file 'C:\Program Files (x86)\Microsoft Visual Studio\2017\Community\MSBuild\Microsoft\VisualStudio\v15.0\TypeScript\tr\TypeScriptProjectProperties.xaml'.
[0b00:0004][2017-10-17T09:46:45] Processing file /$MSBuild/Microsoft/VisualStudio/v15.0/TypeScript/TypeScriptCompile.xaml
[0b00:0004][2017-10-17T09:46:45] Started: Copying file /$MSBuild/Microsoft/VisualStudio/v15.0/TypeScript/TypeScriptCompile.xaml to C:\Program Files (x86)\Microsoft Visual Studio\2017\Community\MSBuild\Microsoft\VisualStudio\v15.0\TypeScript\TypeScriptCompile.xaml
[0b00:0004][2017-10-17T09:46:45] Completed: Copying file /$MSBuild/Microsoft/VisualStudio/v15.0/TypeScript/TypeScriptCompile.xaml to C:\Program Files (x86)\Microsoft Visual Studio\2017\Community\MSBuild\Microsoft\VisualStudio\v15.0\TypeScript\TypeScriptCompile.xaml
[0b00:0004][2017-10-17T09:46:45] Timestamp updated for file 'C:\Program Files (x86)\Microsoft Visual Studio\2017\Community\MSBuild\Microsoft\VisualStudio\v15.0\TypeScript\TypeScriptCompile.xaml'.
[0b00:0004][2017-10-17T09:46:45] Processing file /$MSBuild/Microsoft/VisualStudio/v15.0/TypeScript/TypeScriptProjectProperties.xaml
[0b00:0004][2017-10-17T09:46:45] Started: Copying file /$MSBuild/Microsoft/VisualStudio/v15.0/TypeScript/TypeScriptProjectProperties.xaml to C:\Program Files (x86)\Microsoft Visual Studio\2017\Community\MSBuild\Microsoft\VisualStudio\v15.0\TypeScript\TypeScriptProjectProperties.xaml
[0b00:0004][2017-10-17T09:46:45] Completed: Copying file /$MSBuild/Microsoft/VisualStudio/v15.0/TypeScript/TypeScriptProjectProperties.xaml to C:\Program Files (x86)\Microsoft Visual Studio\2017\Community\MSBuild\Microsoft\VisualStudio\v15.0\TypeScript\TypeScriptProjectProperties.xaml
[0b00:0004][2017-10-17T09:46:45] Timestamp updated for file 'C:\Program Files (x86)\Microsoft Visual Studio\2017\Community\MSBuild\Microsoft\VisualStudio\v15.0\TypeScript\TypeScriptProjectProperties.xaml'.
[0b00:0004][2017-10-17T09:46:45] Processing file /$MSBuild/Microsoft/VisualStudio/v15.0/TypeScript/zh-Hans/ProjectItemsSchema.xaml
[0b00:0004][2017-10-17T09:46:45] Started: Copying file /$MSBuild/Microsoft/VisualStudio/v15.0/TypeScript/zh-Hans/ProjectItemsSchema.xaml to C:\Program Files (x86)\Microsoft Visual Studio\2017\Community\MSBuild\Microsoft\VisualStudio\v15.0\TypeScript\zh-Hans\ProjectItemsSchema.xaml
[0b00:0004][2017-10-17T09:46:45] Completed: Copying file /$MSBuild/Microsoft/VisualStudio/v15.0/TypeScript/zh-Hans/ProjectItemsSchema.xaml to C:\Program Files (x86)\Microsoft Visual Studio\2017\Community\MSBuild\Microsoft\VisualStudio\v15.0\TypeScript\zh-Hans\ProjectItemsSchema.xaml
[0b00:0004][2017-10-17T09:46:45] Timestamp updated for file 'C:\Program Files (x86)\Microsoft Visual Studio\2017\Community\MSBuild\Microsoft\VisualStudio\v15.0\TypeScript\zh-Hans\ProjectItemsSchema.xaml'.
[0b00:0004][2017-10-17T09:46:45] Processing file /$MSBuild/Microsoft/VisualStudio/v15.0/TypeScript/zh-Hans/TypeScriptCompile.xaml
[0b00:0004][2017-10-17T09:46:45] Started: Copying file /$MSBuild/Microsoft/VisualStudio/v15.0/TypeScript/zh-Hans/TypeScriptCompile.xaml to C:\Program Files (x86)\Microsoft Visual Studio\2017\Community\MSBuild\Microsoft\VisualStudio\v15.0\TypeScript\zh-Hans\TypeScriptCompile.xaml
[0b00:0004][2017-10-17T09:46:45] Completed: Copying file /$MSBuild/Microsoft/VisualStudio/v15.0/TypeScript/zh-Hans/TypeScriptCompile.xaml to C:\Program Files (x86)\Microsoft Visual Studio\2017\Community\MSBuild\Microsoft\VisualStudio\v15.0\TypeScript\zh-Hans\TypeScriptCompile.xaml
[0b00:0004][2017-10-17T09:46:45] Timestamp updated for file 'C:\Program Files (x86)\Microsoft Visual Studio\2017\Community\MSBuild\Microsoft\VisualStudio\v15.0\TypeScript\zh-Hans\TypeScriptCompile.xaml'.
[0b00:0004][2017-10-17T09:46:45] Processing file /$MSBuild/Microsoft/VisualStudio/v15.0/TypeScript/zh-Hans/TypeScriptProjectProperties.xaml
[0b00:0004][2017-10-17T09:46:45] Started: Copying file /$MSBuild/Microsoft/VisualStudio/v15.0/TypeScript/zh-Hans/TypeScriptProjectProperties.xaml to C:\Program Files (x86)\Microsoft Visual Studio\2017\Community\MSBuild\Microsoft\VisualStudio\v15.0\TypeScript\zh-Hans\TypeScriptProjectProperties.xaml
[0b00:0004][2017-10-17T09:46:45] Completed: Copying file /$MSBuild/Microsoft/VisualStudio/v15.0/TypeScript/zh-Hans/TypeScriptProjectProperties.xaml to C:\Program Files (x86)\Microsoft Visual Studio\2017\Community\MSBuild\Microsoft\VisualStudio\v15.0\TypeScript\zh-Hans\TypeScriptProjectProperties.xaml
[0b00:0004][2017-10-17T09:46:45] Timestamp updated for file 'C:\Program Files (x86)\Microsoft Visual Studio\2017\Community\MSBuild\Microsoft\VisualStudio\v15.0\TypeScript\zh-Hans\TypeScriptProjectProperties.xaml'.
[0b00:0004][2017-10-17T09:46:45] Processing file /$MSBuild/Microsoft/VisualStudio/v15.0/TypeScript/zh-Hant/ProjectItemsSchema.xaml
[0b00:0004][2017-10-17T09:46:45] Started: Copying file /$MSBuild/Microsoft/VisualStudio/v15.0/TypeScript/zh-Hant/ProjectItemsSchema.xaml to C:\Program Files (x86)\Microsoft Visual Studio\2017\Community\MSBuild\Microsoft\VisualStudio\v15.0\TypeScript\zh-Hant\ProjectItemsSchema.xaml
[0b00:0004][2017-10-17T09:46:45] Completed: Copying file /$MSBuild/Microsoft/VisualStudio/v15.0/TypeScript/zh-Hant/ProjectItemsSchema.xaml to C:\Program Files (x86)\Microsoft Visual Studio\2017\Community\MSBuild\Microsoft\VisualStudio\v15.0\TypeScript\zh-Hant\ProjectItemsSchema.xaml
[0b00:0004][2017-10-17T09:46:45] Timestamp updated for file 'C:\Program Files (x86)\Microsoft Visual Studio\2017\Community\MSBuild\Microsoft\VisualStudio\v15.0\TypeScript\zh-Hant\ProjectItemsSchema.xaml'.
[0b00:0004][2017-10-17T09:46:45] Processing file /$MSBuild/Microsoft/VisualStudio/v15.0/TypeScript/zh-Hant/TypeScriptCompile.xaml
[0b00:0004][2017-10-17T09:46:45] Started: Copying file /$MSBuild/Microsoft/VisualStudio/v15.0/TypeScript/zh-Hant/TypeScriptCompile.xaml to C:\Program Files (x86)\Microsoft Visual Studio\2017\Community\MSBuild\Microsoft\VisualStudio\v15.0\TypeScript\zh-Hant\TypeScriptCompile.xaml
[0b00:0004][2017-10-17T09:46:45] Completed: Copying file /$MSBuild/Microsoft/VisualStudio/v15.0/TypeScript/zh-Hant/TypeScriptCompile.xaml to C:\Program Files (x86)\Microsoft Visual Studio\2017\Community\MSBuild\Microsoft\VisualStudio\v15.0\TypeScript\zh-Hant\TypeScriptCompile.xaml
[0b00:0004][2017-10-17T09:46:45] Timestamp updated for file 'C:\Program Files (x86)\Microsoft Visual Studio\2017\Community\MSBuild\Microsoft\VisualStudio\v15.0\TypeScript\zh-Hant\TypeScriptCompile.xaml'.
[0b00:0004][2017-10-17T09:46:45] Processing file /$MSBuild/Microsoft/VisualStudio/v15.0/TypeScript/zh-Hant/TypeScriptProjectProperties.xaml
[0b00:0004][2017-10-17T09:46:45] Started: Copying file /$MSBuild/Microsoft/VisualStudio/v15.0/TypeScript/zh-Hant/TypeScriptProjectProperties.xaml to C:\Program Files (x86)\Microsoft Visual Studio\2017\Community\MSBuild\Microsoft\VisualStudio\v15.0\TypeScript\zh-Hant\TypeScriptProjectProperties.xaml
[0b00:0004][2017-10-17T09:46:45] Completed: Copying file /$MSBuild/Microsoft/VisualStudio/v15.0/TypeScript/zh-Hant/TypeScriptProjectProperties.xaml to C:\Program Files (x86)\Microsoft Visual Studio\2017\Community\MSBuild\Microsoft\VisualStudio\v15.0\TypeScript\zh-Hant\TypeScriptProjectProperties.xaml
[0b00:0004][2017-10-17T09:46:45] Timestamp updated for file 'C:\Program Files (x86)\Microsoft Visual Studio\2017\Community\MSBuild\Microsoft\VisualStudio\v15.0\TypeScript\zh-Hant\TypeScriptProjectProperties.xaml'.
[0b00:0004][2017-10-17T09:46:45] Processing file /catalog.json
[0b00:0004][2017-10-17T09:46:45] Started: Copying file /catalog.json to C:\Program Files (x86)\Microsoft Visual Studio\2017\Community\Common7\IDE\Extensions\a2qcwyw5.vze\catalog.json
[0b00:0004][2017-10-17T09:46:45] Completed: Copying file /catalog.json to C:\Program Files (x86)\Microsoft Visual Studio\2017\Community\Common7\IDE\Extensions\a2qcwyw5.vze\catalog.json
[0b00:0004][2017-10-17T09:46:45] Timestamp updated for file 'C:\Program Files (x86)\Microsoft Visual Studio\2017\Community\Common7\IDE\Extensions\a2qcwyw5.vze\catalog.json'.
[0b00:0004][2017-10-17T09:46:45] Processing file /extension.vsixmanifest
[0b00:0004][2017-10-17T09:46:45] Started: Copying file /extension.vsixmanifest to C:\Program Files (x86)\Microsoft Visual Studio\2017\Community\Common7\IDE\Extensions\a2qcwyw5.vze\extension.vsixmanifest
[0b00:0004][2017-10-17T09:46:45] Completed: Copying file /extension.vsixmanifest to C:\Program Files (x86)\Microsoft Visual Studio\2017\Community\Common7\IDE\Extensions\a2qcwyw5.vze\extension.vsixmanifest
[0b00:0004][2017-10-17T09:46:45] Timestamp updated for file 'C:\Program Files (x86)\Microsoft Visual Studio\2017\Community\Common7\IDE\Extensions\a2qcwyw5.vze\extension.vsixmanifest'.
[0b00:0004][2017-10-17T09:46:45] Processing file /manifest.json
[0b00:0004][2017-10-17T09:46:45] Started: Copying file /manifest.json to C:\Program Files (x86)\Microsoft Visual Studio\2017\Community\Common7\IDE\Extensions\a2qcwyw5.vze\manifest.json
[0b00:0004][2017-10-17T09:46:45] Completed: Copying file /manifest.json to C:\Program Files (x86)\Microsoft Visual Studio\2017\Community\Common7\IDE\Extensions\a2qcwyw5.vze\manifest.json
[0b00:0004][2017-10-17T09:46:45] Timestamp updated for file 'C:\Program Files (x86)\Microsoft Visual Studio\2017\Community\Common7\IDE\Extensions\a2qcwyw5.vze\manifest.json'.
[0b00:0004][2017-10-17T09:46:45] Package executed successfully. Return code: 0
