[0b00:0004][2017-10-17T09:47:36] Opening the package for processing
[0b00:0004][2017-10-17T09:47:36] Using package payload to get the embedded manifest
[0b00:0004][2017-10-17T09:47:36] Getting list of files within the package
[0b00:0004][2017-10-17T09:47:36] Processing file /ActiveDirectory.png
[0b00:0004][2017-10-17T09:47:36] Started: Copying file /ActiveDirectory.png to C:\Program Files (x86)\Microsoft Visual Studio\2017\Community\Common7\IDE\Extensions\xyqsrihp.pwq\ActiveDirectory.png
[0b00:0004][2017-10-17T09:47:36] Completed: Copying file /ActiveDirectory.png to C:\Program Files (x86)\Microsoft Visual Studio\2017\Community\Common7\IDE\Extensions\xyqsrihp.pwq\ActiveDirectory.png
[0b00:0004][2017-10-17T09:47:36] Timestamp updated for file 'C:\Program Files (x86)\Microsoft Visual Studio\2017\Community\Common7\IDE\Extensions\xyqsrihp.pwq\ActiveDirectory.png'.
[0b00:0004][2017-10-17T09:47:36] Processing file /AuthenticationFiles/Mvc/CSharp/Controllers/AccountController.cs
[0b00:0004][2017-10-17T09:47:36] Started: Copying file /AuthenticationFiles/Mvc/CSharp/Controllers/AccountController.cs to C:\Program Files (x86)\Microsoft Visual Studio\2017\Community\Common7\IDE\Extensions\xyqsrihp.pwq\AuthenticationFiles\Mvc\CSharp\Controllers\AccountController.cs
[0b00:0004][2017-10-17T09:47:36] Completed: Copying file /AuthenticationFiles/Mvc/CSharp/Controllers/AccountController.cs to C:\Program Files (x86)\Microsoft Visual Studio\2017\Community\Common7\IDE\Extensions\xyqsrihp.pwq\AuthenticationFiles\Mvc\CSharp\Controllers\AccountController.cs
[0b00:0004][2017-10-17T09:47:36] Timestamp updated for file 'C:\Program Files (x86)\Microsoft Visual Studio\2017\Community\Common7\IDE\Extensions\xyqsrihp.pwq\AuthenticationFiles\Mvc\CSharp\Controllers\AccountController.cs'.
[0b00:0004][2017-10-17T09:47:36] Processing file /AuthenticationFiles/Mvc/CSharp/Startup.cs
[0b00:0004][2017-10-17T09:47:36] Started: Copying file /AuthenticationFiles/Mvc/CSharp/Startup.cs to C:\Program Files (x86)\Microsoft Visual Studio\2017\Community\Common7\IDE\Extensions\xyqsrihp.pwq\AuthenticationFiles\Mvc\CSharp\Startup.cs
[0b00:0004][2017-10-17T09:47:36] Completed: Copying file /AuthenticationFiles/Mvc/CSharp/Startup.cs to C:\Program Files (x86)\Microsoft Visual Studio\2017\Community\Common7\IDE\Extensions\xyqsrihp.pwq\AuthenticationFiles\Mvc\CSharp\Startup.cs
[0b00:0004][2017-10-17T09:47:36] Timestamp updated for file 'C:\Program Files (x86)\Microsoft Visual Studio\2017\Community\Common7\IDE\Extensions\xyqsrihp.pwq\AuthenticationFiles\Mvc\CSharp\Startup.cs'.
[0b00:0004][2017-10-17T09:47:36] Processing file /AuthenticationFiles/Mvc/CSharp/Views/Account/SignOutCallback.cshtml
[0b00:0004][2017-10-17T09:47:36] Started: Copying file /AuthenticationFiles/Mvc/CSharp/Views/Account/SignOutCallback.cshtml to C:\Program Files (x86)\Microsoft Visual Studio\2017\Community\Common7\IDE\Extensions\xyqsrihp.pwq\AuthenticationFiles\Mvc\CSharp\Views\Account\SignOutCallback.cshtml
[0b00:0004][2017-10-17T09:47:36] Completed: Copying file /AuthenticationFiles/Mvc/CSharp/Views/Account/SignOutCallback.cshtml to C:\Program Files (x86)\Microsoft Visual Studio\2017\Community\Common7\IDE\Extensions\xyqsrihp.pwq\AuthenticationFiles\Mvc\CSharp\Views\Account\SignOutCallback.cshtml
[0b00:0004][2017-10-17T09:47:36] Timestamp updated for file 'C:\Program Files (x86)\Microsoft Visual Studio\2017\Community\Common7\IDE\Extensions\xyqsrihp.pwq\AuthenticationFiles\Mvc\CSharp\Views\Account\SignOutCallback.cshtml'.
[0b00:0004][2017-10-17T09:47:36] Processing file /AuthenticationFiles/Mvc/CSharp/Views/Shared/Error.cshtml
[0b00:0004][2017-10-17T09:47:36] Started: Copying file /AuthenticationFiles/Mvc/CSharp/Views/Shared/Error.cshtml to C:\Program Files (x86)\Microsoft Visual Studio\2017\Community\Common7\IDE\Extensions\xyqsrihp.pwq\AuthenticationFiles\Mvc\CSharp\Views\Shared\Error.cshtml
[0b00:0004][2017-10-17T09:47:36] Completed: Copying file /AuthenticationFiles/Mvc/CSharp/Views/Shared/Error.cshtml to C:\Program Files (x86)\Microsoft Visual Studio\2017\Community\Common7\IDE\Extensions\xyqsrihp.pwq\AuthenticationFiles\Mvc\CSharp\Views\Shared\Error.cshtml
[0b00:0004][2017-10-17T09:47:36] Timestamp updated for file 'C:\Program Files (x86)\Microsoft Visual Studio\2017\Community\Common7\IDE\Extensions\xyqsrihp.pwq\AuthenticationFiles\Mvc\CSharp\Views\Shared\Error.cshtml'.
[0b00:0004][2017-10-17T09:47:36] Processing file /AuthenticationFiles/Mvc/VisualBasic/Controllers/AccountController.vb
[0b00:0004][2017-10-17T09:47:36] Started: Copying file /AuthenticationFiles/Mvc/VisualBasic/Controllers/AccountController.vb to C:\Program Files (x86)\Microsoft Visual Studio\2017\Community\Common7\IDE\Extensions\xyqsrihp.pwq\AuthenticationFiles\Mvc\VisualBasic\Controllers\AccountController.vb
[0b00:0004][2017-10-17T09:47:36] Completed: Copying file /AuthenticationFiles/Mvc/VisualBasic/Controllers/AccountController.vb to C:\Program Files (x86)\Microsoft Visual Studio\2017\Community\Common7\IDE\Extensions\xyqsrihp.pwq\AuthenticationFiles\Mvc\VisualBasic\Controllers\AccountController.vb
[0b00:0004][2017-10-17T09:47:36] Timestamp updated for file 'C:\Program Files (x86)\Microsoft Visual Studio\2017\Community\Common7\IDE\Extensions\xyqsrihp.pwq\AuthenticationFiles\Mvc\VisualBasic\Controllers\AccountController.vb'.
[0b00:0004][2017-10-17T09:47:36] Processing file /AuthenticationFiles/Mvc/VisualBasic/Startup.vb
[0b00:0004][2017-10-17T09:47:36] Started: Copying file /AuthenticationFiles/Mvc/VisualBasic/Startup.vb to C:\Program Files (x86)\Microsoft Visual Studio\2017\Community\Common7\IDE\Extensions\xyqsrihp.pwq\AuthenticationFiles\Mvc\VisualBasic\Startup.vb
[0b00:0004][2017-10-17T09:47:36] Completed: Copying file /AuthenticationFiles/Mvc/VisualBasic/Startup.vb to C:\Program Files (x86)\Microsoft Visual Studio\2017\Community\Common7\IDE\Extensions\xyqsrihp.pwq\AuthenticationFiles\Mvc\VisualBasic\Startup.vb
[0b00:0004][2017-10-17T09:47:36] Timestamp updated for file 'C:\Program Files (x86)\Microsoft Visual Studio\2017\Community\Common7\IDE\Extensions\xyqsrihp.pwq\AuthenticationFiles\Mvc\VisualBasic\Startup.vb'.
[0b00:0004][2017-10-17T09:47:36] Processing file /AuthenticationFiles/Mvc/VisualBasic/Views/Account/SignOutCallback.vbhtml
[0b00:0004][2017-10-17T09:47:36] Started: Copying file /AuthenticationFiles/Mvc/VisualBasic/Views/Account/SignOutCallback.vbhtml to C:\Program Files (x86)\Microsoft Visual Studio\2017\Community\Common7\IDE\Extensions\xyqsrihp.pwq\AuthenticationFiles\Mvc\VisualBasic\Views\Account\SignOutCallback.vbhtml
[0b00:0004][2017-10-17T09:47:36] Completed: Copying file /AuthenticationFiles/Mvc/VisualBasic/Views/Account/SignOutCallback.vbhtml to C:\Program Files (x86)\Microsoft Visual Studio\2017\Community\Common7\IDE\Extensions\xyqsrihp.pwq\AuthenticationFiles\Mvc\VisualBasic\Views\Account\SignOutCallback.vbhtml
[0b00:0004][2017-10-17T09:47:36] Timestamp updated for file 'C:\Program Files (x86)\Microsoft Visual Studio\2017\Community\Common7\IDE\Extensions\xyqsrihp.pwq\AuthenticationFiles\Mvc\VisualBasic\Views\Account\SignOutCallback.vbhtml'.
[0b00:0004][2017-10-17T09:47:36] Processing file /AuthenticationFiles/Mvc/VisualBasic/Views/Shared/Error.vbhtml
[0b00:0004][2017-10-17T09:47:36] Started: Copying file /AuthenticationFiles/Mvc/VisualBasic/Views/Shared/Error.vbhtml to C:\Program Files (x86)\Microsoft Visual Studio\2017\Community\Common7\IDE\Extensions\xyqsrihp.pwq\AuthenticationFiles\Mvc\VisualBasic\Views\Shared\Error.vbhtml
[0b00:0004][2017-10-17T09:47:36] Completed: Copying file /AuthenticationFiles/Mvc/VisualBasic/Views/Shared/Error.vbhtml to C:\Program Files (x86)\Microsoft Visual Studio\2017\Community\Common7\IDE\Extensions\xyqsrihp.pwq\AuthenticationFiles\Mvc\VisualBasic\Views\Shared\Error.vbhtml
[0b00:0004][2017-10-17T09:47:36] Timestamp updated for file 'C:\Program Files (x86)\Microsoft Visual Studio\2017\Community\Common7\IDE\Extensions\xyqsrihp.pwq\AuthenticationFiles\Mvc\VisualBasic\Views\Shared\Error.vbhtml'.
[0b00:0004][2017-10-17T09:47:36] Processing file /AuthenticationFiles/Mvc_Basic/CSharp/App_Start/Startup.Auth.cs
[0b00:0004][2017-10-17T09:47:36] Started: Copying file /AuthenticationFiles/Mvc_Basic/CSharp/App_Start/Startup.Auth.cs to C:\Program Files (x86)\Microsoft Visual Studio\2017\Community\Common7\IDE\Extensions\xyqsrihp.pwq\AuthenticationFiles\Mvc_Basic\CSharp\App_Start\Startup.Auth.cs
[0b00:0004][2017-10-17T09:47:36] Completed: Copying file /AuthenticationFiles/Mvc_Basic/CSharp/App_Start/Startup.Auth.cs to C:\Program Files (x86)\Microsoft Visual Studio\2017\Community\Common7\IDE\Extensions\xyqsrihp.pwq\AuthenticationFiles\Mvc_Basic\CSharp\App_Start\Startup.Auth.cs
[0b00:0004][2017-10-17T09:47:36] Timestamp updated for file 'C:\Program Files (x86)\Microsoft Visual Studio\2017\Community\Common7\IDE\Extensions\xyqsrihp.pwq\AuthenticationFiles\Mvc_Basic\CSharp\App_Start\Startup.Auth.cs'.
[0b00:0004][2017-10-17T09:47:36] Processing file /AuthenticationFiles/Mvc_Basic/CSharp/Views/Shared/_LoginPartial.cshtml
[0b00:0004][2017-10-17T09:47:36] Started: Copying file /AuthenticationFiles/Mvc_Basic/CSharp/Views/Shared/_LoginPartial.cshtml to C:\Program Files (x86)\Microsoft Visual Studio\2017\Community\Common7\IDE\Extensions\xyqsrihp.pwq\AuthenticationFiles\Mvc_Basic\CSharp\Views\Shared\_LoginPartial.cshtml
[0b00:0004][2017-10-17T09:47:36] Completed: Copying file /AuthenticationFiles/Mvc_Basic/CSharp/Views/Shared/_LoginPartial.cshtml to C:\Program Files (x86)\Microsoft Visual Studio\2017\Community\Common7\IDE\Extensions\xyqsrihp.pwq\AuthenticationFiles\Mvc_Basic\CSharp\Views\Shared\_LoginPartial.cshtml
[0b00:0004][2017-10-17T09:47:36] Timestamp updated for file 'C:\Program Files (x86)\Microsoft Visual Studio\2017\Community\Common7\IDE\Extensions\xyqsrihp.pwq\AuthenticationFiles\Mvc_Basic\CSharp\Views\Shared\_LoginPartial.cshtml'.
[0b00:0004][2017-10-17T09:47:36] Processing file /AuthenticationFiles/Mvc_Basic/VisualBasic/App_Start/Startup.Auth.vb
[0b00:0004][2017-10-17T09:47:36] Started: Copying file /AuthenticationFiles/Mvc_Basic/VisualBasic/App_Start/Startup.Auth.vb to C:\Program Files (x86)\Microsoft Visual Studio\2017\Community\Common7\IDE\Extensions\xyqsrihp.pwq\AuthenticationFiles\Mvc_Basic\VisualBasic\App_Start\Startup.Auth.vb
[0b00:0004][2017-10-17T09:47:36] Completed: Copying file /AuthenticationFiles/Mvc_Basic/VisualBasic/App_Start/Startup.Auth.vb to C:\Program Files (x86)\Microsoft Visual Studio\2017\Community\Common7\IDE\Extensions\xyqsrihp.pwq\AuthenticationFiles\Mvc_Basic\VisualBasic\App_Start\Startup.Auth.vb
[0b00:0004][2017-10-17T09:47:36] Timestamp updated for file 'C:\Program Files (x86)\Microsoft Visual Studio\2017\Community\Common7\IDE\Extensions\xyqsrihp.pwq\AuthenticationFiles\Mvc_Basic\VisualBasic\App_Start\Startup.Auth.vb'.
[0b00:0004][2017-10-17T09:47:36] Processing file /AuthenticationFiles/Mvc_Basic/VisualBasic/Views/Shared/_LoginPartial.vbhtml
[0b00:0004][2017-10-17T09:47:36] Started: Copying file /AuthenticationFiles/Mvc_Basic/VisualBasic/Views/Shared/_LoginPartial.vbhtml to C:\Program Files (x86)\Microsoft Visual Studio\2017\Community\Common7\IDE\Extensions\xyqsrihp.pwq\AuthenticationFiles\Mvc_Basic\VisualBasic\Views\Shared\_LoginPartial.vbhtml
[0b00:0004][2017-10-17T09:47:36] Completed: Copying file /AuthenticationFiles/Mvc_Basic/VisualBasic/Views/Shared/_LoginPartial.vbhtml to C:\Program Files (x86)\Microsoft Visual Studio\2017\Community\Common7\IDE\Extensions\xyqsrihp.pwq\AuthenticationFiles\Mvc_Basic\VisualBasic\Views\Shared\_LoginPartial.vbhtml
[0b00:0004][2017-10-17T09:47:36] Timestamp updated for file 'C:\Program Files (x86)\Microsoft Visual Studio\2017\Community\Common7\IDE\Extensions\xyqsrihp.pwq\AuthenticationFiles\Mvc_Basic\VisualBasic\Views\Shared\_LoginPartial.vbhtml'.
[0b00:0004][2017-10-17T09:47:36] Processing file /AuthenticationFiles/Mvc_GraphAccess/CSharp/App_Start/Startup.Auth.cs
[0b00:0004][2017-10-17T09:47:36] Started: Copying file /AuthenticationFiles/Mvc_GraphAccess/CSharp/App_Start/Startup.Auth.cs to C:\Program Files (x86)\Microsoft Visual Studio\2017\Community\Common7\IDE\Extensions\xyqsrihp.pwq\AuthenticationFiles\Mvc_GraphAccess\CSharp\App_Start\Startup.Auth.cs
[0b00:0004][2017-10-17T09:47:36] Completed: Copying file /AuthenticationFiles/Mvc_GraphAccess/CSharp/App_Start/Startup.Auth.cs to C:\Program Files (x86)\Microsoft Visual Studio\2017\Community\Common7\IDE\Extensions\xyqsrihp.pwq\AuthenticationFiles\Mvc_GraphAccess\CSharp\App_Start\Startup.Auth.cs
[0b00:0004][2017-10-17T09:47:36] Timestamp updated for file 'C:\Program Files (x86)\Microsoft Visual Studio\2017\Community\Common7\IDE\Extensions\xyqsrihp.pwq\AuthenticationFiles\Mvc_GraphAccess\CSharp\App_Start\Startup.Auth.cs'.
[0b00:0004][2017-10-17T09:47:36] Processing file /AuthenticationFiles/Mvc_GraphAccess/CSharp/Controllers/UserProfileController.cs
[0b00:0004][2017-10-17T09:47:36] Started: Copying file /AuthenticationFiles/Mvc_GraphAccess/CSharp/Controllers/UserProfileController.cs to C:\Program Files (x86)\Microsoft Visual Studio\2017\Community\Common7\IDE\Extensions\xyqsrihp.pwq\AuthenticationFiles\Mvc_GraphAccess\CSharp\Controllers\UserProfileController.cs
[0b00:0004][2017-10-17T09:47:36] Completed: Copying file /AuthenticationFiles/Mvc_GraphAccess/CSharp/Controllers/UserProfileController.cs to C:\Program Files (x86)\Microsoft Visual Studio\2017\Community\Common7\IDE\Extensions\xyqsrihp.pwq\AuthenticationFiles\Mvc_GraphAccess\CSharp\Controllers\UserProfileController.cs
[0b00:0004][2017-10-17T09:47:36] Timestamp updated for file 'C:\Program Files (x86)\Microsoft Visual Studio\2017\Community\Common7\IDE\Extensions\xyqsrihp.pwq\AuthenticationFiles\Mvc_GraphAccess\CSharp\Controllers\UserProfileController.cs'.
[0b00:0004][2017-10-17T09:47:36] Processing file /AuthenticationFiles/Mvc_GraphAccess/CSharp/Models/AdalTokenCache.cs
[0b00:0004][2017-10-17T09:47:36] Started: Copying file /AuthenticationFiles/Mvc_GraphAccess/CSharp/Models/AdalTokenCache.cs to C:\Program Files (x86)\Microsoft Visual Studio\2017\Community\Common7\IDE\Extensions\xyqsrihp.pwq\AuthenticationFiles\Mvc_GraphAccess\CSharp\Models\AdalTokenCache.cs
[0b00:0004][2017-10-17T09:47:36] Completed: Copying file /AuthenticationFiles/Mvc_GraphAccess/CSharp/Models/AdalTokenCache.cs to C:\Program Files (x86)\Microsoft Visual Studio\2017\Community\Common7\IDE\Extensions\xyqsrihp.pwq\AuthenticationFiles\Mvc_GraphAccess\CSharp\Models\AdalTokenCache.cs
[0b00:0004][2017-10-17T09:47:36] Timestamp updated for file 'C:\Program Files (x86)\Microsoft Visual Studio\2017\Community\Common7\IDE\Extensions\xyqsrihp.pwq\AuthenticationFiles\Mvc_GraphAccess\CSharp\Models\AdalTokenCache.cs'.
[0b00:0004][2017-10-17T09:47:36] Processing file /AuthenticationFiles/Mvc_GraphAccess/CSharp/Models/ApplicationDbContext.cs
[0b00:0004][2017-10-17T09:47:36] Started: Copying file /AuthenticationFiles/Mvc_GraphAccess/CSharp/Models/ApplicationDbContext.cs to C:\Program Files (x86)\Microsoft Visual Studio\2017\Community\Common7\IDE\Extensions\xyqsrihp.pwq\AuthenticationFiles\Mvc_GraphAccess\CSharp\Models\ApplicationDbContext.cs
[0b00:0004][2017-10-17T09:47:36] Completed: Copying file /AuthenticationFiles/Mvc_GraphAccess/CSharp/Models/ApplicationDbContext.cs to C:\Program Files (x86)\Microsoft Visual Studio\2017\Community\Common7\IDE\Extensions\xyqsrihp.pwq\AuthenticationFiles\Mvc_GraphAccess\CSharp\Models\ApplicationDbContext.cs
[0b00:0004][2017-10-17T09:47:36] Timestamp updated for file 'C:\Program Files (x86)\Microsoft Visual Studio\2017\Community\Common7\IDE\Extensions\xyqsrihp.pwq\AuthenticationFiles\Mvc_GraphAccess\CSharp\Models\ApplicationDbContext.cs'.
[0b00:0004][2017-10-17T09:47:36] Processing file /AuthenticationFiles/Mvc_GraphAccess/CSharp/Views/Shared/_LoginPartial.cshtml
[0b00:0004][2017-10-17T09:47:36] Started: Copying file /AuthenticationFiles/Mvc_GraphAccess/CSharp/Views/Shared/_LoginPartial.cshtml to C:\Program Files (x86)\Microsoft Visual Studio\2017\Community\Common7\IDE\Extensions\xyqsrihp.pwq\AuthenticationFiles\Mvc_GraphAccess\CSharp\Views\Shared\_LoginPartial.cshtml
[0b00:0004][2017-10-17T09:47:36] Completed: Copying file /AuthenticationFiles/Mvc_GraphAccess/CSharp/Views/Shared/_LoginPartial.cshtml to C:\Program Files (x86)\Microsoft Visual Studio\2017\Community\Common7\IDE\Extensions\xyqsrihp.pwq\AuthenticationFiles\Mvc_GraphAccess\CSharp\Views\Shared\_LoginPartial.cshtml
[0b00:0004][2017-10-17T09:47:36] Timestamp updated for file 'C:\Program Files (x86)\Microsoft Visual Studio\2017\Community\Common7\IDE\Extensions\xyqsrihp.pwq\AuthenticationFiles\Mvc_GraphAccess\CSharp\Views\Shared\_LoginPartial.cshtml'.
[0b00:0004][2017-10-17T09:47:36] Processing file /AuthenticationFiles/Mvc_GraphAccess/CSharp/Views/UserProfile/Index.cshtml
[0b00:0004][2017-10-17T09:47:36] Started: Copying file /AuthenticationFiles/Mvc_GraphAccess/CSharp/Views/UserProfile/Index.cshtml to C:\Program Files (x86)\Microsoft Visual Studio\2017\Community\Common7\IDE\Extensions\xyqsrihp.pwq\AuthenticationFiles\Mvc_GraphAccess\CSharp\Views\UserProfile\Index.cshtml
[0b00:0004][2017-10-17T09:47:36] Completed: Copying file /AuthenticationFiles/Mvc_GraphAccess/CSharp/Views/UserProfile/Index.cshtml to C:\Program Files (x86)\Microsoft Visual Studio\2017\Community\Common7\IDE\Extensions\xyqsrihp.pwq\AuthenticationFiles\Mvc_GraphAccess\CSharp\Views\UserProfile\Index.cshtml
[0b00:0004][2017-10-17T09:47:36] Timestamp updated for file 'C:\Program Files (x86)\Microsoft Visual Studio\2017\Community\Common7\IDE\Extensions\xyqsrihp.pwq\AuthenticationFiles\Mvc_GraphAccess\CSharp\Views\UserProfile\Index.cshtml'.
[0b00:0004][2017-10-17T09:47:36] Processing file /AuthenticationFiles/Mvc_GraphAccess/CSharp/Views/UserProfile/Relogin.cshtml
[0b00:0004][2017-10-17T09:47:36] Started: Copying file /AuthenticationFiles/Mvc_GraphAccess/CSharp/Views/UserProfile/Relogin.cshtml to C:\Program Files (x86)\Microsoft Visual Studio\2017\Community\Common7\IDE\Extensions\xyqsrihp.pwq\AuthenticationFiles\Mvc_GraphAccess\CSharp\Views\UserProfile\Relogin.cshtml
[0b00:0004][2017-10-17T09:47:36] Completed: Copying file /AuthenticationFiles/Mvc_GraphAccess/CSharp/Views/UserProfile/Relogin.cshtml to C:\Program Files (x86)\Microsoft Visual Studio\2017\Community\Common7\IDE\Extensions\xyqsrihp.pwq\AuthenticationFiles\Mvc_GraphAccess\CSharp\Views\UserProfile\Relogin.cshtml
[0b00:0004][2017-10-17T09:47:36] Timestamp updated for file 'C:\Program Files (x86)\Microsoft Visual Studio\2017\Community\Common7\IDE\Extensions\xyqsrihp.pwq\AuthenticationFiles\Mvc_GraphAccess\CSharp\Views\UserProfile\Relogin.cshtml'.
[0b00:0004][2017-10-17T09:47:36] Processing file /AuthenticationFiles/Mvc_GraphAccess/VisualBasic/App_Start/Startup.Auth.vb
[0b00:0004][2017-10-17T09:47:36] Started: Copying file /AuthenticationFiles/Mvc_GraphAccess/VisualBasic/App_Start/Startup.Auth.vb to C:\Program Files (x86)\Microsoft Visual Studio\2017\Community\Common7\IDE\Extensions\xyqsrihp.pwq\AuthenticationFiles\Mvc_GraphAccess\VisualBasic\App_Start\Startup.Auth.vb
[0b00:0004][2017-10-17T09:47:36] Completed: Copying file /AuthenticationFiles/Mvc_GraphAccess/VisualBasic/App_Start/Startup.Auth.vb to C:\Program Files (x86)\Microsoft Visual Studio\2017\Community\Common7\IDE\Extensions\xyqsrihp.pwq\AuthenticationFiles\Mvc_GraphAccess\VisualBasic\App_Start\Startup.Auth.vb
[0b00:0004][2017-10-17T09:47:36] Timestamp updated for file 'C:\Program Files (x86)\Microsoft Visual Studio\2017\Community\Common7\IDE\Extensions\xyqsrihp.pwq\AuthenticationFiles\Mvc_GraphAccess\VisualBasic\App_Start\Startup.Auth.vb'.
[0b00:0004][2017-10-17T09:47:36] Processing file /AuthenticationFiles/Mvc_GraphAccess/VisualBasic/Controllers/UserProfileController.vb
[0b00:0004][2017-10-17T09:47:36] Started: Copying file /AuthenticationFiles/Mvc_GraphAccess/VisualBasic/Controllers/UserProfileController.vb to C:\Program Files (x86)\Microsoft Visual Studio\2017\Community\Common7\IDE\Extensions\xyqsrihp.pwq\AuthenticationFiles\Mvc_GraphAccess\VisualBasic\Controllers\UserProfileController.vb
[0b00:0004][2017-10-17T09:47:36] Completed: Copying file /AuthenticationFiles/Mvc_GraphAccess/VisualBasic/Controllers/UserProfileController.vb to C:\Program Files (x86)\Microsoft Visual Studio\2017\Community\Common7\IDE\Extensions\xyqsrihp.pwq\AuthenticationFiles\Mvc_GraphAccess\VisualBasic\Controllers\UserProfileController.vb
[0b00:0004][2017-10-17T09:47:36] Timestamp updated for file 'C:\Program Files (x86)\Microsoft Visual Studio\2017\Community\Common7\IDE\Extensions\xyqsrihp.pwq\AuthenticationFiles\Mvc_GraphAccess\VisualBasic\Controllers\UserProfileController.vb'.
[0b00:0004][2017-10-17T09:47:36] Processing file /AuthenticationFiles/Mvc_GraphAccess/VisualBasic/Models/AdalTokenCache.vb
[0b00:0004][2017-10-17T09:47:36] Started: Copying file /AuthenticationFiles/Mvc_GraphAccess/VisualBasic/Models/AdalTokenCache.vb to C:\Program Files (x86)\Microsoft Visual Studio\2017\Community\Common7\IDE\Extensions\xyqsrihp.pwq\AuthenticationFiles\Mvc_GraphAccess\VisualBasic\Models\AdalTokenCache.vb
[0b00:0004][2017-10-17T09:47:36] Completed: Copying file /AuthenticationFiles/Mvc_GraphAccess/VisualBasic/Models/AdalTokenCache.vb to C:\Program Files (x86)\Microsoft Visual Studio\2017\Community\Common7\IDE\Extensions\xyqsrihp.pwq\AuthenticationFiles\Mvc_GraphAccess\VisualBasic\Models\AdalTokenCache.vb
[0b00:0004][2017-10-17T09:47:36] Timestamp updated for file 'C:\Program Files (x86)\Microsoft Visual Studio\2017\Community\Common7\IDE\Extensions\xyqsrihp.pwq\AuthenticationFiles\Mvc_GraphAccess\VisualBasic\Models\AdalTokenCache.vb'.
[0b00:0004][2017-10-17T09:47:36] Processing file /AuthenticationFiles/Mvc_GraphAccess/VisualBasic/Models/ApplicationDbContext.vb
[0b00:0004][2017-10-17T09:47:36] Started: Copying file /AuthenticationFiles/Mvc_GraphAccess/VisualBasic/Models/ApplicationDbContext.vb to C:\Program Files (x86)\Microsoft Visual Studio\2017\Community\Common7\IDE\Extensions\xyqsrihp.pwq\AuthenticationFiles\Mvc_GraphAccess\VisualBasic\Models\ApplicationDbContext.vb
[0b00:0004][2017-10-17T09:47:36] Completed: Copying file /AuthenticationFiles/Mvc_GraphAccess/VisualBasic/Models/ApplicationDbContext.vb to C:\Program Files (x86)\Microsoft Visual Studio\2017\Community\Common7\IDE\Extensions\xyqsrihp.pwq\AuthenticationFiles\Mvc_GraphAccess\VisualBasic\Models\ApplicationDbContext.vb
[0b00:0004][2017-10-17T09:47:36] Timestamp updated for file 'C:\Program Files (x86)\Microsoft Visual Studio\2017\Community\Common7\IDE\Extensions\xyqsrihp.pwq\AuthenticationFiles\Mvc_GraphAccess\VisualBasic\Models\ApplicationDbContext.vb'.
[0b00:0004][2017-10-17T09:47:36] Processing file /AuthenticationFiles/Mvc_GraphAccess/VisualBasic/Views/Shared/_LoginPartial.vbhtml
[0b00:0004][2017-10-17T09:47:36] Started: Copying file /AuthenticationFiles/Mvc_GraphAccess/VisualBasic/Views/Shared/_LoginPartial.vbhtml to C:\Program Files (x86)\Microsoft Visual Studio\2017\Community\Common7\IDE\Extensions\xyqsrihp.pwq\AuthenticationFiles\Mvc_GraphAccess\VisualBasic\Views\Shared\_LoginPartial.vbhtml
[0b00:0004][2017-10-17T09:47:36] Completed: Copying file /AuthenticationFiles/Mvc_GraphAccess/VisualBasic/Views/Shared/_LoginPartial.vbhtml to C:\Program Files (x86)\Microsoft Visual Studio\2017\Community\Common7\IDE\Extensions\xyqsrihp.pwq\AuthenticationFiles\Mvc_GraphAccess\VisualBasic\Views\Shared\_LoginPartial.vbhtml
[0b00:0004][2017-10-17T09:47:36] Timestamp updated for file 'C:\Program Files (x86)\Microsoft Visual Studio\2017\Community\Common7\IDE\Extensions\xyqsrihp.pwq\AuthenticationFiles\Mvc_GraphAccess\VisualBasic\Views\Shared\_LoginPartial.vbhtml'.
[0b00:0004][2017-10-17T09:47:36] Processing file /AuthenticationFiles/Mvc_GraphAccess/VisualBasic/Views/UserProfile/Index.vbhtml
[0b00:0004][2017-10-17T09:47:36] Started: Copying file /AuthenticationFiles/Mvc_GraphAccess/VisualBasic/Views/UserProfile/Index.vbhtml to C:\Program Files (x86)\Microsoft Visual Studio\2017\Community\Common7\IDE\Extensions\xyqsrihp.pwq\AuthenticationFiles\Mvc_GraphAccess\VisualBasic\Views\UserProfile\Index.vbhtml
[0b00:0004][2017-10-17T09:47:36] Completed: Copying file /AuthenticationFiles/Mvc_GraphAccess/VisualBasic/Views/UserProfile/Index.vbhtml to C:\Program Files (x86)\Microsoft Visual Studio\2017\Community\Common7\IDE\Extensions\xyqsrihp.pwq\AuthenticationFiles\Mvc_GraphAccess\VisualBasic\Views\UserProfile\Index.vbhtml
[0b00:0004][2017-10-17T09:47:36] Timestamp updated for file 'C:\Program Files (x86)\Microsoft Visual Studio\2017\Community\Common7\IDE\Extensions\xyqsrihp.pwq\AuthenticationFiles\Mvc_GraphAccess\VisualBasic\Views\UserProfile\Index.vbhtml'.
[0b00:0004][2017-10-17T09:47:36] Processing file /AuthenticationFiles/Mvc_GraphAccess/VisualBasic/Views/UserProfile/Relogin.vbhtml
[0b00:0004][2017-10-17T09:47:36] Started: Copying file /AuthenticationFiles/Mvc_GraphAccess/VisualBasic/Views/UserProfile/Relogin.vbhtml to C:\Program Files (x86)\Microsoft Visual Studio\2017\Community\Common7\IDE\Extensions\xyqsrihp.pwq\AuthenticationFiles\Mvc_GraphAccess\VisualBasic\Views\UserProfile\Relogin.vbhtml
[0b00:0004][2017-10-17T09:47:36] Completed: Copying file /AuthenticationFiles/Mvc_GraphAccess/VisualBasic/Views/UserProfile/Relogin.vbhtml to C:\Program Files (x86)\Microsoft Visual Studio\2017\Community\Common7\IDE\Extensions\xyqsrihp.pwq\AuthenticationFiles\Mvc_GraphAccess\VisualBasic\Views\UserProfile\Relogin.vbhtml
[0b00:0004][2017-10-17T09:47:36] Timestamp updated for file 'C:\Program Files (x86)\Microsoft Visual Studio\2017\Community\Common7\IDE\Extensions\xyqsrihp.pwq\AuthenticationFiles\Mvc_GraphAccess\VisualBasic\Views\UserProfile\Relogin.vbhtml'.
[0b00:0004][2017-10-17T09:47:36] Processing file /AuthenticationFiles/WebApi/CSharp/App_Start/Startup.Auth.cs
[0b00:0004][2017-10-17T09:47:36] Started: Copying file /AuthenticationFiles/WebApi/CSharp/App_Start/Startup.Auth.cs to C:\Program Files (x86)\Microsoft Visual Studio\2017\Community\Common7\IDE\Extensions\xyqsrihp.pwq\AuthenticationFiles\WebApi\CSharp\App_Start\Startup.Auth.cs
[0b00:0004][2017-10-17T09:47:36] Completed: Copying file /AuthenticationFiles/WebApi/CSharp/App_Start/Startup.Auth.cs to C:\Program Files (x86)\Microsoft Visual Studio\2017\Community\Common7\IDE\Extensions\xyqsrihp.pwq\AuthenticationFiles\WebApi\CSharp\App_Start\Startup.Auth.cs
[0b00:0004][2017-10-17T09:47:36] Timestamp updated for file 'C:\Program Files (x86)\Microsoft Visual Studio\2017\Community\Common7\IDE\Extensions\xyqsrihp.pwq\AuthenticationFiles\WebApi\CSharp\App_Start\Startup.Auth.cs'.
[0b00:0004][2017-10-17T09:47:36] Processing file /AuthenticationFiles/WebApi/CSharp/Startup.cs
[0b00:0004][2017-10-17T09:47:36] Started: Copying file /AuthenticationFiles/WebApi/CSharp/Startup.cs to C:\Program Files (x86)\Microsoft Visual Studio\2017\Community\Common7\IDE\Extensions\xyqsrihp.pwq\AuthenticationFiles\WebApi\CSharp\Startup.cs
[0b00:0004][2017-10-17T09:47:36] Completed: Copying file /AuthenticationFiles/WebApi/CSharp/Startup.cs to C:\Program Files (x86)\Microsoft Visual Studio\2017\Community\Common7\IDE\Extensions\xyqsrihp.pwq\AuthenticationFiles\WebApi\CSharp\Startup.cs
[0b00:0004][2017-10-17T09:47:36] Timestamp updated for file 'C:\Program Files (x86)\Microsoft Visual Studio\2017\Community\Common7\IDE\Extensions\xyqsrihp.pwq\AuthenticationFiles\WebApi\CSharp\Startup.cs'.
[0b00:0004][2017-10-17T09:47:36] Processing file /AuthenticationFiles/WebApi/VisualBasic/App_Start/Startup.Auth.vb
[0b00:0004][2017-10-17T09:47:36] Started: Copying file /AuthenticationFiles/WebApi/VisualBasic/App_Start/Startup.Auth.vb to C:\Program Files (x86)\Microsoft Visual Studio\2017\Community\Common7\IDE\Extensions\xyqsrihp.pwq\AuthenticationFiles\WebApi\VisualBasic\App_Start\Startup.Auth.vb
[0b00:0004][2017-10-17T09:47:36] Completed: Copying file /AuthenticationFiles/WebApi/VisualBasic/App_Start/Startup.Auth.vb to C:\Program Files (x86)\Microsoft Visual Studio\2017\Community\Common7\IDE\Extensions\xyqsrihp.pwq\AuthenticationFiles\WebApi\VisualBasic\App_Start\Startup.Auth.vb
[0b00:0004][2017-10-17T09:47:36] Timestamp updated for file 'C:\Program Files (x86)\Microsoft Visual Studio\2017\Community\Common7\IDE\Extensions\xyqsrihp.pwq\AuthenticationFiles\WebApi\VisualBasic\App_Start\Startup.Auth.vb'.
[0b00:0004][2017-10-17T09:47:36] Processing file /AuthenticationFiles/WebApi/VisualBasic/Startup.vb
[0b00:0004][2017-10-17T09:47:36] Started: Copying file /AuthenticationFiles/WebApi/VisualBasic/Startup.vb to C:\Program Files (x86)\Microsoft Visual Studio\2017\Community\Common7\IDE\Extensions\xyqsrihp.pwq\AuthenticationFiles\WebApi\VisualBasic\Startup.vb
[0b00:0004][2017-10-17T09:47:36] Completed: Copying file /AuthenticationFiles/WebApi/VisualBasic/Startup.vb to C:\Program Files (x86)\Microsoft Visual Studio\2017\Community\Common7\IDE\Extensions\xyqsrihp.pwq\AuthenticationFiles\WebApi\VisualBasic\Startup.vb
[0b00:0004][2017-10-17T09:47:36] Timestamp updated for file 'C:\Program Files (x86)\Microsoft Visual Studio\2017\Community\Common7\IDE\Extensions\xyqsrihp.pwq\AuthenticationFiles\WebApi\VisualBasic\Startup.vb'.
[0b00:0004][2017-10-17T09:47:36] Processing file /catalog.json
[0b00:0004][2017-10-17T09:47:36] Started: Copying file /catalog.json to C:\Program Files (x86)\Microsoft Visual Studio\2017\Community\Common7\IDE\Extensions\xyqsrihp.pwq\catalog.json
[0b00:0004][2017-10-17T09:47:36] Completed: Copying file /catalog.json to C:\Program Files (x86)\Microsoft Visual Studio\2017\Community\Common7\IDE\Extensions\xyqsrihp.pwq\catalog.json
[0b00:0004][2017-10-17T09:47:36] Timestamp updated for file 'C:\Program Files (x86)\Microsoft Visual Studio\2017\Community\Common7\IDE\Extensions\xyqsrihp.pwq\catalog.json'.
[0b00:0004][2017-10-17T09:47:36] Processing file /cs/extension.vsixlangpack
[0b00:0004][2017-10-17T09:47:36] Started: Copying file /cs/extension.vsixlangpack to C:\Program Files (x86)\Microsoft Visual Studio\2017\Community\Common7\IDE\Extensions\xyqsrihp.pwq\cs\extension.vsixlangpack
[0b00:0004][2017-10-17T09:47:36] Completed: Copying file /cs/extension.vsixlangpack to C:\Program Files (x86)\Microsoft Visual Studio\2017\Community\Common7\IDE\Extensions\xyqsrihp.pwq\cs\extension.vsixlangpack
[0b00:0004][2017-10-17T09:47:36] Timestamp updated for file 'C:\Program Files (x86)\Microsoft Visual Studio\2017\Community\Common7\IDE\Extensions\xyqsrihp.pwq\cs\extension.vsixlangpack'.
[0b00:0004][2017-10-17T09:47:36] Processing file /cs/Microsoft.VisualStudio.Authentication.ConnectedServices.resources.dll
[0b00:0004][2017-10-17T09:47:36] Started: Copying file /cs/Microsoft.VisualStudio.Authentication.ConnectedServices.resources.dll to C:\Program Files (x86)\Microsoft Visual Studio\2017\Community\Common7\IDE\Extensions\xyqsrihp.pwq\cs\Microsoft.VisualStudio.Authentication.ConnectedServices.resources.dll
[0b00:0004][2017-10-17T09:47:36] Completed: Copying file /cs/Microsoft.VisualStudio.Authentication.ConnectedServices.resources.dll to C:\Program Files (x86)\Microsoft Visual Studio\2017\Community\Common7\IDE\Extensions\xyqsrihp.pwq\cs\Microsoft.VisualStudio.Authentication.ConnectedServices.resources.dll
[0b00:0004][2017-10-17T09:47:36] Timestamp updated for file 'C:\Program Files (x86)\Microsoft Visual Studio\2017\Community\Common7\IDE\Extensions\xyqsrihp.pwq\cs\Microsoft.VisualStudio.Authentication.ConnectedServices.resources.dll'.
[0b00:0004][2017-10-17T09:47:36] Processing file /cs/Microsoft.VisualStudio.ConnectedServices.Azure.Authentication.Common.resources.dll
[0b00:0004][2017-10-17T09:47:36] Started: Copying file /cs/Microsoft.VisualStudio.ConnectedServices.Azure.Authentication.Common.resources.dll to C:\Program Files (x86)\Microsoft Visual Studio\2017\Community\Common7\IDE\Extensions\xyqsrihp.pwq\cs\Microsoft.VisualStudio.ConnectedServices.Azure.Authentication.Common.resources.dll
[0b00:0004][2017-10-17T09:47:36] Completed: Copying file /cs/Microsoft.VisualStudio.ConnectedServices.Azure.Authentication.Common.resources.dll to C:\Program Files (x86)\Microsoft Visual Studio\2017\Community\Common7\IDE\Extensions\xyqsrihp.pwq\cs\Microsoft.VisualStudio.ConnectedServices.Azure.Authentication.Common.resources.dll
[0b00:0004][2017-10-17T09:47:36] Timestamp updated for file 'C:\Program Files (x86)\Microsoft Visual Studio\2017\Community\Common7\IDE\Extensions\xyqsrihp.pwq\cs\Microsoft.VisualStudio.ConnectedServices.Azure.Authentication.Common.resources.dll'.
[0b00:0004][2017-10-17T09:47:36] Processing file /de/extension.vsixlangpack
[0b00:0004][2017-10-17T09:47:36] Started: Copying file /de/extension.vsixlangpack to C:\Program Files (x86)\Microsoft Visual Studio\2017\Community\Common7\IDE\Extensions\xyqsrihp.pwq\de\extension.vsixlangpack
[0b00:0004][2017-10-17T09:47:36] Completed: Copying file /de/extension.vsixlangpack to C:\Program Files (x86)\Microsoft Visual Studio\2017\Community\Common7\IDE\Extensions\xyqsrihp.pwq\de\extension.vsixlangpack
[0b00:0004][2017-10-17T09:47:36] Timestamp updated for file 'C:\Program Files (x86)\Microsoft Visual Studio\2017\Community\Common7\IDE\Extensions\xyqsrihp.pwq\de\extension.vsixlangpack'.
[0b00:0004][2017-10-17T09:47:36] Processing file /de/Microsoft.VisualStudio.Authentication.ConnectedServices.resources.dll
[0b00:0004][2017-10-17T09:47:36] Started: Copying file /de/Microsoft.VisualStudio.Authentication.ConnectedServices.resources.dll to C:\Program Files (x86)\Microsoft Visual Studio\2017\Community\Common7\IDE\Extensions\xyqsrihp.pwq\de\Microsoft.VisualStudio.Authentication.ConnectedServices.resources.dll
[0b00:0004][2017-10-17T09:47:36] Completed: Copying file /de/Microsoft.VisualStudio.Authentication.ConnectedServices.resources.dll to C:\Program Files (x86)\Microsoft Visual Studio\2017\Community\Common7\IDE\Extensions\xyqsrihp.pwq\de\Microsoft.VisualStudio.Authentication.ConnectedServices.resources.dll
[0b00:0004][2017-10-17T09:47:36] Timestamp updated for file 'C:\Program Files (x86)\Microsoft Visual Studio\2017\Community\Common7\IDE\Extensions\xyqsrihp.pwq\de\Microsoft.VisualStudio.Authentication.ConnectedServices.resources.dll'.
[0b00:0004][2017-10-17T09:47:36] Processing file /de/Microsoft.VisualStudio.ConnectedServices.Azure.Authentication.Common.resources.dll
[0b00:0004][2017-10-17T09:47:36] Started: Copying file /de/Microsoft.VisualStudio.ConnectedServices.Azure.Authentication.Common.resources.dll to C:\Program Files (x86)\Microsoft Visual Studio\2017\Community\Common7\IDE\Extensions\xyqsrihp.pwq\de\Microsoft.VisualStudio.ConnectedServices.Azure.Authentication.Common.resources.dll
[0b00:0004][2017-10-17T09:47:36] Completed: Copying file /de/Microsoft.VisualStudio.ConnectedServices.Azure.Authentication.Common.resources.dll to C:\Program Files (x86)\Microsoft Visual Studio\2017\Community\Common7\IDE\Extensions\xyqsrihp.pwq\de\Microsoft.VisualStudio.ConnectedServices.Azure.Authentication.Common.resources.dll
[0b00:0004][2017-10-17T09:47:36] Timestamp updated for file 'C:\Program Files (x86)\Microsoft Visual Studio\2017\Community\Common7\IDE\Extensions\xyqsrihp.pwq\de\Microsoft.VisualStudio.ConnectedServices.Azure.Authentication.Common.resources.dll'.
[0b00:0004][2017-10-17T09:47:36] Processing file /es/extension.vsixlangpack
[0b00:0004][2017-10-17T09:47:36] Started: Copying file /es/extension.vsixlangpack to C:\Program Files (x86)\Microsoft Visual Studio\2017\Community\Common7\IDE\Extensions\xyqsrihp.pwq\es\extension.vsixlangpack
[0b00:0004][2017-10-17T09:47:36] Completed: Copying file /es/extension.vsixlangpack to C:\Program Files (x86)\Microsoft Visual Studio\2017\Community\Common7\IDE\Extensions\xyqsrihp.pwq\es\extension.vsixlangpack
[0b00:0004][2017-10-17T09:47:36] Timestamp updated for file 'C:\Program Files (x86)\Microsoft Visual Studio\2017\Community\Common7\IDE\Extensions\xyqsrihp.pwq\es\extension.vsixlangpack'.
[0b00:0004][2017-10-17T09:47:36] Processing file /es/Microsoft.VisualStudio.Authentication.ConnectedServices.resources.dll
[0b00:0004][2017-10-17T09:47:36] Started: Copying file /es/Microsoft.VisualStudio.Authentication.ConnectedServices.resources.dll to C:\Program Files (x86)\Microsoft Visual Studio\2017\Community\Common7\IDE\Extensions\xyqsrihp.pwq\es\Microsoft.VisualStudio.Authentication.ConnectedServices.resources.dll
[0b00:0004][2017-10-17T09:47:36] Completed: Copying file /es/Microsoft.VisualStudio.Authentication.ConnectedServices.resources.dll to C:\Program Files (x86)\Microsoft Visual Studio\2017\Community\Common7\IDE\Extensions\xyqsrihp.pwq\es\Microsoft.VisualStudio.Authentication.ConnectedServices.resources.dll
[0b00:0004][2017-10-17T09:47:36] Timestamp updated for file 'C:\Program Files (x86)\Microsoft Visual Studio\2017\Community\Common7\IDE\Extensions\xyqsrihp.pwq\es\Microsoft.VisualStudio.Authentication.ConnectedServices.resources.dll'.
[0b00:0004][2017-10-17T09:47:36] Processing file /es/Microsoft.VisualStudio.ConnectedServices.Azure.Authentication.Common.resources.dll
[0b00:0004][2017-10-17T09:47:36] Started: Copying file /es/Microsoft.VisualStudio.ConnectedServices.Azure.Authentication.Common.resources.dll to C:\Program Files (x86)\Microsoft Visual Studio\2017\Community\Common7\IDE\Extensions\xyqsrihp.pwq\es\Microsoft.VisualStudio.ConnectedServices.Azure.Authentication.Common.resources.dll
[0b00:0004][2017-10-17T09:47:36] Completed: Copying file /es/Microsoft.VisualStudio.ConnectedServices.Azure.Authentication.Common.resources.dll to C:\Program Files (x86)\Microsoft Visual Studio\2017\Community\Common7\IDE\Extensions\xyqsrihp.pwq\es\Microsoft.VisualStudio.ConnectedServices.Azure.Authentication.Common.resources.dll
[0b00:0004][2017-10-17T09:47:36] Timestamp updated for file 'C:\Program Files (x86)\Microsoft Visual Studio\2017\Community\Common7\IDE\Extensions\xyqsrihp.pwq\es\Microsoft.VisualStudio.ConnectedServices.Azure.Authentication.Common.resources.dll'.
[0b00:0004][2017-10-17T09:47:36] Processing file /extension.vsixmanifest
[0b00:0004][2017-10-17T09:47:36] Started: Copying file /extension.vsixmanifest to C:\Program Files (x86)\Microsoft Visual Studio\2017\Community\Common7\IDE\Extensions\xyqsrihp.pwq\extension.vsixmanifest
[0b00:0004][2017-10-17T09:47:36] Completed: Copying file /extension.vsixmanifest to C:\Program Files (x86)\Microsoft Visual Studio\2017\Community\Common7\IDE\Extensions\xyqsrihp.pwq\extension.vsixmanifest
[0b00:0004][2017-10-17T09:47:36] Timestamp updated for file 'C:\Program Files (x86)\Microsoft Visual Studio\2017\Community\Common7\IDE\Extensions\xyqsrihp.pwq\extension.vsixmanifest'.
[0b00:0004][2017-10-17T09:47:36] Processing file /fr/extension.vsixlangpack
[0b00:0004][2017-10-17T09:47:36] Started: Copying file /fr/extension.vsixlangpack to C:\Program Files (x86)\Microsoft Visual Studio\2017\Community\Common7\IDE\Extensions\xyqsrihp.pwq\fr\extension.vsixlangpack
[0b00:0004][2017-10-17T09:47:36] Completed: Copying file /fr/extension.vsixlangpack to C:\Program Files (x86)\Microsoft Visual Studio\2017\Community\Common7\IDE\Extensions\xyqsrihp.pwq\fr\extension.vsixlangpack
[0b00:0004][2017-10-17T09:47:36] Timestamp updated for file 'C:\Program Files (x86)\Microsoft Visual Studio\2017\Community\Common7\IDE\Extensions\xyqsrihp.pwq\fr\extension.vsixlangpack'.
[0b00:0004][2017-10-17T09:47:36] Processing file /fr/Microsoft.VisualStudio.Authentication.ConnectedServices.resources.dll
[0b00:0004][2017-10-17T09:47:36] Started: Copying file /fr/Microsoft.VisualStudio.Authentication.ConnectedServices.resources.dll to C:\Program Files (x86)\Microsoft Visual Studio\2017\Community\Common7\IDE\Extensions\xyqsrihp.pwq\fr\Microsoft.VisualStudio.Authentication.ConnectedServices.resources.dll
[0b00:0004][2017-10-17T09:47:36] Completed: Copying file /fr/Microsoft.VisualStudio.Authentication.ConnectedServices.resources.dll to C:\Program Files (x86)\Microsoft Visual Studio\2017\Community\Common7\IDE\Extensions\xyqsrihp.pwq\fr\Microsoft.VisualStudio.Authentication.ConnectedServices.resources.dll
[0b00:0004][2017-10-17T09:47:36] Timestamp updated for file 'C:\Program Files (x86)\Microsoft Visual Studio\2017\Community\Common7\IDE\Extensions\xyqsrihp.pwq\fr\Microsoft.VisualStudio.Authentication.ConnectedServices.resources.dll'.
[0b00:0004][2017-10-17T09:47:36] Processing file /fr/Microsoft.VisualStudio.ConnectedServices.Azure.Authentication.Common.resources.dll
[0b00:0004][2017-10-17T09:47:36] Started: Copying file /fr/Microsoft.VisualStudio.ConnectedServices.Azure.Authentication.Common.resources.dll to C:\Program Files (x86)\Microsoft Visual Studio\2017\Community\Common7\IDE\Extensions\xyqsrihp.pwq\fr\Microsoft.VisualStudio.ConnectedServices.Azure.Authentication.Common.resources.dll
[0b00:0004][2017-10-17T09:47:36] Completed: Copying file /fr/Microsoft.VisualStudio.ConnectedServices.Azure.Authentication.Common.resources.dll to C:\Program Files (x86)\Microsoft Visual Studio\2017\Community\Common7\IDE\Extensions\xyqsrihp.pwq\fr\Microsoft.VisualStudio.ConnectedServices.Azure.Authentication.Common.resources.dll
[0b00:0004][2017-10-17T09:47:36] Timestamp updated for file 'C:\Program Files (x86)\Microsoft Visual Studio\2017\Community\Common7\IDE\Extensions\xyqsrihp.pwq\fr\Microsoft.VisualStudio.ConnectedServices.Azure.Authentication.Common.resources.dll'.
[0b00:0004][2017-10-17T09:47:36] Processing file /it/extension.vsixlangpack
[0b00:0004][2017-10-17T09:47:36] Started: Copying file /it/extension.vsixlangpack to C:\Program Files (x86)\Microsoft Visual Studio\2017\Community\Common7\IDE\Extensions\xyqsrihp.pwq\it\extension.vsixlangpack
[0b00:0004][2017-10-17T09:47:36] Completed: Copying file /it/extension.vsixlangpack to C:\Program Files (x86)\Microsoft Visual Studio\2017\Community\Common7\IDE\Extensions\xyqsrihp.pwq\it\extension.vsixlangpack
[0b00:0004][2017-10-17T09:47:36] Timestamp updated for file 'C:\Program Files (x86)\Microsoft Visual Studio\2017\Community\Common7\IDE\Extensions\xyqsrihp.pwq\it\extension.vsixlangpack'.
[0b00:0004][2017-10-17T09:47:36] Processing file /it/Microsoft.VisualStudio.Authentication.ConnectedServices.resources.dll
[0b00:0004][2017-10-17T09:47:36] Started: Copying file /it/Microsoft.VisualStudio.Authentication.ConnectedServices.resources.dll to C:\Program Files (x86)\Microsoft Visual Studio\2017\Community\Common7\IDE\Extensions\xyqsrihp.pwq\it\Microsoft.VisualStudio.Authentication.ConnectedServices.resources.dll
[0b00:0004][2017-10-17T09:47:36] Completed: Copying file /it/Microsoft.VisualStudio.Authentication.ConnectedServices.resources.dll to C:\Program Files (x86)\Microsoft Visual Studio\2017\Community\Common7\IDE\Extensions\xyqsrihp.pwq\it\Microsoft.VisualStudio.Authentication.ConnectedServices.resources.dll
[0b00:0004][2017-10-17T09:47:36] Timestamp updated for file 'C:\Program Files (x86)\Microsoft Visual Studio\2017\Community\Common7\IDE\Extensions\xyqsrihp.pwq\it\Microsoft.VisualStudio.Authentication.ConnectedServices.resources.dll'.
[0b00:0004][2017-10-17T09:47:36] Processing file /it/Microsoft.VisualStudio.ConnectedServices.Azure.Authentication.Common.resources.dll
[0b00:0004][2017-10-17T09:47:36] Started: Copying file /it/Microsoft.VisualStudio.ConnectedServices.Azure.Authentication.Common.resources.dll to C:\Program Files (x86)\Microsoft Visual Studio\2017\Community\Common7\IDE\Extensions\xyqsrihp.pwq\it\Microsoft.VisualStudio.ConnectedServices.Azure.Authentication.Common.resources.dll
[0b00:0004][2017-10-17T09:47:36] Completed: Copying file /it/Microsoft.VisualStudio.ConnectedServices.Azure.Authentication.Common.resources.dll to C:\Program Files (x86)\Microsoft Visual Studio\2017\Community\Common7\IDE\Extensions\xyqsrihp.pwq\it\Microsoft.VisualStudio.ConnectedServices.Azure.Authentication.Common.resources.dll
[0b00:0004][2017-10-17T09:47:36] Timestamp updated for file 'C:\Program Files (x86)\Microsoft Visual Studio\2017\Community\Common7\IDE\Extensions\xyqsrihp.pwq\it\Microsoft.VisualStudio.ConnectedServices.Azure.Authentication.Common.resources.dll'.
[0b00:0004][2017-10-17T09:47:36] Processing file /ja/extension.vsixlangpack
[0b00:0004][2017-10-17T09:47:36] Started: Copying file /ja/extension.vsixlangpack to C:\Program Files (x86)\Microsoft Visual Studio\2017\Community\Common7\IDE\Extensions\xyqsrihp.pwq\ja\extension.vsixlangpack
[0b00:0004][2017-10-17T09:47:36] Completed: Copying file /ja/extension.vsixlangpack to C:\Program Files (x86)\Microsoft Visual Studio\2017\Community\Common7\IDE\Extensions\xyqsrihp.pwq\ja\extension.vsixlangpack
[0b00:0004][2017-10-17T09:47:36] Timestamp updated for file 'C:\Program Files (x86)\Microsoft Visual Studio\2017\Community\Common7\IDE\Extensions\xyqsrihp.pwq\ja\extension.vsixlangpack'.
[0b00:0004][2017-10-17T09:47:36] Processing file /ja/Microsoft.VisualStudio.Authentication.ConnectedServices.resources.dll
[0b00:0004][2017-10-17T09:47:36] Started: Copying file /ja/Microsoft.VisualStudio.Authentication.ConnectedServices.resources.dll to C:\Program Files (x86)\Microsoft Visual Studio\2017\Community\Common7\IDE\Extensions\xyqsrihp.pwq\ja\Microsoft.VisualStudio.Authentication.ConnectedServices.resources.dll
[0b00:0004][2017-10-17T09:47:36] Completed: Copying file /ja/Microsoft.VisualStudio.Authentication.ConnectedServices.resources.dll to C:\Program Files (x86)\Microsoft Visual Studio\2017\Community\Common7\IDE\Extensions\xyqsrihp.pwq\ja\Microsoft.VisualStudio.Authentication.ConnectedServices.resources.dll
[0b00:0004][2017-10-17T09:47:36] Timestamp updated for file 'C:\Program Files (x86)\Microsoft Visual Studio\2017\Community\Common7\IDE\Extensions\xyqsrihp.pwq\ja\Microsoft.VisualStudio.Authentication.ConnectedServices.resources.dll'.
[0b00:0004][2017-10-17T09:47:36] Processing file /ja/Microsoft.VisualStudio.ConnectedServices.Azure.Authentication.Common.resources.dll
[0b00:0004][2017-10-17T09:47:36] Started: Copying file /ja/Microsoft.VisualStudio.ConnectedServices.Azure.Authentication.Common.resources.dll to C:\Program Files (x86)\Microsoft Visual Studio\2017\Community\Common7\IDE\Extensions\xyqsrihp.pwq\ja\Microsoft.VisualStudio.ConnectedServices.Azure.Authentication.Common.resources.dll
[0b00:0004][2017-10-17T09:47:36] Completed: Copying file /ja/Microsoft.VisualStudio.ConnectedServices.Azure.Authentication.Common.resources.dll to C:\Program Files (x86)\Microsoft Visual Studio\2017\Community\Common7\IDE\Extensions\xyqsrihp.pwq\ja\Microsoft.VisualStudio.ConnectedServices.Azure.Authentication.Common.resources.dll
[0b00:0004][2017-10-17T09:47:36] Timestamp updated for file 'C:\Program Files (x86)\Microsoft Visual Studio\2017\Community\Common7\IDE\Extensions\xyqsrihp.pwq\ja\Microsoft.VisualStudio.ConnectedServices.Azure.Authentication.Common.resources.dll'.
[0b00:0004][2017-10-17T09:47:36] Processing file /ko/extension.vsixlangpack
[0b00:0004][2017-10-17T09:47:36] Started: Copying file /ko/extension.vsixlangpack to C:\Program Files (x86)\Microsoft Visual Studio\2017\Community\Common7\IDE\Extensions\xyqsrihp.pwq\ko\extension.vsixlangpack
[0b00:0004][2017-10-17T09:47:36] Completed: Copying file /ko/extension.vsixlangpack to C:\Program Files (x86)\Microsoft Visual Studio\2017\Community\Common7\IDE\Extensions\xyqsrihp.pwq\ko\extension.vsixlangpack
[0b00:0004][2017-10-17T09:47:36] Timestamp updated for file 'C:\Program Files (x86)\Microsoft Visual Studio\2017\Community\Common7\IDE\Extensions\xyqsrihp.pwq\ko\extension.vsixlangpack'.
[0b00:0004][2017-10-17T09:47:36] Processing file /ko/Microsoft.VisualStudio.Authentication.ConnectedServices.resources.dll
[0b00:0004][2017-10-17T09:47:36] Started: Copying file /ko/Microsoft.VisualStudio.Authentication.ConnectedServices.resources.dll to C:\Program Files (x86)\Microsoft Visual Studio\2017\Community\Common7\IDE\Extensions\xyqsrihp.pwq\ko\Microsoft.VisualStudio.Authentication.ConnectedServices.resources.dll
[0b00:0004][2017-10-17T09:47:36] Completed: Copying file /ko/Microsoft.VisualStudio.Authentication.ConnectedServices.resources.dll to C:\Program Files (x86)\Microsoft Visual Studio\2017\Community\Common7\IDE\Extensions\xyqsrihp.pwq\ko\Microsoft.VisualStudio.Authentication.ConnectedServices.resources.dll
[0b00:0004][2017-10-17T09:47:36] Timestamp updated for file 'C:\Program Files (x86)\Microsoft Visual Studio\2017\Community\Common7\IDE\Extensions\xyqsrihp.pwq\ko\Microsoft.VisualStudio.Authentication.ConnectedServices.resources.dll'.
[0b00:0004][2017-10-17T09:47:36] Processing file /ko/Microsoft.VisualStudio.ConnectedServices.Azure.Authentication.Common.resources.dll
[0b00:0004][2017-10-17T09:47:36] Started: Copying file /ko/Microsoft.VisualStudio.ConnectedServices.Azure.Authentication.Common.resources.dll to C:\Program Files (x86)\Microsoft Visual Studio\2017\Community\Common7\IDE\Extensions\xyqsrihp.pwq\ko\Microsoft.VisualStudio.ConnectedServices.Azure.Authentication.Common.resources.dll
[0b00:0004][2017-10-17T09:47:36] Completed: Copying file /ko/Microsoft.VisualStudio.ConnectedServices.Azure.Authentication.Common.resources.dll to C:\Program Files (x86)\Microsoft Visual Studio\2017\Community\Common7\IDE\Extensions\xyqsrihp.pwq\ko\Microsoft.VisualStudio.ConnectedServices.Azure.Authentication.Common.resources.dll
[0b00:0004][2017-10-17T09:47:36] Timestamp updated for file 'C:\Program Files (x86)\Microsoft Visual Studio\2017\Community\Common7\IDE\Extensions\xyqsrihp.pwq\ko\Microsoft.VisualStudio.ConnectedServices.Azure.Authentication.Common.resources.dll'.
[0b00:0004][2017-10-17T09:47:36] Processing file /manifest.json
[0b00:0004][2017-10-17T09:47:36] Started: Copying file /manifest.json to C:\Program Files (x86)\Microsoft Visual Studio\2017\Community\Common7\IDE\Extensions\xyqsrihp.pwq\manifest.json
[0b00:0004][2017-10-17T09:47:36] Completed: Copying file /manifest.json to C:\Program Files (x86)\Microsoft Visual Studio\2017\Community\Common7\IDE\Extensions\xyqsrihp.pwq\manifest.json
[0b00:0004][2017-10-17T09:47:36] Timestamp updated for file 'C:\Program Files (x86)\Microsoft Visual Studio\2017\Community\Common7\IDE\Extensions\xyqsrihp.pwq\manifest.json'.
[0b00:0004][2017-10-17T09:47:36] Processing file /Microsoft.VisualStudio.Authentication.ConnectedServices.dll
[0b00:0004][2017-10-17T09:47:36] Started: Copying file /Microsoft.VisualStudio.Authentication.ConnectedServices.dll to C:\Program Files (x86)\Microsoft Visual Studio\2017\Community\Common7\IDE\Extensions\xyqsrihp.pwq\Microsoft.VisualStudio.Authentication.ConnectedServices.dll
[0b00:0004][2017-10-17T09:47:36] Completed: Copying file /Microsoft.VisualStudio.Authentication.ConnectedServices.dll to C:\Program Files (x86)\Microsoft Visual Studio\2017\Community\Common7\IDE\Extensions\xyqsrihp.pwq\Microsoft.VisualStudio.Authentication.ConnectedServices.dll
[0b00:0004][2017-10-17T09:47:36] Timestamp updated for file 'C:\Program Files (x86)\Microsoft Visual Studio\2017\Community\Common7\IDE\Extensions\xyqsrihp.pwq\Microsoft.VisualStudio.Authentication.ConnectedServices.dll'.
[0b00:0004][2017-10-17T09:47:36] Processing file /Microsoft.VisualStudio.Authentication.ConnectedServices.pkgdef
[0b00:0004][2017-10-17T09:47:36] Started: Copying file /Microsoft.VisualStudio.Authentication.ConnectedServices.pkgdef to C:\Program Files (x86)\Microsoft Visual Studio\2017\Community\Common7\IDE\Extensions\xyqsrihp.pwq\Microsoft.VisualStudio.Authentication.ConnectedServices.pkgdef
[0b00:0004][2017-10-17T09:47:36] Completed: Copying file /Microsoft.VisualStudio.Authentication.ConnectedServices.pkgdef to C:\Program Files (x86)\Microsoft Visual Studio\2017\Community\Common7\IDE\Extensions\xyqsrihp.pwq\Microsoft.VisualStudio.Authentication.ConnectedServices.pkgdef
[0b00:0004][2017-10-17T09:47:36] Timestamp updated for file 'C:\Program Files (x86)\Microsoft Visual Studio\2017\Community\Common7\IDE\Extensions\xyqsrihp.pwq\Microsoft.VisualStudio.Authentication.ConnectedServices.pkgdef'.
[0b00:0004][2017-10-17T09:47:36] Processing file /Microsoft.VisualStudio.ConnectedServices.Azure.Authentication.Common.dll
[0b00:0004][2017-10-17T09:47:36] Started: Copying file /Microsoft.VisualStudio.ConnectedServices.Azure.Authentication.Common.dll to C:\Program Files (x86)\Microsoft Visual Studio\2017\Community\Common7\IDE\Extensions\xyqsrihp.pwq\Microsoft.VisualStudio.ConnectedServices.Azure.Authentication.Common.dll
[0b00:0004][2017-10-17T09:47:36] Completed: Copying file /Microsoft.VisualStudio.ConnectedServices.Azure.Authentication.Common.dll to C:\Program Files (x86)\Microsoft Visual Studio\2017\Community\Common7\IDE\Extensions\xyqsrihp.pwq\Microsoft.VisualStudio.ConnectedServices.Azure.Authentication.Common.dll
[0b00:0004][2017-10-17T09:47:36] Timestamp updated for file 'C:\Program Files (x86)\Microsoft Visual Studio\2017\Community\Common7\IDE\Extensions\xyqsrihp.pwq\Microsoft.VisualStudio.ConnectedServices.Azure.Authentication.Common.dll'.
[0b00:0004][2017-10-17T09:47:36] Processing file /pl/extension.vsixlangpack
[0b00:0004][2017-10-17T09:47:36] Started: Copying file /pl/extension.vsixlangpack to C:\Program Files (x86)\Microsoft Visual Studio\2017\Community\Common7\IDE\Extensions\xyqsrihp.pwq\pl\extension.vsixlangpack
[0b00:0004][2017-10-17T09:47:36] Completed: Copying file /pl/extension.vsixlangpack to C:\Program Files (x86)\Microsoft Visual Studio\2017\Community\Common7\IDE\Extensions\xyqsrihp.pwq\pl\extension.vsixlangpack
[0b00:0004][2017-10-17T09:47:36] Timestamp updated for file 'C:\Program Files (x86)\Microsoft Visual Studio\2017\Community\Common7\IDE\Extensions\xyqsrihp.pwq\pl\extension.vsixlangpack'.
[0b00:0004][2017-10-17T09:47:36] Processing file /pl/Microsoft.VisualStudio.Authentication.ConnectedServices.resources.dll
[0b00:0004][2017-10-17T09:47:36] Started: Copying file /pl/Microsoft.VisualStudio.Authentication.ConnectedServices.resources.dll to C:\Program Files (x86)\Microsoft Visual Studio\2017\Community\Common7\IDE\Extensions\xyqsrihp.pwq\pl\Microsoft.VisualStudio.Authentication.ConnectedServices.resources.dll
[0b00:0004][2017-10-17T09:47:36] Completed: Copying file /pl/Microsoft.VisualStudio.Authentication.ConnectedServices.resources.dll to C:\Program Files (x86)\Microsoft Visual Studio\2017\Community\Common7\IDE\Extensions\xyqsrihp.pwq\pl\Microsoft.VisualStudio.Authentication.ConnectedServices.resources.dll
[0b00:0004][2017-10-17T09:47:36] Timestamp updated for file 'C:\Program Files (x86)\Microsoft Visual Studio\2017\Community\Common7\IDE\Extensions\xyqsrihp.pwq\pl\Microsoft.VisualStudio.Authentication.ConnectedServices.resources.dll'.
[0b00:0004][2017-10-17T09:47:36] Processing file /pl/Microsoft.VisualStudio.ConnectedServices.Azure.Authentication.Common.resources.dll
[0b00:0004][2017-10-17T09:47:36] Started: Copying file /pl/Microsoft.VisualStudio.ConnectedServices.Azure.Authentication.Common.resources.dll to C:\Program Files (x86)\Microsoft Visual Studio\2017\Community\Common7\IDE\Extensions\xyqsrihp.pwq\pl\Microsoft.VisualStudio.ConnectedServices.Azure.Authentication.Common.resources.dll
[0b00:0004][2017-10-17T09:47:36] Completed: Copying file /pl/Microsoft.VisualStudio.ConnectedServices.Azure.Authentication.Common.resources.dll to C:\Program Files (x86)\Microsoft Visual Studio\2017\Community\Common7\IDE\Extensions\xyqsrihp.pwq\pl\Microsoft.VisualStudio.ConnectedServices.Azure.Authentication.Common.resources.dll
[0b00:0004][2017-10-17T09:47:36] Timestamp updated for file 'C:\Program Files (x86)\Microsoft Visual Studio\2017\Community\Common7\IDE\Extensions\xyqsrihp.pwq\pl\Microsoft.VisualStudio.ConnectedServices.Azure.Authentication.Common.resources.dll'.
[0b00:0004][2017-10-17T09:47:36] Processing file /pt-BR/extension.vsixlangpack
[0b00:0004][2017-10-17T09:47:36] Started: Copying file /pt-BR/extension.vsixlangpack to C:\Program Files (x86)\Microsoft Visual Studio\2017\Community\Common7\IDE\Extensions\xyqsrihp.pwq\pt-BR\extension.vsixlangpack
[0b00:0004][2017-10-17T09:47:36] Completed: Copying file /pt-BR/extension.vsixlangpack to C:\Program Files (x86)\Microsoft Visual Studio\2017\Community\Common7\IDE\Extensions\xyqsrihp.pwq\pt-BR\extension.vsixlangpack
[0b00:0004][2017-10-17T09:47:36] Timestamp updated for file 'C:\Program Files (x86)\Microsoft Visual Studio\2017\Community\Common7\IDE\Extensions\xyqsrihp.pwq\pt-BR\extension.vsixlangpack'.
[0b00:0004][2017-10-17T09:47:36] Processing file /pt-BR/Microsoft.VisualStudio.Authentication.ConnectedServices.resources.dll
[0b00:0004][2017-10-17T09:47:36] Started: Copying file /pt-BR/Microsoft.VisualStudio.Authentication.ConnectedServices.resources.dll to C:\Program Files (x86)\Microsoft Visual Studio\2017\Community\Common7\IDE\Extensions\xyqsrihp.pwq\pt-BR\Microsoft.VisualStudio.Authentication.ConnectedServices.resources.dll
[0b00:0004][2017-10-17T09:47:36] Completed: Copying file /pt-BR/Microsoft.VisualStudio.Authentication.ConnectedServices.resources.dll to C:\Program Files (x86)\Microsoft Visual Studio\2017\Community\Common7\IDE\Extensions\xyqsrihp.pwq\pt-BR\Microsoft.VisualStudio.Authentication.ConnectedServices.resources.dll
[0b00:0004][2017-10-17T09:47:36] Timestamp updated for file 'C:\Program Files (x86)\Microsoft Visual Studio\2017\Community\Common7\IDE\Extensions\xyqsrihp.pwq\pt-BR\Microsoft.VisualStudio.Authentication.ConnectedServices.resources.dll'.
[0b00:0004][2017-10-17T09:47:36] Processing file /pt-BR/Microsoft.VisualStudio.ConnectedServices.Azure.Authentication.Common.resources.dll
[0b00:0004][2017-10-17T09:47:36] Started: Copying file /pt-BR/Microsoft.VisualStudio.ConnectedServices.Azure.Authentication.Common.resources.dll to C:\Program Files (x86)\Microsoft Visual Studio\2017\Community\Common7\IDE\Extensions\xyqsrihp.pwq\pt-BR\Microsoft.VisualStudio.ConnectedServices.Azure.Authentication.Common.resources.dll
[0b00:0004][2017-10-17T09:47:36] Completed: Copying file /pt-BR/Microsoft.VisualStudio.ConnectedServices.Azure.Authentication.Common.resources.dll to C:\Program Files (x86)\Microsoft Visual Studio\2017\Community\Common7\IDE\Extensions\xyqsrihp.pwq\pt-BR\Microsoft.VisualStudio.ConnectedServices.Azure.Authentication.Common.resources.dll
[0b00:0004][2017-10-17T09:47:36] Timestamp updated for file 'C:\Program Files (x86)\Microsoft Visual Studio\2017\Community\Common7\IDE\Extensions\xyqsrihp.pwq\pt-BR\Microsoft.VisualStudio.ConnectedServices.Azure.Authentication.Common.resources.dll'.
[0b00:0004][2017-10-17T09:47:36] Processing file /ru/extension.vsixlangpack
[0b00:0004][2017-10-17T09:47:36] Started: Copying file /ru/extension.vsixlangpack to C:\Program Files (x86)\Microsoft Visual Studio\2017\Community\Common7\IDE\Extensions\xyqsrihp.pwq\ru\extension.vsixlangpack
[0b00:0004][2017-10-17T09:47:36] Completed: Copying file /ru/extension.vsixlangpack to C:\Program Files (x86)\Microsoft Visual Studio\2017\Community\Common7\IDE\Extensions\xyqsrihp.pwq\ru\extension.vsixlangpack
[0b00:0004][2017-10-17T09:47:36] Timestamp updated for file 'C:\Program Files (x86)\Microsoft Visual Studio\2017\Community\Common7\IDE\Extensions\xyqsrihp.pwq\ru\extension.vsixlangpack'.
[0b00:0004][2017-10-17T09:47:36] Processing file /ru/Microsoft.VisualStudio.Authentication.ConnectedServices.resources.dll
[0b00:0004][2017-10-17T09:47:36] Started: Copying file /ru/Microsoft.VisualStudio.Authentication.ConnectedServices.resources.dll to C:\Program Files (x86)\Microsoft Visual Studio\2017\Community\Common7\IDE\Extensions\xyqsrihp.pwq\ru\Microsoft.VisualStudio.Authentication.ConnectedServices.resources.dll
[0b00:0004][2017-10-17T09:47:36] Completed: Copying file /ru/Microsoft.VisualStudio.Authentication.ConnectedServices.resources.dll to C:\Program Files (x86)\Microsoft Visual Studio\2017\Community\Common7\IDE\Extensions\xyqsrihp.pwq\ru\Microsoft.VisualStudio.Authentication.ConnectedServices.resources.dll
[0b00:0004][2017-10-17T09:47:36] Timestamp updated for file 'C:\Program Files (x86)\Microsoft Visual Studio\2017\Community\Common7\IDE\Extensions\xyqsrihp.pwq\ru\Microsoft.VisualStudio.Authentication.ConnectedServices.resources.dll'.
[0b00:0004][2017-10-17T09:47:36] Processing file /ru/Microsoft.VisualStudio.ConnectedServices.Azure.Authentication.Common.resources.dll
[0b00:0004][2017-10-17T09:47:36] Started: Copying file /ru/Microsoft.VisualStudio.ConnectedServices.Azure.Authentication.Common.resources.dll to C:\Program Files (x86)\Microsoft Visual Studio\2017\Community\Common7\IDE\Extensions\xyqsrihp.pwq\ru\Microsoft.VisualStudio.ConnectedServices.Azure.Authentication.Common.resources.dll
[0b00:0004][2017-10-17T09:47:36] Completed: Copying file /ru/Microsoft.VisualStudio.ConnectedServices.Azure.Authentication.Common.resources.dll to C:\Program Files (x86)\Microsoft Visual Studio\2017\Community\Common7\IDE\Extensions\xyqsrihp.pwq\ru\Microsoft.VisualStudio.ConnectedServices.Azure.Authentication.Common.resources.dll
[0b00:0004][2017-10-17T09:47:36] Timestamp updated for file 'C:\Program Files (x86)\Microsoft Visual Studio\2017\Community\Common7\IDE\Extensions\xyqsrihp.pwq\ru\Microsoft.VisualStudio.ConnectedServices.Azure.Authentication.Common.resources.dll'.
[0b00:0004][2017-10-17T09:47:36] Processing file /tr/extension.vsixlangpack
[0b00:0004][2017-10-17T09:47:36] Started: Copying file /tr/extension.vsixlangpack to C:\Program Files (x86)\Microsoft Visual Studio\2017\Community\Common7\IDE\Extensions\xyqsrihp.pwq\tr\extension.vsixlangpack
[0b00:0004][2017-10-17T09:47:36] Completed: Copying file /tr/extension.vsixlangpack to C:\Program Files (x86)\Microsoft Visual Studio\2017\Community\Common7\IDE\Extensions\xyqsrihp.pwq\tr\extension.vsixlangpack
[0b00:0004][2017-10-17T09:47:36] Timestamp updated for file 'C:\Program Files (x86)\Microsoft Visual Studio\2017\Community\Common7\IDE\Extensions\xyqsrihp.pwq\tr\extension.vsixlangpack'.
[0b00:0004][2017-10-17T09:47:36] Processing file /tr/Microsoft.VisualStudio.Authentication.ConnectedServices.resources.dll
[0b00:0004][2017-10-17T09:47:36] Started: Copying file /tr/Microsoft.VisualStudio.Authentication.ConnectedServices.resources.dll to C:\Program Files (x86)\Microsoft Visual Studio\2017\Community\Common7\IDE\Extensions\xyqsrihp.pwq\tr\Microsoft.VisualStudio.Authentication.ConnectedServices.resources.dll
[0b00:0004][2017-10-17T09:47:36] Completed: Copying file /tr/Microsoft.VisualStudio.Authentication.ConnectedServices.resources.dll to C:\Program Files (x86)\Microsoft Visual Studio\2017\Community\Common7\IDE\Extensions\xyqsrihp.pwq\tr\Microsoft.VisualStudio.Authentication.ConnectedServices.resources.dll
[0b00:0004][2017-10-17T09:47:36] Timestamp updated for file 'C:\Program Files (x86)\Microsoft Visual Studio\2017\Community\Common7\IDE\Extensions\xyqsrihp.pwq\tr\Microsoft.VisualStudio.Authentication.ConnectedServices.resources.dll'.
[0b00:0004][2017-10-17T09:47:36] Processing file /tr/Microsoft.VisualStudio.ConnectedServices.Azure.Authentication.Common.resources.dll
[0b00:0004][2017-10-17T09:47:36] Started: Copying file /tr/Microsoft.VisualStudio.ConnectedServices.Azure.Authentication.Common.resources.dll to C:\Program Files (x86)\Microsoft Visual Studio\2017\Community\Common7\IDE\Extensions\xyqsrihp.pwq\tr\Microsoft.VisualStudio.ConnectedServices.Azure.Authentication.Common.resources.dll
[0b00:0004][2017-10-17T09:47:36] Completed: Copying file /tr/Microsoft.VisualStudio.ConnectedServices.Azure.Authentication.Common.resources.dll to C:\Program Files (x86)\Microsoft Visual Studio\2017\Community\Common7\IDE\Extensions\xyqsrihp.pwq\tr\Microsoft.VisualStudio.ConnectedServices.Azure.Authentication.Common.resources.dll
[0b00:0004][2017-10-17T09:47:36] Timestamp updated for file 'C:\Program Files (x86)\Microsoft Visual Studio\2017\Community\Common7\IDE\Extensions\xyqsrihp.pwq\tr\Microsoft.VisualStudio.ConnectedServices.Azure.Authentication.Common.resources.dll'.
[0b00:0004][2017-10-17T09:47:36] Processing file /zh-Hans/extension.vsixlangpack
[0b00:0004][2017-10-17T09:47:36] Started: Copying file /zh-Hans/extension.vsixlangpack to C:\Program Files (x86)\Microsoft Visual Studio\2017\Community\Common7\IDE\Extensions\xyqsrihp.pwq\zh-Hans\extension.vsixlangpack
[0b00:0004][2017-10-17T09:47:36] Completed: Copying file /zh-Hans/extension.vsixlangpack to C:\Program Files (x86)\Microsoft Visual Studio\2017\Community\Common7\IDE\Extensions\xyqsrihp.pwq\zh-Hans\extension.vsixlangpack
[0b00:0004][2017-10-17T09:47:36] Timestamp updated for file 'C:\Program Files (x86)\Microsoft Visual Studio\2017\Community\Common7\IDE\Extensions\xyqsrihp.pwq\zh-Hans\extension.vsixlangpack'.
[0b00:0004][2017-10-17T09:47:36] Processing file /zh-Hans/Microsoft.VisualStudio.Authentication.ConnectedServices.resources.dll
[0b00:0004][2017-10-17T09:47:36] Started: Copying file /zh-Hans/Microsoft.VisualStudio.Authentication.ConnectedServices.resources.dll to C:\Program Files (x86)\Microsoft Visual Studio\2017\Community\Common7\IDE\Extensions\xyqsrihp.pwq\zh-Hans\Microsoft.VisualStudio.Authentication.ConnectedServices.resources.dll
[0b00:0004][2017-10-17T09:47:36] Completed: Copying file /zh-Hans/Microsoft.VisualStudio.Authentication.ConnectedServices.resources.dll to C:\Program Files (x86)\Microsoft Visual Studio\2017\Community\Common7\IDE\Extensions\xyqsrihp.pwq\zh-Hans\Microsoft.VisualStudio.Authentication.ConnectedServices.resources.dll
[0b00:0004][2017-10-17T09:47:36] Timestamp updated for file 'C:\Program Files (x86)\Microsoft Visual Studio\2017\Community\Common7\IDE\Extensions\xyqsrihp.pwq\zh-Hans\Microsoft.VisualStudio.Authentication.ConnectedServices.resources.dll'.
[0b00:0004][2017-10-17T09:47:36] Processing file /zh-Hans/Microsoft.VisualStudio.ConnectedServices.Azure.Authentication.Common.resources.dll
[0b00:0004][2017-10-17T09:47:36] Started: Copying file /zh-Hans/Microsoft.VisualStudio.ConnectedServices.Azure.Authentication.Common.resources.dll to C:\Program Files (x86)\Microsoft Visual Studio\2017\Community\Common7\IDE\Extensions\xyqsrihp.pwq\zh-Hans\Microsoft.VisualStudio.ConnectedServices.Azure.Authentication.Common.resources.dll
[0b00:0004][2017-10-17T09:47:36] Completed: Copying file /zh-Hans/Microsoft.VisualStudio.ConnectedServices.Azure.Authentication.Common.resources.dll to C:\Program Files (x86)\Microsoft Visual Studio\2017\Community\Common7\IDE\Extensions\xyqsrihp.pwq\zh-Hans\Microsoft.VisualStudio.ConnectedServices.Azure.Authentication.Common.resources.dll
[0b00:0004][2017-10-17T09:47:36] Timestamp updated for file 'C:\Program Files (x86)\Microsoft Visual Studio\2017\Community\Common7\IDE\Extensions\xyqsrihp.pwq\zh-Hans\Microsoft.VisualStudio.ConnectedServices.Azure.Authentication.Common.resources.dll'.
[0b00:0004][2017-10-17T09:47:36] Processing file /zh-Hant/extension.vsixlangpack
[0b00:0004][2017-10-17T09:47:36] Started: Copying file /zh-Hant/extension.vsixlangpack to C:\Program Files (x86)\Microsoft Visual Studio\2017\Community\Common7\IDE\Extensions\xyqsrihp.pwq\zh-Hant\extension.vsixlangpack
[0b00:0004][2017-10-17T09:47:36] Completed: Copying file /zh-Hant/extension.vsixlangpack to C:\Program Files (x86)\Microsoft Visual Studio\2017\Community\Common7\IDE\Extensions\xyqsrihp.pwq\zh-Hant\extension.vsixlangpack
[0b00:0004][2017-10-17T09:47:36] Timestamp updated for file 'C:\Program Files (x86)\Microsoft Visual Studio\2017\Community\Common7\IDE\Extensions\xyqsrihp.pwq\zh-Hant\extension.vsixlangpack'.
[0b00:0004][2017-10-17T09:47:36] Processing file /zh-Hant/Microsoft.VisualStudio.Authentication.ConnectedServices.resources.dll
[0b00:0004][2017-10-17T09:47:36] Started: Copying file /zh-Hant/Microsoft.VisualStudio.Authentication.ConnectedServices.resources.dll to C:\Program Files (x86)\Microsoft Visual Studio\2017\Community\Common7\IDE\Extensions\xyqsrihp.pwq\zh-Hant\Microsoft.VisualStudio.Authentication.ConnectedServices.resources.dll
[0b00:0004][2017-10-17T09:47:36] Completed: Copying file /zh-Hant/Microsoft.VisualStudio.Authentication.ConnectedServices.resources.dll to C:\Program Files (x86)\Microsoft Visual Studio\2017\Community\Common7\IDE\Extensions\xyqsrihp.pwq\zh-Hant\Microsoft.VisualStudio.Authentication.ConnectedServices.resources.dll
[0b00:0004][2017-10-17T09:47:36] Timestamp updated for file 'C:\Program Files (x86)\Microsoft Visual Studio\2017\Community\Common7\IDE\Extensions\xyqsrihp.pwq\zh-Hant\Microsoft.VisualStudio.Authentication.ConnectedServices.resources.dll'.
[0b00:0004][2017-10-17T09:47:36] Processing file /zh-Hant/Microsoft.VisualStudio.ConnectedServices.Azure.Authentication.Common.resources.dll
[0b00:0004][2017-10-17T09:47:36] Started: Copying file /zh-Hant/Microsoft.VisualStudio.ConnectedServices.Azure.Authentication.Common.resources.dll to C:\Program Files (x86)\Microsoft Visual Studio\2017\Community\Common7\IDE\Extensions\xyqsrihp.pwq\zh-Hant\Microsoft.VisualStudio.ConnectedServices.Azure.Authentication.Common.resources.dll
[0b00:0004][2017-10-17T09:47:36] Completed: Copying file /zh-Hant/Microsoft.VisualStudio.ConnectedServices.Azure.Authentication.Common.resources.dll to C:\Program Files (x86)\Microsoft Visual Studio\2017\Community\Common7\IDE\Extensions\xyqsrihp.pwq\zh-Hant\Microsoft.VisualStudio.ConnectedServices.Azure.Authentication.Common.resources.dll
[0b00:0004][2017-10-17T09:47:36] Timestamp updated for file 'C:\Program Files (x86)\Microsoft Visual Studio\2017\Community\Common7\IDE\Extensions\xyqsrihp.pwq\zh-Hant\Microsoft.VisualStudio.ConnectedServices.Azure.Authentication.Common.resources.dll'.
[0b00:0004][2017-10-17T09:47:36] Package executed successfully. Return code: 0
