[0b00:0004][2017-10-17T09:47:38] Opening the package for processing
[0b00:0004][2017-10-17T09:47:38] Using package payload to get the embedded manifest
[0b00:0004][2017-10-17T09:47:38] Getting list of files within the package
[0b00:0004][2017-10-17T09:47:38] Processing file /Contents/Common7/IDE/Extensions/Microsoft/Windows%20Azure%20Tools/Common/CATColors.pkgdef
[0b00:0004][2017-10-17T09:47:38] Started: Copying file /Contents/Common7/IDE/Extensions/Microsoft/Windows%20Azure%20Tools/Common/CATColors.pkgdef to C:\Program Files (x86)\Microsoft Visual Studio\2017\Community\Common7\IDE\Extensions\Microsoft\Windows Azure Tools\Common\CATColors.pkgdef
[0b00:0004][2017-10-17T09:47:38] Completed: Copying file /Contents/Common7/IDE/Extensions/Microsoft/Windows%20Azure%20Tools/Common/CATColors.pkgdef to C:\Program Files (x86)\Microsoft Visual Studio\2017\Community\Common7\IDE\Extensions\Microsoft\Windows Azure Tools\Common\CATColors.pkgdef
[0b00:0004][2017-10-17T09:47:38] Timestamp updated for file 'C:\Program Files (x86)\Microsoft Visual Studio\2017\Community\Common7\IDE\Extensions\Microsoft\Windows Azure Tools\Common\CATColors.pkgdef'.
[0b00:0004][2017-10-17T09:47:38] Processing file /Contents/Common7/IDE/Extensions/Microsoft/Windows%20Azure%20Tools/Common/extension.vsixmanifest
[0b00:0004][2017-10-17T09:47:38] Started: Copying file /Contents/Common7/IDE/Extensions/Microsoft/Windows%20Azure%20Tools/Common/extension.vsixmanifest to C:\Program Files (x86)\Microsoft Visual Studio\2017\Community\Common7\IDE\Extensions\Microsoft\Windows Azure Tools\Common\extension.vsixmanifest
[0b00:0004][2017-10-17T09:47:38] Completed: Copying file /Contents/Common7/IDE/Extensions/Microsoft/Windows%20Azure%20Tools/Common/extension.vsixmanifest to C:\Program Files (x86)\Microsoft Visual Studio\2017\Community\Common7\IDE\Extensions\Microsoft\Windows Azure Tools\Common\extension.vsixmanifest
[0b00:0004][2017-10-17T09:47:38] Timestamp updated for file 'C:\Program Files (x86)\Microsoft Visual Studio\2017\Community\Common7\IDE\Extensions\Microsoft\Windows Azure Tools\Common\extension.vsixmanifest'.
[0b00:0004][2017-10-17T09:47:38] Processing file /Contents/Common7/IDE/Extensions/Microsoft/Windows%20Azure%20Tools/Common/Microsoft.Diagnostics.Tracing.TraceEvent.dll
[0b00:0004][2017-10-17T09:47:38] Started: Copying file /Contents/Common7/IDE/Extensions/Microsoft/Windows%20Azure%20Tools/Common/Microsoft.Diagnostics.Tracing.TraceEvent.dll to C:\Program Files (x86)\Microsoft Visual Studio\2017\Community\Common7\IDE\Extensions\Microsoft\Windows Azure Tools\Common\Microsoft.Diagnostics.Tracing.TraceEvent.dll
[0b00:0004][2017-10-17T09:47:38] Completed: Copying file /Contents/Common7/IDE/Extensions/Microsoft/Windows%20Azure%20Tools/Common/Microsoft.Diagnostics.Tracing.TraceEvent.dll to C:\Program Files (x86)\Microsoft Visual Studio\2017\Community\Common7\IDE\Extensions\Microsoft\Windows Azure Tools\Common\Microsoft.Diagnostics.Tracing.TraceEvent.dll
[0b00:0004][2017-10-17T09:47:38] Timestamp updated for file 'C:\Program Files (x86)\Microsoft Visual Studio\2017\Community\Common7\IDE\Extensions\Microsoft\Windows Azure Tools\Common\Microsoft.Diagnostics.Tracing.TraceEvent.dll'.
[0b00:0004][2017-10-17T09:47:38] Processing file /Contents/Common7/IDE/Extensions/Microsoft/Windows%20Azure%20Tools/Common/Microsoft.VisualStudio.Azure.CommonAzureTools.Utilities.dll
[0b00:0004][2017-10-17T09:47:38] Started: Copying file /Contents/Common7/IDE/Extensions/Microsoft/Windows%20Azure%20Tools/Common/Microsoft.VisualStudio.Azure.CommonAzureTools.Utilities.dll to C:\Program Files (x86)\Microsoft Visual Studio\2017\Community\Common7\IDE\Extensions\Microsoft\Windows Azure Tools\Common\Microsoft.VisualStudio.Azure.CommonAzureTools.Utilities.dll
[0b00:0004][2017-10-17T09:47:38] Completed: Copying file /Contents/Common7/IDE/Extensions/Microsoft/Windows%20Azure%20Tools/Common/Microsoft.VisualStudio.Azure.CommonAzureTools.Utilities.dll to C:\Program Files (x86)\Microsoft Visual Studio\2017\Community\Common7\IDE\Extensions\Microsoft\Windows Azure Tools\Common\Microsoft.VisualStudio.Azure.CommonAzureTools.Utilities.dll
[0b00:0004][2017-10-17T09:47:38] Timestamp updated for file 'C:\Program Files (x86)\Microsoft Visual Studio\2017\Community\Common7\IDE\Extensions\Microsoft\Windows Azure Tools\Common\Microsoft.VisualStudio.Azure.CommonAzureTools.Utilities.dll'.
[0b00:0004][2017-10-17T09:47:38] Processing file /Contents/Common7/IDE/Extensions/Microsoft/Windows%20Azure%20Tools/Common/Microsoft.VisualStudio.EtwListener.CommandLineParsing.dll
[0b00:0004][2017-10-17T09:47:38] Started: Copying file /Contents/Common7/IDE/Extensions/Microsoft/Windows%20Azure%20Tools/Common/Microsoft.VisualStudio.EtwListener.CommandLineParsing.dll to C:\Program Files (x86)\Microsoft Visual Studio\2017\Community\Common7\IDE\Extensions\Microsoft\Windows Azure Tools\Common\Microsoft.VisualStudio.EtwListener.CommandLineParsing.dll
[0b00:0004][2017-10-17T09:47:38] Completed: Copying file /Contents/Common7/IDE/Extensions/Microsoft/Windows%20Azure%20Tools/Common/Microsoft.VisualStudio.EtwListener.CommandLineParsing.dll to C:\Program Files (x86)\Microsoft Visual Studio\2017\Community\Common7\IDE\Extensions\Microsoft\Windows Azure Tools\Common\Microsoft.VisualStudio.EtwListener.CommandLineParsing.dll
[0b00:0004][2017-10-17T09:47:38] Timestamp updated for file 'C:\Program Files (x86)\Microsoft Visual Studio\2017\Community\Common7\IDE\Extensions\Microsoft\Windows Azure Tools\Common\Microsoft.VisualStudio.EtwListener.CommandLineParsing.dll'.
[0b00:0004][2017-10-17T09:47:38] Processing file /Contents/Common7/IDE/Extensions/Microsoft/Windows%20Azure%20Tools/Common/Microsoft.VisualStudio.EtwListener.Common.dll
[0b00:0004][2017-10-17T09:47:38] Started: Copying file /Contents/Common7/IDE/Extensions/Microsoft/Windows%20Azure%20Tools/Common/Microsoft.VisualStudio.EtwListener.Common.dll to C:\Program Files (x86)\Microsoft Visual Studio\2017\Community\Common7\IDE\Extensions\Microsoft\Windows Azure Tools\Common\Microsoft.VisualStudio.EtwListener.Common.dll
[0b00:0004][2017-10-17T09:47:38] Completed: Copying file /Contents/Common7/IDE/Extensions/Microsoft/Windows%20Azure%20Tools/Common/Microsoft.VisualStudio.EtwListener.Common.dll to C:\Program Files (x86)\Microsoft Visual Studio\2017\Community\Common7\IDE\Extensions\Microsoft\Windows Azure Tools\Common\Microsoft.VisualStudio.EtwListener.Common.dll
[0b00:0004][2017-10-17T09:47:38] Timestamp updated for file 'C:\Program Files (x86)\Microsoft Visual Studio\2017\Community\Common7\IDE\Extensions\Microsoft\Windows Azure Tools\Common\Microsoft.VisualStudio.EtwListener.Common.dll'.
[0b00:0004][2017-10-17T09:47:38] Processing file /Contents/Common7/IDE/Extensions/Microsoft/Windows%20Azure%20Tools/Common/Microsoft.VisualStudio.EtwListener.exe
[0b00:0004][2017-10-17T09:47:38] Started: Copying file /Contents/Common7/IDE/Extensions/Microsoft/Windows%20Azure%20Tools/Common/Microsoft.VisualStudio.EtwListener.exe to C:\Program Files (x86)\Microsoft Visual Studio\2017\Community\Common7\IDE\Extensions\Microsoft\Windows Azure Tools\Common\Microsoft.VisualStudio.EtwListener.exe
[0b00:0004][2017-10-17T09:47:38] Completed: Copying file /Contents/Common7/IDE/Extensions/Microsoft/Windows%20Azure%20Tools/Common/Microsoft.VisualStudio.EtwListener.exe to C:\Program Files (x86)\Microsoft Visual Studio\2017\Community\Common7\IDE\Extensions\Microsoft\Windows Azure Tools\Common\Microsoft.VisualStudio.EtwListener.exe
[0b00:0004][2017-10-17T09:47:38] Timestamp updated for file 'C:\Program Files (x86)\Microsoft Visual Studio\2017\Community\Common7\IDE\Extensions\Microsoft\Windows Azure Tools\Common\Microsoft.VisualStudio.EtwListener.exe'.
[0b00:0004][2017-10-17T09:47:38] Processing file /Contents/Common7/IDE/Extensions/Microsoft/Windows%20Azure%20Tools/Common/Microsoft.VisualStudio.PowerShellTools.Package.dll
[0b00:0004][2017-10-17T09:47:38] Started: Copying file /Contents/Common7/IDE/Extensions/Microsoft/Windows%20Azure%20Tools/Common/Microsoft.VisualStudio.PowerShellTools.Package.dll to C:\Program Files (x86)\Microsoft Visual Studio\2017\Community\Common7\IDE\Extensions\Microsoft\Windows Azure Tools\Common\Microsoft.VisualStudio.PowerShellTools.Package.dll
[0b00:0004][2017-10-17T09:47:38] Completed: Copying file /Contents/Common7/IDE/Extensions/Microsoft/Windows%20Azure%20Tools/Common/Microsoft.VisualStudio.PowerShellTools.Package.dll to C:\Program Files (x86)\Microsoft Visual Studio\2017\Community\Common7\IDE\Extensions\Microsoft\Windows Azure Tools\Common\Microsoft.VisualStudio.PowerShellTools.Package.dll
[0b00:0004][2017-10-17T09:47:38] Timestamp updated for file 'C:\Program Files (x86)\Microsoft Visual Studio\2017\Community\Common7\IDE\Extensions\Microsoft\Windows Azure Tools\Common\Microsoft.VisualStudio.PowerShellTools.Package.dll'.
[0b00:0004][2017-10-17T09:47:38] Processing file /Contents/Common7/IDE/Extensions/Microsoft/Windows%20Azure%20Tools/Common/Microsoft.VisualStudio.PowerShellTools.Package.pkgdef
[0b00:0004][2017-10-17T09:47:38] Started: Copying file /Contents/Common7/IDE/Extensions/Microsoft/Windows%20Azure%20Tools/Common/Microsoft.VisualStudio.PowerShellTools.Package.pkgdef to C:\Program Files (x86)\Microsoft Visual Studio\2017\Community\Common7\IDE\Extensions\Microsoft\Windows Azure Tools\Common\Microsoft.VisualStudio.PowerShellTools.Package.pkgdef
[0b00:0004][2017-10-17T09:47:38] Completed: Copying file /Contents/Common7/IDE/Extensions/Microsoft/Windows%20Azure%20Tools/Common/Microsoft.VisualStudio.PowerShellTools.Package.pkgdef to C:\Program Files (x86)\Microsoft Visual Studio\2017\Community\Common7\IDE\Extensions\Microsoft\Windows Azure Tools\Common\Microsoft.VisualStudio.PowerShellTools.Package.pkgdef
[0b00:0004][2017-10-17T09:47:38] Timestamp updated for file 'C:\Program Files (x86)\Microsoft Visual Studio\2017\Community\Common7\IDE\Extensions\Microsoft\Windows Azure Tools\Common\Microsoft.VisualStudio.PowerShellTools.Package.pkgdef'.
[0b00:0004][2017-10-17T09:47:38] Processing file /Contents/Common7/IDE/Extensions/Microsoft/Windows%20Azure%20Tools/Common/Microsoft.VisualStudio.WindowsAzure.CommonAzureTools.Contracts.1.10.dll
[0b00:0004][2017-10-17T09:47:38] Started: Copying file /Contents/Common7/IDE/Extensions/Microsoft/Windows%20Azure%20Tools/Common/Microsoft.VisualStudio.WindowsAzure.CommonAzureTools.Contracts.1.10.dll to C:\Program Files (x86)\Microsoft Visual Studio\2017\Community\Common7\IDE\Extensions\Microsoft\Windows Azure Tools\Common\Microsoft.VisualStudio.WindowsAzure.CommonAzureTools.Contracts.1.10.dll
[0b00:0004][2017-10-17T09:47:38] Completed: Copying file /Contents/Common7/IDE/Extensions/Microsoft/Windows%20Azure%20Tools/Common/Microsoft.VisualStudio.WindowsAzure.CommonAzureTools.Contracts.1.10.dll to C:\Program Files (x86)\Microsoft Visual Studio\2017\Community\Common7\IDE\Extensions\Microsoft\Windows Azure Tools\Common\Microsoft.VisualStudio.WindowsAzure.CommonAzureTools.Contracts.1.10.dll
[0b00:0004][2017-10-17T09:47:38] Timestamp updated for file 'C:\Program Files (x86)\Microsoft Visual Studio\2017\Community\Common7\IDE\Extensions\Microsoft\Windows Azure Tools\Common\Microsoft.VisualStudio.WindowsAzure.CommonAzureTools.Contracts.1.10.dll'.
[0b00:0004][2017-10-17T09:47:38] Processing file /Contents/Common7/IDE/Extensions/Microsoft/Windows%20Azure%20Tools/Common/Microsoft.VisualStudio.WindowsAzure.CommonAzureTools.Contracts.1.7.dll
[0b00:0004][2017-10-17T09:47:38] Started: Copying file /Contents/Common7/IDE/Extensions/Microsoft/Windows%20Azure%20Tools/Common/Microsoft.VisualStudio.WindowsAzure.CommonAzureTools.Contracts.1.7.dll to C:\Program Files (x86)\Microsoft Visual Studio\2017\Community\Common7\IDE\Extensions\Microsoft\Windows Azure Tools\Common\Microsoft.VisualStudio.WindowsAzure.CommonAzureTools.Contracts.1.7.dll
[0b00:0004][2017-10-17T09:47:38] Completed: Copying file /Contents/Common7/IDE/Extensions/Microsoft/Windows%20Azure%20Tools/Common/Microsoft.VisualStudio.WindowsAzure.CommonAzureTools.Contracts.1.7.dll to C:\Program Files (x86)\Microsoft Visual Studio\2017\Community\Common7\IDE\Extensions\Microsoft\Windows Azure Tools\Common\Microsoft.VisualStudio.WindowsAzure.CommonAzureTools.Contracts.1.7.dll
[0b00:0004][2017-10-17T09:47:38] Timestamp updated for file 'C:\Program Files (x86)\Microsoft Visual Studio\2017\Community\Common7\IDE\Extensions\Microsoft\Windows Azure Tools\Common\Microsoft.VisualStudio.WindowsAzure.CommonAzureTools.Contracts.1.7.dll'.
[0b00:0004][2017-10-17T09:47:38] Processing file /Contents/Common7/IDE/Extensions/Microsoft/Windows%20Azure%20Tools/Common/Microsoft.VisualStudio.WindowsAzure.CommonAzureTools.Contracts.1.8.dll
[0b00:0004][2017-10-17T09:47:38] Started: Copying file /Contents/Common7/IDE/Extensions/Microsoft/Windows%20Azure%20Tools/Common/Microsoft.VisualStudio.WindowsAzure.CommonAzureTools.Contracts.1.8.dll to C:\Program Files (x86)\Microsoft Visual Studio\2017\Community\Common7\IDE\Extensions\Microsoft\Windows Azure Tools\Common\Microsoft.VisualStudio.WindowsAzure.CommonAzureTools.Contracts.1.8.dll
[0b00:0004][2017-10-17T09:47:38] Completed: Copying file /Contents/Common7/IDE/Extensions/Microsoft/Windows%20Azure%20Tools/Common/Microsoft.VisualStudio.WindowsAzure.CommonAzureTools.Contracts.1.8.dll to C:\Program Files (x86)\Microsoft Visual Studio\2017\Community\Common7\IDE\Extensions\Microsoft\Windows Azure Tools\Common\Microsoft.VisualStudio.WindowsAzure.CommonAzureTools.Contracts.1.8.dll
[0b00:0004][2017-10-17T09:47:38] Timestamp updated for file 'C:\Program Files (x86)\Microsoft Visual Studio\2017\Community\Common7\IDE\Extensions\Microsoft\Windows Azure Tools\Common\Microsoft.VisualStudio.WindowsAzure.CommonAzureTools.Contracts.1.8.dll'.
[0b00:0004][2017-10-17T09:47:38] Processing file /Contents/Common7/IDE/Extensions/Microsoft/Windows%20Azure%20Tools/Common/Microsoft.VisualStudio.WindowsAzure.CommonAzureTools.Contracts.1.9.dll
[0b00:0004][2017-10-17T09:47:38] Started: Copying file /Contents/Common7/IDE/Extensions/Microsoft/Windows%20Azure%20Tools/Common/Microsoft.VisualStudio.WindowsAzure.CommonAzureTools.Contracts.1.9.dll to C:\Program Files (x86)\Microsoft Visual Studio\2017\Community\Common7\IDE\Extensions\Microsoft\Windows Azure Tools\Common\Microsoft.VisualStudio.WindowsAzure.CommonAzureTools.Contracts.1.9.dll
[0b00:0004][2017-10-17T09:47:38] Completed: Copying file /Contents/Common7/IDE/Extensions/Microsoft/Windows%20Azure%20Tools/Common/Microsoft.VisualStudio.WindowsAzure.CommonAzureTools.Contracts.1.9.dll to C:\Program Files (x86)\Microsoft Visual Studio\2017\Community\Common7\IDE\Extensions\Microsoft\Windows Azure Tools\Common\Microsoft.VisualStudio.WindowsAzure.CommonAzureTools.Contracts.1.9.dll
[0b00:0004][2017-10-17T09:47:38] Timestamp updated for file 'C:\Program Files (x86)\Microsoft Visual Studio\2017\Community\Common7\IDE\Extensions\Microsoft\Windows Azure Tools\Common\Microsoft.VisualStudio.WindowsAzure.CommonAzureTools.Contracts.1.9.dll'.
[0b00:0004][2017-10-17T09:47:38] Processing file /Contents/Common7/IDE/Extensions/Microsoft/Windows%20Azure%20Tools/Common/Microsoft.VisualStudio.WindowsAzure.CommonAzureTools.Contracts.dll
[0b00:0004][2017-10-17T09:47:38] Started: Copying file /Contents/Common7/IDE/Extensions/Microsoft/Windows%20Azure%20Tools/Common/Microsoft.VisualStudio.WindowsAzure.CommonAzureTools.Contracts.dll to C:\Program Files (x86)\Microsoft Visual Studio\2017\Community\Common7\IDE\Extensions\Microsoft\Windows Azure Tools\Common\Microsoft.VisualStudio.WindowsAzure.CommonAzureTools.Contracts.dll
[0b00:0004][2017-10-17T09:47:38] Completed: Copying file /Contents/Common7/IDE/Extensions/Microsoft/Windows%20Azure%20Tools/Common/Microsoft.VisualStudio.WindowsAzure.CommonAzureTools.Contracts.dll to C:\Program Files (x86)\Microsoft Visual Studio\2017\Community\Common7\IDE\Extensions\Microsoft\Windows Azure Tools\Common\Microsoft.VisualStudio.WindowsAzure.CommonAzureTools.Contracts.dll
[0b00:0004][2017-10-17T09:47:38] Timestamp updated for file 'C:\Program Files (x86)\Microsoft Visual Studio\2017\Community\Common7\IDE\Extensions\Microsoft\Windows Azure Tools\Common\Microsoft.VisualStudio.WindowsAzure.CommonAzureTools.Contracts.dll'.
[0b00:0004][2017-10-17T09:47:38] Processing file /Contents/Common7/IDE/Extensions/Microsoft/Windows%20Azure%20Tools/Common/Microsoft.VisualStudio.WindowsAzure.CommonAzureTools.Contracts.Internal.dll
[0b00:0004][2017-10-17T09:47:38] Started: Copying file /Contents/Common7/IDE/Extensions/Microsoft/Windows%20Azure%20Tools/Common/Microsoft.VisualStudio.WindowsAzure.CommonAzureTools.Contracts.Internal.dll to C:\Program Files (x86)\Microsoft Visual Studio\2017\Community\Common7\IDE\Extensions\Microsoft\Windows Azure Tools\Common\Microsoft.VisualStudio.WindowsAzure.CommonAzureTools.Contracts.Internal.dll
[0b00:0004][2017-10-17T09:47:38] Completed: Copying file /Contents/Common7/IDE/Extensions/Microsoft/Windows%20Azure%20Tools/Common/Microsoft.VisualStudio.WindowsAzure.CommonAzureTools.Contracts.Internal.dll to C:\Program Files (x86)\Microsoft Visual Studio\2017\Community\Common7\IDE\Extensions\Microsoft\Windows Azure Tools\Common\Microsoft.VisualStudio.WindowsAzure.CommonAzureTools.Contracts.Internal.dll
[0b00:0004][2017-10-17T09:47:38] Timestamp updated for file 'C:\Program Files (x86)\Microsoft Visual Studio\2017\Community\Common7\IDE\Extensions\Microsoft\Windows Azure Tools\Common\Microsoft.VisualStudio.WindowsAzure.CommonAzureTools.Contracts.Internal.dll'.
[0b00:0004][2017-10-17T09:47:38] Processing file /Contents/Common7/IDE/Extensions/Microsoft/Windows%20Azure%20Tools/Common/Microsoft.VisualStudio.WindowsAzure.CommonAzureTools.Package.dll
[0b00:0004][2017-10-17T09:47:38] Started: Copying file /Contents/Common7/IDE/Extensions/Microsoft/Windows%20Azure%20Tools/Common/Microsoft.VisualStudio.WindowsAzure.CommonAzureTools.Package.dll to C:\Program Files (x86)\Microsoft Visual Studio\2017\Community\Common7\IDE\Extensions\Microsoft\Windows Azure Tools\Common\Microsoft.VisualStudio.WindowsAzure.CommonAzureTools.Package.dll
[0b00:0004][2017-10-17T09:47:38] Completed: Copying file /Contents/Common7/IDE/Extensions/Microsoft/Windows%20Azure%20Tools/Common/Microsoft.VisualStudio.WindowsAzure.CommonAzureTools.Package.dll to C:\Program Files (x86)\Microsoft Visual Studio\2017\Community\Common7\IDE\Extensions\Microsoft\Windows Azure Tools\Common\Microsoft.VisualStudio.WindowsAzure.CommonAzureTools.Package.dll
[0b00:0004][2017-10-17T09:47:38] Timestamp updated for file 'C:\Program Files (x86)\Microsoft Visual Studio\2017\Community\Common7\IDE\Extensions\Microsoft\Windows Azure Tools\Common\Microsoft.VisualStudio.WindowsAzure.CommonAzureTools.Package.dll'.
[0b00:0004][2017-10-17T09:47:38] Processing file /Contents/Common7/IDE/Extensions/Microsoft/Windows%20Azure%20Tools/Common/Microsoft.VisualStudio.WindowsAzure.CommonAzureTools.Package.pkgdef
[0b00:0004][2017-10-17T09:47:38] Started: Copying file /Contents/Common7/IDE/Extensions/Microsoft/Windows%20Azure%20Tools/Common/Microsoft.VisualStudio.WindowsAzure.CommonAzureTools.Package.pkgdef to C:\Program Files (x86)\Microsoft Visual Studio\2017\Community\Common7\IDE\Extensions\Microsoft\Windows Azure Tools\Common\Microsoft.VisualStudio.WindowsAzure.CommonAzureTools.Package.pkgdef
[0b00:0004][2017-10-17T09:47:38] Completed: Copying file /Contents/Common7/IDE/Extensions/Microsoft/Windows%20Azure%20Tools/Common/Microsoft.VisualStudio.WindowsAzure.CommonAzureTools.Package.pkgdef to C:\Program Files (x86)\Microsoft Visual Studio\2017\Community\Common7\IDE\Extensions\Microsoft\Windows Azure Tools\Common\Microsoft.VisualStudio.WindowsAzure.CommonAzureTools.Package.pkgdef
[0b00:0004][2017-10-17T09:47:38] Timestamp updated for file 'C:\Program Files (x86)\Microsoft Visual Studio\2017\Community\Common7\IDE\Extensions\Microsoft\Windows Azure Tools\Common\Microsoft.VisualStudio.WindowsAzure.CommonAzureTools.Package.pkgdef'.
[0b00:0004][2017-10-17T09:47:38] Processing file /Contents/Common7/IDE/Extensions/Microsoft/Windows%20Azure%20Tools/Common/Sprache.dll
[0b00:0004][2017-10-17T09:47:38] Started: Copying file /Contents/Common7/IDE/Extensions/Microsoft/Windows%20Azure%20Tools/Common/Sprache.dll to C:\Program Files (x86)\Microsoft Visual Studio\2017\Community\Common7\IDE\Extensions\Microsoft\Windows Azure Tools\Common\Sprache.dll
[0b00:0004][2017-10-17T09:47:38] Completed: Copying file /Contents/Common7/IDE/Extensions/Microsoft/Windows%20Azure%20Tools/Common/Sprache.dll to C:\Program Files (x86)\Microsoft Visual Studio\2017\Community\Common7\IDE\Extensions\Microsoft\Windows Azure Tools\Common\Sprache.dll
[0b00:0004][2017-10-17T09:47:38] Timestamp updated for file 'C:\Program Files (x86)\Microsoft Visual Studio\2017\Community\Common7\IDE\Extensions\Microsoft\Windows Azure Tools\Common\Sprache.dll'.
[0b00:0004][2017-10-17T09:47:38] Package executed successfully. Return code: 0
