[0b00:0004][2017-10-17T09:47:11] Opening the package for processing
[0b00:0004][2017-10-17T09:47:11] Using package payload to get the embedded manifest
[0b00:0004][2017-10-17T09:47:11] Getting list of files within the package
[0b00:0004][2017-10-17T09:47:11] Processing file /catalog.json
[0b00:0004][2017-10-17T09:47:11] Started: Copying file /catalog.json to C:\Program Files (x86)\Microsoft Visual Studio\2017\Community\Common7\IDE\CommonExtensions\Microsoft\InteractiveWindow\catalog.json
[0b00:0004][2017-10-17T09:47:11] Completed: Copying file /catalog.json to C:\Program Files (x86)\Microsoft Visual Studio\2017\Community\Common7\IDE\CommonExtensions\Microsoft\InteractiveWindow\catalog.json
[0b00:0004][2017-10-17T09:47:11] Timestamp updated for file 'C:\Program Files (x86)\Microsoft Visual Studio\2017\Community\Common7\IDE\CommonExtensions\Microsoft\InteractiveWindow\catalog.json'.
[0b00:0004][2017-10-17T09:47:11] Processing file /cs/Microsoft.VisualStudio.InteractiveWindow.resources.dll
[0b00:0004][2017-10-17T09:47:11] Started: Copying file /cs/Microsoft.VisualStudio.InteractiveWindow.resources.dll to C:\Program Files (x86)\Microsoft Visual Studio\2017\Community\Common7\IDE\CommonExtensions\Microsoft\InteractiveWindow\cs\Microsoft.VisualStudio.InteractiveWindow.resources.dll
[0b00:0004][2017-10-17T09:47:11] Completed: Copying file /cs/Microsoft.VisualStudio.InteractiveWindow.resources.dll to C:\Program Files (x86)\Microsoft Visual Studio\2017\Community\Common7\IDE\CommonExtensions\Microsoft\InteractiveWindow\cs\Microsoft.VisualStudio.InteractiveWindow.resources.dll
[0b00:0004][2017-10-17T09:47:11] Timestamp updated for file 'C:\Program Files (x86)\Microsoft Visual Studio\2017\Community\Common7\IDE\CommonExtensions\Microsoft\InteractiveWindow\cs\Microsoft.VisualStudio.InteractiveWindow.resources.dll'.
[0b00:0004][2017-10-17T09:47:11] Queueing C:\Program Files (x86)\Microsoft Visual Studio\2017\Community\Common7\IDE\CommonExtensions\Microsoft\InteractiveWindow\cs\Microsoft.VisualStudio.InteractiveWindow.resources.dll for X86 ngen
[0b00:0004][2017-10-17T09:47:11] Queueing C:\Program Files (x86)\Microsoft Visual Studio\2017\Community\Common7\IDE\CommonExtensions\Microsoft\InteractiveWindow\cs\Microsoft.VisualStudio.InteractiveWindow.resources.dll for X64 ngen
[0b00:0004][2017-10-17T09:47:11] Successfully queued file '/cs/Microsoft.VisualStudio.InteractiveWindow.resources.dll' for ngen
[0b00:0004][2017-10-17T09:47:11] Processing file /cs/Microsoft.VisualStudio.VsInteractiveWindow.resources.dll
[0b00:0004][2017-10-17T09:47:11] Started: Copying file /cs/Microsoft.VisualStudio.VsInteractiveWindow.resources.dll to C:\Program Files (x86)\Microsoft Visual Studio\2017\Community\Common7\IDE\CommonExtensions\Microsoft\InteractiveWindow\cs\Microsoft.VisualStudio.VsInteractiveWindow.resources.dll
[0b00:0004][2017-10-17T09:47:11] Completed: Copying file /cs/Microsoft.VisualStudio.VsInteractiveWindow.resources.dll to C:\Program Files (x86)\Microsoft Visual Studio\2017\Community\Common7\IDE\CommonExtensions\Microsoft\InteractiveWindow\cs\Microsoft.VisualStudio.VsInteractiveWindow.resources.dll
[0b00:0004][2017-10-17T09:47:11] Timestamp updated for file 'C:\Program Files (x86)\Microsoft Visual Studio\2017\Community\Common7\IDE\CommonExtensions\Microsoft\InteractiveWindow\cs\Microsoft.VisualStudio.VsInteractiveWindow.resources.dll'.
[0b00:0004][2017-10-17T09:47:11] Processing file /de/Microsoft.VisualStudio.InteractiveWindow.resources.dll
[0b00:0004][2017-10-17T09:47:11] Started: Copying file /de/Microsoft.VisualStudio.InteractiveWindow.resources.dll to C:\Program Files (x86)\Microsoft Visual Studio\2017\Community\Common7\IDE\CommonExtensions\Microsoft\InteractiveWindow\de\Microsoft.VisualStudio.InteractiveWindow.resources.dll
[0b00:0004][2017-10-17T09:47:11] Completed: Copying file /de/Microsoft.VisualStudio.InteractiveWindow.resources.dll to C:\Program Files (x86)\Microsoft Visual Studio\2017\Community\Common7\IDE\CommonExtensions\Microsoft\InteractiveWindow\de\Microsoft.VisualStudio.InteractiveWindow.resources.dll
[0b00:0004][2017-10-17T09:47:11] Timestamp updated for file 'C:\Program Files (x86)\Microsoft Visual Studio\2017\Community\Common7\IDE\CommonExtensions\Microsoft\InteractiveWindow\de\Microsoft.VisualStudio.InteractiveWindow.resources.dll'.
[0b00:0004][2017-10-17T09:47:11] Queueing C:\Program Files (x86)\Microsoft Visual Studio\2017\Community\Common7\IDE\CommonExtensions\Microsoft\InteractiveWindow\de\Microsoft.VisualStudio.InteractiveWindow.resources.dll for X86 ngen
[0b00:0004][2017-10-17T09:47:11] Queueing C:\Program Files (x86)\Microsoft Visual Studio\2017\Community\Common7\IDE\CommonExtensions\Microsoft\InteractiveWindow\de\Microsoft.VisualStudio.InteractiveWindow.resources.dll for X64 ngen
[0b00:0004][2017-10-17T09:47:11] Successfully queued file '/de/Microsoft.VisualStudio.InteractiveWindow.resources.dll' for ngen
[0b00:0004][2017-10-17T09:47:11] Processing file /de/Microsoft.VisualStudio.VsInteractiveWindow.resources.dll
[0b00:0004][2017-10-17T09:47:11] Started: Copying file /de/Microsoft.VisualStudio.VsInteractiveWindow.resources.dll to C:\Program Files (x86)\Microsoft Visual Studio\2017\Community\Common7\IDE\CommonExtensions\Microsoft\InteractiveWindow\de\Microsoft.VisualStudio.VsInteractiveWindow.resources.dll
[0b00:0004][2017-10-17T09:47:11] Completed: Copying file /de/Microsoft.VisualStudio.VsInteractiveWindow.resources.dll to C:\Program Files (x86)\Microsoft Visual Studio\2017\Community\Common7\IDE\CommonExtensions\Microsoft\InteractiveWindow\de\Microsoft.VisualStudio.VsInteractiveWindow.resources.dll
[0b00:0004][2017-10-17T09:47:11] Timestamp updated for file 'C:\Program Files (x86)\Microsoft Visual Studio\2017\Community\Common7\IDE\CommonExtensions\Microsoft\InteractiveWindow\de\Microsoft.VisualStudio.VsInteractiveWindow.resources.dll'.
[0b00:0004][2017-10-17T09:47:11] Processing file /es/Microsoft.VisualStudio.InteractiveWindow.resources.dll
[0b00:0004][2017-10-17T09:47:11] Started: Copying file /es/Microsoft.VisualStudio.InteractiveWindow.resources.dll to C:\Program Files (x86)\Microsoft Visual Studio\2017\Community\Common7\IDE\CommonExtensions\Microsoft\InteractiveWindow\es\Microsoft.VisualStudio.InteractiveWindow.resources.dll
[0b00:0004][2017-10-17T09:47:11] Completed: Copying file /es/Microsoft.VisualStudio.InteractiveWindow.resources.dll to C:\Program Files (x86)\Microsoft Visual Studio\2017\Community\Common7\IDE\CommonExtensions\Microsoft\InteractiveWindow\es\Microsoft.VisualStudio.InteractiveWindow.resources.dll
[0b00:0004][2017-10-17T09:47:11] Timestamp updated for file 'C:\Program Files (x86)\Microsoft Visual Studio\2017\Community\Common7\IDE\CommonExtensions\Microsoft\InteractiveWindow\es\Microsoft.VisualStudio.InteractiveWindow.resources.dll'.
[0b00:0004][2017-10-17T09:47:11] Queueing C:\Program Files (x86)\Microsoft Visual Studio\2017\Community\Common7\IDE\CommonExtensions\Microsoft\InteractiveWindow\es\Microsoft.VisualStudio.InteractiveWindow.resources.dll for X86 ngen
[0b00:0004][2017-10-17T09:47:11] Queueing C:\Program Files (x86)\Microsoft Visual Studio\2017\Community\Common7\IDE\CommonExtensions\Microsoft\InteractiveWindow\es\Microsoft.VisualStudio.InteractiveWindow.resources.dll for X64 ngen
[0b00:0004][2017-10-17T09:47:11] Successfully queued file '/es/Microsoft.VisualStudio.InteractiveWindow.resources.dll' for ngen
[0b00:0004][2017-10-17T09:47:11] Processing file /es/Microsoft.VisualStudio.VsInteractiveWindow.resources.dll
[0b00:0004][2017-10-17T09:47:11] Started: Copying file /es/Microsoft.VisualStudio.VsInteractiveWindow.resources.dll to C:\Program Files (x86)\Microsoft Visual Studio\2017\Community\Common7\IDE\CommonExtensions\Microsoft\InteractiveWindow\es\Microsoft.VisualStudio.VsInteractiveWindow.resources.dll
[0b00:0004][2017-10-17T09:47:11] Completed: Copying file /es/Microsoft.VisualStudio.VsInteractiveWindow.resources.dll to C:\Program Files (x86)\Microsoft Visual Studio\2017\Community\Common7\IDE\CommonExtensions\Microsoft\InteractiveWindow\es\Microsoft.VisualStudio.VsInteractiveWindow.resources.dll
[0b00:0004][2017-10-17T09:47:11] Timestamp updated for file 'C:\Program Files (x86)\Microsoft Visual Studio\2017\Community\Common7\IDE\CommonExtensions\Microsoft\InteractiveWindow\es\Microsoft.VisualStudio.VsInteractiveWindow.resources.dll'.
[0b00:0004][2017-10-17T09:47:11] Processing file /extension.vsixmanifest
[0b00:0004][2017-10-17T09:47:11] Started: Copying file /extension.vsixmanifest to C:\Program Files (x86)\Microsoft Visual Studio\2017\Community\Common7\IDE\CommonExtensions\Microsoft\InteractiveWindow\extension.vsixmanifest
[0b00:0004][2017-10-17T09:47:11] Completed: Copying file /extension.vsixmanifest to C:\Program Files (x86)\Microsoft Visual Studio\2017\Community\Common7\IDE\CommonExtensions\Microsoft\InteractiveWindow\extension.vsixmanifest
[0b00:0004][2017-10-17T09:47:11] Timestamp updated for file 'C:\Program Files (x86)\Microsoft Visual Studio\2017\Community\Common7\IDE\CommonExtensions\Microsoft\InteractiveWindow\extension.vsixmanifest'.
[0b00:0004][2017-10-17T09:47:11] Processing file /fr/Microsoft.VisualStudio.InteractiveWindow.resources.dll
[0b00:0004][2017-10-17T09:47:11] Started: Copying file /fr/Microsoft.VisualStudio.InteractiveWindow.resources.dll to C:\Program Files (x86)\Microsoft Visual Studio\2017\Community\Common7\IDE\CommonExtensions\Microsoft\InteractiveWindow\fr\Microsoft.VisualStudio.InteractiveWindow.resources.dll
[0b00:0004][2017-10-17T09:47:11] Completed: Copying file /fr/Microsoft.VisualStudio.InteractiveWindow.resources.dll to C:\Program Files (x86)\Microsoft Visual Studio\2017\Community\Common7\IDE\CommonExtensions\Microsoft\InteractiveWindow\fr\Microsoft.VisualStudio.InteractiveWindow.resources.dll
[0b00:0004][2017-10-17T09:47:11] Timestamp updated for file 'C:\Program Files (x86)\Microsoft Visual Studio\2017\Community\Common7\IDE\CommonExtensions\Microsoft\InteractiveWindow\fr\Microsoft.VisualStudio.InteractiveWindow.resources.dll'.
[0b00:0004][2017-10-17T09:47:11] Queueing C:\Program Files (x86)\Microsoft Visual Studio\2017\Community\Common7\IDE\CommonExtensions\Microsoft\InteractiveWindow\fr\Microsoft.VisualStudio.InteractiveWindow.resources.dll for X86 ngen
[0b00:0004][2017-10-17T09:47:11] Queueing C:\Program Files (x86)\Microsoft Visual Studio\2017\Community\Common7\IDE\CommonExtensions\Microsoft\InteractiveWindow\fr\Microsoft.VisualStudio.InteractiveWindow.resources.dll for X64 ngen
[0b00:0004][2017-10-17T09:47:11] Successfully queued file '/fr/Microsoft.VisualStudio.InteractiveWindow.resources.dll' for ngen
[0b00:0004][2017-10-17T09:47:11] Processing file /fr/Microsoft.VisualStudio.VsInteractiveWindow.resources.dll
[0b00:0004][2017-10-17T09:47:11] Started: Copying file /fr/Microsoft.VisualStudio.VsInteractiveWindow.resources.dll to C:\Program Files (x86)\Microsoft Visual Studio\2017\Community\Common7\IDE\CommonExtensions\Microsoft\InteractiveWindow\fr\Microsoft.VisualStudio.VsInteractiveWindow.resources.dll
[0b00:0004][2017-10-17T09:47:11] Completed: Copying file /fr/Microsoft.VisualStudio.VsInteractiveWindow.resources.dll to C:\Program Files (x86)\Microsoft Visual Studio\2017\Community\Common7\IDE\CommonExtensions\Microsoft\InteractiveWindow\fr\Microsoft.VisualStudio.VsInteractiveWindow.resources.dll
[0b00:0004][2017-10-17T09:47:11] Timestamp updated for file 'C:\Program Files (x86)\Microsoft Visual Studio\2017\Community\Common7\IDE\CommonExtensions\Microsoft\InteractiveWindow\fr\Microsoft.VisualStudio.VsInteractiveWindow.resources.dll'.
[0b00:0004][2017-10-17T09:47:11] Processing file /it/Microsoft.VisualStudio.InteractiveWindow.resources.dll
[0b00:0004][2017-10-17T09:47:11] Started: Copying file /it/Microsoft.VisualStudio.InteractiveWindow.resources.dll to C:\Program Files (x86)\Microsoft Visual Studio\2017\Community\Common7\IDE\CommonExtensions\Microsoft\InteractiveWindow\it\Microsoft.VisualStudio.InteractiveWindow.resources.dll
[0b00:0004][2017-10-17T09:47:11] Completed: Copying file /it/Microsoft.VisualStudio.InteractiveWindow.resources.dll to C:\Program Files (x86)\Microsoft Visual Studio\2017\Community\Common7\IDE\CommonExtensions\Microsoft\InteractiveWindow\it\Microsoft.VisualStudio.InteractiveWindow.resources.dll
[0b00:0004][2017-10-17T09:47:11] Timestamp updated for file 'C:\Program Files (x86)\Microsoft Visual Studio\2017\Community\Common7\IDE\CommonExtensions\Microsoft\InteractiveWindow\it\Microsoft.VisualStudio.InteractiveWindow.resources.dll'.
[0b00:0004][2017-10-17T09:47:11] Queueing C:\Program Files (x86)\Microsoft Visual Studio\2017\Community\Common7\IDE\CommonExtensions\Microsoft\InteractiveWindow\it\Microsoft.VisualStudio.InteractiveWindow.resources.dll for X86 ngen
[0b00:0004][2017-10-17T09:47:11] Queueing C:\Program Files (x86)\Microsoft Visual Studio\2017\Community\Common7\IDE\CommonExtensions\Microsoft\InteractiveWindow\it\Microsoft.VisualStudio.InteractiveWindow.resources.dll for X64 ngen
[0b00:0004][2017-10-17T09:47:11] Successfully queued file '/it/Microsoft.VisualStudio.InteractiveWindow.resources.dll' for ngen
[0b00:0004][2017-10-17T09:47:11] Processing file /it/Microsoft.VisualStudio.VsInteractiveWindow.resources.dll
[0b00:0004][2017-10-17T09:47:11] Started: Copying file /it/Microsoft.VisualStudio.VsInteractiveWindow.resources.dll to C:\Program Files (x86)\Microsoft Visual Studio\2017\Community\Common7\IDE\CommonExtensions\Microsoft\InteractiveWindow\it\Microsoft.VisualStudio.VsInteractiveWindow.resources.dll
[0b00:0004][2017-10-17T09:47:11] Completed: Copying file /it/Microsoft.VisualStudio.VsInteractiveWindow.resources.dll to C:\Program Files (x86)\Microsoft Visual Studio\2017\Community\Common7\IDE\CommonExtensions\Microsoft\InteractiveWindow\it\Microsoft.VisualStudio.VsInteractiveWindow.resources.dll
[0b00:0004][2017-10-17T09:47:11] Timestamp updated for file 'C:\Program Files (x86)\Microsoft Visual Studio\2017\Community\Common7\IDE\CommonExtensions\Microsoft\InteractiveWindow\it\Microsoft.VisualStudio.VsInteractiveWindow.resources.dll'.
[0b00:0004][2017-10-17T09:47:11] Processing file /ja/Microsoft.VisualStudio.InteractiveWindow.resources.dll
[0b00:0004][2017-10-17T09:47:11] Started: Copying file /ja/Microsoft.VisualStudio.InteractiveWindow.resources.dll to C:\Program Files (x86)\Microsoft Visual Studio\2017\Community\Common7\IDE\CommonExtensions\Microsoft\InteractiveWindow\ja\Microsoft.VisualStudio.InteractiveWindow.resources.dll
[0b00:0004][2017-10-17T09:47:11] Completed: Copying file /ja/Microsoft.VisualStudio.InteractiveWindow.resources.dll to C:\Program Files (x86)\Microsoft Visual Studio\2017\Community\Common7\IDE\CommonExtensions\Microsoft\InteractiveWindow\ja\Microsoft.VisualStudio.InteractiveWindow.resources.dll
[0b00:0004][2017-10-17T09:47:11] Timestamp updated for file 'C:\Program Files (x86)\Microsoft Visual Studio\2017\Community\Common7\IDE\CommonExtensions\Microsoft\InteractiveWindow\ja\Microsoft.VisualStudio.InteractiveWindow.resources.dll'.
[0b00:0004][2017-10-17T09:47:11] Queueing C:\Program Files (x86)\Microsoft Visual Studio\2017\Community\Common7\IDE\CommonExtensions\Microsoft\InteractiveWindow\ja\Microsoft.VisualStudio.InteractiveWindow.resources.dll for X86 ngen
[0b00:0004][2017-10-17T09:47:11] Queueing C:\Program Files (x86)\Microsoft Visual Studio\2017\Community\Common7\IDE\CommonExtensions\Microsoft\InteractiveWindow\ja\Microsoft.VisualStudio.InteractiveWindow.resources.dll for X64 ngen
[0b00:0004][2017-10-17T09:47:11] Successfully queued file '/ja/Microsoft.VisualStudio.InteractiveWindow.resources.dll' for ngen
[0b00:0004][2017-10-17T09:47:11] Processing file /ja/Microsoft.VisualStudio.VsInteractiveWindow.resources.dll
[0b00:0004][2017-10-17T09:47:11] Started: Copying file /ja/Microsoft.VisualStudio.VsInteractiveWindow.resources.dll to C:\Program Files (x86)\Microsoft Visual Studio\2017\Community\Common7\IDE\CommonExtensions\Microsoft\InteractiveWindow\ja\Microsoft.VisualStudio.VsInteractiveWindow.resources.dll
[0b00:0004][2017-10-17T09:47:11] Completed: Copying file /ja/Microsoft.VisualStudio.VsInteractiveWindow.resources.dll to C:\Program Files (x86)\Microsoft Visual Studio\2017\Community\Common7\IDE\CommonExtensions\Microsoft\InteractiveWindow\ja\Microsoft.VisualStudio.VsInteractiveWindow.resources.dll
[0b00:0004][2017-10-17T09:47:11] Timestamp updated for file 'C:\Program Files (x86)\Microsoft Visual Studio\2017\Community\Common7\IDE\CommonExtensions\Microsoft\InteractiveWindow\ja\Microsoft.VisualStudio.VsInteractiveWindow.resources.dll'.
[0b00:0004][2017-10-17T09:47:11] Processing file /ko/Microsoft.VisualStudio.InteractiveWindow.resources.dll
[0b00:0004][2017-10-17T09:47:11] Started: Copying file /ko/Microsoft.VisualStudio.InteractiveWindow.resources.dll to C:\Program Files (x86)\Microsoft Visual Studio\2017\Community\Common7\IDE\CommonExtensions\Microsoft\InteractiveWindow\ko\Microsoft.VisualStudio.InteractiveWindow.resources.dll
[0b00:0004][2017-10-17T09:47:11] Completed: Copying file /ko/Microsoft.VisualStudio.InteractiveWindow.resources.dll to C:\Program Files (x86)\Microsoft Visual Studio\2017\Community\Common7\IDE\CommonExtensions\Microsoft\InteractiveWindow\ko\Microsoft.VisualStudio.InteractiveWindow.resources.dll
[0b00:0004][2017-10-17T09:47:11] Timestamp updated for file 'C:\Program Files (x86)\Microsoft Visual Studio\2017\Community\Common7\IDE\CommonExtensions\Microsoft\InteractiveWindow\ko\Microsoft.VisualStudio.InteractiveWindow.resources.dll'.
[0b00:0004][2017-10-17T09:47:11] Queueing C:\Program Files (x86)\Microsoft Visual Studio\2017\Community\Common7\IDE\CommonExtensions\Microsoft\InteractiveWindow\ko\Microsoft.VisualStudio.InteractiveWindow.resources.dll for X86 ngen
[0b00:0004][2017-10-17T09:47:11] Queueing C:\Program Files (x86)\Microsoft Visual Studio\2017\Community\Common7\IDE\CommonExtensions\Microsoft\InteractiveWindow\ko\Microsoft.VisualStudio.InteractiveWindow.resources.dll for X64 ngen
[0b00:0004][2017-10-17T09:47:11] Successfully queued file '/ko/Microsoft.VisualStudio.InteractiveWindow.resources.dll' for ngen
[0b00:0004][2017-10-17T09:47:11] Processing file /ko/Microsoft.VisualStudio.VsInteractiveWindow.resources.dll
[0b00:0004][2017-10-17T09:47:11] Started: Copying file /ko/Microsoft.VisualStudio.VsInteractiveWindow.resources.dll to C:\Program Files (x86)\Microsoft Visual Studio\2017\Community\Common7\IDE\CommonExtensions\Microsoft\InteractiveWindow\ko\Microsoft.VisualStudio.VsInteractiveWindow.resources.dll
[0b00:0004][2017-10-17T09:47:11] Completed: Copying file /ko/Microsoft.VisualStudio.VsInteractiveWindow.resources.dll to C:\Program Files (x86)\Microsoft Visual Studio\2017\Community\Common7\IDE\CommonExtensions\Microsoft\InteractiveWindow\ko\Microsoft.VisualStudio.VsInteractiveWindow.resources.dll
[0b00:0004][2017-10-17T09:47:11] Timestamp updated for file 'C:\Program Files (x86)\Microsoft Visual Studio\2017\Community\Common7\IDE\CommonExtensions\Microsoft\InteractiveWindow\ko\Microsoft.VisualStudio.VsInteractiveWindow.resources.dll'.
[0b00:0004][2017-10-17T09:47:11] Processing file /manifest.json
[0b00:0004][2017-10-17T09:47:11] Started: Copying file /manifest.json to C:\Program Files (x86)\Microsoft Visual Studio\2017\Community\Common7\IDE\CommonExtensions\Microsoft\InteractiveWindow\manifest.json
[0b00:0004][2017-10-17T09:47:11] Completed: Copying file /manifest.json to C:\Program Files (x86)\Microsoft Visual Studio\2017\Community\Common7\IDE\CommonExtensions\Microsoft\InteractiveWindow\manifest.json
[0b00:0004][2017-10-17T09:47:11] Timestamp updated for file 'C:\Program Files (x86)\Microsoft Visual Studio\2017\Community\Common7\IDE\CommonExtensions\Microsoft\InteractiveWindow\manifest.json'.
[0b00:0004][2017-10-17T09:47:11] Processing file /Microsoft.VisualStudio.InteractiveWindow.dll
[0b00:0004][2017-10-17T09:47:11] Started: Copying file /Microsoft.VisualStudio.InteractiveWindow.dll to C:\Program Files (x86)\Microsoft Visual Studio\2017\Community\Common7\IDE\CommonExtensions\Microsoft\InteractiveWindow\Microsoft.VisualStudio.InteractiveWindow.dll
[0b00:0004][2017-10-17T09:47:11] Completed: Copying file /Microsoft.VisualStudio.InteractiveWindow.dll to C:\Program Files (x86)\Microsoft Visual Studio\2017\Community\Common7\IDE\CommonExtensions\Microsoft\InteractiveWindow\Microsoft.VisualStudio.InteractiveWindow.dll
[0b00:0004][2017-10-17T09:47:11] Timestamp updated for file 'C:\Program Files (x86)\Microsoft Visual Studio\2017\Community\Common7\IDE\CommonExtensions\Microsoft\InteractiveWindow\Microsoft.VisualStudio.InteractiveWindow.dll'.
[0b00:0004][2017-10-17T09:47:11] Queueing C:\Program Files (x86)\Microsoft Visual Studio\2017\Community\Common7\IDE\CommonExtensions\Microsoft\InteractiveWindow\Microsoft.VisualStudio.InteractiveWindow.dll for X86 ngen
[0b00:0004][2017-10-17T09:47:11] Queueing C:\Program Files (x86)\Microsoft Visual Studio\2017\Community\Common7\IDE\CommonExtensions\Microsoft\InteractiveWindow\Microsoft.VisualStudio.InteractiveWindow.dll for X64 ngen
[0b00:0004][2017-10-17T09:47:11] Successfully queued file '/Microsoft.VisualStudio.InteractiveWindow.dll' for ngen
[0b00:0004][2017-10-17T09:47:11] Processing file /Microsoft.VisualStudio.VsInteractiveWindow.dll
[0b00:0004][2017-10-17T09:47:11] Started: Copying file /Microsoft.VisualStudio.VsInteractiveWindow.dll to C:\Program Files (x86)\Microsoft Visual Studio\2017\Community\Common7\IDE\CommonExtensions\Microsoft\InteractiveWindow\Microsoft.VisualStudio.VsInteractiveWindow.dll
[0b00:0004][2017-10-17T09:47:11] Completed: Copying file /Microsoft.VisualStudio.VsInteractiveWindow.dll to C:\Program Files (x86)\Microsoft Visual Studio\2017\Community\Common7\IDE\CommonExtensions\Microsoft\InteractiveWindow\Microsoft.VisualStudio.VsInteractiveWindow.dll
[0b00:0004][2017-10-17T09:47:11] Timestamp updated for file 'C:\Program Files (x86)\Microsoft Visual Studio\2017\Community\Common7\IDE\CommonExtensions\Microsoft\InteractiveWindow\Microsoft.VisualStudio.VsInteractiveWindow.dll'.
[0b00:0004][2017-10-17T09:47:11] Queueing C:\Program Files (x86)\Microsoft Visual Studio\2017\Community\Common7\IDE\CommonExtensions\Microsoft\InteractiveWindow\Microsoft.VisualStudio.VsInteractiveWindow.dll for X86 ngen
[0b00:0004][2017-10-17T09:47:11] Queueing C:\Program Files (x86)\Microsoft Visual Studio\2017\Community\Common7\IDE\CommonExtensions\Microsoft\InteractiveWindow\Microsoft.VisualStudio.VsInteractiveWindow.dll for X64 ngen
[0b00:0004][2017-10-17T09:47:11] Successfully queued file '/Microsoft.VisualStudio.VsInteractiveWindow.dll' for ngen
[0b00:0004][2017-10-17T09:47:11] Processing file /Microsoft.VisualStudio.VsInteractiveWindow.pkgdef
[0b00:0004][2017-10-17T09:47:11] Started: Copying file /Microsoft.VisualStudio.VsInteractiveWindow.pkgdef to C:\Program Files (x86)\Microsoft Visual Studio\2017\Community\Common7\IDE\CommonExtensions\Microsoft\InteractiveWindow\Microsoft.VisualStudio.VsInteractiveWindow.pkgdef
[0b00:0004][2017-10-17T09:47:11] Completed: Copying file /Microsoft.VisualStudio.VsInteractiveWindow.pkgdef to C:\Program Files (x86)\Microsoft Visual Studio\2017\Community\Common7\IDE\CommonExtensions\Microsoft\InteractiveWindow\Microsoft.VisualStudio.VsInteractiveWindow.pkgdef
[0b00:0004][2017-10-17T09:47:11] Timestamp updated for file 'C:\Program Files (x86)\Microsoft Visual Studio\2017\Community\Common7\IDE\CommonExtensions\Microsoft\InteractiveWindow\Microsoft.VisualStudio.VsInteractiveWindow.pkgdef'.
[0b00:0004][2017-10-17T09:47:11] Processing file /pl/Microsoft.VisualStudio.InteractiveWindow.resources.dll
[0b00:0004][2017-10-17T09:47:11] Started: Copying file /pl/Microsoft.VisualStudio.InteractiveWindow.resources.dll to C:\Program Files (x86)\Microsoft Visual Studio\2017\Community\Common7\IDE\CommonExtensions\Microsoft\InteractiveWindow\pl\Microsoft.VisualStudio.InteractiveWindow.resources.dll
[0b00:0004][2017-10-17T09:47:11] Completed: Copying file /pl/Microsoft.VisualStudio.InteractiveWindow.resources.dll to C:\Program Files (x86)\Microsoft Visual Studio\2017\Community\Common7\IDE\CommonExtensions\Microsoft\InteractiveWindow\pl\Microsoft.VisualStudio.InteractiveWindow.resources.dll
[0b00:0004][2017-10-17T09:47:11] Timestamp updated for file 'C:\Program Files (x86)\Microsoft Visual Studio\2017\Community\Common7\IDE\CommonExtensions\Microsoft\InteractiveWindow\pl\Microsoft.VisualStudio.InteractiveWindow.resources.dll'.
[0b00:0004][2017-10-17T09:47:11] Queueing C:\Program Files (x86)\Microsoft Visual Studio\2017\Community\Common7\IDE\CommonExtensions\Microsoft\InteractiveWindow\pl\Microsoft.VisualStudio.InteractiveWindow.resources.dll for X86 ngen
[0b00:0004][2017-10-17T09:47:11] Queueing C:\Program Files (x86)\Microsoft Visual Studio\2017\Community\Common7\IDE\CommonExtensions\Microsoft\InteractiveWindow\pl\Microsoft.VisualStudio.InteractiveWindow.resources.dll for X64 ngen
[0b00:0004][2017-10-17T09:47:11] Successfully queued file '/pl/Microsoft.VisualStudio.InteractiveWindow.resources.dll' for ngen
[0b00:0004][2017-10-17T09:47:11] Processing file /pl/Microsoft.VisualStudio.VsInteractiveWindow.resources.dll
[0b00:0004][2017-10-17T09:47:11] Started: Copying file /pl/Microsoft.VisualStudio.VsInteractiveWindow.resources.dll to C:\Program Files (x86)\Microsoft Visual Studio\2017\Community\Common7\IDE\CommonExtensions\Microsoft\InteractiveWindow\pl\Microsoft.VisualStudio.VsInteractiveWindow.resources.dll
[0b00:0004][2017-10-17T09:47:11] Completed: Copying file /pl/Microsoft.VisualStudio.VsInteractiveWindow.resources.dll to C:\Program Files (x86)\Microsoft Visual Studio\2017\Community\Common7\IDE\CommonExtensions\Microsoft\InteractiveWindow\pl\Microsoft.VisualStudio.VsInteractiveWindow.resources.dll
[0b00:0004][2017-10-17T09:47:11] Timestamp updated for file 'C:\Program Files (x86)\Microsoft Visual Studio\2017\Community\Common7\IDE\CommonExtensions\Microsoft\InteractiveWindow\pl\Microsoft.VisualStudio.VsInteractiveWindow.resources.dll'.
[0b00:0004][2017-10-17T09:47:11] Processing file /pt-BR/Microsoft.VisualStudio.InteractiveWindow.resources.dll
[0b00:0004][2017-10-17T09:47:11] Started: Copying file /pt-BR/Microsoft.VisualStudio.InteractiveWindow.resources.dll to C:\Program Files (x86)\Microsoft Visual Studio\2017\Community\Common7\IDE\CommonExtensions\Microsoft\InteractiveWindow\pt-BR\Microsoft.VisualStudio.InteractiveWindow.resources.dll
[0b00:0004][2017-10-17T09:47:11] Completed: Copying file /pt-BR/Microsoft.VisualStudio.InteractiveWindow.resources.dll to C:\Program Files (x86)\Microsoft Visual Studio\2017\Community\Common7\IDE\CommonExtensions\Microsoft\InteractiveWindow\pt-BR\Microsoft.VisualStudio.InteractiveWindow.resources.dll
[0b00:0004][2017-10-17T09:47:11] Timestamp updated for file 'C:\Program Files (x86)\Microsoft Visual Studio\2017\Community\Common7\IDE\CommonExtensions\Microsoft\InteractiveWindow\pt-BR\Microsoft.VisualStudio.InteractiveWindow.resources.dll'.
[0b00:0004][2017-10-17T09:47:11] Queueing C:\Program Files (x86)\Microsoft Visual Studio\2017\Community\Common7\IDE\CommonExtensions\Microsoft\InteractiveWindow\pt-BR\Microsoft.VisualStudio.InteractiveWindow.resources.dll for X86 ngen
[0b00:0004][2017-10-17T09:47:11] Queueing C:\Program Files (x86)\Microsoft Visual Studio\2017\Community\Common7\IDE\CommonExtensions\Microsoft\InteractiveWindow\pt-BR\Microsoft.VisualStudio.InteractiveWindow.resources.dll for X64 ngen
[0b00:0004][2017-10-17T09:47:11] Successfully queued file '/pt-BR/Microsoft.VisualStudio.InteractiveWindow.resources.dll' for ngen
[0b00:0004][2017-10-17T09:47:11] Processing file /pt-BR/Microsoft.VisualStudio.VsInteractiveWindow.resources.dll
[0b00:0004][2017-10-17T09:47:11] Started: Copying file /pt-BR/Microsoft.VisualStudio.VsInteractiveWindow.resources.dll to C:\Program Files (x86)\Microsoft Visual Studio\2017\Community\Common7\IDE\CommonExtensions\Microsoft\InteractiveWindow\pt-BR\Microsoft.VisualStudio.VsInteractiveWindow.resources.dll
[0b00:0004][2017-10-17T09:47:11] Completed: Copying file /pt-BR/Microsoft.VisualStudio.VsInteractiveWindow.resources.dll to C:\Program Files (x86)\Microsoft Visual Studio\2017\Community\Common7\IDE\CommonExtensions\Microsoft\InteractiveWindow\pt-BR\Microsoft.VisualStudio.VsInteractiveWindow.resources.dll
[0b00:0004][2017-10-17T09:47:11] Timestamp updated for file 'C:\Program Files (x86)\Microsoft Visual Studio\2017\Community\Common7\IDE\CommonExtensions\Microsoft\InteractiveWindow\pt-BR\Microsoft.VisualStudio.VsInteractiveWindow.resources.dll'.
[0b00:0004][2017-10-17T09:47:11] Processing file /ru/Microsoft.VisualStudio.InteractiveWindow.resources.dll
[0b00:0004][2017-10-17T09:47:11] Started: Copying file /ru/Microsoft.VisualStudio.InteractiveWindow.resources.dll to C:\Program Files (x86)\Microsoft Visual Studio\2017\Community\Common7\IDE\CommonExtensions\Microsoft\InteractiveWindow\ru\Microsoft.VisualStudio.InteractiveWindow.resources.dll
[0b00:0004][2017-10-17T09:47:11] Completed: Copying file /ru/Microsoft.VisualStudio.InteractiveWindow.resources.dll to C:\Program Files (x86)\Microsoft Visual Studio\2017\Community\Common7\IDE\CommonExtensions\Microsoft\InteractiveWindow\ru\Microsoft.VisualStudio.InteractiveWindow.resources.dll
[0b00:0004][2017-10-17T09:47:11] Timestamp updated for file 'C:\Program Files (x86)\Microsoft Visual Studio\2017\Community\Common7\IDE\CommonExtensions\Microsoft\InteractiveWindow\ru\Microsoft.VisualStudio.InteractiveWindow.resources.dll'.
[0b00:0004][2017-10-17T09:47:11] Queueing C:\Program Files (x86)\Microsoft Visual Studio\2017\Community\Common7\IDE\CommonExtensions\Microsoft\InteractiveWindow\ru\Microsoft.VisualStudio.InteractiveWindow.resources.dll for X86 ngen
[0b00:0004][2017-10-17T09:47:11] Queueing C:\Program Files (x86)\Microsoft Visual Studio\2017\Community\Common7\IDE\CommonExtensions\Microsoft\InteractiveWindow\ru\Microsoft.VisualStudio.InteractiveWindow.resources.dll for X64 ngen
[0b00:0004][2017-10-17T09:47:11] Successfully queued file '/ru/Microsoft.VisualStudio.InteractiveWindow.resources.dll' for ngen
[0b00:0004][2017-10-17T09:47:11] Processing file /ru/Microsoft.VisualStudio.VsInteractiveWindow.resources.dll
[0b00:0004][2017-10-17T09:47:11] Started: Copying file /ru/Microsoft.VisualStudio.VsInteractiveWindow.resources.dll to C:\Program Files (x86)\Microsoft Visual Studio\2017\Community\Common7\IDE\CommonExtensions\Microsoft\InteractiveWindow\ru\Microsoft.VisualStudio.VsInteractiveWindow.resources.dll
[0b00:0004][2017-10-17T09:47:11] Completed: Copying file /ru/Microsoft.VisualStudio.VsInteractiveWindow.resources.dll to C:\Program Files (x86)\Microsoft Visual Studio\2017\Community\Common7\IDE\CommonExtensions\Microsoft\InteractiveWindow\ru\Microsoft.VisualStudio.VsInteractiveWindow.resources.dll
[0b00:0004][2017-10-17T09:47:11] Timestamp updated for file 'C:\Program Files (x86)\Microsoft Visual Studio\2017\Community\Common7\IDE\CommonExtensions\Microsoft\InteractiveWindow\ru\Microsoft.VisualStudio.VsInteractiveWindow.resources.dll'.
[0b00:0004][2017-10-17T09:47:11] Processing file /tr/Microsoft.VisualStudio.InteractiveWindow.resources.dll
[0b00:0004][2017-10-17T09:47:11] Started: Copying file /tr/Microsoft.VisualStudio.InteractiveWindow.resources.dll to C:\Program Files (x86)\Microsoft Visual Studio\2017\Community\Common7\IDE\CommonExtensions\Microsoft\InteractiveWindow\tr\Microsoft.VisualStudio.InteractiveWindow.resources.dll
[0b00:0004][2017-10-17T09:47:11] Completed: Copying file /tr/Microsoft.VisualStudio.InteractiveWindow.resources.dll to C:\Program Files (x86)\Microsoft Visual Studio\2017\Community\Common7\IDE\CommonExtensions\Microsoft\InteractiveWindow\tr\Microsoft.VisualStudio.InteractiveWindow.resources.dll
[0b00:0004][2017-10-17T09:47:11] Timestamp updated for file 'C:\Program Files (x86)\Microsoft Visual Studio\2017\Community\Common7\IDE\CommonExtensions\Microsoft\InteractiveWindow\tr\Microsoft.VisualStudio.InteractiveWindow.resources.dll'.
[0b00:0004][2017-10-17T09:47:11] Queueing C:\Program Files (x86)\Microsoft Visual Studio\2017\Community\Common7\IDE\CommonExtensions\Microsoft\InteractiveWindow\tr\Microsoft.VisualStudio.InteractiveWindow.resources.dll for X86 ngen
[0b00:0004][2017-10-17T09:47:11] Queueing C:\Program Files (x86)\Microsoft Visual Studio\2017\Community\Common7\IDE\CommonExtensions\Microsoft\InteractiveWindow\tr\Microsoft.VisualStudio.InteractiveWindow.resources.dll for X64 ngen
[0b00:0004][2017-10-17T09:47:11] Successfully queued file '/tr/Microsoft.VisualStudio.InteractiveWindow.resources.dll' for ngen
[0b00:0004][2017-10-17T09:47:11] Processing file /tr/Microsoft.VisualStudio.VsInteractiveWindow.resources.dll
[0b00:0004][2017-10-17T09:47:11] Started: Copying file /tr/Microsoft.VisualStudio.VsInteractiveWindow.resources.dll to C:\Program Files (x86)\Microsoft Visual Studio\2017\Community\Common7\IDE\CommonExtensions\Microsoft\InteractiveWindow\tr\Microsoft.VisualStudio.VsInteractiveWindow.resources.dll
[0b00:0004][2017-10-17T09:47:11] Completed: Copying file /tr/Microsoft.VisualStudio.VsInteractiveWindow.resources.dll to C:\Program Files (x86)\Microsoft Visual Studio\2017\Community\Common7\IDE\CommonExtensions\Microsoft\InteractiveWindow\tr\Microsoft.VisualStudio.VsInteractiveWindow.resources.dll
[0b00:0004][2017-10-17T09:47:11] Timestamp updated for file 'C:\Program Files (x86)\Microsoft Visual Studio\2017\Community\Common7\IDE\CommonExtensions\Microsoft\InteractiveWindow\tr\Microsoft.VisualStudio.VsInteractiveWindow.resources.dll'.
[0b00:0004][2017-10-17T09:47:11] Processing file /zh-Hans/Microsoft.VisualStudio.InteractiveWindow.resources.dll
[0b00:0004][2017-10-17T09:47:11] Started: Copying file /zh-Hans/Microsoft.VisualStudio.InteractiveWindow.resources.dll to C:\Program Files (x86)\Microsoft Visual Studio\2017\Community\Common7\IDE\CommonExtensions\Microsoft\InteractiveWindow\zh-Hans\Microsoft.VisualStudio.InteractiveWindow.resources.dll
[0b00:0004][2017-10-17T09:47:11] Completed: Copying file /zh-Hans/Microsoft.VisualStudio.InteractiveWindow.resources.dll to C:\Program Files (x86)\Microsoft Visual Studio\2017\Community\Common7\IDE\CommonExtensions\Microsoft\InteractiveWindow\zh-Hans\Microsoft.VisualStudio.InteractiveWindow.resources.dll
[0b00:0004][2017-10-17T09:47:11] Timestamp updated for file 'C:\Program Files (x86)\Microsoft Visual Studio\2017\Community\Common7\IDE\CommonExtensions\Microsoft\InteractiveWindow\zh-Hans\Microsoft.VisualStudio.InteractiveWindow.resources.dll'.
[0b00:0004][2017-10-17T09:47:11] Queueing C:\Program Files (x86)\Microsoft Visual Studio\2017\Community\Common7\IDE\CommonExtensions\Microsoft\InteractiveWindow\zh-Hans\Microsoft.VisualStudio.InteractiveWindow.resources.dll for X86 ngen
[0b00:0004][2017-10-17T09:47:11] Queueing C:\Program Files (x86)\Microsoft Visual Studio\2017\Community\Common7\IDE\CommonExtensions\Microsoft\InteractiveWindow\zh-Hans\Microsoft.VisualStudio.InteractiveWindow.resources.dll for X64 ngen
[0b00:0004][2017-10-17T09:47:11] Successfully queued file '/zh-Hans/Microsoft.VisualStudio.InteractiveWindow.resources.dll' for ngen
[0b00:0004][2017-10-17T09:47:11] Processing file /zh-Hans/Microsoft.VisualStudio.VsInteractiveWindow.resources.dll
[0b00:0004][2017-10-17T09:47:11] Started: Copying file /zh-Hans/Microsoft.VisualStudio.VsInteractiveWindow.resources.dll to C:\Program Files (x86)\Microsoft Visual Studio\2017\Community\Common7\IDE\CommonExtensions\Microsoft\InteractiveWindow\zh-Hans\Microsoft.VisualStudio.VsInteractiveWindow.resources.dll
[0b00:0004][2017-10-17T09:47:11] Completed: Copying file /zh-Hans/Microsoft.VisualStudio.VsInteractiveWindow.resources.dll to C:\Program Files (x86)\Microsoft Visual Studio\2017\Community\Common7\IDE\CommonExtensions\Microsoft\InteractiveWindow\zh-Hans\Microsoft.VisualStudio.VsInteractiveWindow.resources.dll
[0b00:0004][2017-10-17T09:47:11] Timestamp updated for file 'C:\Program Files (x86)\Microsoft Visual Studio\2017\Community\Common7\IDE\CommonExtensions\Microsoft\InteractiveWindow\zh-Hans\Microsoft.VisualStudio.VsInteractiveWindow.resources.dll'.
[0b00:0004][2017-10-17T09:47:11] Processing file /zh-Hant/Microsoft.VisualStudio.InteractiveWindow.resources.dll
[0b00:0004][2017-10-17T09:47:11] Started: Copying file /zh-Hant/Microsoft.VisualStudio.InteractiveWindow.resources.dll to C:\Program Files (x86)\Microsoft Visual Studio\2017\Community\Common7\IDE\CommonExtensions\Microsoft\InteractiveWindow\zh-Hant\Microsoft.VisualStudio.InteractiveWindow.resources.dll
[0b00:0004][2017-10-17T09:47:11] Completed: Copying file /zh-Hant/Microsoft.VisualStudio.InteractiveWindow.resources.dll to C:\Program Files (x86)\Microsoft Visual Studio\2017\Community\Common7\IDE\CommonExtensions\Microsoft\InteractiveWindow\zh-Hant\Microsoft.VisualStudio.InteractiveWindow.resources.dll
[0b00:0004][2017-10-17T09:47:11] Timestamp updated for file 'C:\Program Files (x86)\Microsoft Visual Studio\2017\Community\Common7\IDE\CommonExtensions\Microsoft\InteractiveWindow\zh-Hant\Microsoft.VisualStudio.InteractiveWindow.resources.dll'.
[0b00:0004][2017-10-17T09:47:11] Queueing C:\Program Files (x86)\Microsoft Visual Studio\2017\Community\Common7\IDE\CommonExtensions\Microsoft\InteractiveWindow\zh-Hant\Microsoft.VisualStudio.InteractiveWindow.resources.dll for X86 ngen
[0b00:0004][2017-10-17T09:47:11] Queueing C:\Program Files (x86)\Microsoft Visual Studio\2017\Community\Common7\IDE\CommonExtensions\Microsoft\InteractiveWindow\zh-Hant\Microsoft.VisualStudio.InteractiveWindow.resources.dll for X64 ngen
[0b00:0004][2017-10-17T09:47:11] Successfully queued file '/zh-Hant/Microsoft.VisualStudio.InteractiveWindow.resources.dll' for ngen
[0b00:0004][2017-10-17T09:47:11] Processing file /zh-Hant/Microsoft.VisualStudio.VsInteractiveWindow.resources.dll
[0b00:0004][2017-10-17T09:47:11] Started: Copying file /zh-Hant/Microsoft.VisualStudio.VsInteractiveWindow.resources.dll to C:\Program Files (x86)\Microsoft Visual Studio\2017\Community\Common7\IDE\CommonExtensions\Microsoft\InteractiveWindow\zh-Hant\Microsoft.VisualStudio.VsInteractiveWindow.resources.dll
[0b00:0004][2017-10-17T09:47:11] Completed: Copying file /zh-Hant/Microsoft.VisualStudio.VsInteractiveWindow.resources.dll to C:\Program Files (x86)\Microsoft Visual Studio\2017\Community\Common7\IDE\CommonExtensions\Microsoft\InteractiveWindow\zh-Hant\Microsoft.VisualStudio.VsInteractiveWindow.resources.dll
[0b00:0004][2017-10-17T09:47:11] Timestamp updated for file 'C:\Program Files (x86)\Microsoft Visual Studio\2017\Community\Common7\IDE\CommonExtensions\Microsoft\InteractiveWindow\zh-Hant\Microsoft.VisualStudio.VsInteractiveWindow.resources.dll'.
[0b00:0004][2017-10-17T09:47:11] Package executed successfully. Return code: 0
