[0b00:0004][2017-10-17T09:47:11] Opening the package for processing
[0b00:0004][2017-10-17T09:47:11] Using package payload to get the embedded manifest
[0b00:0004][2017-10-17T09:47:11] Getting list of files within the package
[0b00:0004][2017-10-17T09:47:11] Processing file /Contents/Common7/IDE/CommonExtensions/Microsoft/WebClient/Diagnostics/ToolWindows/DiagToolsColors.pkgdef
[0b00:0004][2017-10-17T09:47:11] Started: Copying file /Contents/Common7/IDE/CommonExtensions/Microsoft/WebClient/Diagnostics/ToolWindows/DiagToolsColors.pkgdef to C:\Program Files (x86)\Microsoft Visual Studio\2017\Community\Common7\IDE\CommonExtensions\Microsoft\WebClient\Diagnostics\ToolWindows\DiagToolsColors.pkgdef
[0b00:0004][2017-10-17T09:47:11] Completed: Copying file /Contents/Common7/IDE/CommonExtensions/Microsoft/WebClient/Diagnostics/ToolWindows/DiagToolsColors.pkgdef to C:\Program Files (x86)\Microsoft Visual Studio\2017\Community\Common7\IDE\CommonExtensions\Microsoft\WebClient\Diagnostics\ToolWindows\DiagToolsColors.pkgdef
[0b00:0004][2017-10-17T09:47:11] Timestamp updated for file 'C:\Program Files (x86)\Microsoft Visual Studio\2017\Community\Common7\IDE\CommonExtensions\Microsoft\WebClient\Diagnostics\ToolWindows\DiagToolsColors.pkgdef'.
[0b00:0004][2017-10-17T09:47:11] Processing file /Contents/Common7/IDE/CommonExtensions/Microsoft/WebClient/Diagnostics/ToolWindows/extension.vsixmanifest
[0b00:0004][2017-10-17T09:47:11] Started: Copying file /Contents/Common7/IDE/CommonExtensions/Microsoft/WebClient/Diagnostics/ToolWindows/extension.vsixmanifest to C:\Program Files (x86)\Microsoft Visual Studio\2017\Community\Common7\IDE\CommonExtensions\Microsoft\WebClient\Diagnostics\ToolWindows\extension.vsixmanifest
[0b00:0004][2017-10-17T09:47:11] Completed: Copying file /Contents/Common7/IDE/CommonExtensions/Microsoft/WebClient/Diagnostics/ToolWindows/extension.vsixmanifest to C:\Program Files (x86)\Microsoft Visual Studio\2017\Community\Common7\IDE\CommonExtensions\Microsoft\WebClient\Diagnostics\ToolWindows\extension.vsixmanifest
[0b00:0004][2017-10-17T09:47:11] Timestamp updated for file 'C:\Program Files (x86)\Microsoft Visual Studio\2017\Community\Common7\IDE\CommonExtensions\Microsoft\WebClient\Diagnostics\ToolWindows\extension.vsixmanifest'.
[0b00:0004][2017-10-17T09:47:11] Processing file /Contents/Common7/IDE/CommonExtensions/Microsoft/WebClient/Diagnostics/ToolWindows/HTMLTools/MemoryAnalyzer/Resources/Resources.resx
[0b00:0004][2017-10-17T09:47:11] Started: Copying file /Contents/Common7/IDE/CommonExtensions/Microsoft/WebClient/Diagnostics/ToolWindows/HTMLTools/MemoryAnalyzer/Resources/Resources.resx to C:\Program Files (x86)\Microsoft Visual Studio\2017\Community\Common7\IDE\CommonExtensions\Microsoft\WebClient\Diagnostics\ToolWindows\HTMLTools\MemoryAnalyzer\Resources\Resources.resx
[0b00:0004][2017-10-17T09:47:11] Completed: Copying file /Contents/Common7/IDE/CommonExtensions/Microsoft/WebClient/Diagnostics/ToolWindows/HTMLTools/MemoryAnalyzer/Resources/Resources.resx to C:\Program Files (x86)\Microsoft Visual Studio\2017\Community\Common7\IDE\CommonExtensions\Microsoft\WebClient\Diagnostics\ToolWindows\HTMLTools\MemoryAnalyzer\Resources\Resources.resx
[0b00:0004][2017-10-17T09:47:11] Timestamp updated for file 'C:\Program Files (x86)\Microsoft Visual Studio\2017\Community\Common7\IDE\CommonExtensions\Microsoft\WebClient\Diagnostics\ToolWindows\HTMLTools\MemoryAnalyzer\Resources\Resources.resx'.
[0b00:0004][2017-10-17T09:47:11] Processing file /Contents/Common7/IDE/CommonExtensions/Microsoft/WebClient/Diagnostics/ToolWindows/HTMLTools/MemoryAnalyzer/x86/MemoryAnalyzer.dll
[0b00:0004][2017-10-17T09:47:11] Started: Copying file /Contents/Common7/IDE/CommonExtensions/Microsoft/WebClient/Diagnostics/ToolWindows/HTMLTools/MemoryAnalyzer/x86/MemoryAnalyzer.dll to C:\Program Files (x86)\Microsoft Visual Studio\2017\Community\Common7\IDE\CommonExtensions\Microsoft\WebClient\Diagnostics\ToolWindows\HTMLTools\MemoryAnalyzer\x86\MemoryAnalyzer.dll
[0b00:0004][2017-10-17T09:47:11] Completed: Copying file /Contents/Common7/IDE/CommonExtensions/Microsoft/WebClient/Diagnostics/ToolWindows/HTMLTools/MemoryAnalyzer/x86/MemoryAnalyzer.dll to C:\Program Files (x86)\Microsoft Visual Studio\2017\Community\Common7\IDE\CommonExtensions\Microsoft\WebClient\Diagnostics\ToolWindows\HTMLTools\MemoryAnalyzer\x86\MemoryAnalyzer.dll
[0b00:0004][2017-10-17T09:47:11] Timestamp updated for file 'C:\Program Files (x86)\Microsoft Visual Studio\2017\Community\Common7\IDE\CommonExtensions\Microsoft\WebClient\Diagnostics\ToolWindows\HTMLTools\MemoryAnalyzer\x86\MemoryAnalyzer.dll'.
[0b00:0004][2017-10-17T09:47:11] Processing file /Contents/Common7/IDE/CommonExtensions/Microsoft/WebClient/Diagnostics/ToolWindows/HTMLTools/VisualProfiler/DataCategoryStyles.css
[0b00:0004][2017-10-17T09:47:11] Started: Copying file /Contents/Common7/IDE/CommonExtensions/Microsoft/WebClient/Diagnostics/ToolWindows/HTMLTools/VisualProfiler/DataCategoryStyles.css to C:\Program Files (x86)\Microsoft Visual Studio\2017\Community\Common7\IDE\CommonExtensions\Microsoft\WebClient\Diagnostics\ToolWindows\HTMLTools\VisualProfiler\DataCategoryStyles.css
[0b00:0004][2017-10-17T09:47:11] Completed: Copying file /Contents/Common7/IDE/CommonExtensions/Microsoft/WebClient/Diagnostics/ToolWindows/HTMLTools/VisualProfiler/DataCategoryStyles.css to C:\Program Files (x86)\Microsoft Visual Studio\2017\Community\Common7\IDE\CommonExtensions\Microsoft\WebClient\Diagnostics\ToolWindows\HTMLTools\VisualProfiler\DataCategoryStyles.css
[0b00:0004][2017-10-17T09:47:11] Timestamp updated for file 'C:\Program Files (x86)\Microsoft Visual Studio\2017\Community\Common7\IDE\CommonExtensions\Microsoft\WebClient\Diagnostics\ToolWindows\HTMLTools\VisualProfiler\DataCategoryStyles.css'.
[0b00:0004][2017-10-17T09:47:11] Processing file /Contents/Common7/IDE/CommonExtensions/Microsoft/WebClient/Diagnostics/ToolWindows/HTMLTools/VisualProfiler/HubGraphs.js
[0b00:0004][2017-10-17T09:47:11] Started: Copying file /Contents/Common7/IDE/CommonExtensions/Microsoft/WebClient/Diagnostics/ToolWindows/HTMLTools/VisualProfiler/HubGraphs.js to C:\Program Files (x86)\Microsoft Visual Studio\2017\Community\Common7\IDE\CommonExtensions\Microsoft\WebClient\Diagnostics\ToolWindows\HTMLTools\VisualProfiler\HubGraphs.js
[0b00:0004][2017-10-17T09:47:11] Completed: Copying file /Contents/Common7/IDE/CommonExtensions/Microsoft/WebClient/Diagnostics/ToolWindows/HTMLTools/VisualProfiler/HubGraphs.js to C:\Program Files (x86)\Microsoft Visual Studio\2017\Community\Common7\IDE\CommonExtensions\Microsoft\WebClient\Diagnostics\ToolWindows\HTMLTools\VisualProfiler\HubGraphs.js
[0b00:0004][2017-10-17T09:47:11] Timestamp updated for file 'C:\Program Files (x86)\Microsoft Visual Studio\2017\Community\Common7\IDE\CommonExtensions\Microsoft\WebClient\Diagnostics\ToolWindows\HTMLTools\VisualProfiler\HubGraphs.js'.
[0b00:0004][2017-10-17T09:47:11] Processing file /Contents/Common7/IDE/CommonExtensions/Microsoft/WebClient/Diagnostics/ToolWindows/HTMLTools/VisualProfiler/js/hubGraphs/StackedBarChart.css
[0b00:0004][2017-10-17T09:47:11] Started: Copying file /Contents/Common7/IDE/CommonExtensions/Microsoft/WebClient/Diagnostics/ToolWindows/HTMLTools/VisualProfiler/js/hubGraphs/StackedBarChart.css to C:\Program Files (x86)\Microsoft Visual Studio\2017\Community\Common7\IDE\CommonExtensions\Microsoft\WebClient\Diagnostics\ToolWindows\HTMLTools\VisualProfiler\js\hubGraphs\StackedBarChart.css
[0b00:0004][2017-10-17T09:47:11] Completed: Copying file /Contents/Common7/IDE/CommonExtensions/Microsoft/WebClient/Diagnostics/ToolWindows/HTMLTools/VisualProfiler/js/hubGraphs/StackedBarChart.css to C:\Program Files (x86)\Microsoft Visual Studio\2017\Community\Common7\IDE\CommonExtensions\Microsoft\WebClient\Diagnostics\ToolWindows\HTMLTools\VisualProfiler\js\hubGraphs\StackedBarChart.css
[0b00:0004][2017-10-17T09:47:11] Timestamp updated for file 'C:\Program Files (x86)\Microsoft Visual Studio\2017\Community\Common7\IDE\CommonExtensions\Microsoft\WebClient\Diagnostics\ToolWindows\HTMLTools\VisualProfiler\js\hubGraphs\StackedBarChart.css'.
[0b00:0004][2017-10-17T09:47:11] Processing file /Contents/Common7/IDE/CommonExtensions/Microsoft/WebClient/Diagnostics/ToolWindows/HTMLTools/VisualProfiler/Resources/Resources.resx
[0b00:0004][2017-10-17T09:47:11] Started: Copying file /Contents/Common7/IDE/CommonExtensions/Microsoft/WebClient/Diagnostics/ToolWindows/HTMLTools/VisualProfiler/Resources/Resources.resx to C:\Program Files (x86)\Microsoft Visual Studio\2017\Community\Common7\IDE\CommonExtensions\Microsoft\WebClient\Diagnostics\ToolWindows\HTMLTools\VisualProfiler\Resources\Resources.resx
[0b00:0004][2017-10-17T09:47:11] Completed: Copying file /Contents/Common7/IDE/CommonExtensions/Microsoft/WebClient/Diagnostics/ToolWindows/HTMLTools/VisualProfiler/Resources/Resources.resx to C:\Program Files (x86)\Microsoft Visual Studio\2017\Community\Common7\IDE\CommonExtensions\Microsoft\WebClient\Diagnostics\ToolWindows\HTMLTools\VisualProfiler\Resources\Resources.resx
[0b00:0004][2017-10-17T09:47:11] Timestamp updated for file 'C:\Program Files (x86)\Microsoft Visual Studio\2017\Community\Common7\IDE\CommonExtensions\Microsoft\WebClient\Diagnostics\ToolWindows\HTMLTools\VisualProfiler\Resources\Resources.resx'.
[0b00:0004][2017-10-17T09:47:11] Processing file /Contents/Common7/IDE/CommonExtensions/Microsoft/WebClient/Diagnostics/ToolWindows/HTMLTools/VisualProfiler/Timeline.cpu.xml
[0b00:0004][2017-10-17T09:47:11] Started: Copying file /Contents/Common7/IDE/CommonExtensions/Microsoft/WebClient/Diagnostics/ToolWindows/HTMLTools/VisualProfiler/Timeline.cpu.xml to C:\Program Files (x86)\Microsoft Visual Studio\2017\Community\Common7\IDE\CommonExtensions\Microsoft\WebClient\Diagnostics\ToolWindows\HTMLTools\VisualProfiler\Timeline.cpu.xml
[0b00:0004][2017-10-17T09:47:11] Completed: Copying file /Contents/Common7/IDE/CommonExtensions/Microsoft/WebClient/Diagnostics/ToolWindows/HTMLTools/VisualProfiler/Timeline.cpu.xml to C:\Program Files (x86)\Microsoft Visual Studio\2017\Community\Common7\IDE\CommonExtensions\Microsoft\WebClient\Diagnostics\ToolWindows\HTMLTools\VisualProfiler\Timeline.cpu.xml
[0b00:0004][2017-10-17T09:47:11] Timestamp updated for file 'C:\Program Files (x86)\Microsoft Visual Studio\2017\Community\Common7\IDE\CommonExtensions\Microsoft\WebClient\Diagnostics\ToolWindows\HTMLTools\VisualProfiler\Timeline.cpu.xml'.
[0b00:0004][2017-10-17T09:47:11] Processing file /Contents/Common7/IDE/CommonExtensions/Microsoft/WebClient/Diagnostics/ToolWindows/HTMLTools/VisualProfiler/x86/Timeline.dll
[0b00:0004][2017-10-17T09:47:11] Started: Copying file /Contents/Common7/IDE/CommonExtensions/Microsoft/WebClient/Diagnostics/ToolWindows/HTMLTools/VisualProfiler/x86/Timeline.dll to C:\Program Files (x86)\Microsoft Visual Studio\2017\Community\Common7\IDE\CommonExtensions\Microsoft\WebClient\Diagnostics\ToolWindows\HTMLTools\VisualProfiler\x86\Timeline.dll
[0b00:0004][2017-10-17T09:47:11] Completed: Copying file /Contents/Common7/IDE/CommonExtensions/Microsoft/WebClient/Diagnostics/ToolWindows/HTMLTools/VisualProfiler/x86/Timeline.dll to C:\Program Files (x86)\Microsoft Visual Studio\2017\Community\Common7\IDE\CommonExtensions\Microsoft\WebClient\Diagnostics\ToolWindows\HTMLTools\VisualProfiler\x86\Timeline.dll
[0b00:0004][2017-10-17T09:47:11] Timestamp updated for file 'C:\Program Files (x86)\Microsoft Visual Studio\2017\Community\Common7\IDE\CommonExtensions\Microsoft\WebClient\Diagnostics\ToolWindows\HTMLTools\VisualProfiler\x86\Timeline.dll'.
[0b00:0004][2017-10-17T09:47:11] Processing file /Contents/Common7/IDE/CommonExtensions/Microsoft/WebClient/Diagnostics/ToolWindows/Microsoft.VisualStudio.WebClient.Diagnostics.Compatibility.dll
[0b00:0004][2017-10-17T09:47:11] Started: Copying file /Contents/Common7/IDE/CommonExtensions/Microsoft/WebClient/Diagnostics/ToolWindows/Microsoft.VisualStudio.WebClient.Diagnostics.Compatibility.dll to C:\Program Files (x86)\Microsoft Visual Studio\2017\Community\Common7\IDE\CommonExtensions\Microsoft\WebClient\Diagnostics\ToolWindows\Microsoft.VisualStudio.WebClient.Diagnostics.Compatibility.dll
[0b00:0004][2017-10-17T09:47:11] Completed: Copying file /Contents/Common7/IDE/CommonExtensions/Microsoft/WebClient/Diagnostics/ToolWindows/Microsoft.VisualStudio.WebClient.Diagnostics.Compatibility.dll to C:\Program Files (x86)\Microsoft Visual Studio\2017\Community\Common7\IDE\CommonExtensions\Microsoft\WebClient\Diagnostics\ToolWindows\Microsoft.VisualStudio.WebClient.Diagnostics.Compatibility.dll
[0b00:0004][2017-10-17T09:47:11] Timestamp updated for file 'C:\Program Files (x86)\Microsoft Visual Studio\2017\Community\Common7\IDE\CommonExtensions\Microsoft\WebClient\Diagnostics\ToolWindows\Microsoft.VisualStudio.WebClient.Diagnostics.Compatibility.dll'.
[0b00:0004][2017-10-17T09:47:11] Processing file /Contents/Common7/IDE/CommonExtensions/Microsoft/WebClient/Diagnostics/ToolWindows/Microsoft.VisualStudio.WebClient.Diagnostics.HtmlToolHost.dll
[0b00:0004][2017-10-17T09:47:11] Started: Copying file /Contents/Common7/IDE/CommonExtensions/Microsoft/WebClient/Diagnostics/ToolWindows/Microsoft.VisualStudio.WebClient.Diagnostics.HtmlToolHost.dll to C:\Program Files (x86)\Microsoft Visual Studio\2017\Community\Common7\IDE\CommonExtensions\Microsoft\WebClient\Diagnostics\ToolWindows\Microsoft.VisualStudio.WebClient.Diagnostics.HtmlToolHost.dll
[0b00:0004][2017-10-17T09:47:11] Completed: Copying file /Contents/Common7/IDE/CommonExtensions/Microsoft/WebClient/Diagnostics/ToolWindows/Microsoft.VisualStudio.WebClient.Diagnostics.HtmlToolHost.dll to C:\Program Files (x86)\Microsoft Visual Studio\2017\Community\Common7\IDE\CommonExtensions\Microsoft\WebClient\Diagnostics\ToolWindows\Microsoft.VisualStudio.WebClient.Diagnostics.HtmlToolHost.dll
[0b00:0004][2017-10-17T09:47:11] Timestamp updated for file 'C:\Program Files (x86)\Microsoft Visual Studio\2017\Community\Common7\IDE\CommonExtensions\Microsoft\WebClient\Diagnostics\ToolWindows\Microsoft.VisualStudio.WebClient.Diagnostics.HtmlToolHost.dll'.
[0b00:0004][2017-10-17T09:47:11] Queueing C:\Program Files (x86)\Microsoft Visual Studio\2017\Community\Common7\IDE\CommonExtensions\Microsoft\WebClient\Diagnostics\ToolWindows\Microsoft.VisualStudio.WebClient.Diagnostics.HtmlToolHost.dll for X86 ngen
[0b00:0004][2017-10-17T09:47:11] Successfully queued file '/Contents/Common7/IDE/CommonExtensions/Microsoft/WebClient/Diagnostics/ToolWindows/Microsoft.VisualStudio.WebClient.Diagnostics.HtmlToolHost.dll' for ngen
[0b00:0004][2017-10-17T09:47:11] Processing file /Contents/Common7/IDE/CommonExtensions/Microsoft/WebClient/Diagnostics/ToolWindows/Microsoft.VisualStudio.WebClient.Diagnostics.HtmlToolHost.pkgdef
[0b00:0004][2017-10-17T09:47:11] Started: Copying file /Contents/Common7/IDE/CommonExtensions/Microsoft/WebClient/Diagnostics/ToolWindows/Microsoft.VisualStudio.WebClient.Diagnostics.HtmlToolHost.pkgdef to C:\Program Files (x86)\Microsoft Visual Studio\2017\Community\Common7\IDE\CommonExtensions\Microsoft\WebClient\Diagnostics\ToolWindows\Microsoft.VisualStudio.WebClient.Diagnostics.HtmlToolHost.pkgdef
[0b00:0004][2017-10-17T09:47:11] Completed: Copying file /Contents/Common7/IDE/CommonExtensions/Microsoft/WebClient/Diagnostics/ToolWindows/Microsoft.VisualStudio.WebClient.Diagnostics.HtmlToolHost.pkgdef to C:\Program Files (x86)\Microsoft Visual Studio\2017\Community\Common7\IDE\CommonExtensions\Microsoft\WebClient\Diagnostics\ToolWindows\Microsoft.VisualStudio.WebClient.Diagnostics.HtmlToolHost.pkgdef
[0b00:0004][2017-10-17T09:47:11] Timestamp updated for file 'C:\Program Files (x86)\Microsoft Visual Studio\2017\Community\Common7\IDE\CommonExtensions\Microsoft\WebClient\Diagnostics\ToolWindows\Microsoft.VisualStudio.WebClient.Diagnostics.HtmlToolHost.pkgdef'.
[0b00:0004][2017-10-17T09:47:11] Processing file /Contents/Common7/IDE/CommonExtensions/Microsoft/WebClient/Diagnostics/ToolWindows/VSResources.dll
[0b00:0004][2017-10-17T09:47:11] Started: Copying file /Contents/Common7/IDE/CommonExtensions/Microsoft/WebClient/Diagnostics/ToolWindows/VSResources.dll to C:\Program Files (x86)\Microsoft Visual Studio\2017\Community\Common7\IDE\CommonExtensions\Microsoft\WebClient\Diagnostics\ToolWindows\VSResources.dll
[0b00:0004][2017-10-17T09:47:11] Completed: Copying file /Contents/Common7/IDE/CommonExtensions/Microsoft/WebClient/Diagnostics/ToolWindows/VSResources.dll to C:\Program Files (x86)\Microsoft Visual Studio\2017\Community\Common7\IDE\CommonExtensions\Microsoft\WebClient\Diagnostics\ToolWindows\VSResources.dll
[0b00:0004][2017-10-17T09:47:11] Timestamp updated for file 'C:\Program Files (x86)\Microsoft Visual Studio\2017\Community\Common7\IDE\CommonExtensions\Microsoft\WebClient\Diagnostics\ToolWindows\VSResources.dll'.
[0b00:0004][2017-10-17T09:47:11] Processing file /Contents/Common7/IDE/CommonExtensions/Microsoft/WebClient/Diagnostics/WebDiagnosticsAttach/extension.vsixmanifest
[0b00:0004][2017-10-17T09:47:11] Started: Copying file /Contents/Common7/IDE/CommonExtensions/Microsoft/WebClient/Diagnostics/WebDiagnosticsAttach/extension.vsixmanifest to C:\Program Files (x86)\Microsoft Visual Studio\2017\Community\Common7\IDE\CommonExtensions\Microsoft\WebClient\Diagnostics\WebDiagnosticsAttach\extension.vsixmanifest
[0b00:0004][2017-10-17T09:47:11] Completed: Copying file /Contents/Common7/IDE/CommonExtensions/Microsoft/WebClient/Diagnostics/WebDiagnosticsAttach/extension.vsixmanifest to C:\Program Files (x86)\Microsoft Visual Studio\2017\Community\Common7\IDE\CommonExtensions\Microsoft\WebClient\Diagnostics\WebDiagnosticsAttach\extension.vsixmanifest
[0b00:0004][2017-10-17T09:47:11] Timestamp updated for file 'C:\Program Files (x86)\Microsoft Visual Studio\2017\Community\Common7\IDE\CommonExtensions\Microsoft\WebClient\Diagnostics\WebDiagnosticsAttach\extension.vsixmanifest'.
[0b00:0004][2017-10-17T09:47:11] Processing file /Contents/Common7/IDE/CommonExtensions/Microsoft/WebClient/Diagnostics/WebDiagnosticsAttach/WebDiagnosticsAttach.dll
[0b00:0004][2017-10-17T09:47:11] Started: Copying file /Contents/Common7/IDE/CommonExtensions/Microsoft/WebClient/Diagnostics/WebDiagnosticsAttach/WebDiagnosticsAttach.dll to C:\Program Files (x86)\Microsoft Visual Studio\2017\Community\Common7\IDE\CommonExtensions\Microsoft\WebClient\Diagnostics\WebDiagnosticsAttach\WebDiagnosticsAttach.dll
[0b00:0004][2017-10-17T09:47:11] Completed: Copying file /Contents/Common7/IDE/CommonExtensions/Microsoft/WebClient/Diagnostics/WebDiagnosticsAttach/WebDiagnosticsAttach.dll to C:\Program Files (x86)\Microsoft Visual Studio\2017\Community\Common7\IDE\CommonExtensions\Microsoft\WebClient\Diagnostics\WebDiagnosticsAttach\WebDiagnosticsAttach.dll
[0b00:0004][2017-10-17T09:47:11] Timestamp updated for file 'C:\Program Files (x86)\Microsoft Visual Studio\2017\Community\Common7\IDE\CommonExtensions\Microsoft\WebClient\Diagnostics\WebDiagnosticsAttach\WebDiagnosticsAttach.dll'.
[0b00:0004][2017-10-17T09:47:11] Processing file /Contents/Common7/IDE/CommonExtensions/Microsoft/WebClient/Diagnostics/WebDiagnosticsAttach/WebDiagnosticsAttach.pkgdef
[0b00:0004][2017-10-17T09:47:11] Started: Copying file /Contents/Common7/IDE/CommonExtensions/Microsoft/WebClient/Diagnostics/WebDiagnosticsAttach/WebDiagnosticsAttach.pkgdef to C:\Program Files (x86)\Microsoft Visual Studio\2017\Community\Common7\IDE\CommonExtensions\Microsoft\WebClient\Diagnostics\WebDiagnosticsAttach\WebDiagnosticsAttach.pkgdef
[0b00:0004][2017-10-17T09:47:11] Completed: Copying file /Contents/Common7/IDE/CommonExtensions/Microsoft/WebClient/Diagnostics/WebDiagnosticsAttach/WebDiagnosticsAttach.pkgdef to C:\Program Files (x86)\Microsoft Visual Studio\2017\Community\Common7\IDE\CommonExtensions\Microsoft\WebClient\Diagnostics\WebDiagnosticsAttach\WebDiagnosticsAttach.pkgdef
[0b00:0004][2017-10-17T09:47:11] Timestamp updated for file 'C:\Program Files (x86)\Microsoft Visual Studio\2017\Community\Common7\IDE\CommonExtensions\Microsoft\WebClient\Diagnostics\WebDiagnosticsAttach\WebDiagnosticsAttach.pkgdef'.
[0b00:0004][2017-10-17T09:47:11] Processing file /Contents/Common7/IDE/CommonExtensions/Platform/DiagnosticsHub/x86/Timeline_is.dll
[0b00:0004][2017-10-17T09:47:11] Started: Copying file /Contents/Common7/IDE/CommonExtensions/Platform/DiagnosticsHub/x86/Timeline_is.dll to C:\Program Files (x86)\Microsoft Visual Studio\2017\Community\Common7\IDE\CommonExtensions\Platform\DiagnosticsHub\x86\Timeline_is.dll
[0b00:0004][2017-10-17T09:47:11] Completed: Copying file /Contents/Common7/IDE/CommonExtensions/Platform/DiagnosticsHub/x86/Timeline_is.dll to C:\Program Files (x86)\Microsoft Visual Studio\2017\Community\Common7\IDE\CommonExtensions\Platform\DiagnosticsHub\x86\Timeline_is.dll
[0b00:0004][2017-10-17T09:47:11] Timestamp updated for file 'C:\Program Files (x86)\Microsoft Visual Studio\2017\Community\Common7\IDE\CommonExtensions\Platform\DiagnosticsHub\x86\Timeline_is.dll'.
[0b00:0004][2017-10-17T09:47:11] Processing file /Contents/Common7/IDE/PrivateAssemblies/Microsoft.VisualStudio.WebClient.Diagnostics.Services.dll
[0b00:0004][2017-10-17T09:47:11] Started: Copying file /Contents/Common7/IDE/PrivateAssemblies/Microsoft.VisualStudio.WebClient.Diagnostics.Services.dll to C:\Program Files (x86)\Microsoft Visual Studio\2017\Community\Common7\IDE\PrivateAssemblies\Microsoft.VisualStudio.WebClient.Diagnostics.Services.dll
[0b00:0004][2017-10-17T09:47:11] Completed: Copying file /Contents/Common7/IDE/PrivateAssemblies/Microsoft.VisualStudio.WebClient.Diagnostics.Services.dll to C:\Program Files (x86)\Microsoft Visual Studio\2017\Community\Common7\IDE\PrivateAssemblies\Microsoft.VisualStudio.WebClient.Diagnostics.Services.dll
[0b00:0004][2017-10-17T09:47:11] Timestamp updated for file 'C:\Program Files (x86)\Microsoft Visual Studio\2017\Community\Common7\IDE\PrivateAssemblies\Microsoft.VisualStudio.WebClient.Diagnostics.Services.dll'.
[0b00:0004][2017-10-17T09:47:11] Package executed successfully. Return code: 0
