[0b00:0004][2017-10-17T09:46:38] Opening the package for processing
[0b00:0004][2017-10-17T09:46:38] Using package payload to get the embedded manifest
[0b00:0004][2017-10-17T09:46:38] Getting list of files within the package
[0b00:0004][2017-10-17T09:46:38] Processing file /Contents/Common7/IDE/CommonExtensions/Microsoft/VC/VC_Exp_DirControl_Registry.pkgdef
[0b00:0004][2017-10-17T09:46:38] Started: Copying file /Contents/Common7/IDE/CommonExtensions/Microsoft/VC/VC_Exp_DirControl_Registry.pkgdef to C:\Program Files (x86)\Microsoft Visual Studio\2017\Community\Common7\IDE\CommonExtensions\Microsoft\VC\VC_Exp_DirControl_Registry.pkgdef
[0b00:0004][2017-10-17T09:46:38] Completed: Copying file /Contents/Common7/IDE/CommonExtensions/Microsoft/VC/VC_Exp_DirControl_Registry.pkgdef to C:\Program Files (x86)\Microsoft Visual Studio\2017\Community\Common7\IDE\CommonExtensions\Microsoft\VC\VC_Exp_DirControl_Registry.pkgdef
[0b00:0004][2017-10-17T09:46:38] Timestamp updated for file 'C:\Program Files (x86)\Microsoft Visual Studio\2017\Community\Common7\IDE\CommonExtensions\Microsoft\VC\VC_Exp_DirControl_Registry.pkgdef'.
[0b00:0004][2017-10-17T09:46:38] Processing file /Contents/Common7/IDE/msobj120.dll
[0b00:0004][2017-10-17T09:46:38] Started: Copying file /Contents/Common7/IDE/msobj120.dll to C:\Program Files (x86)\Microsoft Visual Studio\2017\Community\Common7\IDE\msobj120.dll
[0b00:0004][2017-10-17T09:46:38] Completed: Copying file /Contents/Common7/IDE/msobj120.dll to C:\Program Files (x86)\Microsoft Visual Studio\2017\Community\Common7\IDE\msobj120.dll
[0b00:0004][2017-10-17T09:46:38] Timestamp updated for file 'C:\Program Files (x86)\Microsoft Visual Studio\2017\Community\Common7\IDE\msobj120.dll'.
[0b00:0004][2017-10-17T09:46:38] Processing file /Contents/Common7/IDE/mspdb140.dll
[0b00:0004][2017-10-17T09:46:38] Started: Copying file /Contents/Common7/IDE/mspdb140.dll to C:\Program Files (x86)\Microsoft Visual Studio\2017\Community\Common7\IDE\mspdb140.dll
[0b00:0004][2017-10-17T09:46:38] Completed: Copying file /Contents/Common7/IDE/mspdb140.dll to C:\Program Files (x86)\Microsoft Visual Studio\2017\Community\Common7\IDE\mspdb140.dll
[0b00:0004][2017-10-17T09:46:38] Timestamp updated for file 'C:\Program Files (x86)\Microsoft Visual Studio\2017\Community\Common7\IDE\mspdb140.dll'.
[0b00:0004][2017-10-17T09:46:38] Processing file /Contents/Common7/IDE/mspdbcore.dll
[0b00:0004][2017-10-17T09:46:38] Started: Copying file /Contents/Common7/IDE/mspdbcore.dll to C:\Program Files (x86)\Microsoft Visual Studio\2017\Community\Common7\IDE\mspdbcore.dll
[0b00:0004][2017-10-17T09:46:38] Completed: Copying file /Contents/Common7/IDE/mspdbcore.dll to C:\Program Files (x86)\Microsoft Visual Studio\2017\Community\Common7\IDE\mspdbcore.dll
[0b00:0004][2017-10-17T09:46:38] Timestamp updated for file 'C:\Program Files (x86)\Microsoft Visual Studio\2017\Community\Common7\IDE\mspdbcore.dll'.
[0b00:0004][2017-10-17T09:46:38] Processing file /Contents/Common7/IDE/mspdbsrv.exe
[0b00:0004][2017-10-17T09:46:38] Started: Copying file /Contents/Common7/IDE/mspdbsrv.exe to C:\Program Files (x86)\Microsoft Visual Studio\2017\Community\Common7\IDE\mspdbsrv.exe
[0b00:0004][2017-10-17T09:46:38] Completed: Copying file /Contents/Common7/IDE/mspdbsrv.exe to C:\Program Files (x86)\Microsoft Visual Studio\2017\Community\Common7\IDE\mspdbsrv.exe
[0b00:0004][2017-10-17T09:46:38] Timestamp updated for file 'C:\Program Files (x86)\Microsoft Visual Studio\2017\Community\Common7\IDE\mspdbsrv.exe'.
[0b00:0004][2017-10-17T09:46:38] Processing file /Contents/Common7/IDE/mspdbst.dll
[0b00:0004][2017-10-17T09:46:38] Started: Copying file /Contents/Common7/IDE/mspdbst.dll to C:\Program Files (x86)\Microsoft Visual Studio\2017\Community\Common7\IDE\mspdbst.dll
[0b00:0004][2017-10-17T09:46:38] Completed: Copying file /Contents/Common7/IDE/mspdbst.dll to C:\Program Files (x86)\Microsoft Visual Studio\2017\Community\Common7\IDE\mspdbst.dll
[0b00:0004][2017-10-17T09:46:38] Timestamp updated for file 'C:\Program Files (x86)\Microsoft Visual Studio\2017\Community\Common7\IDE\mspdbst.dll'.
[0b00:0004][2017-10-17T09:46:38] Processing file /Contents/Common7/IDE/msvcdis120.dll
[0b00:0004][2017-10-17T09:46:38] Started: Copying file /Contents/Common7/IDE/msvcdis120.dll to C:\Program Files (x86)\Microsoft Visual Studio\2017\Community\Common7\IDE\msvcdis120.dll
[0b00:0004][2017-10-17T09:46:38] Completed: Copying file /Contents/Common7/IDE/msvcdis120.dll to C:\Program Files (x86)\Microsoft Visual Studio\2017\Community\Common7\IDE\msvcdis120.dll
[0b00:0004][2017-10-17T09:46:38] Timestamp updated for file 'C:\Program Files (x86)\Microsoft Visual Studio\2017\Community\Common7\IDE\msvcdis120.dll'.
[0b00:0004][2017-10-17T09:46:38] Processing file /Contents/Common7/IDE/VC/dircontrol.manifest
[0b00:0004][2017-10-17T09:46:38] Started: Copying file /Contents/Common7/IDE/VC/dircontrol.manifest to C:\Program Files (x86)\Microsoft Visual Studio\2017\Community\Common7\IDE\VC\dircontrol.manifest
[0b00:0004][2017-10-17T09:46:38] Completed: Copying file /Contents/Common7/IDE/VC/dircontrol.manifest to C:\Program Files (x86)\Microsoft Visual Studio\2017\Community\Common7\IDE\VC\dircontrol.manifest
[0b00:0004][2017-10-17T09:46:38] Timestamp updated for file 'C:\Program Files (x86)\Microsoft Visual Studio\2017\Community\Common7\IDE\VC\dircontrol.manifest'.
[0b00:0004][2017-10-17T09:46:38] Processing file /Contents/Common7/IDE/VC/vcpackages/DirControl.dll
[0b00:0004][2017-10-17T09:46:38] Started: Copying file /Contents/Common7/IDE/VC/vcpackages/DirControl.dll to C:\Program Files (x86)\Microsoft Visual Studio\2017\Community\Common7\IDE\VC\vcpackages\DirControl.dll
[0b00:0004][2017-10-17T09:46:38] Completed: Copying file /Contents/Common7/IDE/VC/vcpackages/DirControl.dll to C:\Program Files (x86)\Microsoft Visual Studio\2017\Community\Common7\IDE\VC\vcpackages\DirControl.dll
[0b00:0004][2017-10-17T09:46:38] Timestamp updated for file 'C:\Program Files (x86)\Microsoft Visual Studio\2017\Community\Common7\IDE\VC\vcpackages\DirControl.dll'.
[0b00:0004][2017-10-17T09:46:38] Package executed successfully. Return code: 0
