[0b00:0004][2017-10-17T09:46:21] Opening the package for processing
[0b00:0004][2017-10-17T09:46:21] Using package payload to get the embedded manifest
[0b00:0004][2017-10-17T09:46:21] Getting list of files within the package
[0b00:0004][2017-10-17T09:46:21] Processing file /Contents/Common7/Tools/LaunchDevCmd.bat
[0b00:0004][2017-10-17T09:46:21] Started: Copying file /Contents/Common7/Tools/LaunchDevCmd.bat to C:\Program Files (x86)\Microsoft Visual Studio\2017\Community\Common7\Tools\LaunchDevCmd.bat
[0b00:0004][2017-10-17T09:46:21] Completed: Copying file /Contents/Common7/Tools/LaunchDevCmd.bat to C:\Program Files (x86)\Microsoft Visual Studio\2017\Community\Common7\Tools\LaunchDevCmd.bat
[0b00:0004][2017-10-17T09:46:21] Timestamp updated for file 'C:\Program Files (x86)\Microsoft Visual Studio\2017\Community\Common7\Tools\LaunchDevCmd.bat'.
[0b00:0004][2017-10-17T09:46:21] Processing file /Contents/Common7/Tools/VsDevCmd.bat
[0b00:0004][2017-10-17T09:46:21] Started: Copying file /Contents/Common7/Tools/VsDevCmd.bat to C:\Program Files (x86)\Microsoft Visual Studio\2017\Community\Common7\Tools\VsDevCmd.bat
[0b00:0004][2017-10-17T09:46:21] Completed: Copying file /Contents/Common7/Tools/VsDevCmd.bat to C:\Program Files (x86)\Microsoft Visual Studio\2017\Community\Common7\Tools\VsDevCmd.bat
[0b00:0004][2017-10-17T09:46:21] Timestamp updated for file 'C:\Program Files (x86)\Microsoft Visual Studio\2017\Community\Common7\Tools\VsDevCmd.bat'.
[0b00:0004][2017-10-17T09:46:21] Processing file /Contents/Common7/Tools/vsdevcmd/core/parse_cmd.bat
[0b00:0004][2017-10-17T09:46:21] Started: Copying file /Contents/Common7/Tools/vsdevcmd/core/parse_cmd.bat to C:\Program Files (x86)\Microsoft Visual Studio\2017\Community\Common7\Tools\vsdevcmd\core\parse_cmd.bat
[0b00:0004][2017-10-17T09:46:21] Completed: Copying file /Contents/Common7/Tools/vsdevcmd/core/parse_cmd.bat to C:\Program Files (x86)\Microsoft Visual Studio\2017\Community\Common7\Tools\vsdevcmd\core\parse_cmd.bat
[0b00:0004][2017-10-17T09:46:21] Timestamp updated for file 'C:\Program Files (x86)\Microsoft Visual Studio\2017\Community\Common7\Tools\vsdevcmd\core\parse_cmd.bat'.
[0b00:0004][2017-10-17T09:46:21] Processing file /Contents/Common7/Tools/vsdevcmd/core/vsdevcmd_end.bat
[0b00:0004][2017-10-17T09:46:21] Started: Copying file /Contents/Common7/Tools/vsdevcmd/core/vsdevcmd_end.bat to C:\Program Files (x86)\Microsoft Visual Studio\2017\Community\Common7\Tools\vsdevcmd\core\vsdevcmd_end.bat
[0b00:0004][2017-10-17T09:46:21] Completed: Copying file /Contents/Common7/Tools/vsdevcmd/core/vsdevcmd_end.bat to C:\Program Files (x86)\Microsoft Visual Studio\2017\Community\Common7\Tools\vsdevcmd\core\vsdevcmd_end.bat
[0b00:0004][2017-10-17T09:46:21] Timestamp updated for file 'C:\Program Files (x86)\Microsoft Visual Studio\2017\Community\Common7\Tools\vsdevcmd\core\vsdevcmd_end.bat'.
[0b00:0004][2017-10-17T09:46:21] Processing file /Contents/Common7/Tools/vsdevcmd/core/vsdevcmd_start.bat
[0b00:0004][2017-10-17T09:46:21] Started: Copying file /Contents/Common7/Tools/vsdevcmd/core/vsdevcmd_start.bat to C:\Program Files (x86)\Microsoft Visual Studio\2017\Community\Common7\Tools\vsdevcmd\core\vsdevcmd_start.bat
[0b00:0004][2017-10-17T09:46:21] Completed: Copying file /Contents/Common7/Tools/vsdevcmd/core/vsdevcmd_start.bat to C:\Program Files (x86)\Microsoft Visual Studio\2017\Community\Common7\Tools\vsdevcmd\core\vsdevcmd_start.bat
[0b00:0004][2017-10-17T09:46:21] Timestamp updated for file 'C:\Program Files (x86)\Microsoft Visual Studio\2017\Community\Common7\Tools\vsdevcmd\core\vsdevcmd_start.bat'.
[0b00:0004][2017-10-17T09:46:21] Processing file /Contents/Common7/Tools/VsMSBuildCmd.bat
[0b00:0004][2017-10-17T09:46:21] Started: Copying file /Contents/Common7/Tools/VsMSBuildCmd.bat to C:\Program Files (x86)\Microsoft Visual Studio\2017\Community\Common7\Tools\VsMSBuildCmd.bat
[0b00:0004][2017-10-17T09:46:21] Completed: Copying file /Contents/Common7/Tools/VsMSBuildCmd.bat to C:\Program Files (x86)\Microsoft Visual Studio\2017\Community\Common7\Tools\VsMSBuildCmd.bat
[0b00:0004][2017-10-17T09:46:21] Timestamp updated for file 'C:\Program Files (x86)\Microsoft Visual Studio\2017\Community\Common7\Tools\VsMSBuildCmd.bat'.
[0b00:0004][2017-10-17T09:46:21] Package executed successfully. Return code: 0
