[0b00:0004][2017-10-17T09:46:38] Opening the package for processing
[0b00:0004][2017-10-17T09:46:38] Using package payload to get the embedded manifest
[0b00:0004][2017-10-17T09:46:38] Getting list of files within the package
[0b00:0004][2017-10-17T09:46:38] Processing file /catalog.json
[0b00:0004][2017-10-17T09:46:38] Started: Copying file /catalog.json to C:\Program Files (x86)\Microsoft Visual Studio\2017\Community\Common7\IDE\CommonExtensions\Microsoft\ManagedLanguages\VBCSharp\LanguageServicesNext\catalog.json
[0b00:0004][2017-10-17T09:46:38] Completed: Copying file /catalog.json to C:\Program Files (x86)\Microsoft Visual Studio\2017\Community\Common7\IDE\CommonExtensions\Microsoft\ManagedLanguages\VBCSharp\LanguageServicesNext\catalog.json
[0b00:0004][2017-10-17T09:46:38] Timestamp updated for file 'C:\Program Files (x86)\Microsoft Visual Studio\2017\Community\Common7\IDE\CommonExtensions\Microsoft\ManagedLanguages\VBCSharp\LanguageServicesNext\catalog.json'.
[0b00:0004][2017-10-17T09:46:38] Processing file /codeAnalysisService.servicehub.service.json
[0b00:0004][2017-10-17T09:46:38] Started: Copying file /codeAnalysisService.servicehub.service.json to C:\Program Files (x86)\Microsoft Visual Studio\2017\Community\Common7\IDE\CommonExtensions\Microsoft\ManagedLanguages\VBCSharp\LanguageServicesNext\codeAnalysisService.servicehub.service.json
[0b00:0004][2017-10-17T09:46:38] Completed: Copying file /codeAnalysisService.servicehub.service.json to C:\Program Files (x86)\Microsoft Visual Studio\2017\Community\Common7\IDE\CommonExtensions\Microsoft\ManagedLanguages\VBCSharp\LanguageServicesNext\codeAnalysisService.servicehub.service.json
[0b00:0004][2017-10-17T09:46:38] Timestamp updated for file 'C:\Program Files (x86)\Microsoft Visual Studio\2017\Community\Common7\IDE\CommonExtensions\Microsoft\ManagedLanguages\VBCSharp\LanguageServicesNext\codeAnalysisService.servicehub.service.json'.
[0b00:0004][2017-10-17T09:46:38] Processing file /extension.vsixmanifest
[0b00:0004][2017-10-17T09:46:38] Started: Copying file /extension.vsixmanifest to C:\Program Files (x86)\Microsoft Visual Studio\2017\Community\Common7\IDE\CommonExtensions\Microsoft\ManagedLanguages\VBCSharp\LanguageServicesNext\extension.vsixmanifest
[0b00:0004][2017-10-17T09:46:38] Completed: Copying file /extension.vsixmanifest to C:\Program Files (x86)\Microsoft Visual Studio\2017\Community\Common7\IDE\CommonExtensions\Microsoft\ManagedLanguages\VBCSharp\LanguageServicesNext\extension.vsixmanifest
[0b00:0004][2017-10-17T09:46:38] Timestamp updated for file 'C:\Program Files (x86)\Microsoft Visual Studio\2017\Community\Common7\IDE\CommonExtensions\Microsoft\ManagedLanguages\VBCSharp\LanguageServicesNext\extension.vsixmanifest'.
[0b00:0004][2017-10-17T09:46:38] Processing file /manifest.json
[0b00:0004][2017-10-17T09:46:38] Started: Copying file /manifest.json to C:\Program Files (x86)\Microsoft Visual Studio\2017\Community\Common7\IDE\CommonExtensions\Microsoft\ManagedLanguages\VBCSharp\LanguageServicesNext\manifest.json
[0b00:0004][2017-10-17T09:46:38] Completed: Copying file /manifest.json to C:\Program Files (x86)\Microsoft Visual Studio\2017\Community\Common7\IDE\CommonExtensions\Microsoft\ManagedLanguages\VBCSharp\LanguageServicesNext\manifest.json
[0b00:0004][2017-10-17T09:46:38] Timestamp updated for file 'C:\Program Files (x86)\Microsoft Visual Studio\2017\Community\Common7\IDE\CommonExtensions\Microsoft\ManagedLanguages\VBCSharp\LanguageServicesNext\manifest.json'.
[0b00:0004][2017-10-17T09:46:38] Processing file /Microsoft.CodeAnalysis.EditorFeatures.Next.dll
[0b00:0004][2017-10-17T09:46:38] Started: Copying file /Microsoft.CodeAnalysis.EditorFeatures.Next.dll to C:\Program Files (x86)\Microsoft Visual Studio\2017\Community\Common7\IDE\CommonExtensions\Microsoft\ManagedLanguages\VBCSharp\LanguageServicesNext\Microsoft.CodeAnalysis.EditorFeatures.Next.dll
[0b00:0004][2017-10-17T09:46:38] Completed: Copying file /Microsoft.CodeAnalysis.EditorFeatures.Next.dll to C:\Program Files (x86)\Microsoft Visual Studio\2017\Community\Common7\IDE\CommonExtensions\Microsoft\ManagedLanguages\VBCSharp\LanguageServicesNext\Microsoft.CodeAnalysis.EditorFeatures.Next.dll
[0b00:0004][2017-10-17T09:46:38] Timestamp updated for file 'C:\Program Files (x86)\Microsoft Visual Studio\2017\Community\Common7\IDE\CommonExtensions\Microsoft\ManagedLanguages\VBCSharp\LanguageServicesNext\Microsoft.CodeAnalysis.EditorFeatures.Next.dll'.
[0b00:0004][2017-10-17T09:46:38] Queueing C:\Program Files (x86)\Microsoft Visual Studio\2017\Community\Common7\IDE\CommonExtensions\Microsoft\ManagedLanguages\VBCSharp\LanguageServicesNext\Microsoft.CodeAnalysis.EditorFeatures.Next.dll for X86 ngen
[0b00:0004][2017-10-17T09:46:38] Queueing C:\Program Files (x86)\Microsoft Visual Studio\2017\Community\Common7\IDE\CommonExtensions\Microsoft\ManagedLanguages\VBCSharp\LanguageServicesNext\Microsoft.CodeAnalysis.EditorFeatures.Next.dll for X64 ngen
[0b00:0004][2017-10-17T09:46:38] Successfully queued file '/Microsoft.CodeAnalysis.EditorFeatures.Next.dll' for ngen
[0b00:0004][2017-10-17T09:46:38] Processing file /Microsoft.CodeAnalysis.Remote.Razor.ServiceHub.dll
[0b00:0004][2017-10-17T09:46:38] Started: Copying file /Microsoft.CodeAnalysis.Remote.Razor.ServiceHub.dll to C:\Program Files (x86)\Microsoft Visual Studio\2017\Community\Common7\IDE\CommonExtensions\Microsoft\ManagedLanguages\VBCSharp\LanguageServicesNext\Microsoft.CodeAnalysis.Remote.Razor.ServiceHub.dll
[0b00:0004][2017-10-17T09:46:38] Completed: Copying file /Microsoft.CodeAnalysis.Remote.Razor.ServiceHub.dll to C:\Program Files (x86)\Microsoft Visual Studio\2017\Community\Common7\IDE\CommonExtensions\Microsoft\ManagedLanguages\VBCSharp\LanguageServicesNext\Microsoft.CodeAnalysis.Remote.Razor.ServiceHub.dll
[0b00:0004][2017-10-17T09:46:38] Timestamp updated for file 'C:\Program Files (x86)\Microsoft Visual Studio\2017\Community\Common7\IDE\CommonExtensions\Microsoft\ManagedLanguages\VBCSharp\LanguageServicesNext\Microsoft.CodeAnalysis.Remote.Razor.ServiceHub.dll'.
[0b00:0004][2017-10-17T09:46:38] Processing file /Microsoft.CodeAnalysis.Remote.ServiceHub.dll
[0b00:0004][2017-10-17T09:46:38] Started: Copying file /Microsoft.CodeAnalysis.Remote.ServiceHub.dll to C:\Program Files (x86)\Microsoft Visual Studio\2017\Community\Common7\IDE\CommonExtensions\Microsoft\ManagedLanguages\VBCSharp\LanguageServicesNext\Microsoft.CodeAnalysis.Remote.ServiceHub.dll
[0b00:0004][2017-10-17T09:46:38] Completed: Copying file /Microsoft.CodeAnalysis.Remote.ServiceHub.dll to C:\Program Files (x86)\Microsoft Visual Studio\2017\Community\Common7\IDE\CommonExtensions\Microsoft\ManagedLanguages\VBCSharp\LanguageServicesNext\Microsoft.CodeAnalysis.Remote.ServiceHub.dll
[0b00:0004][2017-10-17T09:46:38] Timestamp updated for file 'C:\Program Files (x86)\Microsoft Visual Studio\2017\Community\Common7\IDE\CommonExtensions\Microsoft\ManagedLanguages\VBCSharp\LanguageServicesNext\Microsoft.CodeAnalysis.Remote.ServiceHub.dll'.
[0b00:0004][2017-10-17T09:46:38] Processing file /Microsoft.CodeAnalysis.Remote.Workspaces.dll
[0b00:0004][2017-10-17T09:46:38] Started: Copying file /Microsoft.CodeAnalysis.Remote.Workspaces.dll to C:\Program Files (x86)\Microsoft Visual Studio\2017\Community\Common7\IDE\CommonExtensions\Microsoft\ManagedLanguages\VBCSharp\LanguageServicesNext\Microsoft.CodeAnalysis.Remote.Workspaces.dll
[0b00:0004][2017-10-17T09:46:38] Completed: Copying file /Microsoft.CodeAnalysis.Remote.Workspaces.dll to C:\Program Files (x86)\Microsoft Visual Studio\2017\Community\Common7\IDE\CommonExtensions\Microsoft\ManagedLanguages\VBCSharp\LanguageServicesNext\Microsoft.CodeAnalysis.Remote.Workspaces.dll
[0b00:0004][2017-10-17T09:46:38] Timestamp updated for file 'C:\Program Files (x86)\Microsoft Visual Studio\2017\Community\Common7\IDE\CommonExtensions\Microsoft\ManagedLanguages\VBCSharp\LanguageServicesNext\Microsoft.CodeAnalysis.Remote.Workspaces.dll'.
[0b00:0004][2017-10-17T09:46:38] Processing file /Microsoft.VisualStudio.LanguageServices.Next.dll
[0b00:0004][2017-10-17T09:46:38] Started: Copying file /Microsoft.VisualStudio.LanguageServices.Next.dll to C:\Program Files (x86)\Microsoft Visual Studio\2017\Community\Common7\IDE\CommonExtensions\Microsoft\ManagedLanguages\VBCSharp\LanguageServicesNext\Microsoft.VisualStudio.LanguageServices.Next.dll
[0b00:0004][2017-10-17T09:46:38] Completed: Copying file /Microsoft.VisualStudio.LanguageServices.Next.dll to C:\Program Files (x86)\Microsoft Visual Studio\2017\Community\Common7\IDE\CommonExtensions\Microsoft\ManagedLanguages\VBCSharp\LanguageServicesNext\Microsoft.VisualStudio.LanguageServices.Next.dll
[0b00:0004][2017-10-17T09:46:38] Timestamp updated for file 'C:\Program Files (x86)\Microsoft Visual Studio\2017\Community\Common7\IDE\CommonExtensions\Microsoft\ManagedLanguages\VBCSharp\LanguageServicesNext\Microsoft.VisualStudio.LanguageServices.Next.dll'.
[0b00:0004][2017-10-17T09:46:38] Queueing C:\Program Files (x86)\Microsoft Visual Studio\2017\Community\Common7\IDE\CommonExtensions\Microsoft\ManagedLanguages\VBCSharp\LanguageServicesNext\Microsoft.VisualStudio.LanguageServices.Next.dll for X86 ngen
[0b00:0004][2017-10-17T09:46:38] Queueing C:\Program Files (x86)\Microsoft Visual Studio\2017\Community\Common7\IDE\CommonExtensions\Microsoft\ManagedLanguages\VBCSharp\LanguageServicesNext\Microsoft.VisualStudio.LanguageServices.Next.dll for X64 ngen
[0b00:0004][2017-10-17T09:46:38] Successfully queued file '/Microsoft.VisualStudio.LanguageServices.Next.dll' for ngen
[0b00:0004][2017-10-17T09:46:38] Processing file /Microsoft.VisualStudio.LanguageServices.Razor.RemoteClient.dll
[0b00:0004][2017-10-17T09:46:38] Started: Copying file /Microsoft.VisualStudio.LanguageServices.Razor.RemoteClient.dll to C:\Program Files (x86)\Microsoft Visual Studio\2017\Community\Common7\IDE\CommonExtensions\Microsoft\ManagedLanguages\VBCSharp\LanguageServicesNext\Microsoft.VisualStudio.LanguageServices.Razor.RemoteClient.dll
[0b00:0004][2017-10-17T09:46:38] Completed: Copying file /Microsoft.VisualStudio.LanguageServices.Razor.RemoteClient.dll to C:\Program Files (x86)\Microsoft Visual Studio\2017\Community\Common7\IDE\CommonExtensions\Microsoft\ManagedLanguages\VBCSharp\LanguageServicesNext\Microsoft.VisualStudio.LanguageServices.Razor.RemoteClient.dll
[0b00:0004][2017-10-17T09:46:38] Timestamp updated for file 'C:\Program Files (x86)\Microsoft Visual Studio\2017\Community\Common7\IDE\CommonExtensions\Microsoft\ManagedLanguages\VBCSharp\LanguageServicesNext\Microsoft.VisualStudio.LanguageServices.Razor.RemoteClient.dll'.
[0b00:0004][2017-10-17T09:46:38] Queueing C:\Program Files (x86)\Microsoft Visual Studio\2017\Community\Common7\IDE\CommonExtensions\Microsoft\ManagedLanguages\VBCSharp\LanguageServicesNext\Microsoft.VisualStudio.LanguageServices.Razor.RemoteClient.dll for X86 ngen
[0b00:0004][2017-10-17T09:46:38] Queueing C:\Program Files (x86)\Microsoft Visual Studio\2017\Community\Common7\IDE\CommonExtensions\Microsoft\ManagedLanguages\VBCSharp\LanguageServicesNext\Microsoft.VisualStudio.LanguageServices.Razor.RemoteClient.dll for X64 ngen
[0b00:0004][2017-10-17T09:46:38] Successfully queued file '/Microsoft.VisualStudio.LanguageServices.Razor.RemoteClient.dll' for ngen
[0b00:0004][2017-10-17T09:46:38] Processing file /Microsoft.VisualStudio.LanguageServices.Xaml.dll
[0b00:0004][2017-10-17T09:46:38] Started: Copying file /Microsoft.VisualStudio.LanguageServices.Xaml.dll to C:\Program Files (x86)\Microsoft Visual Studio\2017\Community\Common7\IDE\CommonExtensions\Microsoft\ManagedLanguages\VBCSharp\LanguageServicesNext\Microsoft.VisualStudio.LanguageServices.Xaml.dll
[0b00:0004][2017-10-17T09:46:38] Completed: Copying file /Microsoft.VisualStudio.LanguageServices.Xaml.dll to C:\Program Files (x86)\Microsoft Visual Studio\2017\Community\Common7\IDE\CommonExtensions\Microsoft\ManagedLanguages\VBCSharp\LanguageServicesNext\Microsoft.VisualStudio.LanguageServices.Xaml.dll
[0b00:0004][2017-10-17T09:46:38] Timestamp updated for file 'C:\Program Files (x86)\Microsoft Visual Studio\2017\Community\Common7\IDE\CommonExtensions\Microsoft\ManagedLanguages\VBCSharp\LanguageServicesNext\Microsoft.VisualStudio.LanguageServices.Xaml.dll'.
[0b00:0004][2017-10-17T09:46:38] Queueing C:\Program Files (x86)\Microsoft Visual Studio\2017\Community\Common7\IDE\CommonExtensions\Microsoft\ManagedLanguages\VBCSharp\LanguageServicesNext\Microsoft.VisualStudio.LanguageServices.Xaml.dll for X86 ngen
[0b00:0004][2017-10-17T09:46:38] Queueing C:\Program Files (x86)\Microsoft Visual Studio\2017\Community\Common7\IDE\CommonExtensions\Microsoft\ManagedLanguages\VBCSharp\LanguageServicesNext\Microsoft.VisualStudio.LanguageServices.Xaml.dll for X64 ngen
[0b00:0004][2017-10-17T09:46:38] Successfully queued file '/Microsoft.VisualStudio.LanguageServices.Xaml.dll' for ngen
[0b00:0004][2017-10-17T09:46:38] Processing file /remoteHostService.servicehub.service.json
[0b00:0004][2017-10-17T09:46:38] Started: Copying file /remoteHostService.servicehub.service.json to C:\Program Files (x86)\Microsoft Visual Studio\2017\Community\Common7\IDE\CommonExtensions\Microsoft\ManagedLanguages\VBCSharp\LanguageServicesNext\remoteHostService.servicehub.service.json
[0b00:0004][2017-10-17T09:46:38] Completed: Copying file /remoteHostService.servicehub.service.json to C:\Program Files (x86)\Microsoft Visual Studio\2017\Community\Common7\IDE\CommonExtensions\Microsoft\ManagedLanguages\VBCSharp\LanguageServicesNext\remoteHostService.servicehub.service.json
[0b00:0004][2017-10-17T09:46:38] Timestamp updated for file 'C:\Program Files (x86)\Microsoft Visual Studio\2017\Community\Common7\IDE\CommonExtensions\Microsoft\ManagedLanguages\VBCSharp\LanguageServicesNext\remoteHostService.servicehub.service.json'.
[0b00:0004][2017-10-17T09:46:38] Processing file /remoteSymbolSearchUpdateEngine.servicehub.service.json
[0b00:0004][2017-10-17T09:46:38] Started: Copying file /remoteSymbolSearchUpdateEngine.servicehub.service.json to C:\Program Files (x86)\Microsoft Visual Studio\2017\Community\Common7\IDE\CommonExtensions\Microsoft\ManagedLanguages\VBCSharp\LanguageServicesNext\remoteSymbolSearchUpdateEngine.servicehub.service.json
[0b00:0004][2017-10-17T09:46:38] Completed: Copying file /remoteSymbolSearchUpdateEngine.servicehub.service.json to C:\Program Files (x86)\Microsoft Visual Studio\2017\Community\Common7\IDE\CommonExtensions\Microsoft\ManagedLanguages\VBCSharp\LanguageServicesNext\remoteSymbolSearchUpdateEngine.servicehub.service.json
[0b00:0004][2017-10-17T09:46:38] Timestamp updated for file 'C:\Program Files (x86)\Microsoft Visual Studio\2017\Community\Common7\IDE\CommonExtensions\Microsoft\ManagedLanguages\VBCSharp\LanguageServicesNext\remoteSymbolSearchUpdateEngine.servicehub.service.json'.
[0b00:0004][2017-10-17T09:46:38] Processing file /Roslyn.VisualStudio.Setup.Next.pkgdef
[0b00:0004][2017-10-17T09:46:38] Started: Copying file /Roslyn.VisualStudio.Setup.Next.pkgdef to C:\Program Files (x86)\Microsoft Visual Studio\2017\Community\Common7\IDE\CommonExtensions\Microsoft\ManagedLanguages\VBCSharp\LanguageServicesNext\Roslyn.VisualStudio.Setup.Next.pkgdef
[0b00:0004][2017-10-17T09:46:38] Completed: Copying file /Roslyn.VisualStudio.Setup.Next.pkgdef to C:\Program Files (x86)\Microsoft Visual Studio\2017\Community\Common7\IDE\CommonExtensions\Microsoft\ManagedLanguages\VBCSharp\LanguageServicesNext\Roslyn.VisualStudio.Setup.Next.pkgdef
[0b00:0004][2017-10-17T09:46:38] Timestamp updated for file 'C:\Program Files (x86)\Microsoft Visual Studio\2017\Community\Common7\IDE\CommonExtensions\Microsoft\ManagedLanguages\VBCSharp\LanguageServicesNext\Roslyn.VisualStudio.Setup.Next.pkgdef'.
[0b00:0004][2017-10-17T09:46:38] Processing file /snapshotService.servicehub.service.json
[0b00:0004][2017-10-17T09:46:38] Started: Copying file /snapshotService.servicehub.service.json to C:\Program Files (x86)\Microsoft Visual Studio\2017\Community\Common7\IDE\CommonExtensions\Microsoft\ManagedLanguages\VBCSharp\LanguageServicesNext\snapshotService.servicehub.service.json
[0b00:0004][2017-10-17T09:46:38] Completed: Copying file /snapshotService.servicehub.service.json to C:\Program Files (x86)\Microsoft Visual Studio\2017\Community\Common7\IDE\CommonExtensions\Microsoft\ManagedLanguages\VBCSharp\LanguageServicesNext\snapshotService.servicehub.service.json
[0b00:0004][2017-10-17T09:46:38] Timestamp updated for file 'C:\Program Files (x86)\Microsoft Visual Studio\2017\Community\Common7\IDE\CommonExtensions\Microsoft\ManagedLanguages\VBCSharp\LanguageServicesNext\snapshotService.servicehub.service.json'.
[0b00:0004][2017-10-17T09:46:38] Package executed successfully. Return code: 0
