Something went wrong with the install.

You can troubleshoot the package failures by:

    1. Search for solutions using the search URL below for each package failure
    2. Modify your selections for the affected workloads or components and then retry the installation
    3. Remove the product from your machine and then install again

If the issue has already been reported on the Developer Community, you can find solutions or workarounds there. If the issue has not been reported, we encourage you to create a new issue so that other developers will be able to find solutions or workarounds. You can create a new issue from within the Visual Studio Installer in the upper-right hand corner using the "Provide feedback" button.

================================================================================

Package 'Microsoft.Net.4.7.FullRedist,version=4.7.2053.5' failed to install.
    Search URL
        https://aka.ms/VSSetupErrorReports?q=PackageId=Microsoft.Net.4.7.FullRedist;PackageAction=Install;ReturnCode=16389
    Details
        Command executed: "C:\ProgramData\Microsoft\VisualStudio\Packages\Microsoft.Net.4.7.FullRedist,version=4.7.2053.5\dotNetFxLatest-x86-x64-AllOS-ENU.exe" /q /norestart /KeepAUPaused /ChainingPackage Visual_Studio_15_Setup /CEIPconsent /log "C:\Users\ContainerAdministrator\AppData\Local\Temp\dd_setup_20171017094538_261_Microsoft.Net.4.7.FullRedist.log"
        Return code: 16389
        Return code details: Unknown error (0x00004005)
    Log
        C:\Users\ContainerAdministrator\AppData\Local\Temp\dd_setup_20171017094538_261_Microsoft.Net.4.7.FullRedist.log
    Impacted workloads
        ASP.NET and web development (Microsoft.VisualStudio.Workload.NetWeb,version=15.0.26906.1)
    Impacted components
        .NET Framework 4.7 development tools (Microsoft.Net.ComponentGroup.4.7.DeveloperTools,version=15.0.26606.0)
        .NET Framework 4.7 targeting pack (Microsoft.Net.Component.4.7.TargetingPack,version=15.0.26621.2)
