[0b00:0004][2017-10-17T09:49:47] Opening the package for processing
[0b00:0004][2017-10-17T09:49:47] Using package payload to get the embedded manifest
[0b00:0004][2017-10-17T09:49:47] Getting list of files within the package
[0b00:0004][2017-10-17T09:49:47] Processing file /Contents/Common7/IDE/Extensions/Microsoft/Windows%20Azure%20Tools/Cloud%20Explorer/CloudExplorer.VS2016.vsix
[0b00:0004][2017-10-17T09:49:47] Started: Copying file /Contents/Common7/IDE/Extensions/Microsoft/Windows%20Azure%20Tools/Cloud%20Explorer/CloudExplorer.VS2016.vsix to C:\Program Files (x86)\Microsoft Visual Studio\2017\Community\Common7\IDE\Extensions\Microsoft\Windows Azure Tools\Cloud Explorer\CloudExplorer.VS2016.vsix
[0b00:0004][2017-10-17T09:49:48] Completed: Copying file /Contents/Common7/IDE/Extensions/Microsoft/Windows%20Azure%20Tools/Cloud%20Explorer/CloudExplorer.VS2016.vsix to C:\Program Files (x86)\Microsoft Visual Studio\2017\Community\Common7\IDE\Extensions\Microsoft\Windows Azure Tools\Cloud Explorer\CloudExplorer.VS2016.vsix
[0b00:0004][2017-10-17T09:49:48] Timestamp updated for file 'C:\Program Files (x86)\Microsoft Visual Studio\2017\Community\Common7\IDE\Extensions\Microsoft\Windows Azure Tools\Cloud Explorer\CloudExplorer.VS2016.vsix'.
[0b00:0004][2017-10-17T09:49:48] Processing file /Contents/Common7/IDE/Extensions/Microsoft/Windows%20Azure%20Tools/Cloud%20Explorer/EULA.rtf
[0b00:0004][2017-10-17T09:49:48] Started: Copying file /Contents/Common7/IDE/Extensions/Microsoft/Windows%20Azure%20Tools/Cloud%20Explorer/EULA.rtf to C:\Program Files (x86)\Microsoft Visual Studio\2017\Community\Common7\IDE\Extensions\Microsoft\Windows Azure Tools\Cloud Explorer\EULA.rtf
[0b00:0004][2017-10-17T09:49:48] Completed: Copying file /Contents/Common7/IDE/Extensions/Microsoft/Windows%20Azure%20Tools/Cloud%20Explorer/EULA.rtf to C:\Program Files (x86)\Microsoft Visual Studio\2017\Community\Common7\IDE\Extensions\Microsoft\Windows Azure Tools\Cloud Explorer\EULA.rtf
[0b00:0004][2017-10-17T09:49:48] Timestamp updated for file 'C:\Program Files (x86)\Microsoft Visual Studio\2017\Community\Common7\IDE\Extensions\Microsoft\Windows Azure Tools\Cloud Explorer\EULA.rtf'.
[0b00:0004][2017-10-17T09:49:48] Processing file /Contents/Common7/IDE/Extensions/Microsoft/Windows%20Azure%20Tools/Cloud%20Explorer/extension.vsixmanifest
[0b00:0004][2017-10-17T09:49:48] Started: Copying file /Contents/Common7/IDE/Extensions/Microsoft/Windows%20Azure%20Tools/Cloud%20Explorer/extension.vsixmanifest to C:\Program Files (x86)\Microsoft Visual Studio\2017\Community\Common7\IDE\Extensions\Microsoft\Windows Azure Tools\Cloud Explorer\extension.vsixmanifest
[0b00:0004][2017-10-17T09:49:48] Completed: Copying file /Contents/Common7/IDE/Extensions/Microsoft/Windows%20Azure%20Tools/Cloud%20Explorer/extension.vsixmanifest to C:\Program Files (x86)\Microsoft Visual Studio\2017\Community\Common7\IDE\Extensions\Microsoft\Windows Azure Tools\Cloud Explorer\extension.vsixmanifest
[0b00:0004][2017-10-17T09:49:48] Timestamp updated for file 'C:\Program Files (x86)\Microsoft Visual Studio\2017\Community\Common7\IDE\Extensions\Microsoft\Windows Azure Tools\Cloud Explorer\extension.vsixmanifest'.
[0b00:0004][2017-10-17T09:49:48] Processing file /Contents/Common7/IDE/Extensions/Microsoft/Windows%20Azure%20Tools/Cloud%20Explorer/Microsoft.VisualStudio.CloudExplorer.Contracts.dll
[0b00:0004][2017-10-17T09:49:48] Started: Copying file /Contents/Common7/IDE/Extensions/Microsoft/Windows%20Azure%20Tools/Cloud%20Explorer/Microsoft.VisualStudio.CloudExplorer.Contracts.dll to C:\Program Files (x86)\Microsoft Visual Studio\2017\Community\Common7\IDE\Extensions\Microsoft\Windows Azure Tools\Cloud Explorer\Microsoft.VisualStudio.CloudExplorer.Contracts.dll
[0b00:0004][2017-10-17T09:49:48] Completed: Copying file /Contents/Common7/IDE/Extensions/Microsoft/Windows%20Azure%20Tools/Cloud%20Explorer/Microsoft.VisualStudio.CloudExplorer.Contracts.dll to C:\Program Files (x86)\Microsoft Visual Studio\2017\Community\Common7\IDE\Extensions\Microsoft\Windows Azure Tools\Cloud Explorer\Microsoft.VisualStudio.CloudExplorer.Contracts.dll
[0b00:0004][2017-10-17T09:49:48] Timestamp updated for file 'C:\Program Files (x86)\Microsoft Visual Studio\2017\Community\Common7\IDE\Extensions\Microsoft\Windows Azure Tools\Cloud Explorer\Microsoft.VisualStudio.CloudExplorer.Contracts.dll'.
[0b00:0004][2017-10-17T09:49:48] Processing file /Contents/Common7/IDE/Extensions/Microsoft/Windows%20Azure%20Tools/Cloud%20Explorer/Microsoft.VisualStudio.CloudExplorer.Package.dll
[0b00:0004][2017-10-17T09:49:48] Started: Copying file /Contents/Common7/IDE/Extensions/Microsoft/Windows%20Azure%20Tools/Cloud%20Explorer/Microsoft.VisualStudio.CloudExplorer.Package.dll to C:\Program Files (x86)\Microsoft Visual Studio\2017\Community\Common7\IDE\Extensions\Microsoft\Windows Azure Tools\Cloud Explorer\Microsoft.VisualStudio.CloudExplorer.Package.dll
[0b00:0004][2017-10-17T09:49:48] Completed: Copying file /Contents/Common7/IDE/Extensions/Microsoft/Windows%20Azure%20Tools/Cloud%20Explorer/Microsoft.VisualStudio.CloudExplorer.Package.dll to C:\Program Files (x86)\Microsoft Visual Studio\2017\Community\Common7\IDE\Extensions\Microsoft\Windows Azure Tools\Cloud Explorer\Microsoft.VisualStudio.CloudExplorer.Package.dll
[0b00:0004][2017-10-17T09:49:48] Timestamp updated for file 'C:\Program Files (x86)\Microsoft Visual Studio\2017\Community\Common7\IDE\Extensions\Microsoft\Windows Azure Tools\Cloud Explorer\Microsoft.VisualStudio.CloudExplorer.Package.dll'.
[0b00:0004][2017-10-17T09:49:48] Processing file /Contents/Common7/IDE/Extensions/Microsoft/Windows%20Azure%20Tools/Cloud%20Explorer/Microsoft.VisualStudio.CloudExplorer.Package.pkgdef
[0b00:0004][2017-10-17T09:49:48] Started: Copying file /Contents/Common7/IDE/Extensions/Microsoft/Windows%20Azure%20Tools/Cloud%20Explorer/Microsoft.VisualStudio.CloudExplorer.Package.pkgdef to C:\Program Files (x86)\Microsoft Visual Studio\2017\Community\Common7\IDE\Extensions\Microsoft\Windows Azure Tools\Cloud Explorer\Microsoft.VisualStudio.CloudExplorer.Package.pkgdef
[0b00:0004][2017-10-17T09:49:48] Completed: Copying file /Contents/Common7/IDE/Extensions/Microsoft/Windows%20Azure%20Tools/Cloud%20Explorer/Microsoft.VisualStudio.CloudExplorer.Package.pkgdef to C:\Program Files (x86)\Microsoft Visual Studio\2017\Community\Common7\IDE\Extensions\Microsoft\Windows Azure Tools\Cloud Explorer\Microsoft.VisualStudio.CloudExplorer.Package.pkgdef
[0b00:0004][2017-10-17T09:49:48] Timestamp updated for file 'C:\Program Files (x86)\Microsoft Visual Studio\2017\Community\Common7\IDE\Extensions\Microsoft\Windows Azure Tools\Cloud Explorer\Microsoft.VisualStudio.CloudExplorer.Package.pkgdef'.
[0b00:0004][2017-10-17T09:49:48] Processing file /Contents/Common7/IDE/Extensions/Microsoft/Windows%20Azure%20Tools/Cloud%20Explorer/ThirdPartyNotices.txt
[0b00:0004][2017-10-17T09:49:48] Started: Copying file /Contents/Common7/IDE/Extensions/Microsoft/Windows%20Azure%20Tools/Cloud%20Explorer/ThirdPartyNotices.txt to C:\Program Files (x86)\Microsoft Visual Studio\2017\Community\Common7\IDE\Extensions\Microsoft\Windows Azure Tools\Cloud Explorer\ThirdPartyNotices.txt
[0b00:0004][2017-10-17T09:49:48] Completed: Copying file /Contents/Common7/IDE/Extensions/Microsoft/Windows%20Azure%20Tools/Cloud%20Explorer/ThirdPartyNotices.txt to C:\Program Files (x86)\Microsoft Visual Studio\2017\Community\Common7\IDE\Extensions\Microsoft\Windows Azure Tools\Cloud Explorer\ThirdPartyNotices.txt
[0b00:0004][2017-10-17T09:49:48] Timestamp updated for file 'C:\Program Files (x86)\Microsoft Visual Studio\2017\Community\Common7\IDE\Extensions\Microsoft\Windows Azure Tools\Cloud Explorer\ThirdPartyNotices.txt'.
[0b00:0004][2017-10-17T09:49:48] Package executed successfully. Return code: 0
