[0b00:0004][2017-10-17T09:46:34] Opening the package for processing
[0b00:0004][2017-10-17T09:46:34] Using package payload to get the embedded manifest
[0b00:0004][2017-10-17T09:46:34] Getting list of files within the package
[0b00:0004][2017-10-17T09:46:34] Processing file /Contents/Common7/IDE/PrivateAssemblies/Microsoft.VisualStudio.ScriptedHost.dll
[0b00:0004][2017-10-17T09:46:34] Started: Copying file /Contents/Common7/IDE/PrivateAssemblies/Microsoft.VisualStudio.ScriptedHost.dll to C:\Program Files (x86)\Microsoft Visual Studio\2017\Community\Common7\IDE\PrivateAssemblies\Microsoft.VisualStudio.ScriptedHost.dll
[0b00:0004][2017-10-17T09:46:34] Completed: Copying file /Contents/Common7/IDE/PrivateAssemblies/Microsoft.VisualStudio.ScriptedHost.dll to C:\Program Files (x86)\Microsoft Visual Studio\2017\Community\Common7\IDE\PrivateAssemblies\Microsoft.VisualStudio.ScriptedHost.dll
[0b00:0004][2017-10-17T09:46:34] Timestamp updated for file 'C:\Program Files (x86)\Microsoft Visual Studio\2017\Community\Common7\IDE\PrivateAssemblies\Microsoft.VisualStudio.ScriptedHost.dll'.
[0b00:0004][2017-10-17T09:46:34] Processing file /Contents/Common7/IDE/PrivateAssemblies/plugin.vs.js
[0b00:0004][2017-10-17T09:46:34] Started: Copying file /Contents/Common7/IDE/PrivateAssemblies/plugin.vs.js to C:\Program Files (x86)\Microsoft Visual Studio\2017\Community\Common7\IDE\PrivateAssemblies\plugin.vs.js
[0b00:0004][2017-10-17T09:46:34] Completed: Copying file /Contents/Common7/IDE/PrivateAssemblies/plugin.vs.js to C:\Program Files (x86)\Microsoft Visual Studio\2017\Community\Common7\IDE\PrivateAssemblies\plugin.vs.js
[0b00:0004][2017-10-17T09:46:34] Timestamp updated for file 'C:\Program Files (x86)\Microsoft Visual Studio\2017\Community\Common7\IDE\PrivateAssemblies\plugin.vs.js'.
[0b00:0004][2017-10-17T09:46:34] Processing file /Contents/Common7/IDE/PrivateAssemblies/ScriptedHost.Blank.html
[0b00:0004][2017-10-17T09:46:34] Started: Copying file /Contents/Common7/IDE/PrivateAssemblies/ScriptedHost.Blank.html to C:\Program Files (x86)\Microsoft Visual Studio\2017\Community\Common7\IDE\PrivateAssemblies\ScriptedHost.Blank.html
[0b00:0004][2017-10-17T09:46:34] Completed: Copying file /Contents/Common7/IDE/PrivateAssemblies/ScriptedHost.Blank.html to C:\Program Files (x86)\Microsoft Visual Studio\2017\Community\Common7\IDE\PrivateAssemblies\ScriptedHost.Blank.html
[0b00:0004][2017-10-17T09:46:34] Timestamp updated for file 'C:\Program Files (x86)\Microsoft Visual Studio\2017\Community\Common7\IDE\PrivateAssemblies\ScriptedHost.Blank.html'.
[0b00:0004][2017-10-17T09:46:34] Processing file /Contents/Common7/IDE/PrivateAssemblies/ScriptedSandbox.t.html
[0b00:0004][2017-10-17T09:46:34] Started: Copying file /Contents/Common7/IDE/PrivateAssemblies/ScriptedSandbox.t.html to C:\Program Files (x86)\Microsoft Visual Studio\2017\Community\Common7\IDE\PrivateAssemblies\ScriptedSandbox.t.html
[0b00:0004][2017-10-17T09:46:34] Completed: Copying file /Contents/Common7/IDE/PrivateAssemblies/ScriptedSandbox.t.html to C:\Program Files (x86)\Microsoft Visual Studio\2017\Community\Common7\IDE\PrivateAssemblies\ScriptedSandbox.t.html
[0b00:0004][2017-10-17T09:46:34] Timestamp updated for file 'C:\Program Files (x86)\Microsoft Visual Studio\2017\Community\Common7\IDE\PrivateAssemblies\ScriptedSandbox.t.html'.
[0b00:0004][2017-10-17T09:46:34] Processing file /Contents/Common7/IDE/PrivateAssemblies/ScriptedSandbox32.exe
[0b00:0004][2017-10-17T09:46:34] Started: Copying file /Contents/Common7/IDE/PrivateAssemblies/ScriptedSandbox32.exe to C:\Program Files (x86)\Microsoft Visual Studio\2017\Community\Common7\IDE\PrivateAssemblies\ScriptedSandbox32.exe
[0b00:0004][2017-10-17T09:46:34] Completed: Copying file /Contents/Common7/IDE/PrivateAssemblies/ScriptedSandbox32.exe to C:\Program Files (x86)\Microsoft Visual Studio\2017\Community\Common7\IDE\PrivateAssemblies\ScriptedSandbox32.exe
[0b00:0004][2017-10-17T09:46:34] Timestamp updated for file 'C:\Program Files (x86)\Microsoft Visual Studio\2017\Community\Common7\IDE\PrivateAssemblies\ScriptedSandbox32.exe'.
[0b00:0004][2017-10-17T09:46:34] Package executed successfully. Return code: 0
