[0b00:0004][2017-10-17T09:48:33] Opening the package for processing
[0b00:0004][2017-10-17T09:48:33] Using package payload to get the embedded manifest
[0b00:0004][2017-10-17T09:48:33] Getting list of files within the package
[0b00:0004][2017-10-17T09:48:33] Processing file /catalog.json
[0b00:0004][2017-10-17T09:48:33] Started: Copying file /catalog.json to C:\Program Files (x86)\Microsoft Visual Studio\2017\Community\Common7\IDE\Extensions\32o04c42.nw2\catalog.json
[0b00:0004][2017-10-17T09:48:33] Completed: Copying file /catalog.json to C:\Program Files (x86)\Microsoft Visual Studio\2017\Community\Common7\IDE\Extensions\32o04c42.nw2\catalog.json
[0b00:0004][2017-10-17T09:48:33] Timestamp updated for file 'C:\Program Files (x86)\Microsoft Visual Studio\2017\Community\Common7\IDE\Extensions\32o04c42.nw2\catalog.json'.
[0b00:0004][2017-10-17T09:48:33] Processing file /extension.vsixmanifest
[0b00:0004][2017-10-17T09:48:33] Started: Copying file /extension.vsixmanifest to C:\Program Files (x86)\Microsoft Visual Studio\2017\Community\Common7\IDE\Extensions\32o04c42.nw2\extension.vsixmanifest
[0b00:0004][2017-10-17T09:48:33] Completed: Copying file /extension.vsixmanifest to C:\Program Files (x86)\Microsoft Visual Studio\2017\Community\Common7\IDE\Extensions\32o04c42.nw2\extension.vsixmanifest
[0b00:0004][2017-10-17T09:48:33] Timestamp updated for file 'C:\Program Files (x86)\Microsoft Visual Studio\2017\Community\Common7\IDE\Extensions\32o04c42.nw2\extension.vsixmanifest'.
[0b00:0004][2017-10-17T09:48:33] Processing file /manifest.json
[0b00:0004][2017-10-17T09:48:33] Started: Copying file /manifest.json to C:\Program Files (x86)\Microsoft Visual Studio\2017\Community\Common7\IDE\Extensions\32o04c42.nw2\manifest.json
[0b00:0004][2017-10-17T09:48:33] Completed: Copying file /manifest.json to C:\Program Files (x86)\Microsoft Visual Studio\2017\Community\Common7\IDE\Extensions\32o04c42.nw2\manifest.json
[0b00:0004][2017-10-17T09:48:33] Timestamp updated for file 'C:\Program Files (x86)\Microsoft Visual Studio\2017\Community\Common7\IDE\Extensions\32o04c42.nw2\manifest.json'.
[0b00:0004][2017-10-17T09:48:33] Processing file /Microsoft.VisualStudio.Debugger.VsDbg.Integration.dll
[0b00:0004][2017-10-17T09:48:33] Started: Copying file /Microsoft.VisualStudio.Debugger.VsDbg.Integration.dll to C:\Program Files (x86)\Microsoft Visual Studio\2017\Community\Common7\IDE\Extensions\32o04c42.nw2\Microsoft.VisualStudio.Debugger.VsDbg.Integration.dll
[0b00:0004][2017-10-17T09:48:33] Completed: Copying file /Microsoft.VisualStudio.Debugger.VsDbg.Integration.dll to C:\Program Files (x86)\Microsoft Visual Studio\2017\Community\Common7\IDE\Extensions\32o04c42.nw2\Microsoft.VisualStudio.Debugger.VsDbg.Integration.dll
[0b00:0004][2017-10-17T09:48:33] Timestamp updated for file 'C:\Program Files (x86)\Microsoft Visual Studio\2017\Community\Common7\IDE\Extensions\32o04c42.nw2\Microsoft.VisualStudio.Debugger.VsDbg.Integration.dll'.
[0b00:0004][2017-10-17T09:48:33] Processing file /VsIntegration.pkgdef
[0b00:0004][2017-10-17T09:48:33] Started: Copying file /VsIntegration.pkgdef to C:\Program Files (x86)\Microsoft Visual Studio\2017\Community\Common7\IDE\Extensions\32o04c42.nw2\VsIntegration.pkgdef
[0b00:0004][2017-10-17T09:48:33] Completed: Copying file /VsIntegration.pkgdef to C:\Program Files (x86)\Microsoft Visual Studio\2017\Community\Common7\IDE\Extensions\32o04c42.nw2\VsIntegration.pkgdef
[0b00:0004][2017-10-17T09:48:33] Timestamp updated for file 'C:\Program Files (x86)\Microsoft Visual Studio\2017\Community\Common7\IDE\Extensions\32o04c42.nw2\VsIntegration.pkgdef'.
[0b00:0004][2017-10-17T09:48:33] Package executed successfully. Return code: 0
