2017-10-17 09:49:09, Info                  DISM   PID=2492 TID=696 Scratch directory set to 'C:\Users\ContainerAdministrator\AppData\Local\Temp\'. - CDISMManager::put_ScratchDir
2017-10-17 09:49:09, Info                  DISM   PID=2492 TID=696 DismCore.dll version: 10.0.14393.0 - CDISMManager::FinalConstruct
2017-10-17 09:49:09, Info                  DISM   Try to initialize Panther logging 1 times, last error: 0x0
2017-10-17 09:49:09, Info                  DISM   PID=2492 TID=696 Successfully loaded the ImageSession at "C:\Windows\System32\Dism" - CDISMManager::LoadLocalImageSession
2017-10-17 09:49:09, Info                  DISM   Try to initialize Panther logging 1 times, last error: 0x0
2017-10-17 09:49:09, Info                  DISM   DISM Provider Store: PID=2492 TID=696 Found and Initialized the DISM Logger. - CDISMProviderStore::Internal_InitializeLogger
2017-10-17 09:49:09, Info                  DISM   DISM Provider Store: PID=2492 TID=696 Failed to get and initialize the PE Provider.  Continuing by assuming that it is not a WinPE image. - CDISMProviderStore::Final_OnConnect
2017-10-17 09:49:09, Info                  DISM   DISM Provider Store: PID=2492 TID=696 Finished initializing the Provider Map. - CDISMProviderStore::Final_OnConnect
2017-10-17 09:49:09, Info                  DISM   DISM Provider Store: PID=2492 TID=696 Getting Provider DISMLogger - CDISMProviderStore::GetProvider
2017-10-17 09:49:09, Info                  DISM   DISM Provider Store: PID=2492 TID=696 Provider has previously been initialized.  Returning the existing instance. - CDISMProviderStore::Internal_GetProvider
2017-10-17 09:49:09, Info                  DISM   Try to initialize Panther logging 1 times, last error: 0x0
2017-10-17 09:49:09, Info                  DISM   DISM Provider Store: PID=2492 TID=696 Getting Provider DISMLogger - CDISMProviderStore::GetProvider
2017-10-17 09:49:09, Info                  DISM   DISM Provider Store: PID=2492 TID=696 Provider has previously been initialized.  Returning the existing instance. - CDISMProviderStore::Internal_GetProvider
2017-10-17 09:49:09, Info                  DISM   DISM Manager: PID=2492 TID=696 Successfully created the local image session and provider store. - CDISMManager::CreateLocalImageSession
2017-10-17 09:49:09, Info                  DISM   DISM Provider Store: PID=2492 TID=696 Getting Provider DISMLogger - CDISMProviderStore::GetProvider
2017-10-17 09:49:09, Info                  DISM   DISM Provider Store: PID=2492 TID=696 Provider has previously been initialized.  Returning the existing instance. - CDISMProviderStore::Internal_GetProvider
2017-10-17 09:49:09, Info                  DISM   DISM.EXE: 
2017-10-17 09:49:09, Info                  DISM   DISM.EXE: <----- Starting Dism.exe session ----->
2017-10-17 09:49:09, Info                  DISM   DISM.EXE: 
2017-10-17 09:49:09, Info                  DISM   DISM.EXE: Host machine information: OS Version=10.0.14393, Running architecture=amd64, Number of processors=2
2017-10-17 09:49:09, Info                  DISM   DISM.EXE: Dism.exe version: 10.0.14393.0
2017-10-17 09:49:09, Info                  DISM   DISM.EXE: Executing command line: "C:\Windows\system32\dism.exe" /online /quiet /norestart /Enable-Feature /FeatureName:"netfx4extended-aspnet45" /All /logPath:"C:\Users\ContainerAdministrator\AppData\Local\Temp\dd_setup_20171017094538_279_Microsoft.VisualStudio.AspNet45.Feature.log"
2017-10-17 09:49:09, Info                  DISM   DISM Provider Store: PID=2492 TID=696 Getting Provider FolderManager - CDISMProviderStore::GetProvider
2017-10-17 09:49:09, Info                  DISM   DISM Provider Store: PID=2492 TID=696 Provider has not previously been encountered.  Attempting to initialize the provider. - CDISMProviderStore::Internal_GetProvider
2017-10-17 09:49:09, Info                  DISM   DISM Provider Store: PID=2492 TID=696 Loading Provider from location C:\Windows\System32\Dism\FolderProvider.dll - CDISMProviderStore::Internal_GetProvider
2017-10-17 09:49:09, Info                  DISM   DISM Provider Store: PID=2492 TID=696 Connecting to the provider located at C:\Windows\System32\Dism\FolderProvider.dll. - CDISMProviderStore::Internal_LoadProvider
2017-10-17 09:49:09, Info                  DISM   DISM Manager: PID=2492 TID=696 physical location path: C:\ - CDISMManager::CreateImageSession
2017-10-17 09:49:09, Info                  DISM   DISM Manager: PID=2492 TID=696 Event name for current DISM session is Global\{241DED6A-DDF4-4276-812A-0BFAD06F103A} - CDISMManager::CheckSessionAndLock
2017-10-17 09:49:09, Info                  DISM   DISM Manager: PID=2492 TID=696 Create session event 0x190 for current DISM session and event name is Global\{241DED6A-DDF4-4276-812A-0BFAD06F103A}  - CDISMManager::CheckSessionAndLock
2017-10-17 09:49:09, Info                  DISM   DISM Manager: PID=2492 TID=696 Copying DISM from "C:\Windows\System32\Dism" - CDISMManager::CreateImageSessionFromLocation
2017-10-17 09:49:09, Info                  DISM   DISM Manager: PID=2492 TID=696 Successfully loaded the ImageSession at "C:\Users\ContainerAdministrator\AppData\Local\Temp\65C10E84-6223-423A-B14C-AC227D2A1DEC" - CDISMManager::LoadRemoteImageSession
2017-10-17 09:49:09, Info                  DISM   DISM Image Session: PID=1344 TID=1812 Instantiating the Provider Store. - CDISMImageSession::get_ProviderStore
2017-10-17 09:49:09, Info                  DISM   DISM Provider Store: PID=1344 TID=1812 Initializing a provider store for the IMAGE session type. - CDISMProviderStore::Final_OnConnect
2017-10-17 09:49:09, Info                  DISM   DISM Provider Store: PID=1344 TID=1812 Provider has not previously been encountered.  Attempting to initialize the provider. - CDISMProviderStore::Internal_GetProvider
2017-10-17 09:49:09, Info                  DISM   DISM Provider Store: PID=1344 TID=1812 Loading Provider from location C:\Users\ContainerAdministrator\AppData\Local\Temp\65C10E84-6223-423A-B14C-AC227D2A1DEC\OSProvider.dll - CDISMProviderStore::Internal_GetProvider
2017-10-17 09:49:09, Info                  DISM   DISM Provider Store: PID=1344 TID=1812 Connecting to the provider located at C:\Users\ContainerAdministrator\AppData\Local\Temp\65C10E84-6223-423A-B14C-AC227D2A1DEC\OSProvider.dll. - CDISMProviderStore::Internal_LoadProvider
2017-10-17 09:49:09, Info                  DISM   DISM OS Provider: PID=1344 TID=1812 Defaulting SystemPath to C:\ - CDISMOSServiceManager::Final_OnConnect
2017-10-17 09:49:09, Info                  DISM   DISM OS Provider: PID=1344 TID=1812 Defaulting Windows folder to C:\Windows - CDISMOSServiceManager::Final_OnConnect
2017-10-17 09:49:09, Info                  DISM   DISM OS Provider: PID=1344 TID=1812 Host OS verion is 10.0 - CDISMOSServiceManager::SetDllSearchPath
2017-10-17 09:49:09, Warning               DISM   DISM OS Provider: PID=1344 TID=1812 Unable to set the DLL search path to the servicing stack folder. C:\Windows may not point to a valid Windows folder. - CDISMOSServiceManager::Final_OnConnect
2017-10-17 09:49:09, Info                  DISM   DISM Provider Store: PID=1344 TID=1812 Attempting to initialize the logger from the Image Session. - CDISMProviderStore::Final_OnConnect
2017-10-17 09:49:09, Info                  DISM   DISM Provider Store: PID=1344 TID=1812 Provider has not previously been encountered.  Attempting to initialize the provider. - CDISMProviderStore::Internal_GetProvider
2017-10-17 09:49:09, Info                  DISM   DISM Provider Store: PID=1344 TID=1812 Loading Provider from location C:\Users\ContainerAdministrator\AppData\Local\Temp\65C10E84-6223-423A-B14C-AC227D2A1DEC\LogProvider.dll - CDISMProviderStore::Internal_GetProvider
2017-10-17 09:49:09, Info                  DISM   DISM Provider Store: PID=1344 TID=1812 Connecting to the provider located at C:\Users\ContainerAdministrator\AppData\Local\Temp\65C10E84-6223-423A-B14C-AC227D2A1DEC\LogProvider.dll. - CDISMProviderStore::Internal_LoadProvider
2017-10-17 09:49:09, Info                  DISM   Try to initialize Panther logging 1 times, last error: 0x0
2017-10-17 09:49:09, Info                  DISM   DISM Provider Store: PID=1344 TID=1812 Found and Initialized the DISM Logger. - CDISMProviderStore::Internal_InitializeLogger
2017-10-17 09:49:09, Info                  DISM   DISM Provider Store: PID=1344 TID=1812 Provider has not previously been encountered.  Attempting to initialize the provider. - CDISMProviderStore::Internal_GetProvider
2017-10-17 09:49:09, Info                  DISM   DISM Provider Store: PID=1344 TID=1812 Loading Provider from location C:\Users\ContainerAdministrator\AppData\Local\Temp\65C10E84-6223-423A-B14C-AC227D2A1DEC\PEProvider.dll - CDISMProviderStore::Internal_GetProvider
2017-10-17 09:49:09, Warning               DISM   DISM Provider Store: PID=1344 TID=1812 Failed to Load the provider: C:\Users\ContainerAdministrator\AppData\Local\Temp\65C10E84-6223-423A-B14C-AC227D2A1DEC\PEProvider.dll. - CDISMProviderStore::Internal_GetProvider(hr:0x8007007e)
2017-10-17 09:49:09, Info                  DISM   DISM Provider Store: PID=1344 TID=1812 Failed to get and initialize the PE Provider.  Continuing by assuming that it is not a WinPE image. - CDISMProviderStore::Final_OnConnect
2017-10-17 09:49:09, Info                  DISM   DISM Provider Store: PID=1344 TID=1812 Finished initializing the Provider Map. - CDISMProviderStore::Final_OnConnect
2017-10-17 09:49:09, Info                  DISM   DISM Provider Store: PID=1344 TID=1812 Getting Provider DISMLogger - CDISMProviderStore::GetProvider
2017-10-17 09:49:09, Info                  DISM   DISM Provider Store: PID=1344 TID=1812 Provider has previously been initialized.  Returning the existing instance. - CDISMProviderStore::Internal_GetProvider
2017-10-17 09:49:09, Info                  DISM   Try to initialize Panther logging 1 times, last error: 0x0
2017-10-17 09:49:09, Info                  DISM   Try to initialize Panther logging 1 times, last error: 0x0
2017-10-17 09:49:09, Info                  DISM   DISM Manager: PID=2492 TID=696 Image session successfully loaded from the temporary location: C:\Users\ContainerAdministrator\AppData\Local\Temp\65C10E84-6223-423A-B14C-AC227D2A1DEC - CDISMManager::CreateImageSession
2017-10-17 09:49:09, Info                  DISM   DISM Provider Store: PID=1344 TID=1812 Getting Provider OSServices - CDISMProviderStore::GetProvider
2017-10-17 09:49:09, Info                  DISM   DISM Provider Store: PID=1344 TID=1812 Provider has previously been initialized.  Returning the existing instance. - CDISMProviderStore::Internal_GetProvider
2017-10-17 09:49:09, Info                  DISM   DISM.EXE: Target image information: OS Version=10.0.14393.1561, Image architecture=amd64
2017-10-17 09:49:09, Info                  DISM   DISM Provider Store: PID=1344 TID=1812 Getting the collection of providers from an image provider store type. - CDISMProviderStore::GetProviderCollection
2017-10-17 09:49:09, Info                  DISM   DISM Provider Store: PID=1344 TID=1812 Provider has not previously been encountered.  Attempting to initialize the provider. - CDISMProviderStore::Internal_GetProvider
2017-10-17 09:49:09, Info                  DISM   DISM Provider Store: PID=1344 TID=1812 Loading Provider from location C:\Users\ContainerAdministrator\AppData\Local\Temp\65C10E84-6223-423A-B14C-AC227D2A1DEC\CbsProvider.dll - CDISMProviderStore::Internal_GetProvider
2017-10-17 09:49:09, Info                  DISM   DISM Provider Store: PID=1344 TID=1812 Connecting to the provider located at C:\Users\ContainerAdministrator\AppData\Local\Temp\65C10E84-6223-423A-B14C-AC227D2A1DEC\CbsProvider.dll. - CDISMProviderStore::Internal_LoadProvider
2017-10-17 09:49:09, Info                  DISM   DISM Provider Store: PID=1344 TID=1812 Encountered a servicing provider, performing additional servicing initializations. - CDISMProviderStore::Internal_LoadProvider
2017-10-17 09:49:09, Info                  DISM   DISM Package Manager: PID=1344 TID=1812 Finished initializing the CbsConUI Handler. - CCbsConUIHandler::Initialize
2017-10-17 09:49:09, Info                  DISM   DISM Package Manager: PID=1344 TID=1812 CBS is being initialized for online use. More information about CBS actions can be located at: %windir%\logs\cbs\cbs.log - CDISMPackageManager::Initialize
2017-10-17 09:49:09, Info                  DISM   DISM Package Manager: PID=1344 TID=1812 Loaded servicing stack for online use only. - CDISMPackageManager::RefreshInstanceAndLock
2017-10-17 09:49:09, Info                  DISM   DISM Provider Store: PID=1344 TID=1812 Provider has not previously been encountered.  Attempting to initialize the provider. - CDISMProviderStore::Internal_GetProvider
2017-10-17 09:49:09, Info                  DISM   DISM Provider Store: PID=1344 TID=1812 Loading Provider from location C:\Users\ContainerAdministrator\AppData\Local\Temp\65C10E84-6223-423A-B14C-AC227D2A1DEC\MsiProvider.dll - CDISMProviderStore::Internal_GetProvider
2017-10-17 09:49:09, Info                  DISM   DISM Provider Store: PID=1344 TID=1812 Connecting to the provider located at C:\Users\ContainerAdministrator\AppData\Local\Temp\65C10E84-6223-423A-B14C-AC227D2A1DEC\MsiProvider.dll. - CDISMProviderStore::Internal_LoadProvider
2017-10-17 09:49:09, Info                  DISM   DISM Provider Store: PID=1344 TID=1812 Encountered a servicing provider, performing additional servicing initializations. - CDISMProviderStore::Internal_LoadProvider
2017-10-17 09:49:09, Info                  DISM   DISM Provider Store: PID=1344 TID=1812 Provider has not previously been encountered.  Attempting to initialize the provider. - CDISMProviderStore::Internal_GetProvider
2017-10-17 09:49:09, Info                  DISM   DISM Provider Store: PID=1344 TID=1812 Loading Provider from location C:\Users\ContainerAdministrator\AppData\Local\Temp\65C10E84-6223-423A-B14C-AC227D2A1DEC\IntlProvider.dll - CDISMProviderStore::Internal_GetProvider
2017-10-17 09:49:09, Info                  DISM   DISM Provider Store: PID=1344 TID=1812 Connecting to the provider located at C:\Users\ContainerAdministrator\AppData\Local\Temp\65C10E84-6223-423A-B14C-AC227D2A1DEC\IntlProvider.dll. - CDISMProviderStore::Internal_LoadProvider
2017-10-17 09:49:09, Info                  DISM   DISM Provider Store: PID=1344 TID=1812 Encountered a servicing provider, performing additional servicing initializations. - CDISMProviderStore::Internal_LoadProvider
2017-10-17 09:49:09, Info                  DISM   DISM Provider Store: PID=1344 TID=1812 Provider has not previously been encountered.  Attempting to initialize the provider. - CDISMProviderStore::Internal_GetProvider
2017-10-17 09:49:09, Info                  DISM   DISM Provider Store: PID=1344 TID=1812 Loading Provider from location C:\Users\ContainerAdministrator\AppData\Local\Temp\65C10E84-6223-423A-B14C-AC227D2A1DEC\IBSProvider.dll - CDISMProviderStore::Internal_GetProvider
2017-10-17 09:49:09, Warning               DISM   DISM Provider Store: PID=1344 TID=1812 Failed to Load the provider: C:\Users\ContainerAdministrator\AppData\Local\Temp\65C10E84-6223-423A-B14C-AC227D2A1DEC\IBSProvider.dll. - CDISMProviderStore::Internal_GetProvider(hr:0x8007007e)
2017-10-17 09:49:09, Info                  DISM   DISM Provider Store: PID=1344 TID=1812 Provider has not previously been encountered.  Attempting to initialize the provider. - CDISMProviderStore::Internal_GetProvider
2017-10-17 09:49:09, Info                  DISM   DISM Provider Store: PID=1344 TID=1812 Loading Provider from location C:\Users\ContainerAdministrator\AppData\Local\Temp\65C10E84-6223-423A-B14C-AC227D2A1DEC\DmiProvider.dll - CDISMProviderStore::Internal_GetProvider
2017-10-17 09:49:09, Info                  DISM   DISM Provider Store: PID=1344 TID=1812 Connecting to the provider located at C:\Users\ContainerAdministrator\AppData\Local\Temp\65C10E84-6223-423A-B14C-AC227D2A1DEC\DmiProvider.dll. - CDISMProviderStore::Internal_LoadProvider
2017-10-17 09:49:09, Info                  DISM   DISM Provider Store: PID=1344 TID=1812 Encountered a servicing provider, performing additional servicing initializations. - CDISMProviderStore::Internal_LoadProvider
2017-10-17 09:49:09, Info                  DISM   DISM OS Provider: PID=1344 TID=1812 Successfully loaded the hive. - CDISMOSServiceManager::DetermineBootDrive
2017-10-17 09:49:09, Info                  DISM   DISM Driver Manager: PID=1344 TID=1812 Further logs for driver related operations can be found in the target operating system at %WINDIR%\inf\setupapi.offline.log - CDriverManager::Initialize
2017-10-17 09:49:09, Info                  DISM   DISM Provider Store: PID=1344 TID=1812 Provider has not previously been encountered.  Attempting to initialize the provider. - CDISMProviderStore::Internal_GetProvider
2017-10-17 09:49:09, Info                  DISM   DISM Provider Store: PID=1344 TID=1812 Loading Provider from location C:\Users\ContainerAdministrator\AppData\Local\Temp\65C10E84-6223-423A-B14C-AC227D2A1DEC\UnattendProvider.dll - CDISMProviderStore::Internal_GetProvider
2017-10-17 09:49:09, Info                  DISM   DISM Provider Store: PID=1344 TID=1812 Connecting to the provider located at C:\Users\ContainerAdministrator\AppData\Local\Temp\65C10E84-6223-423A-B14C-AC227D2A1DEC\UnattendProvider.dll. - CDISMProviderStore::Internal_LoadProvider
2017-10-17 09:49:09, Info                  DISM   DISM Provider Store: PID=1344 TID=1812 Encountered a servicing provider, performing additional servicing initializations. - CDISMProviderStore::Internal_LoadProvider
2017-10-17 09:49:09, Info                  DISM   DISM Provider Store: PID=1344 TID=1812 Provider has not previously been encountered.  Attempting to initialize the provider. - CDISMProviderStore::Internal_GetProvider
2017-10-17 09:49:09, Info                  DISM   DISM Provider Store: PID=1344 TID=1812 Loading Provider from location C:\Users\ContainerAdministrator\AppData\Local\Temp\65C10E84-6223-423A-B14C-AC227D2A1DEC\SmiProvider.dll - CDISMProviderStore::Internal_GetProvider
2017-10-17 09:49:09, Info                  DISM   DISM Provider Store: PID=1344 TID=1812 Connecting to the provider located at C:\Users\ContainerAdministrator\AppData\Local\Temp\65C10E84-6223-423A-B14C-AC227D2A1DEC\SmiProvider.dll. - CDISMProviderStore::Internal_LoadProvider
2017-10-17 09:49:09, Info                  DISM   DISM Provider Store: PID=1344 TID=1812 Encountered a servicing provider, performing additional servicing initializations. - CDISMProviderStore::Internal_LoadProvider
2017-10-17 09:49:09, Info                  DISM   DISM Provider Store: PID=1344 TID=1812 Provider has not previously been encountered.  Attempting to initialize the provider. - CDISMProviderStore::Internal_GetProvider
2017-10-17 09:49:09, Info                  DISM   DISM Provider Store: PID=1344 TID=1812 Loading Provider from location C:\Users\ContainerAdministrator\AppData\Local\Temp\65C10E84-6223-423A-B14C-AC227D2A1DEC\EmbeddedProvider.dll - CDISMProviderStore::Internal_GetProvider
2017-10-17 09:49:09, Warning               DISM   DISM Provider Store: PID=1344 TID=1812 Failed to Load the provider: C:\Users\ContainerAdministrator\AppData\Local\Temp\65C10E84-6223-423A-B14C-AC227D2A1DEC\EmbeddedProvider.dll. - CDISMProviderStore::Internal_GetProvider(hr:0x8007007e)
2017-10-17 09:49:09, Info                  DISM   DISM Provider Store: PID=1344 TID=1812 Provider has not previously been encountered.  Attempting to initialize the provider. - CDISMProviderStore::Internal_GetProvider
2017-10-17 09:49:09, Info                  DISM   DISM Provider Store: PID=1344 TID=1812 Loading Provider from location C:\Users\ContainerAdministrator\AppData\Local\Temp\65C10E84-6223-423A-B14C-AC227D2A1DEC\AppxProvider.dll - CDISMProviderStore::Internal_GetProvider
2017-10-17 09:49:09, Warning               DISM   DISM Provider Store: PID=1344 TID=1812 Failed to Load the provider: C:\Users\ContainerAdministrator\AppData\Local\Temp\65C10E84-6223-423A-B14C-AC227D2A1DEC\AppxProvider.dll. - CDISMProviderStore::Internal_GetProvider(hr:0x8007007e)
2017-10-17 09:49:09, Info                  DISM   DISM Provider Store: PID=1344 TID=1812 Provider has not previously been encountered.  Attempting to initialize the provider. - CDISMProviderStore::Internal_GetProvider
2017-10-17 09:49:09, Info                  DISM   DISM Provider Store: PID=1344 TID=1812 Loading Provider from location C:\Users\ContainerAdministrator\AppData\Local\Temp\65C10E84-6223-423A-B14C-AC227D2A1DEC\ProvProvider.dll - CDISMProviderStore::Internal_GetProvider
2017-10-17 09:49:09, Info                  DISM   DISM Provider Store: PID=1344 TID=1812 Connecting to the provider located at C:\Users\ContainerAdministrator\AppData\Local\Temp\65C10E84-6223-423A-B14C-AC227D2A1DEC\ProvProvider.dll. - CDISMProviderStore::Internal_LoadProvider
2017-10-17 09:49:09, Info                  DISM   DISM Provider Store: PID=1344 TID=1812 Encountered a servicing provider, performing additional servicing initializations. - CDISMProviderStore::Internal_LoadProvider
2017-10-17 09:49:09, Info                  DISM   DISM Provider Store: PID=1344 TID=1812 Provider has not previously been encountered.  Attempting to initialize the provider. - CDISMProviderStore::Internal_GetProvider
2017-10-17 09:49:09, Info                  DISM   DISM Provider Store: PID=1344 TID=1812 Loading Provider from location C:\Users\ContainerAdministrator\AppData\Local\Temp\65C10E84-6223-423A-B14C-AC227D2A1DEC\AssocProvider.dll - CDISMProviderStore::Internal_GetProvider
2017-10-17 09:49:09, Warning               DISM   DISM Provider Store: PID=1344 TID=1812 Failed to Load the provider: C:\Users\ContainerAdministrator\AppData\Local\Temp\65C10E84-6223-423A-B14C-AC227D2A1DEC\AssocProvider.dll. - CDISMProviderStore::Internal_GetProvider(hr:0x8007007e)
2017-10-17 09:49:09, Info                  DISM   DISM Provider Store: PID=1344 TID=1812 Provider has not previously been encountered.  Attempting to initialize the provider. - CDISMProviderStore::Internal_GetProvider
2017-10-17 09:49:09, Info                  DISM   DISM Provider Store: PID=1344 TID=1812 Loading Provider from location C:\Users\ContainerAdministrator\AppData\Local\Temp\65C10E84-6223-423A-B14C-AC227D2A1DEC\GenericProvider.dll - CDISMProviderStore::Internal_GetProvider
2017-10-17 09:49:09, Info                  DISM   DISM Provider Store: PID=1344 TID=1812 Connecting to the provider located at C:\Users\ContainerAdministrator\AppData\Local\Temp\65C10E84-6223-423A-B14C-AC227D2A1DEC\GenericProvider.dll. - CDISMProviderStore::Internal_LoadProvider
2017-10-17 09:49:09, Info                  DISM   DISM Provider Store: PID=1344 TID=1812 Encountered a servicing provider, performing additional servicing initializations. - CDISMProviderStore::Internal_LoadProvider
2017-10-17 09:49:09, Info                  DISM   DISM Provider Store: PID=1344 TID=1812 Provider has not previously been encountered.  Attempting to initialize the provider. - CDISMProviderStore::Internal_GetProvider
2017-10-17 09:49:09, Info                  DISM   DISM Provider Store: PID=1344 TID=1812 Loading Provider from location C:\Users\ContainerAdministrator\AppData\Local\Temp\65C10E84-6223-423A-B14C-AC227D2A1DEC\OfflineSetupProvider.dll - CDISMProviderStore::Internal_GetProvider
2017-10-17 09:49:09, Info                  DISM   DISM Provider Store: PID=1344 TID=1812 Connecting to the provider located at C:\Users\ContainerAdministrator\AppData\Local\Temp\65C10E84-6223-423A-B14C-AC227D2A1DEC\OfflineSetupProvider.dll. - CDISMProviderStore::Internal_LoadProvider
2017-10-17 09:49:09, Info                  DISM   DISM Provider Store: PID=1344 TID=1812 Encountered a servicing provider, performing additional servicing initializations. - CDISMProviderStore::Internal_LoadProvider
2017-10-17 09:49:09, Info                  DISM   DISM Provider Store: PID=1344 TID=1812 Provider has not previously been encountered.  Attempting to initialize the provider. - CDISMProviderStore::Internal_GetProvider
2017-10-17 09:49:09, Info                  DISM   DISM Provider Store: PID=1344 TID=1812 Loading Provider from location C:\Users\ContainerAdministrator\AppData\Local\Temp\65C10E84-6223-423A-B14C-AC227D2A1DEC\TransmogProvider.dll - CDISMProviderStore::Internal_GetProvider
2017-10-17 09:49:09, Info                  DISM   DISM Provider Store: PID=1344 TID=1812 Connecting to the provider located at C:\Users\ContainerAdministrator\AppData\Local\Temp\65C10E84-6223-423A-B14C-AC227D2A1DEC\TransmogProvider.dll. - CDISMProviderStore::Internal_LoadProvider
2017-10-17 09:49:09, Info                  DISM   DISM Provider Store: PID=1344 TID=1812 Encountered a servicing provider, performing additional servicing initializations. - CDISMProviderStore::Internal_LoadProvider
2017-10-17 09:49:09, Info                  DISM   DISM Transmog Provider: PID=1344 TID=1812 Current image session is [ONLINE] - CTransmogManager::GetMode
2017-10-17 09:49:09, Info                  DISM   DISM Transmog Provider: PID=1344 TID=1812 Audit Mode: [No] - CTransmogManager::Initialize
2017-10-17 09:49:09, Info                  DISM   DISM Transmog Provider: PID=1344 TID=1812 GetProductType: ProductType = [ServerNT] - CTransmogManager::GetProductType
2017-10-17 09:49:09, Info                  DISM   DISM Transmog Provider: PID=1344 TID=1812 Product Type: [ServerNT] - CTransmogManager::Initialize
2017-10-17 09:49:09, Info                  DISM   DISM Transmog Provider: PID=1344 TID=1812 Product Type ServerNT : [Yes] - CTransmogManager::Initialize
2017-10-17 09:49:09, Info                  DISM   DISM.EXE: Got the collection of providers. Now enumerating them to build the command table.
2017-10-17 09:49:09, Info                  DISM   DISM.EXE: Attempting to add the commands from provider: DISM Log Provider
2017-10-17 09:49:09, Info                  DISM   DISM.EXE: Attempting to add the commands from provider: OSServices
2017-10-17 09:49:09, Info                  DISM   DISM.EXE: Attempting to add the commands from provider: DISM Package Manager
2017-10-17 09:49:09, Info                  DISM   DISM.EXE: Succesfully registered commands for the provider: DISM Package Manager.
2017-10-17 09:49:09, Info                  DISM   DISM.EXE: Attempting to add the commands from provider: MsiManager
2017-10-17 09:49:09, Info                  DISM   DISM.EXE: Succesfully registered commands for the provider: MsiManager.
2017-10-17 09:49:09, Info                  DISM   DISM.EXE: Attempting to add the commands from provider: IntlManager
2017-10-17 09:49:09, Info                  DISM   DISM.EXE: Succesfully registered commands for the provider: IntlManager.
2017-10-17 09:49:09, Info                  DISM   DISM.EXE: Attempting to add the commands from provider: DriverManager
2017-10-17 09:49:09, Info                  DISM   DISM.EXE: Succesfully registered commands for the provider: DriverManager.
2017-10-17 09:49:09, Info                  DISM   DISM.EXE: Attempting to add the commands from provider: DISM Unattend Manager
2017-10-17 09:49:09, Info                  DISM   DISM.EXE: Succesfully registered commands for the provider: DISM Unattend Manager.
2017-10-17 09:49:09, Info                  DISM   DISM.EXE: Attempting to add the commands from provider: SmiManager
2017-10-17 09:49:09, Info                  DISM   DISM.EXE: Attempting to add the commands from provider: ProvManager
2017-10-17 09:49:09, Info                  DISM   DISM.EXE: Succesfully registered commands for the provider: ProvManager.
2017-10-17 09:49:09, Info                  DISM   DISM.EXE: Attempting to add the commands from provider: GenericManager
2017-10-17 09:49:09, Info                  DISM   DISM.EXE: Succesfully registered commands for the provider: GenericManager.
2017-10-17 09:49:09, Info                  DISM   DISM.EXE: Attempting to add the commands from provider: OfflineSetupManager
2017-10-17 09:49:09, Info                  DISM   DISM.EXE: Succesfully registered commands for the provider: OfflineSetupManager.
2017-10-17 09:49:09, Info                  DISM   DISM.EXE: Attempting to add the commands from provider: Edition Manager
2017-10-17 09:49:09, Info                  DISM   DISM.EXE: Succesfully registered commands for the provider: Edition Manager.
2017-10-17 09:49:09, Info                  DISM   DISM Provider Store: PID=1344 TID=1812 Getting Provider DISM Package Manager - CDISMProviderStore::GetProvider
2017-10-17 09:49:09, Info                  DISM   DISM Provider Store: PID=1344 TID=1812 Provider has previously been initialized.  Returning the existing instance. - CDISMProviderStore::Internal_GetProvider
2017-10-17 09:49:09, Info                  DISM   DISM Package Manager: PID=1344 TID=1812 Processing the top level command token(enable-feature). - CPackageManagerCLIHandler::Private_ValidateCmdLine
2017-10-17 09:49:09, Info                  DISM   DISM Package Manager: PID=1344 TID=1812 Attempting to route to appropriate command handler. - CPackageManagerCLIHandler::ExecuteCmdLine
2017-10-17 09:49:09, Info                  DISM   DISM Package Manager: PID=1344 TID=1812 Routing the command... - CPackageManagerCLIHandler::ExecuteCmdLine
2017-10-17 09:49:09, Info                  DISM   DISM Package Manager: PID=1344 TID=1812 Encountered the option "featurename" with value "netfx4extended-aspnet45" - CPackageManagerCLIHandler::Private_GetPackagesFromCommandLine
2017-10-17 09:49:09, Info                  DISM   DISM Package Manager: PID=1344 TID=1812 Encountered an unknown option "featurename" with value "netfx4extended-aspnet45" - CPackageManagerCLIHandler::Private_GetPackagesFromCommandLine
2017-10-17 09:49:11, Info                  DISM   DISM Package Manager: PID=1344 TID=1812 Feature NetFx4 with CBS state 7(CbsInstallStateInstalled) being mapped to dism state 7(DISM_INSTALL_STATE_INSTALLED) - CDISMPackageFeature::LogInstallStateMapping
2017-10-17 09:49:11, Info                  DISM   DISM Package Manager: PID=1344 TID=1812 Initiating Changes on Package with values: 5, 7 - CDISMPackage::Internal_ChangePackageState
2017-10-17 09:49:11, Info                  DISM   DISM Package Manager: PID=1344 TID=1812 CBS session options=0x40100! - CDISMPackageManager::Internal_Finalize
2017-10-17 09:49:21, Info                  DISM   DISM Package Manager: PID=1344 TID=1812 DISM has detected a DISM component change. Requesting a shutdown. - CDISMPackageManager::Internal_Finalize
2017-10-17 09:49:21, Info                  DISM   DISM Image Session: PID=1344 TID=1812 The image session needs to be closed and re-opened before any servicing operations can be performed. - CDISMImageSession::put_ImageState
2017-10-17 09:49:21, Info                  DISM   DISM Package Manager: PID=1344 TID=1812 Loaded servicing stack for online use only. - CDISMPackageManager::RefreshInstanceAndLock
2017-10-17 09:49:21, Info                  DISM   DISM Package Manager: PID=1344 TID=1812 Feature NetFx4Extended-ASPNET45 with CBS state 7(CbsInstallStateInstalled) being mapped to dism state 7(DISM_INSTALL_STATE_INSTALLED) - CDISMPackageFeature::LogInstallStateMapping
2017-10-17 09:49:21, Info                  DISM   DISM Provider Store: PID=1344 TID=1812 Found the OSServices.  Waiting to finalize it until all other providers are unloaded. - CDISMProviderStore::Final_OnDisconnect
2017-10-17 09:49:21, Info                  DISM   DISM Provider Store: PID=1344 TID=1812 Found the OSServices.  Waiting to finalize it until all other providers are unloaded. - CDISMProviderStore::Final_OnDisconnect
2017-10-17 09:49:21, Info                  DISM   DISM Provider Store: PID=1344 TID=1812 Found the PE Provider.  Waiting to finalize it until all other providers are unloaded. - CDISMProviderStore::Final_OnDisconnect
2017-10-17 09:49:21, Info                  DISM   DISM Provider Store: PID=1344 TID=1812 Finalizing the servicing provider(DISM Package Manager) - CDISMProviderStore::Internal_DisconnectProvider
2017-10-17 09:49:21, Info                  DISM   DISM Package Manager: PID=1344 TID=1812 Finalizing CBS core. - CDISMPackageManager::Finalize
2017-10-17 09:49:21, Info                  DISM   DISM Provider Store: PID=1344 TID=1812 Disconnecting Provider: DISM Package Manager - CDISMProviderStore::Internal_DisconnectProvider
2017-10-17 09:49:21, Info                  DISM   DISM Provider Store: PID=1344 TID=1812 Finalizing the servicing provider(MsiManager) - CDISMProviderStore::Internal_DisconnectProvider
2017-10-17 09:49:21, Info                  DISM   DISM Provider Store: PID=1344 TID=1812 Disconnecting Provider: MsiManager - CDISMProviderStore::Internal_DisconnectProvider
2017-10-17 09:49:21, Info                  DISM   DISM Provider Store: PID=1344 TID=1812 Finalizing the servicing provider(IntlManager) - CDISMProviderStore::Internal_DisconnectProvider
2017-10-17 09:49:21, Info                  DISM   DISM Provider Store: PID=1344 TID=1812 Disconnecting Provider: IntlManager - CDISMProviderStore::Internal_DisconnectProvider
2017-10-17 09:49:21, Info                  DISM   DISM Provider Store: PID=1344 TID=1812 Finalizing the servicing provider(DriverManager) - CDISMProviderStore::Internal_DisconnectProvider
2017-10-17 09:49:21, Info                  DISM   DISM Provider Store: PID=1344 TID=1812 Disconnecting Provider: DriverManager - CDISMProviderStore::Internal_DisconnectProvider
2017-10-17 09:49:21, Info                  DISM   DISM Provider Store: PID=1344 TID=1812 Finalizing the servicing provider(DISM Unattend Manager) - CDISMProviderStore::Internal_DisconnectProvider
2017-10-17 09:49:21, Info                  DISM   DISM Provider Store: PID=1344 TID=1812 Disconnecting Provider: DISM Unattend Manager - CDISMProviderStore::Internal_DisconnectProvider
2017-10-17 09:49:21, Info                  DISM   DISM Provider Store: PID=1344 TID=1812 Finalizing the servicing provider(SmiManager) - CDISMProviderStore::Internal_DisconnectProvider
2017-10-17 09:49:21, Info                  DISM   DISM Provider Store: PID=1344 TID=1812 Disconnecting Provider: SmiManager - CDISMProviderStore::Internal_DisconnectProvider
2017-10-17 09:49:21, Info                  DISM   DISM Provider Store: PID=1344 TID=1812 Finalizing the servicing provider(ProvManager) - CDISMProviderStore::Internal_DisconnectProvider
2017-10-17 09:49:21, Info                  DISM   DISM Provider Store: PID=1344 TID=1812 Disconnecting Provider: ProvManager - CDISMProviderStore::Internal_DisconnectProvider
2017-10-17 09:49:21, Info                  DISM   DISM Provider Store: PID=1344 TID=1812 Finalizing the servicing provider(GenericManager) - CDISMProviderStore::Internal_DisconnectProvider
2017-10-17 09:49:21, Info                  DISM   DISM Provider Store: PID=1344 TID=1812 Disconnecting Provider: GenericManager - CDISMProviderStore::Internal_DisconnectProvider
2017-10-17 09:49:21, Info                  DISM   DISM Provider Store: PID=1344 TID=1812 Finalizing the servicing provider(OfflineSetupManager) - CDISMProviderStore::Internal_DisconnectProvider
2017-10-17 09:49:21, Info                  DISM   DISM Provider Store: PID=1344 TID=1812 Disconnecting Provider: OfflineSetupManager - CDISMProviderStore::Internal_DisconnectProvider
2017-10-17 09:49:21, Info                  DISM   DISM Provider Store: PID=1344 TID=1812 Finalizing the servicing provider(Edition Manager) - CDISMProviderStore::Internal_DisconnectProvider
2017-10-17 09:49:21, Info                  DISM   DISM Provider Store: PID=1344 TID=1812 Disconnecting Provider: Edition Manager - CDISMProviderStore::Internal_DisconnectProvider
2017-10-17 09:49:21, Info                  DISM   DISM Provider Store: PID=1344 TID=1812 Releasing the local reference to OSServices. - CDISMProviderStore::Internal_DisconnectProvider
2017-10-17 09:49:21, Info                  DISM   DISM Provider Store: PID=1344 TID=1812 Disconnecting Provider: OSServices - CDISMProviderStore::Internal_DisconnectProvider
2017-10-17 09:49:21, Info                  DISM   DISM Provider Store: PID=1344 TID=1812 Releasing the local reference to DISMLogger.  Stop logging. - CDISMProviderStore::Internal_DisconnectProvider
2017-10-17 09:49:21, Info                  DISM   DISM Manager: PID=2492 TID=696 Closing session event handle 0x190 - CDISMManager::CloseImageSession
2017-10-17 09:49:21, Info                  DISM   DISM.EXE: Image session has been closed. Reboot required=no.
2017-10-17 09:49:21, Info                  DISM   DISM.EXE: 
2017-10-17 09:49:21, Info                  DISM   DISM.EXE: <----- Ending Dism.exe session ----->
2017-10-17 09:49:21, Info                  DISM   DISM.EXE: 
2017-10-17 09:49:21, Info                  DISM   DISM Provider Store: PID=2492 TID=696 Found the OSServices.  Waiting to finalize it until all other providers are unloaded. - CDISMProviderStore::Final_OnDisconnect
2017-10-17 09:49:21, Info                  DISM   DISM Provider Store: PID=2492 TID=696 Disconnecting Provider: FolderManager - CDISMProviderStore::Internal_DisconnectProvider
2017-10-17 09:49:21, Info                  DISM   DISM Provider Store: PID=2492 TID=696 Releasing the local reference to DISMLogger.  Stop logging. - CDISMProviderStore::Internal_DisconnectProvider
