[0b00:0004][2017-10-17T09:46:34] Opening the package for processing
[0b00:0004][2017-10-17T09:46:34] Using package payload to get the embedded manifest
[0b00:0004][2017-10-17T09:46:34] Getting list of files within the package
[0b00:0004][2017-10-17T09:46:34] Processing file /Contents/Common7/IDE/Remote%20Debugger/Appx/1033/AppxDebug.dll-Help.xml
[0b00:0004][2017-10-17T09:46:34] Started: Copying file /Contents/Common7/IDE/Remote%20Debugger/Appx/1033/AppxDebug.dll-Help.xml to C:\Program Files (x86)\Microsoft Visual Studio\2017\Community\Common7\IDE\Remote Debugger\Appx\1033\AppxDebug.dll-Help.xml
[0b00:0004][2017-10-17T09:46:34] Completed: Copying file /Contents/Common7/IDE/Remote%20Debugger/Appx/1033/AppxDebug.dll-Help.xml to C:\Program Files (x86)\Microsoft Visual Studio\2017\Community\Common7\IDE\Remote Debugger\Appx\1033\AppxDebug.dll-Help.xml
[0b00:0004][2017-10-17T09:46:34] Timestamp updated for file 'C:\Program Files (x86)\Microsoft Visual Studio\2017\Community\Common7\IDE\Remote Debugger\Appx\1033\AppxDebug.dll-Help.xml'.
[0b00:0004][2017-10-17T09:46:34] Processing file /Contents/Common7/IDE/Remote%20Debugger/x86/1033/msdbgui.dll
[0b00:0004][2017-10-17T09:46:34] Started: Copying file /Contents/Common7/IDE/Remote%20Debugger/x86/1033/msdbgui.dll to C:\Program Files (x86)\Microsoft Visual Studio\2017\Community\Common7\IDE\Remote Debugger\x86\1033\msdbgui.dll
[0b00:0004][2017-10-17T09:46:34] Completed: Copying file /Contents/Common7/IDE/Remote%20Debugger/x86/1033/msdbgui.dll to C:\Program Files (x86)\Microsoft Visual Studio\2017\Community\Common7\IDE\Remote Debugger\x86\1033\msdbgui.dll
[0b00:0004][2017-10-17T09:46:34] Timestamp updated for file 'C:\Program Files (x86)\Microsoft Visual Studio\2017\Community\Common7\IDE\Remote Debugger\x86\1033\msdbgui.dll'.
[0b00:0004][2017-10-17T09:46:34] Processing file /Contents/Common7/IDE/Remote%20Debugger/x86/1033/symbollocator.resources.dll
[0b00:0004][2017-10-17T09:46:34] Started: Copying file /Contents/Common7/IDE/Remote%20Debugger/x86/1033/symbollocator.resources.dll to C:\Program Files (x86)\Microsoft Visual Studio\2017\Community\Common7\IDE\Remote Debugger\x86\1033\symbollocator.resources.dll
[0b00:0004][2017-10-17T09:46:34] Completed: Copying file /Contents/Common7/IDE/Remote%20Debugger/x86/1033/symbollocator.resources.dll to C:\Program Files (x86)\Microsoft Visual Studio\2017\Community\Common7\IDE\Remote Debugger\x86\1033\symbollocator.resources.dll
[0b00:0004][2017-10-17T09:46:34] Timestamp updated for file 'C:\Program Files (x86)\Microsoft Visual Studio\2017\Community\Common7\IDE\Remote Debugger\x86\1033\symbollocator.resources.dll'.
[0b00:0004][2017-10-17T09:46:34] Processing file /Contents/Common7/IDE/Remote%20Debugger/x86/1033/vsdebugeng.impl.resources.dll
[0b00:0004][2017-10-17T09:46:34] Started: Copying file /Contents/Common7/IDE/Remote%20Debugger/x86/1033/vsdebugeng.impl.resources.dll to C:\Program Files (x86)\Microsoft Visual Studio\2017\Community\Common7\IDE\Remote Debugger\x86\1033\vsdebugeng.impl.resources.dll
[0b00:0004][2017-10-17T09:46:34] Completed: Copying file /Contents/Common7/IDE/Remote%20Debugger/x86/1033/vsdebugeng.impl.resources.dll to C:\Program Files (x86)\Microsoft Visual Studio\2017\Community\Common7\IDE\Remote Debugger\x86\1033\vsdebugeng.impl.resources.dll
[0b00:0004][2017-10-17T09:46:34] Timestamp updated for file 'C:\Program Files (x86)\Microsoft Visual Studio\2017\Community\Common7\IDE\Remote Debugger\x86\1033\vsdebugeng.impl.resources.dll'.
[0b00:0004][2017-10-17T09:46:34] Package executed successfully. Return code: 0
