[0b00:0004][2017-10-17T09:47:06] Opening the package for processing
[0b00:0004][2017-10-17T09:47:06] Using package payload to get the embedded manifest
[0b00:0004][2017-10-17T09:47:06] Getting list of files within the package
[0b00:0004][2017-10-17T09:47:06] Processing file /Contents/Common7/IDE/Automation/dsref80.dll
[0b00:0004][2017-10-17T09:47:06] Started: Copying file /Contents/Common7/IDE/Automation/dsref80.dll to C:\Program Files (x86)\Microsoft Visual Studio\2017\Community\Common7\IDE\Automation\dsref80.dll
[0b00:0004][2017-10-17T09:47:06] Completed: Copying file /Contents/Common7/IDE/Automation/dsref80.dll to C:\Program Files (x86)\Microsoft Visual Studio\2017\Community\Common7\IDE\Automation\dsref80.dll
[0b00:0004][2017-10-17T09:47:06] Timestamp updated for file 'C:\Program Files (x86)\Microsoft Visual Studio\2017\Community\Common7\IDE\Automation\dsref80.dll'.
[0b00:0004][2017-10-17T09:47:06] Processing file /Contents/Common7/IDE/Automation/dsref80.dll.manifest
[0b00:0004][2017-10-17T09:47:06] Started: Copying file /Contents/Common7/IDE/Automation/dsref80.dll.manifest to C:\Program Files (x86)\Microsoft Visual Studio\2017\Community\Common7\IDE\Automation\dsref80.dll.manifest
[0b00:0004][2017-10-17T09:47:06] Completed: Copying file /Contents/Common7/IDE/Automation/dsref80.dll.manifest to C:\Program Files (x86)\Microsoft Visual Studio\2017\Community\Common7\IDE\Automation\dsref80.dll.manifest
[0b00:0004][2017-10-17T09:47:06] Timestamp updated for file 'C:\Program Files (x86)\Microsoft Visual Studio\2017\Community\Common7\IDE\Automation\dsref80.dll.manifest'.
[0b00:0004][2017-10-17T09:47:06] Processing file /Contents/Common7/IDE/CommonExtensions/DataDesign/DataDesign.pkgdef
[0b00:0004][2017-10-17T09:47:06] Started: Copying file /Contents/Common7/IDE/CommonExtensions/DataDesign/DataDesign.pkgdef to C:\Program Files (x86)\Microsoft Visual Studio\2017\Community\Common7\IDE\CommonExtensions\DataDesign\DataDesign.pkgdef
[0b00:0004][2017-10-17T09:47:06] Completed: Copying file /Contents/Common7/IDE/CommonExtensions/DataDesign/DataDesign.pkgdef to C:\Program Files (x86)\Microsoft Visual Studio\2017\Community\Common7\IDE\CommonExtensions\DataDesign\DataDesign.pkgdef
[0b00:0004][2017-10-17T09:47:06] Timestamp updated for file 'C:\Program Files (x86)\Microsoft Visual Studio\2017\Community\Common7\IDE\CommonExtensions\DataDesign\DataDesign.pkgdef'.
[0b00:0004][2017-10-17T09:47:06] Processing file /Contents/Common7/IDE/CommonExtensions/DataDesign/extension.vsixmanifest
[0b00:0004][2017-10-17T09:47:06] Started: Copying file /Contents/Common7/IDE/CommonExtensions/DataDesign/extension.vsixmanifest to C:\Program Files (x86)\Microsoft Visual Studio\2017\Community\Common7\IDE\CommonExtensions\DataDesign\extension.vsixmanifest
[0b00:0004][2017-10-17T09:47:06] Completed: Copying file /Contents/Common7/IDE/CommonExtensions/DataDesign/extension.vsixmanifest to C:\Program Files (x86)\Microsoft Visual Studio\2017\Community\Common7\IDE\CommonExtensions\DataDesign\extension.vsixmanifest
[0b00:0004][2017-10-17T09:47:06] Timestamp updated for file 'C:\Program Files (x86)\Microsoft Visual Studio\2017\Community\Common7\IDE\CommonExtensions\DataDesign\extension.vsixmanifest'.
[0b00:0004][2017-10-17T09:47:06] Processing file /Contents/Common7/IDE/CommonExtensions/DataDesign/Microsoft.VisualStudio.DataDesign.DataObjectGenerators.dll
[0b00:0004][2017-10-17T09:47:06] Started: Copying file /Contents/Common7/IDE/CommonExtensions/DataDesign/Microsoft.VisualStudio.DataDesign.DataObjectGenerators.dll to C:\Program Files (x86)\Microsoft Visual Studio\2017\Community\Common7\IDE\CommonExtensions\DataDesign\Microsoft.VisualStudio.DataDesign.DataObjectGenerators.dll
[0b00:0004][2017-10-17T09:47:06] Completed: Copying file /Contents/Common7/IDE/CommonExtensions/DataDesign/Microsoft.VisualStudio.DataDesign.DataObjectGenerators.dll to C:\Program Files (x86)\Microsoft Visual Studio\2017\Community\Common7\IDE\CommonExtensions\DataDesign\Microsoft.VisualStudio.DataDesign.DataObjectGenerators.dll
[0b00:0004][2017-10-17T09:47:06] Timestamp updated for file 'C:\Program Files (x86)\Microsoft Visual Studio\2017\Community\Common7\IDE\CommonExtensions\DataDesign\Microsoft.VisualStudio.DataDesign.DataObjectGenerators.dll'.
[0b00:0004][2017-10-17T09:47:06] Processing file /Contents/Common7/IDE/CommonExtensions/DataDesign/Microsoft.VisualStudio.DataDesign.DataSourceProviders.dll
[0b00:0004][2017-10-17T09:47:06] Started: Copying file /Contents/Common7/IDE/CommonExtensions/DataDesign/Microsoft.VisualStudio.DataDesign.DataSourceProviders.dll to C:\Program Files (x86)\Microsoft Visual Studio\2017\Community\Common7\IDE\CommonExtensions\DataDesign\Microsoft.VisualStudio.DataDesign.DataSourceProviders.dll
[0b00:0004][2017-10-17T09:47:06] Completed: Copying file /Contents/Common7/IDE/CommonExtensions/DataDesign/Microsoft.VisualStudio.DataDesign.DataSourceProviders.dll to C:\Program Files (x86)\Microsoft Visual Studio\2017\Community\Common7\IDE\CommonExtensions\DataDesign\Microsoft.VisualStudio.DataDesign.DataSourceProviders.dll
[0b00:0004][2017-10-17T09:47:06] Timestamp updated for file 'C:\Program Files (x86)\Microsoft Visual Studio\2017\Community\Common7\IDE\CommonExtensions\DataDesign\Microsoft.VisualStudio.DataDesign.DataSourceProviders.dll'.
[0b00:0004][2017-10-17T09:47:06] Processing file /Contents/Common7/IDE/CommonExtensions/DataDesign/Microsoft.VisualStudio.DataDesign.WpfComponents.dll
[0b00:0004][2017-10-17T09:47:06] Started: Copying file /Contents/Common7/IDE/CommonExtensions/DataDesign/Microsoft.VisualStudio.DataDesign.WpfComponents.dll to C:\Program Files (x86)\Microsoft Visual Studio\2017\Community\Common7\IDE\CommonExtensions\DataDesign\Microsoft.VisualStudio.DataDesign.WpfComponents.dll
[0b00:0004][2017-10-17T09:47:06] Completed: Copying file /Contents/Common7/IDE/CommonExtensions/DataDesign/Microsoft.VisualStudio.DataDesign.WpfComponents.dll to C:\Program Files (x86)\Microsoft Visual Studio\2017\Community\Common7\IDE\CommonExtensions\DataDesign\Microsoft.VisualStudio.DataDesign.WpfComponents.dll
[0b00:0004][2017-10-17T09:47:06] Timestamp updated for file 'C:\Program Files (x86)\Microsoft Visual Studio\2017\Community\Common7\IDE\CommonExtensions\DataDesign\Microsoft.VisualStudio.DataDesign.WpfComponents.dll'.
[0b00:0004][2017-10-17T09:47:06] Processing file /Contents/Common7/IDE/CommonExtensions/DataDesign/Microsoft.VisualStudio.ServerExplorer.pkgdef
[0b00:0004][2017-10-17T09:47:06] Started: Copying file /Contents/Common7/IDE/CommonExtensions/DataDesign/Microsoft.VisualStudio.ServerExplorer.pkgdef to C:\Program Files (x86)\Microsoft Visual Studio\2017\Community\Common7\IDE\CommonExtensions\DataDesign\Microsoft.VisualStudio.ServerExplorer.pkgdef
[0b00:0004][2017-10-17T09:47:06] Completed: Copying file /Contents/Common7/IDE/CommonExtensions/DataDesign/Microsoft.VisualStudio.ServerExplorer.pkgdef to C:\Program Files (x86)\Microsoft Visual Studio\2017\Community\Common7\IDE\CommonExtensions\DataDesign\Microsoft.VisualStudio.ServerExplorer.pkgdef
[0b00:0004][2017-10-17T09:47:06] Timestamp updated for file 'C:\Program Files (x86)\Microsoft Visual Studio\2017\Community\Common7\IDE\CommonExtensions\DataDesign\Microsoft.VisualStudio.ServerExplorer.pkgdef'.
[0b00:0004][2017-10-17T09:47:06] Processing file /Contents/Common7/IDE/CommonExtensions/DataDesign/Microsoft.VSDesigner.BootstrapPackage.dll
[0b00:0004][2017-10-17T09:47:06] Started: Copying file /Contents/Common7/IDE/CommonExtensions/DataDesign/Microsoft.VSDesigner.BootstrapPackage.dll to C:\Program Files (x86)\Microsoft Visual Studio\2017\Community\Common7\IDE\CommonExtensions\DataDesign\Microsoft.VSDesigner.BootstrapPackage.dll
[0b00:0004][2017-10-17T09:47:06] Completed: Copying file /Contents/Common7/IDE/CommonExtensions/DataDesign/Microsoft.VSDesigner.BootstrapPackage.dll to C:\Program Files (x86)\Microsoft Visual Studio\2017\Community\Common7\IDE\CommonExtensions\DataDesign\Microsoft.VSDesigner.BootstrapPackage.dll
[0b00:0004][2017-10-17T09:47:06] Timestamp updated for file 'C:\Program Files (x86)\Microsoft Visual Studio\2017\Community\Common7\IDE\CommonExtensions\DataDesign\Microsoft.VSDesigner.BootstrapPackage.dll'.
[0b00:0004][2017-10-17T09:47:06] Processing file /Contents/Common7/IDE/CommonExtensions/DataDesign/Microsoft.VSDesigner.BootstrapPackage.pkgdef
[0b00:0004][2017-10-17T09:47:06] Started: Copying file /Contents/Common7/IDE/CommonExtensions/DataDesign/Microsoft.VSDesigner.BootstrapPackage.pkgdef to C:\Program Files (x86)\Microsoft Visual Studio\2017\Community\Common7\IDE\CommonExtensions\DataDesign\Microsoft.VSDesigner.BootstrapPackage.pkgdef
[0b00:0004][2017-10-17T09:47:06] Completed: Copying file /Contents/Common7/IDE/CommonExtensions/DataDesign/Microsoft.VSDesigner.BootstrapPackage.pkgdef to C:\Program Files (x86)\Microsoft Visual Studio\2017\Community\Common7\IDE\CommonExtensions\DataDesign\Microsoft.VSDesigner.BootstrapPackage.pkgdef
[0b00:0004][2017-10-17T09:47:06] Timestamp updated for file 'C:\Program Files (x86)\Microsoft Visual Studio\2017\Community\Common7\IDE\CommonExtensions\DataDesign\Microsoft.VSDesigner.BootstrapPackage.pkgdef'.
[0b00:0004][2017-10-17T09:47:06] Processing file /Contents/Common7/IDE/CommonExtensions/Microsoft/Editors/Microsoft.VisualStudio.Editors.WCF.pkgdef
[0b00:0004][2017-10-17T09:47:06] Started: Copying file /Contents/Common7/IDE/CommonExtensions/Microsoft/Editors/Microsoft.VisualStudio.Editors.WCF.pkgdef to C:\Program Files (x86)\Microsoft Visual Studio\2017\Community\Common7\IDE\CommonExtensions\Microsoft\Editors\Microsoft.VisualStudio.Editors.WCF.pkgdef
[0b00:0004][2017-10-17T09:47:06] Completed: Copying file /Contents/Common7/IDE/CommonExtensions/Microsoft/Editors/Microsoft.VisualStudio.Editors.WCF.pkgdef to C:\Program Files (x86)\Microsoft Visual Studio\2017\Community\Common7\IDE\CommonExtensions\Microsoft\Editors\Microsoft.VisualStudio.Editors.WCF.pkgdef
[0b00:0004][2017-10-17T09:47:06] Timestamp updated for file 'C:\Program Files (x86)\Microsoft Visual Studio\2017\Community\Common7\IDE\CommonExtensions\Microsoft\Editors\Microsoft.VisualStudio.Editors.WCF.pkgdef'.
[0b00:0004][2017-10-17T09:47:06] Processing file /Contents/Common7/IDE/CommonExtensions/Microsoft/Editors/Microsoft.VSDesigner.WCF.pkgdef
[0b00:0004][2017-10-17T09:47:06] Started: Copying file /Contents/Common7/IDE/CommonExtensions/Microsoft/Editors/Microsoft.VSDesigner.WCF.pkgdef to C:\Program Files (x86)\Microsoft Visual Studio\2017\Community\Common7\IDE\CommonExtensions\Microsoft\Editors\Microsoft.VSDesigner.WCF.pkgdef
[0b00:0004][2017-10-17T09:47:06] Completed: Copying file /Contents/Common7/IDE/CommonExtensions/Microsoft/Editors/Microsoft.VSDesigner.WCF.pkgdef to C:\Program Files (x86)\Microsoft Visual Studio\2017\Community\Common7\IDE\CommonExtensions\Microsoft\Editors\Microsoft.VSDesigner.WCF.pkgdef
[0b00:0004][2017-10-17T09:47:06] Timestamp updated for file 'C:\Program Files (x86)\Microsoft Visual Studio\2017\Community\Common7\IDE\CommonExtensions\Microsoft\Editors\Microsoft.VSDesigner.WCF.pkgdef'.
[0b00:0004][2017-10-17T09:47:06] Processing file /Contents/Common7/IDE/Extensions/ProTools/Vis_DB_Tools_Reg_17108.3643236F_FC70_11D3_A536_0090278A1BB8.pkgdef
[0b00:0004][2017-10-17T09:47:06] Started: Copying file /Contents/Common7/IDE/Extensions/ProTools/Vis_DB_Tools_Reg_17108.3643236F_FC70_11D3_A536_0090278A1BB8.pkgdef to C:\Program Files (x86)\Microsoft Visual Studio\2017\Community\Common7\IDE\Extensions\ProTools\Vis_DB_Tools_Reg_17108.3643236F_FC70_11D3_A536_0090278A1BB8.pkgdef
[0b00:0004][2017-10-17T09:47:06] Completed: Copying file /Contents/Common7/IDE/Extensions/ProTools/Vis_DB_Tools_Reg_17108.3643236F_FC70_11D3_A536_0090278A1BB8.pkgdef to C:\Program Files (x86)\Microsoft Visual Studio\2017\Community\Common7\IDE\Extensions\ProTools\Vis_DB_Tools_Reg_17108.3643236F_FC70_11D3_A536_0090278A1BB8.pkgdef
[0b00:0004][2017-10-17T09:47:06] Timestamp updated for file 'C:\Program Files (x86)\Microsoft Visual Studio\2017\Community\Common7\IDE\Extensions\ProTools\Vis_DB_Tools_Reg_17108.3643236F_FC70_11D3_A536_0090278A1BB8.pkgdef'.
[0b00:0004][2017-10-17T09:47:06] Processing file /Contents/Common7/IDE/Extensions/ProTools/VSData_Compatibility_Reg_VS.3643236F_FC70_11D3_A536_0090278A1BB8.pkgdef
[0b00:0004][2017-10-17T09:47:06] Started: Copying file /Contents/Common7/IDE/Extensions/ProTools/VSData_Compatibility_Reg_VS.3643236F_FC70_11D3_A536_0090278A1BB8.pkgdef to C:\Program Files (x86)\Microsoft Visual Studio\2017\Community\Common7\IDE\Extensions\ProTools\VSData_Compatibility_Reg_VS.3643236F_FC70_11D3_A536_0090278A1BB8.pkgdef
[0b00:0004][2017-10-17T09:47:06] Completed: Copying file /Contents/Common7/IDE/Extensions/ProTools/VSData_Compatibility_Reg_VS.3643236F_FC70_11D3_A536_0090278A1BB8.pkgdef to C:\Program Files (x86)\Microsoft Visual Studio\2017\Community\Common7\IDE\Extensions\ProTools\VSData_Compatibility_Reg_VS.3643236F_FC70_11D3_A536_0090278A1BB8.pkgdef
[0b00:0004][2017-10-17T09:47:06] Timestamp updated for file 'C:\Program Files (x86)\Microsoft Visual Studio\2017\Community\Common7\IDE\Extensions\ProTools\VSData_Compatibility_Reg_VS.3643236F_FC70_11D3_A536_0090278A1BB8.pkgdef'.
[0b00:0004][2017-10-17T09:47:06] Processing file /Contents/Common7/IDE/Extensions/ProTools/VSData_Package_Reg_VS.3643236F_FC70_11D3_A536_0090278A1BB8.pkgdef
[0b00:0004][2017-10-17T09:47:06] Started: Copying file /Contents/Common7/IDE/Extensions/ProTools/VSData_Package_Reg_VS.3643236F_FC70_11D3_A536_0090278A1BB8.pkgdef to C:\Program Files (x86)\Microsoft Visual Studio\2017\Community\Common7\IDE\Extensions\ProTools\VSData_Package_Reg_VS.3643236F_FC70_11D3_A536_0090278A1BB8.pkgdef
[0b00:0004][2017-10-17T09:47:06] Completed: Copying file /Contents/Common7/IDE/Extensions/ProTools/VSData_Package_Reg_VS.3643236F_FC70_11D3_A536_0090278A1BB8.pkgdef to C:\Program Files (x86)\Microsoft Visual Studio\2017\Community\Common7\IDE\Extensions\ProTools\VSData_Package_Reg_VS.3643236F_FC70_11D3_A536_0090278A1BB8.pkgdef
[0b00:0004][2017-10-17T09:47:06] Timestamp updated for file 'C:\Program Files (x86)\Microsoft Visual Studio\2017\Community\Common7\IDE\Extensions\ProTools\VSData_Package_Reg_VS.3643236F_FC70_11D3_A536_0090278A1BB8.pkgdef'.
[0b00:0004][2017-10-17T09:47:06] Processing file /Contents/Common7/IDE/Extensions/ProTools/VSData_Providers_Oracle_Reg_VS.3643236F_FC70_11D3_A536_0090278A1BB8.pkgdef
[0b00:0004][2017-10-17T09:47:06] Started: Copying file /Contents/Common7/IDE/Extensions/ProTools/VSData_Providers_Oracle_Reg_VS.3643236F_FC70_11D3_A536_0090278A1BB8.pkgdef to C:\Program Files (x86)\Microsoft Visual Studio\2017\Community\Common7\IDE\Extensions\ProTools\VSData_Providers_Oracle_Reg_VS.3643236F_FC70_11D3_A536_0090278A1BB8.pkgdef
[0b00:0004][2017-10-17T09:47:06] Completed: Copying file /Contents/Common7/IDE/Extensions/ProTools/VSData_Providers_Oracle_Reg_VS.3643236F_FC70_11D3_A536_0090278A1BB8.pkgdef to C:\Program Files (x86)\Microsoft Visual Studio\2017\Community\Common7\IDE\Extensions\ProTools\VSData_Providers_Oracle_Reg_VS.3643236F_FC70_11D3_A536_0090278A1BB8.pkgdef
[0b00:0004][2017-10-17T09:47:06] Timestamp updated for file 'C:\Program Files (x86)\Microsoft Visual Studio\2017\Community\Common7\IDE\Extensions\ProTools\VSData_Providers_Oracle_Reg_VS.3643236F_FC70_11D3_A536_0090278A1BB8.pkgdef'.
[0b00:0004][2017-10-17T09:47:06] Processing file /Contents/Common7/IDE/Extensions/ProTools/VSData_Providers_SqlServer_Reg_VS.3643236F_FC70_11D3_A536_0090278A1BB8.pkgdef
[0b00:0004][2017-10-17T09:47:06] Started: Copying file /Contents/Common7/IDE/Extensions/ProTools/VSData_Providers_SqlServer_Reg_VS.3643236F_FC70_11D3_A536_0090278A1BB8.pkgdef to C:\Program Files (x86)\Microsoft Visual Studio\2017\Community\Common7\IDE\Extensions\ProTools\VSData_Providers_SqlServer_Reg_VS.3643236F_FC70_11D3_A536_0090278A1BB8.pkgdef
[0b00:0004][2017-10-17T09:47:06] Completed: Copying file /Contents/Common7/IDE/Extensions/ProTools/VSData_Providers_SqlServer_Reg_VS.3643236F_FC70_11D3_A536_0090278A1BB8.pkgdef to C:\Program Files (x86)\Microsoft Visual Studio\2017\Community\Common7\IDE\Extensions\ProTools\VSData_Providers_SqlServer_Reg_VS.3643236F_FC70_11D3_A536_0090278A1BB8.pkgdef
[0b00:0004][2017-10-17T09:47:06] Timestamp updated for file 'C:\Program Files (x86)\Microsoft Visual Studio\2017\Community\Common7\IDE\Extensions\ProTools\VSData_Providers_SqlServer_Reg_VS.3643236F_FC70_11D3_A536_0090278A1BB8.pkgdef'.
[0b00:0004][2017-10-17T09:47:06] Processing file /Contents/Common7/IDE/Extensions/ProTools/VSData_Sources_MSSqlServerDBFile_Reg_VS.3643236F_FC70_11D3_A536_0090278A1BB8.pkgdef
[0b00:0004][2017-10-17T09:47:06] Started: Copying file /Contents/Common7/IDE/Extensions/ProTools/VSData_Sources_MSSqlServerDBFile_Reg_VS.3643236F_FC70_11D3_A536_0090278A1BB8.pkgdef to C:\Program Files (x86)\Microsoft Visual Studio\2017\Community\Common7\IDE\Extensions\ProTools\VSData_Sources_MSSqlServerDBFile_Reg_VS.3643236F_FC70_11D3_A536_0090278A1BB8.pkgdef
[0b00:0004][2017-10-17T09:47:06] Completed: Copying file /Contents/Common7/IDE/Extensions/ProTools/VSData_Sources_MSSqlServerDBFile_Reg_VS.3643236F_FC70_11D3_A536_0090278A1BB8.pkgdef to C:\Program Files (x86)\Microsoft Visual Studio\2017\Community\Common7\IDE\Extensions\ProTools\VSData_Sources_MSSqlServerDBFile_Reg_VS.3643236F_FC70_11D3_A536_0090278A1BB8.pkgdef
[0b00:0004][2017-10-17T09:47:06] Timestamp updated for file 'C:\Program Files (x86)\Microsoft Visual Studio\2017\Community\Common7\IDE\Extensions\ProTools\VSData_Sources_MSSqlServerDBFile_Reg_VS.3643236F_FC70_11D3_A536_0090278A1BB8.pkgdef'.
[0b00:0004][2017-10-17T09:47:06] Processing file /Contents/Common7/IDE/Extensions/ProTools/VSData_Sources_MSSqlServer_Reg_VS.3643236F_FC70_11D3_A536_0090278A1BB8.pkgdef
[0b00:0004][2017-10-17T09:47:06] Started: Copying file /Contents/Common7/IDE/Extensions/ProTools/VSData_Sources_MSSqlServer_Reg_VS.3643236F_FC70_11D3_A536_0090278A1BB8.pkgdef to C:\Program Files (x86)\Microsoft Visual Studio\2017\Community\Common7\IDE\Extensions\ProTools\VSData_Sources_MSSqlServer_Reg_VS.3643236F_FC70_11D3_A536_0090278A1BB8.pkgdef
[0b00:0004][2017-10-17T09:47:06] Completed: Copying file /Contents/Common7/IDE/Extensions/ProTools/VSData_Sources_MSSqlServer_Reg_VS.3643236F_FC70_11D3_A536_0090278A1BB8.pkgdef to C:\Program Files (x86)\Microsoft Visual Studio\2017\Community\Common7\IDE\Extensions\ProTools\VSData_Sources_MSSqlServer_Reg_VS.3643236F_FC70_11D3_A536_0090278A1BB8.pkgdef
[0b00:0004][2017-10-17T09:47:06] Timestamp updated for file 'C:\Program Files (x86)\Microsoft Visual Studio\2017\Community\Common7\IDE\Extensions\ProTools\VSData_Sources_MSSqlServer_Reg_VS.3643236F_FC70_11D3_A536_0090278A1BB8.pkgdef'.
[0b00:0004][2017-10-17T09:47:06] Processing file /Contents/Common7/IDE/Extensions/ProTools/VSData_Sources_OracleDB_Reg_VS.3643236F_FC70_11D3_A536_0090278A1BB8.pkgdef
[0b00:0004][2017-10-17T09:47:06] Started: Copying file /Contents/Common7/IDE/Extensions/ProTools/VSData_Sources_OracleDB_Reg_VS.3643236F_FC70_11D3_A536_0090278A1BB8.pkgdef to C:\Program Files (x86)\Microsoft Visual Studio\2017\Community\Common7\IDE\Extensions\ProTools\VSData_Sources_OracleDB_Reg_VS.3643236F_FC70_11D3_A536_0090278A1BB8.pkgdef
[0b00:0004][2017-10-17T09:47:06] Completed: Copying file /Contents/Common7/IDE/Extensions/ProTools/VSData_Sources_OracleDB_Reg_VS.3643236F_FC70_11D3_A536_0090278A1BB8.pkgdef to C:\Program Files (x86)\Microsoft Visual Studio\2017\Community\Common7\IDE\Extensions\ProTools\VSData_Sources_OracleDB_Reg_VS.3643236F_FC70_11D3_A536_0090278A1BB8.pkgdef
[0b00:0004][2017-10-17T09:47:06] Timestamp updated for file 'C:\Program Files (x86)\Microsoft Visual Studio\2017\Community\Common7\IDE\Extensions\ProTools\VSData_Sources_OracleDB_Reg_VS.3643236F_FC70_11D3_A536_0090278A1BB8.pkgdef'.
[0b00:0004][2017-10-17T09:47:06] Processing file /Contents/Common7/IDE/Extensions/ProTools/VS_Designer_Reg_VS_26726.3643236F_FC70_11D3_A536_0090278A1BB8.pkgdef
[0b00:0004][2017-10-17T09:47:06] Started: Copying file /Contents/Common7/IDE/Extensions/ProTools/VS_Designer_Reg_VS_26726.3643236F_FC70_11D3_A536_0090278A1BB8.pkgdef to C:\Program Files (x86)\Microsoft Visual Studio\2017\Community\Common7\IDE\Extensions\ProTools\VS_Designer_Reg_VS_26726.3643236F_FC70_11D3_A536_0090278A1BB8.pkgdef
[0b00:0004][2017-10-17T09:47:06] Completed: Copying file /Contents/Common7/IDE/Extensions/ProTools/VS_Designer_Reg_VS_26726.3643236F_FC70_11D3_A536_0090278A1BB8.pkgdef to C:\Program Files (x86)\Microsoft Visual Studio\2017\Community\Common7\IDE\Extensions\ProTools\VS_Designer_Reg_VS_26726.3643236F_FC70_11D3_A536_0090278A1BB8.pkgdef
[0b00:0004][2017-10-17T09:47:06] Timestamp updated for file 'C:\Program Files (x86)\Microsoft Visual Studio\2017\Community\Common7\IDE\Extensions\ProTools\VS_Designer_Reg_VS_26726.3643236F_FC70_11D3_A536_0090278A1BB8.pkgdef'.
[0b00:0004][2017-10-17T09:47:06] Processing file /Contents/Common7/IDE/Microsoft.Data.ConnectionUI.Dialog.dll
[0b00:0004][2017-10-17T09:47:06] Started: Copying file /Contents/Common7/IDE/Microsoft.Data.ConnectionUI.Dialog.dll to C:\Program Files (x86)\Microsoft Visual Studio\2017\Community\Common7\IDE\Microsoft.Data.ConnectionUI.Dialog.dll
[0b00:0004][2017-10-17T09:47:06] Completed: Copying file /Contents/Common7/IDE/Microsoft.Data.ConnectionUI.Dialog.dll to C:\Program Files (x86)\Microsoft Visual Studio\2017\Community\Common7\IDE\Microsoft.Data.ConnectionUI.Dialog.dll
[0b00:0004][2017-10-17T09:47:06] Timestamp updated for file 'C:\Program Files (x86)\Microsoft Visual Studio\2017\Community\Common7\IDE\Microsoft.Data.ConnectionUI.Dialog.dll'.
[0b00:0004][2017-10-17T09:47:06] Processing file /Contents/Common7/IDE/Microsoft.Data.ConnectionUI.dll
[0b00:0004][2017-10-17T09:47:06] Started: Copying file /Contents/Common7/IDE/Microsoft.Data.ConnectionUI.dll to C:\Program Files (x86)\Microsoft Visual Studio\2017\Community\Common7\IDE\Microsoft.Data.ConnectionUI.dll
[0b00:0004][2017-10-17T09:47:06] Completed: Copying file /Contents/Common7/IDE/Microsoft.Data.ConnectionUI.dll to C:\Program Files (x86)\Microsoft Visual Studio\2017\Community\Common7\IDE\Microsoft.Data.ConnectionUI.dll
[0b00:0004][2017-10-17T09:47:06] Timestamp updated for file 'C:\Program Files (x86)\Microsoft Visual Studio\2017\Community\Common7\IDE\Microsoft.Data.ConnectionUI.dll'.
[0b00:0004][2017-10-17T09:47:06] Processing file /Contents/Common7/IDE/Microsoft.VisualStudio.Data.Compatibility.dll
[0b00:0004][2017-10-17T09:47:06] Started: Copying file /Contents/Common7/IDE/Microsoft.VisualStudio.Data.Compatibility.dll to C:\Program Files (x86)\Microsoft Visual Studio\2017\Community\Common7\IDE\Microsoft.VisualStudio.Data.Compatibility.dll
[0b00:0004][2017-10-17T09:47:06] Completed: Copying file /Contents/Common7/IDE/Microsoft.VisualStudio.Data.Compatibility.dll to C:\Program Files (x86)\Microsoft Visual Studio\2017\Community\Common7\IDE\Microsoft.VisualStudio.Data.Compatibility.dll
[0b00:0004][2017-10-17T09:47:06] Timestamp updated for file 'C:\Program Files (x86)\Microsoft Visual Studio\2017\Community\Common7\IDE\Microsoft.VisualStudio.Data.Compatibility.dll'.
[0b00:0004][2017-10-17T09:47:06] Processing file /Contents/Common7/IDE/Microsoft.VisualStudio.Data.dll
[0b00:0004][2017-10-17T09:47:06] Started: Copying file /Contents/Common7/IDE/Microsoft.VisualStudio.Data.dll to C:\Program Files (x86)\Microsoft Visual Studio\2017\Community\Common7\IDE\Microsoft.VisualStudio.Data.dll
[0b00:0004][2017-10-17T09:47:06] Completed: Copying file /Contents/Common7/IDE/Microsoft.VisualStudio.Data.dll to C:\Program Files (x86)\Microsoft Visual Studio\2017\Community\Common7\IDE\Microsoft.VisualStudio.Data.dll
[0b00:0004][2017-10-17T09:47:06] Timestamp updated for file 'C:\Program Files (x86)\Microsoft Visual Studio\2017\Community\Common7\IDE\Microsoft.VisualStudio.Data.dll'.
[0b00:0004][2017-10-17T09:47:06] Processing file /Contents/Common7/IDE/Microsoft.VisualStudio.Data.Host.dll
[0b00:0004][2017-10-17T09:47:06] Started: Copying file /Contents/Common7/IDE/Microsoft.VisualStudio.Data.Host.dll to C:\Program Files (x86)\Microsoft Visual Studio\2017\Community\Common7\IDE\Microsoft.VisualStudio.Data.Host.dll
[0b00:0004][2017-10-17T09:47:06] Completed: Copying file /Contents/Common7/IDE/Microsoft.VisualStudio.Data.Host.dll to C:\Program Files (x86)\Microsoft Visual Studio\2017\Community\Common7\IDE\Microsoft.VisualStudio.Data.Host.dll
[0b00:0004][2017-10-17T09:47:06] Timestamp updated for file 'C:\Program Files (x86)\Microsoft Visual Studio\2017\Community\Common7\IDE\Microsoft.VisualStudio.Data.Host.dll'.
[0b00:0004][2017-10-17T09:47:06] Processing file /Contents/Common7/IDE/Microsoft.VisualStudio.Data.Interop.dll
[0b00:0004][2017-10-17T09:47:06] Started: Copying file /Contents/Common7/IDE/Microsoft.VisualStudio.Data.Interop.dll to C:\Program Files (x86)\Microsoft Visual Studio\2017\Community\Common7\IDE\Microsoft.VisualStudio.Data.Interop.dll
[0b00:0004][2017-10-17T09:47:06] Completed: Copying file /Contents/Common7/IDE/Microsoft.VisualStudio.Data.Interop.dll to C:\Program Files (x86)\Microsoft Visual Studio\2017\Community\Common7\IDE\Microsoft.VisualStudio.Data.Interop.dll
[0b00:0004][2017-10-17T09:47:06] Timestamp updated for file 'C:\Program Files (x86)\Microsoft Visual Studio\2017\Community\Common7\IDE\Microsoft.VisualStudio.Data.Interop.dll'.
[0b00:0004][2017-10-17T09:47:06] Processing file /Contents/Common7/IDE/Microsoft.VisualStudio.Data.Package.dll
[0b00:0004][2017-10-17T09:47:06] Started: Copying file /Contents/Common7/IDE/Microsoft.VisualStudio.Data.Package.dll to C:\Program Files (x86)\Microsoft Visual Studio\2017\Community\Common7\IDE\Microsoft.VisualStudio.Data.Package.dll
[0b00:0004][2017-10-17T09:47:06] Completed: Copying file /Contents/Common7/IDE/Microsoft.VisualStudio.Data.Package.dll to C:\Program Files (x86)\Microsoft Visual Studio\2017\Community\Common7\IDE\Microsoft.VisualStudio.Data.Package.dll
[0b00:0004][2017-10-17T09:47:06] Timestamp updated for file 'C:\Program Files (x86)\Microsoft Visual Studio\2017\Community\Common7\IDE\Microsoft.VisualStudio.Data.Package.dll'.
[0b00:0004][2017-10-17T09:47:06] Processing file /Contents/Common7/IDE/Microsoft.VisualStudio.Data.Providers.Common.dll
[0b00:0004][2017-10-17T09:47:06] Started: Copying file /Contents/Common7/IDE/Microsoft.VisualStudio.Data.Providers.Common.dll to C:\Program Files (x86)\Microsoft Visual Studio\2017\Community\Common7\IDE\Microsoft.VisualStudio.Data.Providers.Common.dll
[0b00:0004][2017-10-17T09:47:06] Completed: Copying file /Contents/Common7/IDE/Microsoft.VisualStudio.Data.Providers.Common.dll to C:\Program Files (x86)\Microsoft Visual Studio\2017\Community\Common7\IDE\Microsoft.VisualStudio.Data.Providers.Common.dll
[0b00:0004][2017-10-17T09:47:06] Timestamp updated for file 'C:\Program Files (x86)\Microsoft Visual Studio\2017\Community\Common7\IDE\Microsoft.VisualStudio.Data.Providers.Common.dll'.
[0b00:0004][2017-10-17T09:47:06] Processing file /Contents/Common7/IDE/Microsoft.VisualStudio.Data.Providers.Oracle.dll
[0b00:0004][2017-10-17T09:47:06] Started: Copying file /Contents/Common7/IDE/Microsoft.VisualStudio.Data.Providers.Oracle.dll to C:\Program Files (x86)\Microsoft Visual Studio\2017\Community\Common7\IDE\Microsoft.VisualStudio.Data.Providers.Oracle.dll
[0b00:0004][2017-10-17T09:47:06] Completed: Copying file /Contents/Common7/IDE/Microsoft.VisualStudio.Data.Providers.Oracle.dll to C:\Program Files (x86)\Microsoft Visual Studio\2017\Community\Common7\IDE\Microsoft.VisualStudio.Data.Providers.Oracle.dll
[0b00:0004][2017-10-17T09:47:06] Timestamp updated for file 'C:\Program Files (x86)\Microsoft Visual Studio\2017\Community\Common7\IDE\Microsoft.VisualStudio.Data.Providers.Oracle.dll'.
[0b00:0004][2017-10-17T09:47:06] Processing file /Contents/Common7/IDE/Microsoft.VisualStudio.Data.Providers.SqlServer.dll
[0b00:0004][2017-10-17T09:47:06] Started: Copying file /Contents/Common7/IDE/Microsoft.VisualStudio.Data.Providers.SqlServer.dll to C:\Program Files (x86)\Microsoft Visual Studio\2017\Community\Common7\IDE\Microsoft.VisualStudio.Data.Providers.SqlServer.dll
[0b00:0004][2017-10-17T09:47:06] Completed: Copying file /Contents/Common7/IDE/Microsoft.VisualStudio.Data.Providers.SqlServer.dll to C:\Program Files (x86)\Microsoft Visual Studio\2017\Community\Common7\IDE\Microsoft.VisualStudio.Data.Providers.SqlServer.dll
[0b00:0004][2017-10-17T09:47:06] Timestamp updated for file 'C:\Program Files (x86)\Microsoft Visual Studio\2017\Community\Common7\IDE\Microsoft.VisualStudio.Data.Providers.SqlServer.dll'.
[0b00:0004][2017-10-17T09:47:06] Processing file /Contents/Common7/IDE/Microsoft.VisualStudio.DataDesign.Common.dll
[0b00:0004][2017-10-17T09:47:06] Started: Copying file /Contents/Common7/IDE/Microsoft.VisualStudio.DataDesign.Common.dll to C:\Program Files (x86)\Microsoft Visual Studio\2017\Community\Common7\IDE\Microsoft.VisualStudio.DataDesign.Common.dll
[0b00:0004][2017-10-17T09:47:06] Completed: Copying file /Contents/Common7/IDE/Microsoft.VisualStudio.DataDesign.Common.dll to C:\Program Files (x86)\Microsoft Visual Studio\2017\Community\Common7\IDE\Microsoft.VisualStudio.DataDesign.Common.dll
[0b00:0004][2017-10-17T09:47:06] Timestamp updated for file 'C:\Program Files (x86)\Microsoft Visual Studio\2017\Community\Common7\IDE\Microsoft.VisualStudio.DataDesign.Common.dll'.
[0b00:0004][2017-10-17T09:47:06] Processing file /Contents/Common7/IDE/Microsoft.VisualStudio.DataDesign.DataSetDesigner.dll
[0b00:0004][2017-10-17T09:47:06] Started: Copying file /Contents/Common7/IDE/Microsoft.VisualStudio.DataDesign.DataSetDesigner.dll to C:\Program Files (x86)\Microsoft Visual Studio\2017\Community\Common7\IDE\Microsoft.VisualStudio.DataDesign.DataSetDesigner.dll
[0b00:0004][2017-10-17T09:47:06] Completed: Copying file /Contents/Common7/IDE/Microsoft.VisualStudio.DataDesign.DataSetDesigner.dll to C:\Program Files (x86)\Microsoft Visual Studio\2017\Community\Common7\IDE\Microsoft.VisualStudio.DataDesign.DataSetDesigner.dll
[0b00:0004][2017-10-17T09:47:06] Timestamp updated for file 'C:\Program Files (x86)\Microsoft Visual Studio\2017\Community\Common7\IDE\Microsoft.VisualStudio.DataDesign.DataSetDesigner.dll'.
[0b00:0004][2017-10-17T09:47:06] Processing file /Contents/Common7/IDE/Microsoft.VisualStudio.DataDesign.Interfaces.dll
[0b00:0004][2017-10-17T09:47:06] Started: Copying file /Contents/Common7/IDE/Microsoft.VisualStudio.DataDesign.Interfaces.dll to C:\Program Files (x86)\Microsoft Visual Studio\2017\Community\Common7\IDE\Microsoft.VisualStudio.DataDesign.Interfaces.dll
[0b00:0004][2017-10-17T09:47:06] Completed: Copying file /Contents/Common7/IDE/Microsoft.VisualStudio.DataDesign.Interfaces.dll to C:\Program Files (x86)\Microsoft Visual Studio\2017\Community\Common7\IDE\Microsoft.VisualStudio.DataDesign.Interfaces.dll
[0b00:0004][2017-10-17T09:47:06] Timestamp updated for file 'C:\Program Files (x86)\Microsoft Visual Studio\2017\Community\Common7\IDE\Microsoft.VisualStudio.DataDesign.Interfaces.dll'.
[0b00:0004][2017-10-17T09:47:06] Processing file /Contents/Common7/IDE/Microsoft.VisualStudio.DataDesign.WpfDataTool.dll
[0b00:0004][2017-10-17T09:47:06] Started: Copying file /Contents/Common7/IDE/Microsoft.VisualStudio.DataDesign.WpfDataTool.dll to C:\Program Files (x86)\Microsoft Visual Studio\2017\Community\Common7\IDE\Microsoft.VisualStudio.DataDesign.WpfDataTool.dll
[0b00:0004][2017-10-17T09:47:06] Completed: Copying file /Contents/Common7/IDE/Microsoft.VisualStudio.DataDesign.WpfDataTool.dll to C:\Program Files (x86)\Microsoft Visual Studio\2017\Community\Common7\IDE\Microsoft.VisualStudio.DataDesign.WpfDataTool.dll
[0b00:0004][2017-10-17T09:47:06] Timestamp updated for file 'C:\Program Files (x86)\Microsoft Visual Studio\2017\Community\Common7\IDE\Microsoft.VisualStudio.DataDesign.WpfDataTool.dll'.
[0b00:0004][2017-10-17T09:47:06] Processing file /Contents/Common7/IDE/Microsoft.VisualStudio.DataTools.dll
[0b00:0004][2017-10-17T09:47:06] Started: Copying file /Contents/Common7/IDE/Microsoft.VisualStudio.DataTools.dll to C:\Program Files (x86)\Microsoft Visual Studio\2017\Community\Common7\IDE\Microsoft.VisualStudio.DataTools.dll
[0b00:0004][2017-10-17T09:47:06] Completed: Copying file /Contents/Common7/IDE/Microsoft.VisualStudio.DataTools.dll to C:\Program Files (x86)\Microsoft Visual Studio\2017\Community\Common7\IDE\Microsoft.VisualStudio.DataTools.dll
[0b00:0004][2017-10-17T09:47:06] Timestamp updated for file 'C:\Program Files (x86)\Microsoft Visual Studio\2017\Community\Common7\IDE\Microsoft.VisualStudio.DataTools.dll'.
[0b00:0004][2017-10-17T09:47:06] Processing file /Contents/Common7/IDE/Microsoft.VisualStudio.DataTools.Interop.dll
[0b00:0004][2017-10-17T09:47:06] Started: Copying file /Contents/Common7/IDE/Microsoft.VisualStudio.DataTools.Interop.dll to C:\Program Files (x86)\Microsoft Visual Studio\2017\Community\Common7\IDE\Microsoft.VisualStudio.DataTools.Interop.dll
[0b00:0004][2017-10-17T09:47:06] Completed: Copying file /Contents/Common7/IDE/Microsoft.VisualStudio.DataTools.Interop.dll to C:\Program Files (x86)\Microsoft Visual Studio\2017\Community\Common7\IDE\Microsoft.VisualStudio.DataTools.Interop.dll
[0b00:0004][2017-10-17T09:47:06] Timestamp updated for file 'C:\Program Files (x86)\Microsoft Visual Studio\2017\Community\Common7\IDE\Microsoft.VisualStudio.DataTools.Interop.dll'.
[0b00:0004][2017-10-17T09:47:06] Processing file /Contents/Common7/IDE/Microsoft.VisualStudio.Editors.WCF.dll
[0b00:0004][2017-10-17T09:47:06] Started: Copying file /Contents/Common7/IDE/Microsoft.VisualStudio.Editors.WCF.dll to C:\Program Files (x86)\Microsoft Visual Studio\2017\Community\Common7\IDE\Microsoft.VisualStudio.Editors.WCF.dll
[0b00:0004][2017-10-17T09:47:06] Completed: Copying file /Contents/Common7/IDE/Microsoft.VisualStudio.Editors.WCF.dll to C:\Program Files (x86)\Microsoft Visual Studio\2017\Community\Common7\IDE\Microsoft.VisualStudio.Editors.WCF.dll
[0b00:0004][2017-10-17T09:47:06] Timestamp updated for file 'C:\Program Files (x86)\Microsoft Visual Studio\2017\Community\Common7\IDE\Microsoft.VisualStudio.Editors.WCF.dll'.
[0b00:0004][2017-10-17T09:47:06] Processing file /Contents/Common7/IDE/Microsoft.VisualStudio.ServerExplorer.dll
[0b00:0004][2017-10-17T09:47:06] Started: Copying file /Contents/Common7/IDE/Microsoft.VisualStudio.ServerExplorer.dll to C:\Program Files (x86)\Microsoft Visual Studio\2017\Community\Common7\IDE\Microsoft.VisualStudio.ServerExplorer.dll
[0b00:0004][2017-10-17T09:47:06] Completed: Copying file /Contents/Common7/IDE/Microsoft.VisualStudio.ServerExplorer.dll to C:\Program Files (x86)\Microsoft Visual Studio\2017\Community\Common7\IDE\Microsoft.VisualStudio.ServerExplorer.dll
[0b00:0004][2017-10-17T09:47:06] Timestamp updated for file 'C:\Program Files (x86)\Microsoft Visual Studio\2017\Community\Common7\IDE\Microsoft.VisualStudio.ServerExplorer.dll'.
[0b00:0004][2017-10-17T09:47:06] Processing file /Contents/Common7/IDE/Microsoft.VSDesigner.dll
[0b00:0004][2017-10-17T09:47:06] Started: Copying file /Contents/Common7/IDE/Microsoft.VSDesigner.dll to C:\Program Files (x86)\Microsoft Visual Studio\2017\Community\Common7\IDE\Microsoft.VSDesigner.dll
[0b00:0004][2017-10-17T09:47:06] Completed: Copying file /Contents/Common7/IDE/Microsoft.VSDesigner.dll to C:\Program Files (x86)\Microsoft Visual Studio\2017\Community\Common7\IDE\Microsoft.VSDesigner.dll
[0b00:0004][2017-10-17T09:47:06] Timestamp updated for file 'C:\Program Files (x86)\Microsoft Visual Studio\2017\Community\Common7\IDE\Microsoft.VSDesigner.dll'.
[0b00:0004][2017-10-17T09:47:06] Queueing C:\Program Files (x86)\Microsoft Visual Studio\2017\Community\Common7\IDE\Microsoft.VSDesigner.dll for X86 ngen
[0b00:0004][2017-10-17T09:47:06] Successfully queued file '/Contents/Common7/IDE/Microsoft.VSDesigner.dll' for ngen
[0b00:0004][2017-10-17T09:47:06] Processing file /Contents/Common7/IDE/Microsoft.VSDesigner.WCF.dll
[0b00:0004][2017-10-17T09:47:06] Started: Copying file /Contents/Common7/IDE/Microsoft.VSDesigner.WCF.dll to C:\Program Files (x86)\Microsoft Visual Studio\2017\Community\Common7\IDE\Microsoft.VSDesigner.WCF.dll
[0b00:0004][2017-10-17T09:47:06] Completed: Copying file /Contents/Common7/IDE/Microsoft.VSDesigner.WCF.dll to C:\Program Files (x86)\Microsoft Visual Studio\2017\Community\Common7\IDE\Microsoft.VSDesigner.WCF.dll
[0b00:0004][2017-10-17T09:47:06] Timestamp updated for file 'C:\Program Files (x86)\Microsoft Visual Studio\2017\Community\Common7\IDE\Microsoft.VSDesigner.WCF.dll'.
[0b00:0004][2017-10-17T09:47:06] Processing file /Contents/Common7/IDE/PublicAssemblies/Microsoft.VisualStudio.Data.Core.dll
[0b00:0004][2017-10-17T09:47:06] Started: Copying file /Contents/Common7/IDE/PublicAssemblies/Microsoft.VisualStudio.Data.Core.dll to C:\Program Files (x86)\Microsoft Visual Studio\2017\Community\Common7\IDE\PublicAssemblies\Microsoft.VisualStudio.Data.Core.dll
[0b00:0004][2017-10-17T09:47:06] Completed: Copying file /Contents/Common7/IDE/PublicAssemblies/Microsoft.VisualStudio.Data.Core.dll to C:\Program Files (x86)\Microsoft Visual Studio\2017\Community\Common7\IDE\PublicAssemblies\Microsoft.VisualStudio.Data.Core.dll
[0b00:0004][2017-10-17T09:47:06] Timestamp updated for file 'C:\Program Files (x86)\Microsoft Visual Studio\2017\Community\Common7\IDE\PublicAssemblies\Microsoft.VisualStudio.Data.Core.dll'.
[0b00:0004][2017-10-17T09:47:06] Processing file /Contents/Common7/IDE/PublicAssemblies/Microsoft.VisualStudio.Data.Framework.dll
[0b00:0004][2017-10-17T09:47:06] Started: Copying file /Contents/Common7/IDE/PublicAssemblies/Microsoft.VisualStudio.Data.Framework.dll to C:\Program Files (x86)\Microsoft Visual Studio\2017\Community\Common7\IDE\PublicAssemblies\Microsoft.VisualStudio.Data.Framework.dll
[0b00:0004][2017-10-17T09:47:07] Completed: Copying file /Contents/Common7/IDE/PublicAssemblies/Microsoft.VisualStudio.Data.Framework.dll to C:\Program Files (x86)\Microsoft Visual Studio\2017\Community\Common7\IDE\PublicAssemblies\Microsoft.VisualStudio.Data.Framework.dll
[0b00:0004][2017-10-17T09:47:07] Timestamp updated for file 'C:\Program Files (x86)\Microsoft Visual Studio\2017\Community\Common7\IDE\PublicAssemblies\Microsoft.VisualStudio.Data.Framework.dll'.
[0b00:0004][2017-10-17T09:47:07] Processing file /Contents/Common7/IDE/PublicAssemblies/Microsoft.VisualStudio.Data.Services.dll
[0b00:0004][2017-10-17T09:47:07] Started: Copying file /Contents/Common7/IDE/PublicAssemblies/Microsoft.VisualStudio.Data.Services.dll to C:\Program Files (x86)\Microsoft Visual Studio\2017\Community\Common7\IDE\PublicAssemblies\Microsoft.VisualStudio.Data.Services.dll
[0b00:0004][2017-10-17T09:47:07] Completed: Copying file /Contents/Common7/IDE/PublicAssemblies/Microsoft.VisualStudio.Data.Services.dll to C:\Program Files (x86)\Microsoft Visual Studio\2017\Community\Common7\IDE\PublicAssemblies\Microsoft.VisualStudio.Data.Services.dll
[0b00:0004][2017-10-17T09:47:07] Timestamp updated for file 'C:\Program Files (x86)\Microsoft Visual Studio\2017\Community\Common7\IDE\PublicAssemblies\Microsoft.VisualStudio.Data.Services.dll'.
[0b00:0004][2017-10-17T09:47:07] Processing file /Contents/Common7/IDE/PublicAssemblies/Microsoft.VisualStudio.DataDesign.DataSetDesigner.dll
[0b00:0004][2017-10-17T09:47:07] Started: Copying file /Contents/Common7/IDE/PublicAssemblies/Microsoft.VisualStudio.DataDesign.DataSetDesigner.dll to C:\Program Files (x86)\Microsoft Visual Studio\2017\Community\Common7\IDE\PublicAssemblies\Microsoft.VisualStudio.DataDesign.DataSetDesigner.dll
[0b00:0004][2017-10-17T09:47:07] Completed: Copying file /Contents/Common7/IDE/PublicAssemblies/Microsoft.VisualStudio.DataDesign.DataSetDesigner.dll to C:\Program Files (x86)\Microsoft Visual Studio\2017\Community\Common7\IDE\PublicAssemblies\Microsoft.VisualStudio.DataDesign.DataSetDesigner.dll
[0b00:0004][2017-10-17T09:47:07] Timestamp updated for file 'C:\Program Files (x86)\Microsoft Visual Studio\2017\Community\Common7\IDE\PublicAssemblies\Microsoft.VisualStudio.DataDesign.DataSetDesigner.dll'.
[0b00:0004][2017-10-17T09:47:07] Processing file /Contents/Common7/Tools/VDT/vdt80.dll
[0b00:0004][2017-10-17T09:47:07] Started: Copying file /Contents/Common7/Tools/VDT/vdt80.dll to C:\Program Files (x86)\Microsoft Visual Studio\2017\Community\Common7\Tools\VDT\vdt80.dll
[0b00:0004][2017-10-17T09:47:07] Completed: Copying file /Contents/Common7/Tools/VDT/vdt80.dll to C:\Program Files (x86)\Microsoft Visual Studio\2017\Community\Common7\Tools\VDT\vdt80.dll
[0b00:0004][2017-10-17T09:47:07] Timestamp updated for file 'C:\Program Files (x86)\Microsoft Visual Studio\2017\Community\Common7\Tools\VDT\vdt80.dll'.
[0b00:0004][2017-10-17T09:47:07] Processing file /Contents/Common7/Tools/VDT/vdt80.dll.manifest
[0b00:0004][2017-10-17T09:47:07] Started: Copying file /Contents/Common7/Tools/VDT/vdt80.dll.manifest to C:\Program Files (x86)\Microsoft Visual Studio\2017\Community\Common7\Tools\VDT\vdt80.dll.manifest
[0b00:0004][2017-10-17T09:47:07] Completed: Copying file /Contents/Common7/Tools/VDT/vdt80.dll.manifest to C:\Program Files (x86)\Microsoft Visual Studio\2017\Community\Common7\Tools\VDT\vdt80.dll.manifest
[0b00:0004][2017-10-17T09:47:07] Timestamp updated for file 'C:\Program Files (x86)\Microsoft Visual Studio\2017\Community\Common7\Tools\VDT\vdt80.dll.manifest'.
[0b00:0004][2017-10-17T09:47:07] Processing file /Contents/Common7/Tools/VDT/vdt80p.dll
[0b00:0004][2017-10-17T09:47:07] Started: Copying file /Contents/Common7/Tools/VDT/vdt80p.dll to C:\Program Files (x86)\Microsoft Visual Studio\2017\Community\Common7\Tools\VDT\vdt80p.dll
[0b00:0004][2017-10-17T09:47:07] Completed: Copying file /Contents/Common7/Tools/VDT/vdt80p.dll to C:\Program Files (x86)\Microsoft Visual Studio\2017\Community\Common7\Tools\VDT\vdt80p.dll
[0b00:0004][2017-10-17T09:47:07] Timestamp updated for file 'C:\Program Files (x86)\Microsoft Visual Studio\2017\Community\Common7\Tools\VDT\vdt80p.dll'.
[0b00:0004][2017-10-17T09:47:07] Processing file /Contents/Xml/Schemas/DataSource.xsd
[0b00:0004][2017-10-17T09:47:07] Started: Copying file /Contents/Xml/Schemas/DataSource.xsd to C:\Program Files (x86)\Microsoft Visual Studio\2017\Community\Xml\Schemas\DataSource.xsd
[0b00:0004][2017-10-17T09:47:07] Completed: Copying file /Contents/Xml/Schemas/DataSource.xsd to C:\Program Files (x86)\Microsoft Visual Studio\2017\Community\Xml\Schemas\DataSource.xsd
[0b00:0004][2017-10-17T09:47:07] Timestamp updated for file 'C:\Program Files (x86)\Microsoft Visual Studio\2017\Community\Xml\Schemas\DataSource.xsd'.
[0b00:0004][2017-10-17T09:47:07] Package executed successfully. Return code: 0
