[0b00:0004][2017-10-17T09:46:32] Opening the package for processing
[0b00:0004][2017-10-17T09:46:32] Using package payload to get the embedded manifest
[0b00:0004][2017-10-17T09:46:32] Getting list of files within the package
[0b00:0004][2017-10-17T09:46:32] Processing file /catalog.json
[0b00:0004][2017-10-17T09:46:32] Started: Copying file /catalog.json to C:\Program Files (x86)\Microsoft Visual Studio\2017\Community\Common7\IDE\CommonExtensions\Microsoft\Project\catalog.json
[0b00:0004][2017-10-17T09:46:32] Completed: Copying file /catalog.json to C:\Program Files (x86)\Microsoft Visual Studio\2017\Community\Common7\IDE\CommonExtensions\Microsoft\Project\catalog.json
[0b00:0004][2017-10-17T09:46:32] Timestamp updated for file 'C:\Program Files (x86)\Microsoft Visual Studio\2017\Community\Common7\IDE\CommonExtensions\Microsoft\Project\catalog.json'.
[0b00:0004][2017-10-17T09:46:32] Processing file /codesharingproj.pkgdef
[0b00:0004][2017-10-17T09:46:32] Started: Copying file /codesharingproj.pkgdef to C:\Program Files (x86)\Microsoft Visual Studio\2017\Community\Common7\IDE\CommonExtensions\Microsoft\Project\codesharingproj.pkgdef
[0b00:0004][2017-10-17T09:46:32] Completed: Copying file /codesharingproj.pkgdef to C:\Program Files (x86)\Microsoft Visual Studio\2017\Community\Common7\IDE\CommonExtensions\Microsoft\Project\codesharingproj.pkgdef
[0b00:0004][2017-10-17T09:46:32] Timestamp updated for file 'C:\Program Files (x86)\Microsoft Visual Studio\2017\Community\Common7\IDE\CommonExtensions\Microsoft\Project\codesharingproj.pkgdef'.
[0b00:0004][2017-10-17T09:46:32] Processing file /cs/Microsoft.VisualStudio.ProjectSystem.Implementation.resources.dll
[0b00:0004][2017-10-17T09:46:32] Started: Copying file /cs/Microsoft.VisualStudio.ProjectSystem.Implementation.resources.dll to C:\Program Files (x86)\Microsoft Visual Studio\2017\Community\Common7\IDE\CommonExtensions\Microsoft\Project\cs\Microsoft.VisualStudio.ProjectSystem.Implementation.resources.dll
[0b00:0004][2017-10-17T09:46:32] Completed: Copying file /cs/Microsoft.VisualStudio.ProjectSystem.Implementation.resources.dll to C:\Program Files (x86)\Microsoft Visual Studio\2017\Community\Common7\IDE\CommonExtensions\Microsoft\Project\cs\Microsoft.VisualStudio.ProjectSystem.Implementation.resources.dll
[0b00:0004][2017-10-17T09:46:32] Timestamp updated for file 'C:\Program Files (x86)\Microsoft Visual Studio\2017\Community\Common7\IDE\CommonExtensions\Microsoft\Project\cs\Microsoft.VisualStudio.ProjectSystem.Implementation.resources.dll'.
[0b00:0004][2017-10-17T09:46:32] Processing file /cs/Microsoft.VisualStudio.ProjectSystem.resources.dll
[0b00:0004][2017-10-17T09:46:32] Started: Copying file /cs/Microsoft.VisualStudio.ProjectSystem.resources.dll to C:\Program Files (x86)\Microsoft Visual Studio\2017\Community\Common7\IDE\CommonExtensions\Microsoft\Project\cs\Microsoft.VisualStudio.ProjectSystem.resources.dll
[0b00:0004][2017-10-17T09:46:32] Completed: Copying file /cs/Microsoft.VisualStudio.ProjectSystem.resources.dll to C:\Program Files (x86)\Microsoft Visual Studio\2017\Community\Common7\IDE\CommonExtensions\Microsoft\Project\cs\Microsoft.VisualStudio.ProjectSystem.resources.dll
[0b00:0004][2017-10-17T09:46:32] Timestamp updated for file 'C:\Program Files (x86)\Microsoft Visual Studio\2017\Community\Common7\IDE\CommonExtensions\Microsoft\Project\cs\Microsoft.VisualStudio.ProjectSystem.resources.dll'.
[0b00:0004][2017-10-17T09:46:32] Processing file /cs/Microsoft.VisualStudio.ProjectSystem.VS.Implementation.resources.dll
[0b00:0004][2017-10-17T09:46:32] Started: Copying file /cs/Microsoft.VisualStudio.ProjectSystem.VS.Implementation.resources.dll to C:\Program Files (x86)\Microsoft Visual Studio\2017\Community\Common7\IDE\CommonExtensions\Microsoft\Project\cs\Microsoft.VisualStudio.ProjectSystem.VS.Implementation.resources.dll
[0b00:0004][2017-10-17T09:46:32] Completed: Copying file /cs/Microsoft.VisualStudio.ProjectSystem.VS.Implementation.resources.dll to C:\Program Files (x86)\Microsoft Visual Studio\2017\Community\Common7\IDE\CommonExtensions\Microsoft\Project\cs\Microsoft.VisualStudio.ProjectSystem.VS.Implementation.resources.dll
[0b00:0004][2017-10-17T09:46:32] Timestamp updated for file 'C:\Program Files (x86)\Microsoft Visual Studio\2017\Community\Common7\IDE\CommonExtensions\Microsoft\Project\cs\Microsoft.VisualStudio.ProjectSystem.VS.Implementation.resources.dll'.
[0b00:0004][2017-10-17T09:46:32] Processing file /de/Microsoft.VisualStudio.ProjectSystem.Implementation.resources.dll
[0b00:0004][2017-10-17T09:46:32] Started: Copying file /de/Microsoft.VisualStudio.ProjectSystem.Implementation.resources.dll to C:\Program Files (x86)\Microsoft Visual Studio\2017\Community\Common7\IDE\CommonExtensions\Microsoft\Project\de\Microsoft.VisualStudio.ProjectSystem.Implementation.resources.dll
[0b00:0004][2017-10-17T09:46:32] Completed: Copying file /de/Microsoft.VisualStudio.ProjectSystem.Implementation.resources.dll to C:\Program Files (x86)\Microsoft Visual Studio\2017\Community\Common7\IDE\CommonExtensions\Microsoft\Project\de\Microsoft.VisualStudio.ProjectSystem.Implementation.resources.dll
[0b00:0004][2017-10-17T09:46:32] Timestamp updated for file 'C:\Program Files (x86)\Microsoft Visual Studio\2017\Community\Common7\IDE\CommonExtensions\Microsoft\Project\de\Microsoft.VisualStudio.ProjectSystem.Implementation.resources.dll'.
[0b00:0004][2017-10-17T09:46:32] Processing file /de/Microsoft.VisualStudio.ProjectSystem.resources.dll
[0b00:0004][2017-10-17T09:46:32] Started: Copying file /de/Microsoft.VisualStudio.ProjectSystem.resources.dll to C:\Program Files (x86)\Microsoft Visual Studio\2017\Community\Common7\IDE\CommonExtensions\Microsoft\Project\de\Microsoft.VisualStudio.ProjectSystem.resources.dll
[0b00:0004][2017-10-17T09:46:32] Completed: Copying file /de/Microsoft.VisualStudio.ProjectSystem.resources.dll to C:\Program Files (x86)\Microsoft Visual Studio\2017\Community\Common7\IDE\CommonExtensions\Microsoft\Project\de\Microsoft.VisualStudio.ProjectSystem.resources.dll
[0b00:0004][2017-10-17T09:46:32] Timestamp updated for file 'C:\Program Files (x86)\Microsoft Visual Studio\2017\Community\Common7\IDE\CommonExtensions\Microsoft\Project\de\Microsoft.VisualStudio.ProjectSystem.resources.dll'.
[0b00:0004][2017-10-17T09:46:32] Processing file /de/Microsoft.VisualStudio.ProjectSystem.VS.Implementation.resources.dll
[0b00:0004][2017-10-17T09:46:32] Started: Copying file /de/Microsoft.VisualStudio.ProjectSystem.VS.Implementation.resources.dll to C:\Program Files (x86)\Microsoft Visual Studio\2017\Community\Common7\IDE\CommonExtensions\Microsoft\Project\de\Microsoft.VisualStudio.ProjectSystem.VS.Implementation.resources.dll
[0b00:0004][2017-10-17T09:46:32] Completed: Copying file /de/Microsoft.VisualStudio.ProjectSystem.VS.Implementation.resources.dll to C:\Program Files (x86)\Microsoft Visual Studio\2017\Community\Common7\IDE\CommonExtensions\Microsoft\Project\de\Microsoft.VisualStudio.ProjectSystem.VS.Implementation.resources.dll
[0b00:0004][2017-10-17T09:46:32] Timestamp updated for file 'C:\Program Files (x86)\Microsoft Visual Studio\2017\Community\Common7\IDE\CommonExtensions\Microsoft\Project\de\Microsoft.VisualStudio.ProjectSystem.VS.Implementation.resources.dll'.
[0b00:0004][2017-10-17T09:46:32] Processing file /es/Microsoft.VisualStudio.ProjectSystem.Implementation.resources.dll
[0b00:0004][2017-10-17T09:46:32] Started: Copying file /es/Microsoft.VisualStudio.ProjectSystem.Implementation.resources.dll to C:\Program Files (x86)\Microsoft Visual Studio\2017\Community\Common7\IDE\CommonExtensions\Microsoft\Project\es\Microsoft.VisualStudio.ProjectSystem.Implementation.resources.dll
[0b00:0004][2017-10-17T09:46:32] Completed: Copying file /es/Microsoft.VisualStudio.ProjectSystem.Implementation.resources.dll to C:\Program Files (x86)\Microsoft Visual Studio\2017\Community\Common7\IDE\CommonExtensions\Microsoft\Project\es\Microsoft.VisualStudio.ProjectSystem.Implementation.resources.dll
[0b00:0004][2017-10-17T09:46:32] Timestamp updated for file 'C:\Program Files (x86)\Microsoft Visual Studio\2017\Community\Common7\IDE\CommonExtensions\Microsoft\Project\es\Microsoft.VisualStudio.ProjectSystem.Implementation.resources.dll'.
[0b00:0004][2017-10-17T09:46:32] Processing file /es/Microsoft.VisualStudio.ProjectSystem.resources.dll
[0b00:0004][2017-10-17T09:46:32] Started: Copying file /es/Microsoft.VisualStudio.ProjectSystem.resources.dll to C:\Program Files (x86)\Microsoft Visual Studio\2017\Community\Common7\IDE\CommonExtensions\Microsoft\Project\es\Microsoft.VisualStudio.ProjectSystem.resources.dll
[0b00:0004][2017-10-17T09:46:32] Completed: Copying file /es/Microsoft.VisualStudio.ProjectSystem.resources.dll to C:\Program Files (x86)\Microsoft Visual Studio\2017\Community\Common7\IDE\CommonExtensions\Microsoft\Project\es\Microsoft.VisualStudio.ProjectSystem.resources.dll
[0b00:0004][2017-10-17T09:46:32] Timestamp updated for file 'C:\Program Files (x86)\Microsoft Visual Studio\2017\Community\Common7\IDE\CommonExtensions\Microsoft\Project\es\Microsoft.VisualStudio.ProjectSystem.resources.dll'.
[0b00:0004][2017-10-17T09:46:32] Processing file /es/Microsoft.VisualStudio.ProjectSystem.VS.Implementation.resources.dll
[0b00:0004][2017-10-17T09:46:32] Started: Copying file /es/Microsoft.VisualStudio.ProjectSystem.VS.Implementation.resources.dll to C:\Program Files (x86)\Microsoft Visual Studio\2017\Community\Common7\IDE\CommonExtensions\Microsoft\Project\es\Microsoft.VisualStudio.ProjectSystem.VS.Implementation.resources.dll
[0b00:0004][2017-10-17T09:46:32] Completed: Copying file /es/Microsoft.VisualStudio.ProjectSystem.VS.Implementation.resources.dll to C:\Program Files (x86)\Microsoft Visual Studio\2017\Community\Common7\IDE\CommonExtensions\Microsoft\Project\es\Microsoft.VisualStudio.ProjectSystem.VS.Implementation.resources.dll
[0b00:0004][2017-10-17T09:46:32] Timestamp updated for file 'C:\Program Files (x86)\Microsoft Visual Studio\2017\Community\Common7\IDE\CommonExtensions\Microsoft\Project\es\Microsoft.VisualStudio.ProjectSystem.VS.Implementation.resources.dll'.
[0b00:0004][2017-10-17T09:46:32] Processing file /extension.vsixmanifest
[0b00:0004][2017-10-17T09:46:32] Started: Copying file /extension.vsixmanifest to C:\Program Files (x86)\Microsoft Visual Studio\2017\Community\Common7\IDE\CommonExtensions\Microsoft\Project\extension.vsixmanifest
[0b00:0004][2017-10-17T09:46:32] Completed: Copying file /extension.vsixmanifest to C:\Program Files (x86)\Microsoft Visual Studio\2017\Community\Common7\IDE\CommonExtensions\Microsoft\Project\extension.vsixmanifest
[0b00:0004][2017-10-17T09:46:32] Timestamp updated for file 'C:\Program Files (x86)\Microsoft Visual Studio\2017\Community\Common7\IDE\CommonExtensions\Microsoft\Project\extension.vsixmanifest'.
[0b00:0004][2017-10-17T09:46:32] Processing file /fr/Microsoft.VisualStudio.ProjectSystem.Implementation.resources.dll
[0b00:0004][2017-10-17T09:46:32] Started: Copying file /fr/Microsoft.VisualStudio.ProjectSystem.Implementation.resources.dll to C:\Program Files (x86)\Microsoft Visual Studio\2017\Community\Common7\IDE\CommonExtensions\Microsoft\Project\fr\Microsoft.VisualStudio.ProjectSystem.Implementation.resources.dll
[0b00:0004][2017-10-17T09:46:32] Completed: Copying file /fr/Microsoft.VisualStudio.ProjectSystem.Implementation.resources.dll to C:\Program Files (x86)\Microsoft Visual Studio\2017\Community\Common7\IDE\CommonExtensions\Microsoft\Project\fr\Microsoft.VisualStudio.ProjectSystem.Implementation.resources.dll
[0b00:0004][2017-10-17T09:46:32] Timestamp updated for file 'C:\Program Files (x86)\Microsoft Visual Studio\2017\Community\Common7\IDE\CommonExtensions\Microsoft\Project\fr\Microsoft.VisualStudio.ProjectSystem.Implementation.resources.dll'.
[0b00:0004][2017-10-17T09:46:32] Processing file /fr/Microsoft.VisualStudio.ProjectSystem.resources.dll
[0b00:0004][2017-10-17T09:46:32] Started: Copying file /fr/Microsoft.VisualStudio.ProjectSystem.resources.dll to C:\Program Files (x86)\Microsoft Visual Studio\2017\Community\Common7\IDE\CommonExtensions\Microsoft\Project\fr\Microsoft.VisualStudio.ProjectSystem.resources.dll
[0b00:0004][2017-10-17T09:46:32] Completed: Copying file /fr/Microsoft.VisualStudio.ProjectSystem.resources.dll to C:\Program Files (x86)\Microsoft Visual Studio\2017\Community\Common7\IDE\CommonExtensions\Microsoft\Project\fr\Microsoft.VisualStudio.ProjectSystem.resources.dll
[0b00:0004][2017-10-17T09:46:32] Timestamp updated for file 'C:\Program Files (x86)\Microsoft Visual Studio\2017\Community\Common7\IDE\CommonExtensions\Microsoft\Project\fr\Microsoft.VisualStudio.ProjectSystem.resources.dll'.
[0b00:0004][2017-10-17T09:46:32] Processing file /fr/Microsoft.VisualStudio.ProjectSystem.VS.Implementation.resources.dll
[0b00:0004][2017-10-17T09:46:32] Started: Copying file /fr/Microsoft.VisualStudio.ProjectSystem.VS.Implementation.resources.dll to C:\Program Files (x86)\Microsoft Visual Studio\2017\Community\Common7\IDE\CommonExtensions\Microsoft\Project\fr\Microsoft.VisualStudio.ProjectSystem.VS.Implementation.resources.dll
[0b00:0004][2017-10-17T09:46:32] Completed: Copying file /fr/Microsoft.VisualStudio.ProjectSystem.VS.Implementation.resources.dll to C:\Program Files (x86)\Microsoft Visual Studio\2017\Community\Common7\IDE\CommonExtensions\Microsoft\Project\fr\Microsoft.VisualStudio.ProjectSystem.VS.Implementation.resources.dll
[0b00:0004][2017-10-17T09:46:32] Timestamp updated for file 'C:\Program Files (x86)\Microsoft Visual Studio\2017\Community\Common7\IDE\CommonExtensions\Microsoft\Project\fr\Microsoft.VisualStudio.ProjectSystem.VS.Implementation.resources.dll'.
[0b00:0004][2017-10-17T09:46:32] Processing file /it/Microsoft.VisualStudio.ProjectSystem.Implementation.resources.dll
[0b00:0004][2017-10-17T09:46:32] Started: Copying file /it/Microsoft.VisualStudio.ProjectSystem.Implementation.resources.dll to C:\Program Files (x86)\Microsoft Visual Studio\2017\Community\Common7\IDE\CommonExtensions\Microsoft\Project\it\Microsoft.VisualStudio.ProjectSystem.Implementation.resources.dll
[0b00:0004][2017-10-17T09:46:32] Completed: Copying file /it/Microsoft.VisualStudio.ProjectSystem.Implementation.resources.dll to C:\Program Files (x86)\Microsoft Visual Studio\2017\Community\Common7\IDE\CommonExtensions\Microsoft\Project\it\Microsoft.VisualStudio.ProjectSystem.Implementation.resources.dll
[0b00:0004][2017-10-17T09:46:32] Timestamp updated for file 'C:\Program Files (x86)\Microsoft Visual Studio\2017\Community\Common7\IDE\CommonExtensions\Microsoft\Project\it\Microsoft.VisualStudio.ProjectSystem.Implementation.resources.dll'.
[0b00:0004][2017-10-17T09:46:32] Processing file /it/Microsoft.VisualStudio.ProjectSystem.resources.dll
[0b00:0004][2017-10-17T09:46:32] Started: Copying file /it/Microsoft.VisualStudio.ProjectSystem.resources.dll to C:\Program Files (x86)\Microsoft Visual Studio\2017\Community\Common7\IDE\CommonExtensions\Microsoft\Project\it\Microsoft.VisualStudio.ProjectSystem.resources.dll
[0b00:0004][2017-10-17T09:46:32] Completed: Copying file /it/Microsoft.VisualStudio.ProjectSystem.resources.dll to C:\Program Files (x86)\Microsoft Visual Studio\2017\Community\Common7\IDE\CommonExtensions\Microsoft\Project\it\Microsoft.VisualStudio.ProjectSystem.resources.dll
[0b00:0004][2017-10-17T09:46:32] Timestamp updated for file 'C:\Program Files (x86)\Microsoft Visual Studio\2017\Community\Common7\IDE\CommonExtensions\Microsoft\Project\it\Microsoft.VisualStudio.ProjectSystem.resources.dll'.
[0b00:0004][2017-10-17T09:46:32] Processing file /it/Microsoft.VisualStudio.ProjectSystem.VS.Implementation.resources.dll
[0b00:0004][2017-10-17T09:46:32] Started: Copying file /it/Microsoft.VisualStudio.ProjectSystem.VS.Implementation.resources.dll to C:\Program Files (x86)\Microsoft Visual Studio\2017\Community\Common7\IDE\CommonExtensions\Microsoft\Project\it\Microsoft.VisualStudio.ProjectSystem.VS.Implementation.resources.dll
[0b00:0004][2017-10-17T09:46:32] Completed: Copying file /it/Microsoft.VisualStudio.ProjectSystem.VS.Implementation.resources.dll to C:\Program Files (x86)\Microsoft Visual Studio\2017\Community\Common7\IDE\CommonExtensions\Microsoft\Project\it\Microsoft.VisualStudio.ProjectSystem.VS.Implementation.resources.dll
[0b00:0004][2017-10-17T09:46:32] Timestamp updated for file 'C:\Program Files (x86)\Microsoft Visual Studio\2017\Community\Common7\IDE\CommonExtensions\Microsoft\Project\it\Microsoft.VisualStudio.ProjectSystem.VS.Implementation.resources.dll'.
[0b00:0004][2017-10-17T09:46:32] Processing file /ja/Microsoft.VisualStudio.ProjectSystem.Implementation.resources.dll
[0b00:0004][2017-10-17T09:46:32] Started: Copying file /ja/Microsoft.VisualStudio.ProjectSystem.Implementation.resources.dll to C:\Program Files (x86)\Microsoft Visual Studio\2017\Community\Common7\IDE\CommonExtensions\Microsoft\Project\ja\Microsoft.VisualStudio.ProjectSystem.Implementation.resources.dll
[0b00:0004][2017-10-17T09:46:32] Completed: Copying file /ja/Microsoft.VisualStudio.ProjectSystem.Implementation.resources.dll to C:\Program Files (x86)\Microsoft Visual Studio\2017\Community\Common7\IDE\CommonExtensions\Microsoft\Project\ja\Microsoft.VisualStudio.ProjectSystem.Implementation.resources.dll
[0b00:0004][2017-10-17T09:46:32] Timestamp updated for file 'C:\Program Files (x86)\Microsoft Visual Studio\2017\Community\Common7\IDE\CommonExtensions\Microsoft\Project\ja\Microsoft.VisualStudio.ProjectSystem.Implementation.resources.dll'.
[0b00:0004][2017-10-17T09:46:32] Processing file /ja/Microsoft.VisualStudio.ProjectSystem.resources.dll
[0b00:0004][2017-10-17T09:46:32] Started: Copying file /ja/Microsoft.VisualStudio.ProjectSystem.resources.dll to C:\Program Files (x86)\Microsoft Visual Studio\2017\Community\Common7\IDE\CommonExtensions\Microsoft\Project\ja\Microsoft.VisualStudio.ProjectSystem.resources.dll
[0b00:0004][2017-10-17T09:46:32] Completed: Copying file /ja/Microsoft.VisualStudio.ProjectSystem.resources.dll to C:\Program Files (x86)\Microsoft Visual Studio\2017\Community\Common7\IDE\CommonExtensions\Microsoft\Project\ja\Microsoft.VisualStudio.ProjectSystem.resources.dll
[0b00:0004][2017-10-17T09:46:32] Timestamp updated for file 'C:\Program Files (x86)\Microsoft Visual Studio\2017\Community\Common7\IDE\CommonExtensions\Microsoft\Project\ja\Microsoft.VisualStudio.ProjectSystem.resources.dll'.
[0b00:0004][2017-10-17T09:46:32] Processing file /ja/Microsoft.VisualStudio.ProjectSystem.VS.Implementation.resources.dll
[0b00:0004][2017-10-17T09:46:32] Started: Copying file /ja/Microsoft.VisualStudio.ProjectSystem.VS.Implementation.resources.dll to C:\Program Files (x86)\Microsoft Visual Studio\2017\Community\Common7\IDE\CommonExtensions\Microsoft\Project\ja\Microsoft.VisualStudio.ProjectSystem.VS.Implementation.resources.dll
[0b00:0004][2017-10-17T09:46:32] Completed: Copying file /ja/Microsoft.VisualStudio.ProjectSystem.VS.Implementation.resources.dll to C:\Program Files (x86)\Microsoft Visual Studio\2017\Community\Common7\IDE\CommonExtensions\Microsoft\Project\ja\Microsoft.VisualStudio.ProjectSystem.VS.Implementation.resources.dll
[0b00:0004][2017-10-17T09:46:32] Timestamp updated for file 'C:\Program Files (x86)\Microsoft Visual Studio\2017\Community\Common7\IDE\CommonExtensions\Microsoft\Project\ja\Microsoft.VisualStudio.ProjectSystem.VS.Implementation.resources.dll'.
[0b00:0004][2017-10-17T09:46:32] Processing file /ko/Microsoft.VisualStudio.ProjectSystem.Implementation.resources.dll
[0b00:0004][2017-10-17T09:46:32] Started: Copying file /ko/Microsoft.VisualStudio.ProjectSystem.Implementation.resources.dll to C:\Program Files (x86)\Microsoft Visual Studio\2017\Community\Common7\IDE\CommonExtensions\Microsoft\Project\ko\Microsoft.VisualStudio.ProjectSystem.Implementation.resources.dll
[0b00:0004][2017-10-17T09:46:32] Completed: Copying file /ko/Microsoft.VisualStudio.ProjectSystem.Implementation.resources.dll to C:\Program Files (x86)\Microsoft Visual Studio\2017\Community\Common7\IDE\CommonExtensions\Microsoft\Project\ko\Microsoft.VisualStudio.ProjectSystem.Implementation.resources.dll
[0b00:0004][2017-10-17T09:46:32] Timestamp updated for file 'C:\Program Files (x86)\Microsoft Visual Studio\2017\Community\Common7\IDE\CommonExtensions\Microsoft\Project\ko\Microsoft.VisualStudio.ProjectSystem.Implementation.resources.dll'.
[0b00:0004][2017-10-17T09:46:32] Processing file /ko/Microsoft.VisualStudio.ProjectSystem.resources.dll
[0b00:0004][2017-10-17T09:46:32] Started: Copying file /ko/Microsoft.VisualStudio.ProjectSystem.resources.dll to C:\Program Files (x86)\Microsoft Visual Studio\2017\Community\Common7\IDE\CommonExtensions\Microsoft\Project\ko\Microsoft.VisualStudio.ProjectSystem.resources.dll
[0b00:0004][2017-10-17T09:46:32] Completed: Copying file /ko/Microsoft.VisualStudio.ProjectSystem.resources.dll to C:\Program Files (x86)\Microsoft Visual Studio\2017\Community\Common7\IDE\CommonExtensions\Microsoft\Project\ko\Microsoft.VisualStudio.ProjectSystem.resources.dll
[0b00:0004][2017-10-17T09:46:32] Timestamp updated for file 'C:\Program Files (x86)\Microsoft Visual Studio\2017\Community\Common7\IDE\CommonExtensions\Microsoft\Project\ko\Microsoft.VisualStudio.ProjectSystem.resources.dll'.
[0b00:0004][2017-10-17T09:46:32] Processing file /ko/Microsoft.VisualStudio.ProjectSystem.VS.Implementation.resources.dll
[0b00:0004][2017-10-17T09:46:32] Started: Copying file /ko/Microsoft.VisualStudio.ProjectSystem.VS.Implementation.resources.dll to C:\Program Files (x86)\Microsoft Visual Studio\2017\Community\Common7\IDE\CommonExtensions\Microsoft\Project\ko\Microsoft.VisualStudio.ProjectSystem.VS.Implementation.resources.dll
[0b00:0004][2017-10-17T09:46:32] Completed: Copying file /ko/Microsoft.VisualStudio.ProjectSystem.VS.Implementation.resources.dll to C:\Program Files (x86)\Microsoft Visual Studio\2017\Community\Common7\IDE\CommonExtensions\Microsoft\Project\ko\Microsoft.VisualStudio.ProjectSystem.VS.Implementation.resources.dll
[0b00:0004][2017-10-17T09:46:32] Timestamp updated for file 'C:\Program Files (x86)\Microsoft Visual Studio\2017\Community\Common7\IDE\CommonExtensions\Microsoft\Project\ko\Microsoft.VisualStudio.ProjectSystem.VS.Implementation.resources.dll'.
[0b00:0004][2017-10-17T09:46:32] Processing file /manifest.json
[0b00:0004][2017-10-17T09:46:32] Started: Copying file /manifest.json to C:\Program Files (x86)\Microsoft Visual Studio\2017\Community\Common7\IDE\CommonExtensions\Microsoft\Project\manifest.json
[0b00:0004][2017-10-17T09:46:32] Completed: Copying file /manifest.json to C:\Program Files (x86)\Microsoft Visual Studio\2017\Community\Common7\IDE\CommonExtensions\Microsoft\Project\manifest.json
[0b00:0004][2017-10-17T09:46:32] Timestamp updated for file 'C:\Program Files (x86)\Microsoft Visual Studio\2017\Community\Common7\IDE\CommonExtensions\Microsoft\Project\manifest.json'.
[0b00:0004][2017-10-17T09:46:32] Processing file /Microsoft.VisualStudio.Project.VS.Implementation.pkgdef
[0b00:0004][2017-10-17T09:46:32] Started: Copying file /Microsoft.VisualStudio.Project.VS.Implementation.pkgdef to C:\Program Files (x86)\Microsoft Visual Studio\2017\Community\Common7\IDE\CommonExtensions\Microsoft\Project\Microsoft.VisualStudio.Project.VS.Implementation.pkgdef
[0b00:0004][2017-10-17T09:46:32] Completed: Copying file /Microsoft.VisualStudio.Project.VS.Implementation.pkgdef to C:\Program Files (x86)\Microsoft Visual Studio\2017\Community\Common7\IDE\CommonExtensions\Microsoft\Project\Microsoft.VisualStudio.Project.VS.Implementation.pkgdef
[0b00:0004][2017-10-17T09:46:32] Timestamp updated for file 'C:\Program Files (x86)\Microsoft Visual Studio\2017\Community\Common7\IDE\CommonExtensions\Microsoft\Project\Microsoft.VisualStudio.Project.VS.Implementation.pkgdef'.
[0b00:0004][2017-10-17T09:46:32] Processing file /Microsoft.VisualStudio.ProjectSystem.dll
[0b00:0004][2017-10-17T09:46:32] Started: Copying file /Microsoft.VisualStudio.ProjectSystem.dll to C:\Program Files (x86)\Microsoft Visual Studio\2017\Community\Common7\IDE\CommonExtensions\Microsoft\Project\Microsoft.VisualStudio.ProjectSystem.dll
[0b00:0004][2017-10-17T09:46:32] Completed: Copying file /Microsoft.VisualStudio.ProjectSystem.dll to C:\Program Files (x86)\Microsoft Visual Studio\2017\Community\Common7\IDE\CommonExtensions\Microsoft\Project\Microsoft.VisualStudio.ProjectSystem.dll
[0b00:0004][2017-10-17T09:46:32] Timestamp updated for file 'C:\Program Files (x86)\Microsoft Visual Studio\2017\Community\Common7\IDE\CommonExtensions\Microsoft\Project\Microsoft.VisualStudio.ProjectSystem.dll'.
[0b00:0004][2017-10-17T09:46:32] Queueing C:\Program Files (x86)\Microsoft Visual Studio\2017\Community\Common7\IDE\CommonExtensions\Microsoft\Project\Microsoft.VisualStudio.ProjectSystem.dll for X86 ngen
[0b00:0004][2017-10-17T09:46:32] Successfully queued file '/Microsoft.VisualStudio.ProjectSystem.dll' for ngen
[0b00:0004][2017-10-17T09:46:32] Processing file /Microsoft.VisualStudio.ProjectSystem.Implementation.dll
[0b00:0004][2017-10-17T09:46:32] Started: Copying file /Microsoft.VisualStudio.ProjectSystem.Implementation.dll to C:\Program Files (x86)\Microsoft Visual Studio\2017\Community\Common7\IDE\CommonExtensions\Microsoft\Project\Microsoft.VisualStudio.ProjectSystem.Implementation.dll
[0b00:0004][2017-10-17T09:46:32] Completed: Copying file /Microsoft.VisualStudio.ProjectSystem.Implementation.dll to C:\Program Files (x86)\Microsoft Visual Studio\2017\Community\Common7\IDE\CommonExtensions\Microsoft\Project\Microsoft.VisualStudio.ProjectSystem.Implementation.dll
[0b00:0004][2017-10-17T09:46:32] Timestamp updated for file 'C:\Program Files (x86)\Microsoft Visual Studio\2017\Community\Common7\IDE\CommonExtensions\Microsoft\Project\Microsoft.VisualStudio.ProjectSystem.Implementation.dll'.
[0b00:0004][2017-10-17T09:46:32] Queueing C:\Program Files (x86)\Microsoft Visual Studio\2017\Community\Common7\IDE\CommonExtensions\Microsoft\Project\Microsoft.VisualStudio.ProjectSystem.Implementation.dll for X86 ngen
[0b00:0004][2017-10-17T09:46:32] Successfully queued file '/Microsoft.VisualStudio.ProjectSystem.Implementation.dll' for ngen
[0b00:0004][2017-10-17T09:46:32] Processing file /Microsoft.VisualStudio.ProjectSystem.pkgdef
[0b00:0004][2017-10-17T09:46:32] Started: Copying file /Microsoft.VisualStudio.ProjectSystem.pkgdef to C:\Program Files (x86)\Microsoft Visual Studio\2017\Community\Common7\IDE\CommonExtensions\Microsoft\Project\Microsoft.VisualStudio.ProjectSystem.pkgdef
[0b00:0004][2017-10-17T09:46:32] Completed: Copying file /Microsoft.VisualStudio.ProjectSystem.pkgdef to C:\Program Files (x86)\Microsoft Visual Studio\2017\Community\Common7\IDE\CommonExtensions\Microsoft\Project\Microsoft.VisualStudio.ProjectSystem.pkgdef
[0b00:0004][2017-10-17T09:46:32] Timestamp updated for file 'C:\Program Files (x86)\Microsoft Visual Studio\2017\Community\Common7\IDE\CommonExtensions\Microsoft\Project\Microsoft.VisualStudio.ProjectSystem.pkgdef'.
[0b00:0004][2017-10-17T09:46:32] Processing file /Microsoft.VisualStudio.ProjectSystem.VS.dll
[0b00:0004][2017-10-17T09:46:32] Started: Copying file /Microsoft.VisualStudio.ProjectSystem.VS.dll to C:\Program Files (x86)\Microsoft Visual Studio\2017\Community\Common7\IDE\CommonExtensions\Microsoft\Project\Microsoft.VisualStudio.ProjectSystem.VS.dll
[0b00:0004][2017-10-17T09:46:32] Completed: Copying file /Microsoft.VisualStudio.ProjectSystem.VS.dll to C:\Program Files (x86)\Microsoft Visual Studio\2017\Community\Common7\IDE\CommonExtensions\Microsoft\Project\Microsoft.VisualStudio.ProjectSystem.VS.dll
[0b00:0004][2017-10-17T09:46:32] Timestamp updated for file 'C:\Program Files (x86)\Microsoft Visual Studio\2017\Community\Common7\IDE\CommonExtensions\Microsoft\Project\Microsoft.VisualStudio.ProjectSystem.VS.dll'.
[0b00:0004][2017-10-17T09:46:32] Queueing C:\Program Files (x86)\Microsoft Visual Studio\2017\Community\Common7\IDE\CommonExtensions\Microsoft\Project\Microsoft.VisualStudio.ProjectSystem.VS.dll for X86 ngen
[0b00:0004][2017-10-17T09:46:32] Successfully queued file '/Microsoft.VisualStudio.ProjectSystem.VS.dll' for ngen
[0b00:0004][2017-10-17T09:46:32] Processing file /Microsoft.VisualStudio.ProjectSystem.VS.Implementation.dll
[0b00:0004][2017-10-17T09:46:32] Started: Copying file /Microsoft.VisualStudio.ProjectSystem.VS.Implementation.dll to C:\Program Files (x86)\Microsoft Visual Studio\2017\Community\Common7\IDE\CommonExtensions\Microsoft\Project\Microsoft.VisualStudio.ProjectSystem.VS.Implementation.dll
[0b00:0004][2017-10-17T09:46:32] Completed: Copying file /Microsoft.VisualStudio.ProjectSystem.VS.Implementation.dll to C:\Program Files (x86)\Microsoft Visual Studio\2017\Community\Common7\IDE\CommonExtensions\Microsoft\Project\Microsoft.VisualStudio.ProjectSystem.VS.Implementation.dll
[0b00:0004][2017-10-17T09:46:32] Timestamp updated for file 'C:\Program Files (x86)\Microsoft Visual Studio\2017\Community\Common7\IDE\CommonExtensions\Microsoft\Project\Microsoft.VisualStudio.ProjectSystem.VS.Implementation.dll'.
[0b00:0004][2017-10-17T09:46:32] Queueing C:\Program Files (x86)\Microsoft Visual Studio\2017\Community\Common7\IDE\CommonExtensions\Microsoft\Project\Microsoft.VisualStudio.ProjectSystem.VS.Implementation.dll for X86 ngen
[0b00:0004][2017-10-17T09:46:32] Successfully queued file '/Microsoft.VisualStudio.ProjectSystem.VS.Implementation.dll' for ngen
[0b00:0004][2017-10-17T09:46:32] Processing file /msbuildproj.pkgdef
[0b00:0004][2017-10-17T09:46:32] Started: Copying file /msbuildproj.pkgdef to C:\Program Files (x86)\Microsoft Visual Studio\2017\Community\Common7\IDE\CommonExtensions\Microsoft\Project\msbuildproj.pkgdef
[0b00:0004][2017-10-17T09:46:32] Completed: Copying file /msbuildproj.pkgdef to C:\Program Files (x86)\Microsoft Visual Studio\2017\Community\Common7\IDE\CommonExtensions\Microsoft\Project\msbuildproj.pkgdef
[0b00:0004][2017-10-17T09:46:32] Timestamp updated for file 'C:\Program Files (x86)\Microsoft Visual Studio\2017\Community\Common7\IDE\CommonExtensions\Microsoft\Project\msbuildproj.pkgdef'.
[0b00:0004][2017-10-17T09:46:32] Processing file /pl/Microsoft.VisualStudio.ProjectSystem.Implementation.resources.dll
[0b00:0004][2017-10-17T09:46:32] Started: Copying file /pl/Microsoft.VisualStudio.ProjectSystem.Implementation.resources.dll to C:\Program Files (x86)\Microsoft Visual Studio\2017\Community\Common7\IDE\CommonExtensions\Microsoft\Project\pl\Microsoft.VisualStudio.ProjectSystem.Implementation.resources.dll
[0b00:0004][2017-10-17T09:46:32] Completed: Copying file /pl/Microsoft.VisualStudio.ProjectSystem.Implementation.resources.dll to C:\Program Files (x86)\Microsoft Visual Studio\2017\Community\Common7\IDE\CommonExtensions\Microsoft\Project\pl\Microsoft.VisualStudio.ProjectSystem.Implementation.resources.dll
[0b00:0004][2017-10-17T09:46:32] Timestamp updated for file 'C:\Program Files (x86)\Microsoft Visual Studio\2017\Community\Common7\IDE\CommonExtensions\Microsoft\Project\pl\Microsoft.VisualStudio.ProjectSystem.Implementation.resources.dll'.
[0b00:0004][2017-10-17T09:46:32] Processing file /pl/Microsoft.VisualStudio.ProjectSystem.resources.dll
[0b00:0004][2017-10-17T09:46:32] Started: Copying file /pl/Microsoft.VisualStudio.ProjectSystem.resources.dll to C:\Program Files (x86)\Microsoft Visual Studio\2017\Community\Common7\IDE\CommonExtensions\Microsoft\Project\pl\Microsoft.VisualStudio.ProjectSystem.resources.dll
[0b00:0004][2017-10-17T09:46:32] Completed: Copying file /pl/Microsoft.VisualStudio.ProjectSystem.resources.dll to C:\Program Files (x86)\Microsoft Visual Studio\2017\Community\Common7\IDE\CommonExtensions\Microsoft\Project\pl\Microsoft.VisualStudio.ProjectSystem.resources.dll
[0b00:0004][2017-10-17T09:46:32] Timestamp updated for file 'C:\Program Files (x86)\Microsoft Visual Studio\2017\Community\Common7\IDE\CommonExtensions\Microsoft\Project\pl\Microsoft.VisualStudio.ProjectSystem.resources.dll'.
[0b00:0004][2017-10-17T09:46:32] Processing file /pl/Microsoft.VisualStudio.ProjectSystem.VS.Implementation.resources.dll
[0b00:0004][2017-10-17T09:46:32] Started: Copying file /pl/Microsoft.VisualStudio.ProjectSystem.VS.Implementation.resources.dll to C:\Program Files (x86)\Microsoft Visual Studio\2017\Community\Common7\IDE\CommonExtensions\Microsoft\Project\pl\Microsoft.VisualStudio.ProjectSystem.VS.Implementation.resources.dll
[0b00:0004][2017-10-17T09:46:32] Completed: Copying file /pl/Microsoft.VisualStudio.ProjectSystem.VS.Implementation.resources.dll to C:\Program Files (x86)\Microsoft Visual Studio\2017\Community\Common7\IDE\CommonExtensions\Microsoft\Project\pl\Microsoft.VisualStudio.ProjectSystem.VS.Implementation.resources.dll
[0b00:0004][2017-10-17T09:46:32] Timestamp updated for file 'C:\Program Files (x86)\Microsoft Visual Studio\2017\Community\Common7\IDE\CommonExtensions\Microsoft\Project\pl\Microsoft.VisualStudio.ProjectSystem.VS.Implementation.resources.dll'.
[0b00:0004][2017-10-17T09:46:32] Processing file /pt-BR/Microsoft.VisualStudio.ProjectSystem.Implementation.resources.dll
[0b00:0004][2017-10-17T09:46:32] Started: Copying file /pt-BR/Microsoft.VisualStudio.ProjectSystem.Implementation.resources.dll to C:\Program Files (x86)\Microsoft Visual Studio\2017\Community\Common7\IDE\CommonExtensions\Microsoft\Project\pt-BR\Microsoft.VisualStudio.ProjectSystem.Implementation.resources.dll
[0b00:0004][2017-10-17T09:46:32] Completed: Copying file /pt-BR/Microsoft.VisualStudio.ProjectSystem.Implementation.resources.dll to C:\Program Files (x86)\Microsoft Visual Studio\2017\Community\Common7\IDE\CommonExtensions\Microsoft\Project\pt-BR\Microsoft.VisualStudio.ProjectSystem.Implementation.resources.dll
[0b00:0004][2017-10-17T09:46:32] Timestamp updated for file 'C:\Program Files (x86)\Microsoft Visual Studio\2017\Community\Common7\IDE\CommonExtensions\Microsoft\Project\pt-BR\Microsoft.VisualStudio.ProjectSystem.Implementation.resources.dll'.
[0b00:0004][2017-10-17T09:46:32] Processing file /pt-BR/Microsoft.VisualStudio.ProjectSystem.resources.dll
[0b00:0004][2017-10-17T09:46:32] Started: Copying file /pt-BR/Microsoft.VisualStudio.ProjectSystem.resources.dll to C:\Program Files (x86)\Microsoft Visual Studio\2017\Community\Common7\IDE\CommonExtensions\Microsoft\Project\pt-BR\Microsoft.VisualStudio.ProjectSystem.resources.dll
[0b00:0004][2017-10-17T09:46:32] Completed: Copying file /pt-BR/Microsoft.VisualStudio.ProjectSystem.resources.dll to C:\Program Files (x86)\Microsoft Visual Studio\2017\Community\Common7\IDE\CommonExtensions\Microsoft\Project\pt-BR\Microsoft.VisualStudio.ProjectSystem.resources.dll
[0b00:0004][2017-10-17T09:46:32] Timestamp updated for file 'C:\Program Files (x86)\Microsoft Visual Studio\2017\Community\Common7\IDE\CommonExtensions\Microsoft\Project\pt-BR\Microsoft.VisualStudio.ProjectSystem.resources.dll'.
[0b00:0004][2017-10-17T09:46:32] Processing file /pt-BR/Microsoft.VisualStudio.ProjectSystem.VS.Implementation.resources.dll
[0b00:0004][2017-10-17T09:46:32] Started: Copying file /pt-BR/Microsoft.VisualStudio.ProjectSystem.VS.Implementation.resources.dll to C:\Program Files (x86)\Microsoft Visual Studio\2017\Community\Common7\IDE\CommonExtensions\Microsoft\Project\pt-BR\Microsoft.VisualStudio.ProjectSystem.VS.Implementation.resources.dll
[0b00:0004][2017-10-17T09:46:32] Completed: Copying file /pt-BR/Microsoft.VisualStudio.ProjectSystem.VS.Implementation.resources.dll to C:\Program Files (x86)\Microsoft Visual Studio\2017\Community\Common7\IDE\CommonExtensions\Microsoft\Project\pt-BR\Microsoft.VisualStudio.ProjectSystem.VS.Implementation.resources.dll
[0b00:0004][2017-10-17T09:46:32] Timestamp updated for file 'C:\Program Files (x86)\Microsoft Visual Studio\2017\Community\Common7\IDE\CommonExtensions\Microsoft\Project\pt-BR\Microsoft.VisualStudio.ProjectSystem.VS.Implementation.resources.dll'.
[0b00:0004][2017-10-17T09:46:32] Processing file /ru/Microsoft.VisualStudio.ProjectSystem.Implementation.resources.dll
[0b00:0004][2017-10-17T09:46:32] Started: Copying file /ru/Microsoft.VisualStudio.ProjectSystem.Implementation.resources.dll to C:\Program Files (x86)\Microsoft Visual Studio\2017\Community\Common7\IDE\CommonExtensions\Microsoft\Project\ru\Microsoft.VisualStudio.ProjectSystem.Implementation.resources.dll
[0b00:0004][2017-10-17T09:46:32] Completed: Copying file /ru/Microsoft.VisualStudio.ProjectSystem.Implementation.resources.dll to C:\Program Files (x86)\Microsoft Visual Studio\2017\Community\Common7\IDE\CommonExtensions\Microsoft\Project\ru\Microsoft.VisualStudio.ProjectSystem.Implementation.resources.dll
[0b00:0004][2017-10-17T09:46:32] Timestamp updated for file 'C:\Program Files (x86)\Microsoft Visual Studio\2017\Community\Common7\IDE\CommonExtensions\Microsoft\Project\ru\Microsoft.VisualStudio.ProjectSystem.Implementation.resources.dll'.
[0b00:0004][2017-10-17T09:46:32] Processing file /ru/Microsoft.VisualStudio.ProjectSystem.resources.dll
[0b00:0004][2017-10-17T09:46:32] Started: Copying file /ru/Microsoft.VisualStudio.ProjectSystem.resources.dll to C:\Program Files (x86)\Microsoft Visual Studio\2017\Community\Common7\IDE\CommonExtensions\Microsoft\Project\ru\Microsoft.VisualStudio.ProjectSystem.resources.dll
[0b00:0004][2017-10-17T09:46:32] Completed: Copying file /ru/Microsoft.VisualStudio.ProjectSystem.resources.dll to C:\Program Files (x86)\Microsoft Visual Studio\2017\Community\Common7\IDE\CommonExtensions\Microsoft\Project\ru\Microsoft.VisualStudio.ProjectSystem.resources.dll
[0b00:0004][2017-10-17T09:46:32] Timestamp updated for file 'C:\Program Files (x86)\Microsoft Visual Studio\2017\Community\Common7\IDE\CommonExtensions\Microsoft\Project\ru\Microsoft.VisualStudio.ProjectSystem.resources.dll'.
[0b00:0004][2017-10-17T09:46:32] Processing file /ru/Microsoft.VisualStudio.ProjectSystem.VS.Implementation.resources.dll
[0b00:0004][2017-10-17T09:46:32] Started: Copying file /ru/Microsoft.VisualStudio.ProjectSystem.VS.Implementation.resources.dll to C:\Program Files (x86)\Microsoft Visual Studio\2017\Community\Common7\IDE\CommonExtensions\Microsoft\Project\ru\Microsoft.VisualStudio.ProjectSystem.VS.Implementation.resources.dll
[0b00:0004][2017-10-17T09:46:32] Completed: Copying file /ru/Microsoft.VisualStudio.ProjectSystem.VS.Implementation.resources.dll to C:\Program Files (x86)\Microsoft Visual Studio\2017\Community\Common7\IDE\CommonExtensions\Microsoft\Project\ru\Microsoft.VisualStudio.ProjectSystem.VS.Implementation.resources.dll
[0b00:0004][2017-10-17T09:46:32] Timestamp updated for file 'C:\Program Files (x86)\Microsoft Visual Studio\2017\Community\Common7\IDE\CommonExtensions\Microsoft\Project\ru\Microsoft.VisualStudio.ProjectSystem.VS.Implementation.resources.dll'.
[0b00:0004][2017-10-17T09:46:32] Processing file /SharedProjectFilesPackage.pkgdef
[0b00:0004][2017-10-17T09:46:32] Started: Copying file /SharedProjectFilesPackage.pkgdef to C:\Program Files (x86)\Microsoft Visual Studio\2017\Community\Common7\IDE\CommonExtensions\Microsoft\Project\SharedProjectFilesPackage.pkgdef
[0b00:0004][2017-10-17T09:46:32] Completed: Copying file /SharedProjectFilesPackage.pkgdef to C:\Program Files (x86)\Microsoft Visual Studio\2017\Community\Common7\IDE\CommonExtensions\Microsoft\Project\SharedProjectFilesPackage.pkgdef
[0b00:0004][2017-10-17T09:46:32] Timestamp updated for file 'C:\Program Files (x86)\Microsoft Visual Studio\2017\Community\Common7\IDE\CommonExtensions\Microsoft\Project\SharedProjectFilesPackage.pkgdef'.
[0b00:0004][2017-10-17T09:46:32] Processing file /shareproj.ico
[0b00:0004][2017-10-17T09:46:32] Started: Copying file /shareproj.ico to C:\Program Files (x86)\Microsoft Visual Studio\2017\Community\Common7\IDE\CommonExtensions\Microsoft\Project\shareproj.ico
[0b00:0004][2017-10-17T09:46:32] Completed: Copying file /shareproj.ico to C:\Program Files (x86)\Microsoft Visual Studio\2017\Community\Common7\IDE\CommonExtensions\Microsoft\Project\shareproj.ico
[0b00:0004][2017-10-17T09:46:32] Timestamp updated for file 'C:\Program Files (x86)\Microsoft Visual Studio\2017\Community\Common7\IDE\CommonExtensions\Microsoft\Project\shareproj.ico'.
[0b00:0004][2017-10-17T09:46:32] Processing file /tr/Microsoft.VisualStudio.ProjectSystem.Implementation.resources.dll
[0b00:0004][2017-10-17T09:46:32] Started: Copying file /tr/Microsoft.VisualStudio.ProjectSystem.Implementation.resources.dll to C:\Program Files (x86)\Microsoft Visual Studio\2017\Community\Common7\IDE\CommonExtensions\Microsoft\Project\tr\Microsoft.VisualStudio.ProjectSystem.Implementation.resources.dll
[0b00:0004][2017-10-17T09:46:32] Completed: Copying file /tr/Microsoft.VisualStudio.ProjectSystem.Implementation.resources.dll to C:\Program Files (x86)\Microsoft Visual Studio\2017\Community\Common7\IDE\CommonExtensions\Microsoft\Project\tr\Microsoft.VisualStudio.ProjectSystem.Implementation.resources.dll
[0b00:0004][2017-10-17T09:46:32] Timestamp updated for file 'C:\Program Files (x86)\Microsoft Visual Studio\2017\Community\Common7\IDE\CommonExtensions\Microsoft\Project\tr\Microsoft.VisualStudio.ProjectSystem.Implementation.resources.dll'.
[0b00:0004][2017-10-17T09:46:32] Processing file /tr/Microsoft.VisualStudio.ProjectSystem.resources.dll
[0b00:0004][2017-10-17T09:46:32] Started: Copying file /tr/Microsoft.VisualStudio.ProjectSystem.resources.dll to C:\Program Files (x86)\Microsoft Visual Studio\2017\Community\Common7\IDE\CommonExtensions\Microsoft\Project\tr\Microsoft.VisualStudio.ProjectSystem.resources.dll
[0b00:0004][2017-10-17T09:46:32] Completed: Copying file /tr/Microsoft.VisualStudio.ProjectSystem.resources.dll to C:\Program Files (x86)\Microsoft Visual Studio\2017\Community\Common7\IDE\CommonExtensions\Microsoft\Project\tr\Microsoft.VisualStudio.ProjectSystem.resources.dll
[0b00:0004][2017-10-17T09:46:32] Timestamp updated for file 'C:\Program Files (x86)\Microsoft Visual Studio\2017\Community\Common7\IDE\CommonExtensions\Microsoft\Project\tr\Microsoft.VisualStudio.ProjectSystem.resources.dll'.
[0b00:0004][2017-10-17T09:46:32] Processing file /tr/Microsoft.VisualStudio.ProjectSystem.VS.Implementation.resources.dll
[0b00:0004][2017-10-17T09:46:32] Started: Copying file /tr/Microsoft.VisualStudio.ProjectSystem.VS.Implementation.resources.dll to C:\Program Files (x86)\Microsoft Visual Studio\2017\Community\Common7\IDE\CommonExtensions\Microsoft\Project\tr\Microsoft.VisualStudio.ProjectSystem.VS.Implementation.resources.dll
[0b00:0004][2017-10-17T09:46:32] Completed: Copying file /tr/Microsoft.VisualStudio.ProjectSystem.VS.Implementation.resources.dll to C:\Program Files (x86)\Microsoft Visual Studio\2017\Community\Common7\IDE\CommonExtensions\Microsoft\Project\tr\Microsoft.VisualStudio.ProjectSystem.VS.Implementation.resources.dll
[0b00:0004][2017-10-17T09:46:32] Timestamp updated for file 'C:\Program Files (x86)\Microsoft Visual Studio\2017\Community\Common7\IDE\CommonExtensions\Microsoft\Project\tr\Microsoft.VisualStudio.ProjectSystem.VS.Implementation.resources.dll'.
[0b00:0004][2017-10-17T09:46:32] Processing file /zh-Hans/Microsoft.VisualStudio.ProjectSystem.Implementation.resources.dll
[0b00:0004][2017-10-17T09:46:32] Started: Copying file /zh-Hans/Microsoft.VisualStudio.ProjectSystem.Implementation.resources.dll to C:\Program Files (x86)\Microsoft Visual Studio\2017\Community\Common7\IDE\CommonExtensions\Microsoft\Project\zh-Hans\Microsoft.VisualStudio.ProjectSystem.Implementation.resources.dll
[0b00:0004][2017-10-17T09:46:32] Completed: Copying file /zh-Hans/Microsoft.VisualStudio.ProjectSystem.Implementation.resources.dll to C:\Program Files (x86)\Microsoft Visual Studio\2017\Community\Common7\IDE\CommonExtensions\Microsoft\Project\zh-Hans\Microsoft.VisualStudio.ProjectSystem.Implementation.resources.dll
[0b00:0004][2017-10-17T09:46:32] Timestamp updated for file 'C:\Program Files (x86)\Microsoft Visual Studio\2017\Community\Common7\IDE\CommonExtensions\Microsoft\Project\zh-Hans\Microsoft.VisualStudio.ProjectSystem.Implementation.resources.dll'.
[0b00:0004][2017-10-17T09:46:32] Processing file /zh-Hans/Microsoft.VisualStudio.ProjectSystem.resources.dll
[0b00:0004][2017-10-17T09:46:32] Started: Copying file /zh-Hans/Microsoft.VisualStudio.ProjectSystem.resources.dll to C:\Program Files (x86)\Microsoft Visual Studio\2017\Community\Common7\IDE\CommonExtensions\Microsoft\Project\zh-Hans\Microsoft.VisualStudio.ProjectSystem.resources.dll
[0b00:0004][2017-10-17T09:46:32] Completed: Copying file /zh-Hans/Microsoft.VisualStudio.ProjectSystem.resources.dll to C:\Program Files (x86)\Microsoft Visual Studio\2017\Community\Common7\IDE\CommonExtensions\Microsoft\Project\zh-Hans\Microsoft.VisualStudio.ProjectSystem.resources.dll
[0b00:0004][2017-10-17T09:46:32] Timestamp updated for file 'C:\Program Files (x86)\Microsoft Visual Studio\2017\Community\Common7\IDE\CommonExtensions\Microsoft\Project\zh-Hans\Microsoft.VisualStudio.ProjectSystem.resources.dll'.
[0b00:0004][2017-10-17T09:46:32] Processing file /zh-Hans/Microsoft.VisualStudio.ProjectSystem.VS.Implementation.resources.dll
[0b00:0004][2017-10-17T09:46:32] Started: Copying file /zh-Hans/Microsoft.VisualStudio.ProjectSystem.VS.Implementation.resources.dll to C:\Program Files (x86)\Microsoft Visual Studio\2017\Community\Common7\IDE\CommonExtensions\Microsoft\Project\zh-Hans\Microsoft.VisualStudio.ProjectSystem.VS.Implementation.resources.dll
[0b00:0004][2017-10-17T09:46:32] Completed: Copying file /zh-Hans/Microsoft.VisualStudio.ProjectSystem.VS.Implementation.resources.dll to C:\Program Files (x86)\Microsoft Visual Studio\2017\Community\Common7\IDE\CommonExtensions\Microsoft\Project\zh-Hans\Microsoft.VisualStudio.ProjectSystem.VS.Implementation.resources.dll
[0b00:0004][2017-10-17T09:46:32] Timestamp updated for file 'C:\Program Files (x86)\Microsoft Visual Studio\2017\Community\Common7\IDE\CommonExtensions\Microsoft\Project\zh-Hans\Microsoft.VisualStudio.ProjectSystem.VS.Implementation.resources.dll'.
[0b00:0004][2017-10-17T09:46:32] Processing file /zh-Hant/Microsoft.VisualStudio.ProjectSystem.Implementation.resources.dll
[0b00:0004][2017-10-17T09:46:32] Started: Copying file /zh-Hant/Microsoft.VisualStudio.ProjectSystem.Implementation.resources.dll to C:\Program Files (x86)\Microsoft Visual Studio\2017\Community\Common7\IDE\CommonExtensions\Microsoft\Project\zh-Hant\Microsoft.VisualStudio.ProjectSystem.Implementation.resources.dll
[0b00:0004][2017-10-17T09:46:32] Completed: Copying file /zh-Hant/Microsoft.VisualStudio.ProjectSystem.Implementation.resources.dll to C:\Program Files (x86)\Microsoft Visual Studio\2017\Community\Common7\IDE\CommonExtensions\Microsoft\Project\zh-Hant\Microsoft.VisualStudio.ProjectSystem.Implementation.resources.dll
[0b00:0004][2017-10-17T09:46:32] Timestamp updated for file 'C:\Program Files (x86)\Microsoft Visual Studio\2017\Community\Common7\IDE\CommonExtensions\Microsoft\Project\zh-Hant\Microsoft.VisualStudio.ProjectSystem.Implementation.resources.dll'.
[0b00:0004][2017-10-17T09:46:32] Processing file /zh-Hant/Microsoft.VisualStudio.ProjectSystem.resources.dll
[0b00:0004][2017-10-17T09:46:32] Started: Copying file /zh-Hant/Microsoft.VisualStudio.ProjectSystem.resources.dll to C:\Program Files (x86)\Microsoft Visual Studio\2017\Community\Common7\IDE\CommonExtensions\Microsoft\Project\zh-Hant\Microsoft.VisualStudio.ProjectSystem.resources.dll
[0b00:0004][2017-10-17T09:46:32] Completed: Copying file /zh-Hant/Microsoft.VisualStudio.ProjectSystem.resources.dll to C:\Program Files (x86)\Microsoft Visual Studio\2017\Community\Common7\IDE\CommonExtensions\Microsoft\Project\zh-Hant\Microsoft.VisualStudio.ProjectSystem.resources.dll
[0b00:0004][2017-10-17T09:46:32] Timestamp updated for file 'C:\Program Files (x86)\Microsoft Visual Studio\2017\Community\Common7\IDE\CommonExtensions\Microsoft\Project\zh-Hant\Microsoft.VisualStudio.ProjectSystem.resources.dll'.
[0b00:0004][2017-10-17T09:46:32] Processing file /zh-Hant/Microsoft.VisualStudio.ProjectSystem.VS.Implementation.resources.dll
[0b00:0004][2017-10-17T09:46:32] Started: Copying file /zh-Hant/Microsoft.VisualStudio.ProjectSystem.VS.Implementation.resources.dll to C:\Program Files (x86)\Microsoft Visual Studio\2017\Community\Common7\IDE\CommonExtensions\Microsoft\Project\zh-Hant\Microsoft.VisualStudio.ProjectSystem.VS.Implementation.resources.dll
[0b00:0004][2017-10-17T09:46:32] Completed: Copying file /zh-Hant/Microsoft.VisualStudio.ProjectSystem.VS.Implementation.resources.dll to C:\Program Files (x86)\Microsoft Visual Studio\2017\Community\Common7\IDE\CommonExtensions\Microsoft\Project\zh-Hant\Microsoft.VisualStudio.ProjectSystem.VS.Implementation.resources.dll
[0b00:0004][2017-10-17T09:46:32] Timestamp updated for file 'C:\Program Files (x86)\Microsoft Visual Studio\2017\Community\Common7\IDE\CommonExtensions\Microsoft\Project\zh-Hant\Microsoft.VisualStudio.ProjectSystem.VS.Implementation.resources.dll'.
[0b00:0004][2017-10-17T09:46:32] Package executed successfully. Return code: 0
