[0b00:0004][2017-10-17T09:45:48] Opening the package for processing
[0b00:0004][2017-10-17T09:45:48] Using package payload to get the embedded manifest
[0b00:0004][2017-10-17T09:45:48] Getting list of files within the package
[0b00:0004][2017-10-17T09:45:48] Processing file /Contents/Common7/IDE/CodeMarkersEtw.man
[0b00:0004][2017-10-17T09:45:48] Started: Copying file /Contents/Common7/IDE/CodeMarkersEtw.man to C:\Program Files (x86)\Microsoft Visual Studio\2017\Community\Common7\IDE\CodeMarkersEtw.man
[0b00:0004][2017-10-17T09:45:48] Completed: Copying file /Contents/Common7/IDE/CodeMarkersEtw.man to C:\Program Files (x86)\Microsoft Visual Studio\2017\Community\Common7\IDE\CodeMarkersEtw.man
[0b00:0004][2017-10-17T09:45:48] Timestamp updated for file 'C:\Program Files (x86)\Microsoft Visual Studio\2017\Community\Common7\IDE\CodeMarkersEtw.man'.
[0b00:0004][2017-10-17T09:45:48] Processing file /Contents/Common7/IDE/CodeMarkersEtwRc.dll
[0b00:0004][2017-10-17T09:45:48] Started: Copying file /Contents/Common7/IDE/CodeMarkersEtwRc.dll to C:\Program Files (x86)\Microsoft Visual Studio\2017\Community\Common7\IDE\CodeMarkersEtwRc.dll
[0b00:0004][2017-10-17T09:45:48] Completed: Copying file /Contents/Common7/IDE/CodeMarkersEtwRc.dll to C:\Program Files (x86)\Microsoft Visual Studio\2017\Community\Common7\IDE\CodeMarkersEtwRc.dll
[0b00:0004][2017-10-17T09:45:48] Timestamp updated for file 'C:\Program Files (x86)\Microsoft Visual Studio\2017\Community\Common7\IDE\CodeMarkersEtwRc.dll'.
[0b00:0004][2017-10-17T09:45:48] Processing file /Contents/Common7/IDE/CommonExtensions/Microsoft/VSLog/Microsoft.VisualStudio.PerfWatson.Provider.pkgdef
[0b00:0004][2017-10-17T09:45:48] Started: Copying file /Contents/Common7/IDE/CommonExtensions/Microsoft/VSLog/Microsoft.VisualStudio.PerfWatson.Provider.pkgdef to C:\Program Files (x86)\Microsoft Visual Studio\2017\Community\Common7\IDE\CommonExtensions\Microsoft\VSLog\Microsoft.VisualStudio.PerfWatson.Provider.pkgdef
[0b00:0004][2017-10-17T09:45:48] Completed: Copying file /Contents/Common7/IDE/CommonExtensions/Microsoft/VSLog/Microsoft.VisualStudio.PerfWatson.Provider.pkgdef to C:\Program Files (x86)\Microsoft Visual Studio\2017\Community\Common7\IDE\CommonExtensions\Microsoft\VSLog\Microsoft.VisualStudio.PerfWatson.Provider.pkgdef
[0b00:0004][2017-10-17T09:45:48] Timestamp updated for file 'C:\Program Files (x86)\Microsoft Visual Studio\2017\Community\Common7\IDE\CommonExtensions\Microsoft\VSLog\Microsoft.VisualStudio.PerfWatson.Provider.pkgdef'.
[0b00:0004][2017-10-17T09:45:48] Processing file /Contents/Common7/IDE/CommonExtensions/Microsoft/VSLog/VSLog.pkgdef
[0b00:0004][2017-10-17T09:45:48] Started: Copying file /Contents/Common7/IDE/CommonExtensions/Microsoft/VSLog/VSLog.pkgdef to C:\Program Files (x86)\Microsoft Visual Studio\2017\Community\Common7\IDE\CommonExtensions\Microsoft\VSLog\VSLog.pkgdef
[0b00:0004][2017-10-17T09:45:48] Completed: Copying file /Contents/Common7/IDE/CommonExtensions/Microsoft/VSLog/VSLog.pkgdef to C:\Program Files (x86)\Microsoft Visual Studio\2017\Community\Common7\IDE\CommonExtensions\Microsoft\VSLog\VSLog.pkgdef
[0b00:0004][2017-10-17T09:45:48] Timestamp updated for file 'C:\Program Files (x86)\Microsoft Visual Studio\2017\Community\Common7\IDE\CommonExtensions\Microsoft\VSLog\VSLog.pkgdef'.
[0b00:0004][2017-10-17T09:45:48] Processing file /Contents/Common7/IDE/Microsoft.VisualStudio.CodeMarkers.dll
[0b00:0004][2017-10-17T09:45:48] Started: Copying file /Contents/Common7/IDE/Microsoft.VisualStudio.CodeMarkers.dll to C:\Program Files (x86)\Microsoft Visual Studio\2017\Community\Common7\IDE\Microsoft.VisualStudio.CodeMarkers.dll
[0b00:0004][2017-10-17T09:45:48] Completed: Copying file /Contents/Common7/IDE/Microsoft.VisualStudio.CodeMarkers.dll to C:\Program Files (x86)\Microsoft Visual Studio\2017\Community\Common7\IDE\Microsoft.VisualStudio.CodeMarkers.dll
[0b00:0004][2017-10-17T09:45:48] Timestamp updated for file 'C:\Program Files (x86)\Microsoft Visual Studio\2017\Community\Common7\IDE\Microsoft.VisualStudio.CodeMarkers.dll'.
[0b00:0004][2017-10-17T09:45:48] Processing file /Contents/Common7/IDE/Microsoft.VisualStudio.PerfWatson.dll
[0b00:0004][2017-10-17T09:45:48] Started: Copying file /Contents/Common7/IDE/Microsoft.VisualStudio.PerfWatson.dll to C:\Program Files (x86)\Microsoft Visual Studio\2017\Community\Common7\IDE\Microsoft.VisualStudio.PerfWatson.dll
[0b00:0004][2017-10-17T09:45:48] Completed: Copying file /Contents/Common7/IDE/Microsoft.VisualStudio.PerfWatson.dll to C:\Program Files (x86)\Microsoft Visual Studio\2017\Community\Common7\IDE\Microsoft.VisualStudio.PerfWatson.dll
[0b00:0004][2017-10-17T09:45:48] Timestamp updated for file 'C:\Program Files (x86)\Microsoft Visual Studio\2017\Community\Common7\IDE\Microsoft.VisualStudio.PerfWatson.dll'.
[0b00:0004][2017-10-17T09:45:48] Processing file /Contents/Common7/IDE/MinimalResponsivenessTrackingManifest.xml
[0b00:0004][2017-10-17T09:45:48] Started: Copying file /Contents/Common7/IDE/MinimalResponsivenessTrackingManifest.xml to C:\Program Files (x86)\Microsoft Visual Studio\2017\Community\Common7\IDE\MinimalResponsivenessTrackingManifest.xml
[0b00:0004][2017-10-17T09:45:48] Completed: Copying file /Contents/Common7/IDE/MinimalResponsivenessTrackingManifest.xml to C:\Program Files (x86)\Microsoft Visual Studio\2017\Community\Common7\IDE\MinimalResponsivenessTrackingManifest.xml
[0b00:0004][2017-10-17T09:45:48] Timestamp updated for file 'C:\Program Files (x86)\Microsoft Visual Studio\2017\Community\Common7\IDE\MinimalResponsivenessTrackingManifest.xml'.
[0b00:0004][2017-10-17T09:45:48] Processing file /Contents/Common7/IDE/msdia120.dll
[0b00:0004][2017-10-17T09:45:48] Started: Copying file /Contents/Common7/IDE/msdia120.dll to C:\Program Files (x86)\Microsoft Visual Studio\2017\Community\Common7\IDE\msdia120.dll
[0b00:0004][2017-10-17T09:45:48] Completed: Copying file /Contents/Common7/IDE/msdia120.dll to C:\Program Files (x86)\Microsoft Visual Studio\2017\Community\Common7\IDE\msdia120.dll
[0b00:0004][2017-10-17T09:45:48] Timestamp updated for file 'C:\Program Files (x86)\Microsoft Visual Studio\2017\Community\Common7\IDE\msdia120.dll'.
[0b00:0004][2017-10-17T09:45:48] Processing file /Contents/Common7/IDE/msdia140.dll
[0b00:0004][2017-10-17T09:45:48] Started: Copying file /Contents/Common7/IDE/msdia140.dll to C:\Program Files (x86)\Microsoft Visual Studio\2017\Community\Common7\IDE\msdia140.dll
[0b00:0004][2017-10-17T09:45:48] Completed: Copying file /Contents/Common7/IDE/msdia140.dll to C:\Program Files (x86)\Microsoft Visual Studio\2017\Community\Common7\IDE\msdia140.dll
[0b00:0004][2017-10-17T09:45:48] Timestamp updated for file 'C:\Program Files (x86)\Microsoft Visual Studio\2017\Community\Common7\IDE\msdia140.dll'.
[0b00:0004][2017-10-17T09:45:48] Processing file /Contents/Common7/IDE/PerfWatson2.exe
[0b00:0004][2017-10-17T09:45:48] Started: Copying file /Contents/Common7/IDE/PerfWatson2.exe to C:\Program Files (x86)\Microsoft Visual Studio\2017\Community\Common7\IDE\PerfWatson2.exe
[0b00:0004][2017-10-17T09:45:48] Completed: Copying file /Contents/Common7/IDE/PerfWatson2.exe to C:\Program Files (x86)\Microsoft Visual Studio\2017\Community\Common7\IDE\PerfWatson2.exe
[0b00:0004][2017-10-17T09:45:48] Timestamp updated for file 'C:\Program Files (x86)\Microsoft Visual Studio\2017\Community\Common7\IDE\PerfWatson2.exe'.
[0b00:0004][2017-10-17T09:45:48] Processing file /Contents/Common7/IDE/PerfWatson2.exe.config
[0b00:0004][2017-10-17T09:45:48] Started: Copying file /Contents/Common7/IDE/PerfWatson2.exe.config to C:\Program Files (x86)\Microsoft Visual Studio\2017\Community\Common7\IDE\PerfWatson2.exe.config
[0b00:0004][2017-10-17T09:45:48] Completed: Copying file /Contents/Common7/IDE/PerfWatson2.exe.config to C:\Program Files (x86)\Microsoft Visual Studio\2017\Community\Common7\IDE\PerfWatson2.exe.config
[0b00:0004][2017-10-17T09:45:48] Timestamp updated for file 'C:\Program Files (x86)\Microsoft Visual Studio\2017\Community\Common7\IDE\PerfWatson2.exe.config'.
[0b00:0004][2017-10-17T09:45:48] Processing file /Contents/Common7/IDE/PrivateAssemblies/Microsoft.VisualStudio.PerfWatson.Provider.dll
[0b00:0004][2017-10-17T09:45:48] Started: Copying file /Contents/Common7/IDE/PrivateAssemblies/Microsoft.VisualStudio.PerfWatson.Provider.dll to C:\Program Files (x86)\Microsoft Visual Studio\2017\Community\Common7\IDE\PrivateAssemblies\Microsoft.VisualStudio.PerfWatson.Provider.dll
[0b00:0004][2017-10-17T09:45:48] Completed: Copying file /Contents/Common7/IDE/PrivateAssemblies/Microsoft.VisualStudio.PerfWatson.Provider.dll to C:\Program Files (x86)\Microsoft Visual Studio\2017\Community\Common7\IDE\PrivateAssemblies\Microsoft.VisualStudio.PerfWatson.Provider.dll
[0b00:0004][2017-10-17T09:45:48] Timestamp updated for file 'C:\Program Files (x86)\Microsoft Visual Studio\2017\Community\Common7\IDE\PrivateAssemblies\Microsoft.VisualStudio.PerfWatson.Provider.dll'.
[0b00:0004][2017-10-17T09:45:48] Processing file /Contents/Common7/IDE/ResponsivenessTrackingManifest.xml
[0b00:0004][2017-10-17T09:45:48] Started: Copying file /Contents/Common7/IDE/ResponsivenessTrackingManifest.xml to C:\Program Files (x86)\Microsoft Visual Studio\2017\Community\Common7\IDE\ResponsivenessTrackingManifest.xml
[0b00:0004][2017-10-17T09:45:48] Completed: Copying file /Contents/Common7/IDE/ResponsivenessTrackingManifest.xml to C:\Program Files (x86)\Microsoft Visual Studio\2017\Community\Common7\IDE\ResponsivenessTrackingManifest.xml
[0b00:0004][2017-10-17T09:45:48] Timestamp updated for file 'C:\Program Files (x86)\Microsoft Visual Studio\2017\Community\Common7\IDE\ResponsivenessTrackingManifest.xml'.
[0b00:0004][2017-10-17T09:45:48] Processing file /Contents/Common7/IDE/vslog.dll
[0b00:0004][2017-10-17T09:45:48] Started: Copying file /Contents/Common7/IDE/vslog.dll to C:\Program Files (x86)\Microsoft Visual Studio\2017\Community\Common7\IDE\vslog.dll
[0b00:0004][2017-10-17T09:45:48] Completed: Copying file /Contents/Common7/IDE/vslog.dll to C:\Program Files (x86)\Microsoft Visual Studio\2017\Community\Common7\IDE\vslog.dll
[0b00:0004][2017-10-17T09:45:48] Timestamp updated for file 'C:\Program Files (x86)\Microsoft Visual Studio\2017\Community\Common7\IDE\vslog.dll'.
[0b00:0004][2017-10-17T09:45:48] Package executed successfully. Return code: 0
