[0b00:0004][2017-10-17T09:47:54] Opening the package for processing
[0b00:0004][2017-10-17T09:47:54] Using package payload to get the embedded manifest
[0b00:0004][2017-10-17T09:47:54] Getting list of files within the package
[0b00:0004][2017-10-17T09:47:54] Processing file /Contents/Common7/IDE/Extensions/DSLTextTemplatingRegistry_x86.pkgdef
[0b00:0004][2017-10-17T09:47:54] Started: Copying file /Contents/Common7/IDE/Extensions/DSLTextTemplatingRegistry_x86.pkgdef to C:\Program Files (x86)\Microsoft Visual Studio\2017\Community\Common7\IDE\Extensions\DSLTextTemplatingRegistry_x86.pkgdef
[0b00:0004][2017-10-17T09:47:54] Completed: Copying file /Contents/Common7/IDE/Extensions/DSLTextTemplatingRegistry_x86.pkgdef to C:\Program Files (x86)\Microsoft Visual Studio\2017\Community\Common7\IDE\Extensions\DSLTextTemplatingRegistry_x86.pkgdef
[0b00:0004][2017-10-17T09:47:54] Timestamp updated for file 'C:\Program Files (x86)\Microsoft Visual Studio\2017\Community\Common7\IDE\Extensions\DSLTextTemplatingRegistry_x86.pkgdef'.
[0b00:0004][2017-10-17T09:47:54] Processing file /Contents/Common7/IDE/Extensions/DSLTextTemplating_FileAssoc_Sxs.pkgdef
[0b00:0004][2017-10-17T09:47:54] Started: Copying file /Contents/Common7/IDE/Extensions/DSLTextTemplating_FileAssoc_Sxs.pkgdef to C:\Program Files (x86)\Microsoft Visual Studio\2017\Community\Common7\IDE\Extensions\DSLTextTemplating_FileAssoc_Sxs.pkgdef
[0b00:0004][2017-10-17T09:47:54] Completed: Copying file /Contents/Common7/IDE/Extensions/DSLTextTemplating_FileAssoc_Sxs.pkgdef to C:\Program Files (x86)\Microsoft Visual Studio\2017\Community\Common7\IDE\Extensions\DSLTextTemplating_FileAssoc_Sxs.pkgdef
[0b00:0004][2017-10-17T09:47:54] Timestamp updated for file 'C:\Program Files (x86)\Microsoft Visual Studio\2017\Community\Common7\IDE\Extensions\DSLTextTemplating_FileAssoc_Sxs.pkgdef'.
[0b00:0004][2017-10-17T09:47:54] Processing file /Contents/Common7/IDE/ItemTemplates/CSharp/General/1033/PreTextTemplate/PreProspective.CSharp.tt
[0b00:0004][2017-10-17T09:47:54] Started: Copying file /Contents/Common7/IDE/ItemTemplates/CSharp/General/1033/PreTextTemplate/PreProspective.CSharp.tt to C:\Program Files (x86)\Microsoft Visual Studio\2017\Community\Common7\IDE\ItemTemplates\CSharp\General\1033\PreTextTemplate\PreProspective.CSharp.tt
[0b00:0004][2017-10-17T09:47:54] Completed: Copying file /Contents/Common7/IDE/ItemTemplates/CSharp/General/1033/PreTextTemplate/PreProspective.CSharp.tt to C:\Program Files (x86)\Microsoft Visual Studio\2017\Community\Common7\IDE\ItemTemplates\CSharp\General\1033\PreTextTemplate\PreProspective.CSharp.tt
[0b00:0004][2017-10-17T09:47:54] Timestamp updated for file 'C:\Program Files (x86)\Microsoft Visual Studio\2017\Community\Common7\IDE\ItemTemplates\CSharp\General\1033\PreTextTemplate\PreProspective.CSharp.tt'.
[0b00:0004][2017-10-17T09:47:54] Processing file /Contents/Common7/IDE/ItemTemplates/CSharp/General/1033/PreTextTemplate/PreTextTemplate.CSharp.vstemplate
[0b00:0004][2017-10-17T09:47:54] Started: Copying file /Contents/Common7/IDE/ItemTemplates/CSharp/General/1033/PreTextTemplate/PreTextTemplate.CSharp.vstemplate to C:\Program Files (x86)\Microsoft Visual Studio\2017\Community\Common7\IDE\ItemTemplates\CSharp\General\1033\PreTextTemplate\PreTextTemplate.CSharp.vstemplate
[0b00:0004][2017-10-17T09:47:54] Completed: Copying file /Contents/Common7/IDE/ItemTemplates/CSharp/General/1033/PreTextTemplate/PreTextTemplate.CSharp.vstemplate to C:\Program Files (x86)\Microsoft Visual Studio\2017\Community\Common7\IDE\ItemTemplates\CSharp\General\1033\PreTextTemplate\PreTextTemplate.CSharp.vstemplate
[0b00:0004][2017-10-17T09:47:54] Timestamp updated for file 'C:\Program Files (x86)\Microsoft Visual Studio\2017\Community\Common7\IDE\ItemTemplates\CSharp\General\1033\PreTextTemplate\PreTextTemplate.CSharp.vstemplate'.
[0b00:0004][2017-10-17T09:47:54] Processing file /Contents/Common7/IDE/ItemTemplates/CSharp/General/1033/TextTemplate/Prospective.CSharp.tt
[0b00:0004][2017-10-17T09:47:54] Started: Copying file /Contents/Common7/IDE/ItemTemplates/CSharp/General/1033/TextTemplate/Prospective.CSharp.tt to C:\Program Files (x86)\Microsoft Visual Studio\2017\Community\Common7\IDE\ItemTemplates\CSharp\General\1033\TextTemplate\Prospective.CSharp.tt
[0b00:0004][2017-10-17T09:47:54] Completed: Copying file /Contents/Common7/IDE/ItemTemplates/CSharp/General/1033/TextTemplate/Prospective.CSharp.tt to C:\Program Files (x86)\Microsoft Visual Studio\2017\Community\Common7\IDE\ItemTemplates\CSharp\General\1033\TextTemplate\Prospective.CSharp.tt
[0b00:0004][2017-10-17T09:47:54] Timestamp updated for file 'C:\Program Files (x86)\Microsoft Visual Studio\2017\Community\Common7\IDE\ItemTemplates\CSharp\General\1033\TextTemplate\Prospective.CSharp.tt'.
[0b00:0004][2017-10-17T09:47:54] Processing file /Contents/Common7/IDE/ItemTemplates/CSharp/General/1033/TextTemplate/TextTemplate.CSharp.vstemplate
[0b00:0004][2017-10-17T09:47:54] Started: Copying file /Contents/Common7/IDE/ItemTemplates/CSharp/General/1033/TextTemplate/TextTemplate.CSharp.vstemplate to C:\Program Files (x86)\Microsoft Visual Studio\2017\Community\Common7\IDE\ItemTemplates\CSharp\General\1033\TextTemplate\TextTemplate.CSharp.vstemplate
[0b00:0004][2017-10-17T09:47:54] Completed: Copying file /Contents/Common7/IDE/ItemTemplates/CSharp/General/1033/TextTemplate/TextTemplate.CSharp.vstemplate to C:\Program Files (x86)\Microsoft Visual Studio\2017\Community\Common7\IDE\ItemTemplates\CSharp\General\1033\TextTemplate\TextTemplate.CSharp.vstemplate
[0b00:0004][2017-10-17T09:47:54] Timestamp updated for file 'C:\Program Files (x86)\Microsoft Visual Studio\2017\Community\Common7\IDE\ItemTemplates\CSharp\General\1033\TextTemplate\TextTemplate.CSharp.vstemplate'.
[0b00:0004][2017-10-17T09:47:54] Processing file /contents/Common7/IDE/ItemTemplates/Microsoft.VisualStudio.TextTemplating.Integration.Item..vstman
[0b00:0004][2017-10-17T09:47:54] Started: Copying file /contents/Common7/IDE/ItemTemplates/Microsoft.VisualStudio.TextTemplating.Integration.Item..vstman to C:\Program Files (x86)\Microsoft Visual Studio\2017\Community\Common7\IDE\ItemTemplates\Microsoft.VisualStudio.TextTemplating.Integration.Item..vstman
[0b00:0004][2017-10-17T09:47:54] Completed: Copying file /contents/Common7/IDE/ItemTemplates/Microsoft.VisualStudio.TextTemplating.Integration.Item..vstman to C:\Program Files (x86)\Microsoft Visual Studio\2017\Community\Common7\IDE\ItemTemplates\Microsoft.VisualStudio.TextTemplating.Integration.Item..vstman
[0b00:0004][2017-10-17T09:47:54] Timestamp updated for file 'C:\Program Files (x86)\Microsoft Visual Studio\2017\Community\Common7\IDE\ItemTemplates\Microsoft.VisualStudio.TextTemplating.Integration.Item..vstman'.
[0b00:0004][2017-10-17T09:47:54] Processing file /Contents/Common7/IDE/ItemTemplates/VisualBasic/General/1033/PreTextTemplate/PreProspective.VisualBasic.tt
[0b00:0004][2017-10-17T09:47:54] Started: Copying file /Contents/Common7/IDE/ItemTemplates/VisualBasic/General/1033/PreTextTemplate/PreProspective.VisualBasic.tt to C:\Program Files (x86)\Microsoft Visual Studio\2017\Community\Common7\IDE\ItemTemplates\VisualBasic\General\1033\PreTextTemplate\PreProspective.VisualBasic.tt
[0b00:0004][2017-10-17T09:47:54] Completed: Copying file /Contents/Common7/IDE/ItemTemplates/VisualBasic/General/1033/PreTextTemplate/PreProspective.VisualBasic.tt to C:\Program Files (x86)\Microsoft Visual Studio\2017\Community\Common7\IDE\ItemTemplates\VisualBasic\General\1033\PreTextTemplate\PreProspective.VisualBasic.tt
[0b00:0004][2017-10-17T09:47:54] Timestamp updated for file 'C:\Program Files (x86)\Microsoft Visual Studio\2017\Community\Common7\IDE\ItemTemplates\VisualBasic\General\1033\PreTextTemplate\PreProspective.VisualBasic.tt'.
[0b00:0004][2017-10-17T09:47:54] Processing file /Contents/Common7/IDE/ItemTemplates/VisualBasic/General/1033/PreTextTemplate/PreTextTemplate.VisualBasic.vstemplate
[0b00:0004][2017-10-17T09:47:54] Started: Copying file /Contents/Common7/IDE/ItemTemplates/VisualBasic/General/1033/PreTextTemplate/PreTextTemplate.VisualBasic.vstemplate to C:\Program Files (x86)\Microsoft Visual Studio\2017\Community\Common7\IDE\ItemTemplates\VisualBasic\General\1033\PreTextTemplate\PreTextTemplate.VisualBasic.vstemplate
[0b00:0004][2017-10-17T09:47:54] Completed: Copying file /Contents/Common7/IDE/ItemTemplates/VisualBasic/General/1033/PreTextTemplate/PreTextTemplate.VisualBasic.vstemplate to C:\Program Files (x86)\Microsoft Visual Studio\2017\Community\Common7\IDE\ItemTemplates\VisualBasic\General\1033\PreTextTemplate\PreTextTemplate.VisualBasic.vstemplate
[0b00:0004][2017-10-17T09:47:54] Timestamp updated for file 'C:\Program Files (x86)\Microsoft Visual Studio\2017\Community\Common7\IDE\ItemTemplates\VisualBasic\General\1033\PreTextTemplate\PreTextTemplate.VisualBasic.vstemplate'.
[0b00:0004][2017-10-17T09:47:54] Processing file /Contents/Common7/IDE/ItemTemplates/VisualBasic/General/1033/TextTemplate/Prospective.VisualBasic.tt
[0b00:0004][2017-10-17T09:47:54] Started: Copying file /Contents/Common7/IDE/ItemTemplates/VisualBasic/General/1033/TextTemplate/Prospective.VisualBasic.tt to C:\Program Files (x86)\Microsoft Visual Studio\2017\Community\Common7\IDE\ItemTemplates\VisualBasic\General\1033\TextTemplate\Prospective.VisualBasic.tt
[0b00:0004][2017-10-17T09:47:54] Completed: Copying file /Contents/Common7/IDE/ItemTemplates/VisualBasic/General/1033/TextTemplate/Prospective.VisualBasic.tt to C:\Program Files (x86)\Microsoft Visual Studio\2017\Community\Common7\IDE\ItemTemplates\VisualBasic\General\1033\TextTemplate\Prospective.VisualBasic.tt
[0b00:0004][2017-10-17T09:47:54] Timestamp updated for file 'C:\Program Files (x86)\Microsoft Visual Studio\2017\Community\Common7\IDE\ItemTemplates\VisualBasic\General\1033\TextTemplate\Prospective.VisualBasic.tt'.
[0b00:0004][2017-10-17T09:47:54] Processing file /Contents/Common7/IDE/ItemTemplates/VisualBasic/General/1033/TextTemplate/TextTemplate.VisualBasic.vstemplate
[0b00:0004][2017-10-17T09:47:54] Started: Copying file /Contents/Common7/IDE/ItemTemplates/VisualBasic/General/1033/TextTemplate/TextTemplate.VisualBasic.vstemplate to C:\Program Files (x86)\Microsoft Visual Studio\2017\Community\Common7\IDE\ItemTemplates\VisualBasic\General\1033\TextTemplate\TextTemplate.VisualBasic.vstemplate
[0b00:0004][2017-10-17T09:47:54] Completed: Copying file /Contents/Common7/IDE/ItemTemplates/VisualBasic/General/1033/TextTemplate/TextTemplate.VisualBasic.vstemplate to C:\Program Files (x86)\Microsoft Visual Studio\2017\Community\Common7\IDE\ItemTemplates\VisualBasic\General\1033\TextTemplate\TextTemplate.VisualBasic.vstemplate
[0b00:0004][2017-10-17T09:47:54] Timestamp updated for file 'C:\Program Files (x86)\Microsoft Visual Studio\2017\Community\Common7\IDE\ItemTemplates\VisualBasic\General\1033\TextTemplate\TextTemplate.VisualBasic.vstemplate'.
[0b00:0004][2017-10-17T09:47:54] Processing file /Contents/Common7/IDE/ItemTemplates/Web/CSharp/1033/PreTextTemplate/PreProspective.WebCSharp.tt
[0b00:0004][2017-10-17T09:47:54] Started: Copying file /Contents/Common7/IDE/ItemTemplates/Web/CSharp/1033/PreTextTemplate/PreProspective.WebCSharp.tt to C:\Program Files (x86)\Microsoft Visual Studio\2017\Community\Common7\IDE\ItemTemplates\Web\CSharp\1033\PreTextTemplate\PreProspective.WebCSharp.tt
[0b00:0004][2017-10-17T09:47:54] Completed: Copying file /Contents/Common7/IDE/ItemTemplates/Web/CSharp/1033/PreTextTemplate/PreProspective.WebCSharp.tt to C:\Program Files (x86)\Microsoft Visual Studio\2017\Community\Common7\IDE\ItemTemplates\Web\CSharp\1033\PreTextTemplate\PreProspective.WebCSharp.tt
[0b00:0004][2017-10-17T09:47:54] Timestamp updated for file 'C:\Program Files (x86)\Microsoft Visual Studio\2017\Community\Common7\IDE\ItemTemplates\Web\CSharp\1033\PreTextTemplate\PreProspective.WebCSharp.tt'.
[0b00:0004][2017-10-17T09:47:54] Processing file /Contents/Common7/IDE/ItemTemplates/Web/CSharp/1033/PreTextTemplate/PreTextTemplate.WebCSharp.vstemplate
[0b00:0004][2017-10-17T09:47:54] Started: Copying file /Contents/Common7/IDE/ItemTemplates/Web/CSharp/1033/PreTextTemplate/PreTextTemplate.WebCSharp.vstemplate to C:\Program Files (x86)\Microsoft Visual Studio\2017\Community\Common7\IDE\ItemTemplates\Web\CSharp\1033\PreTextTemplate\PreTextTemplate.WebCSharp.vstemplate
[0b00:0004][2017-10-17T09:47:54] Completed: Copying file /Contents/Common7/IDE/ItemTemplates/Web/CSharp/1033/PreTextTemplate/PreTextTemplate.WebCSharp.vstemplate to C:\Program Files (x86)\Microsoft Visual Studio\2017\Community\Common7\IDE\ItemTemplates\Web\CSharp\1033\PreTextTemplate\PreTextTemplate.WebCSharp.vstemplate
[0b00:0004][2017-10-17T09:47:54] Timestamp updated for file 'C:\Program Files (x86)\Microsoft Visual Studio\2017\Community\Common7\IDE\ItemTemplates\Web\CSharp\1033\PreTextTemplate\PreTextTemplate.WebCSharp.vstemplate'.
[0b00:0004][2017-10-17T09:47:54] Processing file /Contents/Common7/IDE/ItemTemplates/Web/CSharp/1033/TextTemplate/Prospective.WebCSharp.tt
[0b00:0004][2017-10-17T09:47:54] Started: Copying file /Contents/Common7/IDE/ItemTemplates/Web/CSharp/1033/TextTemplate/Prospective.WebCSharp.tt to C:\Program Files (x86)\Microsoft Visual Studio\2017\Community\Common7\IDE\ItemTemplates\Web\CSharp\1033\TextTemplate\Prospective.WebCSharp.tt
[0b00:0004][2017-10-17T09:47:54] Completed: Copying file /Contents/Common7/IDE/ItemTemplates/Web/CSharp/1033/TextTemplate/Prospective.WebCSharp.tt to C:\Program Files (x86)\Microsoft Visual Studio\2017\Community\Common7\IDE\ItemTemplates\Web\CSharp\1033\TextTemplate\Prospective.WebCSharp.tt
[0b00:0004][2017-10-17T09:47:54] Timestamp updated for file 'C:\Program Files (x86)\Microsoft Visual Studio\2017\Community\Common7\IDE\ItemTemplates\Web\CSharp\1033\TextTemplate\Prospective.WebCSharp.tt'.
[0b00:0004][2017-10-17T09:47:54] Processing file /Contents/Common7/IDE/ItemTemplates/Web/CSharp/1033/TextTemplate/TextTemplate.WebCSharp.vstemplate
[0b00:0004][2017-10-17T09:47:54] Started: Copying file /Contents/Common7/IDE/ItemTemplates/Web/CSharp/1033/TextTemplate/TextTemplate.WebCSharp.vstemplate to C:\Program Files (x86)\Microsoft Visual Studio\2017\Community\Common7\IDE\ItemTemplates\Web\CSharp\1033\TextTemplate\TextTemplate.WebCSharp.vstemplate
[0b00:0004][2017-10-17T09:47:54] Completed: Copying file /Contents/Common7/IDE/ItemTemplates/Web/CSharp/1033/TextTemplate/TextTemplate.WebCSharp.vstemplate to C:\Program Files (x86)\Microsoft Visual Studio\2017\Community\Common7\IDE\ItemTemplates\Web\CSharp\1033\TextTemplate\TextTemplate.WebCSharp.vstemplate
[0b00:0004][2017-10-17T09:47:54] Timestamp updated for file 'C:\Program Files (x86)\Microsoft Visual Studio\2017\Community\Common7\IDE\ItemTemplates\Web\CSharp\1033\TextTemplate\TextTemplate.WebCSharp.vstemplate'.
[0b00:0004][2017-10-17T09:47:54] Processing file /Contents/Common7/IDE/ItemTemplates/Web/VisualBasic/1033/PreTextTemplate/PreProspective.WebVisualBasic.tt
[0b00:0004][2017-10-17T09:47:54] Started: Copying file /Contents/Common7/IDE/ItemTemplates/Web/VisualBasic/1033/PreTextTemplate/PreProspective.WebVisualBasic.tt to C:\Program Files (x86)\Microsoft Visual Studio\2017\Community\Common7\IDE\ItemTemplates\Web\VisualBasic\1033\PreTextTemplate\PreProspective.WebVisualBasic.tt
[0b00:0004][2017-10-17T09:47:54] Completed: Copying file /Contents/Common7/IDE/ItemTemplates/Web/VisualBasic/1033/PreTextTemplate/PreProspective.WebVisualBasic.tt to C:\Program Files (x86)\Microsoft Visual Studio\2017\Community\Common7\IDE\ItemTemplates\Web\VisualBasic\1033\PreTextTemplate\PreProspective.WebVisualBasic.tt
[0b00:0004][2017-10-17T09:47:54] Timestamp updated for file 'C:\Program Files (x86)\Microsoft Visual Studio\2017\Community\Common7\IDE\ItemTemplates\Web\VisualBasic\1033\PreTextTemplate\PreProspective.WebVisualBasic.tt'.
[0b00:0004][2017-10-17T09:47:54] Processing file /Contents/Common7/IDE/ItemTemplates/Web/VisualBasic/1033/PreTextTemplate/PreTextTemplate.WebVisualBasic.vstemplate
[0b00:0004][2017-10-17T09:47:54] Started: Copying file /Contents/Common7/IDE/ItemTemplates/Web/VisualBasic/1033/PreTextTemplate/PreTextTemplate.WebVisualBasic.vstemplate to C:\Program Files (x86)\Microsoft Visual Studio\2017\Community\Common7\IDE\ItemTemplates\Web\VisualBasic\1033\PreTextTemplate\PreTextTemplate.WebVisualBasic.vstemplate
[0b00:0004][2017-10-17T09:47:54] Completed: Copying file /Contents/Common7/IDE/ItemTemplates/Web/VisualBasic/1033/PreTextTemplate/PreTextTemplate.WebVisualBasic.vstemplate to C:\Program Files (x86)\Microsoft Visual Studio\2017\Community\Common7\IDE\ItemTemplates\Web\VisualBasic\1033\PreTextTemplate\PreTextTemplate.WebVisualBasic.vstemplate
[0b00:0004][2017-10-17T09:47:54] Timestamp updated for file 'C:\Program Files (x86)\Microsoft Visual Studio\2017\Community\Common7\IDE\ItemTemplates\Web\VisualBasic\1033\PreTextTemplate\PreTextTemplate.WebVisualBasic.vstemplate'.
[0b00:0004][2017-10-17T09:47:54] Processing file /Contents/Common7/IDE/ItemTemplates/Web/VisualBasic/1033/TextTemplate/Prospective.WebVisualBasic.tt
[0b00:0004][2017-10-17T09:47:54] Started: Copying file /Contents/Common7/IDE/ItemTemplates/Web/VisualBasic/1033/TextTemplate/Prospective.WebVisualBasic.tt to C:\Program Files (x86)\Microsoft Visual Studio\2017\Community\Common7\IDE\ItemTemplates\Web\VisualBasic\1033\TextTemplate\Prospective.WebVisualBasic.tt
[0b00:0004][2017-10-17T09:47:54] Completed: Copying file /Contents/Common7/IDE/ItemTemplates/Web/VisualBasic/1033/TextTemplate/Prospective.WebVisualBasic.tt to C:\Program Files (x86)\Microsoft Visual Studio\2017\Community\Common7\IDE\ItemTemplates\Web\VisualBasic\1033\TextTemplate\Prospective.WebVisualBasic.tt
[0b00:0004][2017-10-17T09:47:54] Timestamp updated for file 'C:\Program Files (x86)\Microsoft Visual Studio\2017\Community\Common7\IDE\ItemTemplates\Web\VisualBasic\1033\TextTemplate\Prospective.WebVisualBasic.tt'.
[0b00:0004][2017-10-17T09:47:54] Processing file /Contents/Common7/IDE/ItemTemplates/Web/VisualBasic/1033/TextTemplate/TextTemplate.WebVisualBasic.vstemplate
[0b00:0004][2017-10-17T09:47:54] Started: Copying file /Contents/Common7/IDE/ItemTemplates/Web/VisualBasic/1033/TextTemplate/TextTemplate.WebVisualBasic.vstemplate to C:\Program Files (x86)\Microsoft Visual Studio\2017\Community\Common7\IDE\ItemTemplates\Web\VisualBasic\1033\TextTemplate\TextTemplate.WebVisualBasic.vstemplate
[0b00:0004][2017-10-17T09:47:54] Completed: Copying file /Contents/Common7/IDE/ItemTemplates/Web/VisualBasic/1033/TextTemplate/TextTemplate.WebVisualBasic.vstemplate to C:\Program Files (x86)\Microsoft Visual Studio\2017\Community\Common7\IDE\ItemTemplates\Web\VisualBasic\1033\TextTemplate\TextTemplate.WebVisualBasic.vstemplate
[0b00:0004][2017-10-17T09:47:54] Timestamp updated for file 'C:\Program Files (x86)\Microsoft Visual Studio\2017\Community\Common7\IDE\ItemTemplates\Web\VisualBasic\1033\TextTemplate\TextTemplate.WebVisualBasic.vstemplate'.
[0b00:0004][2017-10-17T09:47:54] Processing file /Contents/Common7/IDE/PublicAssemblies/Microsoft.VisualStudio.TextTemplating.VSHost.15.0.dll
[0b00:0004][2017-10-17T09:47:54] Started: Copying file /Contents/Common7/IDE/PublicAssemblies/Microsoft.VisualStudio.TextTemplating.VSHost.15.0.dll to C:\Program Files (x86)\Microsoft Visual Studio\2017\Community\Common7\IDE\PublicAssemblies\Microsoft.VisualStudio.TextTemplating.VSHost.15.0.dll
[0b00:0004][2017-10-17T09:47:54] Completed: Copying file /Contents/Common7/IDE/PublicAssemblies/Microsoft.VisualStudio.TextTemplating.VSHost.15.0.dll to C:\Program Files (x86)\Microsoft Visual Studio\2017\Community\Common7\IDE\PublicAssemblies\Microsoft.VisualStudio.TextTemplating.VSHost.15.0.dll
[0b00:0004][2017-10-17T09:47:54] Timestamp updated for file 'C:\Program Files (x86)\Microsoft Visual Studio\2017\Community\Common7\IDE\PublicAssemblies\Microsoft.VisualStudio.TextTemplating.VSHost.15.0.dll'.
[0b00:0004][2017-10-17T09:47:54] Queueing C:\Program Files (x86)\Microsoft Visual Studio\2017\Community\Common7\IDE\PublicAssemblies\Microsoft.VisualStudio.TextTemplating.VSHost.15.0.dll for X86 ngen
[0b00:0004][2017-10-17T09:47:54] Successfully queued file '/Contents/Common7/IDE/PublicAssemblies/Microsoft.VisualStudio.TextTemplating.VSHost.15.0.dll' for ngen
[0b00:0004][2017-10-17T09:47:54] Processing file /Contents/Common7/IDE/T4VSHostProcess.exe
[0b00:0004][2017-10-17T09:47:54] Started: Copying file /Contents/Common7/IDE/T4VSHostProcess.exe to C:\Program Files (x86)\Microsoft Visual Studio\2017\Community\Common7\IDE\T4VSHostProcess.exe
[0b00:0004][2017-10-17T09:47:54] Completed: Copying file /Contents/Common7/IDE/T4VSHostProcess.exe to C:\Program Files (x86)\Microsoft Visual Studio\2017\Community\Common7\IDE\T4VSHostProcess.exe
[0b00:0004][2017-10-17T09:47:54] Timestamp updated for file 'C:\Program Files (x86)\Microsoft Visual Studio\2017\Community\Common7\IDE\T4VSHostProcess.exe'.
[0b00:0004][2017-10-17T09:47:54] Processing file /Contents/Common7/IDE/T4VSHostProcess.exe.config
[0b00:0004][2017-10-17T09:47:54] Started: Copying file /Contents/Common7/IDE/T4VSHostProcess.exe.config to C:\Program Files (x86)\Microsoft Visual Studio\2017\Community\Common7\IDE\T4VSHostProcess.exe.config
[0b00:0004][2017-10-17T09:47:54] Completed: Copying file /Contents/Common7/IDE/T4VSHostProcess.exe.config to C:\Program Files (x86)\Microsoft Visual Studio\2017\Community\Common7\IDE\T4VSHostProcess.exe.config
[0b00:0004][2017-10-17T09:47:54] Timestamp updated for file 'C:\Program Files (x86)\Microsoft Visual Studio\2017\Community\Common7\IDE\T4VSHostProcess.exe.config'.
[0b00:0004][2017-10-17T09:47:54] Package executed successfully. Return code: 0
