[0b00:0004][2017-10-17T09:50:28] Setup Engine v1.12.163, Microsoft Windows NT 10.0.14393.0
[0b00:0004][2017-10-17T09:50:28] Command line: "C:\Program Files (x86)\Microsoft Visual Studio\Installer\resources\app\ServiceHub\Hosts\Microsoft.ServiceHub.Host.CLR\vs_installerservice.exe" desktopClr$C94B8CFE-E3FD-4BAF-A941-2866DBB566FE 12a6b06e931a5b144397ea227f141969
[0b00:0004][2017-10-17T09:50:28] Loading packages for instance '7a56c1b0'
[0b00:0004][2017-10-17T09:50:29] Loaded existing instance for product 'Microsoft.VisualStudio.Product.Community,version=15.4.27004.2002'
[0b00:0004][2017-10-17T09:50:30] ManifestVerifier Result: Success
[0b00:0004][2017-10-17T09:50:30] Catalog load operation correlation: {"id":"52c0102a-2e34-4179-8350-0009cbc0f952"}
[0b00:0004][2017-10-17T09:50:30] Resetting dependency graph
[0b00:0004][2017-10-17T09:50:30] Loading catalog 'VisualStudio/15.4.0+27004.2002' into engine session '7a56c1b0'.
[0b00:0004][2017-10-17T09:50:30] Adding dependency on 'Microsoft.VisualStudio.MinShell,version=[15.0,16.0)' to 'Microsoft.VisualStudio.SLNX.VSIX,version=15.0.374.51712.
[0b00:0004][2017-10-17T09:50:30] Adding dependency on 'Microsoft.VisualStudio.MinShell,version=[15.0,16.0)' to 'Microsoft.VisualStudio.TeamExplorer,version=15.0.26914.
[0b00:0004][2017-10-17T09:50:30] Adding dependency on 'Microsoft.VisualStudio.MinShell,version=[15.0,16.0)' to 'Microsoft.VisualStudio.TextMateGrammars,version=15.0.70630.1.
[0b00:0004][2017-10-17T09:50:30] Adding dependency on 'Microsoft.VisualStudio.MinShell,version=[15.0,16.0)' to 'Microsoft.VisualStudio.Editors,version=15.3.0.62113.
[0b00:0004][2017-10-17T09:50:30] Adding dependency on 'Microsoft.VisualStudio.MinShell,version=[15.0,16.0)' to 'Microsoft.VisualStudio.ProjectSystem,version=15.4.34.20435.
[0b00:0004][2017-10-17T09:50:30] Adding dependency on 'Microsoft.VisualStudio.MinShell,version=[15.0,16.0)' to 'Microsoft.CodeAnalysis.ExpressionEvaluator,version=2.4.0.6212204.
[0b00:0004][2017-10-17T09:50:30] Adding dependency on 'Microsoft.VisualStudio.MinShell,version=[15.0,16.0)' to 'Microsoft.CodeAnalysis.VisualStudio.Setup,version=2.4.0.6212204.
[0b00:0004][2017-10-17T09:50:30] Adding dependency on 'Microsoft.VisualStudio.MinShell,version=[15.0,16.0)' to 'Microsoft.CodeAnalysis.VisualStudio.Setup.Next,version=2.4.0.6212204.
[0b00:0004][2017-10-17T09:50:30] Adding dependency on 'Microsoft.VisualStudio.MinShell,version=[15.0,16.0)' to 'Microsoft.VisualStudio.Debugger.VSCodeDebuggerHost,version=15.0.10721.2.
[0b00:0004][2017-10-17T09:50:30] Adding dependency on 'Microsoft.VisualStudio.MinShell,version=[15.0,16.0)' to 'Microsoft.VisualStudio.NuGet.Core,version=15.0.40400.4475.
[0b00:0004][2017-10-17T09:50:30] Adding dependency on 'Microsoft.VisualStudio.MinShell,version=[15.0,16.0)' to 'TypeScript.LanguageService,version=15.4.10808.1.
[0b00:0004][2017-10-17T09:50:30] Adding dependency on 'Microsoft.VisualStudio.MinShell,version=[15.0,16.0)' to 'TypeScript.Build,version=15.4.10808.1.
[0b00:0004][2017-10-17T09:50:30] Adding dependency on 'Microsoft.VisualStudio.MinShell,version=[15.0,16.0)' to 'Microsoft.VisualStudio.RazorExtension,version=15.3.30918.
[0b00:0004][2017-10-17T09:50:30] Adding dependency on 'Microsoft.VisualStudio.MinShell,version=[15.0,16.0)' to 'Microsoft.CodeAnalysis.VisualStudio.InteractiveComponents,version=2.4.0.6212204.
[0b00:0004][2017-10-17T09:50:30] Adding dependency on 'Microsoft.VisualStudio.MinShell,version=[15.0,16.0)' to 'Microsoft.VisualStudio.InteractiveWindow,version=2.3.0.6180901.
[0b00:0004][2017-10-17T09:50:30] Adding dependency on 'Microsoft.VisualStudio.MinShell,version=[15.0,16.0)' to 'Microsoft.VisualStudio.ConnectedServices.Core,version=15.4.8.54793.
[0b00:0004][2017-10-17T09:50:30] Adding dependency on 'Microsoft.VisualStudio.MinShell,version=[15.0,16.0)' to 'Microsoft.VisualStudio.ConnectedServices.Azure.Authentication,version=15.4.3.52475.
[0b00:0004][2017-10-17T09:50:30] Adding dependency on 'Microsoft.VisualStudio.MinShell,version=[15.0,16.0)' to 'Microsoft.VisualStudio.ConnectedServices.Azure.MobileApps,version=15.4.3.52475.
[0b00:0004][2017-10-17T09:50:30] Adding dependency on 'Microsoft.VisualStudio.MinShell,version=[15.0,16.0)' to 'Microsoft.VisualStudio.ConnectedServices.Azure.Storage,version=15.4.3.52475.
[0b00:0004][2017-10-17T09:50:30] Adding dependency on 'Microsoft.VisualStudio.MinShell,version=[15.0,16.0)' to 'Microsoft.VisualStudio.ConnectedServices.Office365,version=15.0.30619.1070.
[0b00:0004][2017-10-17T09:50:30] Adding dependency on 'Microsoft.VisualStudio.MinShell,version=[15.0,16.0)' to 'Microsoft.VisualStudio.Templates.CS.MSTestv2.UWP.UnitTest,version=15.0.26130.0.
[0b00:0004][2017-10-17T09:50:30] Adding dependency on 'Microsoft.VisualStudio.MinShell,version=[15.0,16.0)' to 'Microsoft.VisualStudio.Templates.VB.MSTestv2.UWP.UnitTest,version=15.0.26130.0.
[0b00:0004][2017-10-17T09:50:30] Adding dependency on 'Microsoft.VisualStudio.MinShell,version=[15.0,16.0)' to 'Microsoft.VisualStudio.TestTools.TestPlatform.V2.CLI,version=15.3.0.2017062802.
[0b00:0004][2017-10-17T09:50:30] Adding dependency on 'Microsoft.VisualStudio.MinShell,version=[15.0,16.0)' to 'Microsoft.VisualStudio.ApplicationInsights,version=8.9.809.2.
[0b00:0004][2017-10-17T09:50:30] Adding dependency on 'Microsoft.VisualStudio.MinShell,version=[15.0,16.0)' to 'Microsoft.NetStandard.CSharp.ProjectTemplates,version=2.3.0.62113.
[0b00:0004][2017-10-17T09:50:30] Adding dependency on 'Microsoft.VisualStudio.MinShell,version=[15.0,16.0)' to 'Microsoft.NetStandard.VB.ProjectTemplates,version=2.3.0.62113.
[0b00:0004][2017-10-17T09:50:30] Adding dependency on 'Microsoft.VisualStudio.MinShell,version=[15.0,16.0)' to 'Microsoft.VisualStudio.ProjectSystem.Managed,version=2.3.0.62113.
[0b00:0004][2017-10-17T09:50:30] Adding dependency on 'Microsoft.VisualStudio.MinShell,version=[15.0,16.0)' to 'Microsoft.VisualStudio.TestTools.MSTestV2.WizardExtension.UnitTest,version=15.0.26130.0.
[0b00:0004][2017-10-17T09:50:30] Adding dependency on 'Microsoft.VisualStudio.MinShell,version=[15.0,16.0)' to 'Microsoft.VisualStudio.TestWindow.Dotnet,version=15.3.0.1.
[0b00:0004][2017-10-17T09:50:30] Adding dependency on 'Microsoft.VisualStudio.MinShell,version=[15.0,16.0)' to 'Microsoft.VisualStudio.Templates.CS.MSTestv2.Desktop.UnitTest,version=15.0.26130.0.
[0b00:0004][2017-10-17T09:50:30] Adding dependency on 'Microsoft.VisualStudio.MinShell,version=[15.0,16.0)' to 'Microsoft.VisualStudio.Templates.VB.MSTestv2.Desktop.UnitTest,version=15.0.26130.0.
[0b00:0004][2017-10-17T09:50:30] Adding dependency on 'Microsoft.VisualStudio.MinShell,version=[15.0,16.0)' to 'Microsoft.FSharp.VSIX.Full.Core,version=15.4.1.17081801.
[0b00:0004][2017-10-17T09:50:30] Adding dependency on 'Microsoft.VisualStudio.MinShell,version=[15.0,16.0)' to 'PreEmptive.Solutions.Dotfuscator.CE,version=5.30.0.5167.
[0b00:0004][2017-10-17T09:50:30] Adding dependency on 'Microsoft.VisualStudio.MinShell,version=[15.0,16.0)' to 'Microsoft.NetCore.CSharp.ProjectTemplates,version=2.3.0.62113.
[0b00:0004][2017-10-17T09:50:30] Adding dependency on 'Microsoft.VisualStudio.MinShell,version=[15.0,16.0)' to 'Microsoft.NetCore.CSharp.ProjectTemplates.Test,version=2.3.0.62113.
[0b00:0004][2017-10-17T09:50:30] Adding dependency on 'Microsoft.VisualStudio.MinShell,version=[15.0,16.0)' to 'Microsoft.NetCore.VB.ProjectTemplates,version=2.3.0.62113.
[0b00:0004][2017-10-17T09:50:30] Adding dependency on 'Microsoft.VisualStudio.MinShell,version=[15.0,16.0)' to 'Microsoft.NetCore.VB.ProjectTemplates.Test,version=2.3.0.62113.
[0b00:0004][2017-10-17T09:50:30] Adding dependency on 'Microsoft.VisualStudio.MinShell,version=[15.0,16.0)' to 'Microsoft.VisualStudio.Debugger.VsDbg.Integration,version=15.1.10418.1.
[0b00:0004][2017-10-17T09:50:30] Adding dependency on 'Microsoft.VisualStudio.MinShell,version=[15.0,16.0)' to 'IncredibuildMenu,version=1.5.0.1.
[0b00:0004][2017-10-17T09:50:30] Adding dependency on 'Microsoft.VisualStudio.MinShell,version=[15.0,16.0)' to 'Microsoft.VisualStudio.DevOps,version=0.3.233.38988.
[0b00:0004][2017-10-17T09:50:30] Adding dependency on 'Microsoft.VisualStudio.MinShell,version=[15.0,16.0)' to 'Microsoft.VisualStudio.Package.DockerTools,version=1.1.20170920.3.
[0b00:0004][2017-10-17T09:50:30] Adding dependency on 'Microsoft.VisualStudio.MinShell,version=[15.0,16.0)' to 'Microsoft.VisualStudio.Web.AzureFunctions,version=15.0.30915.0.
[0b00:0004][2017-10-17T09:50:30] Adding dependency on 'Microsoft.VisualStudio.MinShell,version=[15.0,16.0)' to 'Microsoft.Azure.DataLake.Tools.VisualStudio.Extension,version=2.2.9000.1.
[0b00:0004][2017-10-17T09:50:30] Adding dependency on 'Microsoft.VisualStudio.MinShell,version=[15.0,16.0)' to 'Microsoft.VisualStudio.Package.Azure.ServiceFabric.Tools,version=1.8.20170927.3.
[0b00:0004][2017-10-17T09:50:30] Adding dependency on 'Microsoft.VisualStudio.MinShell,version=[15.0,16.0)' to 'PowerShellTools.VS2017,version=3.0.552.
[0b00:0004][2017-10-17T09:50:30] Adding dependency on 'Microsoft.VisualStudio.MinShell,version=[15.0,16.0)' to 'Microsoft.PythonTools.Debugger.VCLauncher.Vsix,version=3.2.
[0b00:0004][2017-10-17T09:50:30] Adding dependency on 'Microsoft.VisualStudio.MinShell,version=[15.0,16.0)' to 'Microsoft.VisualStudio.NodejsTools.NodejsTools,version=1.4.10918.1.
[0b00:0004][2017-10-17T09:50:30] Adding dependency on 'Microsoft.VisualStudio.MinShell,version=[15.0,16.0)' to 'Microsoft.VisualStudio.NodejsTools.Targets,version=1.4.10918.1.
[0b00:0004][2017-10-17T09:50:30] Adding dependency on 'Microsoft.VisualStudio.MinShell,version=[15.0,16.0)' to 'Microsoft.VisualStudio.NodejsTools.TestAdapter,version=1.4.10918.1.
[0b00:0004][2017-10-17T09:50:30] Adding dependency on 'Microsoft.VisualStudio.MinShell,version=[15.0,16.0)' to 'Redgate.SQLSearch.VSExtension,version=2.4.2.1439.
[0b00:0004][2017-10-17T09:50:30] Adding dependency on 'Microsoft.VisualStudio.MinShell,version=[15.0,16.0)' to 'Microsoft.VisualStudio.Xamarin.Forms,version=0.5.562.
[0b00:0004][2017-10-17T09:50:30] Adding dependency on 'Microsoft.VisualStudio.MinShell,version=[15.0,16.0)' to 'Microsoft.VisualStudio.Xamarin.MonoDebugging,version=4.7.4.
[0b00:0004][2017-10-17T09:50:30] Adding dependency on 'Microsoft.VisualStudio.MinShell,version=[15.0,16.0)' to 'Microsoft.VisualStudio.Xamarin.Merq,version=1.1.17.
[0b00:0004][2017-10-17T09:50:30] Adding dependency on 'Microsoft.VisualStudio.MinShell,version=[15.0,16.0)' to 'Xamarin.VisualStudio.Apple.Sdk,version=4.7.10.22.
[0b00:0004][2017-10-17T09:50:30] Adding dependency on 'Microsoft.VisualStudio.MinShell,version=[15.0,16.0)' to 'Xamarin.Android.Sdk,version=8.0.0.33.
[0b00:0004][2017-10-17T09:50:30] Adding dependency on 'Microsoft.VisualStudio.MinShell,version=[15.0,16.0)' to 'Xamarin.VisualStudio,version=4.7.10.22.
[0b00:0004][2017-10-17T09:50:30] Adding dependency on 'Microsoft.VisualStudio.MinShell,version=[15.0,16.0)' to 'Microsoft.VisualStudio.Vsix.TemplatesPackage,version=15.2.64.20803.
[0b00:0004][2017-10-17T09:50:30] Adding dependency on 'Microsoft.VisualStudio.MinShell,version=[15.0,16.0)' to 'GitHub.VisualStudio,version=2.2.0.10.
[0b00:0004][2017-10-17T09:50:30] Adding dependency on 'Microsoft.VisualStudio.MinShell,version=[15.0,16.0)' to 'Microsoft.CodeAnalysis.LiveUnitTesting,version=1.4.0.6212201.
[0b00:0004][2017-10-17T09:50:30] Adding dependency on 'Microsoft.VisualStudio.MinShell,version=[15.0,16.0)' to 'Microsoft.VisualStudio.TestTools.MSTestV2.WizardExtension.IntelliTest,version=15.0.26130.0.
[0b00:0004][2017-10-17T09:50:30] Adding dependency on 'Microsoft.VisualStudio.MinShell,version=[15.0,16.0)' to 'Redgate.ReadyRoll,version=1.14.2.3918.
[0b00:0004][2017-10-17T09:50:30] Adding dependency on 'Microsoft.VisualStudio.MinShell,version=[15.0,16.0)' to 'Redgate.SQLPrompt.VsPackage,version=8.0.2.1513.
[0b00:0004][2017-10-17T09:50:30] Marking package Microsoft.Windows.UniversalCRT.Msu.8 as not applicable due to reasons: The current OS Version '10.0.14393.0' is not in the supported version range '[6.2,6.3)'.
[0b00:0004][2017-10-17T09:50:30] Marking package Microsoft.Windows.UniversalCRT.Msu.81 as not applicable due to reasons: The current OS Version '10.0.14393.0' is not in the supported version range '[6.3,6.4)'.
[0b00:0004][2017-10-17T09:50:30] Marking package Microsoft.Net.4.6.FullRedist.Threshold as not applicable due to reasons: The current OS Version '10.0.14393.0' is not in the supported version range '[10.0.10240]'.
[0b00:0004][2017-10-17T09:50:30] Marking package Microsoft.Windows.D3DCompiler.Msu.Win7 as not applicable due to reasons: The current OS Version '10.0.14393.0' is not in the supported version range '[6.1,6.2)'.
[0b00:0004][2017-10-17T09:50:30] Marking package Microsoft.Net.4.6.FullRedist.NonThreshold as not applicable due to reasons: The current OS Version '10.0.14393.0' is not in the supported version range '[6.1.1,6.4)'.
[0b00:0004][2017-10-17T09:50:30] Marking package Microsoft.Net.4.6.1.FullRedist.Threshold as not applicable due to reasons: The current OS Version '10.0.14393.0' is not in the supported version range '[10.0.10240]'.
[0b00:0004][2017-10-17T09:50:30] Marking package Microsoft.Net.4.6.1.FullRedist.NonThreshold as not applicable due to reasons: The current OS Version '10.0.14393.0' is not in the supported version range '[6.1.1,6.4)'.
[0b00:0004][2017-10-17T09:50:30] Marking package Microsoft.Windows.UniversalCRT.Msu.7 as not applicable due to reasons: The current OS Version '10.0.14393.0' is not in the supported version range '[6.1,6.2)'.
[0b00:0004][2017-10-17T09:50:30] Marking package WindowsUpdates.KB2533623 as not applicable due to reasons: The current OS Version '10.0.14393.0' is not in the supported version range '[6.1,6.2)'.
[0b00:0004][2017-10-17T09:50:30] Marking package Microsoft.DiagnosticsHub.KB2882822.Win7 as not applicable due to reasons: The current OS Version '10.0.14393.0' is not in the supported version range '[6.1,6.2)'.
[0b00:0004][2017-10-17T09:50:30] Marking package WebSocket4NetV2 as not applicable due to reasons: The current OS Version '10.0.14393.0' is not in the supported version range '[6.1,6.2)'.
[0b00:0004][2017-10-17T09:50:30] Marking package Component.WebSocket as not applicable due to reasons: The current OS Version '10.0.14393.0' is not in the supported version range '[6.1,6.2)'.
[0b00:0004][2017-10-17T09:50:30] Marking package Microsoft.Windows.81SDK.Store.DirectX.Msi as not applicable due to reasons: The current OS Version '10.0.14393.0' is not in the supported version range '[6.1,6.3]'.
[0b00:0004][2017-10-17T09:50:30] Marking package Microsoft.Windows.81SDK.Store.DirectX.Msi as not applicable due to reasons: The current OS Version '10.0.14393.0' is not in the supported version range '[6.1,6.3]'.
[0b00:0004][2017-10-17T09:50:30] Marking package Microsoft.Windows.81SDK.Desktop.DirectX.Msi as not applicable due to reasons: The current OS Version '10.0.14393.0' is not in the supported version range '[6.1,6.3]'.
[0b00:0004][2017-10-17T09:50:30] Marking package Microsoft.Windows.81SDK.Desktop.DirectX.Msi as not applicable due to reasons: The current OS Version '10.0.14393.0' is not in the supported version range '[6.1,6.3]'.
[0b00:0004][2017-10-17T09:50:30] Marking package Win10_Emulator_10.0.15063 as not applicable due to reasons: Hyper-V is not supported by the current environment.
[0b00:0004][2017-10-17T09:50:30] Marking package Microsoft.VisualStudio.Component.Phone.Emulator.15063 as not applicable due to reasons: Hyper-V is not supported by the current environment.
[0b00:0004][2017-10-17T09:50:30] Marking package Microsoft.Ancm.IIS.Msi as not applicable due to reasons: Required conditions are not satisfied: IISCoreWebEngineInstalledx64 And IISW3SvcInstalledx64
[0b00:0004][2017-10-17T09:50:30] Marking package Microsoft.VisualStudio.ComponentGroup.IISDevelopment as not applicable due to reasons: Required conditions are not satisfied: IISCoreWebEngineInstalledx64 And IISW3SvcInstalledx64
[0b00:0004][2017-10-17T09:50:30] Marking package Microsoft.VisualStudio.OfficeDeveloperTools.WindowsIdentityFoundation.Msu as not applicable due to reasons: The current OS Version '10.0.14393.0' is not in the supported version range '(,6.2)'.
[0b00:0004][2017-10-17T09:50:30] Marking package Component.UnityEngine.x86 as not applicable due to reasons: A 32-bit operating system is required, but you are running on a 64-bit operating system.
[0b00:0004][2017-10-17T09:50:30] Marking package Win10_Emulator_10.0.14393.0 as not applicable due to reasons: Hyper-V is not supported by the current environment.
[0b00:0004][2017-10-17T09:50:30] Marking package Microsoft.VisualStudio.Component.Phone.Emulator as not applicable due to reasons: Hyper-V is not supported by the current environment.
[0b00:0004][2017-10-17T09:50:30] Marking package vs.emulator.android.bundle as not applicable due to reasons: Hyper-V is not supported by the current environment.
[0b00:0004][2017-10-17T09:50:30] Marking package vs.emulator.android as not applicable due to reasons: Hyper-V is not supported by the current environment.
[0b00:0004][2017-10-17T09:50:30] Marking package Component.Android.Emulator as not applicable due to reasons: Hyper-V is not supported by the current environment.
[0b00:0004][2017-10-17T09:50:31] Marking package Microsoft.Windows.UniversalCRT.Msu.8 as not applicable due to reasons: The current OS Version '10.0.14393.0' is not in the supported version range '[6.2,6.3)'.
[0b00:0004][2017-10-17T09:50:31] Marking package Microsoft.Windows.UniversalCRT.Msu.81 as not applicable due to reasons: The current OS Version '10.0.14393.0' is not in the supported version range '[6.3,6.4)'.
[0b00:0004][2017-10-17T09:50:31] Marking package Microsoft.Net.4.6.FullRedist.Threshold as not applicable due to reasons: The current OS Version '10.0.14393.0' is not in the supported version range '[10.0.10240]'.
[0b00:0004][2017-10-17T09:50:31] Marking package Microsoft.Windows.D3DCompiler.Msu.Win7 as not applicable due to reasons: The current OS Version '10.0.14393.0' is not in the supported version range '[6.1,6.2)'.
[0b00:0004][2017-10-17T09:50:31] Marking package Microsoft.Net.4.6.FullRedist.NonThreshold as not applicable due to reasons: The current OS Version '10.0.14393.0' is not in the supported version range '[6.1.1,6.4)'.
[0b00:0004][2017-10-17T09:50:31] Marking package Microsoft.Net.4.6.1.FullRedist.Threshold as not applicable due to reasons: The current OS Version '10.0.14393.0' is not in the supported version range '[10.0.10240]'.
[0b00:0004][2017-10-17T09:50:31] Marking package Microsoft.Net.4.6.1.FullRedist.NonThreshold as not applicable due to reasons: The current OS Version '10.0.14393.0' is not in the supported version range '[6.1.1,6.4)'.
[0b00:0004][2017-10-17T09:50:31] Marking package Microsoft.Windows.UniversalCRT.Msu.7 as not applicable due to reasons: The current OS Version '10.0.14393.0' is not in the supported version range '[6.1,6.2)'.
[0b00:0004][2017-10-17T09:50:31] Marking package WindowsUpdates.KB2533623 as not applicable due to reasons: The current OS Version '10.0.14393.0' is not in the supported version range '[6.1,6.2)'.
[0b00:0004][2017-10-17T09:50:31] Marking package Microsoft.DiagnosticsHub.KB2882822.Win7 as not applicable due to reasons: The current OS Version '10.0.14393.0' is not in the supported version range '[6.1,6.2)'.
[0b00:0004][2017-10-17T09:50:31] Marking package WebSocket4NetV2 as not applicable due to reasons: The current OS Version '10.0.14393.0' is not in the supported version range '[6.1,6.2)'.
[0b00:0004][2017-10-17T09:50:31] Marking package Component.WebSocket as not applicable due to reasons: The current OS Version '10.0.14393.0' is not in the supported version range '[6.1,6.2)'.
[0b00:0004][2017-10-17T09:50:31] Marking package Microsoft.Windows.81SDK.Store.DirectX.Msi as not applicable due to reasons: The current OS Version '10.0.14393.0' is not in the supported version range '[6.1,6.3]'.
[0b00:0004][2017-10-17T09:50:31] Marking package Microsoft.Windows.81SDK.Store.DirectX.Msi as not applicable due to reasons: The current OS Version '10.0.14393.0' is not in the supported version range '[6.1,6.3]'.
[0b00:0004][2017-10-17T09:50:31] Marking package Microsoft.Windows.81SDK.Desktop.DirectX.Msi as not applicable due to reasons: The current OS Version '10.0.14393.0' is not in the supported version range '[6.1,6.3]'.
[0b00:0004][2017-10-17T09:50:31] Marking package Microsoft.Windows.81SDK.Desktop.DirectX.Msi as not applicable due to reasons: The current OS Version '10.0.14393.0' is not in the supported version range '[6.1,6.3]'.
[0b00:0004][2017-10-17T09:50:31] Marking package Win10_Emulator_10.0.15063 as not applicable due to reasons: Hyper-V is not supported by the current environment.
[0b00:0004][2017-10-17T09:50:31] Marking package Microsoft.VisualStudio.Component.Phone.Emulator.15063 as not applicable due to reasons: Hyper-V is not supported by the current environment.
[0b00:0004][2017-10-17T09:50:31] Marking package Microsoft.Ancm.IIS.Msi as not applicable due to reasons: Required conditions are not satisfied: IISCoreWebEngineInstalledx64 And IISW3SvcInstalledx64
[0b00:0004][2017-10-17T09:50:31] Marking package Microsoft.VisualStudio.ComponentGroup.IISDevelopment as not applicable due to reasons: Required conditions are not satisfied: IISCoreWebEngineInstalledx64 And IISW3SvcInstalledx64
[0b00:0004][2017-10-17T09:50:31] Marking package Microsoft.VisualStudio.OfficeDeveloperTools.WindowsIdentityFoundation.Msu as not applicable due to reasons: The current OS Version '10.0.14393.0' is not in the supported version range '(,6.2)'.
[0b00:0004][2017-10-17T09:50:31] Marking package Component.UnityEngine.x86 as not applicable due to reasons: A 32-bit operating system is required, but you are running on a 64-bit operating system.
[0b00:0004][2017-10-17T09:50:31] Marking package Win10_Emulator_10.0.14393.0 as not applicable due to reasons: Hyper-V is not supported by the current environment.
[0b00:0004][2017-10-17T09:50:31] Marking package Microsoft.VisualStudio.Component.Phone.Emulator as not applicable due to reasons: Hyper-V is not supported by the current environment.
[0b00:0004][2017-10-17T09:50:31] Marking package vs.emulator.android.bundle as not applicable due to reasons: Hyper-V is not supported by the current environment.
[0b00:0004][2017-10-17T09:50:31] Marking package vs.emulator.android as not applicable due to reasons: Hyper-V is not supported by the current environment.
[0b00:0004][2017-10-17T09:50:31] Marking package Component.Android.Emulator as not applicable due to reasons: Hyper-V is not supported by the current environment.
