[0b00:0004][2017-10-17T09:47:35] Opening the package for processing
[0b00:0004][2017-10-17T09:47:35] Using package payload to get the embedded manifest
[0b00:0004][2017-10-17T09:47:35] Getting list of files within the package
[0b00:0004][2017-10-17T09:47:35] Processing file /Contents/Common7/IDE/CommonExtensions/Microsoft/DesignTools/extension.vsixmanifest
[0b00:0004][2017-10-17T09:47:35] Started: Copying file /Contents/Common7/IDE/CommonExtensions/Microsoft/DesignTools/extension.vsixmanifest to C:\Program Files (x86)\Microsoft Visual Studio\2017\Community\Common7\IDE\CommonExtensions\Microsoft\DesignTools\extension.vsixmanifest
[0b00:0004][2017-10-17T09:47:35] Completed: Copying file /Contents/Common7/IDE/CommonExtensions/Microsoft/DesignTools/extension.vsixmanifest to C:\Program Files (x86)\Microsoft Visual Studio\2017\Community\Common7\IDE\CommonExtensions\Microsoft\DesignTools\extension.vsixmanifest
[0b00:0004][2017-10-17T09:47:35] Timestamp updated for file 'C:\Program Files (x86)\Microsoft Visual Studio\2017\Community\Common7\IDE\CommonExtensions\Microsoft\DesignTools\extension.vsixmanifest'.
[0b00:0004][2017-10-17T09:47:35] Processing file /Contents/Common7/IDE/CommonExtensions/Microsoft/DesignTools/Microsoft.VisualStudio.DesignTools.Designer.dll
[0b00:0004][2017-10-17T09:47:35] Started: Copying file /Contents/Common7/IDE/CommonExtensions/Microsoft/DesignTools/Microsoft.VisualStudio.DesignTools.Designer.dll to C:\Program Files (x86)\Microsoft Visual Studio\2017\Community\Common7\IDE\CommonExtensions\Microsoft\DesignTools\Microsoft.VisualStudio.DesignTools.Designer.dll
[0b00:0004][2017-10-17T09:47:35] Completed: Copying file /Contents/Common7/IDE/CommonExtensions/Microsoft/DesignTools/Microsoft.VisualStudio.DesignTools.Designer.dll to C:\Program Files (x86)\Microsoft Visual Studio\2017\Community\Common7\IDE\CommonExtensions\Microsoft\DesignTools\Microsoft.VisualStudio.DesignTools.Designer.dll
[0b00:0004][2017-10-17T09:47:35] Timestamp updated for file 'C:\Program Files (x86)\Microsoft Visual Studio\2017\Community\Common7\IDE\CommonExtensions\Microsoft\DesignTools\Microsoft.VisualStudio.DesignTools.Designer.dll'.
[0b00:0004][2017-10-17T09:47:35] Processing file /Contents/Common7/IDE/CommonExtensions/Microsoft/DesignTools/Microsoft.VisualStudio.DesignTools.DesignerContract.dll
[0b00:0004][2017-10-17T09:47:35] Started: Copying file /Contents/Common7/IDE/CommonExtensions/Microsoft/DesignTools/Microsoft.VisualStudio.DesignTools.DesignerContract.dll to C:\Program Files (x86)\Microsoft Visual Studio\2017\Community\Common7\IDE\CommonExtensions\Microsoft\DesignTools\Microsoft.VisualStudio.DesignTools.DesignerContract.dll
[0b00:0004][2017-10-17T09:47:35] Completed: Copying file /Contents/Common7/IDE/CommonExtensions/Microsoft/DesignTools/Microsoft.VisualStudio.DesignTools.DesignerContract.dll to C:\Program Files (x86)\Microsoft Visual Studio\2017\Community\Common7\IDE\CommonExtensions\Microsoft\DesignTools\Microsoft.VisualStudio.DesignTools.DesignerContract.dll
[0b00:0004][2017-10-17T09:47:35] Timestamp updated for file 'C:\Program Files (x86)\Microsoft Visual Studio\2017\Community\Common7\IDE\CommonExtensions\Microsoft\DesignTools\Microsoft.VisualStudio.DesignTools.DesignerContract.dll'.
[0b00:0004][2017-10-17T09:47:35] Processing file /Contents/Common7/IDE/CommonExtensions/Microsoft/DesignTools/Microsoft.VisualStudio.DesignTools.DesignerHost.dll
[0b00:0004][2017-10-17T09:47:35] Started: Copying file /Contents/Common7/IDE/CommonExtensions/Microsoft/DesignTools/Microsoft.VisualStudio.DesignTools.DesignerHost.dll to C:\Program Files (x86)\Microsoft Visual Studio\2017\Community\Common7\IDE\CommonExtensions\Microsoft\DesignTools\Microsoft.VisualStudio.DesignTools.DesignerHost.dll
[0b00:0004][2017-10-17T09:47:35] Completed: Copying file /Contents/Common7/IDE/CommonExtensions/Microsoft/DesignTools/Microsoft.VisualStudio.DesignTools.DesignerHost.dll to C:\Program Files (x86)\Microsoft Visual Studio\2017\Community\Common7\IDE\CommonExtensions\Microsoft\DesignTools\Microsoft.VisualStudio.DesignTools.DesignerHost.dll
[0b00:0004][2017-10-17T09:47:35] Timestamp updated for file 'C:\Program Files (x86)\Microsoft Visual Studio\2017\Community\Common7\IDE\CommonExtensions\Microsoft\DesignTools\Microsoft.VisualStudio.DesignTools.DesignerHost.dll'.
[0b00:0004][2017-10-17T09:47:35] Processing file /Contents/Common7/IDE/CommonExtensions/Microsoft/DesignTools/Microsoft.VisualStudio.DesignTools.SurfaceDesigner.dll
[0b00:0004][2017-10-17T09:47:35] Started: Copying file /Contents/Common7/IDE/CommonExtensions/Microsoft/DesignTools/Microsoft.VisualStudio.DesignTools.SurfaceDesigner.dll to C:\Program Files (x86)\Microsoft Visual Studio\2017\Community\Common7\IDE\CommonExtensions\Microsoft\DesignTools\Microsoft.VisualStudio.DesignTools.SurfaceDesigner.dll
[0b00:0004][2017-10-17T09:47:35] Completed: Copying file /Contents/Common7/IDE/CommonExtensions/Microsoft/DesignTools/Microsoft.VisualStudio.DesignTools.SurfaceDesigner.dll to C:\Program Files (x86)\Microsoft Visual Studio\2017\Community\Common7\IDE\CommonExtensions\Microsoft\DesignTools\Microsoft.VisualStudio.DesignTools.SurfaceDesigner.dll
[0b00:0004][2017-10-17T09:47:35] Timestamp updated for file 'C:\Program Files (x86)\Microsoft Visual Studio\2017\Community\Common7\IDE\CommonExtensions\Microsoft\DesignTools\Microsoft.VisualStudio.DesignTools.SurfaceDesigner.dll'.
[0b00:0004][2017-10-17T09:47:35] Processing file /Contents/Common7/IDE/CommonExtensions/Microsoft/DesignTools/Microsoft.VisualStudio.DesignTools.XamlDesignerHost.dll
[0b00:0004][2017-10-17T09:47:35] Started: Copying file /Contents/Common7/IDE/CommonExtensions/Microsoft/DesignTools/Microsoft.VisualStudio.DesignTools.XamlDesignerHost.dll to C:\Program Files (x86)\Microsoft Visual Studio\2017\Community\Common7\IDE\CommonExtensions\Microsoft\DesignTools\Microsoft.VisualStudio.DesignTools.XamlDesignerHost.dll
[0b00:0004][2017-10-17T09:47:35] Completed: Copying file /Contents/Common7/IDE/CommonExtensions/Microsoft/DesignTools/Microsoft.VisualStudio.DesignTools.XamlDesignerHost.dll to C:\Program Files (x86)\Microsoft Visual Studio\2017\Community\Common7\IDE\CommonExtensions\Microsoft\DesignTools\Microsoft.VisualStudio.DesignTools.XamlDesignerHost.dll
[0b00:0004][2017-10-17T09:47:35] Timestamp updated for file 'C:\Program Files (x86)\Microsoft Visual Studio\2017\Community\Common7\IDE\CommonExtensions\Microsoft\DesignTools\Microsoft.VisualStudio.DesignTools.XamlDesignerHost.dll'.
[0b00:0004][2017-10-17T09:47:35] Processing file /Contents/Common7/IDE/CommonExtensions/Microsoft/DesignTools/Microsoft.VisualStudio.DesignTools.XamlDesignerHost.pkgdef
[0b00:0004][2017-10-17T09:47:35] Started: Copying file /Contents/Common7/IDE/CommonExtensions/Microsoft/DesignTools/Microsoft.VisualStudio.DesignTools.XamlDesignerHost.pkgdef to C:\Program Files (x86)\Microsoft Visual Studio\2017\Community\Common7\IDE\CommonExtensions\Microsoft\DesignTools\Microsoft.VisualStudio.DesignTools.XamlDesignerHost.pkgdef
[0b00:0004][2017-10-17T09:47:35] Completed: Copying file /Contents/Common7/IDE/CommonExtensions/Microsoft/DesignTools/Microsoft.VisualStudio.DesignTools.XamlDesignerHost.pkgdef to C:\Program Files (x86)\Microsoft Visual Studio\2017\Community\Common7\IDE\CommonExtensions\Microsoft\DesignTools\Microsoft.VisualStudio.DesignTools.XamlDesignerHost.pkgdef
[0b00:0004][2017-10-17T09:47:35] Timestamp updated for file 'C:\Program Files (x86)\Microsoft Visual Studio\2017\Community\Common7\IDE\CommonExtensions\Microsoft\DesignTools\Microsoft.VisualStudio.DesignTools.XamlDesignerHost.pkgdef'.
[0b00:0004][2017-10-17T09:47:35] Processing file /Contents/Common7/IDE/CommonExtensions/Microsoft/XamlLanguageService/extension.vsixmanifest
[0b00:0004][2017-10-17T09:47:35] Started: Copying file /Contents/Common7/IDE/CommonExtensions/Microsoft/XamlLanguageService/extension.vsixmanifest to C:\Program Files (x86)\Microsoft Visual Studio\2017\Community\Common7\IDE\CommonExtensions\Microsoft\XamlLanguageService\extension.vsixmanifest
[0b00:0004][2017-10-17T09:47:35] Completed: Copying file /Contents/Common7/IDE/CommonExtensions/Microsoft/XamlLanguageService/extension.vsixmanifest to C:\Program Files (x86)\Microsoft Visual Studio\2017\Community\Common7\IDE\CommonExtensions\Microsoft\XamlLanguageService\extension.vsixmanifest
[0b00:0004][2017-10-17T09:47:35] Timestamp updated for file 'C:\Program Files (x86)\Microsoft Visual Studio\2017\Community\Common7\IDE\CommonExtensions\Microsoft\XamlLanguageService\extension.vsixmanifest'.
[0b00:0004][2017-10-17T09:47:35] Processing file /Contents/Common7/IDE/CommonExtensions/Microsoft/XamlLanguageService/Microsoft.VisualStudio.DesignTools.XamlLanguageService.dll
[0b00:0004][2017-10-17T09:47:35] Started: Copying file /Contents/Common7/IDE/CommonExtensions/Microsoft/XamlLanguageService/Microsoft.VisualStudio.DesignTools.XamlLanguageService.dll to C:\Program Files (x86)\Microsoft Visual Studio\2017\Community\Common7\IDE\CommonExtensions\Microsoft\XamlLanguageService\Microsoft.VisualStudio.DesignTools.XamlLanguageService.dll
[0b00:0004][2017-10-17T09:47:35] Completed: Copying file /Contents/Common7/IDE/CommonExtensions/Microsoft/XamlLanguageService/Microsoft.VisualStudio.DesignTools.XamlLanguageService.dll to C:\Program Files (x86)\Microsoft Visual Studio\2017\Community\Common7\IDE\CommonExtensions\Microsoft\XamlLanguageService\Microsoft.VisualStudio.DesignTools.XamlLanguageService.dll
[0b00:0004][2017-10-17T09:47:35] Timestamp updated for file 'C:\Program Files (x86)\Microsoft Visual Studio\2017\Community\Common7\IDE\CommonExtensions\Microsoft\XamlLanguageService\Microsoft.VisualStudio.DesignTools.XamlLanguageService.dll'.
[0b00:0004][2017-10-17T09:47:35] Queueing C:\Program Files (x86)\Microsoft Visual Studio\2017\Community\Common7\IDE\CommonExtensions\Microsoft\XamlLanguageService\Microsoft.VisualStudio.DesignTools.XamlLanguageService.dll for X86 ngen
[0b00:0004][2017-10-17T09:47:35] Successfully queued file '/Contents/Common7/IDE/CommonExtensions/Microsoft/XamlLanguageService/Microsoft.VisualStudio.DesignTools.XamlLanguageService.dll' for ngen
[0b00:0004][2017-10-17T09:47:35] Processing file /Contents/Common7/IDE/CommonExtensions/Microsoft/XamlLanguageService/Microsoft.VisualStudio.DesignTools.XamlLanguageService.pkgdef
[0b00:0004][2017-10-17T09:47:35] Started: Copying file /Contents/Common7/IDE/CommonExtensions/Microsoft/XamlLanguageService/Microsoft.VisualStudio.DesignTools.XamlLanguageService.pkgdef to C:\Program Files (x86)\Microsoft Visual Studio\2017\Community\Common7\IDE\CommonExtensions\Microsoft\XamlLanguageService\Microsoft.VisualStudio.DesignTools.XamlLanguageService.pkgdef
[0b00:0004][2017-10-17T09:47:35] Completed: Copying file /Contents/Common7/IDE/CommonExtensions/Microsoft/XamlLanguageService/Microsoft.VisualStudio.DesignTools.XamlLanguageService.pkgdef to C:\Program Files (x86)\Microsoft Visual Studio\2017\Community\Common7\IDE\CommonExtensions\Microsoft\XamlLanguageService\Microsoft.VisualStudio.DesignTools.XamlLanguageService.pkgdef
[0b00:0004][2017-10-17T09:47:35] Timestamp updated for file 'C:\Program Files (x86)\Microsoft Visual Studio\2017\Community\Common7\IDE\CommonExtensions\Microsoft\XamlLanguageService\Microsoft.VisualStudio.DesignTools.XamlLanguageService.pkgdef'.
[0b00:0004][2017-10-17T09:47:35] Processing file /Contents/Common7/IDE/PrivateAssemblies/Microsoft.VisualStudio.DesignTools.Designer.dll
[0b00:0004][2017-10-17T09:47:35] Started: Copying file /Contents/Common7/IDE/PrivateAssemblies/Microsoft.VisualStudio.DesignTools.Designer.dll to C:\Program Files (x86)\Microsoft Visual Studio\2017\Community\Common7\IDE\PrivateAssemblies\Microsoft.VisualStudio.DesignTools.Designer.dll
[0b00:0004][2017-10-17T09:47:35] Completed: Copying file /Contents/Common7/IDE/PrivateAssemblies/Microsoft.VisualStudio.DesignTools.Designer.dll to C:\Program Files (x86)\Microsoft Visual Studio\2017\Community\Common7\IDE\PrivateAssemblies\Microsoft.VisualStudio.DesignTools.Designer.dll
[0b00:0004][2017-10-17T09:47:35] Timestamp updated for file 'C:\Program Files (x86)\Microsoft Visual Studio\2017\Community\Common7\IDE\PrivateAssemblies\Microsoft.VisualStudio.DesignTools.Designer.dll'.
[0b00:0004][2017-10-17T09:47:35] Queueing C:\Program Files (x86)\Microsoft Visual Studio\2017\Community\Common7\IDE\PrivateAssemblies\Microsoft.VisualStudio.DesignTools.Designer.dll for X86 ngen
[0b00:0004][2017-10-17T09:47:35] Successfully queued file '/Contents/Common7/IDE/PrivateAssemblies/Microsoft.VisualStudio.DesignTools.Designer.dll' for ngen
[0b00:0004][2017-10-17T09:47:35] Processing file /Contents/Common7/IDE/PrivateAssemblies/Microsoft.VisualStudio.DesignTools.DesignerContract.dll
[0b00:0004][2017-10-17T09:47:35] Started: Copying file /Contents/Common7/IDE/PrivateAssemblies/Microsoft.VisualStudio.DesignTools.DesignerContract.dll to C:\Program Files (x86)\Microsoft Visual Studio\2017\Community\Common7\IDE\PrivateAssemblies\Microsoft.VisualStudio.DesignTools.DesignerContract.dll
[0b00:0004][2017-10-17T09:47:35] Completed: Copying file /Contents/Common7/IDE/PrivateAssemblies/Microsoft.VisualStudio.DesignTools.DesignerContract.dll to C:\Program Files (x86)\Microsoft Visual Studio\2017\Community\Common7\IDE\PrivateAssemblies\Microsoft.VisualStudio.DesignTools.DesignerContract.dll
[0b00:0004][2017-10-17T09:47:35] Timestamp updated for file 'C:\Program Files (x86)\Microsoft Visual Studio\2017\Community\Common7\IDE\PrivateAssemblies\Microsoft.VisualStudio.DesignTools.DesignerContract.dll'.
[0b00:0004][2017-10-17T09:47:35] Queueing C:\Program Files (x86)\Microsoft Visual Studio\2017\Community\Common7\IDE\PrivateAssemblies\Microsoft.VisualStudio.DesignTools.DesignerContract.dll for X86 ngen
[0b00:0004][2017-10-17T09:47:35] Successfully queued file '/Contents/Common7/IDE/PrivateAssemblies/Microsoft.VisualStudio.DesignTools.DesignerContract.dll' for ngen
[0b00:0004][2017-10-17T09:47:35] Processing file /Contents/Common7/IDE/PrivateAssemblies/Microsoft.VisualStudio.DesignTools.DesignerHost.dll
[0b00:0004][2017-10-17T09:47:35] Started: Copying file /Contents/Common7/IDE/PrivateAssemblies/Microsoft.VisualStudio.DesignTools.DesignerHost.dll to C:\Program Files (x86)\Microsoft Visual Studio\2017\Community\Common7\IDE\PrivateAssemblies\Microsoft.VisualStudio.DesignTools.DesignerHost.dll
[0b00:0004][2017-10-17T09:47:35] Completed: Copying file /Contents/Common7/IDE/PrivateAssemblies/Microsoft.VisualStudio.DesignTools.DesignerHost.dll to C:\Program Files (x86)\Microsoft Visual Studio\2017\Community\Common7\IDE\PrivateAssemblies\Microsoft.VisualStudio.DesignTools.DesignerHost.dll
[0b00:0004][2017-10-17T09:47:35] Timestamp updated for file 'C:\Program Files (x86)\Microsoft Visual Studio\2017\Community\Common7\IDE\PrivateAssemblies\Microsoft.VisualStudio.DesignTools.DesignerHost.dll'.
[0b00:0004][2017-10-17T09:47:35] Queueing C:\Program Files (x86)\Microsoft Visual Studio\2017\Community\Common7\IDE\PrivateAssemblies\Microsoft.VisualStudio.DesignTools.DesignerHost.dll for X86 ngen
[0b00:0004][2017-10-17T09:47:35] Successfully queued file '/Contents/Common7/IDE/PrivateAssemblies/Microsoft.VisualStudio.DesignTools.DesignerHost.dll' for ngen
[0b00:0004][2017-10-17T09:47:35] Processing file /Contents/Common7/IDE/PrivateAssemblies/Microsoft.VisualStudio.DesignTools.SurfaceDesigner.dll
[0b00:0004][2017-10-17T09:47:35] Started: Copying file /Contents/Common7/IDE/PrivateAssemblies/Microsoft.VisualStudio.DesignTools.SurfaceDesigner.dll to C:\Program Files (x86)\Microsoft Visual Studio\2017\Community\Common7\IDE\PrivateAssemblies\Microsoft.VisualStudio.DesignTools.SurfaceDesigner.dll
[0b00:0004][2017-10-17T09:47:35] Completed: Copying file /Contents/Common7/IDE/PrivateAssemblies/Microsoft.VisualStudio.DesignTools.SurfaceDesigner.dll to C:\Program Files (x86)\Microsoft Visual Studio\2017\Community\Common7\IDE\PrivateAssemblies\Microsoft.VisualStudio.DesignTools.SurfaceDesigner.dll
[0b00:0004][2017-10-17T09:47:35] Timestamp updated for file 'C:\Program Files (x86)\Microsoft Visual Studio\2017\Community\Common7\IDE\PrivateAssemblies\Microsoft.VisualStudio.DesignTools.SurfaceDesigner.dll'.
[0b00:0004][2017-10-17T09:47:35] Queueing C:\Program Files (x86)\Microsoft Visual Studio\2017\Community\Common7\IDE\PrivateAssemblies\Microsoft.VisualStudio.DesignTools.SurfaceDesigner.dll for X86 ngen
[0b00:0004][2017-10-17T09:47:35] Successfully queued file '/Contents/Common7/IDE/PrivateAssemblies/Microsoft.VisualStudio.DesignTools.SurfaceDesigner.dll' for ngen
[0b00:0004][2017-10-17T09:47:35] Processing file /Contents/Common7/IDE/PrivateAssemblies/Microsoft.VisualStudio.DesignTools.WpfDesigner.dll
[0b00:0004][2017-10-17T09:47:35] Started: Copying file /Contents/Common7/IDE/PrivateAssemblies/Microsoft.VisualStudio.DesignTools.WpfDesigner.dll to C:\Program Files (x86)\Microsoft Visual Studio\2017\Community\Common7\IDE\PrivateAssemblies\Microsoft.VisualStudio.DesignTools.WpfDesigner.dll
[0b00:0004][2017-10-17T09:47:35] Completed: Copying file /Contents/Common7/IDE/PrivateAssemblies/Microsoft.VisualStudio.DesignTools.WpfDesigner.dll to C:\Program Files (x86)\Microsoft Visual Studio\2017\Community\Common7\IDE\PrivateAssemblies\Microsoft.VisualStudio.DesignTools.WpfDesigner.dll
[0b00:0004][2017-10-17T09:47:35] Timestamp updated for file 'C:\Program Files (x86)\Microsoft Visual Studio\2017\Community\Common7\IDE\PrivateAssemblies\Microsoft.VisualStudio.DesignTools.WpfDesigner.dll'.
[0b00:0004][2017-10-17T09:47:35] Queueing C:\Program Files (x86)\Microsoft Visual Studio\2017\Community\Common7\IDE\PrivateAssemblies\Microsoft.VisualStudio.DesignTools.WpfDesigner.dll for X86 ngen
[0b00:0004][2017-10-17T09:47:35] Successfully queued file '/Contents/Common7/IDE/PrivateAssemblies/Microsoft.VisualStudio.DesignTools.WpfDesigner.dll' for ngen
[0b00:0004][2017-10-17T09:47:35] Processing file /Contents/Common7/IDE/PrivateAssemblies/Microsoft.VisualStudio.DesignTools.WpfSurfaceDesigner.dll
[0b00:0004][2017-10-17T09:47:35] Started: Copying file /Contents/Common7/IDE/PrivateAssemblies/Microsoft.VisualStudio.DesignTools.WpfSurfaceDesigner.dll to C:\Program Files (x86)\Microsoft Visual Studio\2017\Community\Common7\IDE\PrivateAssemblies\Microsoft.VisualStudio.DesignTools.WpfSurfaceDesigner.dll
[0b00:0004][2017-10-17T09:47:35] Completed: Copying file /Contents/Common7/IDE/PrivateAssemblies/Microsoft.VisualStudio.DesignTools.WpfSurfaceDesigner.dll to C:\Program Files (x86)\Microsoft Visual Studio\2017\Community\Common7\IDE\PrivateAssemblies\Microsoft.VisualStudio.DesignTools.WpfSurfaceDesigner.dll
[0b00:0004][2017-10-17T09:47:35] Timestamp updated for file 'C:\Program Files (x86)\Microsoft Visual Studio\2017\Community\Common7\IDE\PrivateAssemblies\Microsoft.VisualStudio.DesignTools.WpfSurfaceDesigner.dll'.
[0b00:0004][2017-10-17T09:47:35] Queueing C:\Program Files (x86)\Microsoft Visual Studio\2017\Community\Common7\IDE\PrivateAssemblies\Microsoft.VisualStudio.DesignTools.WpfSurfaceDesigner.dll for X86 ngen
[0b00:0004][2017-10-17T09:47:35] Successfully queued file '/Contents/Common7/IDE/PrivateAssemblies/Microsoft.VisualStudio.DesignTools.WpfSurfaceDesigner.dll' for ngen
[0b00:0004][2017-10-17T09:47:35] Processing file /Contents/Common7/IDE/PrivateAssemblies/Microsoft.VisualStudio.DesignTools.XamlDesigner.dll
[0b00:0004][2017-10-17T09:47:35] Started: Copying file /Contents/Common7/IDE/PrivateAssemblies/Microsoft.VisualStudio.DesignTools.XamlDesigner.dll to C:\Program Files (x86)\Microsoft Visual Studio\2017\Community\Common7\IDE\PrivateAssemblies\Microsoft.VisualStudio.DesignTools.XamlDesigner.dll
[0b00:0004][2017-10-17T09:47:35] Completed: Copying file /Contents/Common7/IDE/PrivateAssemblies/Microsoft.VisualStudio.DesignTools.XamlDesigner.dll to C:\Program Files (x86)\Microsoft Visual Studio\2017\Community\Common7\IDE\PrivateAssemblies\Microsoft.VisualStudio.DesignTools.XamlDesigner.dll
[0b00:0004][2017-10-17T09:47:35] Timestamp updated for file 'C:\Program Files (x86)\Microsoft Visual Studio\2017\Community\Common7\IDE\PrivateAssemblies\Microsoft.VisualStudio.DesignTools.XamlDesigner.dll'.
[0b00:0004][2017-10-17T09:47:35] Queueing C:\Program Files (x86)\Microsoft Visual Studio\2017\Community\Common7\IDE\PrivateAssemblies\Microsoft.VisualStudio.DesignTools.XamlDesigner.dll for X86 ngen
[0b00:0004][2017-10-17T09:47:35] Successfully queued file '/Contents/Common7/IDE/PrivateAssemblies/Microsoft.VisualStudio.DesignTools.XamlDesigner.dll' for ngen
[0b00:0004][2017-10-17T09:47:35] Processing file /Contents/Common7/IDE/PrivateAssemblies/Microsoft.VisualStudio.DesignTools.XamlDesignerHost.dll
[0b00:0004][2017-10-17T09:47:35] Started: Copying file /Contents/Common7/IDE/PrivateAssemblies/Microsoft.VisualStudio.DesignTools.XamlDesignerHost.dll to C:\Program Files (x86)\Microsoft Visual Studio\2017\Community\Common7\IDE\PrivateAssemblies\Microsoft.VisualStudio.DesignTools.XamlDesignerHost.dll
[0b00:0004][2017-10-17T09:47:35] Completed: Copying file /Contents/Common7/IDE/PrivateAssemblies/Microsoft.VisualStudio.DesignTools.XamlDesignerHost.dll to C:\Program Files (x86)\Microsoft Visual Studio\2017\Community\Common7\IDE\PrivateAssemblies\Microsoft.VisualStudio.DesignTools.XamlDesignerHost.dll
[0b00:0004][2017-10-17T09:47:35] Timestamp updated for file 'C:\Program Files (x86)\Microsoft Visual Studio\2017\Community\Common7\IDE\PrivateAssemblies\Microsoft.VisualStudio.DesignTools.XamlDesignerHost.dll'.
[0b00:0004][2017-10-17T09:47:35] Queueing C:\Program Files (x86)\Microsoft Visual Studio\2017\Community\Common7\IDE\PrivateAssemblies\Microsoft.VisualStudio.DesignTools.XamlDesignerHost.dll for X86 ngen
[0b00:0004][2017-10-17T09:47:35] Successfully queued file '/Contents/Common7/IDE/PrivateAssemblies/Microsoft.VisualStudio.DesignTools.XamlDesignerHost.dll' for ngen
[0b00:0004][2017-10-17T09:47:35] Processing file /Contents/Common7/IDE/PrivateAssemblies/Microsoft.VisualStudio.DesignTools.XamlSurfaceDesigner.dll
[0b00:0004][2017-10-17T09:47:35] Started: Copying file /Contents/Common7/IDE/PrivateAssemblies/Microsoft.VisualStudio.DesignTools.XamlSurfaceDesigner.dll to C:\Program Files (x86)\Microsoft Visual Studio\2017\Community\Common7\IDE\PrivateAssemblies\Microsoft.VisualStudio.DesignTools.XamlSurfaceDesigner.dll
[0b00:0004][2017-10-17T09:47:35] Completed: Copying file /Contents/Common7/IDE/PrivateAssemblies/Microsoft.VisualStudio.DesignTools.XamlSurfaceDesigner.dll to C:\Program Files (x86)\Microsoft Visual Studio\2017\Community\Common7\IDE\PrivateAssemblies\Microsoft.VisualStudio.DesignTools.XamlSurfaceDesigner.dll
[0b00:0004][2017-10-17T09:47:35] Timestamp updated for file 'C:\Program Files (x86)\Microsoft Visual Studio\2017\Community\Common7\IDE\PrivateAssemblies\Microsoft.VisualStudio.DesignTools.XamlSurfaceDesigner.dll'.
[0b00:0004][2017-10-17T09:47:35] Queueing C:\Program Files (x86)\Microsoft Visual Studio\2017\Community\Common7\IDE\PrivateAssemblies\Microsoft.VisualStudio.DesignTools.XamlSurfaceDesigner.dll for X86 ngen
[0b00:0004][2017-10-17T09:47:35] Successfully queued file '/Contents/Common7/IDE/PrivateAssemblies/Microsoft.VisualStudio.DesignTools.XamlSurfaceDesigner.dll' for ngen
[0b00:0004][2017-10-17T09:47:35] Processing file /Contents/Common7/IDE/PrivateAssemblies/Microsoft.Windows.Design.Host.dll
[0b00:0004][2017-10-17T09:47:35] Started: Copying file /Contents/Common7/IDE/PrivateAssemblies/Microsoft.Windows.Design.Host.dll to C:\Program Files (x86)\Microsoft Visual Studio\2017\Community\Common7\IDE\PrivateAssemblies\Microsoft.Windows.Design.Host.dll
[0b00:0004][2017-10-17T09:47:35] Completed: Copying file /Contents/Common7/IDE/PrivateAssemblies/Microsoft.Windows.Design.Host.dll to C:\Program Files (x86)\Microsoft Visual Studio\2017\Community\Common7\IDE\PrivateAssemblies\Microsoft.Windows.Design.Host.dll
[0b00:0004][2017-10-17T09:47:35] Timestamp updated for file 'C:\Program Files (x86)\Microsoft Visual Studio\2017\Community\Common7\IDE\PrivateAssemblies\Microsoft.Windows.Design.Host.dll'.
[0b00:0004][2017-10-17T09:47:35] Queueing C:\Program Files (x86)\Microsoft Visual Studio\2017\Community\Common7\IDE\PrivateAssemblies\Microsoft.Windows.Design.Host.dll for X86 ngen
[0b00:0004][2017-10-17T09:47:35] Successfully queued file '/Contents/Common7/IDE/PrivateAssemblies/Microsoft.Windows.Design.Host.dll' for ngen
[0b00:0004][2017-10-17T09:47:35] Processing file /Contents/Common7/IDE/PublicAssemblies/Microsoft.Windows.Design.Extensibility.dll
[0b00:0004][2017-10-17T09:47:35] Started: Copying file /Contents/Common7/IDE/PublicAssemblies/Microsoft.Windows.Design.Extensibility.dll to C:\Program Files (x86)\Microsoft Visual Studio\2017\Community\Common7\IDE\PublicAssemblies\Microsoft.Windows.Design.Extensibility.dll
[0b00:0004][2017-10-17T09:47:35] Completed: Copying file /Contents/Common7/IDE/PublicAssemblies/Microsoft.Windows.Design.Extensibility.dll to C:\Program Files (x86)\Microsoft Visual Studio\2017\Community\Common7\IDE\PublicAssemblies\Microsoft.Windows.Design.Extensibility.dll
[0b00:0004][2017-10-17T09:47:35] Timestamp updated for file 'C:\Program Files (x86)\Microsoft Visual Studio\2017\Community\Common7\IDE\PublicAssemblies\Microsoft.Windows.Design.Extensibility.dll'.
[0b00:0004][2017-10-17T09:47:35] Queueing C:\Program Files (x86)\Microsoft Visual Studio\2017\Community\Common7\IDE\PublicAssemblies\Microsoft.Windows.Design.Extensibility.dll for X86 ngen
[0b00:0004][2017-10-17T09:47:35] Successfully queued file '/Contents/Common7/IDE/PublicAssemblies/Microsoft.Windows.Design.Extensibility.dll' for ngen
[0b00:0004][2017-10-17T09:47:35] Processing file /Contents/Common7/IDE/PublicAssemblies/Microsoft.Windows.Design.Interaction.dll
[0b00:0004][2017-10-17T09:47:35] Started: Copying file /Contents/Common7/IDE/PublicAssemblies/Microsoft.Windows.Design.Interaction.dll to C:\Program Files (x86)\Microsoft Visual Studio\2017\Community\Common7\IDE\PublicAssemblies\Microsoft.Windows.Design.Interaction.dll
[0b00:0004][2017-10-17T09:47:35] Completed: Copying file /Contents/Common7/IDE/PublicAssemblies/Microsoft.Windows.Design.Interaction.dll to C:\Program Files (x86)\Microsoft Visual Studio\2017\Community\Common7\IDE\PublicAssemblies\Microsoft.Windows.Design.Interaction.dll
[0b00:0004][2017-10-17T09:47:35] Timestamp updated for file 'C:\Program Files (x86)\Microsoft Visual Studio\2017\Community\Common7\IDE\PublicAssemblies\Microsoft.Windows.Design.Interaction.dll'.
[0b00:0004][2017-10-17T09:47:35] Queueing C:\Program Files (x86)\Microsoft Visual Studio\2017\Community\Common7\IDE\PublicAssemblies\Microsoft.Windows.Design.Interaction.dll for X86 ngen
[0b00:0004][2017-10-17T09:47:35] Successfully queued file '/Contents/Common7/IDE/PublicAssemblies/Microsoft.Windows.Design.Interaction.dll' for ngen
[0b00:0004][2017-10-17T09:47:35] Processing file /Contents/Common7/IDE/SurfaceProcess/WPF/x64/WpfSurface.exe
[0b00:0004][2017-10-17T09:47:35] Started: Copying file /Contents/Common7/IDE/SurfaceProcess/WPF/x64/WpfSurface.exe to C:\Program Files (x86)\Microsoft Visual Studio\2017\Community\Common7\IDE\SurfaceProcess\WPF\x64\WpfSurface.exe
[0b00:0004][2017-10-17T09:47:35] Completed: Copying file /Contents/Common7/IDE/SurfaceProcess/WPF/x64/WpfSurface.exe to C:\Program Files (x86)\Microsoft Visual Studio\2017\Community\Common7\IDE\SurfaceProcess\WPF\x64\WpfSurface.exe
[0b00:0004][2017-10-17T09:47:35] Timestamp updated for file 'C:\Program Files (x86)\Microsoft Visual Studio\2017\Community\Common7\IDE\SurfaceProcess\WPF\x64\WpfSurface.exe'.
[0b00:0004][2017-10-17T09:47:35] Queueing C:\Program Files (x86)\Microsoft Visual Studio\2017\Community\Common7\IDE\SurfaceProcess\WPF\x64\WpfSurface.exe for X64 ngen
[0b00:0004][2017-10-17T09:47:35] Successfully queued file '/Contents/Common7/IDE/SurfaceProcess/WPF/x64/WpfSurface.exe' for ngen
[0b00:0004][2017-10-17T09:47:35] Processing file /Contents/Common7/IDE/SurfaceProcess/WPF/x64/WpfSurface.exe.config
[0b00:0004][2017-10-17T09:47:35] Started: Copying file /Contents/Common7/IDE/SurfaceProcess/WPF/x64/WpfSurface.exe.config to C:\Program Files (x86)\Microsoft Visual Studio\2017\Community\Common7\IDE\SurfaceProcess\WPF\x64\WpfSurface.exe.config
[0b00:0004][2017-10-17T09:47:35] Completed: Copying file /Contents/Common7/IDE/SurfaceProcess/WPF/x64/WpfSurface.exe.config to C:\Program Files (x86)\Microsoft Visual Studio\2017\Community\Common7\IDE\SurfaceProcess\WPF\x64\WpfSurface.exe.config
[0b00:0004][2017-10-17T09:47:35] Timestamp updated for file 'C:\Program Files (x86)\Microsoft Visual Studio\2017\Community\Common7\IDE\SurfaceProcess\WPF\x64\WpfSurface.exe.config'.
[0b00:0004][2017-10-17T09:47:35] Processing file /Contents/Common7/IDE/SurfaceProcess/WPF/x86/WpfSurface.exe
[0b00:0004][2017-10-17T09:47:35] Started: Copying file /Contents/Common7/IDE/SurfaceProcess/WPF/x86/WpfSurface.exe to C:\Program Files (x86)\Microsoft Visual Studio\2017\Community\Common7\IDE\SurfaceProcess\WPF\x86\WpfSurface.exe
[0b00:0004][2017-10-17T09:47:35] Completed: Copying file /Contents/Common7/IDE/SurfaceProcess/WPF/x86/WpfSurface.exe to C:\Program Files (x86)\Microsoft Visual Studio\2017\Community\Common7\IDE\SurfaceProcess\WPF\x86\WpfSurface.exe
[0b00:0004][2017-10-17T09:47:35] Timestamp updated for file 'C:\Program Files (x86)\Microsoft Visual Studio\2017\Community\Common7\IDE\SurfaceProcess\WPF\x86\WpfSurface.exe'.
[0b00:0004][2017-10-17T09:47:35] Queueing C:\Program Files (x86)\Microsoft Visual Studio\2017\Community\Common7\IDE\SurfaceProcess\WPF\x86\WpfSurface.exe for X86 ngen
[0b00:0004][2017-10-17T09:47:35] Successfully queued file '/Contents/Common7/IDE/SurfaceProcess/WPF/x86/WpfSurface.exe' for ngen
[0b00:0004][2017-10-17T09:47:35] Processing file /Contents/Common7/IDE/SurfaceProcess/WPF/x86/WpfSurface.exe.config
[0b00:0004][2017-10-17T09:47:35] Started: Copying file /Contents/Common7/IDE/SurfaceProcess/WPF/x86/WpfSurface.exe.config to C:\Program Files (x86)\Microsoft Visual Studio\2017\Community\Common7\IDE\SurfaceProcess\WPF\x86\WpfSurface.exe.config
[0b00:0004][2017-10-17T09:47:35] Completed: Copying file /Contents/Common7/IDE/SurfaceProcess/WPF/x86/WpfSurface.exe.config to C:\Program Files (x86)\Microsoft Visual Studio\2017\Community\Common7\IDE\SurfaceProcess\WPF\x86\WpfSurface.exe.config
[0b00:0004][2017-10-17T09:47:35] Timestamp updated for file 'C:\Program Files (x86)\Microsoft Visual Studio\2017\Community\Common7\IDE\SurfaceProcess\WPF\x86\WpfSurface.exe.config'.
[0b00:0004][2017-10-17T09:47:35] Processing file /Contents/Common7/IDE/XDesProc.exe
[0b00:0004][2017-10-17T09:47:35] Started: Copying file /Contents/Common7/IDE/XDesProc.exe to C:\Program Files (x86)\Microsoft Visual Studio\2017\Community\Common7\IDE\XDesProc.exe
[0b00:0004][2017-10-17T09:47:35] Completed: Copying file /Contents/Common7/IDE/XDesProc.exe to C:\Program Files (x86)\Microsoft Visual Studio\2017\Community\Common7\IDE\XDesProc.exe
[0b00:0004][2017-10-17T09:47:35] Timestamp updated for file 'C:\Program Files (x86)\Microsoft Visual Studio\2017\Community\Common7\IDE\XDesProc.exe'.
[0b00:0004][2017-10-17T09:47:35] Queueing C:\Program Files (x86)\Microsoft Visual Studio\2017\Community\Common7\IDE\XDesProc.exe for X86 ngen
[0b00:0004][2017-10-17T09:47:35] Successfully queued file '/Contents/Common7/IDE/XDesProc.exe' for ngen
[0b00:0004][2017-10-17T09:47:35] Processing file /Contents/Common7/IDE/XDesProc.exe.config
[0b00:0004][2017-10-17T09:47:35] Started: Copying file /Contents/Common7/IDE/XDesProc.exe.config to C:\Program Files (x86)\Microsoft Visual Studio\2017\Community\Common7\IDE\XDesProc.exe.config
[0b00:0004][2017-10-17T09:47:35] Completed: Copying file /Contents/Common7/IDE/XDesProc.exe.config to C:\Program Files (x86)\Microsoft Visual Studio\2017\Community\Common7\IDE\XDesProc.exe.config
[0b00:0004][2017-10-17T09:47:35] Timestamp updated for file 'C:\Program Files (x86)\Microsoft Visual Studio\2017\Community\Common7\IDE\XDesProc.exe.config'.
[0b00:0004][2017-10-17T09:47:35] Processing file /Contents/DesignTools/DataBinding/DataTemplate.xaml
[0b00:0004][2017-10-17T09:47:35] Started: Copying file /Contents/DesignTools/DataBinding/DataTemplate.xaml to C:\Program Files (x86)\Microsoft Visual Studio\2017\Community\DesignTools\DataBinding\DataTemplate.xaml
[0b00:0004][2017-10-17T09:47:35] Completed: Copying file /Contents/DesignTools/DataBinding/DataTemplate.xaml to C:\Program Files (x86)\Microsoft Visual Studio\2017\Community\DesignTools\DataBinding\DataTemplate.xaml
[0b00:0004][2017-10-17T09:47:35] Timestamp updated for file 'C:\Program Files (x86)\Microsoft Visual Studio\2017\Community\DesignTools\DataBinding\DataTemplate.xaml'.
[0b00:0004][2017-10-17T09:47:35] Processing file /Contents/DesignTools/DataBinding/Details.xaml
[0b00:0004][2017-10-17T09:47:35] Started: Copying file /Contents/DesignTools/DataBinding/Details.xaml to C:\Program Files (x86)\Microsoft Visual Studio\2017\Community\DesignTools\DataBinding\Details.xaml
[0b00:0004][2017-10-17T09:47:35] Completed: Copying file /Contents/DesignTools/DataBinding/Details.xaml to C:\Program Files (x86)\Microsoft Visual Studio\2017\Community\DesignTools\DataBinding\Details.xaml
[0b00:0004][2017-10-17T09:47:35] Timestamp updated for file 'C:\Program Files (x86)\Microsoft Visual Studio\2017\Community\DesignTools\DataBinding\Details.xaml'.
[0b00:0004][2017-10-17T09:47:35] Processing file /Contents/DesignTools/DataBinding/Master.xaml
[0b00:0004][2017-10-17T09:47:35] Started: Copying file /Contents/DesignTools/DataBinding/Master.xaml to C:\Program Files (x86)\Microsoft Visual Studio\2017\Community\DesignTools\DataBinding\Master.xaml
[0b00:0004][2017-10-17T09:47:35] Completed: Copying file /Contents/DesignTools/DataBinding/Master.xaml to C:\Program Files (x86)\Microsoft Visual Studio\2017\Community\DesignTools\DataBinding\Master.xaml
[0b00:0004][2017-10-17T09:47:35] Timestamp updated for file 'C:\Program Files (x86)\Microsoft Visual Studio\2017\Community\DesignTools\DataBinding\Master.xaml'.
[0b00:0004][2017-10-17T09:47:35] Processing file /Contents/DesignTools/DataBinding/WindowsUIXaml.80.DataTemplate.xaml
[0b00:0004][2017-10-17T09:47:35] Started: Copying file /Contents/DesignTools/DataBinding/WindowsUIXaml.80.DataTemplate.xaml to C:\Program Files (x86)\Microsoft Visual Studio\2017\Community\DesignTools\DataBinding\WindowsUIXaml.80.DataTemplate.xaml
[0b00:0004][2017-10-17T09:47:35] Completed: Copying file /Contents/DesignTools/DataBinding/WindowsUIXaml.80.DataTemplate.xaml to C:\Program Files (x86)\Microsoft Visual Studio\2017\Community\DesignTools\DataBinding\WindowsUIXaml.80.DataTemplate.xaml
[0b00:0004][2017-10-17T09:47:35] Timestamp updated for file 'C:\Program Files (x86)\Microsoft Visual Studio\2017\Community\DesignTools\DataBinding\WindowsUIXaml.80.DataTemplate.xaml'.
[0b00:0004][2017-10-17T09:47:35] Processing file /Contents/DesignTools/DataBinding/WindowsUIXaml.80.Details.xaml
[0b00:0004][2017-10-17T09:47:35] Started: Copying file /Contents/DesignTools/DataBinding/WindowsUIXaml.80.Details.xaml to C:\Program Files (x86)\Microsoft Visual Studio\2017\Community\DesignTools\DataBinding\WindowsUIXaml.80.Details.xaml
[0b00:0004][2017-10-17T09:47:35] Completed: Copying file /Contents/DesignTools/DataBinding/WindowsUIXaml.80.Details.xaml to C:\Program Files (x86)\Microsoft Visual Studio\2017\Community\DesignTools\DataBinding\WindowsUIXaml.80.Details.xaml
[0b00:0004][2017-10-17T09:47:35] Timestamp updated for file 'C:\Program Files (x86)\Microsoft Visual Studio\2017\Community\DesignTools\DataBinding\WindowsUIXaml.80.Details.xaml'.
[0b00:0004][2017-10-17T09:47:35] Processing file /Contents/DesignTools/DataBinding/WindowsUIXaml.80.GroupedDataTemplate.xaml
[0b00:0004][2017-10-17T09:47:35] Started: Copying file /Contents/DesignTools/DataBinding/WindowsUIXaml.80.GroupedDataTemplate.xaml to C:\Program Files (x86)\Microsoft Visual Studio\2017\Community\DesignTools\DataBinding\WindowsUIXaml.80.GroupedDataTemplate.xaml
[0b00:0004][2017-10-17T09:47:35] Completed: Copying file /Contents/DesignTools/DataBinding/WindowsUIXaml.80.GroupedDataTemplate.xaml to C:\Program Files (x86)\Microsoft Visual Studio\2017\Community\DesignTools\DataBinding\WindowsUIXaml.80.GroupedDataTemplate.xaml
[0b00:0004][2017-10-17T09:47:35] Timestamp updated for file 'C:\Program Files (x86)\Microsoft Visual Studio\2017\Community\DesignTools\DataBinding\WindowsUIXaml.80.GroupedDataTemplate.xaml'.
[0b00:0004][2017-10-17T09:47:35] Processing file /Contents/DesignTools/DataBinding/WindowsUIXaml.80.HeaderTemplate.xaml
[0b00:0004][2017-10-17T09:47:35] Started: Copying file /Contents/DesignTools/DataBinding/WindowsUIXaml.80.HeaderTemplate.xaml to C:\Program Files (x86)\Microsoft Visual Studio\2017\Community\DesignTools\DataBinding\WindowsUIXaml.80.HeaderTemplate.xaml
[0b00:0004][2017-10-17T09:47:35] Completed: Copying file /Contents/DesignTools/DataBinding/WindowsUIXaml.80.HeaderTemplate.xaml to C:\Program Files (x86)\Microsoft Visual Studio\2017\Community\DesignTools\DataBinding\WindowsUIXaml.80.HeaderTemplate.xaml
[0b00:0004][2017-10-17T09:47:35] Timestamp updated for file 'C:\Program Files (x86)\Microsoft Visual Studio\2017\Community\DesignTools\DataBinding\WindowsUIXaml.80.HeaderTemplate.xaml'.
[0b00:0004][2017-10-17T09:47:35] Processing file /Contents/DesignTools/DataBinding/WindowsUIXaml.80.Master.xaml
[0b00:0004][2017-10-17T09:47:35] Started: Copying file /Contents/DesignTools/DataBinding/WindowsUIXaml.80.Master.xaml to C:\Program Files (x86)\Microsoft Visual Studio\2017\Community\DesignTools\DataBinding\WindowsUIXaml.80.Master.xaml
[0b00:0004][2017-10-17T09:47:35] Completed: Copying file /Contents/DesignTools/DataBinding/WindowsUIXaml.80.Master.xaml to C:\Program Files (x86)\Microsoft Visual Studio\2017\Community\DesignTools\DataBinding\WindowsUIXaml.80.Master.xaml
[0b00:0004][2017-10-17T09:47:35] Timestamp updated for file 'C:\Program Files (x86)\Microsoft Visual Studio\2017\Community\DesignTools\DataBinding\WindowsUIXaml.80.Master.xaml'.
[0b00:0004][2017-10-17T09:47:35] Processing file /Contents/DesignTools/DataBinding/WindowsUIXaml.DataTemplate.xaml
[0b00:0004][2017-10-17T09:47:35] Started: Copying file /Contents/DesignTools/DataBinding/WindowsUIXaml.DataTemplate.xaml to C:\Program Files (x86)\Microsoft Visual Studio\2017\Community\DesignTools\DataBinding\WindowsUIXaml.DataTemplate.xaml
[0b00:0004][2017-10-17T09:47:35] Completed: Copying file /Contents/DesignTools/DataBinding/WindowsUIXaml.DataTemplate.xaml to C:\Program Files (x86)\Microsoft Visual Studio\2017\Community\DesignTools\DataBinding\WindowsUIXaml.DataTemplate.xaml
[0b00:0004][2017-10-17T09:47:35] Timestamp updated for file 'C:\Program Files (x86)\Microsoft Visual Studio\2017\Community\DesignTools\DataBinding\WindowsUIXaml.DataTemplate.xaml'.
[0b00:0004][2017-10-17T09:47:35] Processing file /Contents/DesignTools/DataBinding/WindowsUIXaml.Details.xaml
[0b00:0004][2017-10-17T09:47:35] Started: Copying file /Contents/DesignTools/DataBinding/WindowsUIXaml.Details.xaml to C:\Program Files (x86)\Microsoft Visual Studio\2017\Community\DesignTools\DataBinding\WindowsUIXaml.Details.xaml
[0b00:0004][2017-10-17T09:47:35] Completed: Copying file /Contents/DesignTools/DataBinding/WindowsUIXaml.Details.xaml to C:\Program Files (x86)\Microsoft Visual Studio\2017\Community\DesignTools\DataBinding\WindowsUIXaml.Details.xaml
[0b00:0004][2017-10-17T09:47:35] Timestamp updated for file 'C:\Program Files (x86)\Microsoft Visual Studio\2017\Community\DesignTools\DataBinding\WindowsUIXaml.Details.xaml'.
[0b00:0004][2017-10-17T09:47:35] Processing file /Contents/DesignTools/DataBinding/WindowsUIXaml.GroupedDataTemplate.xaml
[0b00:0004][2017-10-17T09:47:35] Started: Copying file /Contents/DesignTools/DataBinding/WindowsUIXaml.GroupedDataTemplate.xaml to C:\Program Files (x86)\Microsoft Visual Studio\2017\Community\DesignTools\DataBinding\WindowsUIXaml.GroupedDataTemplate.xaml
[0b00:0004][2017-10-17T09:47:35] Completed: Copying file /Contents/DesignTools/DataBinding/WindowsUIXaml.GroupedDataTemplate.xaml to C:\Program Files (x86)\Microsoft Visual Studio\2017\Community\DesignTools\DataBinding\WindowsUIXaml.GroupedDataTemplate.xaml
[0b00:0004][2017-10-17T09:47:35] Timestamp updated for file 'C:\Program Files (x86)\Microsoft Visual Studio\2017\Community\DesignTools\DataBinding\WindowsUIXaml.GroupedDataTemplate.xaml'.
[0b00:0004][2017-10-17T09:47:35] Processing file /Contents/DesignTools/DataBinding/WindowsUIXaml.HeaderTemplate.xaml
[0b00:0004][2017-10-17T09:47:35] Started: Copying file /Contents/DesignTools/DataBinding/WindowsUIXaml.HeaderTemplate.xaml to C:\Program Files (x86)\Microsoft Visual Studio\2017\Community\DesignTools\DataBinding\WindowsUIXaml.HeaderTemplate.xaml
[0b00:0004][2017-10-17T09:47:35] Completed: Copying file /Contents/DesignTools/DataBinding/WindowsUIXaml.HeaderTemplate.xaml to C:\Program Files (x86)\Microsoft Visual Studio\2017\Community\DesignTools\DataBinding\WindowsUIXaml.HeaderTemplate.xaml
[0b00:0004][2017-10-17T09:47:35] Timestamp updated for file 'C:\Program Files (x86)\Microsoft Visual Studio\2017\Community\DesignTools\DataBinding\WindowsUIXaml.HeaderTemplate.xaml'.
[0b00:0004][2017-10-17T09:47:35] Processing file /Contents/DesignTools/DataBinding/WindowsUIXaml.Master.xaml
[0b00:0004][2017-10-17T09:47:35] Started: Copying file /Contents/DesignTools/DataBinding/WindowsUIXaml.Master.xaml to C:\Program Files (x86)\Microsoft Visual Studio\2017\Community\DesignTools\DataBinding\WindowsUIXaml.Master.xaml
[0b00:0004][2017-10-17T09:47:35] Completed: Copying file /Contents/DesignTools/DataBinding/WindowsUIXaml.Master.xaml to C:\Program Files (x86)\Microsoft Visual Studio\2017\Community\DesignTools\DataBinding\WindowsUIXaml.Master.xaml
[0b00:0004][2017-10-17T09:47:35] Timestamp updated for file 'C:\Program Files (x86)\Microsoft Visual Studio\2017\Community\DesignTools\DataBinding\WindowsUIXaml.Master.xaml'.
[0b00:0004][2017-10-17T09:47:35] Processing file /Contents/DesignTools/Snippets/XAML/SnippetsIndex.xml
[0b00:0004][2017-10-17T09:47:35] Started: Copying file /Contents/DesignTools/Snippets/XAML/SnippetsIndex.xml to C:\Program Files (x86)\Microsoft Visual Studio\2017\Community\DesignTools\Snippets\XAML\SnippetsIndex.xml
[0b00:0004][2017-10-17T09:47:35] Completed: Copying file /Contents/DesignTools/Snippets/XAML/SnippetsIndex.xml to C:\Program Files (x86)\Microsoft Visual Studio\2017\Community\DesignTools\Snippets\XAML\SnippetsIndex.xml
[0b00:0004][2017-10-17T09:47:35] Timestamp updated for file 'C:\Program Files (x86)\Microsoft Visual Studio\2017\Community\DesignTools\Snippets\XAML\SnippetsIndex.xml'.
[0b00:0004][2017-10-17T09:47:35] Processing file /Contents/DesignTools/SystemThemes/Wpf/aero.normalcolor.xaml
[0b00:0004][2017-10-17T09:47:35] Started: Copying file /Contents/DesignTools/SystemThemes/Wpf/aero.normalcolor.xaml to C:\Program Files (x86)\Microsoft Visual Studio\2017\Community\DesignTools\SystemThemes\Wpf\aero.normalcolor.xaml
[0b00:0004][2017-10-17T09:47:35] Completed: Copying file /Contents/DesignTools/SystemThemes/Wpf/aero.normalcolor.xaml to C:\Program Files (x86)\Microsoft Visual Studio\2017\Community\DesignTools\SystemThemes\Wpf\aero.normalcolor.xaml
[0b00:0004][2017-10-17T09:47:35] Timestamp updated for file 'C:\Program Files (x86)\Microsoft Visual Studio\2017\Community\DesignTools\SystemThemes\Wpf\aero.normalcolor.xaml'.
[0b00:0004][2017-10-17T09:47:35] Processing file /Contents/DesignTools/SystemThemes/Wpf/aero2.normalcolor.xaml
[0b00:0004][2017-10-17T09:47:35] Started: Copying file /Contents/DesignTools/SystemThemes/Wpf/aero2.normalcolor.xaml to C:\Program Files (x86)\Microsoft Visual Studio\2017\Community\DesignTools\SystemThemes\Wpf\aero2.normalcolor.xaml
[0b00:0004][2017-10-17T09:47:35] Completed: Copying file /Contents/DesignTools/SystemThemes/Wpf/aero2.normalcolor.xaml to C:\Program Files (x86)\Microsoft Visual Studio\2017\Community\DesignTools\SystemThemes\Wpf\aero2.normalcolor.xaml
[0b00:0004][2017-10-17T09:47:35] Timestamp updated for file 'C:\Program Files (x86)\Microsoft Visual Studio\2017\Community\DesignTools\SystemThemes\Wpf\aero2.normalcolor.xaml'.
[0b00:0004][2017-10-17T09:47:35] Processing file /Contents/DesignTools/SystemThemes/Wpf/aerolite.normalcolor.xaml
[0b00:0004][2017-10-17T09:47:35] Started: Copying file /Contents/DesignTools/SystemThemes/Wpf/aerolite.normalcolor.xaml to C:\Program Files (x86)\Microsoft Visual Studio\2017\Community\DesignTools\SystemThemes\Wpf\aerolite.normalcolor.xaml
[0b00:0004][2017-10-17T09:47:35] Completed: Copying file /Contents/DesignTools/SystemThemes/Wpf/aerolite.normalcolor.xaml to C:\Program Files (x86)\Microsoft Visual Studio\2017\Community\DesignTools\SystemThemes\Wpf\aerolite.normalcolor.xaml
[0b00:0004][2017-10-17T09:47:35] Timestamp updated for file 'C:\Program Files (x86)\Microsoft Visual Studio\2017\Community\DesignTools\SystemThemes\Wpf\aerolite.normalcolor.xaml'.
[0b00:0004][2017-10-17T09:47:35] Processing file /Contents/DesignTools/SystemThemes/Wpf/classic.xaml
[0b00:0004][2017-10-17T09:47:35] Started: Copying file /Contents/DesignTools/SystemThemes/Wpf/classic.xaml to C:\Program Files (x86)\Microsoft Visual Studio\2017\Community\DesignTools\SystemThemes\Wpf\classic.xaml
[0b00:0004][2017-10-17T09:47:35] Completed: Copying file /Contents/DesignTools/SystemThemes/Wpf/classic.xaml to C:\Program Files (x86)\Microsoft Visual Studio\2017\Community\DesignTools\SystemThemes\Wpf\classic.xaml
[0b00:0004][2017-10-17T09:47:35] Timestamp updated for file 'C:\Program Files (x86)\Microsoft Visual Studio\2017\Community\DesignTools\SystemThemes\Wpf\classic.xaml'.
[0b00:0004][2017-10-17T09:47:35] Processing file /Contents/DesignTools/SystemThemes/Wpf/luna.homestead.xaml
[0b00:0004][2017-10-17T09:47:35] Started: Copying file /Contents/DesignTools/SystemThemes/Wpf/luna.homestead.xaml to C:\Program Files (x86)\Microsoft Visual Studio\2017\Community\DesignTools\SystemThemes\Wpf\luna.homestead.xaml
[0b00:0004][2017-10-17T09:47:35] Completed: Copying file /Contents/DesignTools/SystemThemes/Wpf/luna.homestead.xaml to C:\Program Files (x86)\Microsoft Visual Studio\2017\Community\DesignTools\SystemThemes\Wpf\luna.homestead.xaml
[0b00:0004][2017-10-17T09:47:35] Timestamp updated for file 'C:\Program Files (x86)\Microsoft Visual Studio\2017\Community\DesignTools\SystemThemes\Wpf\luna.homestead.xaml'.
[0b00:0004][2017-10-17T09:47:35] Processing file /Contents/DesignTools/SystemThemes/Wpf/luna.metallic.xaml
[0b00:0004][2017-10-17T09:47:35] Started: Copying file /Contents/DesignTools/SystemThemes/Wpf/luna.metallic.xaml to C:\Program Files (x86)\Microsoft Visual Studio\2017\Community\DesignTools\SystemThemes\Wpf\luna.metallic.xaml
[0b00:0004][2017-10-17T09:47:36] Completed: Copying file /Contents/DesignTools/SystemThemes/Wpf/luna.metallic.xaml to C:\Program Files (x86)\Microsoft Visual Studio\2017\Community\DesignTools\SystemThemes\Wpf\luna.metallic.xaml
[0b00:0004][2017-10-17T09:47:36] Timestamp updated for file 'C:\Program Files (x86)\Microsoft Visual Studio\2017\Community\DesignTools\SystemThemes\Wpf\luna.metallic.xaml'.
[0b00:0004][2017-10-17T09:47:36] Processing file /Contents/DesignTools/SystemThemes/Wpf/luna.normalcolor.xaml
[0b00:0004][2017-10-17T09:47:36] Started: Copying file /Contents/DesignTools/SystemThemes/Wpf/luna.normalcolor.xaml to C:\Program Files (x86)\Microsoft Visual Studio\2017\Community\DesignTools\SystemThemes\Wpf\luna.normalcolor.xaml
[0b00:0004][2017-10-17T09:47:36] Completed: Copying file /Contents/DesignTools/SystemThemes/Wpf/luna.normalcolor.xaml to C:\Program Files (x86)\Microsoft Visual Studio\2017\Community\DesignTools\SystemThemes\Wpf\luna.normalcolor.xaml
[0b00:0004][2017-10-17T09:47:36] Timestamp updated for file 'C:\Program Files (x86)\Microsoft Visual Studio\2017\Community\DesignTools\SystemThemes\Wpf\luna.normalcolor.xaml'.
[0b00:0004][2017-10-17T09:47:36] Processing file /Contents/DesignTools/SystemThemes/Wpf/royale.normalcolor.xaml
[0b00:0004][2017-10-17T09:47:36] Started: Copying file /Contents/DesignTools/SystemThemes/Wpf/royale.normalcolor.xaml to C:\Program Files (x86)\Microsoft Visual Studio\2017\Community\DesignTools\SystemThemes\Wpf\royale.normalcolor.xaml
[0b00:0004][2017-10-17T09:47:36] Completed: Copying file /Contents/DesignTools/SystemThemes/Wpf/royale.normalcolor.xaml to C:\Program Files (x86)\Microsoft Visual Studio\2017\Community\DesignTools\SystemThemes\Wpf\royale.normalcolor.xaml
[0b00:0004][2017-10-17T09:47:36] Timestamp updated for file 'C:\Program Files (x86)\Microsoft Visual Studio\2017\Community\DesignTools\SystemThemes\Wpf\royale.normalcolor.xaml'.
[0b00:0004][2017-10-17T09:47:36] Processing file /Contents/DesignTools/SystemThemes/Wpf/v3.5/aero.normalcolor.xaml
[0b00:0004][2017-10-17T09:47:36] Started: Copying file /Contents/DesignTools/SystemThemes/Wpf/v3.5/aero.normalcolor.xaml to C:\Program Files (x86)\Microsoft Visual Studio\2017\Community\DesignTools\SystemThemes\Wpf\v3.5\aero.normalcolor.xaml
[0b00:0004][2017-10-17T09:47:36] Completed: Copying file /Contents/DesignTools/SystemThemes/Wpf/v3.5/aero.normalcolor.xaml to C:\Program Files (x86)\Microsoft Visual Studio\2017\Community\DesignTools\SystemThemes\Wpf\v3.5\aero.normalcolor.xaml
[0b00:0004][2017-10-17T09:47:36] Timestamp updated for file 'C:\Program Files (x86)\Microsoft Visual Studio\2017\Community\DesignTools\SystemThemes\Wpf\v3.5\aero.normalcolor.xaml'.
[0b00:0004][2017-10-17T09:47:36] Processing file /Contents/DesignTools/SystemThemes/Wpf/v3.5/classic.xaml
[0b00:0004][2017-10-17T09:47:36] Started: Copying file /Contents/DesignTools/SystemThemes/Wpf/v3.5/classic.xaml to C:\Program Files (x86)\Microsoft Visual Studio\2017\Community\DesignTools\SystemThemes\Wpf\v3.5\classic.xaml
[0b00:0004][2017-10-17T09:47:36] Completed: Copying file /Contents/DesignTools/SystemThemes/Wpf/v3.5/classic.xaml to C:\Program Files (x86)\Microsoft Visual Studio\2017\Community\DesignTools\SystemThemes\Wpf\v3.5\classic.xaml
[0b00:0004][2017-10-17T09:47:36] Timestamp updated for file 'C:\Program Files (x86)\Microsoft Visual Studio\2017\Community\DesignTools\SystemThemes\Wpf\v3.5\classic.xaml'.
[0b00:0004][2017-10-17T09:47:36] Processing file /Contents/DesignTools/SystemThemes/Wpf/v3.5/luna.homestead.xaml
[0b00:0004][2017-10-17T09:47:36] Started: Copying file /Contents/DesignTools/SystemThemes/Wpf/v3.5/luna.homestead.xaml to C:\Program Files (x86)\Microsoft Visual Studio\2017\Community\DesignTools\SystemThemes\Wpf\v3.5\luna.homestead.xaml
[0b00:0004][2017-10-17T09:47:36] Completed: Copying file /Contents/DesignTools/SystemThemes/Wpf/v3.5/luna.homestead.xaml to C:\Program Files (x86)\Microsoft Visual Studio\2017\Community\DesignTools\SystemThemes\Wpf\v3.5\luna.homestead.xaml
[0b00:0004][2017-10-17T09:47:36] Timestamp updated for file 'C:\Program Files (x86)\Microsoft Visual Studio\2017\Community\DesignTools\SystemThemes\Wpf\v3.5\luna.homestead.xaml'.
[0b00:0004][2017-10-17T09:47:36] Processing file /Contents/DesignTools/SystemThemes/Wpf/v3.5/luna.metallic.xaml
[0b00:0004][2017-10-17T09:47:36] Started: Copying file /Contents/DesignTools/SystemThemes/Wpf/v3.5/luna.metallic.xaml to C:\Program Files (x86)\Microsoft Visual Studio\2017\Community\DesignTools\SystemThemes\Wpf\v3.5\luna.metallic.xaml
[0b00:0004][2017-10-17T09:47:36] Completed: Copying file /Contents/DesignTools/SystemThemes/Wpf/v3.5/luna.metallic.xaml to C:\Program Files (x86)\Microsoft Visual Studio\2017\Community\DesignTools\SystemThemes\Wpf\v3.5\luna.metallic.xaml
[0b00:0004][2017-10-17T09:47:36] Timestamp updated for file 'C:\Program Files (x86)\Microsoft Visual Studio\2017\Community\DesignTools\SystemThemes\Wpf\v3.5\luna.metallic.xaml'.
[0b00:0004][2017-10-17T09:47:36] Processing file /Contents/DesignTools/SystemThemes/Wpf/v3.5/luna.normalcolor.xaml
[0b00:0004][2017-10-17T09:47:36] Started: Copying file /Contents/DesignTools/SystemThemes/Wpf/v3.5/luna.normalcolor.xaml to C:\Program Files (x86)\Microsoft Visual Studio\2017\Community\DesignTools\SystemThemes\Wpf\v3.5\luna.normalcolor.xaml
[0b00:0004][2017-10-17T09:47:36] Completed: Copying file /Contents/DesignTools/SystemThemes/Wpf/v3.5/luna.normalcolor.xaml to C:\Program Files (x86)\Microsoft Visual Studio\2017\Community\DesignTools\SystemThemes\Wpf\v3.5\luna.normalcolor.xaml
[0b00:0004][2017-10-17T09:47:36] Timestamp updated for file 'C:\Program Files (x86)\Microsoft Visual Studio\2017\Community\DesignTools\SystemThemes\Wpf\v3.5\luna.normalcolor.xaml'.
[0b00:0004][2017-10-17T09:47:36] Processing file /Contents/DesignTools/SystemThemes/Wpf/v3.5/royale.normalcolor.xaml
[0b00:0004][2017-10-17T09:47:36] Started: Copying file /Contents/DesignTools/SystemThemes/Wpf/v3.5/royale.normalcolor.xaml to C:\Program Files (x86)\Microsoft Visual Studio\2017\Community\DesignTools\SystemThemes\Wpf\v3.5\royale.normalcolor.xaml
[0b00:0004][2017-10-17T09:47:36] Completed: Copying file /Contents/DesignTools/SystemThemes/Wpf/v3.5/royale.normalcolor.xaml to C:\Program Files (x86)\Microsoft Visual Studio\2017\Community\DesignTools\SystemThemes\Wpf\v3.5\royale.normalcolor.xaml
[0b00:0004][2017-10-17T09:47:36] Timestamp updated for file 'C:\Program Files (x86)\Microsoft Visual Studio\2017\Community\DesignTools\SystemThemes\Wpf\v3.5\royale.normalcolor.xaml'.
[0b00:0004][2017-10-17T09:47:36] Package executed successfully. Return code: 0
