[0b00:0004][2017-10-17T09:46:38] Opening the package for processing
[0b00:0004][2017-10-17T09:46:38] Using package payload to get the embedded manifest
[0b00:0004][2017-10-17T09:46:38] Getting list of files within the package
[0b00:0004][2017-10-17T09:46:38] Processing file /Contents/Common7/Packages/Debugger/1033/CppDebug.resources.dll
[0b00:0004][2017-10-17T09:46:38] Started: Copying file /Contents/Common7/Packages/Debugger/1033/CppDebug.resources.dll to C:\Program Files (x86)\Microsoft Visual Studio\2017\Community\Common7\Packages\Debugger\1033\CppDebug.resources.dll
[0b00:0004][2017-10-17T09:46:38] Completed: Copying file /Contents/Common7/Packages/Debugger/1033/CppDebug.resources.dll to C:\Program Files (x86)\Microsoft Visual Studio\2017\Community\Common7\Packages\Debugger\1033\CppDebug.resources.dll
[0b00:0004][2017-10-17T09:46:38] Timestamp updated for file 'C:\Program Files (x86)\Microsoft Visual Studio\2017\Community\Common7\Packages\Debugger\1033\CppDebug.resources.dll'.
[0b00:0004][2017-10-17T09:46:38] Processing file /Contents/Common7/Packages/Debugger/1033/MSEnc.resources.dll
[0b00:0004][2017-10-17T09:46:38] Started: Copying file /Contents/Common7/Packages/Debugger/1033/MSEnc.resources.dll to C:\Program Files (x86)\Microsoft Visual Studio\2017\Community\Common7\Packages\Debugger\1033\MSEnc.resources.dll
[0b00:0004][2017-10-17T09:46:38] Completed: Copying file /Contents/Common7/Packages/Debugger/1033/MSEnc.resources.dll to C:\Program Files (x86)\Microsoft Visual Studio\2017\Community\Common7\Packages\Debugger\1033\MSEnc.resources.dll
[0b00:0004][2017-10-17T09:46:38] Timestamp updated for file 'C:\Program Files (x86)\Microsoft Visual Studio\2017\Community\Common7\Packages\Debugger\1033\MSEnc.resources.dll'.
[0b00:0004][2017-10-17T09:46:38] Processing file /Contents/Xml/Schemas/1033/justmycode.xsd
[0b00:0004][2017-10-17T09:46:38] Started: Copying file /Contents/Xml/Schemas/1033/justmycode.xsd to C:\Program Files (x86)\Microsoft Visual Studio\2017\Community\Xml\Schemas\1033\justmycode.xsd
[0b00:0004][2017-10-17T09:46:38] Completed: Copying file /Contents/Xml/Schemas/1033/justmycode.xsd to C:\Program Files (x86)\Microsoft Visual Studio\2017\Community\Xml\Schemas\1033\justmycode.xsd
[0b00:0004][2017-10-17T09:46:38] Timestamp updated for file 'C:\Program Files (x86)\Microsoft Visual Studio\2017\Community\Xml\Schemas\1033\justmycode.xsd'.
[0b00:0004][2017-10-17T09:46:38] Processing file /Contents/Xml/Schemas/1033/natvis.xsd
[0b00:0004][2017-10-17T09:46:38] Started: Copying file /Contents/Xml/Schemas/1033/natvis.xsd to C:\Program Files (x86)\Microsoft Visual Studio\2017\Community\Xml\Schemas\1033\natvis.xsd
[0b00:0004][2017-10-17T09:46:38] Completed: Copying file /Contents/Xml/Schemas/1033/natvis.xsd to C:\Program Files (x86)\Microsoft Visual Studio\2017\Community\Xml\Schemas\1033\natvis.xsd
[0b00:0004][2017-10-17T09:46:38] Timestamp updated for file 'C:\Program Files (x86)\Microsoft Visual Studio\2017\Community\Xml\Schemas\1033\natvis.xsd'.
[0b00:0004][2017-10-17T09:46:38] Package executed successfully. Return code: 0
