[0b00:0004][2017-10-17T09:47:54] Opening the package for processing
[0b00:0004][2017-10-17T09:47:54] Using package payload to get the embedded manifest
[0b00:0004][2017-10-17T09:47:54] Getting list of files within the package
[0b00:0004][2017-10-17T09:47:54] Processing file /Contents/Common7/IDE/ItemTemplates/CSharp/1033/AppManifestInternal/app.manifest
[0b00:0004][2017-10-17T09:47:54] Started: Copying file /Contents/Common7/IDE/ItemTemplates/CSharp/1033/AppManifestInternal/app.manifest to C:\Program Files (x86)\Microsoft Visual Studio\2017\Community\Common7\IDE\ItemTemplates\CSharp\1033\AppManifestInternal\app.manifest
[0b00:0004][2017-10-17T09:47:54] Completed: Copying file /Contents/Common7/IDE/ItemTemplates/CSharp/1033/AppManifestInternal/app.manifest to C:\Program Files (x86)\Microsoft Visual Studio\2017\Community\Common7\IDE\ItemTemplates\CSharp\1033\AppManifestInternal\app.manifest
[0b00:0004][2017-10-17T09:47:54] Timestamp updated for file 'C:\Program Files (x86)\Microsoft Visual Studio\2017\Community\Common7\IDE\ItemTemplates\CSharp\1033\AppManifestInternal\app.manifest'.
[0b00:0004][2017-10-17T09:47:54] Processing file /Contents/Common7/IDE/ItemTemplates/CSharp/1033/AppManifestInternal/appManifestInternal.vstemplate
[0b00:0004][2017-10-17T09:47:54] Started: Copying file /Contents/Common7/IDE/ItemTemplates/CSharp/1033/AppManifestInternal/appManifestInternal.vstemplate to C:\Program Files (x86)\Microsoft Visual Studio\2017\Community\Common7\IDE\ItemTemplates\CSharp\1033\AppManifestInternal\appManifestInternal.vstemplate
[0b00:0004][2017-10-17T09:47:54] Completed: Copying file /Contents/Common7/IDE/ItemTemplates/CSharp/1033/AppManifestInternal/appManifestInternal.vstemplate to C:\Program Files (x86)\Microsoft Visual Studio\2017\Community\Common7\IDE\ItemTemplates\CSharp\1033\AppManifestInternal\appManifestInternal.vstemplate
[0b00:0004][2017-10-17T09:47:54] Timestamp updated for file 'C:\Program Files (x86)\Microsoft Visual Studio\2017\Community\Common7\IDE\ItemTemplates\CSharp\1033\AppManifestInternal\appManifestInternal.vstemplate'.
[0b00:0004][2017-10-17T09:47:54] Processing file /Contents/Common7/IDE/ItemTemplates/CSharp/1033/AssemblyInfoInternal/AssemblyInfo.cs
[0b00:0004][2017-10-17T09:47:54] Started: Copying file /Contents/Common7/IDE/ItemTemplates/CSharp/1033/AssemblyInfoInternal/AssemblyInfo.cs to C:\Program Files (x86)\Microsoft Visual Studio\2017\Community\Common7\IDE\ItemTemplates\CSharp\1033\AssemblyInfoInternal\AssemblyInfo.cs
[0b00:0004][2017-10-17T09:47:54] Completed: Copying file /Contents/Common7/IDE/ItemTemplates/CSharp/1033/AssemblyInfoInternal/AssemblyInfo.cs to C:\Program Files (x86)\Microsoft Visual Studio\2017\Community\Common7\IDE\ItemTemplates\CSharp\1033\AssemblyInfoInternal\AssemblyInfo.cs
[0b00:0004][2017-10-17T09:47:54] Timestamp updated for file 'C:\Program Files (x86)\Microsoft Visual Studio\2017\Community\Common7\IDE\ItemTemplates\CSharp\1033\AssemblyInfoInternal\AssemblyInfo.cs'.
[0b00:0004][2017-10-17T09:47:54] Processing file /Contents/Common7/IDE/ItemTemplates/CSharp/1033/AssemblyInfoInternal/AssemblyInfo.vstemplate
[0b00:0004][2017-10-17T09:47:54] Started: Copying file /Contents/Common7/IDE/ItemTemplates/CSharp/1033/AssemblyInfoInternal/AssemblyInfo.vstemplate to C:\Program Files (x86)\Microsoft Visual Studio\2017\Community\Common7\IDE\ItemTemplates\CSharp\1033\AssemblyInfoInternal\AssemblyInfo.vstemplate
[0b00:0004][2017-10-17T09:47:54] Completed: Copying file /Contents/Common7/IDE/ItemTemplates/CSharp/1033/AssemblyInfoInternal/AssemblyInfo.vstemplate to C:\Program Files (x86)\Microsoft Visual Studio\2017\Community\Common7\IDE\ItemTemplates\CSharp\1033\AssemblyInfoInternal\AssemblyInfo.vstemplate
[0b00:0004][2017-10-17T09:47:54] Timestamp updated for file 'C:\Program Files (x86)\Microsoft Visual Studio\2017\Community\Common7\IDE\ItemTemplates\CSharp\1033\AssemblyInfoInternal\AssemblyInfo.vstemplate'.
[0b00:0004][2017-10-17T09:47:54] Processing file /Contents/Common7/IDE/ItemTemplates/CSharp/1033/ResourceInternal/Resource.resX
[0b00:0004][2017-10-17T09:47:54] Started: Copying file /Contents/Common7/IDE/ItemTemplates/CSharp/1033/ResourceInternal/Resource.resX to C:\Program Files (x86)\Microsoft Visual Studio\2017\Community\Common7\IDE\ItemTemplates\CSharp\1033\ResourceInternal\Resource.resX
[0b00:0004][2017-10-17T09:47:54] Completed: Copying file /Contents/Common7/IDE/ItemTemplates/CSharp/1033/ResourceInternal/Resource.resX to C:\Program Files (x86)\Microsoft Visual Studio\2017\Community\Common7\IDE\ItemTemplates\CSharp\1033\ResourceInternal\Resource.resX
[0b00:0004][2017-10-17T09:47:54] Timestamp updated for file 'C:\Program Files (x86)\Microsoft Visual Studio\2017\Community\Common7\IDE\ItemTemplates\CSharp\1033\ResourceInternal\Resource.resX'.
[0b00:0004][2017-10-17T09:47:54] Processing file /Contents/Common7/IDE/ItemTemplates/CSharp/1033/ResourceInternal/Resource.vstemplate
[0b00:0004][2017-10-17T09:47:54] Started: Copying file /Contents/Common7/IDE/ItemTemplates/CSharp/1033/ResourceInternal/Resource.vstemplate to C:\Program Files (x86)\Microsoft Visual Studio\2017\Community\Common7\IDE\ItemTemplates\CSharp\1033\ResourceInternal\Resource.vstemplate
[0b00:0004][2017-10-17T09:47:54] Completed: Copying file /Contents/Common7/IDE/ItemTemplates/CSharp/1033/ResourceInternal/Resource.vstemplate to C:\Program Files (x86)\Microsoft Visual Studio\2017\Community\Common7\IDE\ItemTemplates\CSharp\1033\ResourceInternal\Resource.vstemplate
[0b00:0004][2017-10-17T09:47:54] Timestamp updated for file 'C:\Program Files (x86)\Microsoft Visual Studio\2017\Community\Common7\IDE\ItemTemplates\CSharp\1033\ResourceInternal\Resource.vstemplate'.
[0b00:0004][2017-10-17T09:47:54] Processing file /Contents/Common7/IDE/ItemTemplates/CSharp/1033/SettingsInternal/Settings.settings
[0b00:0004][2017-10-17T09:47:54] Started: Copying file /Contents/Common7/IDE/ItemTemplates/CSharp/1033/SettingsInternal/Settings.settings to C:\Program Files (x86)\Microsoft Visual Studio\2017\Community\Common7\IDE\ItemTemplates\CSharp\1033\SettingsInternal\Settings.settings
[0b00:0004][2017-10-17T09:47:54] Completed: Copying file /Contents/Common7/IDE/ItemTemplates/CSharp/1033/SettingsInternal/Settings.settings to C:\Program Files (x86)\Microsoft Visual Studio\2017\Community\Common7\IDE\ItemTemplates\CSharp\1033\SettingsInternal\Settings.settings
[0b00:0004][2017-10-17T09:47:54] Timestamp updated for file 'C:\Program Files (x86)\Microsoft Visual Studio\2017\Community\Common7\IDE\ItemTemplates\CSharp\1033\SettingsInternal\Settings.settings'.
[0b00:0004][2017-10-17T09:47:54] Processing file /Contents/Common7/IDE/ItemTemplates/CSharp/1033/SettingsInternal/Settings.vstemplate
[0b00:0004][2017-10-17T09:47:54] Started: Copying file /Contents/Common7/IDE/ItemTemplates/CSharp/1033/SettingsInternal/Settings.vstemplate to C:\Program Files (x86)\Microsoft Visual Studio\2017\Community\Common7\IDE\ItemTemplates\CSharp\1033\SettingsInternal\Settings.vstemplate
[0b00:0004][2017-10-17T09:47:54] Completed: Copying file /Contents/Common7/IDE/ItemTemplates/CSharp/1033/SettingsInternal/Settings.vstemplate to C:\Program Files (x86)\Microsoft Visual Studio\2017\Community\Common7\IDE\ItemTemplates\CSharp\1033\SettingsInternal\Settings.vstemplate
[0b00:0004][2017-10-17T09:47:54] Timestamp updated for file 'C:\Program Files (x86)\Microsoft Visual Studio\2017\Community\Common7\IDE\ItemTemplates\CSharp\1033\SettingsInternal\Settings.vstemplate'.
[0b00:0004][2017-10-17T09:47:54] Processing file /Contents/Common7/IDE/ItemTemplates/CSharp/Data/1033/DataSet/dataset.vstemplate
[0b00:0004][2017-10-17T09:47:54] Started: Copying file /Contents/Common7/IDE/ItemTemplates/CSharp/Data/1033/DataSet/dataset.vstemplate to C:\Program Files (x86)\Microsoft Visual Studio\2017\Community\Common7\IDE\ItemTemplates\CSharp\Data\1033\DataSet\dataset.vstemplate
[0b00:0004][2017-10-17T09:47:54] Completed: Copying file /Contents/Common7/IDE/ItemTemplates/CSharp/Data/1033/DataSet/dataset.vstemplate to C:\Program Files (x86)\Microsoft Visual Studio\2017\Community\Common7\IDE\ItemTemplates\CSharp\Data\1033\DataSet\dataset.vstemplate
[0b00:0004][2017-10-17T09:47:54] Timestamp updated for file 'C:\Program Files (x86)\Microsoft Visual Studio\2017\Community\Common7\IDE\ItemTemplates\CSharp\Data\1033\DataSet\dataset.vstemplate'.
[0b00:0004][2017-10-17T09:47:54] Processing file /Contents/Common7/IDE/ItemTemplates/CSharp/Data/1033/DataSet/dataset.xsd
[0b00:0004][2017-10-17T09:47:54] Started: Copying file /Contents/Common7/IDE/ItemTemplates/CSharp/Data/1033/DataSet/dataset.xsd to C:\Program Files (x86)\Microsoft Visual Studio\2017\Community\Common7\IDE\ItemTemplates\CSharp\Data\1033\DataSet\dataset.xsd
[0b00:0004][2017-10-17T09:47:54] Completed: Copying file /Contents/Common7/IDE/ItemTemplates/CSharp/Data/1033/DataSet/dataset.xsd to C:\Program Files (x86)\Microsoft Visual Studio\2017\Community\Common7\IDE\ItemTemplates\CSharp\Data\1033\DataSet\dataset.xsd
[0b00:0004][2017-10-17T09:47:54] Timestamp updated for file 'C:\Program Files (x86)\Microsoft Visual Studio\2017\Community\Common7\IDE\ItemTemplates\CSharp\Data\1033\DataSet\dataset.xsd'.
[0b00:0004][2017-10-17T09:47:54] Processing file /Contents/Common7/IDE/ItemTemplates/CSharp/Data/1033/EmptyDatabase/Database.mdf
[0b00:0004][2017-10-17T09:47:54] Started: Copying file /Contents/Common7/IDE/ItemTemplates/CSharp/Data/1033/EmptyDatabase/Database.mdf to C:\Program Files (x86)\Microsoft Visual Studio\2017\Community\Common7\IDE\ItemTemplates\CSharp\Data\1033\EmptyDatabase\Database.mdf
[0b00:0004][2017-10-17T09:47:54] Completed: Copying file /Contents/Common7/IDE/ItemTemplates/CSharp/Data/1033/EmptyDatabase/Database.mdf to C:\Program Files (x86)\Microsoft Visual Studio\2017\Community\Common7\IDE\ItemTemplates\CSharp\Data\1033\EmptyDatabase\Database.mdf
[0b00:0004][2017-10-17T09:47:54] Timestamp updated for file 'C:\Program Files (x86)\Microsoft Visual Studio\2017\Community\Common7\IDE\ItemTemplates\CSharp\Data\1033\EmptyDatabase\Database.mdf'.
[0b00:0004][2017-10-17T09:47:54] Processing file /Contents/Common7/IDE/ItemTemplates/CSharp/Data/1033/EmptyDatabase/EmptyDatabase.vstemplate
[0b00:0004][2017-10-17T09:47:54] Started: Copying file /Contents/Common7/IDE/ItemTemplates/CSharp/Data/1033/EmptyDatabase/EmptyDatabase.vstemplate to C:\Program Files (x86)\Microsoft Visual Studio\2017\Community\Common7\IDE\ItemTemplates\CSharp\Data\1033\EmptyDatabase\EmptyDatabase.vstemplate
[0b00:0004][2017-10-17T09:47:54] Completed: Copying file /Contents/Common7/IDE/ItemTemplates/CSharp/Data/1033/EmptyDatabase/EmptyDatabase.vstemplate to C:\Program Files (x86)\Microsoft Visual Studio\2017\Community\Common7\IDE\ItemTemplates\CSharp\Data\1033\EmptyDatabase\EmptyDatabase.vstemplate
[0b00:0004][2017-10-17T09:47:54] Timestamp updated for file 'C:\Program Files (x86)\Microsoft Visual Studio\2017\Community\Common7\IDE\ItemTemplates\CSharp\Data\1033\EmptyDatabase\EmptyDatabase.vstemplate'.
[0b00:0004][2017-10-17T09:47:54] Processing file /Contents/Common7/IDE/ItemTemplates/CSharp/General/1033/Visualizer/Visualizer.cs
[0b00:0004][2017-10-17T09:47:54] Started: Copying file /Contents/Common7/IDE/ItemTemplates/CSharp/General/1033/Visualizer/Visualizer.cs to C:\Program Files (x86)\Microsoft Visual Studio\2017\Community\Common7\IDE\ItemTemplates\CSharp\General\1033\Visualizer\Visualizer.cs
[0b00:0004][2017-10-17T09:47:54] Completed: Copying file /Contents/Common7/IDE/ItemTemplates/CSharp/General/1033/Visualizer/Visualizer.cs to C:\Program Files (x86)\Microsoft Visual Studio\2017\Community\Common7\IDE\ItemTemplates\CSharp\General\1033\Visualizer\Visualizer.cs
[0b00:0004][2017-10-17T09:47:54] Timestamp updated for file 'C:\Program Files (x86)\Microsoft Visual Studio\2017\Community\Common7\IDE\ItemTemplates\CSharp\General\1033\Visualizer\Visualizer.cs'.
[0b00:0004][2017-10-17T09:47:54] Processing file /Contents/Common7/IDE/ItemTemplates/CSharp/General/1033/Visualizer/Visualizer.vstemplate
[0b00:0004][2017-10-17T09:47:54] Started: Copying file /Contents/Common7/IDE/ItemTemplates/CSharp/General/1033/Visualizer/Visualizer.vstemplate to C:\Program Files (x86)\Microsoft Visual Studio\2017\Community\Common7\IDE\ItemTemplates\CSharp\General\1033\Visualizer\Visualizer.vstemplate
[0b00:0004][2017-10-17T09:47:54] Completed: Copying file /Contents/Common7/IDE/ItemTemplates/CSharp/General/1033/Visualizer/Visualizer.vstemplate to C:\Program Files (x86)\Microsoft Visual Studio\2017\Community\Common7\IDE\ItemTemplates\CSharp\General\1033\Visualizer\Visualizer.vstemplate
[0b00:0004][2017-10-17T09:47:54] Timestamp updated for file 'C:\Program Files (x86)\Microsoft Visual Studio\2017\Community\Common7\IDE\ItemTemplates\CSharp\General\1033\Visualizer\Visualizer.vstemplate'.
[0b00:0004][2017-10-17T09:47:54] Processing file /contents/Common7/IDE/ItemTemplates/Microsoft.VisualStudio.Templates.CS.ManagedCore.Resources.en-US.Item..vstman
[0b00:0004][2017-10-17T09:47:54] Started: Copying file /contents/Common7/IDE/ItemTemplates/Microsoft.VisualStudio.Templates.CS.ManagedCore.Resources.en-US.Item..vstman to C:\Program Files (x86)\Microsoft Visual Studio\2017\Community\Common7\IDE\ItemTemplates\Microsoft.VisualStudio.Templates.CS.ManagedCore.Resources.en-US.Item..vstman
[0b00:0004][2017-10-17T09:47:54] Completed: Copying file /contents/Common7/IDE/ItemTemplates/Microsoft.VisualStudio.Templates.CS.ManagedCore.Resources.en-US.Item..vstman to C:\Program Files (x86)\Microsoft Visual Studio\2017\Community\Common7\IDE\ItemTemplates\Microsoft.VisualStudio.Templates.CS.ManagedCore.Resources.en-US.Item..vstman
[0b00:0004][2017-10-17T09:47:54] Timestamp updated for file 'C:\Program Files (x86)\Microsoft Visual Studio\2017\Community\Common7\IDE\ItemTemplates\Microsoft.VisualStudio.Templates.CS.ManagedCore.Resources.en-US.Item..vstman'.
[0b00:0004][2017-10-17T09:47:54] Processing file /Contents/Common7/IDE/ProjectTemplates/CSharp/Windows/1033/ClassLibrary/assemblyinfo.cs
[0b00:0004][2017-10-17T09:47:54] Started: Copying file /Contents/Common7/IDE/ProjectTemplates/CSharp/Windows/1033/ClassLibrary/assemblyinfo.cs to C:\Program Files (x86)\Microsoft Visual Studio\2017\Community\Common7\IDE\ProjectTemplates\CSharp\Windows\1033\ClassLibrary\assemblyinfo.cs
[0b00:0004][2017-10-17T09:47:54] Completed: Copying file /Contents/Common7/IDE/ProjectTemplates/CSharp/Windows/1033/ClassLibrary/assemblyinfo.cs to C:\Program Files (x86)\Microsoft Visual Studio\2017\Community\Common7\IDE\ProjectTemplates\CSharp\Windows\1033\ClassLibrary\assemblyinfo.cs
[0b00:0004][2017-10-17T09:47:54] Timestamp updated for file 'C:\Program Files (x86)\Microsoft Visual Studio\2017\Community\Common7\IDE\ProjectTemplates\CSharp\Windows\1033\ClassLibrary\assemblyinfo.cs'.
[0b00:0004][2017-10-17T09:47:54] Processing file /Contents/Common7/IDE/ProjectTemplates/CSharp/Windows/1033/ClassLibrary/class1.cs
[0b00:0004][2017-10-17T09:47:54] Started: Copying file /Contents/Common7/IDE/ProjectTemplates/CSharp/Windows/1033/ClassLibrary/class1.cs to C:\Program Files (x86)\Microsoft Visual Studio\2017\Community\Common7\IDE\ProjectTemplates\CSharp\Windows\1033\ClassLibrary\class1.cs
[0b00:0004][2017-10-17T09:47:54] Completed: Copying file /Contents/Common7/IDE/ProjectTemplates/CSharp/Windows/1033/ClassLibrary/class1.cs to C:\Program Files (x86)\Microsoft Visual Studio\2017\Community\Common7\IDE\ProjectTemplates\CSharp\Windows\1033\ClassLibrary\class1.cs
[0b00:0004][2017-10-17T09:47:54] Timestamp updated for file 'C:\Program Files (x86)\Microsoft Visual Studio\2017\Community\Common7\IDE\ProjectTemplates\CSharp\Windows\1033\ClassLibrary\class1.cs'.
[0b00:0004][2017-10-17T09:47:54] Processing file /Contents/Common7/IDE/ProjectTemplates/CSharp/Windows/1033/ClassLibrary/classlibrary.csproj
[0b00:0004][2017-10-17T09:47:54] Started: Copying file /Contents/Common7/IDE/ProjectTemplates/CSharp/Windows/1033/ClassLibrary/classlibrary.csproj to C:\Program Files (x86)\Microsoft Visual Studio\2017\Community\Common7\IDE\ProjectTemplates\CSharp\Windows\1033\ClassLibrary\classlibrary.csproj
[0b00:0004][2017-10-17T09:47:54] Completed: Copying file /Contents/Common7/IDE/ProjectTemplates/CSharp/Windows/1033/ClassLibrary/classlibrary.csproj to C:\Program Files (x86)\Microsoft Visual Studio\2017\Community\Common7\IDE\ProjectTemplates\CSharp\Windows\1033\ClassLibrary\classlibrary.csproj
[0b00:0004][2017-10-17T09:47:54] Timestamp updated for file 'C:\Program Files (x86)\Microsoft Visual Studio\2017\Community\Common7\IDE\ProjectTemplates\CSharp\Windows\1033\ClassLibrary\classlibrary.csproj'.
[0b00:0004][2017-10-17T09:47:54] Processing file /Contents/Common7/IDE/ProjectTemplates/CSharp/Windows/1033/ClassLibrary/csClassLibrary.vstemplate
[0b00:0004][2017-10-17T09:47:54] Started: Copying file /Contents/Common7/IDE/ProjectTemplates/CSharp/Windows/1033/ClassLibrary/csClassLibrary.vstemplate to C:\Program Files (x86)\Microsoft Visual Studio\2017\Community\Common7\IDE\ProjectTemplates\CSharp\Windows\1033\ClassLibrary\csClassLibrary.vstemplate
[0b00:0004][2017-10-17T09:47:54] Completed: Copying file /Contents/Common7/IDE/ProjectTemplates/CSharp/Windows/1033/ClassLibrary/csClassLibrary.vstemplate to C:\Program Files (x86)\Microsoft Visual Studio\2017\Community\Common7\IDE\ProjectTemplates\CSharp\Windows\1033\ClassLibrary\csClassLibrary.vstemplate
[0b00:0004][2017-10-17T09:47:54] Timestamp updated for file 'C:\Program Files (x86)\Microsoft Visual Studio\2017\Community\Common7\IDE\ProjectTemplates\CSharp\Windows\1033\ClassLibrary\csClassLibrary.vstemplate'.
[0b00:0004][2017-10-17T09:47:54] Processing file /Contents/Common7/IDE/ProjectTemplates/CSharp/Windows/1033/ConsoleApplication/App.config
[0b00:0004][2017-10-17T09:47:54] Started: Copying file /Contents/Common7/IDE/ProjectTemplates/CSharp/Windows/1033/ConsoleApplication/App.config to C:\Program Files (x86)\Microsoft Visual Studio\2017\Community\Common7\IDE\ProjectTemplates\CSharp\Windows\1033\ConsoleApplication\App.config
[0b00:0004][2017-10-17T09:47:54] Completed: Copying file /Contents/Common7/IDE/ProjectTemplates/CSharp/Windows/1033/ConsoleApplication/App.config to C:\Program Files (x86)\Microsoft Visual Studio\2017\Community\Common7\IDE\ProjectTemplates\CSharp\Windows\1033\ConsoleApplication\App.config
[0b00:0004][2017-10-17T09:47:54] Timestamp updated for file 'C:\Program Files (x86)\Microsoft Visual Studio\2017\Community\Common7\IDE\ProjectTemplates\CSharp\Windows\1033\ConsoleApplication\App.config'.
[0b00:0004][2017-10-17T09:47:54] Processing file /Contents/Common7/IDE/ProjectTemplates/CSharp/Windows/1033/ConsoleApplication/assemblyinfo.cs
[0b00:0004][2017-10-17T09:47:54] Started: Copying file /Contents/Common7/IDE/ProjectTemplates/CSharp/Windows/1033/ConsoleApplication/assemblyinfo.cs to C:\Program Files (x86)\Microsoft Visual Studio\2017\Community\Common7\IDE\ProjectTemplates\CSharp\Windows\1033\ConsoleApplication\assemblyinfo.cs
[0b00:0004][2017-10-17T09:47:54] Completed: Copying file /Contents/Common7/IDE/ProjectTemplates/CSharp/Windows/1033/ConsoleApplication/assemblyinfo.cs to C:\Program Files (x86)\Microsoft Visual Studio\2017\Community\Common7\IDE\ProjectTemplates\CSharp\Windows\1033\ConsoleApplication\assemblyinfo.cs
[0b00:0004][2017-10-17T09:47:54] Timestamp updated for file 'C:\Program Files (x86)\Microsoft Visual Studio\2017\Community\Common7\IDE\ProjectTemplates\CSharp\Windows\1033\ConsoleApplication\assemblyinfo.cs'.
[0b00:0004][2017-10-17T09:47:54] Processing file /Contents/Common7/IDE/ProjectTemplates/CSharp/Windows/1033/ConsoleApplication/consoleapplication.csproj
[0b00:0004][2017-10-17T09:47:54] Started: Copying file /Contents/Common7/IDE/ProjectTemplates/CSharp/Windows/1033/ConsoleApplication/consoleapplication.csproj to C:\Program Files (x86)\Microsoft Visual Studio\2017\Community\Common7\IDE\ProjectTemplates\CSharp\Windows\1033\ConsoleApplication\consoleapplication.csproj
[0b00:0004][2017-10-17T09:47:54] Completed: Copying file /Contents/Common7/IDE/ProjectTemplates/CSharp/Windows/1033/ConsoleApplication/consoleapplication.csproj to C:\Program Files (x86)\Microsoft Visual Studio\2017\Community\Common7\IDE\ProjectTemplates\CSharp\Windows\1033\ConsoleApplication\consoleapplication.csproj
[0b00:0004][2017-10-17T09:47:54] Timestamp updated for file 'C:\Program Files (x86)\Microsoft Visual Studio\2017\Community\Common7\IDE\ProjectTemplates\CSharp\Windows\1033\ConsoleApplication\consoleapplication.csproj'.
[0b00:0004][2017-10-17T09:47:54] Processing file /Contents/Common7/IDE/ProjectTemplates/CSharp/Windows/1033/ConsoleApplication/csConsoleApplication.vstemplate
[0b00:0004][2017-10-17T09:47:54] Started: Copying file /Contents/Common7/IDE/ProjectTemplates/CSharp/Windows/1033/ConsoleApplication/csConsoleApplication.vstemplate to C:\Program Files (x86)\Microsoft Visual Studio\2017\Community\Common7\IDE\ProjectTemplates\CSharp\Windows\1033\ConsoleApplication\csConsoleApplication.vstemplate
[0b00:0004][2017-10-17T09:47:54] Completed: Copying file /Contents/Common7/IDE/ProjectTemplates/CSharp/Windows/1033/ConsoleApplication/csConsoleApplication.vstemplate to C:\Program Files (x86)\Microsoft Visual Studio\2017\Community\Common7\IDE\ProjectTemplates\CSharp\Windows\1033\ConsoleApplication\csConsoleApplication.vstemplate
[0b00:0004][2017-10-17T09:47:54] Timestamp updated for file 'C:\Program Files (x86)\Microsoft Visual Studio\2017\Community\Common7\IDE\ProjectTemplates\CSharp\Windows\1033\ConsoleApplication\csConsoleApplication.vstemplate'.
[0b00:0004][2017-10-17T09:47:54] Processing file /Contents/Common7/IDE/ProjectTemplates/CSharp/Windows/1033/ConsoleApplication/program.cs
[0b00:0004][2017-10-17T09:47:54] Started: Copying file /Contents/Common7/IDE/ProjectTemplates/CSharp/Windows/1033/ConsoleApplication/program.cs to C:\Program Files (x86)\Microsoft Visual Studio\2017\Community\Common7\IDE\ProjectTemplates\CSharp\Windows\1033\ConsoleApplication\program.cs
[0b00:0004][2017-10-17T09:47:54] Completed: Copying file /Contents/Common7/IDE/ProjectTemplates/CSharp/Windows/1033/ConsoleApplication/program.cs to C:\Program Files (x86)\Microsoft Visual Studio\2017\Community\Common7\IDE\ProjectTemplates\CSharp\Windows\1033\ConsoleApplication\program.cs
[0b00:0004][2017-10-17T09:47:54] Timestamp updated for file 'C:\Program Files (x86)\Microsoft Visual Studio\2017\Community\Common7\IDE\ProjectTemplates\CSharp\Windows\1033\ConsoleApplication\program.cs'.
[0b00:0004][2017-10-17T09:47:54] Processing file /Contents/Common7/IDE/ProjectTemplates/CSharp/Windows/1033/EmptyProject/App.config
[0b00:0004][2017-10-17T09:47:54] Started: Copying file /Contents/Common7/IDE/ProjectTemplates/CSharp/Windows/1033/EmptyProject/App.config to C:\Program Files (x86)\Microsoft Visual Studio\2017\Community\Common7\IDE\ProjectTemplates\CSharp\Windows\1033\EmptyProject\App.config
[0b00:0004][2017-10-17T09:47:54] Completed: Copying file /Contents/Common7/IDE/ProjectTemplates/CSharp/Windows/1033/EmptyProject/App.config to C:\Program Files (x86)\Microsoft Visual Studio\2017\Community\Common7\IDE\ProjectTemplates\CSharp\Windows\1033\EmptyProject\App.config
[0b00:0004][2017-10-17T09:47:54] Timestamp updated for file 'C:\Program Files (x86)\Microsoft Visual Studio\2017\Community\Common7\IDE\ProjectTemplates\CSharp\Windows\1033\EmptyProject\App.config'.
[0b00:0004][2017-10-17T09:47:54] Processing file /Contents/Common7/IDE/ProjectTemplates/CSharp/Windows/1033/EmptyProject/csEmptyProject.vstemplate
[0b00:0004][2017-10-17T09:47:54] Started: Copying file /Contents/Common7/IDE/ProjectTemplates/CSharp/Windows/1033/EmptyProject/csEmptyProject.vstemplate to C:\Program Files (x86)\Microsoft Visual Studio\2017\Community\Common7\IDE\ProjectTemplates\CSharp\Windows\1033\EmptyProject\csEmptyProject.vstemplate
[0b00:0004][2017-10-17T09:47:54] Completed: Copying file /Contents/Common7/IDE/ProjectTemplates/CSharp/Windows/1033/EmptyProject/csEmptyProject.vstemplate to C:\Program Files (x86)\Microsoft Visual Studio\2017\Community\Common7\IDE\ProjectTemplates\CSharp\Windows\1033\EmptyProject\csEmptyProject.vstemplate
[0b00:0004][2017-10-17T09:47:54] Timestamp updated for file 'C:\Program Files (x86)\Microsoft Visual Studio\2017\Community\Common7\IDE\ProjectTemplates\CSharp\Windows\1033\EmptyProject\csEmptyProject.vstemplate'.
[0b00:0004][2017-10-17T09:47:54] Processing file /Contents/Common7/IDE/ProjectTemplates/CSharp/Windows/1033/EmptyProject/EmptyProject.csproj
[0b00:0004][2017-10-17T09:47:54] Started: Copying file /Contents/Common7/IDE/ProjectTemplates/CSharp/Windows/1033/EmptyProject/EmptyProject.csproj to C:\Program Files (x86)\Microsoft Visual Studio\2017\Community\Common7\IDE\ProjectTemplates\CSharp\Windows\1033\EmptyProject\EmptyProject.csproj
[0b00:0004][2017-10-17T09:47:54] Completed: Copying file /Contents/Common7/IDE/ProjectTemplates/CSharp/Windows/1033/EmptyProject/EmptyProject.csproj to C:\Program Files (x86)\Microsoft Visual Studio\2017\Community\Common7\IDE\ProjectTemplates\CSharp\Windows\1033\EmptyProject\EmptyProject.csproj
[0b00:0004][2017-10-17T09:47:54] Timestamp updated for file 'C:\Program Files (x86)\Microsoft Visual Studio\2017\Community\Common7\IDE\ProjectTemplates\CSharp\Windows\1033\EmptyProject\EmptyProject.csproj'.
[0b00:0004][2017-10-17T09:47:54] Processing file /Contents/Common7/IDE/ProjectTemplates/CSharp/Windows/1033/SharedProject/SharedProject.projitems
[0b00:0004][2017-10-17T09:47:54] Started: Copying file /Contents/Common7/IDE/ProjectTemplates/CSharp/Windows/1033/SharedProject/SharedProject.projitems to C:\Program Files (x86)\Microsoft Visual Studio\2017\Community\Common7\IDE\ProjectTemplates\CSharp\Windows\1033\SharedProject\SharedProject.projitems
[0b00:0004][2017-10-17T09:47:54] Completed: Copying file /Contents/Common7/IDE/ProjectTemplates/CSharp/Windows/1033/SharedProject/SharedProject.projitems to C:\Program Files (x86)\Microsoft Visual Studio\2017\Community\Common7\IDE\ProjectTemplates\CSharp\Windows\1033\SharedProject\SharedProject.projitems
[0b00:0004][2017-10-17T09:47:54] Timestamp updated for file 'C:\Program Files (x86)\Microsoft Visual Studio\2017\Community\Common7\IDE\ProjectTemplates\CSharp\Windows\1033\SharedProject\SharedProject.projitems'.
[0b00:0004][2017-10-17T09:47:54] Processing file /Contents/Common7/IDE/ProjectTemplates/CSharp/Windows/1033/SharedProject/SharedProject.shproj
[0b00:0004][2017-10-17T09:47:54] Started: Copying file /Contents/Common7/IDE/ProjectTemplates/CSharp/Windows/1033/SharedProject/SharedProject.shproj to C:\Program Files (x86)\Microsoft Visual Studio\2017\Community\Common7\IDE\ProjectTemplates\CSharp\Windows\1033\SharedProject\SharedProject.shproj
[0b00:0004][2017-10-17T09:47:54] Completed: Copying file /Contents/Common7/IDE/ProjectTemplates/CSharp/Windows/1033/SharedProject/SharedProject.shproj to C:\Program Files (x86)\Microsoft Visual Studio\2017\Community\Common7\IDE\ProjectTemplates\CSharp\Windows\1033\SharedProject\SharedProject.shproj
[0b00:0004][2017-10-17T09:47:54] Timestamp updated for file 'C:\Program Files (x86)\Microsoft Visual Studio\2017\Community\Common7\IDE\ProjectTemplates\CSharp\Windows\1033\SharedProject\SharedProject.shproj'.
[0b00:0004][2017-10-17T09:47:54] Processing file /Contents/Common7/IDE/ProjectTemplates/CSharp/Windows/1033/SharedProject/SharedProject.vstemplate
[0b00:0004][2017-10-17T09:47:54] Started: Copying file /Contents/Common7/IDE/ProjectTemplates/CSharp/Windows/1033/SharedProject/SharedProject.vstemplate to C:\Program Files (x86)\Microsoft Visual Studio\2017\Community\Common7\IDE\ProjectTemplates\CSharp\Windows\1033\SharedProject\SharedProject.vstemplate
[0b00:0004][2017-10-17T09:47:54] Completed: Copying file /Contents/Common7/IDE/ProjectTemplates/CSharp/Windows/1033/SharedProject/SharedProject.vstemplate to C:\Program Files (x86)\Microsoft Visual Studio\2017\Community\Common7\IDE\ProjectTemplates\CSharp\Windows\1033\SharedProject\SharedProject.vstemplate
[0b00:0004][2017-10-17T09:47:54] Timestamp updated for file 'C:\Program Files (x86)\Microsoft Visual Studio\2017\Community\Common7\IDE\ProjectTemplates\CSharp\Windows\1033\SharedProject\SharedProject.vstemplate'.
[0b00:0004][2017-10-17T09:47:54] Processing file /contents/Common7/IDE/ProjectTemplates/Microsoft.VisualStudio.Templates.CS.ManagedCore.Resources.en-US.Project..vstman
[0b00:0004][2017-10-17T09:47:54] Started: Copying file /contents/Common7/IDE/ProjectTemplates/Microsoft.VisualStudio.Templates.CS.ManagedCore.Resources.en-US.Project..vstman to C:\Program Files (x86)\Microsoft Visual Studio\2017\Community\Common7\IDE\ProjectTemplates\Microsoft.VisualStudio.Templates.CS.ManagedCore.Resources.en-US.Project..vstman
[0b00:0004][2017-10-17T09:47:54] Completed: Copying file /contents/Common7/IDE/ProjectTemplates/Microsoft.VisualStudio.Templates.CS.ManagedCore.Resources.en-US.Project..vstman to C:\Program Files (x86)\Microsoft Visual Studio\2017\Community\Common7\IDE\ProjectTemplates\Microsoft.VisualStudio.Templates.CS.ManagedCore.Resources.en-US.Project..vstman
[0b00:0004][2017-10-17T09:47:54] Timestamp updated for file 'C:\Program Files (x86)\Microsoft Visual Studio\2017\Community\Common7\IDE\ProjectTemplates\Microsoft.VisualStudio.Templates.CS.ManagedCore.Resources.en-US.Project..vstman'.
[0b00:0004][2017-10-17T09:47:54] Package executed successfully. Return code: 0
