[01B0:098C][2017-10-17T09:47:08]i001: Burn v3.7.3813.0, Windows v10.0 (Build 14393: Service Pack 0), path: C:\ProgramData\Microsoft\VisualStudio\Packages\Microsoft.VisualCpp.Redist.14,version=14.11.25325,chip=x86\VC_redist.x86.exe, cmdline: '/q /norestart /log "C:\Users\ContainerAdministrator\AppData\Local\Temp\dd_setup_20171017094538_132_Microsoft.VisualCpp.Redist.14.log" -burn.unelevated BurnPipe.{F1A5D2D2-BB8B-487C-B8CE-CB5CE9C8AF73} {6112E0BD-D102-4FAE-B17E-9E7EC254E9B0} 372'
[01B0:098C][2017-10-17T09:47:08]i000: Setting string variable 'WixBundleLog' to value 'C:\Users\ContainerAdministrator\AppData\Local\Temp\dd_setup_20171017094538_132_Microsoft.VisualCpp.Redist.14.log'
[01B0:098C][2017-10-17T09:47:08]i000: Setting string variable 'WixBundleOriginalSource' to value 'C:\ProgramData\Microsoft\VisualStudio\Packages\Microsoft.VisualCpp.Redist.14,version=14.11.25325,chip=x86\VC_redist.x86.exe'
[01B0:098C][2017-10-17T09:47:08]i000: Setting string variable 'WixBundleOriginalSourceFolder' to value 'C:\ProgramData\Microsoft\VisualStudio\Packages\Microsoft.VisualCpp.Redist.14,version=14.11.25325,chip=x86\'
[01B0:098C][2017-10-17T09:47:08]i000: Setting string variable 'WixBundleName' to value 'Microsoft Visual C++ 2017 Redistributable (x86) - 14.11.25325'
[01B0:098C][2017-10-17T09:47:09]i100: Detect begin, 10 packages
[01B0:098C][2017-10-17T09:47:09]i000: Setting version variable 'windows_uCRT_DetectKey' to value '10.0.14393.1770'
[01B0:098C][2017-10-17T09:47:09]i000: Setting numeric variable 'windows_uCRT_DetectKeyExists' to value 1
[01B0:098C][2017-10-17T09:47:09]i052: Condition '(VersionNT = v6.3 AND NOT VersionNT64) AND (windows_uCRT_DetectKeyExists AND windows_uCRT_DetectKey >= v10.0.10240.0)' evaluates to false.
[01B0:098C][2017-10-17T09:47:09]i052: Condition '(VersionNT = v6.3 AND VersionNT64) AND (windows_uCRT_DetectKeyExists AND windows_uCRT_DetectKey >= v10.0.10240.0)' evaluates to false.
[01B0:098C][2017-10-17T09:47:09]i052: Condition '(VersionNT = v6.2 AND NOT VersionNT64) AND (windows_uCRT_DetectKeyExists AND windows_uCRT_DetectKey >= v10.0.10240.0)' evaluates to false.
[01B0:098C][2017-10-17T09:47:09]i052: Condition '(VersionNT = v6.2 AND VersionNT64) AND (windows_uCRT_DetectKeyExists AND windows_uCRT_DetectKey >= v10.0.10240.0)' evaluates to false.
[01B0:098C][2017-10-17T09:47:09]i052: Condition '(VersionNT = v6.1 AND NOT VersionNT64) AND (windows_uCRT_DetectKeyExists AND windows_uCRT_DetectKey >= v10.0.10240.0)' evaluates to false.
[01B0:098C][2017-10-17T09:47:09]i052: Condition '(VersionNT = v6.1 AND VersionNT64) AND (windows_uCRT_DetectKeyExists AND windows_uCRT_DetectKey >= v10.0.10240.0)' evaluates to false.
[01B0:098C][2017-10-17T09:47:09]i052: Condition '(VersionNT = v6.0 AND NOT VersionNT64) AND (windows_uCRT_DetectKeyExists AND windows_uCRT_DetectKey >= v10.0.10240.0)' evaluates to false.
[01B0:098C][2017-10-17T09:47:09]i052: Condition '(VersionNT = v6.0 AND VersionNT64) AND (windows_uCRT_DetectKeyExists AND windows_uCRT_DetectKey >= v10.0.10240.0)' evaluates to false.
[01B0:098C][2017-10-17T09:47:09]i101: Detected package: vcRuntimeMinimum_x86, state: Absent, cached: None
[01B0:098C][2017-10-17T09:47:09]i101: Detected package: vcRuntimeAdditional_x86, state: Absent, cached: None
[01B0:098C][2017-10-17T09:47:09]i101: Detected package: Windows81_x86, state: Absent, cached: None
[01B0:098C][2017-10-17T09:47:09]i101: Detected package: Windows81_x64, state: Absent, cached: None
[01B0:098C][2017-10-17T09:47:09]i101: Detected package: Windows8_x86, state: Absent, cached: None
[01B0:098C][2017-10-17T09:47:09]i101: Detected package: Windows8_x64, state: Absent, cached: None
[01B0:098C][2017-10-17T09:47:09]i101: Detected package: Windows7_MSU_x86, state: Absent, cached: None
[01B0:098C][2017-10-17T09:47:09]i101: Detected package: Windows7_MSU_x64, state: Absent, cached: None
[01B0:098C][2017-10-17T09:47:09]i101: Detected package: WindowsVista_MSU_x86, state: Absent, cached: None
[01B0:098C][2017-10-17T09:47:09]i101: Detected package: WindowsVista_MSU_x64, state: Absent, cached: None
[01B0:098C][2017-10-17T09:47:09]i052: Condition 'VersionNT >= v6.0 OR (VersionNT = v5.1 AND ServicePackLevel >= 2) OR (VersionNT = v5.2 AND ServicePackLevel >= 1)' evaluates to true.
[01B0:098C][2017-10-17T09:47:09]i199: Detect complete, result: 0x0
[01B0:098C][2017-10-17T09:47:09]i200: Plan begin, 10 packages, action: Install
[01B0:098C][2017-10-17T09:47:09]i000: Setting string variable 'WixBundleRollbackLog_vcRuntimeMinimum_x86' to value 'C:\Users\ContainerAdministrator\AppData\Local\Temp\dd_setup_20171017094538_132_Microsoft.VisualCpp.Redist.14_000_vcRuntimeMinimum_x86_rollback.log'
[01B0:098C][2017-10-17T09:47:09]i000: Setting string variable 'WixBundleLog_vcRuntimeMinimum_x86' to value 'C:\Users\ContainerAdministrator\AppData\Local\Temp\dd_setup_20171017094538_132_Microsoft.VisualCpp.Redist.14_000_vcRuntimeMinimum_x86.log'
[01B0:098C][2017-10-17T09:47:09]i000: Setting string variable 'WixBundleRollbackLog_vcRuntimeAdditional_x86' to value 'C:\Users\ContainerAdministrator\AppData\Local\Temp\dd_setup_20171017094538_132_Microsoft.VisualCpp.Redist.14_001_vcRuntimeAdditional_x86_rollback.log'
[01B0:098C][2017-10-17T09:47:09]i000: Setting string variable 'WixBundleLog_vcRuntimeAdditional_x86' to value 'C:\Users\ContainerAdministrator\AppData\Local\Temp\dd_setup_20171017094538_132_Microsoft.VisualCpp.Redist.14_001_vcRuntimeAdditional_x86.log'
[01B0:098C][2017-10-17T09:47:09]i052: Condition 'VersionNT = v6.3 AND NOT VersionNT64' evaluates to false.
[01B0:098C][2017-10-17T09:47:09]w321: Skipping dependency registration on package with no dependency providers: Windows81_x86
[01B0:098C][2017-10-17T09:47:09]i052: Condition 'VersionNT = v6.3 AND VersionNT64' evaluates to false.
[01B0:098C][2017-10-17T09:47:09]w321: Skipping dependency registration on package with no dependency providers: Windows81_x64
[01B0:098C][2017-10-17T09:47:09]i052: Condition 'VersionNT = v6.2 AND NOT VersionNT64' evaluates to false.
[01B0:098C][2017-10-17T09:47:09]w321: Skipping dependency registration on package with no dependency providers: Windows8_x86
[01B0:098C][2017-10-17T09:47:09]i052: Condition 'VersionNT = v6.2 AND VersionNT64' evaluates to false.
[01B0:098C][2017-10-17T09:47:09]w321: Skipping dependency registration on package with no dependency providers: Windows8_x64
[01B0:098C][2017-10-17T09:47:09]i052: Condition 'VersionNT = v6.1 AND NOT VersionNT64' evaluates to false.
[01B0:098C][2017-10-17T09:47:09]w321: Skipping dependency registration on package with no dependency providers: Windows7_MSU_x86
[01B0:098C][2017-10-17T09:47:09]i052: Condition 'VersionNT = v6.1 AND VersionNT64' evaluates to false.
[01B0:098C][2017-10-17T09:47:09]w321: Skipping dependency registration on package with no dependency providers: Windows7_MSU_x64
[01B0:098C][2017-10-17T09:47:09]i052: Condition 'VersionNT = v6.0 AND NOT VersionNT64' evaluates to false.
[01B0:098C][2017-10-17T09:47:09]w321: Skipping dependency registration on package with no dependency providers: WindowsVista_MSU_x86
[01B0:098C][2017-10-17T09:47:09]i052: Condition 'VersionNT = v6.0 AND VersionNT64' evaluates to false.
[01B0:098C][2017-10-17T09:47:09]w321: Skipping dependency registration on package with no dependency providers: WindowsVista_MSU_x64
[01B0:098C][2017-10-17T09:47:09]i201: Planned package: vcRuntimeMinimum_x86, state: Absent, default requested: Present, ba requested: Present, execute: Install, rollback: Uninstall, cache: Yes, uncache: No, dependency: Register
[01B0:098C][2017-10-17T09:47:09]i201: Planned package: vcRuntimeAdditional_x86, state: Absent, default requested: Present, ba requested: Present, execute: Install, rollback: Uninstall, cache: Yes, uncache: No, dependency: Register
[01B0:098C][2017-10-17T09:47:09]i201: Planned package: Windows81_x86, state: Absent, default requested: Absent, ba requested: Absent, execute: None, rollback: None, cache: No, uncache: No, dependency: None
[01B0:098C][2017-10-17T09:47:09]i201: Planned package: Windows81_x64, state: Absent, default requested: Absent, ba requested: Absent, execute: None, rollback: None, cache: No, uncache: No, dependency: None
[01B0:098C][2017-10-17T09:47:09]i201: Planned package: Windows8_x86, state: Absent, default requested: Absent, ba requested: Absent, execute: None, rollback: None, cache: No, uncache: No, dependency: None
[01B0:098C][2017-10-17T09:47:09]i201: Planned package: Windows8_x64, state: Absent, default requested: Absent, ba requested: Absent, execute: None, rollback: None, cache: No, uncache: No, dependency: None
[01B0:098C][2017-10-17T09:47:09]i201: Planned package: Windows7_MSU_x86, state: Absent, default requested: Absent, ba requested: Absent, execute: None, rollback: None, cache: No, uncache: No, dependency: None
[01B0:098C][2017-10-17T09:47:09]i201: Planned package: Windows7_MSU_x64, state: Absent, default requested: Absent, ba requested: Absent, execute: None, rollback: None, cache: No, uncache: No, dependency: None
[01B0:098C][2017-10-17T09:47:09]i201: Planned package: WindowsVista_MSU_x86, state: Absent, default requested: Absent, ba requested: Absent, execute: None, rollback: None, cache: No, uncache: No, dependency: None
[01B0:098C][2017-10-17T09:47:09]i201: Planned package: WindowsVista_MSU_x64, state: Absent, default requested: Absent, ba requested: Absent, execute: None, rollback: None, cache: No, uncache: No, dependency: None
[01B0:098C][2017-10-17T09:47:09]i299: Plan complete, result: 0x0
[01B0:098C][2017-10-17T09:47:09]i300: Apply begin
[0174:0934][2017-10-17T09:47:09]w308: Automatic updates could not be paused due to error: 0x80040154. Continuing...
[0174:0934][2017-10-17T09:47:09]i360: Creating a system restore point.
[0174:0934][2017-10-17T09:47:09]i362: System restore disabled, system restore point not created.
[0174:0934][2017-10-17T09:47:09]i370: Session begin, registration key: SOFTWARE\Microsoft\Windows\CurrentVersion\Uninstall\{404c9c27-8377-4fd1-b607-7ca635db4e49}, options: 0x7, disable resume: No
[0174:0934][2017-10-17T09:47:09]i000: Caching bundle from: 'C:\Users\ContainerAdministrator\AppData\Local\Temp\{404c9c27-8377-4fd1-b607-7ca635db4e49}\.be\VC_redist.x86.exe' to: 'C:\ProgramData\Package Cache\{404c9c27-8377-4fd1-b607-7ca635db4e49}\VC_redist.x86.exe'
[0174:0934][2017-10-17T09:47:09]i320: Registering bundle dependency provider: ,,x86,14.0,bundle, version: 14.11.25325.0
[0174:0934][2017-10-17T09:47:09]i371: Updating session, registration key: SOFTWARE\Microsoft\Windows\CurrentVersion\Uninstall\{404c9c27-8377-4fd1-b607-7ca635db4e49}, resume: Active, restart initiated: No, disable resume: No
[0174:07C0][2017-10-17T09:47:09]i304: Verified existing payload: vcRuntimeMinimum_x86 at path: C:\ProgramData\Package Cache\.unverified\vcRuntimeMinimum_x86.
[0174:07C0][2017-10-17T09:47:09]i305: Verified acquired payload: vcRuntimeMinimum_x86 at path: C:\ProgramData\Package Cache\.unverified\vcRuntimeMinimum_x86, moving to: C:\ProgramData\Package Cache\{029DA848-1A80-34D3-BFC1-A6447BFC8E7F}v14.11.25325\packages\vcRuntimeMinimum_x86\vc_runtimeMinimum_x86.msi.
[0174:07C0][2017-10-17T09:47:09]i304: Verified existing payload: cab54A5CABBE7274D8A22EB58060AAB7623 at path: C:\ProgramData\Package Cache\.unverified\cab54A5CABBE7274D8A22EB58060AAB7623.
[0174:07C0][2017-10-17T09:47:09]i305: Verified acquired payload: cab54A5CABBE7274D8A22EB58060AAB7623 at path: C:\ProgramData\Package Cache\.unverified\cab54A5CABBE7274D8A22EB58060AAB7623, moving to: C:\ProgramData\Package Cache\{029DA848-1A80-34D3-BFC1-A6447BFC8E7F}v14.11.25325\packages\vcRuntimeMinimum_x86\cab1.cab.
[0174:07C0][2017-10-17T09:47:09]i304: Verified existing payload: vcRuntimeAdditional_x86 at path: C:\ProgramData\Package Cache\.unverified\vcRuntimeAdditional_x86.
[0174:07C0][2017-10-17T09:47:09]i305: Verified acquired payload: vcRuntimeAdditional_x86 at path: C:\ProgramData\Package Cache\.unverified\vcRuntimeAdditional_x86, moving to: C:\ProgramData\Package Cache\{568CD07E-0824-3EEB-AEC1-8FD51F3C85CF}v14.11.25325\packages\vcRuntimeAdditional_x86\vc_runtimeAdditional_x86.msi.
[0174:07C0][2017-10-17T09:47:09]i304: Verified existing payload: cabB3E1576D1FEFBB979E13B1A5379E0B16 at path: C:\ProgramData\Package Cache\.unverified\cabB3E1576D1FEFBB979E13B1A5379E0B16.
[0174:07C0][2017-10-17T09:47:09]i305: Verified acquired payload: cabB3E1576D1FEFBB979E13B1A5379E0B16 at path: C:\ProgramData\Package Cache\.unverified\cabB3E1576D1FEFBB979E13B1A5379E0B16, moving to: C:\ProgramData\Package Cache\{568CD07E-0824-3EEB-AEC1-8FD51F3C85CF}v14.11.25325\packages\vcRuntimeAdditional_x86\cab1.cab.
[0174:0934][2017-10-17T09:47:09]i301: Applying execute package: vcRuntimeMinimum_x86, action: Install, path: C:\ProgramData\Package Cache\{029DA848-1A80-34D3-BFC1-A6447BFC8E7F}v14.11.25325\packages\vcRuntimeMinimum_x86\vc_runtimeMinimum_x86.msi, arguments: ' MSIFASTINSTALL="7" NOVSUI="1"'
[01B0:098C][2017-10-17T09:47:09]i319: Applied execute package: vcRuntimeMinimum_x86, result: 0x0, restart: None
[0174:0934][2017-10-17T09:47:09]i325: Registering dependency: {404c9c27-8377-4fd1-b607-7ca635db4e49} on package provider: Microsoft.VS.VC_RuntimeMinimumVSU_x86,v14, package: vcRuntimeMinimum_x86
[0174:0934][2017-10-17T09:47:09]i301: Applying execute package: vcRuntimeAdditional_x86, action: Install, path: C:\ProgramData\Package Cache\{568CD07E-0824-3EEB-AEC1-8FD51F3C85CF}v14.11.25325\packages\vcRuntimeAdditional_x86\vc_runtimeAdditional_x86.msi, arguments: ' MSIFASTINSTALL="7" NOVSUI="1"'
[01B0:098C][2017-10-17T09:47:09]i319: Applied execute package: vcRuntimeAdditional_x86, result: 0x0, restart: None
[0174:0934][2017-10-17T09:47:09]i325: Registering dependency: {404c9c27-8377-4fd1-b607-7ca635db4e49} on package provider: Microsoft.VS.VC_RuntimeAdditionalVSU_x86,v14, package: vcRuntimeAdditional_x86
[0174:0934][2017-10-17T09:47:09]i372: Session end, registration key: SOFTWARE\Microsoft\Windows\CurrentVersion\Uninstall\{404c9c27-8377-4fd1-b607-7ca635db4e49}, resume: ARP, restart: None, disable resume: No
[0174:0934][2017-10-17T09:47:09]i371: Updating session, registration key: SOFTWARE\Microsoft\Windows\CurrentVersion\Uninstall\{404c9c27-8377-4fd1-b607-7ca635db4e49}, resume: ARP, restart initiated: No, disable resume: No
[01B0:098C][2017-10-17T09:47:09]i399: Apply complete, result: 0x0, restart: None, ba requested restart:  No
[01B0:098C][2017-10-17T09:47:09]i500: Shutting down, exit code: 0x0
[01B0:098C][2017-10-17T09:47:09]i410: Variable: SystemFolder = C:\Windows\system32\
[01B0:098C][2017-10-17T09:47:09]i410: Variable: VersionNT = 10.0.0.0
[01B0:098C][2017-10-17T09:47:09]i410: Variable: VersionNT64 = 10.0.0.0
[01B0:098C][2017-10-17T09:47:09]i410: Variable: windows_uCRT_DetectKey = 10.0.14393.1770
[01B0:098C][2017-10-17T09:47:09]i410: Variable: windows_uCRT_DetectKeyExists = 1
[01B0:098C][2017-10-17T09:47:09]i410: Variable: WixBundleAction = 5
[01B0:098C][2017-10-17T09:47:09]i410: Variable: WixBundleCompressed = 1
[01B0:098C][2017-10-17T09:47:09]i410: Variable: WixBundleElevated = 1
[01B0:098C][2017-10-17T09:47:09]i410: Variable: WixBundleInstalled = 0
[01B0:098C][2017-10-17T09:47:09]i410: Variable: WixBundleLog = C:\Users\ContainerAdministrator\AppData\Local\Temp\dd_setup_20171017094538_132_Microsoft.VisualCpp.Redist.14.log
[01B0:098C][2017-10-17T09:47:09]i410: Variable: WixBundleLog_vcRuntimeAdditional_x86 = C:\Users\ContainerAdministrator\AppData\Local\Temp\dd_setup_20171017094538_132_Microsoft.VisualCpp.Redist.14_001_vcRuntimeAdditional_x86.log
[01B0:098C][2017-10-17T09:47:09]i410: Variable: WixBundleLog_vcRuntimeMinimum_x86 = C:\Users\ContainerAdministrator\AppData\Local\Temp\dd_setup_20171017094538_132_Microsoft.VisualCpp.Redist.14_000_vcRuntimeMinimum_x86.log
[01B0:098C][2017-10-17T09:47:09]i410: Variable: WixBundleManufacturer = Microsoft Corporation
[01B0:098C][2017-10-17T09:47:09]i410: Variable: WixBundleName = Microsoft Visual C++ 2017 Redistributable (x86) - 14.11.25325
[01B0:098C][2017-10-17T09:47:09]i410: Variable: WixBundleOriginalSource = C:\ProgramData\Microsoft\VisualStudio\Packages\Microsoft.VisualCpp.Redist.14,version=14.11.25325,chip=x86\VC_redist.x86.exe
[01B0:098C][2017-10-17T09:47:09]i410: Variable: WixBundleOriginalSourceFolder = C:\ProgramData\Microsoft\VisualStudio\Packages\Microsoft.VisualCpp.Redist.14,version=14.11.25325,chip=x86\
[01B0:098C][2017-10-17T09:47:09]i410: Variable: WixBundleProviderKey = ,,x86,14.0,bundle
[01B0:098C][2017-10-17T09:47:09]i410: Variable: WixBundleRollbackLog_vcRuntimeAdditional_x86 = C:\Users\ContainerAdministrator\AppData\Local\Temp\dd_setup_20171017094538_132_Microsoft.VisualCpp.Redist.14_001_vcRuntimeAdditional_x86_rollback.log
[01B0:098C][2017-10-17T09:47:09]i410: Variable: WixBundleRollbackLog_vcRuntimeMinimum_x86 = C:\Users\ContainerAdministrator\AppData\Local\Temp\dd_setup_20171017094538_132_Microsoft.VisualCpp.Redist.14_000_vcRuntimeMinimum_x86_rollback.log
[01B0:098C][2017-10-17T09:47:09]i410: Variable: WixBundleTag = 
[01B0:098C][2017-10-17T09:47:09]i410: Variable: WixBundleVersion = 14.11.25325.0
[01B0:098C][2017-10-17T09:47:09]i007: Exit code: 0x0, restarting: No
