[0b00:0004][2017-10-17T09:49:36] Opening the package for processing
[0b00:0004][2017-10-17T09:49:36] Using package payload to get the embedded manifest
[0b00:0004][2017-10-17T09:49:36] Getting list of files within the package
[0b00:0004][2017-10-17T09:49:36] Processing file /contents/Common7/IDE/ItemTemplates/Microsoft.VisualStudio.Templates.VB.ManagedWeb.Resources.en-US.Item..vstman
[0b00:0004][2017-10-17T09:49:36] Started: Copying file /contents/Common7/IDE/ItemTemplates/Microsoft.VisualStudio.Templates.VB.ManagedWeb.Resources.en-US.Item..vstman to C:\Program Files (x86)\Microsoft Visual Studio\2017\Community\Common7\IDE\ItemTemplates\Microsoft.VisualStudio.Templates.VB.ManagedWeb.Resources.en-US.Item..vstman
[0b00:0004][2017-10-17T09:49:36] Completed: Copying file /contents/Common7/IDE/ItemTemplates/Microsoft.VisualStudio.Templates.VB.ManagedWeb.Resources.en-US.Item..vstman to C:\Program Files (x86)\Microsoft Visual Studio\2017\Community\Common7\IDE\ItemTemplates\Microsoft.VisualStudio.Templates.VB.ManagedWeb.Resources.en-US.Item..vstman
[0b00:0004][2017-10-17T09:49:36] Timestamp updated for file 'C:\Program Files (x86)\Microsoft Visual Studio\2017\Community\Common7\IDE\ItemTemplates\Microsoft.VisualStudio.Templates.VB.ManagedWeb.Resources.en-US.Item..vstman'.
[0b00:0004][2017-10-17T09:49:36] Processing file /Contents/Common7/IDE/ItemTemplates/VisualBasic/Web/1033/HTMLPage/HTMLPage.html
[0b00:0004][2017-10-17T09:49:36] Started: Copying file /Contents/Common7/IDE/ItemTemplates/VisualBasic/Web/1033/HTMLPage/HTMLPage.html to C:\Program Files (x86)\Microsoft Visual Studio\2017\Community\Common7\IDE\ItemTemplates\VisualBasic\Web\1033\HTMLPage\HTMLPage.html
[0b00:0004][2017-10-17T09:49:36] Completed: Copying file /Contents/Common7/IDE/ItemTemplates/VisualBasic/Web/1033/HTMLPage/HTMLPage.html to C:\Program Files (x86)\Microsoft Visual Studio\2017\Community\Common7\IDE\ItemTemplates\VisualBasic\Web\1033\HTMLPage\HTMLPage.html
[0b00:0004][2017-10-17T09:49:36] Timestamp updated for file 'C:\Program Files (x86)\Microsoft Visual Studio\2017\Community\Common7\IDE\ItemTemplates\VisualBasic\Web\1033\HTMLPage\HTMLPage.html'.
[0b00:0004][2017-10-17T09:49:36] Processing file /Contents/Common7/IDE/ItemTemplates/VisualBasic/Web/1033/HTMLPage/HTMLPage.vstemplate
[0b00:0004][2017-10-17T09:49:36] Started: Copying file /Contents/Common7/IDE/ItemTemplates/VisualBasic/Web/1033/HTMLPage/HTMLPage.vstemplate to C:\Program Files (x86)\Microsoft Visual Studio\2017\Community\Common7\IDE\ItemTemplates\VisualBasic\Web\1033\HTMLPage\HTMLPage.vstemplate
[0b00:0004][2017-10-17T09:49:36] Completed: Copying file /Contents/Common7/IDE/ItemTemplates/VisualBasic/Web/1033/HTMLPage/HTMLPage.vstemplate to C:\Program Files (x86)\Microsoft Visual Studio\2017\Community\Common7\IDE\ItemTemplates\VisualBasic\Web\1033\HTMLPage\HTMLPage.vstemplate
[0b00:0004][2017-10-17T09:49:36] Timestamp updated for file 'C:\Program Files (x86)\Microsoft Visual Studio\2017\Community\Common7\IDE\ItemTemplates\VisualBasic\Web\1033\HTMLPage\HTMLPage.vstemplate'.
[0b00:0004][2017-10-17T09:49:36] Processing file /Contents/Common7/IDE/ItemTemplates/VisualBasic/Web/Web%20Forms/1033/WebControl/WebControl.vb
[0b00:0004][2017-10-17T09:49:36] Started: Copying file /Contents/Common7/IDE/ItemTemplates/VisualBasic/Web/Web%20Forms/1033/WebControl/WebControl.vb to C:\Program Files (x86)\Microsoft Visual Studio\2017\Community\Common7\IDE\ItemTemplates\VisualBasic\Web\Web Forms\1033\WebControl\WebControl.vb
[0b00:0004][2017-10-17T09:49:36] Completed: Copying file /Contents/Common7/IDE/ItemTemplates/VisualBasic/Web/Web%20Forms/1033/WebControl/WebControl.vb to C:\Program Files (x86)\Microsoft Visual Studio\2017\Community\Common7\IDE\ItemTemplates\VisualBasic\Web\Web Forms\1033\WebControl\WebControl.vb
[0b00:0004][2017-10-17T09:49:36] Timestamp updated for file 'C:\Program Files (x86)\Microsoft Visual Studio\2017\Community\Common7\IDE\ItemTemplates\VisualBasic\Web\Web Forms\1033\WebControl\WebControl.vb'.
[0b00:0004][2017-10-17T09:49:36] Processing file /Contents/Common7/IDE/ItemTemplates/VisualBasic/Web/Web%20Forms/1033/WebControl/WebControl.vstemplate
[0b00:0004][2017-10-17T09:49:36] Started: Copying file /Contents/Common7/IDE/ItemTemplates/VisualBasic/Web/Web%20Forms/1033/WebControl/WebControl.vstemplate to C:\Program Files (x86)\Microsoft Visual Studio\2017\Community\Common7\IDE\ItemTemplates\VisualBasic\Web\Web Forms\1033\WebControl\WebControl.vstemplate
[0b00:0004][2017-10-17T09:49:36] Completed: Copying file /Contents/Common7/IDE/ItemTemplates/VisualBasic/Web/Web%20Forms/1033/WebControl/WebControl.vstemplate to C:\Program Files (x86)\Microsoft Visual Studio\2017\Community\Common7\IDE\ItemTemplates\VisualBasic\Web\Web Forms\1033\WebControl\WebControl.vstemplate
[0b00:0004][2017-10-17T09:49:36] Timestamp updated for file 'C:\Program Files (x86)\Microsoft Visual Studio\2017\Community\Common7\IDE\ItemTemplates\VisualBasic\Web\Web Forms\1033\WebControl\WebControl.vstemplate'.
[0b00:0004][2017-10-17T09:49:36] Package executed successfully. Return code: 0
