[0b00:0004][2017-10-17T09:46:46] Opening the package for processing
[0b00:0004][2017-10-17T09:46:46] Using package payload to get the embedded manifest
[0b00:0004][2017-10-17T09:46:46] Getting list of files within the package
[0b00:0004][2017-10-17T09:46:46] Processing file /Contents/Common7/IDE/CommonExtensions/Platform/Debugger/VS_Debug_Scriptle2_AppidReg_4661.pkgdef
[0b00:0004][2017-10-17T09:46:46] Started: Copying file /Contents/Common7/IDE/CommonExtensions/Platform/Debugger/VS_Debug_Scriptle2_AppidReg_4661.pkgdef to C:\Program Files (x86)\Microsoft Visual Studio\2017\Community\Common7\IDE\CommonExtensions\Platform\Debugger\VS_Debug_Scriptle2_AppidReg_4661.pkgdef
[0b00:0004][2017-10-17T09:46:46] Completed: Copying file /Contents/Common7/IDE/CommonExtensions/Platform/Debugger/VS_Debug_Scriptle2_AppidReg_4661.pkgdef to C:\Program Files (x86)\Microsoft Visual Studio\2017\Community\Common7\IDE\CommonExtensions\Platform\Debugger\VS_Debug_Scriptle2_AppidReg_4661.pkgdef
[0b00:0004][2017-10-17T09:46:46] Timestamp updated for file 'C:\Program Files (x86)\Microsoft Visual Studio\2017\Community\Common7\IDE\CommonExtensions\Platform\Debugger\VS_Debug_Scriptle2_AppidReg_4661.pkgdef'.
[0b00:0004][2017-10-17T09:46:46] Processing file /Contents/Common7/IDE/Remote%20Debugger/x86/vsdebugeng.script.dll
[0b00:0004][2017-10-17T09:46:46] Started: Copying file /Contents/Common7/IDE/Remote%20Debugger/x86/vsdebugeng.script.dll to C:\Program Files (x86)\Microsoft Visual Studio\2017\Community\Common7\IDE\Remote Debugger\x86\vsdebugeng.script.dll
[0b00:0004][2017-10-17T09:46:46] Completed: Copying file /Contents/Common7/IDE/Remote%20Debugger/x86/vsdebugeng.script.dll to C:\Program Files (x86)\Microsoft Visual Studio\2017\Community\Common7\IDE\Remote Debugger\x86\vsdebugeng.script.dll
[0b00:0004][2017-10-17T09:46:46] Timestamp updated for file 'C:\Program Files (x86)\Microsoft Visual Studio\2017\Community\Common7\IDE\Remote Debugger\x86\vsdebugeng.script.dll'.
[0b00:0004][2017-10-17T09:46:46] Processing file /Contents/Common7/IDE/Script%20Diagnostics/x86/VSDebugScriptAgent150.dll
[0b00:0004][2017-10-17T09:46:46] Started: Copying file /Contents/Common7/IDE/Script%20Diagnostics/x86/VSDebugScriptAgent150.dll to C:\Program Files (x86)\Microsoft Visual Studio\2017\Community\Common7\IDE\Script Diagnostics\x86\VSDebugScriptAgent150.dll
[0b00:0004][2017-10-17T09:46:46] Completed: Copying file /Contents/Common7/IDE/Script%20Diagnostics/x86/VSDebugScriptAgent150.dll to C:\Program Files (x86)\Microsoft Visual Studio\2017\Community\Common7\IDE\Script Diagnostics\x86\VSDebugScriptAgent150.dll
[0b00:0004][2017-10-17T09:46:46] Timestamp updated for file 'C:\Program Files (x86)\Microsoft Visual Studio\2017\Community\Common7\IDE\Script Diagnostics\x86\VSDebugScriptAgent150.dll'.
[0b00:0004][2017-10-17T09:46:46] Processing file /Contents/Common7/Packages/Debugger/vsdebugeng.script.dll
[0b00:0004][2017-10-17T09:46:46] Started: Copying file /Contents/Common7/Packages/Debugger/vsdebugeng.script.dll to C:\Program Files (x86)\Microsoft Visual Studio\2017\Community\Common7\Packages\Debugger\vsdebugeng.script.dll
[0b00:0004][2017-10-17T09:46:46] Completed: Copying file /Contents/Common7/Packages/Debugger/vsdebugeng.script.dll to C:\Program Files (x86)\Microsoft Visual Studio\2017\Community\Common7\Packages\Debugger\vsdebugeng.script.dll
[0b00:0004][2017-10-17T09:46:46] Timestamp updated for file 'C:\Program Files (x86)\Microsoft Visual Studio\2017\Community\Common7\Packages\Debugger\vsdebugeng.script.dll'.
[0b00:0004][2017-10-17T09:46:46] Processing file /Contents/Common7/Packages/Debugger/vsdebugeng.script.vsdconfig
[0b00:0004][2017-10-17T09:46:46] Started: Copying file /Contents/Common7/Packages/Debugger/vsdebugeng.script.vsdconfig to C:\Program Files (x86)\Microsoft Visual Studio\2017\Community\Common7\Packages\Debugger\vsdebugeng.script.vsdconfig
[0b00:0004][2017-10-17T09:46:46] Completed: Copying file /Contents/Common7/Packages/Debugger/vsdebugeng.script.vsdconfig to C:\Program Files (x86)\Microsoft Visual Studio\2017\Community\Common7\Packages\Debugger\vsdebugeng.script.vsdconfig
[0b00:0004][2017-10-17T09:46:46] Timestamp updated for file 'C:\Program Files (x86)\Microsoft Visual Studio\2017\Community\Common7\Packages\Debugger\vsdebugeng.script.vsdconfig'.
[0b00:0004][2017-10-17T09:46:46] Package executed successfully. Return code: 0
