[0b00:0004][2017-10-17T09:47:36] Opening the package for processing
[0b00:0004][2017-10-17T09:47:36] Using package payload to get the embedded manifest
[0b00:0004][2017-10-17T09:47:36] Getting list of files within the package
[0b00:0004][2017-10-17T09:47:36] Processing file /AzureMobileAppProviderIcon.png
[0b00:0004][2017-10-17T09:47:36] Started: Copying file /AzureMobileAppProviderIcon.png to C:\Program Files (x86)\Microsoft Visual Studio\2017\Community\Common7\IDE\Extensions\cse1a21l.ob1\AzureMobileAppProviderIcon.png
[0b00:0004][2017-10-17T09:47:36] Completed: Copying file /AzureMobileAppProviderIcon.png to C:\Program Files (x86)\Microsoft Visual Studio\2017\Community\Common7\IDE\Extensions\cse1a21l.ob1\AzureMobileAppProviderIcon.png
[0b00:0004][2017-10-17T09:47:36] Timestamp updated for file 'C:\Program Files (x86)\Microsoft Visual Studio\2017\Community\Common7\IDE\Extensions\cse1a21l.ob1\AzureMobileAppProviderIcon.png'.
[0b00:0004][2017-10-17T09:47:36] Processing file /catalog.json
[0b00:0004][2017-10-17T09:47:36] Started: Copying file /catalog.json to C:\Program Files (x86)\Microsoft Visual Studio\2017\Community\Common7\IDE\Extensions\cse1a21l.ob1\catalog.json
[0b00:0004][2017-10-17T09:47:36] Completed: Copying file /catalog.json to C:\Program Files (x86)\Microsoft Visual Studio\2017\Community\Common7\IDE\Extensions\cse1a21l.ob1\catalog.json
[0b00:0004][2017-10-17T09:47:36] Timestamp updated for file 'C:\Program Files (x86)\Microsoft Visual Studio\2017\Community\Common7\IDE\Extensions\cse1a21l.ob1\catalog.json'.
[0b00:0004][2017-10-17T09:47:36] Processing file /cs/extension.vsixlangpack
[0b00:0004][2017-10-17T09:47:36] Started: Copying file /cs/extension.vsixlangpack to C:\Program Files (x86)\Microsoft Visual Studio\2017\Community\Common7\IDE\Extensions\cse1a21l.ob1\cs\extension.vsixlangpack
[0b00:0004][2017-10-17T09:47:36] Completed: Copying file /cs/extension.vsixlangpack to C:\Program Files (x86)\Microsoft Visual Studio\2017\Community\Common7\IDE\Extensions\cse1a21l.ob1\cs\extension.vsixlangpack
[0b00:0004][2017-10-17T09:47:36] Timestamp updated for file 'C:\Program Files (x86)\Microsoft Visual Studio\2017\Community\Common7\IDE\Extensions\cse1a21l.ob1\cs\extension.vsixlangpack'.
[0b00:0004][2017-10-17T09:47:36] Processing file /cs/Microsoft.VisualStudio.ConnectedServices.MobileApps.resources.dll
[0b00:0004][2017-10-17T09:47:36] Started: Copying file /cs/Microsoft.VisualStudio.ConnectedServices.MobileApps.resources.dll to C:\Program Files (x86)\Microsoft Visual Studio\2017\Community\Common7\IDE\Extensions\cse1a21l.ob1\cs\Microsoft.VisualStudio.ConnectedServices.MobileApps.resources.dll
[0b00:0004][2017-10-17T09:47:36] Completed: Copying file /cs/Microsoft.VisualStudio.ConnectedServices.MobileApps.resources.dll to C:\Program Files (x86)\Microsoft Visual Studio\2017\Community\Common7\IDE\Extensions\cse1a21l.ob1\cs\Microsoft.VisualStudio.ConnectedServices.MobileApps.resources.dll
[0b00:0004][2017-10-17T09:47:36] Timestamp updated for file 'C:\Program Files (x86)\Microsoft Visual Studio\2017\Community\Common7\IDE\Extensions\cse1a21l.ob1\cs\Microsoft.VisualStudio.ConnectedServices.MobileApps.resources.dll'.
[0b00:0004][2017-10-17T09:47:36] Processing file /de/extension.vsixlangpack
[0b00:0004][2017-10-17T09:47:36] Started: Copying file /de/extension.vsixlangpack to C:\Program Files (x86)\Microsoft Visual Studio\2017\Community\Common7\IDE\Extensions\cse1a21l.ob1\de\extension.vsixlangpack
[0b00:0004][2017-10-17T09:47:36] Completed: Copying file /de/extension.vsixlangpack to C:\Program Files (x86)\Microsoft Visual Studio\2017\Community\Common7\IDE\Extensions\cse1a21l.ob1\de\extension.vsixlangpack
[0b00:0004][2017-10-17T09:47:36] Timestamp updated for file 'C:\Program Files (x86)\Microsoft Visual Studio\2017\Community\Common7\IDE\Extensions\cse1a21l.ob1\de\extension.vsixlangpack'.
[0b00:0004][2017-10-17T09:47:36] Processing file /de/Microsoft.VisualStudio.ConnectedServices.MobileApps.resources.dll
[0b00:0004][2017-10-17T09:47:36] Started: Copying file /de/Microsoft.VisualStudio.ConnectedServices.MobileApps.resources.dll to C:\Program Files (x86)\Microsoft Visual Studio\2017\Community\Common7\IDE\Extensions\cse1a21l.ob1\de\Microsoft.VisualStudio.ConnectedServices.MobileApps.resources.dll
[0b00:0004][2017-10-17T09:47:36] Completed: Copying file /de/Microsoft.VisualStudio.ConnectedServices.MobileApps.resources.dll to C:\Program Files (x86)\Microsoft Visual Studio\2017\Community\Common7\IDE\Extensions\cse1a21l.ob1\de\Microsoft.VisualStudio.ConnectedServices.MobileApps.resources.dll
[0b00:0004][2017-10-17T09:47:36] Timestamp updated for file 'C:\Program Files (x86)\Microsoft Visual Studio\2017\Community\Common7\IDE\Extensions\cse1a21l.ob1\de\Microsoft.VisualStudio.ConnectedServices.MobileApps.resources.dll'.
[0b00:0004][2017-10-17T09:47:36] Processing file /es/extension.vsixlangpack
[0b00:0004][2017-10-17T09:47:36] Started: Copying file /es/extension.vsixlangpack to C:\Program Files (x86)\Microsoft Visual Studio\2017\Community\Common7\IDE\Extensions\cse1a21l.ob1\es\extension.vsixlangpack
[0b00:0004][2017-10-17T09:47:36] Completed: Copying file /es/extension.vsixlangpack to C:\Program Files (x86)\Microsoft Visual Studio\2017\Community\Common7\IDE\Extensions\cse1a21l.ob1\es\extension.vsixlangpack
[0b00:0004][2017-10-17T09:47:36] Timestamp updated for file 'C:\Program Files (x86)\Microsoft Visual Studio\2017\Community\Common7\IDE\Extensions\cse1a21l.ob1\es\extension.vsixlangpack'.
[0b00:0004][2017-10-17T09:47:36] Processing file /es/Microsoft.VisualStudio.ConnectedServices.MobileApps.resources.dll
[0b00:0004][2017-10-17T09:47:36] Started: Copying file /es/Microsoft.VisualStudio.ConnectedServices.MobileApps.resources.dll to C:\Program Files (x86)\Microsoft Visual Studio\2017\Community\Common7\IDE\Extensions\cse1a21l.ob1\es\Microsoft.VisualStudio.ConnectedServices.MobileApps.resources.dll
[0b00:0004][2017-10-17T09:47:36] Completed: Copying file /es/Microsoft.VisualStudio.ConnectedServices.MobileApps.resources.dll to C:\Program Files (x86)\Microsoft Visual Studio\2017\Community\Common7\IDE\Extensions\cse1a21l.ob1\es\Microsoft.VisualStudio.ConnectedServices.MobileApps.resources.dll
[0b00:0004][2017-10-17T09:47:36] Timestamp updated for file 'C:\Program Files (x86)\Microsoft Visual Studio\2017\Community\Common7\IDE\Extensions\cse1a21l.ob1\es\Microsoft.VisualStudio.ConnectedServices.MobileApps.resources.dll'.
[0b00:0004][2017-10-17T09:47:36] Processing file /extension.vsixmanifest
[0b00:0004][2017-10-17T09:47:36] Started: Copying file /extension.vsixmanifest to C:\Program Files (x86)\Microsoft Visual Studio\2017\Community\Common7\IDE\Extensions\cse1a21l.ob1\extension.vsixmanifest
[0b00:0004][2017-10-17T09:47:36] Completed: Copying file /extension.vsixmanifest to C:\Program Files (x86)\Microsoft Visual Studio\2017\Community\Common7\IDE\Extensions\cse1a21l.ob1\extension.vsixmanifest
[0b00:0004][2017-10-17T09:47:36] Timestamp updated for file 'C:\Program Files (x86)\Microsoft Visual Studio\2017\Community\Common7\IDE\Extensions\cse1a21l.ob1\extension.vsixmanifest'.
[0b00:0004][2017-10-17T09:47:36] Processing file /fr/extension.vsixlangpack
[0b00:0004][2017-10-17T09:47:36] Started: Copying file /fr/extension.vsixlangpack to C:\Program Files (x86)\Microsoft Visual Studio\2017\Community\Common7\IDE\Extensions\cse1a21l.ob1\fr\extension.vsixlangpack
[0b00:0004][2017-10-17T09:47:36] Completed: Copying file /fr/extension.vsixlangpack to C:\Program Files (x86)\Microsoft Visual Studio\2017\Community\Common7\IDE\Extensions\cse1a21l.ob1\fr\extension.vsixlangpack
[0b00:0004][2017-10-17T09:47:36] Timestamp updated for file 'C:\Program Files (x86)\Microsoft Visual Studio\2017\Community\Common7\IDE\Extensions\cse1a21l.ob1\fr\extension.vsixlangpack'.
[0b00:0004][2017-10-17T09:47:36] Processing file /fr/Microsoft.VisualStudio.ConnectedServices.MobileApps.resources.dll
[0b00:0004][2017-10-17T09:47:36] Started: Copying file /fr/Microsoft.VisualStudio.ConnectedServices.MobileApps.resources.dll to C:\Program Files (x86)\Microsoft Visual Studio\2017\Community\Common7\IDE\Extensions\cse1a21l.ob1\fr\Microsoft.VisualStudio.ConnectedServices.MobileApps.resources.dll
[0b00:0004][2017-10-17T09:47:36] Completed: Copying file /fr/Microsoft.VisualStudio.ConnectedServices.MobileApps.resources.dll to C:\Program Files (x86)\Microsoft Visual Studio\2017\Community\Common7\IDE\Extensions\cse1a21l.ob1\fr\Microsoft.VisualStudio.ConnectedServices.MobileApps.resources.dll
[0b00:0004][2017-10-17T09:47:36] Timestamp updated for file 'C:\Program Files (x86)\Microsoft Visual Studio\2017\Community\Common7\IDE\Extensions\cse1a21l.ob1\fr\Microsoft.VisualStudio.ConnectedServices.MobileApps.resources.dll'.
[0b00:0004][2017-10-17T09:47:36] Processing file /it/extension.vsixlangpack
[0b00:0004][2017-10-17T09:47:36] Started: Copying file /it/extension.vsixlangpack to C:\Program Files (x86)\Microsoft Visual Studio\2017\Community\Common7\IDE\Extensions\cse1a21l.ob1\it\extension.vsixlangpack
[0b00:0004][2017-10-17T09:47:36] Completed: Copying file /it/extension.vsixlangpack to C:\Program Files (x86)\Microsoft Visual Studio\2017\Community\Common7\IDE\Extensions\cse1a21l.ob1\it\extension.vsixlangpack
[0b00:0004][2017-10-17T09:47:36] Timestamp updated for file 'C:\Program Files (x86)\Microsoft Visual Studio\2017\Community\Common7\IDE\Extensions\cse1a21l.ob1\it\extension.vsixlangpack'.
[0b00:0004][2017-10-17T09:47:36] Processing file /it/Microsoft.VisualStudio.ConnectedServices.MobileApps.resources.dll
[0b00:0004][2017-10-17T09:47:36] Started: Copying file /it/Microsoft.VisualStudio.ConnectedServices.MobileApps.resources.dll to C:\Program Files (x86)\Microsoft Visual Studio\2017\Community\Common7\IDE\Extensions\cse1a21l.ob1\it\Microsoft.VisualStudio.ConnectedServices.MobileApps.resources.dll
[0b00:0004][2017-10-17T09:47:36] Completed: Copying file /it/Microsoft.VisualStudio.ConnectedServices.MobileApps.resources.dll to C:\Program Files (x86)\Microsoft Visual Studio\2017\Community\Common7\IDE\Extensions\cse1a21l.ob1\it\Microsoft.VisualStudio.ConnectedServices.MobileApps.resources.dll
[0b00:0004][2017-10-17T09:47:36] Timestamp updated for file 'C:\Program Files (x86)\Microsoft Visual Studio\2017\Community\Common7\IDE\Extensions\cse1a21l.ob1\it\Microsoft.VisualStudio.ConnectedServices.MobileApps.resources.dll'.
[0b00:0004][2017-10-17T09:47:36] Processing file /ja/extension.vsixlangpack
[0b00:0004][2017-10-17T09:47:36] Started: Copying file /ja/extension.vsixlangpack to C:\Program Files (x86)\Microsoft Visual Studio\2017\Community\Common7\IDE\Extensions\cse1a21l.ob1\ja\extension.vsixlangpack
[0b00:0004][2017-10-17T09:47:36] Completed: Copying file /ja/extension.vsixlangpack to C:\Program Files (x86)\Microsoft Visual Studio\2017\Community\Common7\IDE\Extensions\cse1a21l.ob1\ja\extension.vsixlangpack
[0b00:0004][2017-10-17T09:47:36] Timestamp updated for file 'C:\Program Files (x86)\Microsoft Visual Studio\2017\Community\Common7\IDE\Extensions\cse1a21l.ob1\ja\extension.vsixlangpack'.
[0b00:0004][2017-10-17T09:47:36] Processing file /ja/Microsoft.VisualStudio.ConnectedServices.MobileApps.resources.dll
[0b00:0004][2017-10-17T09:47:36] Started: Copying file /ja/Microsoft.VisualStudio.ConnectedServices.MobileApps.resources.dll to C:\Program Files (x86)\Microsoft Visual Studio\2017\Community\Common7\IDE\Extensions\cse1a21l.ob1\ja\Microsoft.VisualStudio.ConnectedServices.MobileApps.resources.dll
[0b00:0004][2017-10-17T09:47:37] Completed: Copying file /ja/Microsoft.VisualStudio.ConnectedServices.MobileApps.resources.dll to C:\Program Files (x86)\Microsoft Visual Studio\2017\Community\Common7\IDE\Extensions\cse1a21l.ob1\ja\Microsoft.VisualStudio.ConnectedServices.MobileApps.resources.dll
[0b00:0004][2017-10-17T09:47:37] Timestamp updated for file 'C:\Program Files (x86)\Microsoft Visual Studio\2017\Community\Common7\IDE\Extensions\cse1a21l.ob1\ja\Microsoft.VisualStudio.ConnectedServices.MobileApps.resources.dll'.
[0b00:0004][2017-10-17T09:47:37] Processing file /ko/extension.vsixlangpack
[0b00:0004][2017-10-17T09:47:37] Started: Copying file /ko/extension.vsixlangpack to C:\Program Files (x86)\Microsoft Visual Studio\2017\Community\Common7\IDE\Extensions\cse1a21l.ob1\ko\extension.vsixlangpack
[0b00:0004][2017-10-17T09:47:37] Completed: Copying file /ko/extension.vsixlangpack to C:\Program Files (x86)\Microsoft Visual Studio\2017\Community\Common7\IDE\Extensions\cse1a21l.ob1\ko\extension.vsixlangpack
[0b00:0004][2017-10-17T09:47:37] Timestamp updated for file 'C:\Program Files (x86)\Microsoft Visual Studio\2017\Community\Common7\IDE\Extensions\cse1a21l.ob1\ko\extension.vsixlangpack'.
[0b00:0004][2017-10-17T09:47:37] Processing file /ko/Microsoft.VisualStudio.ConnectedServices.MobileApps.resources.dll
[0b00:0004][2017-10-17T09:47:37] Started: Copying file /ko/Microsoft.VisualStudio.ConnectedServices.MobileApps.resources.dll to C:\Program Files (x86)\Microsoft Visual Studio\2017\Community\Common7\IDE\Extensions\cse1a21l.ob1\ko\Microsoft.VisualStudio.ConnectedServices.MobileApps.resources.dll
[0b00:0004][2017-10-17T09:47:37] Completed: Copying file /ko/Microsoft.VisualStudio.ConnectedServices.MobileApps.resources.dll to C:\Program Files (x86)\Microsoft Visual Studio\2017\Community\Common7\IDE\Extensions\cse1a21l.ob1\ko\Microsoft.VisualStudio.ConnectedServices.MobileApps.resources.dll
[0b00:0004][2017-10-17T09:47:37] Timestamp updated for file 'C:\Program Files (x86)\Microsoft Visual Studio\2017\Community\Common7\IDE\Extensions\cse1a21l.ob1\ko\Microsoft.VisualStudio.ConnectedServices.MobileApps.resources.dll'.
[0b00:0004][2017-10-17T09:47:37] Processing file /manifest.json
[0b00:0004][2017-10-17T09:47:37] Started: Copying file /manifest.json to C:\Program Files (x86)\Microsoft Visual Studio\2017\Community\Common7\IDE\Extensions\cse1a21l.ob1\manifest.json
[0b00:0004][2017-10-17T09:47:37] Completed: Copying file /manifest.json to C:\Program Files (x86)\Microsoft Visual Studio\2017\Community\Common7\IDE\Extensions\cse1a21l.ob1\manifest.json
[0b00:0004][2017-10-17T09:47:37] Timestamp updated for file 'C:\Program Files (x86)\Microsoft Visual Studio\2017\Community\Common7\IDE\Extensions\cse1a21l.ob1\manifest.json'.
[0b00:0004][2017-10-17T09:47:37] Processing file /Microsoft.VisualStudio.ConnectedServices.MobileApps.dll
[0b00:0004][2017-10-17T09:47:37] Started: Copying file /Microsoft.VisualStudio.ConnectedServices.MobileApps.dll to C:\Program Files (x86)\Microsoft Visual Studio\2017\Community\Common7\IDE\Extensions\cse1a21l.ob1\Microsoft.VisualStudio.ConnectedServices.MobileApps.dll
[0b00:0004][2017-10-17T09:47:37] Completed: Copying file /Microsoft.VisualStudio.ConnectedServices.MobileApps.dll to C:\Program Files (x86)\Microsoft Visual Studio\2017\Community\Common7\IDE\Extensions\cse1a21l.ob1\Microsoft.VisualStudio.ConnectedServices.MobileApps.dll
[0b00:0004][2017-10-17T09:47:37] Timestamp updated for file 'C:\Program Files (x86)\Microsoft Visual Studio\2017\Community\Common7\IDE\Extensions\cse1a21l.ob1\Microsoft.VisualStudio.ConnectedServices.MobileApps.dll'.
[0b00:0004][2017-10-17T09:47:37] Processing file /pl/extension.vsixlangpack
[0b00:0004][2017-10-17T09:47:37] Started: Copying file /pl/extension.vsixlangpack to C:\Program Files (x86)\Microsoft Visual Studio\2017\Community\Common7\IDE\Extensions\cse1a21l.ob1\pl\extension.vsixlangpack
[0b00:0004][2017-10-17T09:47:37] Completed: Copying file /pl/extension.vsixlangpack to C:\Program Files (x86)\Microsoft Visual Studio\2017\Community\Common7\IDE\Extensions\cse1a21l.ob1\pl\extension.vsixlangpack
[0b00:0004][2017-10-17T09:47:37] Timestamp updated for file 'C:\Program Files (x86)\Microsoft Visual Studio\2017\Community\Common7\IDE\Extensions\cse1a21l.ob1\pl\extension.vsixlangpack'.
[0b00:0004][2017-10-17T09:47:37] Processing file /pl/Microsoft.VisualStudio.ConnectedServices.MobileApps.resources.dll
[0b00:0004][2017-10-17T09:47:37] Started: Copying file /pl/Microsoft.VisualStudio.ConnectedServices.MobileApps.resources.dll to C:\Program Files (x86)\Microsoft Visual Studio\2017\Community\Common7\IDE\Extensions\cse1a21l.ob1\pl\Microsoft.VisualStudio.ConnectedServices.MobileApps.resources.dll
[0b00:0004][2017-10-17T09:47:37] Completed: Copying file /pl/Microsoft.VisualStudio.ConnectedServices.MobileApps.resources.dll to C:\Program Files (x86)\Microsoft Visual Studio\2017\Community\Common7\IDE\Extensions\cse1a21l.ob1\pl\Microsoft.VisualStudio.ConnectedServices.MobileApps.resources.dll
[0b00:0004][2017-10-17T09:47:37] Timestamp updated for file 'C:\Program Files (x86)\Microsoft Visual Studio\2017\Community\Common7\IDE\Extensions\cse1a21l.ob1\pl\Microsoft.VisualStudio.ConnectedServices.MobileApps.resources.dll'.
[0b00:0004][2017-10-17T09:47:37] Processing file /pt-BR/extension.vsixlangpack
[0b00:0004][2017-10-17T09:47:37] Started: Copying file /pt-BR/extension.vsixlangpack to C:\Program Files (x86)\Microsoft Visual Studio\2017\Community\Common7\IDE\Extensions\cse1a21l.ob1\pt-BR\extension.vsixlangpack
[0b00:0004][2017-10-17T09:47:37] Completed: Copying file /pt-BR/extension.vsixlangpack to C:\Program Files (x86)\Microsoft Visual Studio\2017\Community\Common7\IDE\Extensions\cse1a21l.ob1\pt-BR\extension.vsixlangpack
[0b00:0004][2017-10-17T09:47:37] Timestamp updated for file 'C:\Program Files (x86)\Microsoft Visual Studio\2017\Community\Common7\IDE\Extensions\cse1a21l.ob1\pt-BR\extension.vsixlangpack'.
[0b00:0004][2017-10-17T09:47:37] Processing file /pt-BR/Microsoft.VisualStudio.ConnectedServices.MobileApps.resources.dll
[0b00:0004][2017-10-17T09:47:37] Started: Copying file /pt-BR/Microsoft.VisualStudio.ConnectedServices.MobileApps.resources.dll to C:\Program Files (x86)\Microsoft Visual Studio\2017\Community\Common7\IDE\Extensions\cse1a21l.ob1\pt-BR\Microsoft.VisualStudio.ConnectedServices.MobileApps.resources.dll
[0b00:0004][2017-10-17T09:47:37] Completed: Copying file /pt-BR/Microsoft.VisualStudio.ConnectedServices.MobileApps.resources.dll to C:\Program Files (x86)\Microsoft Visual Studio\2017\Community\Common7\IDE\Extensions\cse1a21l.ob1\pt-BR\Microsoft.VisualStudio.ConnectedServices.MobileApps.resources.dll
[0b00:0004][2017-10-17T09:47:37] Timestamp updated for file 'C:\Program Files (x86)\Microsoft Visual Studio\2017\Community\Common7\IDE\Extensions\cse1a21l.ob1\pt-BR\Microsoft.VisualStudio.ConnectedServices.MobileApps.resources.dll'.
[0b00:0004][2017-10-17T09:47:37] Processing file /ru/extension.vsixlangpack
[0b00:0004][2017-10-17T09:47:37] Started: Copying file /ru/extension.vsixlangpack to C:\Program Files (x86)\Microsoft Visual Studio\2017\Community\Common7\IDE\Extensions\cse1a21l.ob1\ru\extension.vsixlangpack
[0b00:0004][2017-10-17T09:47:37] Completed: Copying file /ru/extension.vsixlangpack to C:\Program Files (x86)\Microsoft Visual Studio\2017\Community\Common7\IDE\Extensions\cse1a21l.ob1\ru\extension.vsixlangpack
[0b00:0004][2017-10-17T09:47:37] Timestamp updated for file 'C:\Program Files (x86)\Microsoft Visual Studio\2017\Community\Common7\IDE\Extensions\cse1a21l.ob1\ru\extension.vsixlangpack'.
[0b00:0004][2017-10-17T09:47:37] Processing file /ru/Microsoft.VisualStudio.ConnectedServices.MobileApps.resources.dll
[0b00:0004][2017-10-17T09:47:37] Started: Copying file /ru/Microsoft.VisualStudio.ConnectedServices.MobileApps.resources.dll to C:\Program Files (x86)\Microsoft Visual Studio\2017\Community\Common7\IDE\Extensions\cse1a21l.ob1\ru\Microsoft.VisualStudio.ConnectedServices.MobileApps.resources.dll
[0b00:0004][2017-10-17T09:47:37] Completed: Copying file /ru/Microsoft.VisualStudio.ConnectedServices.MobileApps.resources.dll to C:\Program Files (x86)\Microsoft Visual Studio\2017\Community\Common7\IDE\Extensions\cse1a21l.ob1\ru\Microsoft.VisualStudio.ConnectedServices.MobileApps.resources.dll
[0b00:0004][2017-10-17T09:47:37] Timestamp updated for file 'C:\Program Files (x86)\Microsoft Visual Studio\2017\Community\Common7\IDE\Extensions\cse1a21l.ob1\ru\Microsoft.VisualStudio.ConnectedServices.MobileApps.resources.dll'.
[0b00:0004][2017-10-17T09:47:37] Processing file /tr/extension.vsixlangpack
[0b00:0004][2017-10-17T09:47:37] Started: Copying file /tr/extension.vsixlangpack to C:\Program Files (x86)\Microsoft Visual Studio\2017\Community\Common7\IDE\Extensions\cse1a21l.ob1\tr\extension.vsixlangpack
[0b00:0004][2017-10-17T09:47:37] Completed: Copying file /tr/extension.vsixlangpack to C:\Program Files (x86)\Microsoft Visual Studio\2017\Community\Common7\IDE\Extensions\cse1a21l.ob1\tr\extension.vsixlangpack
[0b00:0004][2017-10-17T09:47:37] Timestamp updated for file 'C:\Program Files (x86)\Microsoft Visual Studio\2017\Community\Common7\IDE\Extensions\cse1a21l.ob1\tr\extension.vsixlangpack'.
[0b00:0004][2017-10-17T09:47:37] Processing file /tr/Microsoft.VisualStudio.ConnectedServices.MobileApps.resources.dll
[0b00:0004][2017-10-17T09:47:37] Started: Copying file /tr/Microsoft.VisualStudio.ConnectedServices.MobileApps.resources.dll to C:\Program Files (x86)\Microsoft Visual Studio\2017\Community\Common7\IDE\Extensions\cse1a21l.ob1\tr\Microsoft.VisualStudio.ConnectedServices.MobileApps.resources.dll
[0b00:0004][2017-10-17T09:47:37] Completed: Copying file /tr/Microsoft.VisualStudio.ConnectedServices.MobileApps.resources.dll to C:\Program Files (x86)\Microsoft Visual Studio\2017\Community\Common7\IDE\Extensions\cse1a21l.ob1\tr\Microsoft.VisualStudio.ConnectedServices.MobileApps.resources.dll
[0b00:0004][2017-10-17T09:47:37] Timestamp updated for file 'C:\Program Files (x86)\Microsoft Visual Studio\2017\Community\Common7\IDE\Extensions\cse1a21l.ob1\tr\Microsoft.VisualStudio.ConnectedServices.MobileApps.resources.dll'.
[0b00:0004][2017-10-17T09:47:37] Processing file /zh-Hans/extension.vsixlangpack
[0b00:0004][2017-10-17T09:47:37] Started: Copying file /zh-Hans/extension.vsixlangpack to C:\Program Files (x86)\Microsoft Visual Studio\2017\Community\Common7\IDE\Extensions\cse1a21l.ob1\zh-Hans\extension.vsixlangpack
[0b00:0004][2017-10-17T09:47:37] Completed: Copying file /zh-Hans/extension.vsixlangpack to C:\Program Files (x86)\Microsoft Visual Studio\2017\Community\Common7\IDE\Extensions\cse1a21l.ob1\zh-Hans\extension.vsixlangpack
[0b00:0004][2017-10-17T09:47:37] Timestamp updated for file 'C:\Program Files (x86)\Microsoft Visual Studio\2017\Community\Common7\IDE\Extensions\cse1a21l.ob1\zh-Hans\extension.vsixlangpack'.
[0b00:0004][2017-10-17T09:47:37] Processing file /zh-Hans/Microsoft.VisualStudio.ConnectedServices.MobileApps.resources.dll
[0b00:0004][2017-10-17T09:47:37] Started: Copying file /zh-Hans/Microsoft.VisualStudio.ConnectedServices.MobileApps.resources.dll to C:\Program Files (x86)\Microsoft Visual Studio\2017\Community\Common7\IDE\Extensions\cse1a21l.ob1\zh-Hans\Microsoft.VisualStudio.ConnectedServices.MobileApps.resources.dll
[0b00:0004][2017-10-17T09:47:37] Completed: Copying file /zh-Hans/Microsoft.VisualStudio.ConnectedServices.MobileApps.resources.dll to C:\Program Files (x86)\Microsoft Visual Studio\2017\Community\Common7\IDE\Extensions\cse1a21l.ob1\zh-Hans\Microsoft.VisualStudio.ConnectedServices.MobileApps.resources.dll
[0b00:0004][2017-10-17T09:47:37] Timestamp updated for file 'C:\Program Files (x86)\Microsoft Visual Studio\2017\Community\Common7\IDE\Extensions\cse1a21l.ob1\zh-Hans\Microsoft.VisualStudio.ConnectedServices.MobileApps.resources.dll'.
[0b00:0004][2017-10-17T09:47:37] Processing file /zh-Hant/extension.vsixlangpack
[0b00:0004][2017-10-17T09:47:37] Started: Copying file /zh-Hant/extension.vsixlangpack to C:\Program Files (x86)\Microsoft Visual Studio\2017\Community\Common7\IDE\Extensions\cse1a21l.ob1\zh-Hant\extension.vsixlangpack
[0b00:0004][2017-10-17T09:47:37] Completed: Copying file /zh-Hant/extension.vsixlangpack to C:\Program Files (x86)\Microsoft Visual Studio\2017\Community\Common7\IDE\Extensions\cse1a21l.ob1\zh-Hant\extension.vsixlangpack
[0b00:0004][2017-10-17T09:47:37] Timestamp updated for file 'C:\Program Files (x86)\Microsoft Visual Studio\2017\Community\Common7\IDE\Extensions\cse1a21l.ob1\zh-Hant\extension.vsixlangpack'.
[0b00:0004][2017-10-17T09:47:37] Processing file /zh-Hant/Microsoft.VisualStudio.ConnectedServices.MobileApps.resources.dll
[0b00:0004][2017-10-17T09:47:37] Started: Copying file /zh-Hant/Microsoft.VisualStudio.ConnectedServices.MobileApps.resources.dll to C:\Program Files (x86)\Microsoft Visual Studio\2017\Community\Common7\IDE\Extensions\cse1a21l.ob1\zh-Hant\Microsoft.VisualStudio.ConnectedServices.MobileApps.resources.dll
[0b00:0004][2017-10-17T09:47:37] Completed: Copying file /zh-Hant/Microsoft.VisualStudio.ConnectedServices.MobileApps.resources.dll to C:\Program Files (x86)\Microsoft Visual Studio\2017\Community\Common7\IDE\Extensions\cse1a21l.ob1\zh-Hant\Microsoft.VisualStudio.ConnectedServices.MobileApps.resources.dll
[0b00:0004][2017-10-17T09:47:37] Timestamp updated for file 'C:\Program Files (x86)\Microsoft Visual Studio\2017\Community\Common7\IDE\Extensions\cse1a21l.ob1\zh-Hant\Microsoft.VisualStudio.ConnectedServices.MobileApps.resources.dll'.
[0b00:0004][2017-10-17T09:47:37] Package executed successfully. Return code: 0
