[0b00:0004][2017-10-17T09:47:54] Opening the package for processing
[0b00:0004][2017-10-17T09:47:54] Using package payload to get the embedded manifest
[0b00:0004][2017-10-17T09:47:54] Getting list of files within the package
[0b00:0004][2017-10-17T09:47:54] Processing file /Contents/Common7/IDE/ImportProjects/VB/ImportClassLibrary.vbproj
[0b00:0004][2017-10-17T09:47:54] Started: Copying file /Contents/Common7/IDE/ImportProjects/VB/ImportClassLibrary.vbproj to C:\Program Files (x86)\Microsoft Visual Studio\2017\Community\Common7\IDE\ImportProjects\VB\ImportClassLibrary.vbproj
[0b00:0004][2017-10-17T09:47:54] Completed: Copying file /Contents/Common7/IDE/ImportProjects/VB/ImportClassLibrary.vbproj to C:\Program Files (x86)\Microsoft Visual Studio\2017\Community\Common7\IDE\ImportProjects\VB\ImportClassLibrary.vbproj
[0b00:0004][2017-10-17T09:47:54] Timestamp updated for file 'C:\Program Files (x86)\Microsoft Visual Studio\2017\Community\Common7\IDE\ImportProjects\VB\ImportClassLibrary.vbproj'.
[0b00:0004][2017-10-17T09:47:54] Processing file /Contents/Common7/IDE/ImportProjects/VB/ImportConsoleApplication.vbproj
[0b00:0004][2017-10-17T09:47:54] Started: Copying file /Contents/Common7/IDE/ImportProjects/VB/ImportConsoleApplication.vbproj to C:\Program Files (x86)\Microsoft Visual Studio\2017\Community\Common7\IDE\ImportProjects\VB\ImportConsoleApplication.vbproj
[0b00:0004][2017-10-17T09:47:54] Completed: Copying file /Contents/Common7/IDE/ImportProjects/VB/ImportConsoleApplication.vbproj to C:\Program Files (x86)\Microsoft Visual Studio\2017\Community\Common7\IDE\ImportProjects\VB\ImportConsoleApplication.vbproj
[0b00:0004][2017-10-17T09:47:54] Timestamp updated for file 'C:\Program Files (x86)\Microsoft Visual Studio\2017\Community\Common7\IDE\ImportProjects\VB\ImportConsoleApplication.vbproj'.
[0b00:0004][2017-10-17T09:47:54] Processing file /Contents/Common7/IDE/ImportProjects/VB/ImportWindowsApplication.vbproj
[0b00:0004][2017-10-17T09:47:54] Started: Copying file /Contents/Common7/IDE/ImportProjects/VB/ImportWindowsApplication.vbproj to C:\Program Files (x86)\Microsoft Visual Studio\2017\Community\Common7\IDE\ImportProjects\VB\ImportWindowsApplication.vbproj
[0b00:0004][2017-10-17T09:47:54] Completed: Copying file /Contents/Common7/IDE/ImportProjects/VB/ImportWindowsApplication.vbproj to C:\Program Files (x86)\Microsoft Visual Studio\2017\Community\Common7\IDE\ImportProjects\VB\ImportWindowsApplication.vbproj
[0b00:0004][2017-10-17T09:47:54] Timestamp updated for file 'C:\Program Files (x86)\Microsoft Visual Studio\2017\Community\Common7\IDE\ImportProjects\VB\ImportWindowsApplication.vbproj'.
[0b00:0004][2017-10-17T09:47:54] Processing file /Contents/Common7/IDE/ItemTemplates/VisualBasic/General/RuleSet.zip
[0b00:0004][2017-10-17T09:47:54] Started: Copying file /Contents/Common7/IDE/ItemTemplates/VisualBasic/General/RuleSet.zip to C:\Program Files (x86)\Microsoft Visual Studio\2017\Community\Common7\IDE\ItemTemplates\VisualBasic\General\RuleSet.zip
[0b00:0004][2017-10-17T09:47:54] Completed: Copying file /Contents/Common7/IDE/ItemTemplates/VisualBasic/General/RuleSet.zip to C:\Program Files (x86)\Microsoft Visual Studio\2017\Community\Common7\IDE\ItemTemplates\VisualBasic\General\RuleSet.zip
[0b00:0004][2017-10-17T09:47:54] Timestamp updated for file 'C:\Program Files (x86)\Microsoft Visual Studio\2017\Community\Common7\IDE\ItemTemplates\VisualBasic\General\RuleSet.zip'.
[0b00:0004][2017-10-17T09:47:54] Processing file /contents/Common7/IDE/ProjectTemplates/Microsoft.VisualStudio.Templates.VB.ManagedCore.Project..vstman
[0b00:0004][2017-10-17T09:47:54] Started: Copying file /contents/Common7/IDE/ProjectTemplates/Microsoft.VisualStudio.Templates.VB.ManagedCore.Project..vstman to C:\Program Files (x86)\Microsoft Visual Studio\2017\Community\Common7\IDE\ProjectTemplates\Microsoft.VisualStudio.Templates.VB.ManagedCore.Project..vstman
[0b00:0004][2017-10-17T09:47:54] Completed: Copying file /contents/Common7/IDE/ProjectTemplates/Microsoft.VisualStudio.Templates.VB.ManagedCore.Project..vstman to C:\Program Files (x86)\Microsoft Visual Studio\2017\Community\Common7\IDE\ProjectTemplates\Microsoft.VisualStudio.Templates.VB.ManagedCore.Project..vstman
[0b00:0004][2017-10-17T09:47:54] Timestamp updated for file 'C:\Program Files (x86)\Microsoft Visual Studio\2017\Community\Common7\IDE\ProjectTemplates\Microsoft.VisualStudio.Templates.VB.ManagedCore.Project..vstman'.
[0b00:0004][2017-10-17T09:47:54] Processing file /Contents/Common7/IDE/ProjectTemplates/VisualBasic/Windows%20Forms/Windows%20Forms.VSTDIR
[0b00:0004][2017-10-17T09:47:54] Started: Copying file /Contents/Common7/IDE/ProjectTemplates/VisualBasic/Windows%20Forms/Windows%20Forms.VSTDIR to C:\Program Files (x86)\Microsoft Visual Studio\2017\Community\Common7\IDE\ProjectTemplates\VisualBasic\Windows Forms\Windows Forms.VSTDIR
[0b00:0004][2017-10-17T09:47:54] Completed: Copying file /Contents/Common7/IDE/ProjectTemplates/VisualBasic/Windows%20Forms/Windows%20Forms.VSTDIR to C:\Program Files (x86)\Microsoft Visual Studio\2017\Community\Common7\IDE\ProjectTemplates\VisualBasic\Windows Forms\Windows Forms.VSTDIR
[0b00:0004][2017-10-17T09:47:54] Timestamp updated for file 'C:\Program Files (x86)\Microsoft Visual Studio\2017\Community\Common7\IDE\ProjectTemplates\VisualBasic\Windows Forms\Windows Forms.VSTDIR'.
[0b00:0004][2017-10-17T09:47:54] Processing file /Contents/Common7/IDE/ProjectTemplates/VisualBasic/Windows/Windows.VSTDIR
[0b00:0004][2017-10-17T09:47:54] Started: Copying file /Contents/Common7/IDE/ProjectTemplates/VisualBasic/Windows/Windows.VSTDIR to C:\Program Files (x86)\Microsoft Visual Studio\2017\Community\Common7\IDE\ProjectTemplates\VisualBasic\Windows\Windows.VSTDIR
[0b00:0004][2017-10-17T09:47:54] Completed: Copying file /Contents/Common7/IDE/ProjectTemplates/VisualBasic/Windows/Windows.VSTDIR to C:\Program Files (x86)\Microsoft Visual Studio\2017\Community\Common7\IDE\ProjectTemplates\VisualBasic\Windows\Windows.VSTDIR
[0b00:0004][2017-10-17T09:47:54] Timestamp updated for file 'C:\Program Files (x86)\Microsoft Visual Studio\2017\Community\Common7\IDE\ProjectTemplates\VisualBasic\Windows\Windows.VSTDIR'.
[0b00:0004][2017-10-17T09:47:54] Processing file /Contents/VB/DesignerTemplates/ImportFolderWizard.vbproj
[0b00:0004][2017-10-17T09:47:54] Started: Copying file /Contents/VB/DesignerTemplates/ImportFolderWizard.vbproj to C:\Program Files (x86)\Microsoft Visual Studio\2017\Community\VB\DesignerTemplates\ImportFolderWizard.vbproj
[0b00:0004][2017-10-17T09:47:54] Completed: Copying file /Contents/VB/DesignerTemplates/ImportFolderWizard.vbproj to C:\Program Files (x86)\Microsoft Visual Studio\2017\Community\VB\DesignerTemplates\ImportFolderWizard.vbproj
[0b00:0004][2017-10-17T09:47:54] Timestamp updated for file 'C:\Program Files (x86)\Microsoft Visual Studio\2017\Community\VB\DesignerTemplates\ImportFolderWizard.vbproj'.
[0b00:0004][2017-10-17T09:47:54] Processing file /Contents/VB/DesignerTemplates/InheritedTemplate.vb
[0b00:0004][2017-10-17T09:47:54] Started: Copying file /Contents/VB/DesignerTemplates/InheritedTemplate.vb to C:\Program Files (x86)\Microsoft Visual Studio\2017\Community\VB\DesignerTemplates\InheritedTemplate.vb
[0b00:0004][2017-10-17T09:47:54] Completed: Copying file /Contents/VB/DesignerTemplates/InheritedTemplate.vb to C:\Program Files (x86)\Microsoft Visual Studio\2017\Community\VB\DesignerTemplates\InheritedTemplate.vb
[0b00:0004][2017-10-17T09:47:54] Timestamp updated for file 'C:\Program Files (x86)\Microsoft Visual Studio\2017\Community\VB\DesignerTemplates\InheritedTemplate.vb'.
[0b00:0004][2017-10-17T09:47:54] Processing file /Contents/VB/VBWizards/FrameSetTemplates/1033/BanToc.htm
[0b00:0004][2017-10-17T09:47:54] Started: Copying file /Contents/VB/VBWizards/FrameSetTemplates/1033/BanToc.htm to C:\Program Files (x86)\Microsoft Visual Studio\2017\Community\VB\VBWizards\FrameSetTemplates\1033\BanToc.htm
[0b00:0004][2017-10-17T09:47:54] Completed: Copying file /Contents/VB/VBWizards/FrameSetTemplates/1033/BanToc.htm to C:\Program Files (x86)\Microsoft Visual Studio\2017\Community\VB\VBWizards\FrameSetTemplates\1033\BanToc.htm
[0b00:0004][2017-10-17T09:47:54] Timestamp updated for file 'C:\Program Files (x86)\Microsoft Visual Studio\2017\Community\VB\VBWizards\FrameSetTemplates\1033\BanToc.htm'.
[0b00:0004][2017-10-17T09:47:54] Processing file /Contents/VB/VBWizards/FrameSetTemplates/1033/Footer.htm
[0b00:0004][2017-10-17T09:47:54] Started: Copying file /Contents/VB/VBWizards/FrameSetTemplates/1033/Footer.htm to C:\Program Files (x86)\Microsoft Visual Studio\2017\Community\VB\VBWizards\FrameSetTemplates\1033\Footer.htm
[0b00:0004][2017-10-17T09:47:54] Completed: Copying file /Contents/VB/VBWizards/FrameSetTemplates/1033/Footer.htm to C:\Program Files (x86)\Microsoft Visual Studio\2017\Community\VB\VBWizards\FrameSetTemplates\1033\Footer.htm
[0b00:0004][2017-10-17T09:47:54] Timestamp updated for file 'C:\Program Files (x86)\Microsoft Visual Studio\2017\Community\VB\VBWizards\FrameSetTemplates\1033\Footer.htm'.
[0b00:0004][2017-10-17T09:47:54] Processing file /Contents/VB/VBWizards/FrameSetTemplates/1033/FootNote.htm
[0b00:0004][2017-10-17T09:47:54] Started: Copying file /Contents/VB/VBWizards/FrameSetTemplates/1033/FootNote.htm to C:\Program Files (x86)\Microsoft Visual Studio\2017\Community\VB\VBWizards\FrameSetTemplates\1033\FootNote.htm
[0b00:0004][2017-10-17T09:47:54] Completed: Copying file /Contents/VB/VBWizards/FrameSetTemplates/1033/FootNote.htm to C:\Program Files (x86)\Microsoft Visual Studio\2017\Community\VB\VBWizards\FrameSetTemplates\1033\FootNote.htm
[0b00:0004][2017-10-17T09:47:54] Timestamp updated for file 'C:\Program Files (x86)\Microsoft Visual Studio\2017\Community\VB\VBWizards\FrameSetTemplates\1033\FootNote.htm'.
[0b00:0004][2017-10-17T09:47:54] Processing file /Contents/VB/VBWizards/FrameSetTemplates/1033/Header.htm
[0b00:0004][2017-10-17T09:47:54] Started: Copying file /Contents/VB/VBWizards/FrameSetTemplates/1033/Header.htm to C:\Program Files (x86)\Microsoft Visual Studio\2017\Community\VB\VBWizards\FrameSetTemplates\1033\Header.htm
[0b00:0004][2017-10-17T09:47:54] Completed: Copying file /Contents/VB/VBWizards/FrameSetTemplates/1033/Header.htm to C:\Program Files (x86)\Microsoft Visual Studio\2017\Community\VB\VBWizards\FrameSetTemplates\1033\Header.htm
[0b00:0004][2017-10-17T09:47:54] Timestamp updated for file 'C:\Program Files (x86)\Microsoft Visual Studio\2017\Community\VB\VBWizards\FrameSetTemplates\1033\Header.htm'.
[0b00:0004][2017-10-17T09:47:54] Processing file /Contents/VB/VBWizards/FrameSetTemplates/1033/HorzSplt.htm
[0b00:0004][2017-10-17T09:47:54] Started: Copying file /Contents/VB/VBWizards/FrameSetTemplates/1033/HorzSplt.htm to C:\Program Files (x86)\Microsoft Visual Studio\2017\Community\VB\VBWizards\FrameSetTemplates\1033\HorzSplt.htm
[0b00:0004][2017-10-17T09:47:54] Completed: Copying file /Contents/VB/VBWizards/FrameSetTemplates/1033/HorzSplt.htm to C:\Program Files (x86)\Microsoft Visual Studio\2017\Community\VB\VBWizards\FrameSetTemplates\1033\HorzSplt.htm
[0b00:0004][2017-10-17T09:47:54] Timestamp updated for file 'C:\Program Files (x86)\Microsoft Visual Studio\2017\Community\VB\VBWizards\FrameSetTemplates\1033\HorzSplt.htm'.
[0b00:0004][2017-10-17T09:47:54] Processing file /Contents/VB/VBWizards/FrameSetTemplates/1033/NavWToc.htm
[0b00:0004][2017-10-17T09:47:54] Started: Copying file /Contents/VB/VBWizards/FrameSetTemplates/1033/NavWToc.htm to C:\Program Files (x86)\Microsoft Visual Studio\2017\Community\VB\VBWizards\FrameSetTemplates\1033\NavWToc.htm
[0b00:0004][2017-10-17T09:47:54] Completed: Copying file /Contents/VB/VBWizards/FrameSetTemplates/1033/NavWToc.htm to C:\Program Files (x86)\Microsoft Visual Studio\2017\Community\VB\VBWizards\FrameSetTemplates\1033\NavWToc.htm
[0b00:0004][2017-10-17T09:47:54] Timestamp updated for file 'C:\Program Files (x86)\Microsoft Visual Studio\2017\Community\VB\VBWizards\FrameSetTemplates\1033\NavWToc.htm'.
[0b00:0004][2017-10-17T09:47:54] Processing file /Contents/VB/VBWizards/FrameSetTemplates/1033/ThreeLev.htm
[0b00:0004][2017-10-17T09:47:54] Started: Copying file /Contents/VB/VBWizards/FrameSetTemplates/1033/ThreeLev.htm to C:\Program Files (x86)\Microsoft Visual Studio\2017\Community\VB\VBWizards\FrameSetTemplates\1033\ThreeLev.htm
[0b00:0004][2017-10-17T09:47:54] Completed: Copying file /Contents/VB/VBWizards/FrameSetTemplates/1033/ThreeLev.htm to C:\Program Files (x86)\Microsoft Visual Studio\2017\Community\VB\VBWizards\FrameSetTemplates\1033\ThreeLev.htm
[0b00:0004][2017-10-17T09:47:54] Timestamp updated for file 'C:\Program Files (x86)\Microsoft Visual Studio\2017\Community\VB\VBWizards\FrameSetTemplates\1033\ThreeLev.htm'.
[0b00:0004][2017-10-17T09:47:54] Processing file /Contents/VB/VBWizards/FrameSetTemplates/1033/Toc.htm
[0b00:0004][2017-10-17T09:47:54] Started: Copying file /Contents/VB/VBWizards/FrameSetTemplates/1033/Toc.htm to C:\Program Files (x86)\Microsoft Visual Studio\2017\Community\VB\VBWizards\FrameSetTemplates\1033\Toc.htm
[0b00:0004][2017-10-17T09:47:54] Completed: Copying file /Contents/VB/VBWizards/FrameSetTemplates/1033/Toc.htm to C:\Program Files (x86)\Microsoft Visual Studio\2017\Community\VB\VBWizards\FrameSetTemplates\1033\Toc.htm
[0b00:0004][2017-10-17T09:47:54] Timestamp updated for file 'C:\Program Files (x86)\Microsoft Visual Studio\2017\Community\VB\VBWizards\FrameSetTemplates\1033\Toc.htm'.
[0b00:0004][2017-10-17T09:47:54] Processing file /Contents/VB/VBWizards/FrameSetTemplates/1033/TopDown.htm
[0b00:0004][2017-10-17T09:47:54] Started: Copying file /Contents/VB/VBWizards/FrameSetTemplates/1033/TopDown.htm to C:\Program Files (x86)\Microsoft Visual Studio\2017\Community\VB\VBWizards\FrameSetTemplates\1033\TopDown.htm
[0b00:0004][2017-10-17T09:47:54] Completed: Copying file /Contents/VB/VBWizards/FrameSetTemplates/1033/TopDown.htm to C:\Program Files (x86)\Microsoft Visual Studio\2017\Community\VB\VBWizards\FrameSetTemplates\1033\TopDown.htm
[0b00:0004][2017-10-17T09:47:54] Timestamp updated for file 'C:\Program Files (x86)\Microsoft Visual Studio\2017\Community\VB\VBWizards\FrameSetTemplates\1033\TopDown.htm'.
[0b00:0004][2017-10-17T09:47:54] Processing file /Contents/VB/VBWizards/FrameSetTemplates/1033/VertSplt.htm
[0b00:0004][2017-10-17T09:47:54] Started: Copying file /Contents/VB/VBWizards/FrameSetTemplates/1033/VertSplt.htm to C:\Program Files (x86)\Microsoft Visual Studio\2017\Community\VB\VBWizards\FrameSetTemplates\1033\VertSplt.htm
[0b00:0004][2017-10-17T09:47:54] Completed: Copying file /Contents/VB/VBWizards/FrameSetTemplates/1033/VertSplt.htm to C:\Program Files (x86)\Microsoft Visual Studio\2017\Community\VB\VBWizards\FrameSetTemplates\1033\VertSplt.htm
[0b00:0004][2017-10-17T09:47:54] Timestamp updated for file 'C:\Program Files (x86)\Microsoft Visual Studio\2017\Community\VB\VBWizards\FrameSetTemplates\1033\VertSplt.htm'.
[0b00:0004][2017-10-17T09:47:54] Processing file /Contents/VB/VBWizards/FrameSetTemplates/BanToc.bmp
[0b00:0004][2017-10-17T09:47:54] Started: Copying file /Contents/VB/VBWizards/FrameSetTemplates/BanToc.bmp to C:\Program Files (x86)\Microsoft Visual Studio\2017\Community\VB\VBWizards\FrameSetTemplates\BanToc.bmp
[0b00:0004][2017-10-17T09:47:54] Completed: Copying file /Contents/VB/VBWizards/FrameSetTemplates/BanToc.bmp to C:\Program Files (x86)\Microsoft Visual Studio\2017\Community\VB\VBWizards\FrameSetTemplates\BanToc.bmp
[0b00:0004][2017-10-17T09:47:54] Timestamp updated for file 'C:\Program Files (x86)\Microsoft Visual Studio\2017\Community\VB\VBWizards\FrameSetTemplates\BanToc.bmp'.
[0b00:0004][2017-10-17T09:47:54] Processing file /Contents/VB/VBWizards/FrameSetTemplates/Footer.bmp
[0b00:0004][2017-10-17T09:47:54] Started: Copying file /Contents/VB/VBWizards/FrameSetTemplates/Footer.bmp to C:\Program Files (x86)\Microsoft Visual Studio\2017\Community\VB\VBWizards\FrameSetTemplates\Footer.bmp
[0b00:0004][2017-10-17T09:47:54] Completed: Copying file /Contents/VB/VBWizards/FrameSetTemplates/Footer.bmp to C:\Program Files (x86)\Microsoft Visual Studio\2017\Community\VB\VBWizards\FrameSetTemplates\Footer.bmp
[0b00:0004][2017-10-17T09:47:54] Timestamp updated for file 'C:\Program Files (x86)\Microsoft Visual Studio\2017\Community\VB\VBWizards\FrameSetTemplates\Footer.bmp'.
[0b00:0004][2017-10-17T09:47:54] Processing file /Contents/VB/VBWizards/FrameSetTemplates/FootNote.bmp
[0b00:0004][2017-10-17T09:47:54] Started: Copying file /Contents/VB/VBWizards/FrameSetTemplates/FootNote.bmp to C:\Program Files (x86)\Microsoft Visual Studio\2017\Community\VB\VBWizards\FrameSetTemplates\FootNote.bmp
[0b00:0004][2017-10-17T09:47:54] Completed: Copying file /Contents/VB/VBWizards/FrameSetTemplates/FootNote.bmp to C:\Program Files (x86)\Microsoft Visual Studio\2017\Community\VB\VBWizards\FrameSetTemplates\FootNote.bmp
[0b00:0004][2017-10-17T09:47:54] Timestamp updated for file 'C:\Program Files (x86)\Microsoft Visual Studio\2017\Community\VB\VBWizards\FrameSetTemplates\FootNote.bmp'.
[0b00:0004][2017-10-17T09:47:54] Processing file /Contents/VB/VBWizards/FrameSetTemplates/Header.bmp
[0b00:0004][2017-10-17T09:47:54] Started: Copying file /Contents/VB/VBWizards/FrameSetTemplates/Header.bmp to C:\Program Files (x86)\Microsoft Visual Studio\2017\Community\VB\VBWizards\FrameSetTemplates\Header.bmp
[0b00:0004][2017-10-17T09:47:54] Completed: Copying file /Contents/VB/VBWizards/FrameSetTemplates/Header.bmp to C:\Program Files (x86)\Microsoft Visual Studio\2017\Community\VB\VBWizards\FrameSetTemplates\Header.bmp
[0b00:0004][2017-10-17T09:47:54] Timestamp updated for file 'C:\Program Files (x86)\Microsoft Visual Studio\2017\Community\VB\VBWizards\FrameSetTemplates\Header.bmp'.
[0b00:0004][2017-10-17T09:47:54] Processing file /Contents/VB/VBWizards/FrameSetTemplates/HorzSplt.bmp
[0b00:0004][2017-10-17T09:47:54] Started: Copying file /Contents/VB/VBWizards/FrameSetTemplates/HorzSplt.bmp to C:\Program Files (x86)\Microsoft Visual Studio\2017\Community\VB\VBWizards\FrameSetTemplates\HorzSplt.bmp
[0b00:0004][2017-10-17T09:47:54] Completed: Copying file /Contents/VB/VBWizards/FrameSetTemplates/HorzSplt.bmp to C:\Program Files (x86)\Microsoft Visual Studio\2017\Community\VB\VBWizards\FrameSetTemplates\HorzSplt.bmp
[0b00:0004][2017-10-17T09:47:54] Timestamp updated for file 'C:\Program Files (x86)\Microsoft Visual Studio\2017\Community\VB\VBWizards\FrameSetTemplates\HorzSplt.bmp'.
[0b00:0004][2017-10-17T09:47:54] Processing file /Contents/VB/VBWizards/FrameSetTemplates/NavWToc.bmp
[0b00:0004][2017-10-17T09:47:54] Started: Copying file /Contents/VB/VBWizards/FrameSetTemplates/NavWToc.bmp to C:\Program Files (x86)\Microsoft Visual Studio\2017\Community\VB\VBWizards\FrameSetTemplates\NavWToc.bmp
[0b00:0004][2017-10-17T09:47:54] Completed: Copying file /Contents/VB/VBWizards/FrameSetTemplates/NavWToc.bmp to C:\Program Files (x86)\Microsoft Visual Studio\2017\Community\VB\VBWizards\FrameSetTemplates\NavWToc.bmp
[0b00:0004][2017-10-17T09:47:54] Timestamp updated for file 'C:\Program Files (x86)\Microsoft Visual Studio\2017\Community\VB\VBWizards\FrameSetTemplates\NavWToc.bmp'.
[0b00:0004][2017-10-17T09:47:54] Processing file /Contents/VB/VBWizards/FrameSetTemplates/ThreeLev.bmp
[0b00:0004][2017-10-17T09:47:54] Started: Copying file /Contents/VB/VBWizards/FrameSetTemplates/ThreeLev.bmp to C:\Program Files (x86)\Microsoft Visual Studio\2017\Community\VB\VBWizards\FrameSetTemplates\ThreeLev.bmp
[0b00:0004][2017-10-17T09:47:54] Completed: Copying file /Contents/VB/VBWizards/FrameSetTemplates/ThreeLev.bmp to C:\Program Files (x86)\Microsoft Visual Studio\2017\Community\VB\VBWizards\FrameSetTemplates\ThreeLev.bmp
[0b00:0004][2017-10-17T09:47:54] Timestamp updated for file 'C:\Program Files (x86)\Microsoft Visual Studio\2017\Community\VB\VBWizards\FrameSetTemplates\ThreeLev.bmp'.
[0b00:0004][2017-10-17T09:47:54] Processing file /Contents/VB/VBWizards/FrameSetTemplates/Toc.bmp
[0b00:0004][2017-10-17T09:47:54] Started: Copying file /Contents/VB/VBWizards/FrameSetTemplates/Toc.bmp to C:\Program Files (x86)\Microsoft Visual Studio\2017\Community\VB\VBWizards\FrameSetTemplates\Toc.bmp
[0b00:0004][2017-10-17T09:47:54] Completed: Copying file /Contents/VB/VBWizards/FrameSetTemplates/Toc.bmp to C:\Program Files (x86)\Microsoft Visual Studio\2017\Community\VB\VBWizards\FrameSetTemplates\Toc.bmp
[0b00:0004][2017-10-17T09:47:54] Timestamp updated for file 'C:\Program Files (x86)\Microsoft Visual Studio\2017\Community\VB\VBWizards\FrameSetTemplates\Toc.bmp'.
[0b00:0004][2017-10-17T09:47:54] Processing file /Contents/VB/VBWizards/FrameSetTemplates/TopDown.bmp
[0b00:0004][2017-10-17T09:47:54] Started: Copying file /Contents/VB/VBWizards/FrameSetTemplates/TopDown.bmp to C:\Program Files (x86)\Microsoft Visual Studio\2017\Community\VB\VBWizards\FrameSetTemplates\TopDown.bmp
[0b00:0004][2017-10-17T09:47:54] Completed: Copying file /Contents/VB/VBWizards/FrameSetTemplates/TopDown.bmp to C:\Program Files (x86)\Microsoft Visual Studio\2017\Community\VB\VBWizards\FrameSetTemplates\TopDown.bmp
[0b00:0004][2017-10-17T09:47:54] Timestamp updated for file 'C:\Program Files (x86)\Microsoft Visual Studio\2017\Community\VB\VBWizards\FrameSetTemplates\TopDown.bmp'.
[0b00:0004][2017-10-17T09:47:54] Processing file /Contents/VB/VBWizards/FrameSetTemplates/VertSplt.bmp
[0b00:0004][2017-10-17T09:47:54] Started: Copying file /Contents/VB/VBWizards/FrameSetTemplates/VertSplt.bmp to C:\Program Files (x86)\Microsoft Visual Studio\2017\Community\VB\VBWizards\FrameSetTemplates\VertSplt.bmp
[0b00:0004][2017-10-17T09:47:54] Completed: Copying file /Contents/VB/VBWizards/FrameSetTemplates/VertSplt.bmp to C:\Program Files (x86)\Microsoft Visual Studio\2017\Community\VB\VBWizards\FrameSetTemplates\VertSplt.bmp
[0b00:0004][2017-10-17T09:47:54] Timestamp updated for file 'C:\Program Files (x86)\Microsoft Visual Studio\2017\Community\VB\VBWizards\FrameSetTemplates\VertSplt.bmp'.
[0b00:0004][2017-10-17T09:47:54] Package executed successfully. Return code: 0
