[0b00:0004][2017-10-17T09:46:38] Opening the package for processing
[0b00:0004][2017-10-17T09:46:38] Using package payload to get the embedded manifest
[0b00:0004][2017-10-17T09:46:38] Getting list of files within the package
[0b00:0004][2017-10-17T09:46:38] Processing file /Contents/Common7/IDE/CommonExtensions/Microsoft/VC/MCppEE.pkgdef
[0b00:0004][2017-10-17T09:46:38] Started: Copying file /Contents/Common7/IDE/CommonExtensions/Microsoft/VC/MCppEE.pkgdef to C:\Program Files (x86)\Microsoft Visual Studio\2017\Community\Common7\IDE\CommonExtensions\Microsoft\VC\MCppEE.pkgdef
[0b00:0004][2017-10-17T09:46:38] Completed: Copying file /Contents/Common7/IDE/CommonExtensions/Microsoft/VC/MCppEE.pkgdef to C:\Program Files (x86)\Microsoft Visual Studio\2017\Community\Common7\IDE\CommonExtensions\Microsoft\VC\MCppEE.pkgdef
[0b00:0004][2017-10-17T09:46:38] Timestamp updated for file 'C:\Program Files (x86)\Microsoft Visual Studio\2017\Community\Common7\IDE\CommonExtensions\Microsoft\VC\MCppEE.pkgdef'.
[0b00:0004][2017-10-17T09:46:38] Processing file /Contents/Common7/IDE/CommonExtensions/Microsoft/VC/ObjC.pkgdef
[0b00:0004][2017-10-17T09:46:38] Started: Copying file /Contents/Common7/IDE/CommonExtensions/Microsoft/VC/ObjC.pkgdef to C:\Program Files (x86)\Microsoft Visual Studio\2017\Community\Common7\IDE\CommonExtensions\Microsoft\VC\ObjC.pkgdef
[0b00:0004][2017-10-17T09:46:38] Completed: Copying file /Contents/Common7/IDE/CommonExtensions/Microsoft/VC/ObjC.pkgdef to C:\Program Files (x86)\Microsoft Visual Studio\2017\Community\Common7\IDE\CommonExtensions\Microsoft\VC\ObjC.pkgdef
[0b00:0004][2017-10-17T09:46:38] Timestamp updated for file 'C:\Program Files (x86)\Microsoft Visual Studio\2017\Community\Common7\IDE\CommonExtensions\Microsoft\VC\ObjC.pkgdef'.
[0b00:0004][2017-10-17T09:46:38] Processing file /Contents/Common7/IDE/CommonExtensions/Platform/Debugger/ECBuild.pkgdef
[0b00:0004][2017-10-17T09:46:38] Started: Copying file /Contents/Common7/IDE/CommonExtensions/Platform/Debugger/ECBuild.pkgdef to C:\Program Files (x86)\Microsoft Visual Studio\2017\Community\Common7\IDE\CommonExtensions\Platform\Debugger\ECBuild.pkgdef
[0b00:0004][2017-10-17T09:46:38] Completed: Copying file /Contents/Common7/IDE/CommonExtensions/Platform/Debugger/ECBuild.pkgdef to C:\Program Files (x86)\Microsoft Visual Studio\2017\Community\Common7\IDE\CommonExtensions\Platform\Debugger\ECBuild.pkgdef
[0b00:0004][2017-10-17T09:46:38] Timestamp updated for file 'C:\Program Files (x86)\Microsoft Visual Studio\2017\Community\Common7\IDE\CommonExtensions\Platform\Debugger\ECBuild.pkgdef'.
[0b00:0004][2017-10-17T09:46:38] Processing file /Contents/Common7/Packages/Debugger/AsyncStackWalk.natvis
[0b00:0004][2017-10-17T09:46:38] Started: Copying file /Contents/Common7/Packages/Debugger/AsyncStackWalk.natvis to C:\Program Files (x86)\Microsoft Visual Studio\2017\Community\Common7\Packages\Debugger\AsyncStackWalk.natvis
[0b00:0004][2017-10-17T09:46:38] Completed: Copying file /Contents/Common7/Packages/Debugger/AsyncStackWalk.natvis to C:\Program Files (x86)\Microsoft Visual Studio\2017\Community\Common7\Packages\Debugger\AsyncStackWalk.natvis
[0b00:0004][2017-10-17T09:46:38] Timestamp updated for file 'C:\Program Files (x86)\Microsoft Visual Studio\2017\Community\Common7\Packages\Debugger\AsyncStackWalk.natvis'.
[0b00:0004][2017-10-17T09:46:38] Processing file /Contents/Common7/Packages/Debugger/cppdebug.dll
[0b00:0004][2017-10-17T09:46:38] Started: Copying file /Contents/Common7/Packages/Debugger/cppdebug.dll to C:\Program Files (x86)\Microsoft Visual Studio\2017\Community\Common7\Packages\Debugger\cppdebug.dll
[0b00:0004][2017-10-17T09:46:39] Completed: Copying file /Contents/Common7/Packages/Debugger/cppdebug.dll to C:\Program Files (x86)\Microsoft Visual Studio\2017\Community\Common7\Packages\Debugger\cppdebug.dll
[0b00:0004][2017-10-17T09:46:39] Timestamp updated for file 'C:\Program Files (x86)\Microsoft Visual Studio\2017\Community\Common7\Packages\Debugger\cppdebug.dll'.
[0b00:0004][2017-10-17T09:46:39] Processing file /Contents/Common7/Packages/Debugger/cppdebug.remote.dll
[0b00:0004][2017-10-17T09:46:39] Started: Copying file /Contents/Common7/Packages/Debugger/cppdebug.remote.dll to C:\Program Files (x86)\Microsoft Visual Studio\2017\Community\Common7\Packages\Debugger\cppdebug.remote.dll
[0b00:0004][2017-10-17T09:46:39] Completed: Copying file /Contents/Common7/Packages/Debugger/cppdebug.remote.dll to C:\Program Files (x86)\Microsoft Visual Studio\2017\Community\Common7\Packages\Debugger\cppdebug.remote.dll
[0b00:0004][2017-10-17T09:46:39] Timestamp updated for file 'C:\Program Files (x86)\Microsoft Visual Studio\2017\Community\Common7\Packages\Debugger\cppdebug.remote.dll'.
[0b00:0004][2017-10-17T09:46:39] Processing file /Contents/Common7/Packages/Debugger/cppdebug.remote.vsdconfig
[0b00:0004][2017-10-17T09:46:39] Started: Copying file /Contents/Common7/Packages/Debugger/cppdebug.remote.vsdconfig to C:\Program Files (x86)\Microsoft Visual Studio\2017\Community\Common7\Packages\Debugger\cppdebug.remote.vsdconfig
[0b00:0004][2017-10-17T09:46:39] Completed: Copying file /Contents/Common7/Packages/Debugger/cppdebug.remote.vsdconfig to C:\Program Files (x86)\Microsoft Visual Studio\2017\Community\Common7\Packages\Debugger\cppdebug.remote.vsdconfig
[0b00:0004][2017-10-17T09:46:39] Timestamp updated for file 'C:\Program Files (x86)\Microsoft Visual Studio\2017\Community\Common7\Packages\Debugger\cppdebug.remote.vsdconfig'.
[0b00:0004][2017-10-17T09:46:39] Processing file /Contents/Common7/Packages/Debugger/cppdebug.vsdconfig
[0b00:0004][2017-10-17T09:46:39] Started: Copying file /Contents/Common7/Packages/Debugger/cppdebug.vsdconfig to C:\Program Files (x86)\Microsoft Visual Studio\2017\Community\Common7\Packages\Debugger\cppdebug.vsdconfig
[0b00:0004][2017-10-17T09:46:39] Completed: Copying file /Contents/Common7/Packages/Debugger/cppdebug.vsdconfig to C:\Program Files (x86)\Microsoft Visual Studio\2017\Community\Common7\Packages\Debugger\cppdebug.vsdconfig
[0b00:0004][2017-10-17T09:46:39] Timestamp updated for file 'C:\Program Files (x86)\Microsoft Visual Studio\2017\Community\Common7\Packages\Debugger\cppdebug.vsdconfig'.
[0b00:0004][2017-10-17T09:46:39] Processing file /Contents/Common7/Packages/Debugger/ecbuild.dll
[0b00:0004][2017-10-17T09:46:39] Started: Copying file /Contents/Common7/Packages/Debugger/ecbuild.dll to C:\Program Files (x86)\Microsoft Visual Studio\2017\Community\Common7\Packages\Debugger\ecbuild.dll
[0b00:0004][2017-10-17T09:46:39] Completed: Copying file /Contents/Common7/Packages/Debugger/ecbuild.dll to C:\Program Files (x86)\Microsoft Visual Studio\2017\Community\Common7\Packages\Debugger\ecbuild.dll
[0b00:0004][2017-10-17T09:46:39] Timestamp updated for file 'C:\Program Files (x86)\Microsoft Visual Studio\2017\Community\Common7\Packages\Debugger\ecbuild.dll'.
[0b00:0004][2017-10-17T09:46:39] Processing file /Contents/Common7/Packages/Debugger/MSEnc.dll
[0b00:0004][2017-10-17T09:46:39] Started: Copying file /Contents/Common7/Packages/Debugger/MSEnc.dll to C:\Program Files (x86)\Microsoft Visual Studio\2017\Community\Common7\Packages\Debugger\MSEnc.dll
[0b00:0004][2017-10-17T09:46:39] Completed: Copying file /Contents/Common7/Packages/Debugger/MSEnc.dll to C:\Program Files (x86)\Microsoft Visual Studio\2017\Community\Common7\Packages\Debugger\MSEnc.dll
[0b00:0004][2017-10-17T09:46:39] Timestamp updated for file 'C:\Program Files (x86)\Microsoft Visual Studio\2017\Community\Common7\Packages\Debugger\MSEnc.dll'.
[0b00:0004][2017-10-17T09:46:39] Processing file /Contents/Common7/Packages/Debugger/natstepfilter.xsd
[0b00:0004][2017-10-17T09:46:39] Started: Copying file /Contents/Common7/Packages/Debugger/natstepfilter.xsd to C:\Program Files (x86)\Microsoft Visual Studio\2017\Community\Common7\Packages\Debugger\natstepfilter.xsd
[0b00:0004][2017-10-17T09:46:39] Completed: Copying file /Contents/Common7/Packages/Debugger/natstepfilter.xsd to C:\Program Files (x86)\Microsoft Visual Studio\2017\Community\Common7\Packages\Debugger\natstepfilter.xsd
[0b00:0004][2017-10-17T09:46:39] Timestamp updated for file 'C:\Program Files (x86)\Microsoft Visual Studio\2017\Community\Common7\Packages\Debugger\natstepfilter.xsd'.
[0b00:0004][2017-10-17T09:46:39] Processing file /Contents/Common7/Packages/Debugger/natvis.xsd
[0b00:0004][2017-10-17T09:46:39] Started: Copying file /Contents/Common7/Packages/Debugger/natvis.xsd to C:\Program Files (x86)\Microsoft Visual Studio\2017\Community\Common7\Packages\Debugger\natvis.xsd
[0b00:0004][2017-10-17T09:46:39] Completed: Copying file /Contents/Common7/Packages/Debugger/natvis.xsd to C:\Program Files (x86)\Microsoft Visual Studio\2017\Community\Common7\Packages\Debugger\natvis.xsd
[0b00:0004][2017-10-17T09:46:39] Timestamp updated for file 'C:\Program Files (x86)\Microsoft Visual Studio\2017\Community\Common7\Packages\Debugger\natvis.xsd'.
[0b00:0004][2017-10-17T09:46:39] Processing file /Contents/Common7/Packages/Debugger/vcencbld.dll
[0b00:0004][2017-10-17T09:46:39] Started: Copying file /Contents/Common7/Packages/Debugger/vcencbld.dll to C:\Program Files (x86)\Microsoft Visual Studio\2017\Community\Common7\Packages\Debugger\vcencbld.dll
[0b00:0004][2017-10-17T09:46:39] Completed: Copying file /Contents/Common7/Packages/Debugger/vcencbld.dll to C:\Program Files (x86)\Microsoft Visual Studio\2017\Community\Common7\Packages\Debugger\vcencbld.dll
[0b00:0004][2017-10-17T09:46:39] Timestamp updated for file 'C:\Program Files (x86)\Microsoft Visual Studio\2017\Community\Common7\Packages\Debugger\vcencbld.dll'.
[0b00:0004][2017-10-17T09:46:39] Processing file /Contents/Common7/Packages/Debugger/Visualizers/atlmfc.natvis
[0b00:0004][2017-10-17T09:46:39] Started: Copying file /Contents/Common7/Packages/Debugger/Visualizers/atlmfc.natvis to C:\Program Files (x86)\Microsoft Visual Studio\2017\Community\Common7\Packages\Debugger\Visualizers\atlmfc.natvis
[0b00:0004][2017-10-17T09:46:39] Completed: Copying file /Contents/Common7/Packages/Debugger/Visualizers/atlmfc.natvis to C:\Program Files (x86)\Microsoft Visual Studio\2017\Community\Common7\Packages\Debugger\Visualizers\atlmfc.natvis
[0b00:0004][2017-10-17T09:46:39] Timestamp updated for file 'C:\Program Files (x86)\Microsoft Visual Studio\2017\Community\Common7\Packages\Debugger\Visualizers\atlmfc.natvis'.
[0b00:0004][2017-10-17T09:46:39] Processing file /Contents/Common7/Packages/Debugger/Visualizers/concurrency.natvis
[0b00:0004][2017-10-17T09:46:39] Started: Copying file /Contents/Common7/Packages/Debugger/Visualizers/concurrency.natvis to C:\Program Files (x86)\Microsoft Visual Studio\2017\Community\Common7\Packages\Debugger\Visualizers\concurrency.natvis
[0b00:0004][2017-10-17T09:46:39] Completed: Copying file /Contents/Common7/Packages/Debugger/Visualizers/concurrency.natvis to C:\Program Files (x86)\Microsoft Visual Studio\2017\Community\Common7\Packages\Debugger\Visualizers\concurrency.natvis
[0b00:0004][2017-10-17T09:46:39] Timestamp updated for file 'C:\Program Files (x86)\Microsoft Visual Studio\2017\Community\Common7\Packages\Debugger\Visualizers\concurrency.natvis'.
[0b00:0004][2017-10-17T09:46:39] Processing file /Contents/Common7/Packages/Debugger/Visualizers/CppAMP.natstepfilter
[0b00:0004][2017-10-17T09:46:39] Started: Copying file /Contents/Common7/Packages/Debugger/Visualizers/CppAMP.natstepfilter to C:\Program Files (x86)\Microsoft Visual Studio\2017\Community\Common7\Packages\Debugger\Visualizers\CppAMP.natstepfilter
[0b00:0004][2017-10-17T09:46:39] Completed: Copying file /Contents/Common7/Packages/Debugger/Visualizers/CppAMP.natstepfilter to C:\Program Files (x86)\Microsoft Visual Studio\2017\Community\Common7\Packages\Debugger\Visualizers\CppAMP.natstepfilter
[0b00:0004][2017-10-17T09:46:39] Timestamp updated for file 'C:\Program Files (x86)\Microsoft Visual Studio\2017\Community\Common7\Packages\Debugger\Visualizers\CppAMP.natstepfilter'.
[0b00:0004][2017-10-17T09:46:39] Processing file /Contents/Common7/Packages/Debugger/Visualizers/cpp_rest.natvis
[0b00:0004][2017-10-17T09:46:39] Started: Copying file /Contents/Common7/Packages/Debugger/Visualizers/cpp_rest.natvis to C:\Program Files (x86)\Microsoft Visual Studio\2017\Community\Common7\Packages\Debugger\Visualizers\cpp_rest.natvis
[0b00:0004][2017-10-17T09:46:39] Completed: Copying file /Contents/Common7/Packages/Debugger/Visualizers/cpp_rest.natvis to C:\Program Files (x86)\Microsoft Visual Studio\2017\Community\Common7\Packages\Debugger\Visualizers\cpp_rest.natvis
[0b00:0004][2017-10-17T09:46:39] Timestamp updated for file 'C:\Program Files (x86)\Microsoft Visual Studio\2017\Community\Common7\Packages\Debugger\Visualizers\cpp_rest.natvis'.
[0b00:0004][2017-10-17T09:46:39] Processing file /Contents/Common7/Packages/Debugger/Visualizers/default.natjmc
[0b00:0004][2017-10-17T09:46:39] Started: Copying file /Contents/Common7/Packages/Debugger/Visualizers/default.natjmc to C:\Program Files (x86)\Microsoft Visual Studio\2017\Community\Common7\Packages\Debugger\Visualizers\default.natjmc
[0b00:0004][2017-10-17T09:46:39] Completed: Copying file /Contents/Common7/Packages/Debugger/Visualizers/default.natjmc to C:\Program Files (x86)\Microsoft Visual Studio\2017\Community\Common7\Packages\Debugger\Visualizers\default.natjmc
[0b00:0004][2017-10-17T09:46:39] Timestamp updated for file 'C:\Program Files (x86)\Microsoft Visual Studio\2017\Community\Common7\Packages\Debugger\Visualizers\default.natjmc'.
[0b00:0004][2017-10-17T09:46:39] Processing file /Contents/Common7/Packages/Debugger/Visualizers/default.natstepfilter
[0b00:0004][2017-10-17T09:46:39] Started: Copying file /Contents/Common7/Packages/Debugger/Visualizers/default.natstepfilter to C:\Program Files (x86)\Microsoft Visual Studio\2017\Community\Common7\Packages\Debugger\Visualizers\default.natstepfilter
[0b00:0004][2017-10-17T09:46:39] Completed: Copying file /Contents/Common7/Packages/Debugger/Visualizers/default.natstepfilter to C:\Program Files (x86)\Microsoft Visual Studio\2017\Community\Common7\Packages\Debugger\Visualizers\default.natstepfilter
[0b00:0004][2017-10-17T09:46:39] Timestamp updated for file 'C:\Program Files (x86)\Microsoft Visual Studio\2017\Community\Common7\Packages\Debugger\Visualizers\default.natstepfilter'.
[0b00:0004][2017-10-17T09:46:39] Processing file /Contents/Common7/Packages/Debugger/Visualizers/ObjectiveC.natvis
[0b00:0004][2017-10-17T09:46:39] Started: Copying file /Contents/Common7/Packages/Debugger/Visualizers/ObjectiveC.natvis to C:\Program Files (x86)\Microsoft Visual Studio\2017\Community\Common7\Packages\Debugger\Visualizers\ObjectiveC.natvis
[0b00:0004][2017-10-17T09:46:39] Completed: Copying file /Contents/Common7/Packages/Debugger/Visualizers/ObjectiveC.natvis to C:\Program Files (x86)\Microsoft Visual Studio\2017\Community\Common7\Packages\Debugger\Visualizers\ObjectiveC.natvis
[0b00:0004][2017-10-17T09:46:39] Timestamp updated for file 'C:\Program Files (x86)\Microsoft Visual Studio\2017\Community\Common7\Packages\Debugger\Visualizers\ObjectiveC.natvis'.
[0b00:0004][2017-10-17T09:46:39] Processing file /Contents/Common7/Packages/Debugger/Visualizers/stl.natvis
[0b00:0004][2017-10-17T09:46:39] Started: Copying file /Contents/Common7/Packages/Debugger/Visualizers/stl.natvis to C:\Program Files (x86)\Microsoft Visual Studio\2017\Community\Common7\Packages\Debugger\Visualizers\stl.natvis
[0b00:0004][2017-10-17T09:46:39] Completed: Copying file /Contents/Common7/Packages/Debugger/Visualizers/stl.natvis to C:\Program Files (x86)\Microsoft Visual Studio\2017\Community\Common7\Packages\Debugger\Visualizers\stl.natvis
[0b00:0004][2017-10-17T09:46:39] Timestamp updated for file 'C:\Program Files (x86)\Microsoft Visual Studio\2017\Community\Common7\Packages\Debugger\Visualizers\stl.natvis'.
[0b00:0004][2017-10-17T09:46:39] Processing file /Contents/Common7/Packages/Debugger/Visualizers/Windows.Data.Json.natvis
[0b00:0004][2017-10-17T09:46:39] Started: Copying file /Contents/Common7/Packages/Debugger/Visualizers/Windows.Data.Json.natvis to C:\Program Files (x86)\Microsoft Visual Studio\2017\Community\Common7\Packages\Debugger\Visualizers\Windows.Data.Json.natvis
[0b00:0004][2017-10-17T09:46:39] Completed: Copying file /Contents/Common7/Packages/Debugger/Visualizers/Windows.Data.Json.natvis to C:\Program Files (x86)\Microsoft Visual Studio\2017\Community\Common7\Packages\Debugger\Visualizers\Windows.Data.Json.natvis
[0b00:0004][2017-10-17T09:46:39] Timestamp updated for file 'C:\Program Files (x86)\Microsoft Visual Studio\2017\Community\Common7\Packages\Debugger\Visualizers\Windows.Data.Json.natvis'.
[0b00:0004][2017-10-17T09:46:39] Processing file /Contents/Common7/Packages/Debugger/Visualizers/windows.devices.geolocation.natvis
[0b00:0004][2017-10-17T09:46:39] Started: Copying file /Contents/Common7/Packages/Debugger/Visualizers/windows.devices.geolocation.natvis to C:\Program Files (x86)\Microsoft Visual Studio\2017\Community\Common7\Packages\Debugger\Visualizers\windows.devices.geolocation.natvis
[0b00:0004][2017-10-17T09:46:39] Completed: Copying file /Contents/Common7/Packages/Debugger/Visualizers/windows.devices.geolocation.natvis to C:\Program Files (x86)\Microsoft Visual Studio\2017\Community\Common7\Packages\Debugger\Visualizers\windows.devices.geolocation.natvis
[0b00:0004][2017-10-17T09:46:39] Timestamp updated for file 'C:\Program Files (x86)\Microsoft Visual Studio\2017\Community\Common7\Packages\Debugger\Visualizers\windows.devices.geolocation.natvis'.
[0b00:0004][2017-10-17T09:46:39] Processing file /Contents/Common7/Packages/Debugger/Visualizers/windows.devices.sensors.natvis
[0b00:0004][2017-10-17T09:46:39] Started: Copying file /Contents/Common7/Packages/Debugger/Visualizers/windows.devices.sensors.natvis to C:\Program Files (x86)\Microsoft Visual Studio\2017\Community\Common7\Packages\Debugger\Visualizers\windows.devices.sensors.natvis
[0b00:0004][2017-10-17T09:46:39] Completed: Copying file /Contents/Common7/Packages/Debugger/Visualizers/windows.devices.sensors.natvis to C:\Program Files (x86)\Microsoft Visual Studio\2017\Community\Common7\Packages\Debugger\Visualizers\windows.devices.sensors.natvis
[0b00:0004][2017-10-17T09:46:39] Timestamp updated for file 'C:\Program Files (x86)\Microsoft Visual Studio\2017\Community\Common7\Packages\Debugger\Visualizers\windows.devices.sensors.natvis'.
[0b00:0004][2017-10-17T09:46:39] Processing file /Contents/Common7/Packages/Debugger/Visualizers/windows.media.natvis
[0b00:0004][2017-10-17T09:46:39] Started: Copying file /Contents/Common7/Packages/Debugger/Visualizers/windows.media.natvis to C:\Program Files (x86)\Microsoft Visual Studio\2017\Community\Common7\Packages\Debugger\Visualizers\windows.media.natvis
[0b00:0004][2017-10-17T09:46:39] Completed: Copying file /Contents/Common7/Packages/Debugger/Visualizers/windows.media.natvis to C:\Program Files (x86)\Microsoft Visual Studio\2017\Community\Common7\Packages\Debugger\Visualizers\windows.media.natvis
[0b00:0004][2017-10-17T09:46:39] Timestamp updated for file 'C:\Program Files (x86)\Microsoft Visual Studio\2017\Community\Common7\Packages\Debugger\Visualizers\windows.media.natvis'.
[0b00:0004][2017-10-17T09:46:39] Processing file /Contents/Common7/Packages/Debugger/Visualizers/windows.natvis
[0b00:0004][2017-10-17T09:46:39] Started: Copying file /Contents/Common7/Packages/Debugger/Visualizers/windows.natvis to C:\Program Files (x86)\Microsoft Visual Studio\2017\Community\Common7\Packages\Debugger\Visualizers\windows.natvis
[0b00:0004][2017-10-17T09:46:39] Completed: Copying file /Contents/Common7/Packages/Debugger/Visualizers/windows.natvis to C:\Program Files (x86)\Microsoft Visual Studio\2017\Community\Common7\Packages\Debugger\Visualizers\windows.natvis
[0b00:0004][2017-10-17T09:46:39] Timestamp updated for file 'C:\Program Files (x86)\Microsoft Visual Studio\2017\Community\Common7\Packages\Debugger\Visualizers\windows.natvis'.
[0b00:0004][2017-10-17T09:46:39] Processing file /Contents/Common7/Packages/Debugger/Visualizers/winrt.natvis
[0b00:0004][2017-10-17T09:46:39] Started: Copying file /Contents/Common7/Packages/Debugger/Visualizers/winrt.natvis to C:\Program Files (x86)\Microsoft Visual Studio\2017\Community\Common7\Packages\Debugger\Visualizers\winrt.natvis
[0b00:0004][2017-10-17T09:46:39] Completed: Copying file /Contents/Common7/Packages/Debugger/Visualizers/winrt.natvis to C:\Program Files (x86)\Microsoft Visual Studio\2017\Community\Common7\Packages\Debugger\Visualizers\winrt.natvis
[0b00:0004][2017-10-17T09:46:39] Timestamp updated for file 'C:\Program Files (x86)\Microsoft Visual Studio\2017\Community\Common7\Packages\Debugger\Visualizers\winrt.natvis'.
[0b00:0004][2017-10-17T09:46:39] Processing file /Contents/Xml/Schemas/natstepfilter.xsd
[0b00:0004][2017-10-17T09:46:39] Started: Copying file /Contents/Xml/Schemas/natstepfilter.xsd to C:\Program Files (x86)\Microsoft Visual Studio\2017\Community\Xml\Schemas\natstepfilter.xsd
[0b00:0004][2017-10-17T09:46:39] Completed: Copying file /Contents/Xml/Schemas/natstepfilter.xsd to C:\Program Files (x86)\Microsoft Visual Studio\2017\Community\Xml\Schemas\natstepfilter.xsd
[0b00:0004][2017-10-17T09:46:39] Timestamp updated for file 'C:\Program Files (x86)\Microsoft Visual Studio\2017\Community\Xml\Schemas\natstepfilter.xsd'.
[0b00:0004][2017-10-17T09:46:39] Package executed successfully. Return code: 0
