[0b00:0004][2017-10-17T09:45:48] Opening the package for processing
[0b00:0004][2017-10-17T09:45:48] Using package payload to get the embedded manifest
[0b00:0004][2017-10-17T09:45:48] Getting list of files within the package
[0b00:0004][2017-10-17T09:45:48] Processing file /Contents/Common7/IDE/api-ms-win-core-file-l1-2-0.dll
[0b00:0004][2017-10-17T09:45:48] Started: Copying file /Contents/Common7/IDE/api-ms-win-core-file-l1-2-0.dll to C:\Program Files (x86)\Microsoft Visual Studio\2017\Community\Common7\IDE\api-ms-win-core-file-l1-2-0.dll
[0b00:0004][2017-10-17T09:45:48] Completed: Copying file /Contents/Common7/IDE/api-ms-win-core-file-l1-2-0.dll to C:\Program Files (x86)\Microsoft Visual Studio\2017\Community\Common7\IDE\api-ms-win-core-file-l1-2-0.dll
[0b00:0004][2017-10-17T09:45:48] Timestamp updated for file 'C:\Program Files (x86)\Microsoft Visual Studio\2017\Community\Common7\IDE\api-ms-win-core-file-l1-2-0.dll'.
[0b00:0004][2017-10-17T09:45:48] Processing file /Contents/Common7/IDE/api-ms-win-core-file-l2-1-0.dll
[0b00:0004][2017-10-17T09:45:48] Started: Copying file /Contents/Common7/IDE/api-ms-win-core-file-l2-1-0.dll to C:\Program Files (x86)\Microsoft Visual Studio\2017\Community\Common7\IDE\api-ms-win-core-file-l2-1-0.dll
[0b00:0004][2017-10-17T09:45:48] Completed: Copying file /Contents/Common7/IDE/api-ms-win-core-file-l2-1-0.dll to C:\Program Files (x86)\Microsoft Visual Studio\2017\Community\Common7\IDE\api-ms-win-core-file-l2-1-0.dll
[0b00:0004][2017-10-17T09:45:48] Timestamp updated for file 'C:\Program Files (x86)\Microsoft Visual Studio\2017\Community\Common7\IDE\api-ms-win-core-file-l2-1-0.dll'.
[0b00:0004][2017-10-17T09:45:48] Processing file /Contents/Common7/IDE/api-ms-win-core-localization-l1-2-0.dll
[0b00:0004][2017-10-17T09:45:48] Started: Copying file /Contents/Common7/IDE/api-ms-win-core-localization-l1-2-0.dll to C:\Program Files (x86)\Microsoft Visual Studio\2017\Community\Common7\IDE\api-ms-win-core-localization-l1-2-0.dll
[0b00:0004][2017-10-17T09:45:48] Completed: Copying file /Contents/Common7/IDE/api-ms-win-core-localization-l1-2-0.dll to C:\Program Files (x86)\Microsoft Visual Studio\2017\Community\Common7\IDE\api-ms-win-core-localization-l1-2-0.dll
[0b00:0004][2017-10-17T09:45:48] Timestamp updated for file 'C:\Program Files (x86)\Microsoft Visual Studio\2017\Community\Common7\IDE\api-ms-win-core-localization-l1-2-0.dll'.
[0b00:0004][2017-10-17T09:45:48] Processing file /Contents/Common7/IDE/api-ms-win-core-processthreads-l1-1-1.dll
[0b00:0004][2017-10-17T09:45:48] Started: Copying file /Contents/Common7/IDE/api-ms-win-core-processthreads-l1-1-1.dll to C:\Program Files (x86)\Microsoft Visual Studio\2017\Community\Common7\IDE\api-ms-win-core-processthreads-l1-1-1.dll
[0b00:0004][2017-10-17T09:45:48] Completed: Copying file /Contents/Common7/IDE/api-ms-win-core-processthreads-l1-1-1.dll to C:\Program Files (x86)\Microsoft Visual Studio\2017\Community\Common7\IDE\api-ms-win-core-processthreads-l1-1-1.dll
[0b00:0004][2017-10-17T09:45:48] Timestamp updated for file 'C:\Program Files (x86)\Microsoft Visual Studio\2017\Community\Common7\IDE\api-ms-win-core-processthreads-l1-1-1.dll'.
[0b00:0004][2017-10-17T09:45:48] Processing file /Contents/Common7/IDE/api-ms-win-core-synch-l1-2-0.dll
[0b00:0004][2017-10-17T09:45:48] Started: Copying file /Contents/Common7/IDE/api-ms-win-core-synch-l1-2-0.dll to C:\Program Files (x86)\Microsoft Visual Studio\2017\Community\Common7\IDE\api-ms-win-core-synch-l1-2-0.dll
[0b00:0004][2017-10-17T09:45:48] Completed: Copying file /Contents/Common7/IDE/api-ms-win-core-synch-l1-2-0.dll to C:\Program Files (x86)\Microsoft Visual Studio\2017\Community\Common7\IDE\api-ms-win-core-synch-l1-2-0.dll
[0b00:0004][2017-10-17T09:45:48] Timestamp updated for file 'C:\Program Files (x86)\Microsoft Visual Studio\2017\Community\Common7\IDE\api-ms-win-core-synch-l1-2-0.dll'.
[0b00:0004][2017-10-17T09:45:48] Processing file /Contents/Common7/IDE/api-ms-win-core-timezone-l1-1-0.dll
[0b00:0004][2017-10-17T09:45:48] Started: Copying file /Contents/Common7/IDE/api-ms-win-core-timezone-l1-1-0.dll to C:\Program Files (x86)\Microsoft Visual Studio\2017\Community\Common7\IDE\api-ms-win-core-timezone-l1-1-0.dll
[0b00:0004][2017-10-17T09:45:48] Completed: Copying file /Contents/Common7/IDE/api-ms-win-core-timezone-l1-1-0.dll to C:\Program Files (x86)\Microsoft Visual Studio\2017\Community\Common7\IDE\api-ms-win-core-timezone-l1-1-0.dll
[0b00:0004][2017-10-17T09:45:48] Timestamp updated for file 'C:\Program Files (x86)\Microsoft Visual Studio\2017\Community\Common7\IDE\api-ms-win-core-timezone-l1-1-0.dll'.
[0b00:0004][2017-10-17T09:45:48] Processing file /Contents/Common7/IDE/api-ms-win-crt-convert-l1-1-0.dll
[0b00:0004][2017-10-17T09:45:48] Started: Copying file /Contents/Common7/IDE/api-ms-win-crt-convert-l1-1-0.dll to C:\Program Files (x86)\Microsoft Visual Studio\2017\Community\Common7\IDE\api-ms-win-crt-convert-l1-1-0.dll
[0b00:0004][2017-10-17T09:45:48] Completed: Copying file /Contents/Common7/IDE/api-ms-win-crt-convert-l1-1-0.dll to C:\Program Files (x86)\Microsoft Visual Studio\2017\Community\Common7\IDE\api-ms-win-crt-convert-l1-1-0.dll
[0b00:0004][2017-10-17T09:45:48] Timestamp updated for file 'C:\Program Files (x86)\Microsoft Visual Studio\2017\Community\Common7\IDE\api-ms-win-crt-convert-l1-1-0.dll'.
[0b00:0004][2017-10-17T09:45:48] Processing file /Contents/Common7/IDE/api-ms-win-crt-environment-l1-1-0.dll
[0b00:0004][2017-10-17T09:45:48] Started: Copying file /Contents/Common7/IDE/api-ms-win-crt-environment-l1-1-0.dll to C:\Program Files (x86)\Microsoft Visual Studio\2017\Community\Common7\IDE\api-ms-win-crt-environment-l1-1-0.dll
[0b00:0004][2017-10-17T09:45:48] Completed: Copying file /Contents/Common7/IDE/api-ms-win-crt-environment-l1-1-0.dll to C:\Program Files (x86)\Microsoft Visual Studio\2017\Community\Common7\IDE\api-ms-win-crt-environment-l1-1-0.dll
[0b00:0004][2017-10-17T09:45:48] Timestamp updated for file 'C:\Program Files (x86)\Microsoft Visual Studio\2017\Community\Common7\IDE\api-ms-win-crt-environment-l1-1-0.dll'.
[0b00:0004][2017-10-17T09:45:48] Processing file /Contents/Common7/IDE/api-ms-win-crt-filesystem-l1-1-0.dll
[0b00:0004][2017-10-17T09:45:48] Started: Copying file /Contents/Common7/IDE/api-ms-win-crt-filesystem-l1-1-0.dll to C:\Program Files (x86)\Microsoft Visual Studio\2017\Community\Common7\IDE\api-ms-win-crt-filesystem-l1-1-0.dll
[0b00:0004][2017-10-17T09:45:48] Completed: Copying file /Contents/Common7/IDE/api-ms-win-crt-filesystem-l1-1-0.dll to C:\Program Files (x86)\Microsoft Visual Studio\2017\Community\Common7\IDE\api-ms-win-crt-filesystem-l1-1-0.dll
[0b00:0004][2017-10-17T09:45:48] Timestamp updated for file 'C:\Program Files (x86)\Microsoft Visual Studio\2017\Community\Common7\IDE\api-ms-win-crt-filesystem-l1-1-0.dll'.
[0b00:0004][2017-10-17T09:45:48] Processing file /Contents/Common7/IDE/api-ms-win-crt-heap-l1-1-0.dll
[0b00:0004][2017-10-17T09:45:48] Started: Copying file /Contents/Common7/IDE/api-ms-win-crt-heap-l1-1-0.dll to C:\Program Files (x86)\Microsoft Visual Studio\2017\Community\Common7\IDE\api-ms-win-crt-heap-l1-1-0.dll
[0b00:0004][2017-10-17T09:45:48] Completed: Copying file /Contents/Common7/IDE/api-ms-win-crt-heap-l1-1-0.dll to C:\Program Files (x86)\Microsoft Visual Studio\2017\Community\Common7\IDE\api-ms-win-crt-heap-l1-1-0.dll
[0b00:0004][2017-10-17T09:45:48] Timestamp updated for file 'C:\Program Files (x86)\Microsoft Visual Studio\2017\Community\Common7\IDE\api-ms-win-crt-heap-l1-1-0.dll'.
[0b00:0004][2017-10-17T09:45:48] Processing file /Contents/Common7/IDE/api-ms-win-crt-locale-l1-1-0.dll
[0b00:0004][2017-10-17T09:45:48] Started: Copying file /Contents/Common7/IDE/api-ms-win-crt-locale-l1-1-0.dll to C:\Program Files (x86)\Microsoft Visual Studio\2017\Community\Common7\IDE\api-ms-win-crt-locale-l1-1-0.dll
[0b00:0004][2017-10-17T09:45:48] Completed: Copying file /Contents/Common7/IDE/api-ms-win-crt-locale-l1-1-0.dll to C:\Program Files (x86)\Microsoft Visual Studio\2017\Community\Common7\IDE\api-ms-win-crt-locale-l1-1-0.dll
[0b00:0004][2017-10-17T09:45:48] Timestamp updated for file 'C:\Program Files (x86)\Microsoft Visual Studio\2017\Community\Common7\IDE\api-ms-win-crt-locale-l1-1-0.dll'.
[0b00:0004][2017-10-17T09:45:48] Processing file /Contents/Common7/IDE/api-ms-win-crt-math-l1-1-0.dll
[0b00:0004][2017-10-17T09:45:48] Started: Copying file /Contents/Common7/IDE/api-ms-win-crt-math-l1-1-0.dll to C:\Program Files (x86)\Microsoft Visual Studio\2017\Community\Common7\IDE\api-ms-win-crt-math-l1-1-0.dll
[0b00:0004][2017-10-17T09:45:48] Completed: Copying file /Contents/Common7/IDE/api-ms-win-crt-math-l1-1-0.dll to C:\Program Files (x86)\Microsoft Visual Studio\2017\Community\Common7\IDE\api-ms-win-crt-math-l1-1-0.dll
[0b00:0004][2017-10-17T09:45:48] Timestamp updated for file 'C:\Program Files (x86)\Microsoft Visual Studio\2017\Community\Common7\IDE\api-ms-win-crt-math-l1-1-0.dll'.
[0b00:0004][2017-10-17T09:45:48] Processing file /Contents/Common7/IDE/api-ms-win-crt-multibyte-l1-1-0.dll
[0b00:0004][2017-10-17T09:45:48] Started: Copying file /Contents/Common7/IDE/api-ms-win-crt-multibyte-l1-1-0.dll to C:\Program Files (x86)\Microsoft Visual Studio\2017\Community\Common7\IDE\api-ms-win-crt-multibyte-l1-1-0.dll
[0b00:0004][2017-10-17T09:45:48] Completed: Copying file /Contents/Common7/IDE/api-ms-win-crt-multibyte-l1-1-0.dll to C:\Program Files (x86)\Microsoft Visual Studio\2017\Community\Common7\IDE\api-ms-win-crt-multibyte-l1-1-0.dll
[0b00:0004][2017-10-17T09:45:48] Timestamp updated for file 'C:\Program Files (x86)\Microsoft Visual Studio\2017\Community\Common7\IDE\api-ms-win-crt-multibyte-l1-1-0.dll'.
[0b00:0004][2017-10-17T09:45:48] Processing file /Contents/Common7/IDE/api-ms-win-crt-runtime-l1-1-0.dll
[0b00:0004][2017-10-17T09:45:48] Started: Copying file /Contents/Common7/IDE/api-ms-win-crt-runtime-l1-1-0.dll to C:\Program Files (x86)\Microsoft Visual Studio\2017\Community\Common7\IDE\api-ms-win-crt-runtime-l1-1-0.dll
[0b00:0004][2017-10-17T09:45:48] Completed: Copying file /Contents/Common7/IDE/api-ms-win-crt-runtime-l1-1-0.dll to C:\Program Files (x86)\Microsoft Visual Studio\2017\Community\Common7\IDE\api-ms-win-crt-runtime-l1-1-0.dll
[0b00:0004][2017-10-17T09:45:48] Timestamp updated for file 'C:\Program Files (x86)\Microsoft Visual Studio\2017\Community\Common7\IDE\api-ms-win-crt-runtime-l1-1-0.dll'.
[0b00:0004][2017-10-17T09:45:48] Processing file /Contents/Common7/IDE/api-ms-win-crt-stdio-l1-1-0.dll
[0b00:0004][2017-10-17T09:45:48] Started: Copying file /Contents/Common7/IDE/api-ms-win-crt-stdio-l1-1-0.dll to C:\Program Files (x86)\Microsoft Visual Studio\2017\Community\Common7\IDE\api-ms-win-crt-stdio-l1-1-0.dll
[0b00:0004][2017-10-17T09:45:48] Completed: Copying file /Contents/Common7/IDE/api-ms-win-crt-stdio-l1-1-0.dll to C:\Program Files (x86)\Microsoft Visual Studio\2017\Community\Common7\IDE\api-ms-win-crt-stdio-l1-1-0.dll
[0b00:0004][2017-10-17T09:45:48] Timestamp updated for file 'C:\Program Files (x86)\Microsoft Visual Studio\2017\Community\Common7\IDE\api-ms-win-crt-stdio-l1-1-0.dll'.
[0b00:0004][2017-10-17T09:45:48] Processing file /Contents/Common7/IDE/api-ms-win-crt-string-l1-1-0.dll
[0b00:0004][2017-10-17T09:45:48] Started: Copying file /Contents/Common7/IDE/api-ms-win-crt-string-l1-1-0.dll to C:\Program Files (x86)\Microsoft Visual Studio\2017\Community\Common7\IDE\api-ms-win-crt-string-l1-1-0.dll
[0b00:0004][2017-10-17T09:45:48] Completed: Copying file /Contents/Common7/IDE/api-ms-win-crt-string-l1-1-0.dll to C:\Program Files (x86)\Microsoft Visual Studio\2017\Community\Common7\IDE\api-ms-win-crt-string-l1-1-0.dll
[0b00:0004][2017-10-17T09:45:48] Timestamp updated for file 'C:\Program Files (x86)\Microsoft Visual Studio\2017\Community\Common7\IDE\api-ms-win-crt-string-l1-1-0.dll'.
[0b00:0004][2017-10-17T09:45:48] Processing file /Contents/Common7/IDE/api-ms-win-crt-time-l1-1-0.dll
[0b00:0004][2017-10-17T09:45:48] Started: Copying file /Contents/Common7/IDE/api-ms-win-crt-time-l1-1-0.dll to C:\Program Files (x86)\Microsoft Visual Studio\2017\Community\Common7\IDE\api-ms-win-crt-time-l1-1-0.dll
[0b00:0004][2017-10-17T09:45:48] Completed: Copying file /Contents/Common7/IDE/api-ms-win-crt-time-l1-1-0.dll to C:\Program Files (x86)\Microsoft Visual Studio\2017\Community\Common7\IDE\api-ms-win-crt-time-l1-1-0.dll
[0b00:0004][2017-10-17T09:45:48] Timestamp updated for file 'C:\Program Files (x86)\Microsoft Visual Studio\2017\Community\Common7\IDE\api-ms-win-crt-time-l1-1-0.dll'.
[0b00:0004][2017-10-17T09:45:48] Processing file /Contents/Common7/IDE/api-ms-win-crt-utility-l1-1-0.dll
[0b00:0004][2017-10-17T09:45:48] Started: Copying file /Contents/Common7/IDE/api-ms-win-crt-utility-l1-1-0.dll to C:\Program Files (x86)\Microsoft Visual Studio\2017\Community\Common7\IDE\api-ms-win-crt-utility-l1-1-0.dll
[0b00:0004][2017-10-17T09:45:48] Completed: Copying file /Contents/Common7/IDE/api-ms-win-crt-utility-l1-1-0.dll to C:\Program Files (x86)\Microsoft Visual Studio\2017\Community\Common7\IDE\api-ms-win-crt-utility-l1-1-0.dll
[0b00:0004][2017-10-17T09:45:48] Timestamp updated for file 'C:\Program Files (x86)\Microsoft Visual Studio\2017\Community\Common7\IDE\api-ms-win-crt-utility-l1-1-0.dll'.
[0b00:0004][2017-10-17T09:45:48] Processing file /Contents/Common7/IDE/CommonExtensions/LowImpactVsFeatureFlags.pkgdef
[0b00:0004][2017-10-17T09:45:48] Started: Copying file /Contents/Common7/IDE/CommonExtensions/LowImpactVsFeatureFlags.pkgdef to C:\Program Files (x86)\Microsoft Visual Studio\2017\Community\Common7\IDE\CommonExtensions\LowImpactVsFeatureFlags.pkgdef
[0b00:0004][2017-10-17T09:45:48] Completed: Copying file /Contents/Common7/IDE/CommonExtensions/LowImpactVsFeatureFlags.pkgdef to C:\Program Files (x86)\Microsoft Visual Studio\2017\Community\Common7\IDE\CommonExtensions\LowImpactVsFeatureFlags.pkgdef
[0b00:0004][2017-10-17T09:45:48] Timestamp updated for file 'C:\Program Files (x86)\Microsoft Visual Studio\2017\Community\Common7\IDE\CommonExtensions\LowImpactVsFeatureFlags.pkgdef'.
[0b00:0004][2017-10-17T09:45:48] Processing file /Contents/Common7/IDE/CommonExtensions/Microsoft/Diff/extension.vsixmanifest
[0b00:0004][2017-10-17T09:45:48] Started: Copying file /Contents/Common7/IDE/CommonExtensions/Microsoft/Diff/extension.vsixmanifest to C:\Program Files (x86)\Microsoft Visual Studio\2017\Community\Common7\IDE\CommonExtensions\Microsoft\Diff\extension.vsixmanifest
[0b00:0004][2017-10-17T09:45:48] Completed: Copying file /Contents/Common7/IDE/CommonExtensions/Microsoft/Diff/extension.vsixmanifest to C:\Program Files (x86)\Microsoft Visual Studio\2017\Community\Common7\IDE\CommonExtensions\Microsoft\Diff\extension.vsixmanifest
[0b00:0004][2017-10-17T09:45:48] Timestamp updated for file 'C:\Program Files (x86)\Microsoft Visual Studio\2017\Community\Common7\IDE\CommonExtensions\Microsoft\Diff\extension.vsixmanifest'.
[0b00:0004][2017-10-17T09:45:48] Processing file /Contents/Common7/IDE/CommonExtensions/Microsoft/Diff/Microsoft.VisualStudio.Diff.CommandLineSwitch.pkgdef
[0b00:0004][2017-10-17T09:45:48] Started: Copying file /Contents/Common7/IDE/CommonExtensions/Microsoft/Diff/Microsoft.VisualStudio.Diff.CommandLineSwitch.pkgdef to C:\Program Files (x86)\Microsoft Visual Studio\2017\Community\Common7\IDE\CommonExtensions\Microsoft\Diff\Microsoft.VisualStudio.Diff.CommandLineSwitch.pkgdef
[0b00:0004][2017-10-17T09:45:48] Completed: Copying file /Contents/Common7/IDE/CommonExtensions/Microsoft/Diff/Microsoft.VisualStudio.Diff.CommandLineSwitch.pkgdef to C:\Program Files (x86)\Microsoft Visual Studio\2017\Community\Common7\IDE\CommonExtensions\Microsoft\Diff\Microsoft.VisualStudio.Diff.CommandLineSwitch.pkgdef
[0b00:0004][2017-10-17T09:45:48] Timestamp updated for file 'C:\Program Files (x86)\Microsoft Visual Studio\2017\Community\Common7\IDE\CommonExtensions\Microsoft\Diff\Microsoft.VisualStudio.Diff.CommandLineSwitch.pkgdef'.
[0b00:0004][2017-10-17T09:45:48] Processing file /Contents/Common7/IDE/CommonExtensions/Microsoft/Diff/Microsoft.VisualStudio.Diff.dll
[0b00:0004][2017-10-17T09:45:48] Started: Copying file /Contents/Common7/IDE/CommonExtensions/Microsoft/Diff/Microsoft.VisualStudio.Diff.dll to C:\Program Files (x86)\Microsoft Visual Studio\2017\Community\Common7\IDE\CommonExtensions\Microsoft\Diff\Microsoft.VisualStudio.Diff.dll
[0b00:0004][2017-10-17T09:45:48] Completed: Copying file /Contents/Common7/IDE/CommonExtensions/Microsoft/Diff/Microsoft.VisualStudio.Diff.dll to C:\Program Files (x86)\Microsoft Visual Studio\2017\Community\Common7\IDE\CommonExtensions\Microsoft\Diff\Microsoft.VisualStudio.Diff.dll
[0b00:0004][2017-10-17T09:45:48] Timestamp updated for file 'C:\Program Files (x86)\Microsoft Visual Studio\2017\Community\Common7\IDE\CommonExtensions\Microsoft\Diff\Microsoft.VisualStudio.Diff.dll'.
[0b00:0004][2017-10-17T09:45:48] Processing file /Contents/Common7/IDE/CommonExtensions/Microsoft/Diff/Microsoft.VisualStudio.Diff.pkgdef
[0b00:0004][2017-10-17T09:45:48] Started: Copying file /Contents/Common7/IDE/CommonExtensions/Microsoft/Diff/Microsoft.VisualStudio.Diff.pkgdef to C:\Program Files (x86)\Microsoft Visual Studio\2017\Community\Common7\IDE\CommonExtensions\Microsoft\Diff\Microsoft.VisualStudio.Diff.pkgdef
[0b00:0004][2017-10-17T09:45:48] Completed: Copying file /Contents/Common7/IDE/CommonExtensions/Microsoft/Diff/Microsoft.VisualStudio.Diff.pkgdef to C:\Program Files (x86)\Microsoft Visual Studio\2017\Community\Common7\IDE\CommonExtensions\Microsoft\Diff\Microsoft.VisualStudio.Diff.pkgdef
[0b00:0004][2017-10-17T09:45:48] Timestamp updated for file 'C:\Program Files (x86)\Microsoft Visual Studio\2017\Community\Common7\IDE\CommonExtensions\Microsoft\Diff\Microsoft.VisualStudio.Diff.pkgdef'.
[0b00:0004][2017-10-17T09:45:48] Processing file /Contents/Common7/IDE/CommonExtensions/Platform/NavigateTo/extension.vsixmanifest
[0b00:0004][2017-10-17T09:45:48] Started: Copying file /Contents/Common7/IDE/CommonExtensions/Platform/NavigateTo/extension.vsixmanifest to C:\Program Files (x86)\Microsoft Visual Studio\2017\Community\Common7\IDE\CommonExtensions\Platform\NavigateTo\extension.vsixmanifest
[0b00:0004][2017-10-17T09:45:48] Completed: Copying file /Contents/Common7/IDE/CommonExtensions/Platform/NavigateTo/extension.vsixmanifest to C:\Program Files (x86)\Microsoft Visual Studio\2017\Community\Common7\IDE\CommonExtensions\Platform\NavigateTo\extension.vsixmanifest
[0b00:0004][2017-10-17T09:45:48] Timestamp updated for file 'C:\Program Files (x86)\Microsoft Visual Studio\2017\Community\Common7\IDE\CommonExtensions\Platform\NavigateTo\extension.vsixmanifest'.
[0b00:0004][2017-10-17T09:45:48] Processing file /Contents/Common7/IDE/CommonExtensions/Platform/NavigateTo/FileProvider/extension.vsixmanifest
[0b00:0004][2017-10-17T09:45:48] Started: Copying file /Contents/Common7/IDE/CommonExtensions/Platform/NavigateTo/FileProvider/extension.vsixmanifest to C:\Program Files (x86)\Microsoft Visual Studio\2017\Community\Common7\IDE\CommonExtensions\Platform\NavigateTo\FileProvider\extension.vsixmanifest
[0b00:0004][2017-10-17T09:45:48] Completed: Copying file /Contents/Common7/IDE/CommonExtensions/Platform/NavigateTo/FileProvider/extension.vsixmanifest to C:\Program Files (x86)\Microsoft Visual Studio\2017\Community\Common7\IDE\CommonExtensions\Platform\NavigateTo\FileProvider\extension.vsixmanifest
[0b00:0004][2017-10-17T09:45:48] Timestamp updated for file 'C:\Program Files (x86)\Microsoft Visual Studio\2017\Community\Common7\IDE\CommonExtensions\Platform\NavigateTo\FileProvider\extension.vsixmanifest'.
[0b00:0004][2017-10-17T09:45:48] Processing file /Contents/Common7/IDE/CommonExtensions/Platform/NavigateTo/FileProvider/FileNameProvider.pkgdef
[0b00:0004][2017-10-17T09:45:48] Started: Copying file /Contents/Common7/IDE/CommonExtensions/Platform/NavigateTo/FileProvider/FileNameProvider.pkgdef to C:\Program Files (x86)\Microsoft Visual Studio\2017\Community\Common7\IDE\CommonExtensions\Platform\NavigateTo\FileProvider\FileNameProvider.pkgdef
[0b00:0004][2017-10-17T09:45:48] Completed: Copying file /Contents/Common7/IDE/CommonExtensions/Platform/NavigateTo/FileProvider/FileNameProvider.pkgdef to C:\Program Files (x86)\Microsoft Visual Studio\2017\Community\Common7\IDE\CommonExtensions\Platform\NavigateTo\FileProvider\FileNameProvider.pkgdef
[0b00:0004][2017-10-17T09:45:48] Timestamp updated for file 'C:\Program Files (x86)\Microsoft Visual Studio\2017\Community\Common7\IDE\CommonExtensions\Platform\NavigateTo\FileProvider\FileNameProvider.pkgdef'.
[0b00:0004][2017-10-17T09:45:48] Processing file /Contents/Common7/IDE/CommonExtensions/Platform/NavigateTo/FileProvider/Microsoft.VisualStudio.Language.QuickSearch.FileNameProvider.dll
[0b00:0004][2017-10-17T09:45:48] Started: Copying file /Contents/Common7/IDE/CommonExtensions/Platform/NavigateTo/FileProvider/Microsoft.VisualStudio.Language.QuickSearch.FileNameProvider.dll to C:\Program Files (x86)\Microsoft Visual Studio\2017\Community\Common7\IDE\CommonExtensions\Platform\NavigateTo\FileProvider\Microsoft.VisualStudio.Language.QuickSearch.FileNameProvider.dll
[0b00:0004][2017-10-17T09:45:48] Completed: Copying file /Contents/Common7/IDE/CommonExtensions/Platform/NavigateTo/FileProvider/Microsoft.VisualStudio.Language.QuickSearch.FileNameProvider.dll to C:\Program Files (x86)\Microsoft Visual Studio\2017\Community\Common7\IDE\CommonExtensions\Platform\NavigateTo\FileProvider\Microsoft.VisualStudio.Language.QuickSearch.FileNameProvider.dll
[0b00:0004][2017-10-17T09:45:48] Timestamp updated for file 'C:\Program Files (x86)\Microsoft Visual Studio\2017\Community\Common7\IDE\CommonExtensions\Platform\NavigateTo\FileProvider\Microsoft.VisualStudio.Language.QuickSearch.FileNameProvider.dll'.
[0b00:0004][2017-10-17T09:45:48] Queueing C:\Program Files (x86)\Microsoft Visual Studio\2017\Community\Common7\IDE\CommonExtensions\Platform\NavigateTo\FileProvider\Microsoft.VisualStudio.Language.QuickSearch.FileNameProvider.dll for X86 ngen
[0b00:0004][2017-10-17T09:45:48] Successfully queued file '/Contents/Common7/IDE/CommonExtensions/Platform/NavigateTo/FileProvider/Microsoft.VisualStudio.Language.QuickSearch.FileNameProvider.dll' for ngen
[0b00:0004][2017-10-17T09:45:48] Processing file /Contents/Common7/IDE/CommonExtensions/Platform/NavigateTo/Microsoft.VisualStudio.Language.NavigateTo.Implementation.dll
[0b00:0004][2017-10-17T09:45:48] Started: Copying file /Contents/Common7/IDE/CommonExtensions/Platform/NavigateTo/Microsoft.VisualStudio.Language.NavigateTo.Implementation.dll to C:\Program Files (x86)\Microsoft Visual Studio\2017\Community\Common7\IDE\CommonExtensions\Platform\NavigateTo\Microsoft.VisualStudio.Language.NavigateTo.Implementation.dll
[0b00:0004][2017-10-17T09:45:48] Completed: Copying file /Contents/Common7/IDE/CommonExtensions/Platform/NavigateTo/Microsoft.VisualStudio.Language.NavigateTo.Implementation.dll to C:\Program Files (x86)\Microsoft Visual Studio\2017\Community\Common7\IDE\CommonExtensions\Platform\NavigateTo\Microsoft.VisualStudio.Language.NavigateTo.Implementation.dll
[0b00:0004][2017-10-17T09:45:48] Timestamp updated for file 'C:\Program Files (x86)\Microsoft Visual Studio\2017\Community\Common7\IDE\CommonExtensions\Platform\NavigateTo\Microsoft.VisualStudio.Language.NavigateTo.Implementation.dll'.
[0b00:0004][2017-10-17T09:45:48] Processing file /Contents/Common7/IDE/CommonExtensions/ProjectShellFileAssociations.pkgdef
[0b00:0004][2017-10-17T09:45:48] Started: Copying file /Contents/Common7/IDE/CommonExtensions/ProjectShellFileAssociations.pkgdef to C:\Program Files (x86)\Microsoft Visual Studio\2017\Community\Common7\IDE\CommonExtensions\ProjectShellFileAssociations.pkgdef
[0b00:0004][2017-10-17T09:45:48] Completed: Copying file /Contents/Common7/IDE/CommonExtensions/ProjectShellFileAssociations.pkgdef to C:\Program Files (x86)\Microsoft Visual Studio\2017\Community\Common7\IDE\CommonExtensions\ProjectShellFileAssociations.pkgdef
[0b00:0004][2017-10-17T09:45:48] Timestamp updated for file 'C:\Program Files (x86)\Microsoft Visual Studio\2017\Community\Common7\IDE\CommonExtensions\ProjectShellFileAssociations.pkgdef'.
[0b00:0004][2017-10-17T09:45:48] Processing file /Contents/Common7/IDE/concrt140.dll
[0b00:0004][2017-10-17T09:45:48] Started: Copying file /Contents/Common7/IDE/concrt140.dll to C:\Program Files (x86)\Microsoft Visual Studio\2017\Community\Common7\IDE\concrt140.dll
[0b00:0004][2017-10-17T09:45:48] Completed: Copying file /Contents/Common7/IDE/concrt140.dll to C:\Program Files (x86)\Microsoft Visual Studio\2017\Community\Common7\IDE\concrt140.dll
[0b00:0004][2017-10-17T09:45:48] Timestamp updated for file 'C:\Program Files (x86)\Microsoft Visual Studio\2017\Community\Common7\IDE\concrt140.dll'.
[0b00:0004][2017-10-17T09:45:48] Processing file /Contents/Common7/IDE/Microsoft.VisualStudio.Package.LanguageService.10.0.dll
[0b00:0004][2017-10-17T09:45:48] Started: Copying file /Contents/Common7/IDE/Microsoft.VisualStudio.Package.LanguageService.10.0.dll to C:\Program Files (x86)\Microsoft Visual Studio\2017\Community\Common7\IDE\Microsoft.VisualStudio.Package.LanguageService.10.0.dll
[0b00:0004][2017-10-17T09:45:48] Completed: Copying file /Contents/Common7/IDE/Microsoft.VisualStudio.Package.LanguageService.10.0.dll to C:\Program Files (x86)\Microsoft Visual Studio\2017\Community\Common7\IDE\Microsoft.VisualStudio.Package.LanguageService.10.0.dll
[0b00:0004][2017-10-17T09:45:48] Timestamp updated for file 'C:\Program Files (x86)\Microsoft Visual Studio\2017\Community\Common7\IDE\Microsoft.VisualStudio.Package.LanguageService.10.0.dll'.
[0b00:0004][2017-10-17T09:45:48] Processing file /Contents/Common7/IDE/Microsoft.VisualStudio.Package.LanguageService.11.0.dll
[0b00:0004][2017-10-17T09:45:48] Started: Copying file /Contents/Common7/IDE/Microsoft.VisualStudio.Package.LanguageService.11.0.dll to C:\Program Files (x86)\Microsoft Visual Studio\2017\Community\Common7\IDE\Microsoft.VisualStudio.Package.LanguageService.11.0.dll
[0b00:0004][2017-10-17T09:45:48] Completed: Copying file /Contents/Common7/IDE/Microsoft.VisualStudio.Package.LanguageService.11.0.dll to C:\Program Files (x86)\Microsoft Visual Studio\2017\Community\Common7\IDE\Microsoft.VisualStudio.Package.LanguageService.11.0.dll
[0b00:0004][2017-10-17T09:45:48] Timestamp updated for file 'C:\Program Files (x86)\Microsoft Visual Studio\2017\Community\Common7\IDE\Microsoft.VisualStudio.Package.LanguageService.11.0.dll'.
[0b00:0004][2017-10-17T09:45:48] Processing file /Contents/Common7/IDE/Microsoft.VisualStudio.Package.LanguageService.12.0.dll
[0b00:0004][2017-10-17T09:45:48] Started: Copying file /Contents/Common7/IDE/Microsoft.VisualStudio.Package.LanguageService.12.0.dll to C:\Program Files (x86)\Microsoft Visual Studio\2017\Community\Common7\IDE\Microsoft.VisualStudio.Package.LanguageService.12.0.dll
[0b00:0004][2017-10-17T09:45:48] Completed: Copying file /Contents/Common7/IDE/Microsoft.VisualStudio.Package.LanguageService.12.0.dll to C:\Program Files (x86)\Microsoft Visual Studio\2017\Community\Common7\IDE\Microsoft.VisualStudio.Package.LanguageService.12.0.dll
[0b00:0004][2017-10-17T09:45:48] Timestamp updated for file 'C:\Program Files (x86)\Microsoft Visual Studio\2017\Community\Common7\IDE\Microsoft.VisualStudio.Package.LanguageService.12.0.dll'.
[0b00:0004][2017-10-17T09:45:48] Processing file /Contents/Common7/IDE/Microsoft.VisualStudio.Package.LanguageService.14.0.dll
[0b00:0004][2017-10-17T09:45:48] Started: Copying file /Contents/Common7/IDE/Microsoft.VisualStudio.Package.LanguageService.14.0.dll to C:\Program Files (x86)\Microsoft Visual Studio\2017\Community\Common7\IDE\Microsoft.VisualStudio.Package.LanguageService.14.0.dll
[0b00:0004][2017-10-17T09:45:48] Completed: Copying file /Contents/Common7/IDE/Microsoft.VisualStudio.Package.LanguageService.14.0.dll to C:\Program Files (x86)\Microsoft Visual Studio\2017\Community\Common7\IDE\Microsoft.VisualStudio.Package.LanguageService.14.0.dll
[0b00:0004][2017-10-17T09:45:48] Timestamp updated for file 'C:\Program Files (x86)\Microsoft Visual Studio\2017\Community\Common7\IDE\Microsoft.VisualStudio.Package.LanguageService.14.0.dll'.
[0b00:0004][2017-10-17T09:45:48] Processing file /Contents/Common7/IDE/msvcp140.dll
[0b00:0004][2017-10-17T09:45:48] Started: Copying file /Contents/Common7/IDE/msvcp140.dll to C:\Program Files (x86)\Microsoft Visual Studio\2017\Community\Common7\IDE\msvcp140.dll
[0b00:0004][2017-10-17T09:45:48] Completed: Copying file /Contents/Common7/IDE/msvcp140.dll to C:\Program Files (x86)\Microsoft Visual Studio\2017\Community\Common7\IDE\msvcp140.dll
[0b00:0004][2017-10-17T09:45:48] Timestamp updated for file 'C:\Program Files (x86)\Microsoft Visual Studio\2017\Community\Common7\IDE\msvcp140.dll'.
[0b00:0004][2017-10-17T09:45:48] Processing file /Contents/Common7/IDE/msvcr120_clr0400.dll
[0b00:0004][2017-10-17T09:45:48] Started: Copying file /Contents/Common7/IDE/msvcr120_clr0400.dll to C:\Program Files (x86)\Microsoft Visual Studio\2017\Community\Common7\IDE\msvcr120_clr0400.dll
[0b00:0004][2017-10-17T09:45:48] Completed: Copying file /Contents/Common7/IDE/msvcr120_clr0400.dll to C:\Program Files (x86)\Microsoft Visual Studio\2017\Community\Common7\IDE\msvcr120_clr0400.dll
[0b00:0004][2017-10-17T09:45:48] Timestamp updated for file 'C:\Program Files (x86)\Microsoft Visual Studio\2017\Community\Common7\IDE\msvcr120_clr0400.dll'.
[0b00:0004][2017-10-17T09:45:48] Processing file /Contents/Common7/IDE/PrivateAssemblies/Microsoft.VisualStudio.Settings.dll
[0b00:0004][2017-10-17T09:45:48] Started: Copying file /Contents/Common7/IDE/PrivateAssemblies/Microsoft.VisualStudio.Settings.dll to C:\Program Files (x86)\Microsoft Visual Studio\2017\Community\Common7\IDE\PrivateAssemblies\Microsoft.VisualStudio.Settings.dll
[0b00:0004][2017-10-17T09:45:48] Completed: Copying file /Contents/Common7/IDE/PrivateAssemblies/Microsoft.VisualStudio.Settings.dll to C:\Program Files (x86)\Microsoft Visual Studio\2017\Community\Common7\IDE\PrivateAssemblies\Microsoft.VisualStudio.Settings.dll
[0b00:0004][2017-10-17T09:45:48] Timestamp updated for file 'C:\Program Files (x86)\Microsoft Visual Studio\2017\Community\Common7\IDE\PrivateAssemblies\Microsoft.VisualStudio.Settings.dll'.
[0b00:0004][2017-10-17T09:45:48] Processing file /Contents/Common7/IDE/PrivateAssemblies/Microsoft.VisualStudio.Shell.10.0.dll
[0b00:0004][2017-10-17T09:45:48] Started: Copying file /Contents/Common7/IDE/PrivateAssemblies/Microsoft.VisualStudio.Shell.10.0.dll to C:\Program Files (x86)\Microsoft Visual Studio\2017\Community\Common7\IDE\PrivateAssemblies\Microsoft.VisualStudio.Shell.10.0.dll
[0b00:0004][2017-10-17T09:45:48] Completed: Copying file /Contents/Common7/IDE/PrivateAssemblies/Microsoft.VisualStudio.Shell.10.0.dll to C:\Program Files (x86)\Microsoft Visual Studio\2017\Community\Common7\IDE\PrivateAssemblies\Microsoft.VisualStudio.Shell.10.0.dll
[0b00:0004][2017-10-17T09:45:48] Timestamp updated for file 'C:\Program Files (x86)\Microsoft Visual Studio\2017\Community\Common7\IDE\PrivateAssemblies\Microsoft.VisualStudio.Shell.10.0.dll'.
[0b00:0004][2017-10-17T09:45:48] Processing file /Contents/Common7/IDE/PrivateAssemblies/Microsoft.VisualStudio.Shell.11.0.dll
[0b00:0004][2017-10-17T09:45:48] Started: Copying file /Contents/Common7/IDE/PrivateAssemblies/Microsoft.VisualStudio.Shell.11.0.dll to C:\Program Files (x86)\Microsoft Visual Studio\2017\Community\Common7\IDE\PrivateAssemblies\Microsoft.VisualStudio.Shell.11.0.dll
[0b00:0004][2017-10-17T09:45:48] Completed: Copying file /Contents/Common7/IDE/PrivateAssemblies/Microsoft.VisualStudio.Shell.11.0.dll to C:\Program Files (x86)\Microsoft Visual Studio\2017\Community\Common7\IDE\PrivateAssemblies\Microsoft.VisualStudio.Shell.11.0.dll
[0b00:0004][2017-10-17T09:45:48] Timestamp updated for file 'C:\Program Files (x86)\Microsoft Visual Studio\2017\Community\Common7\IDE\PrivateAssemblies\Microsoft.VisualStudio.Shell.11.0.dll'.
[0b00:0004][2017-10-17T09:45:48] Queueing C:\Program Files (x86)\Microsoft Visual Studio\2017\Community\Common7\IDE\PrivateAssemblies\Microsoft.VisualStudio.Shell.11.0.dll for X86 ngen
[0b00:0004][2017-10-17T09:45:48] Successfully queued file '/Contents/Common7/IDE/PrivateAssemblies/Microsoft.VisualStudio.Shell.11.0.dll' for ngen
[0b00:0004][2017-10-17T09:45:48] Processing file /Contents/Common7/IDE/PrivateAssemblies/Microsoft.VisualStudio.Shell.12.0.dll
[0b00:0004][2017-10-17T09:45:48] Started: Copying file /Contents/Common7/IDE/PrivateAssemblies/Microsoft.VisualStudio.Shell.12.0.dll to C:\Program Files (x86)\Microsoft Visual Studio\2017\Community\Common7\IDE\PrivateAssemblies\Microsoft.VisualStudio.Shell.12.0.dll
[0b00:0004][2017-10-17T09:45:48] Completed: Copying file /Contents/Common7/IDE/PrivateAssemblies/Microsoft.VisualStudio.Shell.12.0.dll to C:\Program Files (x86)\Microsoft Visual Studio\2017\Community\Common7\IDE\PrivateAssemblies\Microsoft.VisualStudio.Shell.12.0.dll
[0b00:0004][2017-10-17T09:45:48] Timestamp updated for file 'C:\Program Files (x86)\Microsoft Visual Studio\2017\Community\Common7\IDE\PrivateAssemblies\Microsoft.VisualStudio.Shell.12.0.dll'.
[0b00:0004][2017-10-17T09:45:48] Processing file /Contents/Common7/IDE/PrivateAssemblies/Microsoft.VisualStudio.Shell.14.0.dll
[0b00:0004][2017-10-17T09:45:48] Started: Copying file /Contents/Common7/IDE/PrivateAssemblies/Microsoft.VisualStudio.Shell.14.0.dll to C:\Program Files (x86)\Microsoft Visual Studio\2017\Community\Common7\IDE\PrivateAssemblies\Microsoft.VisualStudio.Shell.14.0.dll
[0b00:0004][2017-10-17T09:45:48] Completed: Copying file /Contents/Common7/IDE/PrivateAssemblies/Microsoft.VisualStudio.Shell.14.0.dll to C:\Program Files (x86)\Microsoft Visual Studio\2017\Community\Common7\IDE\PrivateAssemblies\Microsoft.VisualStudio.Shell.14.0.dll
[0b00:0004][2017-10-17T09:45:48] Timestamp updated for file 'C:\Program Files (x86)\Microsoft Visual Studio\2017\Community\Common7\IDE\PrivateAssemblies\Microsoft.VisualStudio.Shell.14.0.dll'.
[0b00:0004][2017-10-17T09:45:48] Processing file /Contents/Common7/IDE/PrivateAssemblies/Microsoft.VisualStudio.Shell.9.0.dll
[0b00:0004][2017-10-17T09:45:48] Started: Copying file /Contents/Common7/IDE/PrivateAssemblies/Microsoft.VisualStudio.Shell.9.0.dll to C:\Program Files (x86)\Microsoft Visual Studio\2017\Community\Common7\IDE\PrivateAssemblies\Microsoft.VisualStudio.Shell.9.0.dll
[0b00:0004][2017-10-17T09:45:48] Completed: Copying file /Contents/Common7/IDE/PrivateAssemblies/Microsoft.VisualStudio.Shell.9.0.dll to C:\Program Files (x86)\Microsoft Visual Studio\2017\Community\Common7\IDE\PrivateAssemblies\Microsoft.VisualStudio.Shell.9.0.dll
[0b00:0004][2017-10-17T09:45:48] Timestamp updated for file 'C:\Program Files (x86)\Microsoft Visual Studio\2017\Community\Common7\IDE\PrivateAssemblies\Microsoft.VisualStudio.Shell.9.0.dll'.
[0b00:0004][2017-10-17T09:45:48] Processing file /Contents/Common7/IDE/PrivateAssemblies/Microsoft.VisualStudio.Shell.dll
[0b00:0004][2017-10-17T09:45:48] Started: Copying file /Contents/Common7/IDE/PrivateAssemblies/Microsoft.VisualStudio.Shell.dll to C:\Program Files (x86)\Microsoft Visual Studio\2017\Community\Common7\IDE\PrivateAssemblies\Microsoft.VisualStudio.Shell.dll
[0b00:0004][2017-10-17T09:45:48] Completed: Copying file /Contents/Common7/IDE/PrivateAssemblies/Microsoft.VisualStudio.Shell.dll to C:\Program Files (x86)\Microsoft Visual Studio\2017\Community\Common7\IDE\PrivateAssemblies\Microsoft.VisualStudio.Shell.dll
[0b00:0004][2017-10-17T09:45:48] Timestamp updated for file 'C:\Program Files (x86)\Microsoft Visual Studio\2017\Community\Common7\IDE\PrivateAssemblies\Microsoft.VisualStudio.Shell.dll'.
[0b00:0004][2017-10-17T09:45:48] Processing file /Contents/Common7/IDE/Profiles/CSharp.vssettings
[0b00:0004][2017-10-17T09:45:48] Started: Copying file /Contents/Common7/IDE/Profiles/CSharp.vssettings to C:\Program Files (x86)\Microsoft Visual Studio\2017\Community\Common7\IDE\Profiles\CSharp.vssettings
[0b00:0004][2017-10-17T09:45:48] Completed: Copying file /Contents/Common7/IDE/Profiles/CSharp.vssettings to C:\Program Files (x86)\Microsoft Visual Studio\2017\Community\Common7\IDE\Profiles\CSharp.vssettings
[0b00:0004][2017-10-17T09:45:48] Timestamp updated for file 'C:\Program Files (x86)\Microsoft Visual Studio\2017\Community\Common7\IDE\Profiles\CSharp.vssettings'.
[0b00:0004][2017-10-17T09:45:48] Processing file /Contents/Common7/IDE/Profiles/General.vssettings
[0b00:0004][2017-10-17T09:45:48] Started: Copying file /Contents/Common7/IDE/Profiles/General.vssettings to C:\Program Files (x86)\Microsoft Visual Studio\2017\Community\Common7\IDE\Profiles\General.vssettings
[0b00:0004][2017-10-17T09:45:48] Completed: Copying file /Contents/Common7/IDE/Profiles/General.vssettings to C:\Program Files (x86)\Microsoft Visual Studio\2017\Community\Common7\IDE\Profiles\General.vssettings
[0b00:0004][2017-10-17T09:45:48] Timestamp updated for file 'C:\Program Files (x86)\Microsoft Visual Studio\2017\Community\Common7\IDE\Profiles\General.vssettings'.
[0b00:0004][2017-10-17T09:45:48] Processing file /Contents/Common7/IDE/Profiles/VB.vssettings
[0b00:0004][2017-10-17T09:45:48] Started: Copying file /Contents/Common7/IDE/Profiles/VB.vssettings to C:\Program Files (x86)\Microsoft Visual Studio\2017\Community\Common7\IDE\Profiles\VB.vssettings
[0b00:0004][2017-10-17T09:45:48] Completed: Copying file /Contents/Common7/IDE/Profiles/VB.vssettings to C:\Program Files (x86)\Microsoft Visual Studio\2017\Community\Common7\IDE\Profiles\VB.vssettings
[0b00:0004][2017-10-17T09:45:48] Timestamp updated for file 'C:\Program Files (x86)\Microsoft Visual Studio\2017\Community\Common7\IDE\Profiles\VB.vssettings'.
[0b00:0004][2017-10-17T09:45:48] Processing file /Contents/Common7/IDE/Profiles/VC.vssettings
[0b00:0004][2017-10-17T09:45:48] Started: Copying file /Contents/Common7/IDE/Profiles/VC.vssettings to C:\Program Files (x86)\Microsoft Visual Studio\2017\Community\Common7\IDE\Profiles\VC.vssettings
[0b00:0004][2017-10-17T09:45:48] Completed: Copying file /Contents/Common7/IDE/Profiles/VC.vssettings to C:\Program Files (x86)\Microsoft Visual Studio\2017\Community\Common7\IDE\Profiles\VC.vssettings
[0b00:0004][2017-10-17T09:45:48] Timestamp updated for file 'C:\Program Files (x86)\Microsoft Visual Studio\2017\Community\Common7\IDE\Profiles\VC.vssettings'.
[0b00:0004][2017-10-17T09:45:48] Processing file /Contents/Common7/IDE/Profiles/Web.vssettings
[0b00:0004][2017-10-17T09:45:48] Started: Copying file /Contents/Common7/IDE/Profiles/Web.vssettings to C:\Program Files (x86)\Microsoft Visual Studio\2017\Community\Common7\IDE\Profiles\Web.vssettings
[0b00:0004][2017-10-17T09:45:48] Completed: Copying file /Contents/Common7/IDE/Profiles/Web.vssettings to C:\Program Files (x86)\Microsoft Visual Studio\2017\Community\Common7\IDE\Profiles\Web.vssettings
[0b00:0004][2017-10-17T09:45:48] Timestamp updated for file 'C:\Program Files (x86)\Microsoft Visual Studio\2017\Community\Common7\IDE\Profiles\Web.vssettings'.
[0b00:0004][2017-10-17T09:45:48] Processing file /Contents/Common7/IDE/Profiles/WebCode.vssettings
[0b00:0004][2017-10-17T09:45:48] Started: Copying file /Contents/Common7/IDE/Profiles/WebCode.vssettings to C:\Program Files (x86)\Microsoft Visual Studio\2017\Community\Common7\IDE\Profiles\WebCode.vssettings
[0b00:0004][2017-10-17T09:45:48] Completed: Copying file /Contents/Common7/IDE/Profiles/WebCode.vssettings to C:\Program Files (x86)\Microsoft Visual Studio\2017\Community\Common7\IDE\Profiles\WebCode.vssettings
[0b00:0004][2017-10-17T09:45:48] Timestamp updated for file 'C:\Program Files (x86)\Microsoft Visual Studio\2017\Community\Common7\IDE\Profiles\WebCode.vssettings'.
[0b00:0004][2017-10-17T09:45:48] Processing file /Contents/Common7/IDE/StorePID.exe
[0b00:0004][2017-10-17T09:45:48] Started: Copying file /Contents/Common7/IDE/StorePID.exe to C:\Program Files (x86)\Microsoft Visual Studio\2017\Community\Common7\IDE\StorePID.exe
[0b00:0004][2017-10-17T09:45:48] Completed: Copying file /Contents/Common7/IDE/StorePID.exe to C:\Program Files (x86)\Microsoft Visual Studio\2017\Community\Common7\IDE\StorePID.exe
[0b00:0004][2017-10-17T09:45:48] Timestamp updated for file 'C:\Program Files (x86)\Microsoft Visual Studio\2017\Community\Common7\IDE\StorePID.exe'.
[0b00:0004][2017-10-17T09:45:48] Processing file /Contents/Common7/IDE/System.Windows.Forms.VisualStudio.15.0.dll
[0b00:0004][2017-10-17T09:45:48] Started: Copying file /Contents/Common7/IDE/System.Windows.Forms.VisualStudio.15.0.dll to C:\Program Files (x86)\Microsoft Visual Studio\2017\Community\Common7\IDE\System.Windows.Forms.VisualStudio.15.0.dll
[0b00:0004][2017-10-17T09:45:48] Completed: Copying file /Contents/Common7/IDE/System.Windows.Forms.VisualStudio.15.0.dll to C:\Program Files (x86)\Microsoft Visual Studio\2017\Community\Common7\IDE\System.Windows.Forms.VisualStudio.15.0.dll
[0b00:0004][2017-10-17T09:45:48] Timestamp updated for file 'C:\Program Files (x86)\Microsoft Visual Studio\2017\Community\Common7\IDE\System.Windows.Forms.VisualStudio.15.0.dll'.
[0b00:0004][2017-10-17T09:45:48] Processing file /Contents/Common7/IDE/ucrtbase.dll
[0b00:0004][2017-10-17T09:45:48] Started: Copying file /Contents/Common7/IDE/ucrtbase.dll to C:\Program Files (x86)\Microsoft Visual Studio\2017\Community\Common7\IDE\ucrtbase.dll
[0b00:0004][2017-10-17T09:45:48] Completed: Copying file /Contents/Common7/IDE/ucrtbase.dll to C:\Program Files (x86)\Microsoft Visual Studio\2017\Community\Common7\IDE\ucrtbase.dll
[0b00:0004][2017-10-17T09:45:48] Timestamp updated for file 'C:\Program Files (x86)\Microsoft Visual Studio\2017\Community\Common7\IDE\ucrtbase.dll'.
[0b00:0004][2017-10-17T09:45:48] Processing file /Contents/Common7/IDE/Visual%20Basic%206.vsk
[0b00:0004][2017-10-17T09:45:48] Started: Copying file /Contents/Common7/IDE/Visual%20Basic%206.vsk to C:\Program Files (x86)\Microsoft Visual Studio\2017\Community\Common7\IDE\Visual Basic 6.vsk
[0b00:0004][2017-10-17T09:45:48] Completed: Copying file /Contents/Common7/IDE/Visual%20Basic%206.vsk to C:\Program Files (x86)\Microsoft Visual Studio\2017\Community\Common7\IDE\Visual Basic 6.vsk
[0b00:0004][2017-10-17T09:45:48] Timestamp updated for file 'C:\Program Files (x86)\Microsoft Visual Studio\2017\Community\Common7\IDE\Visual Basic 6.vsk'.
[0b00:0004][2017-10-17T09:45:48] Processing file /Contents/Common7/IDE/Visual%20C%23%202005.vsk
[0b00:0004][2017-10-17T09:45:48] Started: Copying file /Contents/Common7/IDE/Visual%20C%23%202005.vsk to C:\Program Files (x86)\Microsoft Visual Studio\2017\Community\Common7\IDE\Visual C# 2005.vsk
[0b00:0004][2017-10-17T09:45:48] Completed: Copying file /Contents/Common7/IDE/Visual%20C%23%202005.vsk to C:\Program Files (x86)\Microsoft Visual Studio\2017\Community\Common7\IDE\Visual C# 2005.vsk
[0b00:0004][2017-10-17T09:45:48] Timestamp updated for file 'C:\Program Files (x86)\Microsoft Visual Studio\2017\Community\Common7\IDE\Visual C# 2005.vsk'.
[0b00:0004][2017-10-17T09:45:48] Processing file /Contents/Common7/IDE/Visual%20C++%202.vsk
[0b00:0004][2017-10-17T09:45:48] Started: Copying file /Contents/Common7/IDE/Visual%20C++%202.vsk to C:\Program Files (x86)\Microsoft Visual Studio\2017\Community\Common7\IDE\Visual C++ 2.vsk
[0b00:0004][2017-10-17T09:45:48] Completed: Copying file /Contents/Common7/IDE/Visual%20C++%202.vsk to C:\Program Files (x86)\Microsoft Visual Studio\2017\Community\Common7\IDE\Visual C++ 2.vsk
[0b00:0004][2017-10-17T09:45:48] Timestamp updated for file 'C:\Program Files (x86)\Microsoft Visual Studio\2017\Community\Common7\IDE\Visual C++ 2.vsk'.
[0b00:0004][2017-10-17T09:45:48] Processing file /Contents/Common7/IDE/Visual%20C++%206.vsk
[0b00:0004][2017-10-17T09:45:48] Started: Copying file /Contents/Common7/IDE/Visual%20C++%206.vsk to C:\Program Files (x86)\Microsoft Visual Studio\2017\Community\Common7\IDE\Visual C++ 6.vsk
[0b00:0004][2017-10-17T09:45:48] Completed: Copying file /Contents/Common7/IDE/Visual%20C++%206.vsk to C:\Program Files (x86)\Microsoft Visual Studio\2017\Community\Common7\IDE\Visual C++ 6.vsk
[0b00:0004][2017-10-17T09:45:48] Timestamp updated for file 'C:\Program Files (x86)\Microsoft Visual Studio\2017\Community\Common7\IDE\Visual C++ 6.vsk'.
[0b00:0004][2017-10-17T09:45:48] Processing file /Contents/Common7/IDE/Visual%20Studio%206.vsk
[0b00:0004][2017-10-17T09:45:48] Started: Copying file /Contents/Common7/IDE/Visual%20Studio%206.vsk to C:\Program Files (x86)\Microsoft Visual Studio\2017\Community\Common7\IDE\Visual Studio 6.vsk
[0b00:0004][2017-10-17T09:45:48] Completed: Copying file /Contents/Common7/IDE/Visual%20Studio%206.vsk to C:\Program Files (x86)\Microsoft Visual Studio\2017\Community\Common7\IDE\Visual Studio 6.vsk
[0b00:0004][2017-10-17T09:45:48] Timestamp updated for file 'C:\Program Files (x86)\Microsoft Visual Studio\2017\Community\Common7\IDE\Visual Studio 6.vsk'.
[0b00:0004][2017-10-17T09:45:48] Processing file /Contents/Common7/IDE/VsRegEdit.exe
[0b00:0004][2017-10-17T09:45:48] Started: Copying file /Contents/Common7/IDE/VsRegEdit.exe to C:\Program Files (x86)\Microsoft Visual Studio\2017\Community\Common7\IDE\VsRegEdit.exe
[0b00:0004][2017-10-17T09:45:48] Completed: Copying file /Contents/Common7/IDE/VsRegEdit.exe to C:\Program Files (x86)\Microsoft Visual Studio\2017\Community\Common7\IDE\VsRegEdit.exe
[0b00:0004][2017-10-17T09:45:48] Timestamp updated for file 'C:\Program Files (x86)\Microsoft Visual Studio\2017\Community\Common7\IDE\VsRegEdit.exe'.
[0b00:0004][2017-10-17T09:45:48] Processing file /Contents/MSBuild/15.0/Bin/AssemblyFolders.config
[0b00:0004][2017-10-17T09:45:48] Started: Copying file /Contents/MSBuild/15.0/Bin/AssemblyFolders.config to C:\Program Files (x86)\Microsoft Visual Studio\2017\Community\MSBuild\15.0\Bin\AssemblyFolders.config
[0b00:0004][2017-10-17T09:45:48] Completed: Copying file /Contents/MSBuild/15.0/Bin/AssemblyFolders.config to C:\Program Files (x86)\Microsoft Visual Studio\2017\Community\MSBuild\15.0\Bin\AssemblyFolders.config
[0b00:0004][2017-10-17T09:45:48] Timestamp updated for file 'C:\Program Files (x86)\Microsoft Visual Studio\2017\Community\MSBuild\15.0\Bin\AssemblyFolders.config'.
[0b00:0004][2017-10-17T09:45:48] Package executed successfully. Return code: 0
