[0b00:0004][2017-10-17T09:48:33] Opening the package for processing
[0b00:0004][2017-10-17T09:48:33] Using package payload to get the embedded manifest
[0b00:0004][2017-10-17T09:48:33] Getting list of files within the package
[0b00:0004][2017-10-17T09:48:33] Processing file /Contents/Common7/IDE/CommonExtensions/Microsoft/Linux/Linux/ConnectionManager.extension.vsixmanifest
[0b00:0004][2017-10-17T09:48:33] Started: Copying file /Contents/Common7/IDE/CommonExtensions/Microsoft/Linux/Linux/ConnectionManager.extension.vsixmanifest to C:\Program Files (x86)\Microsoft Visual Studio\2017\Community\Common7\IDE\CommonExtensions\Microsoft\Linux\Linux\ConnectionManager.extension.vsixmanifest
[0b00:0004][2017-10-17T09:48:33] Completed: Copying file /Contents/Common7/IDE/CommonExtensions/Microsoft/Linux/Linux/ConnectionManager.extension.vsixmanifest to C:\Program Files (x86)\Microsoft Visual Studio\2017\Community\Common7\IDE\CommonExtensions\Microsoft\Linux\Linux\ConnectionManager.extension.vsixmanifest
[0b00:0004][2017-10-17T09:48:33] Timestamp updated for file 'C:\Program Files (x86)\Microsoft Visual Studio\2017\Community\Common7\IDE\CommonExtensions\Microsoft\Linux\Linux\ConnectionManager.extension.vsixmanifest'.
[0b00:0004][2017-10-17T09:48:33] Processing file /Contents/Common7/IDE/CommonExtensions/Microsoft/Linux/Linux/Microsoft.VisualStudio.Linux.ConnectionManager.Contracts.dll
[0b00:0004][2017-10-17T09:48:33] Started: Copying file /Contents/Common7/IDE/CommonExtensions/Microsoft/Linux/Linux/Microsoft.VisualStudio.Linux.ConnectionManager.Contracts.dll to C:\Program Files (x86)\Microsoft Visual Studio\2017\Community\Common7\IDE\CommonExtensions\Microsoft\Linux\Linux\Microsoft.VisualStudio.Linux.ConnectionManager.Contracts.dll
[0b00:0004][2017-10-17T09:48:33] Completed: Copying file /Contents/Common7/IDE/CommonExtensions/Microsoft/Linux/Linux/Microsoft.VisualStudio.Linux.ConnectionManager.Contracts.dll to C:\Program Files (x86)\Microsoft Visual Studio\2017\Community\Common7\IDE\CommonExtensions\Microsoft\Linux\Linux\Microsoft.VisualStudio.Linux.ConnectionManager.Contracts.dll
[0b00:0004][2017-10-17T09:48:33] Timestamp updated for file 'C:\Program Files (x86)\Microsoft Visual Studio\2017\Community\Common7\IDE\CommonExtensions\Microsoft\Linux\Linux\Microsoft.VisualStudio.Linux.ConnectionManager.Contracts.dll'.
[0b00:0004][2017-10-17T09:48:33] Processing file /Contents/Common7/IDE/CommonExtensions/Microsoft/Linux/Linux/Microsoft.VisualStudio.Linux.ConnectionManager.dll
[0b00:0004][2017-10-17T09:48:33] Started: Copying file /Contents/Common7/IDE/CommonExtensions/Microsoft/Linux/Linux/Microsoft.VisualStudio.Linux.ConnectionManager.dll to C:\Program Files (x86)\Microsoft Visual Studio\2017\Community\Common7\IDE\CommonExtensions\Microsoft\Linux\Linux\Microsoft.VisualStudio.Linux.ConnectionManager.dll
[0b00:0004][2017-10-17T09:48:33] Completed: Copying file /Contents/Common7/IDE/CommonExtensions/Microsoft/Linux/Linux/Microsoft.VisualStudio.Linux.ConnectionManager.dll to C:\Program Files (x86)\Microsoft Visual Studio\2017\Community\Common7\IDE\CommonExtensions\Microsoft\Linux\Linux\Microsoft.VisualStudio.Linux.ConnectionManager.dll
[0b00:0004][2017-10-17T09:48:33] Timestamp updated for file 'C:\Program Files (x86)\Microsoft Visual Studio\2017\Community\Common7\IDE\CommonExtensions\Microsoft\Linux\Linux\Microsoft.VisualStudio.Linux.ConnectionManager.dll'.
[0b00:0004][2017-10-17T09:48:33] Processing file /Contents/Common7/IDE/CommonExtensions/Microsoft/Linux/Linux/Microsoft.VisualStudio.Linux.ConnectionManager.pkgdef
[0b00:0004][2017-10-17T09:48:33] Started: Copying file /Contents/Common7/IDE/CommonExtensions/Microsoft/Linux/Linux/Microsoft.VisualStudio.Linux.ConnectionManager.pkgdef to C:\Program Files (x86)\Microsoft Visual Studio\2017\Community\Common7\IDE\CommonExtensions\Microsoft\Linux\Linux\Microsoft.VisualStudio.Linux.ConnectionManager.pkgdef
[0b00:0004][2017-10-17T09:48:33] Completed: Copying file /Contents/Common7/IDE/CommonExtensions/Microsoft/Linux/Linux/Microsoft.VisualStudio.Linux.ConnectionManager.pkgdef to C:\Program Files (x86)\Microsoft Visual Studio\2017\Community\Common7\IDE\CommonExtensions\Microsoft\Linux\Linux\Microsoft.VisualStudio.Linux.ConnectionManager.pkgdef
[0b00:0004][2017-10-17T09:48:33] Timestamp updated for file 'C:\Program Files (x86)\Microsoft Visual Studio\2017\Community\Common7\IDE\CommonExtensions\Microsoft\Linux\Linux\Microsoft.VisualStudio.Linux.ConnectionManager.pkgdef'.
[0b00:0004][2017-10-17T09:48:33] Processing file /Contents/Common7/IDE/CommonExtensions/Microsoft/Linux/Linux/Microsoft.VisualStudio.Linux.ConnectionManager.ToolsOptions.pkgdef
[0b00:0004][2017-10-17T09:48:33] Started: Copying file /Contents/Common7/IDE/CommonExtensions/Microsoft/Linux/Linux/Microsoft.VisualStudio.Linux.ConnectionManager.ToolsOptions.pkgdef to C:\Program Files (x86)\Microsoft Visual Studio\2017\Community\Common7\IDE\CommonExtensions\Microsoft\Linux\Linux\Microsoft.VisualStudio.Linux.ConnectionManager.ToolsOptions.pkgdef
[0b00:0004][2017-10-17T09:48:33] Completed: Copying file /Contents/Common7/IDE/CommonExtensions/Microsoft/Linux/Linux/Microsoft.VisualStudio.Linux.ConnectionManager.ToolsOptions.pkgdef to C:\Program Files (x86)\Microsoft Visual Studio\2017\Community\Common7\IDE\CommonExtensions\Microsoft\Linux\Linux\Microsoft.VisualStudio.Linux.ConnectionManager.ToolsOptions.pkgdef
[0b00:0004][2017-10-17T09:48:33] Timestamp updated for file 'C:\Program Files (x86)\Microsoft Visual Studio\2017\Community\Common7\IDE\CommonExtensions\Microsoft\Linux\Linux\Microsoft.VisualStudio.Linux.ConnectionManager.ToolsOptions.pkgdef'.
[0b00:0004][2017-10-17T09:48:33] Processing file /Contents/Common7/IDE/CommonExtensions/Microsoft/Linux/Linux/ThirdPartyNotices.txt
[0b00:0004][2017-10-17T09:48:33] Started: Copying file /Contents/Common7/IDE/CommonExtensions/Microsoft/Linux/Linux/ThirdPartyNotices.txt to C:\Program Files (x86)\Microsoft Visual Studio\2017\Community\Common7\IDE\CommonExtensions\Microsoft\Linux\Linux\ThirdPartyNotices.txt
[0b00:0004][2017-10-17T09:48:33] Completed: Copying file /Contents/Common7/IDE/CommonExtensions/Microsoft/Linux/Linux/ThirdPartyNotices.txt to C:\Program Files (x86)\Microsoft Visual Studio\2017\Community\Common7\IDE\CommonExtensions\Microsoft\Linux\Linux\ThirdPartyNotices.txt
[0b00:0004][2017-10-17T09:48:33] Timestamp updated for file 'C:\Program Files (x86)\Microsoft Visual Studio\2017\Community\Common7\IDE\CommonExtensions\Microsoft\Linux\Linux\ThirdPartyNotices.txt'.
[0b00:0004][2017-10-17T09:48:33] Processing file /Contents/Common7/IDE/PrivateAssemblies/liblinux.dll
[0b00:0004][2017-10-17T09:48:33] Started: Copying file /Contents/Common7/IDE/PrivateAssemblies/liblinux.dll to C:\Program Files (x86)\Microsoft Visual Studio\2017\Community\Common7\IDE\PrivateAssemblies\liblinux.dll
[0b00:0004][2017-10-17T09:48:33] Completed: Copying file /Contents/Common7/IDE/PrivateAssemblies/liblinux.dll to C:\Program Files (x86)\Microsoft Visual Studio\2017\Community\Common7\IDE\PrivateAssemblies\liblinux.dll
[0b00:0004][2017-10-17T09:48:33] Timestamp updated for file 'C:\Program Files (x86)\Microsoft Visual Studio\2017\Community\Common7\IDE\PrivateAssemblies\liblinux.dll'.
[0b00:0004][2017-10-17T09:48:33] Processing file /Contents/Common7/IDE/PrivateAssemblies/Microsoft.VisualStudio.Linux.ConnectionManager.Contracts.dll
[0b00:0004][2017-10-17T09:48:33] Started: Copying file /Contents/Common7/IDE/PrivateAssemblies/Microsoft.VisualStudio.Linux.ConnectionManager.Contracts.dll to C:\Program Files (x86)\Microsoft Visual Studio\2017\Community\Common7\IDE\PrivateAssemblies\Microsoft.VisualStudio.Linux.ConnectionManager.Contracts.dll
[0b00:0004][2017-10-17T09:48:33] Completed: Copying file /Contents/Common7/IDE/PrivateAssemblies/Microsoft.VisualStudio.Linux.ConnectionManager.Contracts.dll to C:\Program Files (x86)\Microsoft Visual Studio\2017\Community\Common7\IDE\PrivateAssemblies\Microsoft.VisualStudio.Linux.ConnectionManager.Contracts.dll
[0b00:0004][2017-10-17T09:48:33] Timestamp updated for file 'C:\Program Files (x86)\Microsoft Visual Studio\2017\Community\Common7\IDE\PrivateAssemblies\Microsoft.VisualStudio.Linux.ConnectionManager.Contracts.dll'.
[0b00:0004][2017-10-17T09:48:33] Processing file /Contents/Common7/IDE/PrivateAssemblies/Visual%20CPP%20for%20Linux%20Development%20ThirdPartyNotices.txt
[0b00:0004][2017-10-17T09:48:33] Started: Copying file /Contents/Common7/IDE/PrivateAssemblies/Visual%20CPP%20for%20Linux%20Development%20ThirdPartyNotices.txt to C:\Program Files (x86)\Microsoft Visual Studio\2017\Community\Common7\IDE\PrivateAssemblies\Visual CPP for Linux Development ThirdPartyNotices.txt
[0b00:0004][2017-10-17T09:48:33] Completed: Copying file /Contents/Common7/IDE/PrivateAssemblies/Visual%20CPP%20for%20Linux%20Development%20ThirdPartyNotices.txt to C:\Program Files (x86)\Microsoft Visual Studio\2017\Community\Common7\IDE\PrivateAssemblies\Visual CPP for Linux Development ThirdPartyNotices.txt
[0b00:0004][2017-10-17T09:48:33] Timestamp updated for file 'C:\Program Files (x86)\Microsoft Visual Studio\2017\Community\Common7\IDE\PrivateAssemblies\Visual CPP for Linux Development ThirdPartyNotices.txt'.
[0b00:0004][2017-10-17T09:48:33] Package executed successfully. Return code: 0
