[0b00:0004][2017-10-17T09:47:41] Opening the package for processing
[0b00:0004][2017-10-17T09:47:41] Using package payload to get the embedded manifest
[0b00:0004][2017-10-17T09:47:41] Getting list of files within the package
[0b00:0004][2017-10-17T09:47:41] Processing file /AIColors.pkgdef
[0b00:0004][2017-10-17T09:47:41] Started: Copying file /AIColors.pkgdef to C:\Program Files (x86)\Microsoft Visual Studio\2017\Community\Common7\IDE\Extensions\hoek2k44.0u3\AIColors.pkgdef
[0b00:0004][2017-10-17T09:47:41] Completed: Copying file /AIColors.pkgdef to C:\Program Files (x86)\Microsoft Visual Studio\2017\Community\Common7\IDE\Extensions\hoek2k44.0u3\AIColors.pkgdef
[0b00:0004][2017-10-17T09:47:41] Timestamp updated for file 'C:\Program Files (x86)\Microsoft Visual Studio\2017\Community\Common7\IDE\Extensions\hoek2k44.0u3\AIColors.pkgdef'.
[0b00:0004][2017-10-17T09:47:41] Processing file /AppInsights.svg
[0b00:0004][2017-10-17T09:47:41] Started: Copying file /AppInsights.svg to C:\Program Files (x86)\Microsoft Visual Studio\2017\Community\Common7\IDE\Extensions\hoek2k44.0u3\AppInsights.svg
[0b00:0004][2017-10-17T09:47:41] Completed: Copying file /AppInsights.svg to C:\Program Files (x86)\Microsoft Visual Studio\2017\Community\Common7\IDE\Extensions\hoek2k44.0u3\AppInsights.svg
[0b00:0004][2017-10-17T09:47:41] Timestamp updated for file 'C:\Program Files (x86)\Microsoft Visual Studio\2017\Community\Common7\IDE\Extensions\hoek2k44.0u3\AppInsights.svg'.
[0b00:0004][2017-10-17T09:47:41] Processing file /catalog.json
[0b00:0004][2017-10-17T09:47:41] Started: Copying file /catalog.json to C:\Program Files (x86)\Microsoft Visual Studio\2017\Community\Common7\IDE\Extensions\hoek2k44.0u3\catalog.json
[0b00:0004][2017-10-17T09:47:41] Completed: Copying file /catalog.json to C:\Program Files (x86)\Microsoft Visual Studio\2017\Community\Common7\IDE\Extensions\hoek2k44.0u3\catalog.json
[0b00:0004][2017-10-17T09:47:41] Timestamp updated for file 'C:\Program Files (x86)\Microsoft Visual Studio\2017\Community\Common7\IDE\Extensions\hoek2k44.0u3\catalog.json'.
[0b00:0004][2017-10-17T09:47:41] Processing file /cs/extension.vsixlangpack
[0b00:0004][2017-10-17T09:47:41] Started: Copying file /cs/extension.vsixlangpack to C:\Program Files (x86)\Microsoft Visual Studio\2017\Community\Common7\IDE\Extensions\hoek2k44.0u3\cs\extension.vsixlangpack
[0b00:0004][2017-10-17T09:47:41] Completed: Copying file /cs/extension.vsixlangpack to C:\Program Files (x86)\Microsoft Visual Studio\2017\Community\Common7\IDE\Extensions\hoek2k44.0u3\cs\extension.vsixlangpack
[0b00:0004][2017-10-17T09:47:41] Timestamp updated for file 'C:\Program Files (x86)\Microsoft Visual Studio\2017\Community\Common7\IDE\Extensions\hoek2k44.0u3\cs\extension.vsixlangpack'.
[0b00:0004][2017-10-17T09:47:41] Processing file /cs/Microsoft.VisualStudio.ApplicationInsights.resources.dll
[0b00:0004][2017-10-17T09:47:41] Started: Copying file /cs/Microsoft.VisualStudio.ApplicationInsights.resources.dll to C:\Program Files (x86)\Microsoft Visual Studio\2017\Community\Common7\IDE\Extensions\hoek2k44.0u3\cs\Microsoft.VisualStudio.ApplicationInsights.resources.dll
[0b00:0004][2017-10-17T09:47:41] Completed: Copying file /cs/Microsoft.VisualStudio.ApplicationInsights.resources.dll to C:\Program Files (x86)\Microsoft Visual Studio\2017\Community\Common7\IDE\Extensions\hoek2k44.0u3\cs\Microsoft.VisualStudio.ApplicationInsights.resources.dll
[0b00:0004][2017-10-17T09:47:41] Timestamp updated for file 'C:\Program Files (x86)\Microsoft Visual Studio\2017\Community\Common7\IDE\Extensions\hoek2k44.0u3\cs\Microsoft.VisualStudio.ApplicationInsights.resources.dll'.
[0b00:0004][2017-10-17T09:47:41] Processing file /de/extension.vsixlangpack
[0b00:0004][2017-10-17T09:47:41] Started: Copying file /de/extension.vsixlangpack to C:\Program Files (x86)\Microsoft Visual Studio\2017\Community\Common7\IDE\Extensions\hoek2k44.0u3\de\extension.vsixlangpack
[0b00:0004][2017-10-17T09:47:41] Completed: Copying file /de/extension.vsixlangpack to C:\Program Files (x86)\Microsoft Visual Studio\2017\Community\Common7\IDE\Extensions\hoek2k44.0u3\de\extension.vsixlangpack
[0b00:0004][2017-10-17T09:47:41] Timestamp updated for file 'C:\Program Files (x86)\Microsoft Visual Studio\2017\Community\Common7\IDE\Extensions\hoek2k44.0u3\de\extension.vsixlangpack'.
[0b00:0004][2017-10-17T09:47:41] Processing file /de/Microsoft.VisualStudio.ApplicationInsights.resources.dll
[0b00:0004][2017-10-17T09:47:41] Started: Copying file /de/Microsoft.VisualStudio.ApplicationInsights.resources.dll to C:\Program Files (x86)\Microsoft Visual Studio\2017\Community\Common7\IDE\Extensions\hoek2k44.0u3\de\Microsoft.VisualStudio.ApplicationInsights.resources.dll
[0b00:0004][2017-10-17T09:47:41] Completed: Copying file /de/Microsoft.VisualStudio.ApplicationInsights.resources.dll to C:\Program Files (x86)\Microsoft Visual Studio\2017\Community\Common7\IDE\Extensions\hoek2k44.0u3\de\Microsoft.VisualStudio.ApplicationInsights.resources.dll
[0b00:0004][2017-10-17T09:47:41] Timestamp updated for file 'C:\Program Files (x86)\Microsoft Visual Studio\2017\Community\Common7\IDE\Extensions\hoek2k44.0u3\de\Microsoft.VisualStudio.ApplicationInsights.resources.dll'.
[0b00:0004][2017-10-17T09:47:41] Processing file /es/extension.vsixlangpack
[0b00:0004][2017-10-17T09:47:41] Started: Copying file /es/extension.vsixlangpack to C:\Program Files (x86)\Microsoft Visual Studio\2017\Community\Common7\IDE\Extensions\hoek2k44.0u3\es\extension.vsixlangpack
[0b00:0004][2017-10-17T09:47:41] Completed: Copying file /es/extension.vsixlangpack to C:\Program Files (x86)\Microsoft Visual Studio\2017\Community\Common7\IDE\Extensions\hoek2k44.0u3\es\extension.vsixlangpack
[0b00:0004][2017-10-17T09:47:41] Timestamp updated for file 'C:\Program Files (x86)\Microsoft Visual Studio\2017\Community\Common7\IDE\Extensions\hoek2k44.0u3\es\extension.vsixlangpack'.
[0b00:0004][2017-10-17T09:47:41] Processing file /es/Microsoft.VisualStudio.ApplicationInsights.resources.dll
[0b00:0004][2017-10-17T09:47:41] Started: Copying file /es/Microsoft.VisualStudio.ApplicationInsights.resources.dll to C:\Program Files (x86)\Microsoft Visual Studio\2017\Community\Common7\IDE\Extensions\hoek2k44.0u3\es\Microsoft.VisualStudio.ApplicationInsights.resources.dll
[0b00:0004][2017-10-17T09:47:41] Completed: Copying file /es/Microsoft.VisualStudio.ApplicationInsights.resources.dll to C:\Program Files (x86)\Microsoft Visual Studio\2017\Community\Common7\IDE\Extensions\hoek2k44.0u3\es\Microsoft.VisualStudio.ApplicationInsights.resources.dll
[0b00:0004][2017-10-17T09:47:41] Timestamp updated for file 'C:\Program Files (x86)\Microsoft Visual Studio\2017\Community\Common7\IDE\Extensions\hoek2k44.0u3\es\Microsoft.VisualStudio.ApplicationInsights.resources.dll'.
[0b00:0004][2017-10-17T09:47:41] Processing file /extension.vsixlangpack
[0b00:0004][2017-10-17T09:47:41] Started: Copying file /extension.vsixlangpack to C:\Program Files (x86)\Microsoft Visual Studio\2017\Community\Common7\IDE\Extensions\hoek2k44.0u3\extension.vsixlangpack
[0b00:0004][2017-10-17T09:47:41] Completed: Copying file /extension.vsixlangpack to C:\Program Files (x86)\Microsoft Visual Studio\2017\Community\Common7\IDE\Extensions\hoek2k44.0u3\extension.vsixlangpack
[0b00:0004][2017-10-17T09:47:41] Timestamp updated for file 'C:\Program Files (x86)\Microsoft Visual Studio\2017\Community\Common7\IDE\Extensions\hoek2k44.0u3\extension.vsixlangpack'.
[0b00:0004][2017-10-17T09:47:41] Processing file /extension.vsixmanifest
[0b00:0004][2017-10-17T09:47:41] Started: Copying file /extension.vsixmanifest to C:\Program Files (x86)\Microsoft Visual Studio\2017\Community\Common7\IDE\Extensions\hoek2k44.0u3\extension.vsixmanifest
[0b00:0004][2017-10-17T09:47:41] Completed: Copying file /extension.vsixmanifest to C:\Program Files (x86)\Microsoft Visual Studio\2017\Community\Common7\IDE\Extensions\hoek2k44.0u3\extension.vsixmanifest
[0b00:0004][2017-10-17T09:47:41] Timestamp updated for file 'C:\Program Files (x86)\Microsoft Visual Studio\2017\Community\Common7\IDE\Extensions\hoek2k44.0u3\extension.vsixmanifest'.
[0b00:0004][2017-10-17T09:47:41] Processing file /fr/extension.vsixlangpack
[0b00:0004][2017-10-17T09:47:41] Started: Copying file /fr/extension.vsixlangpack to C:\Program Files (x86)\Microsoft Visual Studio\2017\Community\Common7\IDE\Extensions\hoek2k44.0u3\fr\extension.vsixlangpack
[0b00:0004][2017-10-17T09:47:41] Completed: Copying file /fr/extension.vsixlangpack to C:\Program Files (x86)\Microsoft Visual Studio\2017\Community\Common7\IDE\Extensions\hoek2k44.0u3\fr\extension.vsixlangpack
[0b00:0004][2017-10-17T09:47:41] Timestamp updated for file 'C:\Program Files (x86)\Microsoft Visual Studio\2017\Community\Common7\IDE\Extensions\hoek2k44.0u3\fr\extension.vsixlangpack'.
[0b00:0004][2017-10-17T09:47:41] Processing file /fr/Microsoft.VisualStudio.ApplicationInsights.resources.dll
[0b00:0004][2017-10-17T09:47:41] Started: Copying file /fr/Microsoft.VisualStudio.ApplicationInsights.resources.dll to C:\Program Files (x86)\Microsoft Visual Studio\2017\Community\Common7\IDE\Extensions\hoek2k44.0u3\fr\Microsoft.VisualStudio.ApplicationInsights.resources.dll
[0b00:0004][2017-10-17T09:47:41] Completed: Copying file /fr/Microsoft.VisualStudio.ApplicationInsights.resources.dll to C:\Program Files (x86)\Microsoft Visual Studio\2017\Community\Common7\IDE\Extensions\hoek2k44.0u3\fr\Microsoft.VisualStudio.ApplicationInsights.resources.dll
[0b00:0004][2017-10-17T09:47:41] Timestamp updated for file 'C:\Program Files (x86)\Microsoft Visual Studio\2017\Community\Common7\IDE\Extensions\hoek2k44.0u3\fr\Microsoft.VisualStudio.ApplicationInsights.resources.dll'.
[0b00:0004][2017-10-17T09:47:41] Processing file /HockeySDK.Core.4.1.3.nupkg
[0b00:0004][2017-10-17T09:47:41] Started: Copying file /HockeySDK.Core.4.1.3.nupkg to C:\Program Files (x86)\Microsoft Visual Studio\2017\Community\Common7\IDE\Extensions\hoek2k44.0u3\HockeySDK.Core.4.1.3.nupkg
[0b00:0004][2017-10-17T09:47:41] Completed: Copying file /HockeySDK.Core.4.1.3.nupkg to C:\Program Files (x86)\Microsoft Visual Studio\2017\Community\Common7\IDE\Extensions\hoek2k44.0u3\HockeySDK.Core.4.1.3.nupkg
[0b00:0004][2017-10-17T09:47:41] Timestamp updated for file 'C:\Program Files (x86)\Microsoft Visual Studio\2017\Community\Common7\IDE\Extensions\hoek2k44.0u3\HockeySDK.Core.4.1.3.nupkg'.
[0b00:0004][2017-10-17T09:47:41] Processing file /HockeySDK.UWP.4.1.3.nupkg
[0b00:0004][2017-10-17T09:47:41] Started: Copying file /HockeySDK.UWP.4.1.3.nupkg to C:\Program Files (x86)\Microsoft Visual Studio\2017\Community\Common7\IDE\Extensions\hoek2k44.0u3\HockeySDK.UWP.4.1.3.nupkg
[0b00:0004][2017-10-17T09:47:41] Completed: Copying file /HockeySDK.UWP.4.1.3.nupkg to C:\Program Files (x86)\Microsoft Visual Studio\2017\Community\Common7\IDE\Extensions\hoek2k44.0u3\HockeySDK.UWP.4.1.3.nupkg
[0b00:0004][2017-10-17T09:47:41] Timestamp updated for file 'C:\Program Files (x86)\Microsoft Visual Studio\2017\Community\Common7\IDE\Extensions\hoek2k44.0u3\HockeySDK.UWP.4.1.3.nupkg'.
[0b00:0004][2017-10-17T09:47:41] Processing file /it/extension.vsixlangpack
[0b00:0004][2017-10-17T09:47:41] Started: Copying file /it/extension.vsixlangpack to C:\Program Files (x86)\Microsoft Visual Studio\2017\Community\Common7\IDE\Extensions\hoek2k44.0u3\it\extension.vsixlangpack
[0b00:0004][2017-10-17T09:47:41] Completed: Copying file /it/extension.vsixlangpack to C:\Program Files (x86)\Microsoft Visual Studio\2017\Community\Common7\IDE\Extensions\hoek2k44.0u3\it\extension.vsixlangpack
[0b00:0004][2017-10-17T09:47:41] Timestamp updated for file 'C:\Program Files (x86)\Microsoft Visual Studio\2017\Community\Common7\IDE\Extensions\hoek2k44.0u3\it\extension.vsixlangpack'.
[0b00:0004][2017-10-17T09:47:41] Processing file /it/Microsoft.VisualStudio.ApplicationInsights.resources.dll
[0b00:0004][2017-10-17T09:47:41] Started: Copying file /it/Microsoft.VisualStudio.ApplicationInsights.resources.dll to C:\Program Files (x86)\Microsoft Visual Studio\2017\Community\Common7\IDE\Extensions\hoek2k44.0u3\it\Microsoft.VisualStudio.ApplicationInsights.resources.dll
[0b00:0004][2017-10-17T09:47:41] Completed: Copying file /it/Microsoft.VisualStudio.ApplicationInsights.resources.dll to C:\Program Files (x86)\Microsoft Visual Studio\2017\Community\Common7\IDE\Extensions\hoek2k44.0u3\it\Microsoft.VisualStudio.ApplicationInsights.resources.dll
[0b00:0004][2017-10-17T09:47:41] Timestamp updated for file 'C:\Program Files (x86)\Microsoft Visual Studio\2017\Community\Common7\IDE\Extensions\hoek2k44.0u3\it\Microsoft.VisualStudio.ApplicationInsights.resources.dll'.
[0b00:0004][2017-10-17T09:47:41] Processing file /ja/extension.vsixlangpack
[0b00:0004][2017-10-17T09:47:41] Started: Copying file /ja/extension.vsixlangpack to C:\Program Files (x86)\Microsoft Visual Studio\2017\Community\Common7\IDE\Extensions\hoek2k44.0u3\ja\extension.vsixlangpack
[0b00:0004][2017-10-17T09:47:41] Completed: Copying file /ja/extension.vsixlangpack to C:\Program Files (x86)\Microsoft Visual Studio\2017\Community\Common7\IDE\Extensions\hoek2k44.0u3\ja\extension.vsixlangpack
[0b00:0004][2017-10-17T09:47:41] Timestamp updated for file 'C:\Program Files (x86)\Microsoft Visual Studio\2017\Community\Common7\IDE\Extensions\hoek2k44.0u3\ja\extension.vsixlangpack'.
[0b00:0004][2017-10-17T09:47:41] Processing file /ja/Microsoft.VisualStudio.ApplicationInsights.resources.dll
[0b00:0004][2017-10-17T09:47:41] Started: Copying file /ja/Microsoft.VisualStudio.ApplicationInsights.resources.dll to C:\Program Files (x86)\Microsoft Visual Studio\2017\Community\Common7\IDE\Extensions\hoek2k44.0u3\ja\Microsoft.VisualStudio.ApplicationInsights.resources.dll
[0b00:0004][2017-10-17T09:47:41] Completed: Copying file /ja/Microsoft.VisualStudio.ApplicationInsights.resources.dll to C:\Program Files (x86)\Microsoft Visual Studio\2017\Community\Common7\IDE\Extensions\hoek2k44.0u3\ja\Microsoft.VisualStudio.ApplicationInsights.resources.dll
[0b00:0004][2017-10-17T09:47:41] Timestamp updated for file 'C:\Program Files (x86)\Microsoft Visual Studio\2017\Community\Common7\IDE\Extensions\hoek2k44.0u3\ja\Microsoft.VisualStudio.ApplicationInsights.resources.dll'.
[0b00:0004][2017-10-17T09:47:41] Processing file /ko/extension.vsixlangpack
[0b00:0004][2017-10-17T09:47:41] Started: Copying file /ko/extension.vsixlangpack to C:\Program Files (x86)\Microsoft Visual Studio\2017\Community\Common7\IDE\Extensions\hoek2k44.0u3\ko\extension.vsixlangpack
[0b00:0004][2017-10-17T09:47:41] Completed: Copying file /ko/extension.vsixlangpack to C:\Program Files (x86)\Microsoft Visual Studio\2017\Community\Common7\IDE\Extensions\hoek2k44.0u3\ko\extension.vsixlangpack
[0b00:0004][2017-10-17T09:47:41] Timestamp updated for file 'C:\Program Files (x86)\Microsoft Visual Studio\2017\Community\Common7\IDE\Extensions\hoek2k44.0u3\ko\extension.vsixlangpack'.
[0b00:0004][2017-10-17T09:47:41] Processing file /ko/Microsoft.VisualStudio.ApplicationInsights.resources.dll
[0b00:0004][2017-10-17T09:47:41] Started: Copying file /ko/Microsoft.VisualStudio.ApplicationInsights.resources.dll to C:\Program Files (x86)\Microsoft Visual Studio\2017\Community\Common7\IDE\Extensions\hoek2k44.0u3\ko\Microsoft.VisualStudio.ApplicationInsights.resources.dll
[0b00:0004][2017-10-17T09:47:41] Completed: Copying file /ko/Microsoft.VisualStudio.ApplicationInsights.resources.dll to C:\Program Files (x86)\Microsoft Visual Studio\2017\Community\Common7\IDE\Extensions\hoek2k44.0u3\ko\Microsoft.VisualStudio.ApplicationInsights.resources.dll
[0b00:0004][2017-10-17T09:47:41] Timestamp updated for file 'C:\Program Files (x86)\Microsoft Visual Studio\2017\Community\Common7\IDE\Extensions\hoek2k44.0u3\ko\Microsoft.VisualStudio.ApplicationInsights.resources.dll'.
[0b00:0004][2017-10-17T09:47:41] Processing file /LiveCharts.dll
[0b00:0004][2017-10-17T09:47:41] Started: Copying file /LiveCharts.dll to C:\Program Files (x86)\Microsoft Visual Studio\2017\Community\Common7\IDE\Extensions\hoek2k44.0u3\LiveCharts.dll
[0b00:0004][2017-10-17T09:47:41] Completed: Copying file /LiveCharts.dll to C:\Program Files (x86)\Microsoft Visual Studio\2017\Community\Common7\IDE\Extensions\hoek2k44.0u3\LiveCharts.dll
[0b00:0004][2017-10-17T09:47:41] Timestamp updated for file 'C:\Program Files (x86)\Microsoft Visual Studio\2017\Community\Common7\IDE\Extensions\hoek2k44.0u3\LiveCharts.dll'.
[0b00:0004][2017-10-17T09:47:41] Processing file /LiveCharts.Wpf.dll
[0b00:0004][2017-10-17T09:47:41] Started: Copying file /LiveCharts.Wpf.dll to C:\Program Files (x86)\Microsoft Visual Studio\2017\Community\Common7\IDE\Extensions\hoek2k44.0u3\LiveCharts.Wpf.dll
[0b00:0004][2017-10-17T09:47:41] Completed: Copying file /LiveCharts.Wpf.dll to C:\Program Files (x86)\Microsoft Visual Studio\2017\Community\Common7\IDE\Extensions\hoek2k44.0u3\LiveCharts.Wpf.dll
[0b00:0004][2017-10-17T09:47:41] Timestamp updated for file 'C:\Program Files (x86)\Microsoft Visual Studio\2017\Community\Common7\IDE\Extensions\hoek2k44.0u3\LiveCharts.Wpf.dll'.
[0b00:0004][2017-10-17T09:47:41] Processing file /manifest.json
[0b00:0004][2017-10-17T09:47:41] Started: Copying file /manifest.json to C:\Program Files (x86)\Microsoft Visual Studio\2017\Community\Common7\IDE\Extensions\hoek2k44.0u3\manifest.json
[0b00:0004][2017-10-17T09:47:41] Completed: Copying file /manifest.json to C:\Program Files (x86)\Microsoft Visual Studio\2017\Community\Common7\IDE\Extensions\hoek2k44.0u3\manifest.json
[0b00:0004][2017-10-17T09:47:41] Timestamp updated for file 'C:\Program Files (x86)\Microsoft Visual Studio\2017\Community\Common7\IDE\Extensions\hoek2k44.0u3\manifest.json'.
[0b00:0004][2017-10-17T09:47:41] Processing file /Microsoft.ApplicationInsights.2.4.0.nupkg
[0b00:0004][2017-10-17T09:47:41] Started: Copying file /Microsoft.ApplicationInsights.2.4.0.nupkg to C:\Program Files (x86)\Microsoft Visual Studio\2017\Community\Common7\IDE\Extensions\hoek2k44.0u3\Microsoft.ApplicationInsights.2.4.0.nupkg
[0b00:0004][2017-10-17T09:47:41] Completed: Copying file /Microsoft.ApplicationInsights.2.4.0.nupkg to C:\Program Files (x86)\Microsoft Visual Studio\2017\Community\Common7\IDE\Extensions\hoek2k44.0u3\Microsoft.ApplicationInsights.2.4.0.nupkg
[0b00:0004][2017-10-17T09:47:41] Timestamp updated for file 'C:\Program Files (x86)\Microsoft Visual Studio\2017\Community\Common7\IDE\Extensions\hoek2k44.0u3\Microsoft.ApplicationInsights.2.4.0.nupkg'.
[0b00:0004][2017-10-17T09:47:41] Processing file /Microsoft.ApplicationInsights.Agent.Intercept.2.4.0.nupkg
[0b00:0004][2017-10-17T09:47:41] Started: Copying file /Microsoft.ApplicationInsights.Agent.Intercept.2.4.0.nupkg to C:\Program Files (x86)\Microsoft Visual Studio\2017\Community\Common7\IDE\Extensions\hoek2k44.0u3\Microsoft.ApplicationInsights.Agent.Intercept.2.4.0.nupkg
[0b00:0004][2017-10-17T09:47:41] Completed: Copying file /Microsoft.ApplicationInsights.Agent.Intercept.2.4.0.nupkg to C:\Program Files (x86)\Microsoft Visual Studio\2017\Community\Common7\IDE\Extensions\hoek2k44.0u3\Microsoft.ApplicationInsights.Agent.Intercept.2.4.0.nupkg
[0b00:0004][2017-10-17T09:47:41] Timestamp updated for file 'C:\Program Files (x86)\Microsoft Visual Studio\2017\Community\Common7\IDE\Extensions\hoek2k44.0u3\Microsoft.ApplicationInsights.Agent.Intercept.2.4.0.nupkg'.
[0b00:0004][2017-10-17T09:47:41] Processing file /Microsoft.ApplicationInsights.AspNetCore.2.1.1.nupkg
[0b00:0004][2017-10-17T09:47:41] Started: Copying file /Microsoft.ApplicationInsights.AspNetCore.2.1.1.nupkg to C:\Program Files (x86)\Microsoft Visual Studio\2017\Community\Common7\IDE\Extensions\hoek2k44.0u3\Microsoft.ApplicationInsights.AspNetCore.2.1.1.nupkg
[0b00:0004][2017-10-17T09:47:41] Completed: Copying file /Microsoft.ApplicationInsights.AspNetCore.2.1.1.nupkg to C:\Program Files (x86)\Microsoft Visual Studio\2017\Community\Common7\IDE\Extensions\hoek2k44.0u3\Microsoft.ApplicationInsights.AspNetCore.2.1.1.nupkg
[0b00:0004][2017-10-17T09:47:41] Timestamp updated for file 'C:\Program Files (x86)\Microsoft Visual Studio\2017\Community\Common7\IDE\Extensions\hoek2k44.0u3\Microsoft.ApplicationInsights.AspNetCore.2.1.1.nupkg'.
[0b00:0004][2017-10-17T09:47:41] Processing file /Microsoft.ApplicationInsights.DependencyCollector.2.4.1.nupkg
[0b00:0004][2017-10-17T09:47:41] Started: Copying file /Microsoft.ApplicationInsights.DependencyCollector.2.4.1.nupkg to C:\Program Files (x86)\Microsoft Visual Studio\2017\Community\Common7\IDE\Extensions\hoek2k44.0u3\Microsoft.ApplicationInsights.DependencyCollector.2.4.1.nupkg
[0b00:0004][2017-10-17T09:47:41] Completed: Copying file /Microsoft.ApplicationInsights.DependencyCollector.2.4.1.nupkg to C:\Program Files (x86)\Microsoft Visual Studio\2017\Community\Common7\IDE\Extensions\hoek2k44.0u3\Microsoft.ApplicationInsights.DependencyCollector.2.4.1.nupkg
[0b00:0004][2017-10-17T09:47:41] Timestamp updated for file 'C:\Program Files (x86)\Microsoft Visual Studio\2017\Community\Common7\IDE\Extensions\hoek2k44.0u3\Microsoft.ApplicationInsights.DependencyCollector.2.4.1.nupkg'.
[0b00:0004][2017-10-17T09:47:41] Processing file /Microsoft.ApplicationInsights.dll
[0b00:0004][2017-10-17T09:47:41] Started: Copying file /Microsoft.ApplicationInsights.dll to C:\Program Files (x86)\Microsoft Visual Studio\2017\Community\Common7\IDE\Extensions\hoek2k44.0u3\Microsoft.ApplicationInsights.dll
[0b00:0004][2017-10-17T09:47:41] Completed: Copying file /Microsoft.ApplicationInsights.dll to C:\Program Files (x86)\Microsoft Visual Studio\2017\Community\Common7\IDE\Extensions\hoek2k44.0u3\Microsoft.ApplicationInsights.dll
[0b00:0004][2017-10-17T09:47:41] Timestamp updated for file 'C:\Program Files (x86)\Microsoft Visual Studio\2017\Community\Common7\IDE\Extensions\hoek2k44.0u3\Microsoft.ApplicationInsights.dll'.
[0b00:0004][2017-10-17T09:47:41] Processing file /Microsoft.ApplicationInsights.PerfCounterCollector.2.4.1.nupkg
[0b00:0004][2017-10-17T09:47:41] Started: Copying file /Microsoft.ApplicationInsights.PerfCounterCollector.2.4.1.nupkg to C:\Program Files (x86)\Microsoft Visual Studio\2017\Community\Common7\IDE\Extensions\hoek2k44.0u3\Microsoft.ApplicationInsights.PerfCounterCollector.2.4.1.nupkg
[0b00:0004][2017-10-17T09:47:41] Completed: Copying file /Microsoft.ApplicationInsights.PerfCounterCollector.2.4.1.nupkg to C:\Program Files (x86)\Microsoft Visual Studio\2017\Community\Common7\IDE\Extensions\hoek2k44.0u3\Microsoft.ApplicationInsights.PerfCounterCollector.2.4.1.nupkg
[0b00:0004][2017-10-17T09:47:41] Timestamp updated for file 'C:\Program Files (x86)\Microsoft Visual Studio\2017\Community\Common7\IDE\Extensions\hoek2k44.0u3\Microsoft.ApplicationInsights.PerfCounterCollector.2.4.1.nupkg'.
[0b00:0004][2017-10-17T09:47:41] Processing file /Microsoft.ApplicationInsights.Web.2.4.1.nupkg
[0b00:0004][2017-10-17T09:47:41] Started: Copying file /Microsoft.ApplicationInsights.Web.2.4.1.nupkg to C:\Program Files (x86)\Microsoft Visual Studio\2017\Community\Common7\IDE\Extensions\hoek2k44.0u3\Microsoft.ApplicationInsights.Web.2.4.1.nupkg
[0b00:0004][2017-10-17T09:47:41] Completed: Copying file /Microsoft.ApplicationInsights.Web.2.4.1.nupkg to C:\Program Files (x86)\Microsoft Visual Studio\2017\Community\Common7\IDE\Extensions\hoek2k44.0u3\Microsoft.ApplicationInsights.Web.2.4.1.nupkg
[0b00:0004][2017-10-17T09:47:41] Timestamp updated for file 'C:\Program Files (x86)\Microsoft Visual Studio\2017\Community\Common7\IDE\Extensions\hoek2k44.0u3\Microsoft.ApplicationInsights.Web.2.4.1.nupkg'.
[0b00:0004][2017-10-17T09:47:41] Processing file /Microsoft.ApplicationInsights.WindowsServer.2.4.1.nupkg
[0b00:0004][2017-10-17T09:47:41] Started: Copying file /Microsoft.ApplicationInsights.WindowsServer.2.4.1.nupkg to C:\Program Files (x86)\Microsoft Visual Studio\2017\Community\Common7\IDE\Extensions\hoek2k44.0u3\Microsoft.ApplicationInsights.WindowsServer.2.4.1.nupkg
[0b00:0004][2017-10-17T09:47:41] Completed: Copying file /Microsoft.ApplicationInsights.WindowsServer.2.4.1.nupkg to C:\Program Files (x86)\Microsoft Visual Studio\2017\Community\Common7\IDE\Extensions\hoek2k44.0u3\Microsoft.ApplicationInsights.WindowsServer.2.4.1.nupkg
[0b00:0004][2017-10-17T09:47:41] Timestamp updated for file 'C:\Program Files (x86)\Microsoft Visual Studio\2017\Community\Common7\IDE\Extensions\hoek2k44.0u3\Microsoft.ApplicationInsights.WindowsServer.2.4.1.nupkg'.
[0b00:0004][2017-10-17T09:47:41] Processing file /Microsoft.ApplicationInsights.WindowsServer.TelemetryChannel.2.4.0.nupkg
[0b00:0004][2017-10-17T09:47:41] Started: Copying file /Microsoft.ApplicationInsights.WindowsServer.TelemetryChannel.2.4.0.nupkg to C:\Program Files (x86)\Microsoft Visual Studio\2017\Community\Common7\IDE\Extensions\hoek2k44.0u3\Microsoft.ApplicationInsights.WindowsServer.TelemetryChannel.2.4.0.nupkg
[0b00:0004][2017-10-17T09:47:41] Completed: Copying file /Microsoft.ApplicationInsights.WindowsServer.TelemetryChannel.2.4.0.nupkg to C:\Program Files (x86)\Microsoft Visual Studio\2017\Community\Common7\IDE\Extensions\hoek2k44.0u3\Microsoft.ApplicationInsights.WindowsServer.TelemetryChannel.2.4.0.nupkg
[0b00:0004][2017-10-17T09:47:41] Timestamp updated for file 'C:\Program Files (x86)\Microsoft Visual Studio\2017\Community\Common7\IDE\Extensions\hoek2k44.0u3\Microsoft.ApplicationInsights.WindowsServer.TelemetryChannel.2.4.0.nupkg'.
[0b00:0004][2017-10-17T09:47:41] Processing file /Microsoft.AspNet.TelemetryCorrelation.1.0.0.nupkg
[0b00:0004][2017-10-17T09:47:41] Started: Copying file /Microsoft.AspNet.TelemetryCorrelation.1.0.0.nupkg to C:\Program Files (x86)\Microsoft Visual Studio\2017\Community\Common7\IDE\Extensions\hoek2k44.0u3\Microsoft.AspNet.TelemetryCorrelation.1.0.0.nupkg
[0b00:0004][2017-10-17T09:47:41] Completed: Copying file /Microsoft.AspNet.TelemetryCorrelation.1.0.0.nupkg to C:\Program Files (x86)\Microsoft Visual Studio\2017\Community\Common7\IDE\Extensions\hoek2k44.0u3\Microsoft.AspNet.TelemetryCorrelation.1.0.0.nupkg
[0b00:0004][2017-10-17T09:47:41] Timestamp updated for file 'C:\Program Files (x86)\Microsoft Visual Studio\2017\Community\Common7\IDE\Extensions\hoek2k44.0u3\Microsoft.AspNet.TelemetryCorrelation.1.0.0.nupkg'.
[0b00:0004][2017-10-17T09:47:41] Processing file /Microsoft.Bcl.1.1.10.nupkg
[0b00:0004][2017-10-17T09:47:41] Started: Copying file /Microsoft.Bcl.1.1.10.nupkg to C:\Program Files (x86)\Microsoft Visual Studio\2017\Community\Common7\IDE\Extensions\hoek2k44.0u3\Microsoft.Bcl.1.1.10.nupkg
[0b00:0004][2017-10-17T09:47:41] Completed: Copying file /Microsoft.Bcl.1.1.10.nupkg to C:\Program Files (x86)\Microsoft Visual Studio\2017\Community\Common7\IDE\Extensions\hoek2k44.0u3\Microsoft.Bcl.1.1.10.nupkg
[0b00:0004][2017-10-17T09:47:41] Timestamp updated for file 'C:\Program Files (x86)\Microsoft Visual Studio\2017\Community\Common7\IDE\Extensions\hoek2k44.0u3\Microsoft.Bcl.1.1.10.nupkg'.
[0b00:0004][2017-10-17T09:47:41] Processing file /Microsoft.Bcl.Async.1.0.168.nupkg
[0b00:0004][2017-10-17T09:47:41] Started: Copying file /Microsoft.Bcl.Async.1.0.168.nupkg to C:\Program Files (x86)\Microsoft Visual Studio\2017\Community\Common7\IDE\Extensions\hoek2k44.0u3\Microsoft.Bcl.Async.1.0.168.nupkg
[0b00:0004][2017-10-17T09:47:41] Completed: Copying file /Microsoft.Bcl.Async.1.0.168.nupkg to C:\Program Files (x86)\Microsoft Visual Studio\2017\Community\Common7\IDE\Extensions\hoek2k44.0u3\Microsoft.Bcl.Async.1.0.168.nupkg
[0b00:0004][2017-10-17T09:47:41] Timestamp updated for file 'C:\Program Files (x86)\Microsoft Visual Studio\2017\Community\Common7\IDE\Extensions\hoek2k44.0u3\Microsoft.Bcl.Async.1.0.168.nupkg'.
[0b00:0004][2017-10-17T09:47:41] Processing file /Microsoft.Bcl.Build.1.0.14.nupkg
[0b00:0004][2017-10-17T09:47:41] Started: Copying file /Microsoft.Bcl.Build.1.0.14.nupkg to C:\Program Files (x86)\Microsoft Visual Studio\2017\Community\Common7\IDE\Extensions\hoek2k44.0u3\Microsoft.Bcl.Build.1.0.14.nupkg
[0b00:0004][2017-10-17T09:47:41] Completed: Copying file /Microsoft.Bcl.Build.1.0.14.nupkg to C:\Program Files (x86)\Microsoft Visual Studio\2017\Community\Common7\IDE\Extensions\hoek2k44.0u3\Microsoft.Bcl.Build.1.0.14.nupkg
[0b00:0004][2017-10-17T09:47:41] Timestamp updated for file 'C:\Program Files (x86)\Microsoft Visual Studio\2017\Community\Common7\IDE\Extensions\hoek2k44.0u3\Microsoft.Bcl.Build.1.0.14.nupkg'.
[0b00:0004][2017-10-17T09:47:41] Processing file /Microsoft.Diagnostics.Tracing.EventSource.Redist.1.1.28.nupkg
[0b00:0004][2017-10-17T09:47:41] Started: Copying file /Microsoft.Diagnostics.Tracing.EventSource.Redist.1.1.28.nupkg to C:\Program Files (x86)\Microsoft Visual Studio\2017\Community\Common7\IDE\Extensions\hoek2k44.0u3\Microsoft.Diagnostics.Tracing.EventSource.Redist.1.1.28.nupkg
[0b00:0004][2017-10-17T09:47:41] Completed: Copying file /Microsoft.Diagnostics.Tracing.EventSource.Redist.1.1.28.nupkg to C:\Program Files (x86)\Microsoft Visual Studio\2017\Community\Common7\IDE\Extensions\hoek2k44.0u3\Microsoft.Diagnostics.Tracing.EventSource.Redist.1.1.28.nupkg
[0b00:0004][2017-10-17T09:47:41] Timestamp updated for file 'C:\Program Files (x86)\Microsoft Visual Studio\2017\Community\Common7\IDE\Extensions\hoek2k44.0u3\Microsoft.Diagnostics.Tracing.EventSource.Redist.1.1.28.nupkg'.
[0b00:0004][2017-10-17T09:47:41] Processing file /Microsoft.Extensions.DiagnosticAdapter.1.0.0.nupkg
[0b00:0004][2017-10-17T09:47:41] Started: Copying file /Microsoft.Extensions.DiagnosticAdapter.1.0.0.nupkg to C:\Program Files (x86)\Microsoft Visual Studio\2017\Community\Common7\IDE\Extensions\hoek2k44.0u3\Microsoft.Extensions.DiagnosticAdapter.1.0.0.nupkg
[0b00:0004][2017-10-17T09:47:41] Completed: Copying file /Microsoft.Extensions.DiagnosticAdapter.1.0.0.nupkg to C:\Program Files (x86)\Microsoft Visual Studio\2017\Community\Common7\IDE\Extensions\hoek2k44.0u3\Microsoft.Extensions.DiagnosticAdapter.1.0.0.nupkg
[0b00:0004][2017-10-17T09:47:41] Timestamp updated for file 'C:\Program Files (x86)\Microsoft Visual Studio\2017\Community\Common7\IDE\Extensions\hoek2k44.0u3\Microsoft.Extensions.DiagnosticAdapter.1.0.0.nupkg'.
[0b00:0004][2017-10-17T09:47:41] Processing file /Microsoft.VisualStudio.ApplicationInsights.dll
[0b00:0004][2017-10-17T09:47:41] Started: Copying file /Microsoft.VisualStudio.ApplicationInsights.dll to C:\Program Files (x86)\Microsoft Visual Studio\2017\Community\Common7\IDE\Extensions\hoek2k44.0u3\Microsoft.VisualStudio.ApplicationInsights.dll
[0b00:0004][2017-10-17T09:47:41] Completed: Copying file /Microsoft.VisualStudio.ApplicationInsights.dll to C:\Program Files (x86)\Microsoft Visual Studio\2017\Community\Common7\IDE\Extensions\hoek2k44.0u3\Microsoft.VisualStudio.ApplicationInsights.dll
[0b00:0004][2017-10-17T09:47:41] Timestamp updated for file 'C:\Program Files (x86)\Microsoft Visual Studio\2017\Community\Common7\IDE\Extensions\hoek2k44.0u3\Microsoft.VisualStudio.ApplicationInsights.dll'.
[0b00:0004][2017-10-17T09:47:41] Processing file /Microsoft.VisualStudio.ApplicationInsights.pkgdef
[0b00:0004][2017-10-17T09:47:41] Started: Copying file /Microsoft.VisualStudio.ApplicationInsights.pkgdef to C:\Program Files (x86)\Microsoft Visual Studio\2017\Community\Common7\IDE\Extensions\hoek2k44.0u3\Microsoft.VisualStudio.ApplicationInsights.pkgdef
[0b00:0004][2017-10-17T09:47:41] Completed: Copying file /Microsoft.VisualStudio.ApplicationInsights.pkgdef to C:\Program Files (x86)\Microsoft Visual Studio\2017\Community\Common7\IDE\Extensions\hoek2k44.0u3\Microsoft.VisualStudio.ApplicationInsights.pkgdef
[0b00:0004][2017-10-17T09:47:41] Timestamp updated for file 'C:\Program Files (x86)\Microsoft Visual Studio\2017\Community\Common7\IDE\Extensions\hoek2k44.0u3\Microsoft.VisualStudio.ApplicationInsights.pkgdef'.
[0b00:0004][2017-10-17T09:47:41] Processing file /MicrosoftLogo.png
[0b00:0004][2017-10-17T09:47:41] Started: Copying file /MicrosoftLogo.png to C:\Program Files (x86)\Microsoft Visual Studio\2017\Community\Common7\IDE\Extensions\hoek2k44.0u3\MicrosoftLogo.png
[0b00:0004][2017-10-17T09:47:41] Completed: Copying file /MicrosoftLogo.png to C:\Program Files (x86)\Microsoft Visual Studio\2017\Community\Common7\IDE\Extensions\hoek2k44.0u3\MicrosoftLogo.png
[0b00:0004][2017-10-17T09:47:41] Timestamp updated for file 'C:\Program Files (x86)\Microsoft Visual Studio\2017\Community\Common7\IDE\Extensions\hoek2k44.0u3\MicrosoftLogo.png'.
[0b00:0004][2017-10-17T09:47:41] Processing file /pl/extension.vsixlangpack
[0b00:0004][2017-10-17T09:47:41] Started: Copying file /pl/extension.vsixlangpack to C:\Program Files (x86)\Microsoft Visual Studio\2017\Community\Common7\IDE\Extensions\hoek2k44.0u3\pl\extension.vsixlangpack
[0b00:0004][2017-10-17T09:47:41] Completed: Copying file /pl/extension.vsixlangpack to C:\Program Files (x86)\Microsoft Visual Studio\2017\Community\Common7\IDE\Extensions\hoek2k44.0u3\pl\extension.vsixlangpack
[0b00:0004][2017-10-17T09:47:41] Timestamp updated for file 'C:\Program Files (x86)\Microsoft Visual Studio\2017\Community\Common7\IDE\Extensions\hoek2k44.0u3\pl\extension.vsixlangpack'.
[0b00:0004][2017-10-17T09:47:41] Processing file /pl/Microsoft.VisualStudio.ApplicationInsights.resources.dll
[0b00:0004][2017-10-17T09:47:41] Started: Copying file /pl/Microsoft.VisualStudio.ApplicationInsights.resources.dll to C:\Program Files (x86)\Microsoft Visual Studio\2017\Community\Common7\IDE\Extensions\hoek2k44.0u3\pl\Microsoft.VisualStudio.ApplicationInsights.resources.dll
[0b00:0004][2017-10-17T09:47:42] Completed: Copying file /pl/Microsoft.VisualStudio.ApplicationInsights.resources.dll to C:\Program Files (x86)\Microsoft Visual Studio\2017\Community\Common7\IDE\Extensions\hoek2k44.0u3\pl\Microsoft.VisualStudio.ApplicationInsights.resources.dll
[0b00:0004][2017-10-17T09:47:42] Timestamp updated for file 'C:\Program Files (x86)\Microsoft Visual Studio\2017\Community\Common7\IDE\Extensions\hoek2k44.0u3\pl\Microsoft.VisualStudio.ApplicationInsights.resources.dll'.
[0b00:0004][2017-10-17T09:47:42] Processing file /pt-BR/extension.vsixlangpack
[0b00:0004][2017-10-17T09:47:42] Started: Copying file /pt-BR/extension.vsixlangpack to C:\Program Files (x86)\Microsoft Visual Studio\2017\Community\Common7\IDE\Extensions\hoek2k44.0u3\pt-BR\extension.vsixlangpack
[0b00:0004][2017-10-17T09:47:42] Completed: Copying file /pt-BR/extension.vsixlangpack to C:\Program Files (x86)\Microsoft Visual Studio\2017\Community\Common7\IDE\Extensions\hoek2k44.0u3\pt-BR\extension.vsixlangpack
[0b00:0004][2017-10-17T09:47:42] Timestamp updated for file 'C:\Program Files (x86)\Microsoft Visual Studio\2017\Community\Common7\IDE\Extensions\hoek2k44.0u3\pt-BR\extension.vsixlangpack'.
[0b00:0004][2017-10-17T09:47:42] Processing file /pt-BR/Microsoft.VisualStudio.ApplicationInsights.resources.dll
[0b00:0004][2017-10-17T09:47:42] Started: Copying file /pt-BR/Microsoft.VisualStudio.ApplicationInsights.resources.dll to C:\Program Files (x86)\Microsoft Visual Studio\2017\Community\Common7\IDE\Extensions\hoek2k44.0u3\pt-BR\Microsoft.VisualStudio.ApplicationInsights.resources.dll
[0b00:0004][2017-10-17T09:47:42] Completed: Copying file /pt-BR/Microsoft.VisualStudio.ApplicationInsights.resources.dll to C:\Program Files (x86)\Microsoft Visual Studio\2017\Community\Common7\IDE\Extensions\hoek2k44.0u3\pt-BR\Microsoft.VisualStudio.ApplicationInsights.resources.dll
[0b00:0004][2017-10-17T09:47:42] Timestamp updated for file 'C:\Program Files (x86)\Microsoft Visual Studio\2017\Community\Common7\IDE\Extensions\hoek2k44.0u3\pt-BR\Microsoft.VisualStudio.ApplicationInsights.resources.dll'.
[0b00:0004][2017-10-17T09:47:42] Processing file /ru/extension.vsixlangpack
[0b00:0004][2017-10-17T09:47:42] Started: Copying file /ru/extension.vsixlangpack to C:\Program Files (x86)\Microsoft Visual Studio\2017\Community\Common7\IDE\Extensions\hoek2k44.0u3\ru\extension.vsixlangpack
[0b00:0004][2017-10-17T09:47:42] Completed: Copying file /ru/extension.vsixlangpack to C:\Program Files (x86)\Microsoft Visual Studio\2017\Community\Common7\IDE\Extensions\hoek2k44.0u3\ru\extension.vsixlangpack
[0b00:0004][2017-10-17T09:47:42] Timestamp updated for file 'C:\Program Files (x86)\Microsoft Visual Studio\2017\Community\Common7\IDE\Extensions\hoek2k44.0u3\ru\extension.vsixlangpack'.
[0b00:0004][2017-10-17T09:47:42] Processing file /ru/Microsoft.VisualStudio.ApplicationInsights.resources.dll
[0b00:0004][2017-10-17T09:47:42] Started: Copying file /ru/Microsoft.VisualStudio.ApplicationInsights.resources.dll to C:\Program Files (x86)\Microsoft Visual Studio\2017\Community\Common7\IDE\Extensions\hoek2k44.0u3\ru\Microsoft.VisualStudio.ApplicationInsights.resources.dll
[0b00:0004][2017-10-17T09:47:42] Completed: Copying file /ru/Microsoft.VisualStudio.ApplicationInsights.resources.dll to C:\Program Files (x86)\Microsoft Visual Studio\2017\Community\Common7\IDE\Extensions\hoek2k44.0u3\ru\Microsoft.VisualStudio.ApplicationInsights.resources.dll
[0b00:0004][2017-10-17T09:47:42] Timestamp updated for file 'C:\Program Files (x86)\Microsoft Visual Studio\2017\Community\Common7\IDE\Extensions\hoek2k44.0u3\ru\Microsoft.VisualStudio.ApplicationInsights.resources.dll'.
[0b00:0004][2017-10-17T09:47:42] Processing file /System.Diagnostics.DiagnosticSource.4.4.0.nupkg
[0b00:0004][2017-10-17T09:47:42] Started: Copying file /System.Diagnostics.DiagnosticSource.4.4.0.nupkg to C:\Program Files (x86)\Microsoft Visual Studio\2017\Community\Common7\IDE\Extensions\hoek2k44.0u3\System.Diagnostics.DiagnosticSource.4.4.0.nupkg
[0b00:0004][2017-10-17T09:47:42] Completed: Copying file /System.Diagnostics.DiagnosticSource.4.4.0.nupkg to C:\Program Files (x86)\Microsoft Visual Studio\2017\Community\Common7\IDE\Extensions\hoek2k44.0u3\System.Diagnostics.DiagnosticSource.4.4.0.nupkg
[0b00:0004][2017-10-17T09:47:42] Timestamp updated for file 'C:\Program Files (x86)\Microsoft Visual Studio\2017\Community\Common7\IDE\Extensions\hoek2k44.0u3\System.Diagnostics.DiagnosticSource.4.4.0.nupkg'.
[0b00:0004][2017-10-17T09:47:42] Processing file /tr/extension.vsixlangpack
[0b00:0004][2017-10-17T09:47:42] Started: Copying file /tr/extension.vsixlangpack to C:\Program Files (x86)\Microsoft Visual Studio\2017\Community\Common7\IDE\Extensions\hoek2k44.0u3\tr\extension.vsixlangpack
[0b00:0004][2017-10-17T09:47:42] Completed: Copying file /tr/extension.vsixlangpack to C:\Program Files (x86)\Microsoft Visual Studio\2017\Community\Common7\IDE\Extensions\hoek2k44.0u3\tr\extension.vsixlangpack
[0b00:0004][2017-10-17T09:47:42] Timestamp updated for file 'C:\Program Files (x86)\Microsoft Visual Studio\2017\Community\Common7\IDE\Extensions\hoek2k44.0u3\tr\extension.vsixlangpack'.
[0b00:0004][2017-10-17T09:47:42] Processing file /tr/Microsoft.VisualStudio.ApplicationInsights.resources.dll
[0b00:0004][2017-10-17T09:47:42] Started: Copying file /tr/Microsoft.VisualStudio.ApplicationInsights.resources.dll to C:\Program Files (x86)\Microsoft Visual Studio\2017\Community\Common7\IDE\Extensions\hoek2k44.0u3\tr\Microsoft.VisualStudio.ApplicationInsights.resources.dll
[0b00:0004][2017-10-17T09:47:42] Completed: Copying file /tr/Microsoft.VisualStudio.ApplicationInsights.resources.dll to C:\Program Files (x86)\Microsoft Visual Studio\2017\Community\Common7\IDE\Extensions\hoek2k44.0u3\tr\Microsoft.VisualStudio.ApplicationInsights.resources.dll
[0b00:0004][2017-10-17T09:47:42] Timestamp updated for file 'C:\Program Files (x86)\Microsoft Visual Studio\2017\Community\Common7\IDE\Extensions\hoek2k44.0u3\tr\Microsoft.VisualStudio.ApplicationInsights.resources.dll'.
[0b00:0004][2017-10-17T09:47:42] Processing file /zh-Hans/extension.vsixlangpack
[0b00:0004][2017-10-17T09:47:42] Started: Copying file /zh-Hans/extension.vsixlangpack to C:\Program Files (x86)\Microsoft Visual Studio\2017\Community\Common7\IDE\Extensions\hoek2k44.0u3\zh-Hans\extension.vsixlangpack
[0b00:0004][2017-10-17T09:47:42] Completed: Copying file /zh-Hans/extension.vsixlangpack to C:\Program Files (x86)\Microsoft Visual Studio\2017\Community\Common7\IDE\Extensions\hoek2k44.0u3\zh-Hans\extension.vsixlangpack
[0b00:0004][2017-10-17T09:47:42] Timestamp updated for file 'C:\Program Files (x86)\Microsoft Visual Studio\2017\Community\Common7\IDE\Extensions\hoek2k44.0u3\zh-Hans\extension.vsixlangpack'.
[0b00:0004][2017-10-17T09:47:42] Processing file /zh-Hans/Microsoft.VisualStudio.ApplicationInsights.resources.dll
[0b00:0004][2017-10-17T09:47:42] Started: Copying file /zh-Hans/Microsoft.VisualStudio.ApplicationInsights.resources.dll to C:\Program Files (x86)\Microsoft Visual Studio\2017\Community\Common7\IDE\Extensions\hoek2k44.0u3\zh-Hans\Microsoft.VisualStudio.ApplicationInsights.resources.dll
[0b00:0004][2017-10-17T09:47:42] Completed: Copying file /zh-Hans/Microsoft.VisualStudio.ApplicationInsights.resources.dll to C:\Program Files (x86)\Microsoft Visual Studio\2017\Community\Common7\IDE\Extensions\hoek2k44.0u3\zh-Hans\Microsoft.VisualStudio.ApplicationInsights.resources.dll
[0b00:0004][2017-10-17T09:47:42] Timestamp updated for file 'C:\Program Files (x86)\Microsoft Visual Studio\2017\Community\Common7\IDE\Extensions\hoek2k44.0u3\zh-Hans\Microsoft.VisualStudio.ApplicationInsights.resources.dll'.
[0b00:0004][2017-10-17T09:47:42] Processing file /zh-Hant/extension.vsixlangpack
[0b00:0004][2017-10-17T09:47:42] Started: Copying file /zh-Hant/extension.vsixlangpack to C:\Program Files (x86)\Microsoft Visual Studio\2017\Community\Common7\IDE\Extensions\hoek2k44.0u3\zh-Hant\extension.vsixlangpack
[0b00:0004][2017-10-17T09:47:42] Completed: Copying file /zh-Hant/extension.vsixlangpack to C:\Program Files (x86)\Microsoft Visual Studio\2017\Community\Common7\IDE\Extensions\hoek2k44.0u3\zh-Hant\extension.vsixlangpack
[0b00:0004][2017-10-17T09:47:42] Timestamp updated for file 'C:\Program Files (x86)\Microsoft Visual Studio\2017\Community\Common7\IDE\Extensions\hoek2k44.0u3\zh-Hant\extension.vsixlangpack'.
[0b00:0004][2017-10-17T09:47:42] Processing file /zh-Hant/Microsoft.VisualStudio.ApplicationInsights.resources.dll
[0b00:0004][2017-10-17T09:47:42] Started: Copying file /zh-Hant/Microsoft.VisualStudio.ApplicationInsights.resources.dll to C:\Program Files (x86)\Microsoft Visual Studio\2017\Community\Common7\IDE\Extensions\hoek2k44.0u3\zh-Hant\Microsoft.VisualStudio.ApplicationInsights.resources.dll
[0b00:0004][2017-10-17T09:47:42] Completed: Copying file /zh-Hant/Microsoft.VisualStudio.ApplicationInsights.resources.dll to C:\Program Files (x86)\Microsoft Visual Studio\2017\Community\Common7\IDE\Extensions\hoek2k44.0u3\zh-Hant\Microsoft.VisualStudio.ApplicationInsights.resources.dll
[0b00:0004][2017-10-17T09:47:42] Timestamp updated for file 'C:\Program Files (x86)\Microsoft Visual Studio\2017\Community\Common7\IDE\Extensions\hoek2k44.0u3\zh-Hant\Microsoft.VisualStudio.ApplicationInsights.resources.dll'.
[0b00:0004][2017-10-17T09:47:42] Package executed successfully. Return code: 0
