[0b00:0004][2017-10-17T09:47:00] Opening the package for processing
[0b00:0004][2017-10-17T09:47:00] Using package payload to get the embedded manifest
[0b00:0004][2017-10-17T09:47:00] Getting list of files within the package
[0b00:0004][2017-10-17T09:47:00] Processing file /Contents/Common7/IDE/Extensions/Microsoft/SQLCommon/130/ConnectionDlg.dll
[0b00:0004][2017-10-17T09:47:00] Started: Copying file /Contents/Common7/IDE/Extensions/Microsoft/SQLCommon/130/ConnectionDlg.dll to C:\Program Files (x86)\Microsoft Visual Studio\2017\Community\Common7\IDE\Extensions\Microsoft\SQLCommon\130\ConnectionDlg.dll
[0b00:0004][2017-10-17T09:47:00] Completed: Copying file /Contents/Common7/IDE/Extensions/Microsoft/SQLCommon/130/ConnectionDlg.dll to C:\Program Files (x86)\Microsoft Visual Studio\2017\Community\Common7\IDE\Extensions\Microsoft\SQLCommon\130\ConnectionDlg.dll
[0b00:0004][2017-10-17T09:47:00] Timestamp updated for file 'C:\Program Files (x86)\Microsoft Visual Studio\2017\Community\Common7\IDE\Extensions\Microsoft\SQLCommon\130\ConnectionDlg.dll'.
[0b00:0004][2017-10-17T09:47:00] Processing file /Contents/Common7/IDE/Extensions/Microsoft/SQLCommon/130/Microsoft.AnalysisServices.Graphing.dll
[0b00:0004][2017-10-17T09:47:00] Started: Copying file /Contents/Common7/IDE/Extensions/Microsoft/SQLCommon/130/Microsoft.AnalysisServices.Graphing.dll to C:\Program Files (x86)\Microsoft Visual Studio\2017\Community\Common7\IDE\Extensions\Microsoft\SQLCommon\130\Microsoft.AnalysisServices.Graphing.dll
[0b00:0004][2017-10-17T09:47:00] Completed: Copying file /Contents/Common7/IDE/Extensions/Microsoft/SQLCommon/130/Microsoft.AnalysisServices.Graphing.dll to C:\Program Files (x86)\Microsoft Visual Studio\2017\Community\Common7\IDE\Extensions\Microsoft\SQLCommon\130\Microsoft.AnalysisServices.Graphing.dll
[0b00:0004][2017-10-17T09:47:00] Timestamp updated for file 'C:\Program Files (x86)\Microsoft Visual Studio\2017\Community\Common7\IDE\Extensions\Microsoft\SQLCommon\130\Microsoft.AnalysisServices.Graphing.dll'.
[0b00:0004][2017-10-17T09:47:00] Processing file /Contents/Common7/IDE/Extensions/Microsoft/SQLCommon/130/Microsoft.ExceptionMessageBox.dll
[0b00:0004][2017-10-17T09:47:00] Started: Copying file /Contents/Common7/IDE/Extensions/Microsoft/SQLCommon/130/Microsoft.ExceptionMessageBox.dll to C:\Program Files (x86)\Microsoft Visual Studio\2017\Community\Common7\IDE\Extensions\Microsoft\SQLCommon\130\Microsoft.ExceptionMessageBox.dll
[0b00:0004][2017-10-17T09:47:00] Completed: Copying file /Contents/Common7/IDE/Extensions/Microsoft/SQLCommon/130/Microsoft.ExceptionMessageBox.dll to C:\Program Files (x86)\Microsoft Visual Studio\2017\Community\Common7\IDE\Extensions\Microsoft\SQLCommon\130\Microsoft.ExceptionMessageBox.dll
[0b00:0004][2017-10-17T09:47:00] Timestamp updated for file 'C:\Program Files (x86)\Microsoft Visual Studio\2017\Community\Common7\IDE\Extensions\Microsoft\SQLCommon\130\Microsoft.ExceptionMessageBox.dll'.
[0b00:0004][2017-10-17T09:47:00] Processing file /Contents/Common7/IDE/Extensions/Microsoft/SQLCommon/130/Microsoft.NetEnterpriseServers.ExceptionMessageBox.dll
[0b00:0004][2017-10-17T09:47:00] Started: Copying file /Contents/Common7/IDE/Extensions/Microsoft/SQLCommon/130/Microsoft.NetEnterpriseServers.ExceptionMessageBox.dll to C:\Program Files (x86)\Microsoft Visual Studio\2017\Community\Common7\IDE\Extensions\Microsoft\SQLCommon\130\Microsoft.NetEnterpriseServers.ExceptionMessageBox.dll
[0b00:0004][2017-10-17T09:47:00] Completed: Copying file /Contents/Common7/IDE/Extensions/Microsoft/SQLCommon/130/Microsoft.NetEnterpriseServers.ExceptionMessageBox.dll to C:\Program Files (x86)\Microsoft Visual Studio\2017\Community\Common7\IDE\Extensions\Microsoft\SQLCommon\130\Microsoft.NetEnterpriseServers.ExceptionMessageBox.dll
[0b00:0004][2017-10-17T09:47:00] Timestamp updated for file 'C:\Program Files (x86)\Microsoft Visual Studio\2017\Community\Common7\IDE\Extensions\Microsoft\SQLCommon\130\Microsoft.NetEnterpriseServers.ExceptionMessageBox.dll'.
[0b00:0004][2017-10-17T09:47:00] Processing file /Contents/Common7/IDE/Extensions/Microsoft/SQLCommon/130/Microsoft.ReportingServices.MapWinControl.dll
[0b00:0004][2017-10-17T09:47:00] Started: Copying file /Contents/Common7/IDE/Extensions/Microsoft/SQLCommon/130/Microsoft.ReportingServices.MapWinControl.dll to C:\Program Files (x86)\Microsoft Visual Studio\2017\Community\Common7\IDE\Extensions\Microsoft\SQLCommon\130\Microsoft.ReportingServices.MapWinControl.dll
[0b00:0004][2017-10-17T09:47:00] Completed: Copying file /Contents/Common7/IDE/Extensions/Microsoft/SQLCommon/130/Microsoft.ReportingServices.MapWinControl.dll to C:\Program Files (x86)\Microsoft Visual Studio\2017\Community\Common7\IDE\Extensions\Microsoft\SQLCommon\130\Microsoft.ReportingServices.MapWinControl.dll
[0b00:0004][2017-10-17T09:47:00] Timestamp updated for file 'C:\Program Files (x86)\Microsoft Visual Studio\2017\Community\Common7\IDE\Extensions\Microsoft\SQLCommon\130\Microsoft.ReportingServices.MapWinControl.dll'.
[0b00:0004][2017-10-17T09:47:00] Processing file /Contents/Common7/IDE/Extensions/Microsoft/SQLCommon/130/Microsoft.Samples.WindowsAzure.ServiceManagement.dll
[0b00:0004][2017-10-17T09:47:00] Started: Copying file /Contents/Common7/IDE/Extensions/Microsoft/SQLCommon/130/Microsoft.Samples.WindowsAzure.ServiceManagement.dll to C:\Program Files (x86)\Microsoft Visual Studio\2017\Community\Common7\IDE\Extensions\Microsoft\SQLCommon\130\Microsoft.Samples.WindowsAzure.ServiceManagement.dll
[0b00:0004][2017-10-17T09:47:00] Completed: Copying file /Contents/Common7/IDE/Extensions/Microsoft/SQLCommon/130/Microsoft.Samples.WindowsAzure.ServiceManagement.dll to C:\Program Files (x86)\Microsoft Visual Studio\2017\Community\Common7\IDE\Extensions\Microsoft\SQLCommon\130\Microsoft.Samples.WindowsAzure.ServiceManagement.dll
[0b00:0004][2017-10-17T09:47:00] Timestamp updated for file 'C:\Program Files (x86)\Microsoft Visual Studio\2017\Community\Common7\IDE\Extensions\Microsoft\SQLCommon\130\Microsoft.Samples.WindowsAzure.ServiceManagement.dll'.
[0b00:0004][2017-10-17T09:47:00] Processing file /Contents/Common7/IDE/Extensions/Microsoft/SQLCommon/130/Microsoft.SqlServer.BatchParser.dll
[0b00:0004][2017-10-17T09:47:00] Started: Copying file /Contents/Common7/IDE/Extensions/Microsoft/SQLCommon/130/Microsoft.SqlServer.BatchParser.dll to C:\Program Files (x86)\Microsoft Visual Studio\2017\Community\Common7\IDE\Extensions\Microsoft\SQLCommon\130\Microsoft.SqlServer.BatchParser.dll
[0b00:0004][2017-10-17T09:47:00] Completed: Copying file /Contents/Common7/IDE/Extensions/Microsoft/SQLCommon/130/Microsoft.SqlServer.BatchParser.dll to C:\Program Files (x86)\Microsoft Visual Studio\2017\Community\Common7\IDE\Extensions\Microsoft\SQLCommon\130\Microsoft.SqlServer.BatchParser.dll
[0b00:0004][2017-10-17T09:47:00] Timestamp updated for file 'C:\Program Files (x86)\Microsoft Visual Studio\2017\Community\Common7\IDE\Extensions\Microsoft\SQLCommon\130\Microsoft.SqlServer.BatchParser.dll'.
[0b00:0004][2017-10-17T09:47:00] Processing file /Contents/Common7/IDE/Extensions/Microsoft/SQLCommon/130/Microsoft.SqlServer.BatchParserClient.dll
[0b00:0004][2017-10-17T09:47:00] Started: Copying file /Contents/Common7/IDE/Extensions/Microsoft/SQLCommon/130/Microsoft.SqlServer.BatchParserClient.dll to C:\Program Files (x86)\Microsoft Visual Studio\2017\Community\Common7\IDE\Extensions\Microsoft\SQLCommon\130\Microsoft.SqlServer.BatchParserClient.dll
[0b00:0004][2017-10-17T09:47:00] Completed: Copying file /Contents/Common7/IDE/Extensions/Microsoft/SQLCommon/130/Microsoft.SqlServer.BatchParserClient.dll to C:\Program Files (x86)\Microsoft Visual Studio\2017\Community\Common7\IDE\Extensions\Microsoft\SQLCommon\130\Microsoft.SqlServer.BatchParserClient.dll
[0b00:0004][2017-10-17T09:47:00] Timestamp updated for file 'C:\Program Files (x86)\Microsoft Visual Studio\2017\Community\Common7\IDE\Extensions\Microsoft\SQLCommon\130\Microsoft.SqlServer.BatchParserClient.dll'.
[0b00:0004][2017-10-17T09:47:00] Processing file /Contents/Common7/IDE/Extensions/Microsoft/SQLCommon/130/Microsoft.SqlServer.ConnectionInfo.dll
[0b00:0004][2017-10-17T09:47:00] Started: Copying file /Contents/Common7/IDE/Extensions/Microsoft/SQLCommon/130/Microsoft.SqlServer.ConnectionInfo.dll to C:\Program Files (x86)\Microsoft Visual Studio\2017\Community\Common7\IDE\Extensions\Microsoft\SQLCommon\130\Microsoft.SqlServer.ConnectionInfo.dll
[0b00:0004][2017-10-17T09:47:00] Completed: Copying file /Contents/Common7/IDE/Extensions/Microsoft/SQLCommon/130/Microsoft.SqlServer.ConnectionInfo.dll to C:\Program Files (x86)\Microsoft Visual Studio\2017\Community\Common7\IDE\Extensions\Microsoft\SQLCommon\130\Microsoft.SqlServer.ConnectionInfo.dll
[0b00:0004][2017-10-17T09:47:00] Timestamp updated for file 'C:\Program Files (x86)\Microsoft Visual Studio\2017\Community\Common7\IDE\Extensions\Microsoft\SQLCommon\130\Microsoft.SqlServer.ConnectionInfo.dll'.
[0b00:0004][2017-10-17T09:47:00] Processing file /Contents/Common7/IDE/Extensions/Microsoft/SQLCommon/130/Microsoft.SqlServer.DataStorage.dll
[0b00:0004][2017-10-17T09:47:00] Started: Copying file /Contents/Common7/IDE/Extensions/Microsoft/SQLCommon/130/Microsoft.SqlServer.DataStorage.dll to C:\Program Files (x86)\Microsoft Visual Studio\2017\Community\Common7\IDE\Extensions\Microsoft\SQLCommon\130\Microsoft.SqlServer.DataStorage.dll
[0b00:0004][2017-10-17T09:47:00] Completed: Copying file /Contents/Common7/IDE/Extensions/Microsoft/SQLCommon/130/Microsoft.SqlServer.DataStorage.dll to C:\Program Files (x86)\Microsoft Visual Studio\2017\Community\Common7\IDE\Extensions\Microsoft\SQLCommon\130\Microsoft.SqlServer.DataStorage.dll
[0b00:0004][2017-10-17T09:47:00] Timestamp updated for file 'C:\Program Files (x86)\Microsoft Visual Studio\2017\Community\Common7\IDE\Extensions\Microsoft\SQLCommon\130\Microsoft.SqlServer.DataStorage.dll'.
[0b00:0004][2017-10-17T09:47:00] Processing file /Contents/Common7/IDE/Extensions/Microsoft/SQLCommon/130/Microsoft.SqlServer.Diagnostics.STrace.dll
[0b00:0004][2017-10-17T09:47:00] Started: Copying file /Contents/Common7/IDE/Extensions/Microsoft/SQLCommon/130/Microsoft.SqlServer.Diagnostics.STrace.dll to C:\Program Files (x86)\Microsoft Visual Studio\2017\Community\Common7\IDE\Extensions\Microsoft\SQLCommon\130\Microsoft.SqlServer.Diagnostics.STrace.dll
[0b00:0004][2017-10-17T09:47:00] Completed: Copying file /Contents/Common7/IDE/Extensions/Microsoft/SQLCommon/130/Microsoft.SqlServer.Diagnostics.STrace.dll to C:\Program Files (x86)\Microsoft Visual Studio\2017\Community\Common7\IDE\Extensions\Microsoft\SQLCommon\130\Microsoft.SqlServer.Diagnostics.STrace.dll
[0b00:0004][2017-10-17T09:47:00] Timestamp updated for file 'C:\Program Files (x86)\Microsoft Visual Studio\2017\Community\Common7\IDE\Extensions\Microsoft\SQLCommon\130\Microsoft.SqlServer.Diagnostics.STrace.dll'.
[0b00:0004][2017-10-17T09:47:00] Processing file /Contents/Common7/IDE/Extensions/Microsoft/SQLCommon/130/Microsoft.SqlServer.DlgGrid.dll
[0b00:0004][2017-10-17T09:47:00] Started: Copying file /Contents/Common7/IDE/Extensions/Microsoft/SQLCommon/130/Microsoft.SqlServer.DlgGrid.dll to C:\Program Files (x86)\Microsoft Visual Studio\2017\Community\Common7\IDE\Extensions\Microsoft\SQLCommon\130\Microsoft.SqlServer.DlgGrid.dll
[0b00:0004][2017-10-17T09:47:00] Completed: Copying file /Contents/Common7/IDE/Extensions/Microsoft/SQLCommon/130/Microsoft.SqlServer.DlgGrid.dll to C:\Program Files (x86)\Microsoft Visual Studio\2017\Community\Common7\IDE\Extensions\Microsoft\SQLCommon\130\Microsoft.SqlServer.DlgGrid.dll
[0b00:0004][2017-10-17T09:47:00] Timestamp updated for file 'C:\Program Files (x86)\Microsoft Visual Studio\2017\Community\Common7\IDE\Extensions\Microsoft\SQLCommon\130\Microsoft.SqlServer.DlgGrid.dll'.
[0b00:0004][2017-10-17T09:47:00] Processing file /Contents/Common7/IDE/Extensions/Microsoft/SQLCommon/130/Microsoft.SqlServer.Dmf.Common.dll
[0b00:0004][2017-10-17T09:47:00] Started: Copying file /Contents/Common7/IDE/Extensions/Microsoft/SQLCommon/130/Microsoft.SqlServer.Dmf.Common.dll to C:\Program Files (x86)\Microsoft Visual Studio\2017\Community\Common7\IDE\Extensions\Microsoft\SQLCommon\130\Microsoft.SqlServer.Dmf.Common.dll
[0b00:0004][2017-10-17T09:47:00] Completed: Copying file /Contents/Common7/IDE/Extensions/Microsoft/SQLCommon/130/Microsoft.SqlServer.Dmf.Common.dll to C:\Program Files (x86)\Microsoft Visual Studio\2017\Community\Common7\IDE\Extensions\Microsoft\SQLCommon\130\Microsoft.SqlServer.Dmf.Common.dll
[0b00:0004][2017-10-17T09:47:00] Timestamp updated for file 'C:\Program Files (x86)\Microsoft Visual Studio\2017\Community\Common7\IDE\Extensions\Microsoft\SQLCommon\130\Microsoft.SqlServer.Dmf.Common.dll'.
[0b00:0004][2017-10-17T09:47:00] Processing file /Contents/Common7/IDE/Extensions/Microsoft/SQLCommon/130/Microsoft.SqlServer.Dmf.dll
[0b00:0004][2017-10-17T09:47:00] Started: Copying file /Contents/Common7/IDE/Extensions/Microsoft/SQLCommon/130/Microsoft.SqlServer.Dmf.dll to C:\Program Files (x86)\Microsoft Visual Studio\2017\Community\Common7\IDE\Extensions\Microsoft\SQLCommon\130\Microsoft.SqlServer.Dmf.dll
[0b00:0004][2017-10-17T09:47:00] Completed: Copying file /Contents/Common7/IDE/Extensions/Microsoft/SQLCommon/130/Microsoft.SqlServer.Dmf.dll to C:\Program Files (x86)\Microsoft Visual Studio\2017\Community\Common7\IDE\Extensions\Microsoft\SQLCommon\130\Microsoft.SqlServer.Dmf.dll
[0b00:0004][2017-10-17T09:47:00] Timestamp updated for file 'C:\Program Files (x86)\Microsoft Visual Studio\2017\Community\Common7\IDE\Extensions\Microsoft\SQLCommon\130\Microsoft.SqlServer.Dmf.dll'.
[0b00:0004][2017-10-17T09:47:00] Processing file /Contents/Common7/IDE/Extensions/Microsoft/SQLCommon/130/Microsoft.SqlServer.GridControl.dll
[0b00:0004][2017-10-17T09:47:00] Started: Copying file /Contents/Common7/IDE/Extensions/Microsoft/SQLCommon/130/Microsoft.SqlServer.GridControl.dll to C:\Program Files (x86)\Microsoft Visual Studio\2017\Community\Common7\IDE\Extensions\Microsoft\SQLCommon\130\Microsoft.SqlServer.GridControl.dll
[0b00:0004][2017-10-17T09:47:00] Completed: Copying file /Contents/Common7/IDE/Extensions/Microsoft/SQLCommon/130/Microsoft.SqlServer.GridControl.dll to C:\Program Files (x86)\Microsoft Visual Studio\2017\Community\Common7\IDE\Extensions\Microsoft\SQLCommon\130\Microsoft.SqlServer.GridControl.dll
[0b00:0004][2017-10-17T09:47:00] Timestamp updated for file 'C:\Program Files (x86)\Microsoft Visual Studio\2017\Community\Common7\IDE\Extensions\Microsoft\SQLCommon\130\Microsoft.SqlServer.GridControl.dll'.
[0b00:0004][2017-10-17T09:47:00] Processing file /Contents/Common7/IDE/Extensions/Microsoft/SQLCommon/130/Microsoft.SqlServer.Management.ApplicationAuthenticationManagement.dll
[0b00:0004][2017-10-17T09:47:00] Started: Copying file /Contents/Common7/IDE/Extensions/Microsoft/SQLCommon/130/Microsoft.SqlServer.Management.ApplicationAuthenticationManagement.dll to C:\Program Files (x86)\Microsoft Visual Studio\2017\Community\Common7\IDE\Extensions\Microsoft\SQLCommon\130\Microsoft.SqlServer.Management.ApplicationAuthenticationManagement.dll
[0b00:0004][2017-10-17T09:47:00] Completed: Copying file /Contents/Common7/IDE/Extensions/Microsoft/SQLCommon/130/Microsoft.SqlServer.Management.ApplicationAuthenticationManagement.dll to C:\Program Files (x86)\Microsoft Visual Studio\2017\Community\Common7\IDE\Extensions\Microsoft\SQLCommon\130\Microsoft.SqlServer.Management.ApplicationAuthenticationManagement.dll
[0b00:0004][2017-10-17T09:47:00] Timestamp updated for file 'C:\Program Files (x86)\Microsoft Visual Studio\2017\Community\Common7\IDE\Extensions\Microsoft\SQLCommon\130\Microsoft.SqlServer.Management.ApplicationAuthenticationManagement.dll'.
[0b00:0004][2017-10-17T09:47:00] Processing file /Contents/Common7/IDE/Extensions/Microsoft/SQLCommon/130/Microsoft.SqlServer.Management.Azure.UI.dll
[0b00:0004][2017-10-17T09:47:00] Started: Copying file /Contents/Common7/IDE/Extensions/Microsoft/SQLCommon/130/Microsoft.SqlServer.Management.Azure.UI.dll to C:\Program Files (x86)\Microsoft Visual Studio\2017\Community\Common7\IDE\Extensions\Microsoft\SQLCommon\130\Microsoft.SqlServer.Management.Azure.UI.dll
[0b00:0004][2017-10-17T09:47:00] Completed: Copying file /Contents/Common7/IDE/Extensions/Microsoft/SQLCommon/130/Microsoft.SqlServer.Management.Azure.UI.dll to C:\Program Files (x86)\Microsoft Visual Studio\2017\Community\Common7\IDE\Extensions\Microsoft\SQLCommon\130\Microsoft.SqlServer.Management.Azure.UI.dll
[0b00:0004][2017-10-17T09:47:00] Timestamp updated for file 'C:\Program Files (x86)\Microsoft Visual Studio\2017\Community\Common7\IDE\Extensions\Microsoft\SQLCommon\130\Microsoft.SqlServer.Management.Azure.UI.dll'.
[0b00:0004][2017-10-17T09:47:00] Processing file /Contents/Common7/IDE/Extensions/Microsoft/SQLCommon/130/Microsoft.SqlServer.Management.AzureAuthenticationManagement.dll
[0b00:0004][2017-10-17T09:47:00] Started: Copying file /Contents/Common7/IDE/Extensions/Microsoft/SQLCommon/130/Microsoft.SqlServer.Management.AzureAuthenticationManagement.dll to C:\Program Files (x86)\Microsoft Visual Studio\2017\Community\Common7\IDE\Extensions\Microsoft\SQLCommon\130\Microsoft.SqlServer.Management.AzureAuthenticationManagement.dll
[0b00:0004][2017-10-17T09:47:00] Completed: Copying file /Contents/Common7/IDE/Extensions/Microsoft/SQLCommon/130/Microsoft.SqlServer.Management.AzureAuthenticationManagement.dll to C:\Program Files (x86)\Microsoft Visual Studio\2017\Community\Common7\IDE\Extensions\Microsoft\SQLCommon\130\Microsoft.SqlServer.Management.AzureAuthenticationManagement.dll
[0b00:0004][2017-10-17T09:47:00] Timestamp updated for file 'C:\Program Files (x86)\Microsoft Visual Studio\2017\Community\Common7\IDE\Extensions\Microsoft\SQLCommon\130\Microsoft.SqlServer.Management.AzureAuthenticationManagement.dll'.
[0b00:0004][2017-10-17T09:47:00] Processing file /Contents/Common7/IDE/Extensions/Microsoft/SQLCommon/130/Microsoft.SqlServer.Management.AzureCredential.dll
[0b00:0004][2017-10-17T09:47:00] Started: Copying file /Contents/Common7/IDE/Extensions/Microsoft/SQLCommon/130/Microsoft.SqlServer.Management.AzureCredential.dll to C:\Program Files (x86)\Microsoft Visual Studio\2017\Community\Common7\IDE\Extensions\Microsoft\SQLCommon\130\Microsoft.SqlServer.Management.AzureCredential.dll
[0b00:0004][2017-10-17T09:47:00] Completed: Copying file /Contents/Common7/IDE/Extensions/Microsoft/SQLCommon/130/Microsoft.SqlServer.Management.AzureCredential.dll to C:\Program Files (x86)\Microsoft Visual Studio\2017\Community\Common7\IDE\Extensions\Microsoft\SQLCommon\130\Microsoft.SqlServer.Management.AzureCredential.dll
[0b00:0004][2017-10-17T09:47:00] Timestamp updated for file 'C:\Program Files (x86)\Microsoft Visual Studio\2017\Community\Common7\IDE\Extensions\Microsoft\SQLCommon\130\Microsoft.SqlServer.Management.AzureCredential.dll'.
[0b00:0004][2017-10-17T09:47:00] Processing file /Contents/Common7/IDE/Extensions/Microsoft/SQLCommon/130/Microsoft.SqlServer.Management.Controls.dll
[0b00:0004][2017-10-17T09:47:00] Started: Copying file /Contents/Common7/IDE/Extensions/Microsoft/SQLCommon/130/Microsoft.SqlServer.Management.Controls.dll to C:\Program Files (x86)\Microsoft Visual Studio\2017\Community\Common7\IDE\Extensions\Microsoft\SQLCommon\130\Microsoft.SqlServer.Management.Controls.dll
[0b00:0004][2017-10-17T09:47:00] Completed: Copying file /Contents/Common7/IDE/Extensions/Microsoft/SQLCommon/130/Microsoft.SqlServer.Management.Controls.dll to C:\Program Files (x86)\Microsoft Visual Studio\2017\Community\Common7\IDE\Extensions\Microsoft\SQLCommon\130\Microsoft.SqlServer.Management.Controls.dll
[0b00:0004][2017-10-17T09:47:00] Timestamp updated for file 'C:\Program Files (x86)\Microsoft Visual Studio\2017\Community\Common7\IDE\Extensions\Microsoft\SQLCommon\130\Microsoft.SqlServer.Management.Controls.dll'.
[0b00:0004][2017-10-17T09:47:00] Processing file /Contents/Common7/IDE/Extensions/Microsoft/SQLCommon/130/Microsoft.SqlServer.Management.HelpViewer.dll
[0b00:0004][2017-10-17T09:47:00] Started: Copying file /Contents/Common7/IDE/Extensions/Microsoft/SQLCommon/130/Microsoft.SqlServer.Management.HelpViewer.dll to C:\Program Files (x86)\Microsoft Visual Studio\2017\Community\Common7\IDE\Extensions\Microsoft\SQLCommon\130\Microsoft.SqlServer.Management.HelpViewer.dll
[0b00:0004][2017-10-17T09:47:00] Completed: Copying file /Contents/Common7/IDE/Extensions/Microsoft/SQLCommon/130/Microsoft.SqlServer.Management.HelpViewer.dll to C:\Program Files (x86)\Microsoft Visual Studio\2017\Community\Common7\IDE\Extensions\Microsoft\SQLCommon\130\Microsoft.SqlServer.Management.HelpViewer.dll
[0b00:0004][2017-10-17T09:47:00] Timestamp updated for file 'C:\Program Files (x86)\Microsoft Visual Studio\2017\Community\Common7\IDE\Extensions\Microsoft\SQLCommon\130\Microsoft.SqlServer.Management.HelpViewer.dll'.
[0b00:0004][2017-10-17T09:47:00] Processing file /Contents/Common7/IDE/Extensions/Microsoft/SQLCommon/130/Microsoft.SqlServer.Management.MultiServerConnection.dll
[0b00:0004][2017-10-17T09:47:00] Started: Copying file /Contents/Common7/IDE/Extensions/Microsoft/SQLCommon/130/Microsoft.SqlServer.Management.MultiServerConnection.dll to C:\Program Files (x86)\Microsoft Visual Studio\2017\Community\Common7\IDE\Extensions\Microsoft\SQLCommon\130\Microsoft.SqlServer.Management.MultiServerConnection.dll
[0b00:0004][2017-10-17T09:47:00] Completed: Copying file /Contents/Common7/IDE/Extensions/Microsoft/SQLCommon/130/Microsoft.SqlServer.Management.MultiServerConnection.dll to C:\Program Files (x86)\Microsoft Visual Studio\2017\Community\Common7\IDE\Extensions\Microsoft\SQLCommon\130\Microsoft.SqlServer.Management.MultiServerConnection.dll
[0b00:0004][2017-10-17T09:47:00] Timestamp updated for file 'C:\Program Files (x86)\Microsoft Visual Studio\2017\Community\Common7\IDE\Extensions\Microsoft\SQLCommon\130\Microsoft.SqlServer.Management.MultiServerConnection.dll'.
[0b00:0004][2017-10-17T09:47:00] Processing file /Contents/Common7/IDE/Extensions/Microsoft/SQLCommon/130/Microsoft.SqlServer.Management.RegisteredServers.dll
[0b00:0004][2017-10-17T09:47:00] Started: Copying file /Contents/Common7/IDE/Extensions/Microsoft/SQLCommon/130/Microsoft.SqlServer.Management.RegisteredServers.dll to C:\Program Files (x86)\Microsoft Visual Studio\2017\Community\Common7\IDE\Extensions\Microsoft\SQLCommon\130\Microsoft.SqlServer.Management.RegisteredServers.dll
[0b00:0004][2017-10-17T09:47:00] Completed: Copying file /Contents/Common7/IDE/Extensions/Microsoft/SQLCommon/130/Microsoft.SqlServer.Management.RegisteredServers.dll to C:\Program Files (x86)\Microsoft Visual Studio\2017\Community\Common7\IDE\Extensions\Microsoft\SQLCommon\130\Microsoft.SqlServer.Management.RegisteredServers.dll
[0b00:0004][2017-10-17T09:47:00] Timestamp updated for file 'C:\Program Files (x86)\Microsoft Visual Studio\2017\Community\Common7\IDE\Extensions\Microsoft\SQLCommon\130\Microsoft.SqlServer.Management.RegisteredServers.dll'.
[0b00:0004][2017-10-17T09:47:00] Processing file /Contents/Common7/IDE/Extensions/Microsoft/SQLCommon/130/Microsoft.SqlServer.Management.Sdk.Sfc.dll
[0b00:0004][2017-10-17T09:47:00] Started: Copying file /Contents/Common7/IDE/Extensions/Microsoft/SQLCommon/130/Microsoft.SqlServer.Management.Sdk.Sfc.dll to C:\Program Files (x86)\Microsoft Visual Studio\2017\Community\Common7\IDE\Extensions\Microsoft\SQLCommon\130\Microsoft.SqlServer.Management.Sdk.Sfc.dll
[0b00:0004][2017-10-17T09:47:00] Completed: Copying file /Contents/Common7/IDE/Extensions/Microsoft/SQLCommon/130/Microsoft.SqlServer.Management.Sdk.Sfc.dll to C:\Program Files (x86)\Microsoft Visual Studio\2017\Community\Common7\IDE\Extensions\Microsoft\SQLCommon\130\Microsoft.SqlServer.Management.Sdk.Sfc.dll
[0b00:0004][2017-10-17T09:47:00] Timestamp updated for file 'C:\Program Files (x86)\Microsoft Visual Studio\2017\Community\Common7\IDE\Extensions\Microsoft\SQLCommon\130\Microsoft.SqlServer.Management.Sdk.Sfc.dll'.
[0b00:0004][2017-10-17T09:47:00] Processing file /Contents/Common7/IDE/Extensions/Microsoft/SQLCommon/130/Microsoft.SqlServer.Management.SDK.SqlStudio.dll
[0b00:0004][2017-10-17T09:47:00] Started: Copying file /Contents/Common7/IDE/Extensions/Microsoft/SQLCommon/130/Microsoft.SqlServer.Management.SDK.SqlStudio.dll to C:\Program Files (x86)\Microsoft Visual Studio\2017\Community\Common7\IDE\Extensions\Microsoft\SQLCommon\130\Microsoft.SqlServer.Management.SDK.SqlStudio.dll
[0b00:0004][2017-10-17T09:47:00] Completed: Copying file /Contents/Common7/IDE/Extensions/Microsoft/SQLCommon/130/Microsoft.SqlServer.Management.SDK.SqlStudio.dll to C:\Program Files (x86)\Microsoft Visual Studio\2017\Community\Common7\IDE\Extensions\Microsoft\SQLCommon\130\Microsoft.SqlServer.Management.SDK.SqlStudio.dll
[0b00:0004][2017-10-17T09:47:00] Timestamp updated for file 'C:\Program Files (x86)\Microsoft Visual Studio\2017\Community\Common7\IDE\Extensions\Microsoft\SQLCommon\130\Microsoft.SqlServer.Management.SDK.SqlStudio.dll'.
[0b00:0004][2017-10-17T09:47:00] Processing file /Contents/Common7/IDE/Extensions/Microsoft/SQLCommon/130/Microsoft.SqlServer.Management.ServiceManagement.dll
[0b00:0004][2017-10-17T09:47:00] Started: Copying file /Contents/Common7/IDE/Extensions/Microsoft/SQLCommon/130/Microsoft.SqlServer.Management.ServiceManagement.dll to C:\Program Files (x86)\Microsoft Visual Studio\2017\Community\Common7\IDE\Extensions\Microsoft\SQLCommon\130\Microsoft.SqlServer.Management.ServiceManagement.dll
[0b00:0004][2017-10-17T09:47:00] Completed: Copying file /Contents/Common7/IDE/Extensions/Microsoft/SQLCommon/130/Microsoft.SqlServer.Management.ServiceManagement.dll to C:\Program Files (x86)\Microsoft Visual Studio\2017\Community\Common7\IDE\Extensions\Microsoft\SQLCommon\130\Microsoft.SqlServer.Management.ServiceManagement.dll
[0b00:0004][2017-10-17T09:47:00] Timestamp updated for file 'C:\Program Files (x86)\Microsoft Visual Studio\2017\Community\Common7\IDE\Extensions\Microsoft\SQLCommon\130\Microsoft.SqlServer.Management.ServiceManagement.dll'.
[0b00:0004][2017-10-17T09:47:00] Processing file /Contents/Common7/IDE/Extensions/Microsoft/SQLCommon/130/Microsoft.SqlServer.Management.SmoMetadataProvider.dll
[0b00:0004][2017-10-17T09:47:00] Started: Copying file /Contents/Common7/IDE/Extensions/Microsoft/SQLCommon/130/Microsoft.SqlServer.Management.SmoMetadataProvider.dll to C:\Program Files (x86)\Microsoft Visual Studio\2017\Community\Common7\IDE\Extensions\Microsoft\SQLCommon\130\Microsoft.SqlServer.Management.SmoMetadataProvider.dll
[0b00:0004][2017-10-17T09:47:00] Completed: Copying file /Contents/Common7/IDE/Extensions/Microsoft/SQLCommon/130/Microsoft.SqlServer.Management.SmoMetadataProvider.dll to C:\Program Files (x86)\Microsoft Visual Studio\2017\Community\Common7\IDE\Extensions\Microsoft\SQLCommon\130\Microsoft.SqlServer.Management.SmoMetadataProvider.dll
[0b00:0004][2017-10-17T09:47:00] Timestamp updated for file 'C:\Program Files (x86)\Microsoft Visual Studio\2017\Community\Common7\IDE\Extensions\Microsoft\SQLCommon\130\Microsoft.SqlServer.Management.SmoMetadataProvider.dll'.
[0b00:0004][2017-10-17T09:47:00] Processing file /Contents/Common7/IDE/Extensions/Microsoft/SQLCommon/130/Microsoft.SqlServer.Management.SqlParser.dll
[0b00:0004][2017-10-17T09:47:00] Started: Copying file /Contents/Common7/IDE/Extensions/Microsoft/SQLCommon/130/Microsoft.SqlServer.Management.SqlParser.dll to C:\Program Files (x86)\Microsoft Visual Studio\2017\Community\Common7\IDE\Extensions\Microsoft\SQLCommon\130\Microsoft.SqlServer.Management.SqlParser.dll
[0b00:0004][2017-10-17T09:47:00] Completed: Copying file /Contents/Common7/IDE/Extensions/Microsoft/SQLCommon/130/Microsoft.SqlServer.Management.SqlParser.dll to C:\Program Files (x86)\Microsoft Visual Studio\2017\Community\Common7\IDE\Extensions\Microsoft\SQLCommon\130\Microsoft.SqlServer.Management.SqlParser.dll
[0b00:0004][2017-10-17T09:47:00] Timestamp updated for file 'C:\Program Files (x86)\Microsoft Visual Studio\2017\Community\Common7\IDE\Extensions\Microsoft\SQLCommon\130\Microsoft.SqlServer.Management.SqlParser.dll'.
[0b00:0004][2017-10-17T09:47:00] Processing file /Contents/Common7/IDE/Extensions/Microsoft/SQLCommon/130/Microsoft.SqlServer.Management.SqlStudio.Controls.dll
[0b00:0004][2017-10-17T09:47:00] Started: Copying file /Contents/Common7/IDE/Extensions/Microsoft/SQLCommon/130/Microsoft.SqlServer.Management.SqlStudio.Controls.dll to C:\Program Files (x86)\Microsoft Visual Studio\2017\Community\Common7\IDE\Extensions\Microsoft\SQLCommon\130\Microsoft.SqlServer.Management.SqlStudio.Controls.dll
[0b00:0004][2017-10-17T09:47:00] Completed: Copying file /Contents/Common7/IDE/Extensions/Microsoft/SQLCommon/130/Microsoft.SqlServer.Management.SqlStudio.Controls.dll to C:\Program Files (x86)\Microsoft Visual Studio\2017\Community\Common7\IDE\Extensions\Microsoft\SQLCommon\130\Microsoft.SqlServer.Management.SqlStudio.Controls.dll
[0b00:0004][2017-10-17T09:47:00] Timestamp updated for file 'C:\Program Files (x86)\Microsoft Visual Studio\2017\Community\Common7\IDE\Extensions\Microsoft\SQLCommon\130\Microsoft.SqlServer.Management.SqlStudio.Controls.dll'.
[0b00:0004][2017-10-17T09:47:00] Processing file /Contents/Common7/IDE/Extensions/Microsoft/SQLCommon/130/Microsoft.SqlServer.Management.SqlWizardFramework.dll
[0b00:0004][2017-10-17T09:47:00] Started: Copying file /Contents/Common7/IDE/Extensions/Microsoft/SQLCommon/130/Microsoft.SqlServer.Management.SqlWizardFramework.dll to C:\Program Files (x86)\Microsoft Visual Studio\2017\Community\Common7\IDE\Extensions\Microsoft\SQLCommon\130\Microsoft.SqlServer.Management.SqlWizardFramework.dll
[0b00:0004][2017-10-17T09:47:00] Completed: Copying file /Contents/Common7/IDE/Extensions/Microsoft/SQLCommon/130/Microsoft.SqlServer.Management.SqlWizardFramework.dll to C:\Program Files (x86)\Microsoft Visual Studio\2017\Community\Common7\IDE\Extensions\Microsoft\SQLCommon\130\Microsoft.SqlServer.Management.SqlWizardFramework.dll
[0b00:0004][2017-10-17T09:47:00] Timestamp updated for file 'C:\Program Files (x86)\Microsoft Visual Studio\2017\Community\Common7\IDE\Extensions\Microsoft\SQLCommon\130\Microsoft.SqlServer.Management.SqlWizardFramework.dll'.
[0b00:0004][2017-10-17T09:47:00] Processing file /Contents/Common7/IDE/Extensions/Microsoft/SQLCommon/130/Microsoft.SqlServer.Management.SystemMetadataProvider.dll
[0b00:0004][2017-10-17T09:47:00] Started: Copying file /Contents/Common7/IDE/Extensions/Microsoft/SQLCommon/130/Microsoft.SqlServer.Management.SystemMetadataProvider.dll to C:\Program Files (x86)\Microsoft Visual Studio\2017\Community\Common7\IDE\Extensions\Microsoft\SQLCommon\130\Microsoft.SqlServer.Management.SystemMetadataProvider.dll
[0b00:0004][2017-10-17T09:47:00] Completed: Copying file /Contents/Common7/IDE/Extensions/Microsoft/SQLCommon/130/Microsoft.SqlServer.Management.SystemMetadataProvider.dll to C:\Program Files (x86)\Microsoft Visual Studio\2017\Community\Common7\IDE\Extensions\Microsoft\SQLCommon\130\Microsoft.SqlServer.Management.SystemMetadataProvider.dll
[0b00:0004][2017-10-17T09:47:00] Timestamp updated for file 'C:\Program Files (x86)\Microsoft Visual Studio\2017\Community\Common7\IDE\Extensions\Microsoft\SQLCommon\130\Microsoft.SqlServer.Management.SystemMetadataProvider.dll'.
[0b00:0004][2017-10-17T09:47:00] Processing file /Contents/Common7/IDE/Extensions/Microsoft/SQLCommon/130/Microsoft.SqlServer.Management.UserSettings.dll
[0b00:0004][2017-10-17T09:47:00] Started: Copying file /Contents/Common7/IDE/Extensions/Microsoft/SQLCommon/130/Microsoft.SqlServer.Management.UserSettings.dll to C:\Program Files (x86)\Microsoft Visual Studio\2017\Community\Common7\IDE\Extensions\Microsoft\SQLCommon\130\Microsoft.SqlServer.Management.UserSettings.dll
[0b00:0004][2017-10-17T09:47:00] Completed: Copying file /Contents/Common7/IDE/Extensions/Microsoft/SQLCommon/130/Microsoft.SqlServer.Management.UserSettings.dll to C:\Program Files (x86)\Microsoft Visual Studio\2017\Community\Common7\IDE\Extensions\Microsoft\SQLCommon\130\Microsoft.SqlServer.Management.UserSettings.dll
[0b00:0004][2017-10-17T09:47:00] Timestamp updated for file 'C:\Program Files (x86)\Microsoft Visual Studio\2017\Community\Common7\IDE\Extensions\Microsoft\SQLCommon\130\Microsoft.SqlServer.Management.UserSettings.dll'.
[0b00:0004][2017-10-17T09:47:00] Processing file /Contents/Common7/IDE/Extensions/Microsoft/SQLCommon/130/Microsoft.SqlServer.RegSvrEnum.dll
[0b00:0004][2017-10-17T09:47:00] Started: Copying file /Contents/Common7/IDE/Extensions/Microsoft/SQLCommon/130/Microsoft.SqlServer.RegSvrEnum.dll to C:\Program Files (x86)\Microsoft Visual Studio\2017\Community\Common7\IDE\Extensions\Microsoft\SQLCommon\130\Microsoft.SqlServer.RegSvrEnum.dll
[0b00:0004][2017-10-17T09:47:00] Completed: Copying file /Contents/Common7/IDE/Extensions/Microsoft/SQLCommon/130/Microsoft.SqlServer.RegSvrEnum.dll to C:\Program Files (x86)\Microsoft Visual Studio\2017\Community\Common7\IDE\Extensions\Microsoft\SQLCommon\130\Microsoft.SqlServer.RegSvrEnum.dll
[0b00:0004][2017-10-17T09:47:00] Timestamp updated for file 'C:\Program Files (x86)\Microsoft Visual Studio\2017\Community\Common7\IDE\Extensions\Microsoft\SQLCommon\130\Microsoft.SqlServer.RegSvrEnum.dll'.
[0b00:0004][2017-10-17T09:47:00] Processing file /Contents/Common7/IDE/Extensions/Microsoft/SQLCommon/130/Microsoft.SqlServer.ServiceBrokerEnum.dll
[0b00:0004][2017-10-17T09:47:00] Started: Copying file /Contents/Common7/IDE/Extensions/Microsoft/SQLCommon/130/Microsoft.SqlServer.ServiceBrokerEnum.dll to C:\Program Files (x86)\Microsoft Visual Studio\2017\Community\Common7\IDE\Extensions\Microsoft\SQLCommon\130\Microsoft.SqlServer.ServiceBrokerEnum.dll
[0b00:0004][2017-10-17T09:47:00] Completed: Copying file /Contents/Common7/IDE/Extensions/Microsoft/SQLCommon/130/Microsoft.SqlServer.ServiceBrokerEnum.dll to C:\Program Files (x86)\Microsoft Visual Studio\2017\Community\Common7\IDE\Extensions\Microsoft\SQLCommon\130\Microsoft.SqlServer.ServiceBrokerEnum.dll
[0b00:0004][2017-10-17T09:47:00] Timestamp updated for file 'C:\Program Files (x86)\Microsoft Visual Studio\2017\Community\Common7\IDE\Extensions\Microsoft\SQLCommon\130\Microsoft.SqlServer.ServiceBrokerEnum.dll'.
[0b00:0004][2017-10-17T09:47:00] Processing file /Contents/Common7/IDE/Extensions/Microsoft/SQLCommon/130/Microsoft.SqlServer.Smo.dll
[0b00:0004][2017-10-17T09:47:00] Started: Copying file /Contents/Common7/IDE/Extensions/Microsoft/SQLCommon/130/Microsoft.SqlServer.Smo.dll to C:\Program Files (x86)\Microsoft Visual Studio\2017\Community\Common7\IDE\Extensions\Microsoft\SQLCommon\130\Microsoft.SqlServer.Smo.dll
[0b00:0004][2017-10-17T09:47:00] Completed: Copying file /Contents/Common7/IDE/Extensions/Microsoft/SQLCommon/130/Microsoft.SqlServer.Smo.dll to C:\Program Files (x86)\Microsoft Visual Studio\2017\Community\Common7\IDE\Extensions\Microsoft\SQLCommon\130\Microsoft.SqlServer.Smo.dll
[0b00:0004][2017-10-17T09:47:00] Timestamp updated for file 'C:\Program Files (x86)\Microsoft Visual Studio\2017\Community\Common7\IDE\Extensions\Microsoft\SQLCommon\130\Microsoft.SqlServer.Smo.dll'.
[0b00:0004][2017-10-17T09:47:00] Processing file /Contents/Common7/IDE/Extensions/Microsoft/SQLCommon/130/Microsoft.SqlServer.SmoExtended.dll
[0b00:0004][2017-10-17T09:47:00] Started: Copying file /Contents/Common7/IDE/Extensions/Microsoft/SQLCommon/130/Microsoft.SqlServer.SmoExtended.dll to C:\Program Files (x86)\Microsoft Visual Studio\2017\Community\Common7\IDE\Extensions\Microsoft\SQLCommon\130\Microsoft.SqlServer.SmoExtended.dll
[0b00:0004][2017-10-17T09:47:00] Completed: Copying file /Contents/Common7/IDE/Extensions/Microsoft/SQLCommon/130/Microsoft.SqlServer.SmoExtended.dll to C:\Program Files (x86)\Microsoft Visual Studio\2017\Community\Common7\IDE\Extensions\Microsoft\SQLCommon\130\Microsoft.SqlServer.SmoExtended.dll
[0b00:0004][2017-10-17T09:47:00] Timestamp updated for file 'C:\Program Files (x86)\Microsoft Visual Studio\2017\Community\Common7\IDE\Extensions\Microsoft\SQLCommon\130\Microsoft.SqlServer.SmoExtended.dll'.
[0b00:0004][2017-10-17T09:47:00] Processing file /Contents/Common7/IDE/Extensions/Microsoft/SQLCommon/130/Microsoft.SqlServer.SqlClrProvider.dll
[0b00:0004][2017-10-17T09:47:00] Started: Copying file /Contents/Common7/IDE/Extensions/Microsoft/SQLCommon/130/Microsoft.SqlServer.SqlClrProvider.dll to C:\Program Files (x86)\Microsoft Visual Studio\2017\Community\Common7\IDE\Extensions\Microsoft\SQLCommon\130\Microsoft.SqlServer.SqlClrProvider.dll
[0b00:0004][2017-10-17T09:47:00] Completed: Copying file /Contents/Common7/IDE/Extensions/Microsoft/SQLCommon/130/Microsoft.SqlServer.SqlClrProvider.dll to C:\Program Files (x86)\Microsoft Visual Studio\2017\Community\Common7\IDE\Extensions\Microsoft\SQLCommon\130\Microsoft.SqlServer.SqlClrProvider.dll
[0b00:0004][2017-10-17T09:47:00] Timestamp updated for file 'C:\Program Files (x86)\Microsoft Visual Studio\2017\Community\Common7\IDE\Extensions\Microsoft\SQLCommon\130\Microsoft.SqlServer.SqlClrProvider.dll'.
[0b00:0004][2017-10-17T09:47:00] Processing file /Contents/Common7/IDE/Extensions/Microsoft/SQLCommon/130/Microsoft.SqlServer.SqlEnum.dll
[0b00:0004][2017-10-17T09:47:00] Started: Copying file /Contents/Common7/IDE/Extensions/Microsoft/SQLCommon/130/Microsoft.SqlServer.SqlEnum.dll to C:\Program Files (x86)\Microsoft Visual Studio\2017\Community\Common7\IDE\Extensions\Microsoft\SQLCommon\130\Microsoft.SqlServer.SqlEnum.dll
[0b00:0004][2017-10-17T09:47:00] Completed: Copying file /Contents/Common7/IDE/Extensions/Microsoft/SQLCommon/130/Microsoft.SqlServer.SqlEnum.dll to C:\Program Files (x86)\Microsoft Visual Studio\2017\Community\Common7\IDE\Extensions\Microsoft\SQLCommon\130\Microsoft.SqlServer.SqlEnum.dll
[0b00:0004][2017-10-17T09:47:00] Timestamp updated for file 'C:\Program Files (x86)\Microsoft Visual Studio\2017\Community\Common7\IDE\Extensions\Microsoft\SQLCommon\130\Microsoft.SqlServer.SqlEnum.dll'.
[0b00:0004][2017-10-17T09:47:00] Processing file /Contents/Common7/IDE/Extensions/Microsoft/SQLCommon/130/Microsoft.SqlServer.SqlTDiagM.dll
[0b00:0004][2017-10-17T09:47:00] Started: Copying file /Contents/Common7/IDE/Extensions/Microsoft/SQLCommon/130/Microsoft.SqlServer.SqlTDiagM.dll to C:\Program Files (x86)\Microsoft Visual Studio\2017\Community\Common7\IDE\Extensions\Microsoft\SQLCommon\130\Microsoft.SqlServer.SqlTDiagM.dll
[0b00:0004][2017-10-17T09:47:00] Completed: Copying file /Contents/Common7/IDE/Extensions/Microsoft/SQLCommon/130/Microsoft.SqlServer.SqlTDiagM.dll to C:\Program Files (x86)\Microsoft Visual Studio\2017\Community\Common7\IDE\Extensions\Microsoft\SQLCommon\130\Microsoft.SqlServer.SqlTDiagM.dll
[0b00:0004][2017-10-17T09:47:00] Timestamp updated for file 'C:\Program Files (x86)\Microsoft Visual Studio\2017\Community\Common7\IDE\Extensions\Microsoft\SQLCommon\130\Microsoft.SqlServer.SqlTDiagM.dll'.
[0b00:0004][2017-10-17T09:47:00] Processing file /Contents/Common7/IDE/Extensions/Microsoft/SQLCommon/130/Microsoft.SqlServer.Sqm.dll
[0b00:0004][2017-10-17T09:47:00] Started: Copying file /Contents/Common7/IDE/Extensions/Microsoft/SQLCommon/130/Microsoft.SqlServer.Sqm.dll to C:\Program Files (x86)\Microsoft Visual Studio\2017\Community\Common7\IDE\Extensions\Microsoft\SQLCommon\130\Microsoft.SqlServer.Sqm.dll
[0b00:0004][2017-10-17T09:47:00] Completed: Copying file /Contents/Common7/IDE/Extensions/Microsoft/SQLCommon/130/Microsoft.SqlServer.Sqm.dll to C:\Program Files (x86)\Microsoft Visual Studio\2017\Community\Common7\IDE\Extensions\Microsoft\SQLCommon\130\Microsoft.SqlServer.Sqm.dll
[0b00:0004][2017-10-17T09:47:00] Timestamp updated for file 'C:\Program Files (x86)\Microsoft Visual Studio\2017\Community\Common7\IDE\Extensions\Microsoft\SQLCommon\130\Microsoft.SqlServer.Sqm.dll'.
[0b00:0004][2017-10-17T09:47:00] Processing file /Contents/Common7/IDE/Extensions/Microsoft/SQLCommon/130/Microsoft.SqlServer.SString.dll
[0b00:0004][2017-10-17T09:47:00] Started: Copying file /Contents/Common7/IDE/Extensions/Microsoft/SQLCommon/130/Microsoft.SqlServer.SString.dll to C:\Program Files (x86)\Microsoft Visual Studio\2017\Community\Common7\IDE\Extensions\Microsoft\SQLCommon\130\Microsoft.SqlServer.SString.dll
[0b00:0004][2017-10-17T09:47:00] Completed: Copying file /Contents/Common7/IDE/Extensions/Microsoft/SQLCommon/130/Microsoft.SqlServer.SString.dll to C:\Program Files (x86)\Microsoft Visual Studio\2017\Community\Common7\IDE\Extensions\Microsoft\SQLCommon\130\Microsoft.SqlServer.SString.dll
[0b00:0004][2017-10-17T09:47:00] Timestamp updated for file 'C:\Program Files (x86)\Microsoft Visual Studio\2017\Community\Common7\IDE\Extensions\Microsoft\SQLCommon\130\Microsoft.SqlServer.SString.dll'.
[0b00:0004][2017-10-17T09:47:00] Processing file /Contents/Common7/IDE/Extensions/Microsoft/SQLCommon/130/Microsoft.SqlServer.TransactSql.dll
[0b00:0004][2017-10-17T09:47:00] Started: Copying file /Contents/Common7/IDE/Extensions/Microsoft/SQLCommon/130/Microsoft.SqlServer.TransactSql.dll to C:\Program Files (x86)\Microsoft Visual Studio\2017\Community\Common7\IDE\Extensions\Microsoft\SQLCommon\130\Microsoft.SqlServer.TransactSql.dll
[0b00:0004][2017-10-17T09:47:00] Completed: Copying file /Contents/Common7/IDE/Extensions/Microsoft/SQLCommon/130/Microsoft.SqlServer.TransactSql.dll to C:\Program Files (x86)\Microsoft Visual Studio\2017\Community\Common7\IDE\Extensions\Microsoft\SQLCommon\130\Microsoft.SqlServer.TransactSql.dll
[0b00:0004][2017-10-17T09:47:00] Timestamp updated for file 'C:\Program Files (x86)\Microsoft Visual Studio\2017\Community\Common7\IDE\Extensions\Microsoft\SQLCommon\130\Microsoft.SqlServer.TransactSql.dll'.
[0b00:0004][2017-10-17T09:47:00] Processing file /Contents/Common7/IDE/Extensions/Microsoft/SQLCommon/130/Microsoft.SqlServer.TransactSql.ScriptDom.dll
[0b00:0004][2017-10-17T09:47:00] Started: Copying file /Contents/Common7/IDE/Extensions/Microsoft/SQLCommon/130/Microsoft.SqlServer.TransactSql.ScriptDom.dll to C:\Program Files (x86)\Microsoft Visual Studio\2017\Community\Common7\IDE\Extensions\Microsoft\SQLCommon\130\Microsoft.SqlServer.TransactSql.ScriptDom.dll
[0b00:0004][2017-10-17T09:47:00] Completed: Copying file /Contents/Common7/IDE/Extensions/Microsoft/SQLCommon/130/Microsoft.SqlServer.TransactSql.ScriptDom.dll to C:\Program Files (x86)\Microsoft Visual Studio\2017\Community\Common7\IDE\Extensions\Microsoft\SQLCommon\130\Microsoft.SqlServer.TransactSql.ScriptDom.dll
[0b00:0004][2017-10-17T09:47:00] Timestamp updated for file 'C:\Program Files (x86)\Microsoft Visual Studio\2017\Community\Common7\IDE\Extensions\Microsoft\SQLCommon\130\Microsoft.SqlServer.TransactSql.ScriptDom.dll'.
[0b00:0004][2017-10-17T09:47:00] Processing file /Contents/Common7/IDE/Extensions/Microsoft/SQLCommon/130/Microsoft.SqlTools.Telemetry.Interop.dll
[0b00:0004][2017-10-17T09:47:00] Started: Copying file /Contents/Common7/IDE/Extensions/Microsoft/SQLCommon/130/Microsoft.SqlTools.Telemetry.Interop.dll to C:\Program Files (x86)\Microsoft Visual Studio\2017\Community\Common7\IDE\Extensions\Microsoft\SQLCommon\130\Microsoft.SqlTools.Telemetry.Interop.dll
[0b00:0004][2017-10-17T09:47:00] Completed: Copying file /Contents/Common7/IDE/Extensions/Microsoft/SQLCommon/130/Microsoft.SqlTools.Telemetry.Interop.dll to C:\Program Files (x86)\Microsoft Visual Studio\2017\Community\Common7\IDE\Extensions\Microsoft\SQLCommon\130\Microsoft.SqlTools.Telemetry.Interop.dll
[0b00:0004][2017-10-17T09:47:00] Timestamp updated for file 'C:\Program Files (x86)\Microsoft Visual Studio\2017\Community\Common7\IDE\Extensions\Microsoft\SQLCommon\130\Microsoft.SqlTools.Telemetry.Interop.dll'.
[0b00:0004][2017-10-17T09:47:00] Processing file /Contents/Common7/IDE/Extensions/Microsoft/SQLCommon/130/Microsoft.VisualStudio.Data.Tools.SqlCommonPackage.pkgdef
[0b00:0004][2017-10-17T09:47:00] Started: Copying file /Contents/Common7/IDE/Extensions/Microsoft/SQLCommon/130/Microsoft.VisualStudio.Data.Tools.SqlCommonPackage.pkgdef to C:\Program Files (x86)\Microsoft Visual Studio\2017\Community\Common7\IDE\Extensions\Microsoft\SQLCommon\130\Microsoft.VisualStudio.Data.Tools.SqlCommonPackage.pkgdef
[0b00:0004][2017-10-17T09:47:00] Completed: Copying file /Contents/Common7/IDE/Extensions/Microsoft/SQLCommon/130/Microsoft.VisualStudio.Data.Tools.SqlCommonPackage.pkgdef to C:\Program Files (x86)\Microsoft Visual Studio\2017\Community\Common7\IDE\Extensions\Microsoft\SQLCommon\130\Microsoft.VisualStudio.Data.Tools.SqlCommonPackage.pkgdef
[0b00:0004][2017-10-17T09:47:00] Timestamp updated for file 'C:\Program Files (x86)\Microsoft Visual Studio\2017\Community\Common7\IDE\Extensions\Microsoft\SQLCommon\130\Microsoft.VisualStudio.Data.Tools.SqlCommonPackage.pkgdef'.
[0b00:0004][2017-10-17T09:47:00] Processing file /Contents/Common7/IDE/Extensions/Microsoft/SQLCommon/130/sqlmgmt.dll
[0b00:0004][2017-10-17T09:47:00] Started: Copying file /Contents/Common7/IDE/Extensions/Microsoft/SQLCommon/130/sqlmgmt.dll to C:\Program Files (x86)\Microsoft Visual Studio\2017\Community\Common7\IDE\Extensions\Microsoft\SQLCommon\130\sqlmgmt.dll
[0b00:0004][2017-10-17T09:47:00] Completed: Copying file /Contents/Common7/IDE/Extensions/Microsoft/SQLCommon/130/sqlmgmt.dll to C:\Program Files (x86)\Microsoft Visual Studio\2017\Community\Common7\IDE\Extensions\Microsoft\SQLCommon\130\sqlmgmt.dll
[0b00:0004][2017-10-17T09:47:00] Timestamp updated for file 'C:\Program Files (x86)\Microsoft Visual Studio\2017\Community\Common7\IDE\Extensions\Microsoft\SQLCommon\130\sqlmgmt.dll'.
[0b00:0004][2017-10-17T09:47:00] Processing file /Contents/Common7/IDE/Extensions/Microsoft/SQLCommon/130/SqlToolsVSNativeHelpers.dll
[0b00:0004][2017-10-17T09:47:00] Started: Copying file /Contents/Common7/IDE/Extensions/Microsoft/SQLCommon/130/SqlToolsVSNativeHelpers.dll to C:\Program Files (x86)\Microsoft Visual Studio\2017\Community\Common7\IDE\Extensions\Microsoft\SQLCommon\130\SqlToolsVSNativeHelpers.dll
[0b00:0004][2017-10-17T09:47:00] Completed: Copying file /Contents/Common7/IDE/Extensions/Microsoft/SQLCommon/130/SqlToolsVSNativeHelpers.dll to C:\Program Files (x86)\Microsoft Visual Studio\2017\Community\Common7\IDE\Extensions\Microsoft\SQLCommon\130\SqlToolsVSNativeHelpers.dll
[0b00:0004][2017-10-17T09:47:00] Timestamp updated for file 'C:\Program Files (x86)\Microsoft Visual Studio\2017\Community\Common7\IDE\Extensions\Microsoft\SQLCommon\130\SqlToolsVSNativeHelpers.dll'.
[0b00:0004][2017-10-17T09:47:00] Processing file /Contents/Common7/IDE/Extensions/Microsoft/SQLCommon/130/SqlWorkbench.Interfaces.dll
[0b00:0004][2017-10-17T09:47:00] Started: Copying file /Contents/Common7/IDE/Extensions/Microsoft/SQLCommon/130/SqlWorkbench.Interfaces.dll to C:\Program Files (x86)\Microsoft Visual Studio\2017\Community\Common7\IDE\Extensions\Microsoft\SQLCommon\130\SqlWorkbench.Interfaces.dll
[0b00:0004][2017-10-17T09:47:00] Completed: Copying file /Contents/Common7/IDE/Extensions/Microsoft/SQLCommon/130/SqlWorkbench.Interfaces.dll to C:\Program Files (x86)\Microsoft Visual Studio\2017\Community\Common7\IDE\Extensions\Microsoft\SQLCommon\130\SqlWorkbench.Interfaces.dll
[0b00:0004][2017-10-17T09:47:00] Timestamp updated for file 'C:\Program Files (x86)\Microsoft Visual Studio\2017\Community\Common7\IDE\Extensions\Microsoft\SQLCommon\130\SqlWorkbench.Interfaces.dll'.
[0b00:0004][2017-10-17T09:47:00] Processing file /Contents/Common7/IDE/Extensions/Microsoft/SQLCommon/140/ConnectionDlg.dll
[0b00:0004][2017-10-17T09:47:00] Started: Copying file /Contents/Common7/IDE/Extensions/Microsoft/SQLCommon/140/ConnectionDlg.dll to C:\Program Files (x86)\Microsoft Visual Studio\2017\Community\Common7\IDE\Extensions\Microsoft\SQLCommon\140\ConnectionDlg.dll
[0b00:0004][2017-10-17T09:47:00] Completed: Copying file /Contents/Common7/IDE/Extensions/Microsoft/SQLCommon/140/ConnectionDlg.dll to C:\Program Files (x86)\Microsoft Visual Studio\2017\Community\Common7\IDE\Extensions\Microsoft\SQLCommon\140\ConnectionDlg.dll
[0b00:0004][2017-10-17T09:47:00] Timestamp updated for file 'C:\Program Files (x86)\Microsoft Visual Studio\2017\Community\Common7\IDE\Extensions\Microsoft\SQLCommon\140\ConnectionDlg.dll'.
[0b00:0004][2017-10-17T09:47:00] Processing file /Contents/Common7/IDE/Extensions/Microsoft/SQLCommon/140/Microsoft.AnalysisServices.Graphing.dll
[0b00:0004][2017-10-17T09:47:00] Started: Copying file /Contents/Common7/IDE/Extensions/Microsoft/SQLCommon/140/Microsoft.AnalysisServices.Graphing.dll to C:\Program Files (x86)\Microsoft Visual Studio\2017\Community\Common7\IDE\Extensions\Microsoft\SQLCommon\140\Microsoft.AnalysisServices.Graphing.dll
[0b00:0004][2017-10-17T09:47:00] Completed: Copying file /Contents/Common7/IDE/Extensions/Microsoft/SQLCommon/140/Microsoft.AnalysisServices.Graphing.dll to C:\Program Files (x86)\Microsoft Visual Studio\2017\Community\Common7\IDE\Extensions\Microsoft\SQLCommon\140\Microsoft.AnalysisServices.Graphing.dll
[0b00:0004][2017-10-17T09:47:00] Timestamp updated for file 'C:\Program Files (x86)\Microsoft Visual Studio\2017\Community\Common7\IDE\Extensions\Microsoft\SQLCommon\140\Microsoft.AnalysisServices.Graphing.dll'.
[0b00:0004][2017-10-17T09:47:00] Processing file /Contents/Common7/IDE/Extensions/Microsoft/SQLCommon/140/Microsoft.ExceptionMessageBox.dll
[0b00:0004][2017-10-17T09:47:00] Started: Copying file /Contents/Common7/IDE/Extensions/Microsoft/SQLCommon/140/Microsoft.ExceptionMessageBox.dll to C:\Program Files (x86)\Microsoft Visual Studio\2017\Community\Common7\IDE\Extensions\Microsoft\SQLCommon\140\Microsoft.ExceptionMessageBox.dll
[0b00:0004][2017-10-17T09:47:00] Completed: Copying file /Contents/Common7/IDE/Extensions/Microsoft/SQLCommon/140/Microsoft.ExceptionMessageBox.dll to C:\Program Files (x86)\Microsoft Visual Studio\2017\Community\Common7\IDE\Extensions\Microsoft\SQLCommon\140\Microsoft.ExceptionMessageBox.dll
[0b00:0004][2017-10-17T09:47:00] Timestamp updated for file 'C:\Program Files (x86)\Microsoft Visual Studio\2017\Community\Common7\IDE\Extensions\Microsoft\SQLCommon\140\Microsoft.ExceptionMessageBox.dll'.
[0b00:0004][2017-10-17T09:47:00] Processing file /Contents/Common7/IDE/Extensions/Microsoft/SQLCommon/140/Microsoft.NetEnterpriseServers.ExceptionMessageBox.dll
[0b00:0004][2017-10-17T09:47:00] Started: Copying file /Contents/Common7/IDE/Extensions/Microsoft/SQLCommon/140/Microsoft.NetEnterpriseServers.ExceptionMessageBox.dll to C:\Program Files (x86)\Microsoft Visual Studio\2017\Community\Common7\IDE\Extensions\Microsoft\SQLCommon\140\Microsoft.NetEnterpriseServers.ExceptionMessageBox.dll
[0b00:0004][2017-10-17T09:47:00] Completed: Copying file /Contents/Common7/IDE/Extensions/Microsoft/SQLCommon/140/Microsoft.NetEnterpriseServers.ExceptionMessageBox.dll to C:\Program Files (x86)\Microsoft Visual Studio\2017\Community\Common7\IDE\Extensions\Microsoft\SQLCommon\140\Microsoft.NetEnterpriseServers.ExceptionMessageBox.dll
[0b00:0004][2017-10-17T09:47:00] Timestamp updated for file 'C:\Program Files (x86)\Microsoft Visual Studio\2017\Community\Common7\IDE\Extensions\Microsoft\SQLCommon\140\Microsoft.NetEnterpriseServers.ExceptionMessageBox.dll'.
[0b00:0004][2017-10-17T09:47:00] Processing file /Contents/Common7/IDE/Extensions/Microsoft/SQLCommon/140/Microsoft.ReportingServices.MapWinControl.dll
[0b00:0004][2017-10-17T09:47:00] Started: Copying file /Contents/Common7/IDE/Extensions/Microsoft/SQLCommon/140/Microsoft.ReportingServices.MapWinControl.dll to C:\Program Files (x86)\Microsoft Visual Studio\2017\Community\Common7\IDE\Extensions\Microsoft\SQLCommon\140\Microsoft.ReportingServices.MapWinControl.dll
[0b00:0004][2017-10-17T09:47:00] Completed: Copying file /Contents/Common7/IDE/Extensions/Microsoft/SQLCommon/140/Microsoft.ReportingServices.MapWinControl.dll to C:\Program Files (x86)\Microsoft Visual Studio\2017\Community\Common7\IDE\Extensions\Microsoft\SQLCommon\140\Microsoft.ReportingServices.MapWinControl.dll
[0b00:0004][2017-10-17T09:47:00] Timestamp updated for file 'C:\Program Files (x86)\Microsoft Visual Studio\2017\Community\Common7\IDE\Extensions\Microsoft\SQLCommon\140\Microsoft.ReportingServices.MapWinControl.dll'.
[0b00:0004][2017-10-17T09:47:00] Processing file /Contents/Common7/IDE/Extensions/Microsoft/SQLCommon/140/Microsoft.Samples.WindowsAzure.ServiceManagement.dll
[0b00:0004][2017-10-17T09:47:00] Started: Copying file /Contents/Common7/IDE/Extensions/Microsoft/SQLCommon/140/Microsoft.Samples.WindowsAzure.ServiceManagement.dll to C:\Program Files (x86)\Microsoft Visual Studio\2017\Community\Common7\IDE\Extensions\Microsoft\SQLCommon\140\Microsoft.Samples.WindowsAzure.ServiceManagement.dll
[0b00:0004][2017-10-17T09:47:00] Completed: Copying file /Contents/Common7/IDE/Extensions/Microsoft/SQLCommon/140/Microsoft.Samples.WindowsAzure.ServiceManagement.dll to C:\Program Files (x86)\Microsoft Visual Studio\2017\Community\Common7\IDE\Extensions\Microsoft\SQLCommon\140\Microsoft.Samples.WindowsAzure.ServiceManagement.dll
[0b00:0004][2017-10-17T09:47:00] Timestamp updated for file 'C:\Program Files (x86)\Microsoft Visual Studio\2017\Community\Common7\IDE\Extensions\Microsoft\SQLCommon\140\Microsoft.Samples.WindowsAzure.ServiceManagement.dll'.
[0b00:0004][2017-10-17T09:47:00] Processing file /Contents/Common7/IDE/Extensions/Microsoft/SQLCommon/140/Microsoft.SqlServer.BatchParser.dll
[0b00:0004][2017-10-17T09:47:00] Started: Copying file /Contents/Common7/IDE/Extensions/Microsoft/SQLCommon/140/Microsoft.SqlServer.BatchParser.dll to C:\Program Files (x86)\Microsoft Visual Studio\2017\Community\Common7\IDE\Extensions\Microsoft\SQLCommon\140\Microsoft.SqlServer.BatchParser.dll
[0b00:0004][2017-10-17T09:47:00] Completed: Copying file /Contents/Common7/IDE/Extensions/Microsoft/SQLCommon/140/Microsoft.SqlServer.BatchParser.dll to C:\Program Files (x86)\Microsoft Visual Studio\2017\Community\Common7\IDE\Extensions\Microsoft\SQLCommon\140\Microsoft.SqlServer.BatchParser.dll
[0b00:0004][2017-10-17T09:47:00] Timestamp updated for file 'C:\Program Files (x86)\Microsoft Visual Studio\2017\Community\Common7\IDE\Extensions\Microsoft\SQLCommon\140\Microsoft.SqlServer.BatchParser.dll'.
[0b00:0004][2017-10-17T09:47:00] Processing file /Contents/Common7/IDE/Extensions/Microsoft/SQLCommon/140/Microsoft.SqlServer.BatchParserClient.dll
[0b00:0004][2017-10-17T09:47:00] Started: Copying file /Contents/Common7/IDE/Extensions/Microsoft/SQLCommon/140/Microsoft.SqlServer.BatchParserClient.dll to C:\Program Files (x86)\Microsoft Visual Studio\2017\Community\Common7\IDE\Extensions\Microsoft\SQLCommon\140\Microsoft.SqlServer.BatchParserClient.dll
[0b00:0004][2017-10-17T09:47:00] Completed: Copying file /Contents/Common7/IDE/Extensions/Microsoft/SQLCommon/140/Microsoft.SqlServer.BatchParserClient.dll to C:\Program Files (x86)\Microsoft Visual Studio\2017\Community\Common7\IDE\Extensions\Microsoft\SQLCommon\140\Microsoft.SqlServer.BatchParserClient.dll
[0b00:0004][2017-10-17T09:47:00] Timestamp updated for file 'C:\Program Files (x86)\Microsoft Visual Studio\2017\Community\Common7\IDE\Extensions\Microsoft\SQLCommon\140\Microsoft.SqlServer.BatchParserClient.dll'.
[0b00:0004][2017-10-17T09:47:00] Processing file /Contents/Common7/IDE/Extensions/Microsoft/SQLCommon/140/Microsoft.SqlServer.ConnectionInfo.dll
[0b00:0004][2017-10-17T09:47:00] Started: Copying file /Contents/Common7/IDE/Extensions/Microsoft/SQLCommon/140/Microsoft.SqlServer.ConnectionInfo.dll to C:\Program Files (x86)\Microsoft Visual Studio\2017\Community\Common7\IDE\Extensions\Microsoft\SQLCommon\140\Microsoft.SqlServer.ConnectionInfo.dll
[0b00:0004][2017-10-17T09:47:00] Completed: Copying file /Contents/Common7/IDE/Extensions/Microsoft/SQLCommon/140/Microsoft.SqlServer.ConnectionInfo.dll to C:\Program Files (x86)\Microsoft Visual Studio\2017\Community\Common7\IDE\Extensions\Microsoft\SQLCommon\140\Microsoft.SqlServer.ConnectionInfo.dll
[0b00:0004][2017-10-17T09:47:00] Timestamp updated for file 'C:\Program Files (x86)\Microsoft Visual Studio\2017\Community\Common7\IDE\Extensions\Microsoft\SQLCommon\140\Microsoft.SqlServer.ConnectionInfo.dll'.
[0b00:0004][2017-10-17T09:47:00] Processing file /Contents/Common7/IDE/Extensions/Microsoft/SQLCommon/140/Microsoft.SqlServer.DataStorage.dll
[0b00:0004][2017-10-17T09:47:00] Started: Copying file /Contents/Common7/IDE/Extensions/Microsoft/SQLCommon/140/Microsoft.SqlServer.DataStorage.dll to C:\Program Files (x86)\Microsoft Visual Studio\2017\Community\Common7\IDE\Extensions\Microsoft\SQLCommon\140\Microsoft.SqlServer.DataStorage.dll
[0b00:0004][2017-10-17T09:47:00] Completed: Copying file /Contents/Common7/IDE/Extensions/Microsoft/SQLCommon/140/Microsoft.SqlServer.DataStorage.dll to C:\Program Files (x86)\Microsoft Visual Studio\2017\Community\Common7\IDE\Extensions\Microsoft\SQLCommon\140\Microsoft.SqlServer.DataStorage.dll
[0b00:0004][2017-10-17T09:47:00] Timestamp updated for file 'C:\Program Files (x86)\Microsoft Visual Studio\2017\Community\Common7\IDE\Extensions\Microsoft\SQLCommon\140\Microsoft.SqlServer.DataStorage.dll'.
[0b00:0004][2017-10-17T09:47:00] Processing file /Contents/Common7/IDE/Extensions/Microsoft/SQLCommon/140/Microsoft.SqlServer.Diagnostics.STrace.dll
[0b00:0004][2017-10-17T09:47:00] Started: Copying file /Contents/Common7/IDE/Extensions/Microsoft/SQLCommon/140/Microsoft.SqlServer.Diagnostics.STrace.dll to C:\Program Files (x86)\Microsoft Visual Studio\2017\Community\Common7\IDE\Extensions\Microsoft\SQLCommon\140\Microsoft.SqlServer.Diagnostics.STrace.dll
[0b00:0004][2017-10-17T09:47:00] Completed: Copying file /Contents/Common7/IDE/Extensions/Microsoft/SQLCommon/140/Microsoft.SqlServer.Diagnostics.STrace.dll to C:\Program Files (x86)\Microsoft Visual Studio\2017\Community\Common7\IDE\Extensions\Microsoft\SQLCommon\140\Microsoft.SqlServer.Diagnostics.STrace.dll
[0b00:0004][2017-10-17T09:47:00] Timestamp updated for file 'C:\Program Files (x86)\Microsoft Visual Studio\2017\Community\Common7\IDE\Extensions\Microsoft\SQLCommon\140\Microsoft.SqlServer.Diagnostics.STrace.dll'.
[0b00:0004][2017-10-17T09:47:00] Processing file /Contents/Common7/IDE/Extensions/Microsoft/SQLCommon/140/Microsoft.SqlServer.DlgGrid.dll
[0b00:0004][2017-10-17T09:47:00] Started: Copying file /Contents/Common7/IDE/Extensions/Microsoft/SQLCommon/140/Microsoft.SqlServer.DlgGrid.dll to C:\Program Files (x86)\Microsoft Visual Studio\2017\Community\Common7\IDE\Extensions\Microsoft\SQLCommon\140\Microsoft.SqlServer.DlgGrid.dll
[0b00:0004][2017-10-17T09:47:00] Completed: Copying file /Contents/Common7/IDE/Extensions/Microsoft/SQLCommon/140/Microsoft.SqlServer.DlgGrid.dll to C:\Program Files (x86)\Microsoft Visual Studio\2017\Community\Common7\IDE\Extensions\Microsoft\SQLCommon\140\Microsoft.SqlServer.DlgGrid.dll
[0b00:0004][2017-10-17T09:47:00] Timestamp updated for file 'C:\Program Files (x86)\Microsoft Visual Studio\2017\Community\Common7\IDE\Extensions\Microsoft\SQLCommon\140\Microsoft.SqlServer.DlgGrid.dll'.
[0b00:0004][2017-10-17T09:47:00] Processing file /Contents/Common7/IDE/Extensions/Microsoft/SQLCommon/140/Microsoft.SqlServer.Dmf.Common.dll
[0b00:0004][2017-10-17T09:47:00] Started: Copying file /Contents/Common7/IDE/Extensions/Microsoft/SQLCommon/140/Microsoft.SqlServer.Dmf.Common.dll to C:\Program Files (x86)\Microsoft Visual Studio\2017\Community\Common7\IDE\Extensions\Microsoft\SQLCommon\140\Microsoft.SqlServer.Dmf.Common.dll
[0b00:0004][2017-10-17T09:47:00] Completed: Copying file /Contents/Common7/IDE/Extensions/Microsoft/SQLCommon/140/Microsoft.SqlServer.Dmf.Common.dll to C:\Program Files (x86)\Microsoft Visual Studio\2017\Community\Common7\IDE\Extensions\Microsoft\SQLCommon\140\Microsoft.SqlServer.Dmf.Common.dll
[0b00:0004][2017-10-17T09:47:00] Timestamp updated for file 'C:\Program Files (x86)\Microsoft Visual Studio\2017\Community\Common7\IDE\Extensions\Microsoft\SQLCommon\140\Microsoft.SqlServer.Dmf.Common.dll'.
[0b00:0004][2017-10-17T09:47:00] Processing file /Contents/Common7/IDE/Extensions/Microsoft/SQLCommon/140/Microsoft.SqlServer.Dmf.dll
[0b00:0004][2017-10-17T09:47:00] Started: Copying file /Contents/Common7/IDE/Extensions/Microsoft/SQLCommon/140/Microsoft.SqlServer.Dmf.dll to C:\Program Files (x86)\Microsoft Visual Studio\2017\Community\Common7\IDE\Extensions\Microsoft\SQLCommon\140\Microsoft.SqlServer.Dmf.dll
[0b00:0004][2017-10-17T09:47:00] Completed: Copying file /Contents/Common7/IDE/Extensions/Microsoft/SQLCommon/140/Microsoft.SqlServer.Dmf.dll to C:\Program Files (x86)\Microsoft Visual Studio\2017\Community\Common7\IDE\Extensions\Microsoft\SQLCommon\140\Microsoft.SqlServer.Dmf.dll
[0b00:0004][2017-10-17T09:47:00] Timestamp updated for file 'C:\Program Files (x86)\Microsoft Visual Studio\2017\Community\Common7\IDE\Extensions\Microsoft\SQLCommon\140\Microsoft.SqlServer.Dmf.dll'.
[0b00:0004][2017-10-17T09:47:00] Processing file /Contents/Common7/IDE/Extensions/Microsoft/SQLCommon/140/Microsoft.SqlServer.GridControl.dll
[0b00:0004][2017-10-17T09:47:00] Started: Copying file /Contents/Common7/IDE/Extensions/Microsoft/SQLCommon/140/Microsoft.SqlServer.GridControl.dll to C:\Program Files (x86)\Microsoft Visual Studio\2017\Community\Common7\IDE\Extensions\Microsoft\SQLCommon\140\Microsoft.SqlServer.GridControl.dll
[0b00:0004][2017-10-17T09:47:00] Completed: Copying file /Contents/Common7/IDE/Extensions/Microsoft/SQLCommon/140/Microsoft.SqlServer.GridControl.dll to C:\Program Files (x86)\Microsoft Visual Studio\2017\Community\Common7\IDE\Extensions\Microsoft\SQLCommon\140\Microsoft.SqlServer.GridControl.dll
[0b00:0004][2017-10-17T09:47:00] Timestamp updated for file 'C:\Program Files (x86)\Microsoft Visual Studio\2017\Community\Common7\IDE\Extensions\Microsoft\SQLCommon\140\Microsoft.SqlServer.GridControl.dll'.
[0b00:0004][2017-10-17T09:47:00] Processing file /Contents/Common7/IDE/Extensions/Microsoft/SQLCommon/140/Microsoft.SqlServer.Management.ApplicationAuthenticationManagement.dll
[0b00:0004][2017-10-17T09:47:00] Started: Copying file /Contents/Common7/IDE/Extensions/Microsoft/SQLCommon/140/Microsoft.SqlServer.Management.ApplicationAuthenticationManagement.dll to C:\Program Files (x86)\Microsoft Visual Studio\2017\Community\Common7\IDE\Extensions\Microsoft\SQLCommon\140\Microsoft.SqlServer.Management.ApplicationAuthenticationManagement.dll
[0b00:0004][2017-10-17T09:47:00] Completed: Copying file /Contents/Common7/IDE/Extensions/Microsoft/SQLCommon/140/Microsoft.SqlServer.Management.ApplicationAuthenticationManagement.dll to C:\Program Files (x86)\Microsoft Visual Studio\2017\Community\Common7\IDE\Extensions\Microsoft\SQLCommon\140\Microsoft.SqlServer.Management.ApplicationAuthenticationManagement.dll
[0b00:0004][2017-10-17T09:47:00] Timestamp updated for file 'C:\Program Files (x86)\Microsoft Visual Studio\2017\Community\Common7\IDE\Extensions\Microsoft\SQLCommon\140\Microsoft.SqlServer.Management.ApplicationAuthenticationManagement.dll'.
[0b00:0004][2017-10-17T09:47:00] Processing file /Contents/Common7/IDE/Extensions/Microsoft/SQLCommon/140/Microsoft.SqlServer.Management.Azure.UI.dll
[0b00:0004][2017-10-17T09:47:00] Started: Copying file /Contents/Common7/IDE/Extensions/Microsoft/SQLCommon/140/Microsoft.SqlServer.Management.Azure.UI.dll to C:\Program Files (x86)\Microsoft Visual Studio\2017\Community\Common7\IDE\Extensions\Microsoft\SQLCommon\140\Microsoft.SqlServer.Management.Azure.UI.dll
[0b00:0004][2017-10-17T09:47:00] Completed: Copying file /Contents/Common7/IDE/Extensions/Microsoft/SQLCommon/140/Microsoft.SqlServer.Management.Azure.UI.dll to C:\Program Files (x86)\Microsoft Visual Studio\2017\Community\Common7\IDE\Extensions\Microsoft\SQLCommon\140\Microsoft.SqlServer.Management.Azure.UI.dll
[0b00:0004][2017-10-17T09:47:00] Timestamp updated for file 'C:\Program Files (x86)\Microsoft Visual Studio\2017\Community\Common7\IDE\Extensions\Microsoft\SQLCommon\140\Microsoft.SqlServer.Management.Azure.UI.dll'.
[0b00:0004][2017-10-17T09:47:00] Processing file /Contents/Common7/IDE/Extensions/Microsoft/SQLCommon/140/Microsoft.SqlServer.Management.AzureAuthenticationManagement.dll
[0b00:0004][2017-10-17T09:47:00] Started: Copying file /Contents/Common7/IDE/Extensions/Microsoft/SQLCommon/140/Microsoft.SqlServer.Management.AzureAuthenticationManagement.dll to C:\Program Files (x86)\Microsoft Visual Studio\2017\Community\Common7\IDE\Extensions\Microsoft\SQLCommon\140\Microsoft.SqlServer.Management.AzureAuthenticationManagement.dll
[0b00:0004][2017-10-17T09:47:00] Completed: Copying file /Contents/Common7/IDE/Extensions/Microsoft/SQLCommon/140/Microsoft.SqlServer.Management.AzureAuthenticationManagement.dll to C:\Program Files (x86)\Microsoft Visual Studio\2017\Community\Common7\IDE\Extensions\Microsoft\SQLCommon\140\Microsoft.SqlServer.Management.AzureAuthenticationManagement.dll
[0b00:0004][2017-10-17T09:47:00] Timestamp updated for file 'C:\Program Files (x86)\Microsoft Visual Studio\2017\Community\Common7\IDE\Extensions\Microsoft\SQLCommon\140\Microsoft.SqlServer.Management.AzureAuthenticationManagement.dll'.
[0b00:0004][2017-10-17T09:47:00] Processing file /Contents/Common7/IDE/Extensions/Microsoft/SQLCommon/140/Microsoft.SqlServer.Management.AzureCredential.dll
[0b00:0004][2017-10-17T09:47:00] Started: Copying file /Contents/Common7/IDE/Extensions/Microsoft/SQLCommon/140/Microsoft.SqlServer.Management.AzureCredential.dll to C:\Program Files (x86)\Microsoft Visual Studio\2017\Community\Common7\IDE\Extensions\Microsoft\SQLCommon\140\Microsoft.SqlServer.Management.AzureCredential.dll
[0b00:0004][2017-10-17T09:47:00] Completed: Copying file /Contents/Common7/IDE/Extensions/Microsoft/SQLCommon/140/Microsoft.SqlServer.Management.AzureCredential.dll to C:\Program Files (x86)\Microsoft Visual Studio\2017\Community\Common7\IDE\Extensions\Microsoft\SQLCommon\140\Microsoft.SqlServer.Management.AzureCredential.dll
[0b00:0004][2017-10-17T09:47:00] Timestamp updated for file 'C:\Program Files (x86)\Microsoft Visual Studio\2017\Community\Common7\IDE\Extensions\Microsoft\SQLCommon\140\Microsoft.SqlServer.Management.AzureCredential.dll'.
[0b00:0004][2017-10-17T09:47:00] Processing file /Contents/Common7/IDE/Extensions/Microsoft/SQLCommon/140/Microsoft.SqlServer.Management.Controls.dll
[0b00:0004][2017-10-17T09:47:00] Started: Copying file /Contents/Common7/IDE/Extensions/Microsoft/SQLCommon/140/Microsoft.SqlServer.Management.Controls.dll to C:\Program Files (x86)\Microsoft Visual Studio\2017\Community\Common7\IDE\Extensions\Microsoft\SQLCommon\140\Microsoft.SqlServer.Management.Controls.dll
[0b00:0004][2017-10-17T09:47:00] Completed: Copying file /Contents/Common7/IDE/Extensions/Microsoft/SQLCommon/140/Microsoft.SqlServer.Management.Controls.dll to C:\Program Files (x86)\Microsoft Visual Studio\2017\Community\Common7\IDE\Extensions\Microsoft\SQLCommon\140\Microsoft.SqlServer.Management.Controls.dll
[0b00:0004][2017-10-17T09:47:00] Timestamp updated for file 'C:\Program Files (x86)\Microsoft Visual Studio\2017\Community\Common7\IDE\Extensions\Microsoft\SQLCommon\140\Microsoft.SqlServer.Management.Controls.dll'.
[0b00:0004][2017-10-17T09:47:00] Processing file /Contents/Common7/IDE/Extensions/Microsoft/SQLCommon/140/Microsoft.SqlServer.Management.HelpViewer.dll
[0b00:0004][2017-10-17T09:47:00] Started: Copying file /Contents/Common7/IDE/Extensions/Microsoft/SQLCommon/140/Microsoft.SqlServer.Management.HelpViewer.dll to C:\Program Files (x86)\Microsoft Visual Studio\2017\Community\Common7\IDE\Extensions\Microsoft\SQLCommon\140\Microsoft.SqlServer.Management.HelpViewer.dll
[0b00:0004][2017-10-17T09:47:00] Completed: Copying file /Contents/Common7/IDE/Extensions/Microsoft/SQLCommon/140/Microsoft.SqlServer.Management.HelpViewer.dll to C:\Program Files (x86)\Microsoft Visual Studio\2017\Community\Common7\IDE\Extensions\Microsoft\SQLCommon\140\Microsoft.SqlServer.Management.HelpViewer.dll
[0b00:0004][2017-10-17T09:47:00] Timestamp updated for file 'C:\Program Files (x86)\Microsoft Visual Studio\2017\Community\Common7\IDE\Extensions\Microsoft\SQLCommon\140\Microsoft.SqlServer.Management.HelpViewer.dll'.
[0b00:0004][2017-10-17T09:47:00] Processing file /Contents/Common7/IDE/Extensions/Microsoft/SQLCommon/140/Microsoft.SqlServer.Management.MultiServerConnection.dll
[0b00:0004][2017-10-17T09:47:00] Started: Copying file /Contents/Common7/IDE/Extensions/Microsoft/SQLCommon/140/Microsoft.SqlServer.Management.MultiServerConnection.dll to C:\Program Files (x86)\Microsoft Visual Studio\2017\Community\Common7\IDE\Extensions\Microsoft\SQLCommon\140\Microsoft.SqlServer.Management.MultiServerConnection.dll
[0b00:0004][2017-10-17T09:47:00] Completed: Copying file /Contents/Common7/IDE/Extensions/Microsoft/SQLCommon/140/Microsoft.SqlServer.Management.MultiServerConnection.dll to C:\Program Files (x86)\Microsoft Visual Studio\2017\Community\Common7\IDE\Extensions\Microsoft\SQLCommon\140\Microsoft.SqlServer.Management.MultiServerConnection.dll
[0b00:0004][2017-10-17T09:47:00] Timestamp updated for file 'C:\Program Files (x86)\Microsoft Visual Studio\2017\Community\Common7\IDE\Extensions\Microsoft\SQLCommon\140\Microsoft.SqlServer.Management.MultiServerConnection.dll'.
[0b00:0004][2017-10-17T09:47:00] Processing file /Contents/Common7/IDE/Extensions/Microsoft/SQLCommon/140/Microsoft.SqlServer.Management.RegisteredServers.dll
[0b00:0004][2017-10-17T09:47:00] Started: Copying file /Contents/Common7/IDE/Extensions/Microsoft/SQLCommon/140/Microsoft.SqlServer.Management.RegisteredServers.dll to C:\Program Files (x86)\Microsoft Visual Studio\2017\Community\Common7\IDE\Extensions\Microsoft\SQLCommon\140\Microsoft.SqlServer.Management.RegisteredServers.dll
[0b00:0004][2017-10-17T09:47:00] Completed: Copying file /Contents/Common7/IDE/Extensions/Microsoft/SQLCommon/140/Microsoft.SqlServer.Management.RegisteredServers.dll to C:\Program Files (x86)\Microsoft Visual Studio\2017\Community\Common7\IDE\Extensions\Microsoft\SQLCommon\140\Microsoft.SqlServer.Management.RegisteredServers.dll
[0b00:0004][2017-10-17T09:47:00] Timestamp updated for file 'C:\Program Files (x86)\Microsoft Visual Studio\2017\Community\Common7\IDE\Extensions\Microsoft\SQLCommon\140\Microsoft.SqlServer.Management.RegisteredServers.dll'.
[0b00:0004][2017-10-17T09:47:00] Processing file /Contents/Common7/IDE/Extensions/Microsoft/SQLCommon/140/Microsoft.SqlServer.Management.Sdk.Sfc.dll
[0b00:0004][2017-10-17T09:47:00] Started: Copying file /Contents/Common7/IDE/Extensions/Microsoft/SQLCommon/140/Microsoft.SqlServer.Management.Sdk.Sfc.dll to C:\Program Files (x86)\Microsoft Visual Studio\2017\Community\Common7\IDE\Extensions\Microsoft\SQLCommon\140\Microsoft.SqlServer.Management.Sdk.Sfc.dll
[0b00:0004][2017-10-17T09:47:00] Completed: Copying file /Contents/Common7/IDE/Extensions/Microsoft/SQLCommon/140/Microsoft.SqlServer.Management.Sdk.Sfc.dll to C:\Program Files (x86)\Microsoft Visual Studio\2017\Community\Common7\IDE\Extensions\Microsoft\SQLCommon\140\Microsoft.SqlServer.Management.Sdk.Sfc.dll
[0b00:0004][2017-10-17T09:47:00] Timestamp updated for file 'C:\Program Files (x86)\Microsoft Visual Studio\2017\Community\Common7\IDE\Extensions\Microsoft\SQLCommon\140\Microsoft.SqlServer.Management.Sdk.Sfc.dll'.
[0b00:0004][2017-10-17T09:47:00] Processing file /Contents/Common7/IDE/Extensions/Microsoft/SQLCommon/140/Microsoft.SqlServer.Management.SDK.SqlStudio.dll
[0b00:0004][2017-10-17T09:47:00] Started: Copying file /Contents/Common7/IDE/Extensions/Microsoft/SQLCommon/140/Microsoft.SqlServer.Management.SDK.SqlStudio.dll to C:\Program Files (x86)\Microsoft Visual Studio\2017\Community\Common7\IDE\Extensions\Microsoft\SQLCommon\140\Microsoft.SqlServer.Management.SDK.SqlStudio.dll
[0b00:0004][2017-10-17T09:47:00] Completed: Copying file /Contents/Common7/IDE/Extensions/Microsoft/SQLCommon/140/Microsoft.SqlServer.Management.SDK.SqlStudio.dll to C:\Program Files (x86)\Microsoft Visual Studio\2017\Community\Common7\IDE\Extensions\Microsoft\SQLCommon\140\Microsoft.SqlServer.Management.SDK.SqlStudio.dll
[0b00:0004][2017-10-17T09:47:00] Timestamp updated for file 'C:\Program Files (x86)\Microsoft Visual Studio\2017\Community\Common7\IDE\Extensions\Microsoft\SQLCommon\140\Microsoft.SqlServer.Management.SDK.SqlStudio.dll'.
[0b00:0004][2017-10-17T09:47:00] Processing file /Contents/Common7/IDE/Extensions/Microsoft/SQLCommon/140/Microsoft.SqlServer.Management.ServiceManagement.dll
[0b00:0004][2017-10-17T09:47:00] Started: Copying file /Contents/Common7/IDE/Extensions/Microsoft/SQLCommon/140/Microsoft.SqlServer.Management.ServiceManagement.dll to C:\Program Files (x86)\Microsoft Visual Studio\2017\Community\Common7\IDE\Extensions\Microsoft\SQLCommon\140\Microsoft.SqlServer.Management.ServiceManagement.dll
[0b00:0004][2017-10-17T09:47:00] Completed: Copying file /Contents/Common7/IDE/Extensions/Microsoft/SQLCommon/140/Microsoft.SqlServer.Management.ServiceManagement.dll to C:\Program Files (x86)\Microsoft Visual Studio\2017\Community\Common7\IDE\Extensions\Microsoft\SQLCommon\140\Microsoft.SqlServer.Management.ServiceManagement.dll
[0b00:0004][2017-10-17T09:47:00] Timestamp updated for file 'C:\Program Files (x86)\Microsoft Visual Studio\2017\Community\Common7\IDE\Extensions\Microsoft\SQLCommon\140\Microsoft.SqlServer.Management.ServiceManagement.dll'.
[0b00:0004][2017-10-17T09:47:00] Processing file /Contents/Common7/IDE/Extensions/Microsoft/SQLCommon/140/Microsoft.SqlServer.Management.SmoMetadataProvider.dll
[0b00:0004][2017-10-17T09:47:00] Started: Copying file /Contents/Common7/IDE/Extensions/Microsoft/SQLCommon/140/Microsoft.SqlServer.Management.SmoMetadataProvider.dll to C:\Program Files (x86)\Microsoft Visual Studio\2017\Community\Common7\IDE\Extensions\Microsoft\SQLCommon\140\Microsoft.SqlServer.Management.SmoMetadataProvider.dll
[0b00:0004][2017-10-17T09:47:00] Completed: Copying file /Contents/Common7/IDE/Extensions/Microsoft/SQLCommon/140/Microsoft.SqlServer.Management.SmoMetadataProvider.dll to C:\Program Files (x86)\Microsoft Visual Studio\2017\Community\Common7\IDE\Extensions\Microsoft\SQLCommon\140\Microsoft.SqlServer.Management.SmoMetadataProvider.dll
[0b00:0004][2017-10-17T09:47:00] Timestamp updated for file 'C:\Program Files (x86)\Microsoft Visual Studio\2017\Community\Common7\IDE\Extensions\Microsoft\SQLCommon\140\Microsoft.SqlServer.Management.SmoMetadataProvider.dll'.
[0b00:0004][2017-10-17T09:47:00] Processing file /Contents/Common7/IDE/Extensions/Microsoft/SQLCommon/140/Microsoft.SqlServer.Management.SqlParser.dll
[0b00:0004][2017-10-17T09:47:00] Started: Copying file /Contents/Common7/IDE/Extensions/Microsoft/SQLCommon/140/Microsoft.SqlServer.Management.SqlParser.dll to C:\Program Files (x86)\Microsoft Visual Studio\2017\Community\Common7\IDE\Extensions\Microsoft\SQLCommon\140\Microsoft.SqlServer.Management.SqlParser.dll
[0b00:0004][2017-10-17T09:47:00] Completed: Copying file /Contents/Common7/IDE/Extensions/Microsoft/SQLCommon/140/Microsoft.SqlServer.Management.SqlParser.dll to C:\Program Files (x86)\Microsoft Visual Studio\2017\Community\Common7\IDE\Extensions\Microsoft\SQLCommon\140\Microsoft.SqlServer.Management.SqlParser.dll
[0b00:0004][2017-10-17T09:47:00] Timestamp updated for file 'C:\Program Files (x86)\Microsoft Visual Studio\2017\Community\Common7\IDE\Extensions\Microsoft\SQLCommon\140\Microsoft.SqlServer.Management.SqlParser.dll'.
[0b00:0004][2017-10-17T09:47:00] Processing file /Contents/Common7/IDE/Extensions/Microsoft/SQLCommon/140/Microsoft.SqlServer.Management.SqlStudio.Controls.dll
[0b00:0004][2017-10-17T09:47:00] Started: Copying file /Contents/Common7/IDE/Extensions/Microsoft/SQLCommon/140/Microsoft.SqlServer.Management.SqlStudio.Controls.dll to C:\Program Files (x86)\Microsoft Visual Studio\2017\Community\Common7\IDE\Extensions\Microsoft\SQLCommon\140\Microsoft.SqlServer.Management.SqlStudio.Controls.dll
[0b00:0004][2017-10-17T09:47:00] Completed: Copying file /Contents/Common7/IDE/Extensions/Microsoft/SQLCommon/140/Microsoft.SqlServer.Management.SqlStudio.Controls.dll to C:\Program Files (x86)\Microsoft Visual Studio\2017\Community\Common7\IDE\Extensions\Microsoft\SQLCommon\140\Microsoft.SqlServer.Management.SqlStudio.Controls.dll
[0b00:0004][2017-10-17T09:47:00] Timestamp updated for file 'C:\Program Files (x86)\Microsoft Visual Studio\2017\Community\Common7\IDE\Extensions\Microsoft\SQLCommon\140\Microsoft.SqlServer.Management.SqlStudio.Controls.dll'.
[0b00:0004][2017-10-17T09:47:00] Processing file /Contents/Common7/IDE/Extensions/Microsoft/SQLCommon/140/Microsoft.SqlServer.Management.SqlWizardFramework.dll
[0b00:0004][2017-10-17T09:47:00] Started: Copying file /Contents/Common7/IDE/Extensions/Microsoft/SQLCommon/140/Microsoft.SqlServer.Management.SqlWizardFramework.dll to C:\Program Files (x86)\Microsoft Visual Studio\2017\Community\Common7\IDE\Extensions\Microsoft\SQLCommon\140\Microsoft.SqlServer.Management.SqlWizardFramework.dll
[0b00:0004][2017-10-17T09:47:00] Completed: Copying file /Contents/Common7/IDE/Extensions/Microsoft/SQLCommon/140/Microsoft.SqlServer.Management.SqlWizardFramework.dll to C:\Program Files (x86)\Microsoft Visual Studio\2017\Community\Common7\IDE\Extensions\Microsoft\SQLCommon\140\Microsoft.SqlServer.Management.SqlWizardFramework.dll
[0b00:0004][2017-10-17T09:47:00] Timestamp updated for file 'C:\Program Files (x86)\Microsoft Visual Studio\2017\Community\Common7\IDE\Extensions\Microsoft\SQLCommon\140\Microsoft.SqlServer.Management.SqlWizardFramework.dll'.
[0b00:0004][2017-10-17T09:47:00] Processing file /Contents/Common7/IDE/Extensions/Microsoft/SQLCommon/140/Microsoft.SqlServer.Management.SystemMetadataProvider.dll
[0b00:0004][2017-10-17T09:47:00] Started: Copying file /Contents/Common7/IDE/Extensions/Microsoft/SQLCommon/140/Microsoft.SqlServer.Management.SystemMetadataProvider.dll to C:\Program Files (x86)\Microsoft Visual Studio\2017\Community\Common7\IDE\Extensions\Microsoft\SQLCommon\140\Microsoft.SqlServer.Management.SystemMetadataProvider.dll
[0b00:0004][2017-10-17T09:47:00] Completed: Copying file /Contents/Common7/IDE/Extensions/Microsoft/SQLCommon/140/Microsoft.SqlServer.Management.SystemMetadataProvider.dll to C:\Program Files (x86)\Microsoft Visual Studio\2017\Community\Common7\IDE\Extensions\Microsoft\SQLCommon\140\Microsoft.SqlServer.Management.SystemMetadataProvider.dll
[0b00:0004][2017-10-17T09:47:00] Timestamp updated for file 'C:\Program Files (x86)\Microsoft Visual Studio\2017\Community\Common7\IDE\Extensions\Microsoft\SQLCommon\140\Microsoft.SqlServer.Management.SystemMetadataProvider.dll'.
[0b00:0004][2017-10-17T09:47:00] Processing file /Contents/Common7/IDE/Extensions/Microsoft/SQLCommon/140/Microsoft.SqlServer.Management.UserSettings.dll
[0b00:0004][2017-10-17T09:47:00] Started: Copying file /Contents/Common7/IDE/Extensions/Microsoft/SQLCommon/140/Microsoft.SqlServer.Management.UserSettings.dll to C:\Program Files (x86)\Microsoft Visual Studio\2017\Community\Common7\IDE\Extensions\Microsoft\SQLCommon\140\Microsoft.SqlServer.Management.UserSettings.dll
[0b00:0004][2017-10-17T09:47:00] Completed: Copying file /Contents/Common7/IDE/Extensions/Microsoft/SQLCommon/140/Microsoft.SqlServer.Management.UserSettings.dll to C:\Program Files (x86)\Microsoft Visual Studio\2017\Community\Common7\IDE\Extensions\Microsoft\SQLCommon\140\Microsoft.SqlServer.Management.UserSettings.dll
[0b00:0004][2017-10-17T09:47:00] Timestamp updated for file 'C:\Program Files (x86)\Microsoft Visual Studio\2017\Community\Common7\IDE\Extensions\Microsoft\SQLCommon\140\Microsoft.SqlServer.Management.UserSettings.dll'.
[0b00:0004][2017-10-17T09:47:00] Processing file /Contents/Common7/IDE/Extensions/Microsoft/SQLCommon/140/Microsoft.SqlServer.RegSvrEnum.dll
[0b00:0004][2017-10-17T09:47:00] Started: Copying file /Contents/Common7/IDE/Extensions/Microsoft/SQLCommon/140/Microsoft.SqlServer.RegSvrEnum.dll to C:\Program Files (x86)\Microsoft Visual Studio\2017\Community\Common7\IDE\Extensions\Microsoft\SQLCommon\140\Microsoft.SqlServer.RegSvrEnum.dll
[0b00:0004][2017-10-17T09:47:00] Completed: Copying file /Contents/Common7/IDE/Extensions/Microsoft/SQLCommon/140/Microsoft.SqlServer.RegSvrEnum.dll to C:\Program Files (x86)\Microsoft Visual Studio\2017\Community\Common7\IDE\Extensions\Microsoft\SQLCommon\140\Microsoft.SqlServer.RegSvrEnum.dll
[0b00:0004][2017-10-17T09:47:00] Timestamp updated for file 'C:\Program Files (x86)\Microsoft Visual Studio\2017\Community\Common7\IDE\Extensions\Microsoft\SQLCommon\140\Microsoft.SqlServer.RegSvrEnum.dll'.
[0b00:0004][2017-10-17T09:47:00] Processing file /Contents/Common7/IDE/Extensions/Microsoft/SQLCommon/140/Microsoft.SqlServer.ServiceBrokerEnum.dll
[0b00:0004][2017-10-17T09:47:00] Started: Copying file /Contents/Common7/IDE/Extensions/Microsoft/SQLCommon/140/Microsoft.SqlServer.ServiceBrokerEnum.dll to C:\Program Files (x86)\Microsoft Visual Studio\2017\Community\Common7\IDE\Extensions\Microsoft\SQLCommon\140\Microsoft.SqlServer.ServiceBrokerEnum.dll
[0b00:0004][2017-10-17T09:47:00] Completed: Copying file /Contents/Common7/IDE/Extensions/Microsoft/SQLCommon/140/Microsoft.SqlServer.ServiceBrokerEnum.dll to C:\Program Files (x86)\Microsoft Visual Studio\2017\Community\Common7\IDE\Extensions\Microsoft\SQLCommon\140\Microsoft.SqlServer.ServiceBrokerEnum.dll
[0b00:0004][2017-10-17T09:47:00] Timestamp updated for file 'C:\Program Files (x86)\Microsoft Visual Studio\2017\Community\Common7\IDE\Extensions\Microsoft\SQLCommon\140\Microsoft.SqlServer.ServiceBrokerEnum.dll'.
[0b00:0004][2017-10-17T09:47:00] Processing file /Contents/Common7/IDE/Extensions/Microsoft/SQLCommon/140/Microsoft.SqlServer.Smo.dll
[0b00:0004][2017-10-17T09:47:00] Started: Copying file /Contents/Common7/IDE/Extensions/Microsoft/SQLCommon/140/Microsoft.SqlServer.Smo.dll to C:\Program Files (x86)\Microsoft Visual Studio\2017\Community\Common7\IDE\Extensions\Microsoft\SQLCommon\140\Microsoft.SqlServer.Smo.dll
[0b00:0004][2017-10-17T09:47:00] Completed: Copying file /Contents/Common7/IDE/Extensions/Microsoft/SQLCommon/140/Microsoft.SqlServer.Smo.dll to C:\Program Files (x86)\Microsoft Visual Studio\2017\Community\Common7\IDE\Extensions\Microsoft\SQLCommon\140\Microsoft.SqlServer.Smo.dll
[0b00:0004][2017-10-17T09:47:00] Timestamp updated for file 'C:\Program Files (x86)\Microsoft Visual Studio\2017\Community\Common7\IDE\Extensions\Microsoft\SQLCommon\140\Microsoft.SqlServer.Smo.dll'.
[0b00:0004][2017-10-17T09:47:00] Processing file /Contents/Common7/IDE/Extensions/Microsoft/SQLCommon/140/Microsoft.SqlServer.SmoExtended.dll
[0b00:0004][2017-10-17T09:47:00] Started: Copying file /Contents/Common7/IDE/Extensions/Microsoft/SQLCommon/140/Microsoft.SqlServer.SmoExtended.dll to C:\Program Files (x86)\Microsoft Visual Studio\2017\Community\Common7\IDE\Extensions\Microsoft\SQLCommon\140\Microsoft.SqlServer.SmoExtended.dll
[0b00:0004][2017-10-17T09:47:00] Completed: Copying file /Contents/Common7/IDE/Extensions/Microsoft/SQLCommon/140/Microsoft.SqlServer.SmoExtended.dll to C:\Program Files (x86)\Microsoft Visual Studio\2017\Community\Common7\IDE\Extensions\Microsoft\SQLCommon\140\Microsoft.SqlServer.SmoExtended.dll
[0b00:0004][2017-10-17T09:47:00] Timestamp updated for file 'C:\Program Files (x86)\Microsoft Visual Studio\2017\Community\Common7\IDE\Extensions\Microsoft\SQLCommon\140\Microsoft.SqlServer.SmoExtended.dll'.
[0b00:0004][2017-10-17T09:47:00] Processing file /Contents/Common7/IDE/Extensions/Microsoft/SQLCommon/140/Microsoft.SqlServer.SqlClrProvider.dll
[0b00:0004][2017-10-17T09:47:00] Started: Copying file /Contents/Common7/IDE/Extensions/Microsoft/SQLCommon/140/Microsoft.SqlServer.SqlClrProvider.dll to C:\Program Files (x86)\Microsoft Visual Studio\2017\Community\Common7\IDE\Extensions\Microsoft\SQLCommon\140\Microsoft.SqlServer.SqlClrProvider.dll
[0b00:0004][2017-10-17T09:47:00] Completed: Copying file /Contents/Common7/IDE/Extensions/Microsoft/SQLCommon/140/Microsoft.SqlServer.SqlClrProvider.dll to C:\Program Files (x86)\Microsoft Visual Studio\2017\Community\Common7\IDE\Extensions\Microsoft\SQLCommon\140\Microsoft.SqlServer.SqlClrProvider.dll
[0b00:0004][2017-10-17T09:47:00] Timestamp updated for file 'C:\Program Files (x86)\Microsoft Visual Studio\2017\Community\Common7\IDE\Extensions\Microsoft\SQLCommon\140\Microsoft.SqlServer.SqlClrProvider.dll'.
[0b00:0004][2017-10-17T09:47:00] Processing file /Contents/Common7/IDE/Extensions/Microsoft/SQLCommon/140/Microsoft.SqlServer.SqlEnum.dll
[0b00:0004][2017-10-17T09:47:00] Started: Copying file /Contents/Common7/IDE/Extensions/Microsoft/SQLCommon/140/Microsoft.SqlServer.SqlEnum.dll to C:\Program Files (x86)\Microsoft Visual Studio\2017\Community\Common7\IDE\Extensions\Microsoft\SQLCommon\140\Microsoft.SqlServer.SqlEnum.dll
[0b00:0004][2017-10-17T09:47:00] Completed: Copying file /Contents/Common7/IDE/Extensions/Microsoft/SQLCommon/140/Microsoft.SqlServer.SqlEnum.dll to C:\Program Files (x86)\Microsoft Visual Studio\2017\Community\Common7\IDE\Extensions\Microsoft\SQLCommon\140\Microsoft.SqlServer.SqlEnum.dll
[0b00:0004][2017-10-17T09:47:00] Timestamp updated for file 'C:\Program Files (x86)\Microsoft Visual Studio\2017\Community\Common7\IDE\Extensions\Microsoft\SQLCommon\140\Microsoft.SqlServer.SqlEnum.dll'.
[0b00:0004][2017-10-17T09:47:00] Processing file /Contents/Common7/IDE/Extensions/Microsoft/SQLCommon/140/Microsoft.SqlServer.SqlTDiagM.dll
[0b00:0004][2017-10-17T09:47:00] Started: Copying file /Contents/Common7/IDE/Extensions/Microsoft/SQLCommon/140/Microsoft.SqlServer.SqlTDiagM.dll to C:\Program Files (x86)\Microsoft Visual Studio\2017\Community\Common7\IDE\Extensions\Microsoft\SQLCommon\140\Microsoft.SqlServer.SqlTDiagM.dll
[0b00:0004][2017-10-17T09:47:00] Completed: Copying file /Contents/Common7/IDE/Extensions/Microsoft/SQLCommon/140/Microsoft.SqlServer.SqlTDiagM.dll to C:\Program Files (x86)\Microsoft Visual Studio\2017\Community\Common7\IDE\Extensions\Microsoft\SQLCommon\140\Microsoft.SqlServer.SqlTDiagM.dll
[0b00:0004][2017-10-17T09:47:00] Timestamp updated for file 'C:\Program Files (x86)\Microsoft Visual Studio\2017\Community\Common7\IDE\Extensions\Microsoft\SQLCommon\140\Microsoft.SqlServer.SqlTDiagM.dll'.
[0b00:0004][2017-10-17T09:47:00] Processing file /Contents/Common7/IDE/Extensions/Microsoft/SQLCommon/140/Microsoft.SqlServer.Sqm.dll
[0b00:0004][2017-10-17T09:47:00] Started: Copying file /Contents/Common7/IDE/Extensions/Microsoft/SQLCommon/140/Microsoft.SqlServer.Sqm.dll to C:\Program Files (x86)\Microsoft Visual Studio\2017\Community\Common7\IDE\Extensions\Microsoft\SQLCommon\140\Microsoft.SqlServer.Sqm.dll
[0b00:0004][2017-10-17T09:47:00] Completed: Copying file /Contents/Common7/IDE/Extensions/Microsoft/SQLCommon/140/Microsoft.SqlServer.Sqm.dll to C:\Program Files (x86)\Microsoft Visual Studio\2017\Community\Common7\IDE\Extensions\Microsoft\SQLCommon\140\Microsoft.SqlServer.Sqm.dll
[0b00:0004][2017-10-17T09:47:00] Timestamp updated for file 'C:\Program Files (x86)\Microsoft Visual Studio\2017\Community\Common7\IDE\Extensions\Microsoft\SQLCommon\140\Microsoft.SqlServer.Sqm.dll'.
[0b00:0004][2017-10-17T09:47:00] Processing file /Contents/Common7/IDE/Extensions/Microsoft/SQLCommon/140/Microsoft.SqlServer.SString.dll
[0b00:0004][2017-10-17T09:47:00] Started: Copying file /Contents/Common7/IDE/Extensions/Microsoft/SQLCommon/140/Microsoft.SqlServer.SString.dll to C:\Program Files (x86)\Microsoft Visual Studio\2017\Community\Common7\IDE\Extensions\Microsoft\SQLCommon\140\Microsoft.SqlServer.SString.dll
[0b00:0004][2017-10-17T09:47:00] Completed: Copying file /Contents/Common7/IDE/Extensions/Microsoft/SQLCommon/140/Microsoft.SqlServer.SString.dll to C:\Program Files (x86)\Microsoft Visual Studio\2017\Community\Common7\IDE\Extensions\Microsoft\SQLCommon\140\Microsoft.SqlServer.SString.dll
[0b00:0004][2017-10-17T09:47:00] Timestamp updated for file 'C:\Program Files (x86)\Microsoft Visual Studio\2017\Community\Common7\IDE\Extensions\Microsoft\SQLCommon\140\Microsoft.SqlServer.SString.dll'.
[0b00:0004][2017-10-17T09:47:00] Processing file /Contents/Common7/IDE/Extensions/Microsoft/SQLCommon/140/Microsoft.SqlServer.TransactSql.dll
[0b00:0004][2017-10-17T09:47:00] Started: Copying file /Contents/Common7/IDE/Extensions/Microsoft/SQLCommon/140/Microsoft.SqlServer.TransactSql.dll to C:\Program Files (x86)\Microsoft Visual Studio\2017\Community\Common7\IDE\Extensions\Microsoft\SQLCommon\140\Microsoft.SqlServer.TransactSql.dll
[0b00:0004][2017-10-17T09:47:00] Completed: Copying file /Contents/Common7/IDE/Extensions/Microsoft/SQLCommon/140/Microsoft.SqlServer.TransactSql.dll to C:\Program Files (x86)\Microsoft Visual Studio\2017\Community\Common7\IDE\Extensions\Microsoft\SQLCommon\140\Microsoft.SqlServer.TransactSql.dll
[0b00:0004][2017-10-17T09:47:00] Timestamp updated for file 'C:\Program Files (x86)\Microsoft Visual Studio\2017\Community\Common7\IDE\Extensions\Microsoft\SQLCommon\140\Microsoft.SqlServer.TransactSql.dll'.
[0b00:0004][2017-10-17T09:47:00] Processing file /Contents/Common7/IDE/Extensions/Microsoft/SQLCommon/140/Microsoft.SqlServer.TransactSql.ScriptDom.dll
[0b00:0004][2017-10-17T09:47:00] Started: Copying file /Contents/Common7/IDE/Extensions/Microsoft/SQLCommon/140/Microsoft.SqlServer.TransactSql.ScriptDom.dll to C:\Program Files (x86)\Microsoft Visual Studio\2017\Community\Common7\IDE\Extensions\Microsoft\SQLCommon\140\Microsoft.SqlServer.TransactSql.ScriptDom.dll
[0b00:0004][2017-10-17T09:47:00] Completed: Copying file /Contents/Common7/IDE/Extensions/Microsoft/SQLCommon/140/Microsoft.SqlServer.TransactSql.ScriptDom.dll to C:\Program Files (x86)\Microsoft Visual Studio\2017\Community\Common7\IDE\Extensions\Microsoft\SQLCommon\140\Microsoft.SqlServer.TransactSql.ScriptDom.dll
[0b00:0004][2017-10-17T09:47:00] Timestamp updated for file 'C:\Program Files (x86)\Microsoft Visual Studio\2017\Community\Common7\IDE\Extensions\Microsoft\SQLCommon\140\Microsoft.SqlServer.TransactSql.ScriptDom.dll'.
[0b00:0004][2017-10-17T09:47:00] Processing file /Contents/Common7/IDE/Extensions/Microsoft/SQLCommon/140/Microsoft.SqlTools.Telemetry.Interop.dll
[0b00:0004][2017-10-17T09:47:00] Started: Copying file /Contents/Common7/IDE/Extensions/Microsoft/SQLCommon/140/Microsoft.SqlTools.Telemetry.Interop.dll to C:\Program Files (x86)\Microsoft Visual Studio\2017\Community\Common7\IDE\Extensions\Microsoft\SQLCommon\140\Microsoft.SqlTools.Telemetry.Interop.dll
[0b00:0004][2017-10-17T09:47:00] Completed: Copying file /Contents/Common7/IDE/Extensions/Microsoft/SQLCommon/140/Microsoft.SqlTools.Telemetry.Interop.dll to C:\Program Files (x86)\Microsoft Visual Studio\2017\Community\Common7\IDE\Extensions\Microsoft\SQLCommon\140\Microsoft.SqlTools.Telemetry.Interop.dll
[0b00:0004][2017-10-17T09:47:00] Timestamp updated for file 'C:\Program Files (x86)\Microsoft Visual Studio\2017\Community\Common7\IDE\Extensions\Microsoft\SQLCommon\140\Microsoft.SqlTools.Telemetry.Interop.dll'.
[0b00:0004][2017-10-17T09:47:00] Processing file /Contents/Common7/IDE/Extensions/Microsoft/SQLCommon/140/Microsoft.VisualStudio.Data.Tools.SqlCommonPackage.pkgdef
[0b00:0004][2017-10-17T09:47:00] Started: Copying file /Contents/Common7/IDE/Extensions/Microsoft/SQLCommon/140/Microsoft.VisualStudio.Data.Tools.SqlCommonPackage.pkgdef to C:\Program Files (x86)\Microsoft Visual Studio\2017\Community\Common7\IDE\Extensions\Microsoft\SQLCommon\140\Microsoft.VisualStudio.Data.Tools.SqlCommonPackage.pkgdef
[0b00:0004][2017-10-17T09:47:00] Completed: Copying file /Contents/Common7/IDE/Extensions/Microsoft/SQLCommon/140/Microsoft.VisualStudio.Data.Tools.SqlCommonPackage.pkgdef to C:\Program Files (x86)\Microsoft Visual Studio\2017\Community\Common7\IDE\Extensions\Microsoft\SQLCommon\140\Microsoft.VisualStudio.Data.Tools.SqlCommonPackage.pkgdef
[0b00:0004][2017-10-17T09:47:00] Timestamp updated for file 'C:\Program Files (x86)\Microsoft Visual Studio\2017\Community\Common7\IDE\Extensions\Microsoft\SQLCommon\140\Microsoft.VisualStudio.Data.Tools.SqlCommonPackage.pkgdef'.
[0b00:0004][2017-10-17T09:47:00] Processing file /Contents/Common7/IDE/Extensions/Microsoft/SQLCommon/140/sqlmgmt.dll
[0b00:0004][2017-10-17T09:47:00] Started: Copying file /Contents/Common7/IDE/Extensions/Microsoft/SQLCommon/140/sqlmgmt.dll to C:\Program Files (x86)\Microsoft Visual Studio\2017\Community\Common7\IDE\Extensions\Microsoft\SQLCommon\140\sqlmgmt.dll
[0b00:0004][2017-10-17T09:47:00] Completed: Copying file /Contents/Common7/IDE/Extensions/Microsoft/SQLCommon/140/sqlmgmt.dll to C:\Program Files (x86)\Microsoft Visual Studio\2017\Community\Common7\IDE\Extensions\Microsoft\SQLCommon\140\sqlmgmt.dll
[0b00:0004][2017-10-17T09:47:00] Timestamp updated for file 'C:\Program Files (x86)\Microsoft Visual Studio\2017\Community\Common7\IDE\Extensions\Microsoft\SQLCommon\140\sqlmgmt.dll'.
[0b00:0004][2017-10-17T09:47:00] Processing file /Contents/Common7/IDE/Extensions/Microsoft/SQLCommon/140/SqlToolsVSNativeHelpers.dll
[0b00:0004][2017-10-17T09:47:00] Started: Copying file /Contents/Common7/IDE/Extensions/Microsoft/SQLCommon/140/SqlToolsVSNativeHelpers.dll to C:\Program Files (x86)\Microsoft Visual Studio\2017\Community\Common7\IDE\Extensions\Microsoft\SQLCommon\140\SqlToolsVSNativeHelpers.dll
[0b00:0004][2017-10-17T09:47:00] Completed: Copying file /Contents/Common7/IDE/Extensions/Microsoft/SQLCommon/140/SqlToolsVSNativeHelpers.dll to C:\Program Files (x86)\Microsoft Visual Studio\2017\Community\Common7\IDE\Extensions\Microsoft\SQLCommon\140\SqlToolsVSNativeHelpers.dll
[0b00:0004][2017-10-17T09:47:00] Timestamp updated for file 'C:\Program Files (x86)\Microsoft Visual Studio\2017\Community\Common7\IDE\Extensions\Microsoft\SQLCommon\140\SqlToolsVSNativeHelpers.dll'.
[0b00:0004][2017-10-17T09:47:00] Processing file /Contents/Common7/IDE/Extensions/Microsoft/SQLCommon/140/SqlWorkbench.Interfaces.dll
[0b00:0004][2017-10-17T09:47:00] Started: Copying file /Contents/Common7/IDE/Extensions/Microsoft/SQLCommon/140/SqlWorkbench.Interfaces.dll to C:\Program Files (x86)\Microsoft Visual Studio\2017\Community\Common7\IDE\Extensions\Microsoft\SQLCommon\140\SqlWorkbench.Interfaces.dll
[0b00:0004][2017-10-17T09:47:00] Completed: Copying file /Contents/Common7/IDE/Extensions/Microsoft/SQLCommon/140/SqlWorkbench.Interfaces.dll to C:\Program Files (x86)\Microsoft Visual Studio\2017\Community\Common7\IDE\Extensions\Microsoft\SQLCommon\140\SqlWorkbench.Interfaces.dll
[0b00:0004][2017-10-17T09:47:00] Timestamp updated for file 'C:\Program Files (x86)\Microsoft Visual Studio\2017\Community\Common7\IDE\Extensions\Microsoft\SQLCommon\140\SqlWorkbench.Interfaces.dll'.
[0b00:0004][2017-10-17T09:47:00] Package executed successfully. Return code: 0
