INFO: -Operation Install -SKU Community -InstallationID 7a56c1b0 -InstallationName VisualStudio/15.4.0+27004.2002 -InstallationVersion 15.4.27004.2002 -InstallationWorkloads Microsoft.VisualStudio.Workload.CoreEditor,Microsoft.VisualStudio.Workload.NetWeb,Microsoft.VisualStudio.Workload.NetCoreTools -InstallationPackages Microsoft.VisualStudio.Component.CoreEditor,Microsoft.VisualStudio.Component.NuGet,Microsoft.Net.Component.4.6.1.SDK,Microsoft.VisualStudio.Component.TypeScript.2.3,Microsoft.VisualStudio.Component.Roslyn.Compiler,Microsoft.VisualStudio.Component.Static.Analysis.Tools,Microsoft.VisualStudio.Component.Roslyn.LanguageServices,Component.Microsoft.VisualStudio.RazorExtension,Microsoft.VisualStudio.ComponentGroup.WebToolsExtensions,Microsoft.VisualStudio.Component.JavaScript.TypeScript,Component.WebSocket,Microsoft.VisualStudio.Component.JavaScript.Diagnostics,Microsoft.VisualStudio.Component.PortableLibrary,Microsoft.VisualStudio.Component.SQL.CLR,Microsoft.VisualStudio.Component.VisualStudioData,Microsoft.VisualStudio.Component.AppInsights.Tools,Microsoft.VisualStudio.Component.DiagnosticTools,Microsoft.Component.ClickOnce,Microsoft.Net.Component.4.5.TargetingPack,Microsoft.Component.MSBuild,Microsoft.Net.Component.4.6.1.TargetingPack,Microsoft.Net.ComponentGroup.DevelopmentPrerequisites,Microsoft.VisualStudio.Component.TextTemplating,Microsoft.VisualStudio.Component.ManagedDesktop.Core,Microsoft.Net.Component.4.TargetingPack,Microsoft.Net.Component.4.5.1.TargetingPack,Microsoft.Net.Component.4.5.2.TargetingPack,Microsoft.Net.Component.4.6.TargetingPack,Microsoft.Net.ComponentGroup.TargetingPacks.Common,Microsoft.VisualStudio.Component.EntityFramework,Microsoft.VisualStudio.Component.FSharp,Microsoft.Net.Component.4.6.2.SDK,Microsoft.Net.Component.4.6.2.TargetingPack,Microsoft.Net.ComponentGroup.4.6.2.DeveloperTools,Microsoft.Net.Component.4.7.SDK,Microsoft.Net.Component.4.7.TargetingPack,Microsoft.Net.ComponentGroup.4.7.DeveloperTools,Microsoft.Net.Core.Component.SDK,Microsoft.NetCore.ComponentGroup.DevelopmentTools,Microsoft.Net.Core.Component.SDK.1x,Microsoft.VisualStudio.Component.IISExpress,Microsoft.VisualStudio.Component.WebDeploy,Microsoft.VisualStudio.Component.Wcf.Tooling,Microsoft.VisualStudio.Component.SQL.NCLI,Microsoft.VisualStudio.Component.SQL.LocalDB.Runtime,Microsoft.NetCore.ComponentGroup.Web,Microsoft.VisualStudio.Component.SQL.ADAL,Microsoft.VisualStudio.Component.Common.Azure.Tools,Microsoft.VisualStudio.Component.SQL.CMDUtils,Microsoft.VisualStudio.Component.SQL.SSDT,Microsoft.VisualStudio.Component.SQL.DataSources,Microsoft.VisualStudio.ComponentGroup.Web,Microsoft.VisualStudio.Component.Web,Microsoft.VisualStudio.Component.DockerTools,Microsoft.VisualStudio.Component.Azure.Compute.Emulator,Microsoft.VisualStudio.Component.Azure.Storage.Emulator,Microsoft.VisualStudio.Component.Azure.ClientLibs,Microsoft.VisualStudio.Component.Azure.AuthoringTools,Microsoft.VisualStudio.Component.Azure.Waverton,Microsoft.VisualStudio.Component.CloudExplorer,Microsoft.VisualStudio.ComponentGroup.IISDevelopment,Microsoft.VisualStudio.Web.Mvc4.ComponentGroup,Microsoft.NetCore.1x.ComponentGroup.Web -AlphaPacksCount 0 -ComponentId Microsoft.VisualStudio.Product.Community -ProductKey -ChannelsPath "C:\Users\ContainerAdministrator\AppData\Local\Microsoft\VisualStudio\Packages\_Channels\4CB340F5\catalog.json" -ChannelId "VisualStudio.15.Release" -ChannelManifestId "VisualStudio.15.Release/15.4.0+27004.2002" -SetupEngineFilePath "C:\Program Files (x86)\Microsoft Visual Studio\Installer\vs_installershell.exe" -Log "C:\Users\ContainerAdministrator\AppData\Local\Temp\dd_setup_20171017094538_312_Microsoft.VisualStudio.Product.Community.log" -Nickname "" -DisplayVersion "15.4.0" -SemanticVersion "15.4.0+27004.2002" -ChannelTitle "Release" -ChannelSuffix "" -CampaignId "" -SetupResult 1
INFO: Process path: C:\Program Files (x86)\Microsoft Visual Studio\2017\Community\common7\ide\vsfinalizer.exe
INFO: Begin execution: CleanAppDataDirectoryFinalizerTask
INFO: AppData Path cannot be found: C:\Users\ContainerAdministrator\AppData\Local\Microsoft\VisualStudio\15.0_7a56c1b0
INFO: AppData Path cannot be found: C:\Users\ContainerAdministrator\AppData\Local\Microsoft\VisualStudio\15.0Exp_7a56c1b0
INFO: AppData Path cannot be found: C:\Users\ContainerAdministrator\AppData\Roaming\Microsoft\VisualStudio\15.0_7a56c1b0
INFO: AppData Path cannot be found: C:\Users\ContainerAdministrator\AppData\Roaming\Microsoft\VisualStudio\15.0Exp_7a56c1b0
INFO: Did not find WDExpress.exe, skipping.
INFO: Completed execution: CleanAppDataDirectoryFinalizerTask
INFO: Begin execution: RefreshWindowsSxsCacheFinalizerTask
INFO: Skip updating last write time: file 'C:\Program Files (x86)\Microsoft Visual Studio\2017\Community\common7\ide\blend.exe' does not exist
INFO: Updated 'C:\Program Files (x86)\Microsoft Visual Studio\2017\Community\common7\ide\devenv.exe' last write time to '10/17/2017 9:50:14 AM'
INFO: Skip updating last write time: file 'C:\Program Files (x86)\Microsoft Visual Studio\2017\Community\common7\ide\VsGa.exe' does not exist
INFO: Skip updating last write time: file 'C:\Program Files (x86)\Microsoft Visual Studio\2017\Community\common7\ide\WDExpress.exe' does not exist
INFO: Completed execution: RefreshWindowsSxsCacheFinalizerTask
INFO: Begin execution: RecordInstallTimeFinalizerTask
INFO: Set new InstallationDateTime.
INFO: Set new GlobalMachineId
INFO: Completed execution: RecordInstallTimeFinalizerTask
INFO: Begin execution: RecordLicensingHashFinalizerTask
INFO: ProductKey parameter not specified.
INFO: Adding SKU license for Community.
INFO: Licenses parameter not specified or white space.
INFO: License is either empty or out of date. Writing a new one.
INFO: Completed execution: RecordLicensingHashFinalizerTask
INFO: Begin execution: RunDDConfigCAFinalizerTask
INFO: DDConfigCA output:
INFO: 	-1 -1 -1
	0 -1 -1
	1 -1 -1
	2 -1 -1
	3 -1 -1
	4 -1 -1
	5 -1 -1
	6 -1 -1
	7 -1 -1
	8 -1 -1
	9 -1 -1
	10 -1 -1
	11 -1 -1
	12 -1 -1
	13 -1 -1
	14 -1 -1
	15 -1 -1
	16 -1 -1
	17 -1 -1
	18 -1 -1
	19 -1 -1
	20 -1 -1
	21 -1 -1
	22 -1 -1
	23 -1 -1
	24 -1 -1
	25 -1 -1
	26 -1 -1
	27 -1 -1
	28 -1 -1
	29 -1 -1
	30 -1 -1
	31 -1 -1
	32 -1 -1
	33 -1 -1
	34 -1 -1
	35 -1 -1
	36 -1 -1
	-1 -1 -1
	0 -1 -1
	1 -1 -1
	2 8878 4
	3 -1 -1
	4 -1 -1
	5 -1 -1
	6 -1 -1
	7 -1 -1
	8 -1 -1
	9 -1 -1
	10 -1 -1
	11 -1 -1
	12 -1 -1
	13 -1 -1
	14 -1 -1
	15 -1 -1
	16 -1 -1
	17 -1 -1
	18 -1 -1
	19 -1 -1
	20 -1 -1
	21 -1 -1
	22 -1 -1
	23 -1 -1
	24 -1 -1
	25 -1 -1
	26 -1 -1
	27 -1 -1
	28 -1 -1
	29 -1 -1
	30 -1 -1
	31 -1 -1
	32 -1 -1
	33 -1 -1
	34 -1 -1
	35 -1 -1
	36 -1 -1

INFO: Completed execution: RunDDConfigCAFinalizerTask
INFO: Begin execution: RecordProductCodeFinalizerTask
INFO: Set product information for current installation
INFO: Completed execution: RecordProductCodeFinalizerTask
INFO: Begin execution: RunConfigFinalizerTask
INFO: Update configuration: Completed
ERROR: exe does not exist - C:\Program Files (x86)\Microsoft Visual Studio\2017\Community\common7\ide\WDExpress.exe
INFO: Completed execution: RunConfigFinalizerTask
INFO: Begin execution: RegisterProgIdSupportFinalizerTask
INFO: Wrote default value "C:\Program Files (x86)\Microsoft Visual Studio\2017\Community\common7\ide\devenv.exe" to CLSID\{3829D1F4-A427-4C75-B63C-7ABB7521B225}\LocalServer32
INFO: Wrote default value C:\Program Files (x86)\Microsoft Visual Studio\2017\Community\common7\ide\devenv.exe,1200 to CLSID\{3829D1F4-A427-4C75-B63C-7ABB7521B225}\DefaultIcon
INFO: Wrote default value "C:\Program Files (x86)\Microsoft Visual Studio\2017\Community\common7\ide\devenv.exe" to CLSID\{27E23E49-0BAD-437C-9F4A-F1F8682535CA}\LocalServer32
INFO: Wrote default value C:\Program Files (x86)\Microsoft Visual Studio\2017\Community\common7\ide\devenv.exe,1200 to CLSID\{27E23E49-0BAD-437C-9F4A-F1F8682535CA}\DefaultIcon
INFO: Registered Prog Id successfully
INFO: File not found, skipping: C:\Program Files (x86)\Microsoft Visual Studio\2017\Community\common7\ide\WDExpress.exe
INFO: Completed execution: RegisterProgIdSupportFinalizerTask
INFO: Begin execution: VsWerHandlerRegistrationFinalizerTask
INFO: Set registry value "C:\Program Files (x86)\Microsoft Visual Studio\2017\Community\common7\ide\VsWerHandler.dll" in key "Software\Microsoft\Windows\Windows Error Reporting\RuntimeExceptionHelperModules" to 1.
INFO: Completed execution: VsWerHandlerRegistrationFinalizerTask
INFO: Begin execution: RunPerfWatsonCustomActionFinalizerTask
INFO: The Server service is not started.

INFO: Completed execution: RunPerfWatsonCustomActionFinalizerTask
INFO: Begin execution: IsolationIniFileFinalizerTask
INFO: Did not find blend.exe, skipping.
INFO: Did not find VsGa.exe, skipping.
INFO: Wrote devenv.isolation.ini file.
INFO: Did not find WDExpress.exe, skipping.
INFO: Completed execution: IsolationIniFileFinalizerTask
