[0b00:0004][2017-10-17T09:47:34] Opening the package for processing
[0b00:0004][2017-10-17T09:47:34] Using package payload to get the embedded manifest
[0b00:0004][2017-10-17T09:47:34] Getting list of files within the package
[0b00:0004][2017-10-17T09:47:34] Processing file /Contents/Common7/IDE/CommonExtensions/Microsoft/XamlLanguageService/en/Microsoft.VisualStudio.DesignTools.XamlLanguageService.resources.dll
[0b00:0004][2017-10-17T09:47:34] Started: Copying file /Contents/Common7/IDE/CommonExtensions/Microsoft/XamlLanguageService/en/Microsoft.VisualStudio.DesignTools.XamlLanguageService.resources.dll to C:\Program Files (x86)\Microsoft Visual Studio\2017\Community\Common7\IDE\CommonExtensions\Microsoft\XamlLanguageService\en\Microsoft.VisualStudio.DesignTools.XamlLanguageService.resources.dll
[0b00:0004][2017-10-17T09:47:34] Completed: Copying file /Contents/Common7/IDE/CommonExtensions/Microsoft/XamlLanguageService/en/Microsoft.VisualStudio.DesignTools.XamlLanguageService.resources.dll to C:\Program Files (x86)\Microsoft Visual Studio\2017\Community\Common7\IDE\CommonExtensions\Microsoft\XamlLanguageService\en\Microsoft.VisualStudio.DesignTools.XamlLanguageService.resources.dll
[0b00:0004][2017-10-17T09:47:34] Timestamp updated for file 'C:\Program Files (x86)\Microsoft Visual Studio\2017\Community\Common7\IDE\CommonExtensions\Microsoft\XamlLanguageService\en\Microsoft.VisualStudio.DesignTools.XamlLanguageService.resources.dll'.
[0b00:0004][2017-10-17T09:47:34] Processing file /Contents/Common7/IDE/PrivateAssemblies/en/Microsoft.VisualStudio.DesignTools.Designer.resources.dll
[0b00:0004][2017-10-17T09:47:34] Started: Copying file /Contents/Common7/IDE/PrivateAssemblies/en/Microsoft.VisualStudio.DesignTools.Designer.resources.dll to C:\Program Files (x86)\Microsoft Visual Studio\2017\Community\Common7\IDE\PrivateAssemblies\en\Microsoft.VisualStudio.DesignTools.Designer.resources.dll
[0b00:0004][2017-10-17T09:47:34] Completed: Copying file /Contents/Common7/IDE/PrivateAssemblies/en/Microsoft.VisualStudio.DesignTools.Designer.resources.dll to C:\Program Files (x86)\Microsoft Visual Studio\2017\Community\Common7\IDE\PrivateAssemblies\en\Microsoft.VisualStudio.DesignTools.Designer.resources.dll
[0b00:0004][2017-10-17T09:47:34] Timestamp updated for file 'C:\Program Files (x86)\Microsoft Visual Studio\2017\Community\Common7\IDE\PrivateAssemblies\en\Microsoft.VisualStudio.DesignTools.Designer.resources.dll'.
[0b00:0004][2017-10-17T09:47:34] Processing file /Contents/Common7/IDE/PrivateAssemblies/en/Microsoft.VisualStudio.DesignTools.DesignerContract.resources.dll
[0b00:0004][2017-10-17T09:47:34] Started: Copying file /Contents/Common7/IDE/PrivateAssemblies/en/Microsoft.VisualStudio.DesignTools.DesignerContract.resources.dll to C:\Program Files (x86)\Microsoft Visual Studio\2017\Community\Common7\IDE\PrivateAssemblies\en\Microsoft.VisualStudio.DesignTools.DesignerContract.resources.dll
[0b00:0004][2017-10-17T09:47:34] Completed: Copying file /Contents/Common7/IDE/PrivateAssemblies/en/Microsoft.VisualStudio.DesignTools.DesignerContract.resources.dll to C:\Program Files (x86)\Microsoft Visual Studio\2017\Community\Common7\IDE\PrivateAssemblies\en\Microsoft.VisualStudio.DesignTools.DesignerContract.resources.dll
[0b00:0004][2017-10-17T09:47:34] Timestamp updated for file 'C:\Program Files (x86)\Microsoft Visual Studio\2017\Community\Common7\IDE\PrivateAssemblies\en\Microsoft.VisualStudio.DesignTools.DesignerContract.resources.dll'.
[0b00:0004][2017-10-17T09:47:34] Processing file /Contents/Common7/IDE/PrivateAssemblies/en/Microsoft.VisualStudio.DesignTools.DesignerHost.resources.dll
[0b00:0004][2017-10-17T09:47:34] Started: Copying file /Contents/Common7/IDE/PrivateAssemblies/en/Microsoft.VisualStudio.DesignTools.DesignerHost.resources.dll to C:\Program Files (x86)\Microsoft Visual Studio\2017\Community\Common7\IDE\PrivateAssemblies\en\Microsoft.VisualStudio.DesignTools.DesignerHost.resources.dll
[0b00:0004][2017-10-17T09:47:34] Completed: Copying file /Contents/Common7/IDE/PrivateAssemblies/en/Microsoft.VisualStudio.DesignTools.DesignerHost.resources.dll to C:\Program Files (x86)\Microsoft Visual Studio\2017\Community\Common7\IDE\PrivateAssemblies\en\Microsoft.VisualStudio.DesignTools.DesignerHost.resources.dll
[0b00:0004][2017-10-17T09:47:34] Timestamp updated for file 'C:\Program Files (x86)\Microsoft Visual Studio\2017\Community\Common7\IDE\PrivateAssemblies\en\Microsoft.VisualStudio.DesignTools.DesignerHost.resources.dll'.
[0b00:0004][2017-10-17T09:47:34] Processing file /Contents/Common7/IDE/PrivateAssemblies/en/Microsoft.VisualStudio.DesignTools.SurfaceDesigner.resources.dll
[0b00:0004][2017-10-17T09:47:34] Started: Copying file /Contents/Common7/IDE/PrivateAssemblies/en/Microsoft.VisualStudio.DesignTools.SurfaceDesigner.resources.dll to C:\Program Files (x86)\Microsoft Visual Studio\2017\Community\Common7\IDE\PrivateAssemblies\en\Microsoft.VisualStudio.DesignTools.SurfaceDesigner.resources.dll
[0b00:0004][2017-10-17T09:47:34] Completed: Copying file /Contents/Common7/IDE/PrivateAssemblies/en/Microsoft.VisualStudio.DesignTools.SurfaceDesigner.resources.dll to C:\Program Files (x86)\Microsoft Visual Studio\2017\Community\Common7\IDE\PrivateAssemblies\en\Microsoft.VisualStudio.DesignTools.SurfaceDesigner.resources.dll
[0b00:0004][2017-10-17T09:47:34] Timestamp updated for file 'C:\Program Files (x86)\Microsoft Visual Studio\2017\Community\Common7\IDE\PrivateAssemblies\en\Microsoft.VisualStudio.DesignTools.SurfaceDesigner.resources.dll'.
[0b00:0004][2017-10-17T09:47:34] Processing file /Contents/Common7/IDE/PrivateAssemblies/en/Microsoft.VisualStudio.DesignTools.WpfDesigner.resources.dll
[0b00:0004][2017-10-17T09:47:34] Started: Copying file /Contents/Common7/IDE/PrivateAssemblies/en/Microsoft.VisualStudio.DesignTools.WpfDesigner.resources.dll to C:\Program Files (x86)\Microsoft Visual Studio\2017\Community\Common7\IDE\PrivateAssemblies\en\Microsoft.VisualStudio.DesignTools.WpfDesigner.resources.dll
[0b00:0004][2017-10-17T09:47:34] Completed: Copying file /Contents/Common7/IDE/PrivateAssemblies/en/Microsoft.VisualStudio.DesignTools.WpfDesigner.resources.dll to C:\Program Files (x86)\Microsoft Visual Studio\2017\Community\Common7\IDE\PrivateAssemblies\en\Microsoft.VisualStudio.DesignTools.WpfDesigner.resources.dll
[0b00:0004][2017-10-17T09:47:34] Timestamp updated for file 'C:\Program Files (x86)\Microsoft Visual Studio\2017\Community\Common7\IDE\PrivateAssemblies\en\Microsoft.VisualStudio.DesignTools.WpfDesigner.resources.dll'.
[0b00:0004][2017-10-17T09:47:34] Processing file /Contents/Common7/IDE/PrivateAssemblies/en/Microsoft.VisualStudio.DesignTools.WpfSurfaceDesigner.resources.dll
[0b00:0004][2017-10-17T09:47:34] Started: Copying file /Contents/Common7/IDE/PrivateAssemblies/en/Microsoft.VisualStudio.DesignTools.WpfSurfaceDesigner.resources.dll to C:\Program Files (x86)\Microsoft Visual Studio\2017\Community\Common7\IDE\PrivateAssemblies\en\Microsoft.VisualStudio.DesignTools.WpfSurfaceDesigner.resources.dll
[0b00:0004][2017-10-17T09:47:34] Completed: Copying file /Contents/Common7/IDE/PrivateAssemblies/en/Microsoft.VisualStudio.DesignTools.WpfSurfaceDesigner.resources.dll to C:\Program Files (x86)\Microsoft Visual Studio\2017\Community\Common7\IDE\PrivateAssemblies\en\Microsoft.VisualStudio.DesignTools.WpfSurfaceDesigner.resources.dll
[0b00:0004][2017-10-17T09:47:34] Timestamp updated for file 'C:\Program Files (x86)\Microsoft Visual Studio\2017\Community\Common7\IDE\PrivateAssemblies\en\Microsoft.VisualStudio.DesignTools.WpfSurfaceDesigner.resources.dll'.
[0b00:0004][2017-10-17T09:47:34] Processing file /Contents/Common7/IDE/PrivateAssemblies/en/Microsoft.VisualStudio.DesignTools.XamlDesigner.resources.dll
[0b00:0004][2017-10-17T09:47:34] Started: Copying file /Contents/Common7/IDE/PrivateAssemblies/en/Microsoft.VisualStudio.DesignTools.XamlDesigner.resources.dll to C:\Program Files (x86)\Microsoft Visual Studio\2017\Community\Common7\IDE\PrivateAssemblies\en\Microsoft.VisualStudio.DesignTools.XamlDesigner.resources.dll
[0b00:0004][2017-10-17T09:47:34] Completed: Copying file /Contents/Common7/IDE/PrivateAssemblies/en/Microsoft.VisualStudio.DesignTools.XamlDesigner.resources.dll to C:\Program Files (x86)\Microsoft Visual Studio\2017\Community\Common7\IDE\PrivateAssemblies\en\Microsoft.VisualStudio.DesignTools.XamlDesigner.resources.dll
[0b00:0004][2017-10-17T09:47:34] Timestamp updated for file 'C:\Program Files (x86)\Microsoft Visual Studio\2017\Community\Common7\IDE\PrivateAssemblies\en\Microsoft.VisualStudio.DesignTools.XamlDesigner.resources.dll'.
[0b00:0004][2017-10-17T09:47:34] Processing file /Contents/Common7/IDE/PrivateAssemblies/en/Microsoft.VisualStudio.DesignTools.XamlDesignerHost.resources.dll
[0b00:0004][2017-10-17T09:47:34] Started: Copying file /Contents/Common7/IDE/PrivateAssemblies/en/Microsoft.VisualStudio.DesignTools.XamlDesignerHost.resources.dll to C:\Program Files (x86)\Microsoft Visual Studio\2017\Community\Common7\IDE\PrivateAssemblies\en\Microsoft.VisualStudio.DesignTools.XamlDesignerHost.resources.dll
[0b00:0004][2017-10-17T09:47:34] Completed: Copying file /Contents/Common7/IDE/PrivateAssemblies/en/Microsoft.VisualStudio.DesignTools.XamlDesignerHost.resources.dll to C:\Program Files (x86)\Microsoft Visual Studio\2017\Community\Common7\IDE\PrivateAssemblies\en\Microsoft.VisualStudio.DesignTools.XamlDesignerHost.resources.dll
[0b00:0004][2017-10-17T09:47:34] Timestamp updated for file 'C:\Program Files (x86)\Microsoft Visual Studio\2017\Community\Common7\IDE\PrivateAssemblies\en\Microsoft.VisualStudio.DesignTools.XamlDesignerHost.resources.dll'.
[0b00:0004][2017-10-17T09:47:34] Processing file /Contents/Common7/IDE/PrivateAssemblies/en/Microsoft.VisualStudio.DesignTools.XamlSurfaceDesigner.resources.dll
[0b00:0004][2017-10-17T09:47:34] Started: Copying file /Contents/Common7/IDE/PrivateAssemblies/en/Microsoft.VisualStudio.DesignTools.XamlSurfaceDesigner.resources.dll to C:\Program Files (x86)\Microsoft Visual Studio\2017\Community\Common7\IDE\PrivateAssemblies\en\Microsoft.VisualStudio.DesignTools.XamlSurfaceDesigner.resources.dll
[0b00:0004][2017-10-17T09:47:34] Completed: Copying file /Contents/Common7/IDE/PrivateAssemblies/en/Microsoft.VisualStudio.DesignTools.XamlSurfaceDesigner.resources.dll to C:\Program Files (x86)\Microsoft Visual Studio\2017\Community\Common7\IDE\PrivateAssemblies\en\Microsoft.VisualStudio.DesignTools.XamlSurfaceDesigner.resources.dll
[0b00:0004][2017-10-17T09:47:34] Timestamp updated for file 'C:\Program Files (x86)\Microsoft Visual Studio\2017\Community\Common7\IDE\PrivateAssemblies\en\Microsoft.VisualStudio.DesignTools.XamlSurfaceDesigner.resources.dll'.
[0b00:0004][2017-10-17T09:47:34] Processing file /Contents/Common7/IDE/PublicAssemblies/en/Microsoft.Windows.Design.Extensibility.resources.dll
[0b00:0004][2017-10-17T09:47:34] Started: Copying file /Contents/Common7/IDE/PublicAssemblies/en/Microsoft.Windows.Design.Extensibility.resources.dll to C:\Program Files (x86)\Microsoft Visual Studio\2017\Community\Common7\IDE\PublicAssemblies\en\Microsoft.Windows.Design.Extensibility.resources.dll
[0b00:0004][2017-10-17T09:47:34] Completed: Copying file /Contents/Common7/IDE/PublicAssemblies/en/Microsoft.Windows.Design.Extensibility.resources.dll to C:\Program Files (x86)\Microsoft Visual Studio\2017\Community\Common7\IDE\PublicAssemblies\en\Microsoft.Windows.Design.Extensibility.resources.dll
[0b00:0004][2017-10-17T09:47:34] Timestamp updated for file 'C:\Program Files (x86)\Microsoft Visual Studio\2017\Community\Common7\IDE\PublicAssemblies\en\Microsoft.Windows.Design.Extensibility.resources.dll'.
[0b00:0004][2017-10-17T09:47:34] Processing file /Contents/Common7/IDE/PublicAssemblies/en/Microsoft.Windows.Design.Interaction.resources.dll
[0b00:0004][2017-10-17T09:47:34] Started: Copying file /Contents/Common7/IDE/PublicAssemblies/en/Microsoft.Windows.Design.Interaction.resources.dll to C:\Program Files (x86)\Microsoft Visual Studio\2017\Community\Common7\IDE\PublicAssemblies\en\Microsoft.Windows.Design.Interaction.resources.dll
[0b00:0004][2017-10-17T09:47:34] Completed: Copying file /Contents/Common7/IDE/PublicAssemblies/en/Microsoft.Windows.Design.Interaction.resources.dll to C:\Program Files (x86)\Microsoft Visual Studio\2017\Community\Common7\IDE\PublicAssemblies\en\Microsoft.Windows.Design.Interaction.resources.dll
[0b00:0004][2017-10-17T09:47:34] Timestamp updated for file 'C:\Program Files (x86)\Microsoft Visual Studio\2017\Community\Common7\IDE\PublicAssemblies\en\Microsoft.Windows.Design.Interaction.resources.dll'.
[0b00:0004][2017-10-17T09:47:34] Processing file /Contents/DesignTools/AppThemes/en/Simple%20Styles.xaml
[0b00:0004][2017-10-17T09:47:34] Started: Copying file /Contents/DesignTools/AppThemes/en/Simple%20Styles.xaml to C:\Program Files (x86)\Microsoft Visual Studio\2017\Community\DesignTools\AppThemes\en\Simple Styles.xaml
[0b00:0004][2017-10-17T09:47:34] Completed: Copying file /Contents/DesignTools/AppThemes/en/Simple%20Styles.xaml to C:\Program Files (x86)\Microsoft Visual Studio\2017\Community\DesignTools\AppThemes\en\Simple Styles.xaml
[0b00:0004][2017-10-17T09:47:34] Timestamp updated for file 'C:\Program Files (x86)\Microsoft Visual Studio\2017\Community\DesignTools\AppThemes\en\Simple Styles.xaml'.
[0b00:0004][2017-10-17T09:47:34] Processing file /Contents/DesignTools/SampleData/en/Data/LoremIpsum.txt
[0b00:0004][2017-10-17T09:47:34] Started: Copying file /Contents/DesignTools/SampleData/en/Data/LoremIpsum.txt to C:\Program Files (x86)\Microsoft Visual Studio\2017\Community\DesignTools\SampleData\en\Data\LoremIpsum.txt
[0b00:0004][2017-10-17T09:47:34] Completed: Copying file /Contents/DesignTools/SampleData/en/Data/LoremIpsum.txt to C:\Program Files (x86)\Microsoft Visual Studio\2017\Community\DesignTools\SampleData\en\Data\LoremIpsum.txt
[0b00:0004][2017-10-17T09:47:34] Timestamp updated for file 'C:\Program Files (x86)\Microsoft Visual Studio\2017\Community\DesignTools\SampleData\en\Data\LoremIpsum.txt'.
[0b00:0004][2017-10-17T09:47:34] Processing file /Contents/DesignTools/SampleData/en/Data/SampleStrings.csv
[0b00:0004][2017-10-17T09:47:34] Started: Copying file /Contents/DesignTools/SampleData/en/Data/SampleStrings.csv to C:\Program Files (x86)\Microsoft Visual Studio\2017\Community\DesignTools\SampleData\en\Data\SampleStrings.csv
[0b00:0004][2017-10-17T09:47:34] Completed: Copying file /Contents/DesignTools/SampleData/en/Data/SampleStrings.csv to C:\Program Files (x86)\Microsoft Visual Studio\2017\Community\DesignTools\SampleData\en\Data\SampleStrings.csv
[0b00:0004][2017-10-17T09:47:34] Timestamp updated for file 'C:\Program Files (x86)\Microsoft Visual Studio\2017\Community\DesignTools\SampleData\en\Data\SampleStrings.csv'.
[0b00:0004][2017-10-17T09:47:34] Processing file /Contents/DesignTools/SampleData/en/Images/image01.png
[0b00:0004][2017-10-17T09:47:34] Started: Copying file /Contents/DesignTools/SampleData/en/Images/image01.png to C:\Program Files (x86)\Microsoft Visual Studio\2017\Community\DesignTools\SampleData\en\Images\image01.png
[0b00:0004][2017-10-17T09:47:34] Completed: Copying file /Contents/DesignTools/SampleData/en/Images/image01.png to C:\Program Files (x86)\Microsoft Visual Studio\2017\Community\DesignTools\SampleData\en\Images\image01.png
[0b00:0004][2017-10-17T09:47:34] Timestamp updated for file 'C:\Program Files (x86)\Microsoft Visual Studio\2017\Community\DesignTools\SampleData\en\Images\image01.png'.
[0b00:0004][2017-10-17T09:47:34] Processing file /Contents/DesignTools/SampleData/en/Images/image02.png
[0b00:0004][2017-10-17T09:47:34] Started: Copying file /Contents/DesignTools/SampleData/en/Images/image02.png to C:\Program Files (x86)\Microsoft Visual Studio\2017\Community\DesignTools\SampleData\en\Images\image02.png
[0b00:0004][2017-10-17T09:47:34] Completed: Copying file /Contents/DesignTools/SampleData/en/Images/image02.png to C:\Program Files (x86)\Microsoft Visual Studio\2017\Community\DesignTools\SampleData\en\Images\image02.png
[0b00:0004][2017-10-17T09:47:34] Timestamp updated for file 'C:\Program Files (x86)\Microsoft Visual Studio\2017\Community\DesignTools\SampleData\en\Images\image02.png'.
[0b00:0004][2017-10-17T09:47:34] Processing file /Contents/DesignTools/SampleData/en/Images/image03.png
[0b00:0004][2017-10-17T09:47:34] Started: Copying file /Contents/DesignTools/SampleData/en/Images/image03.png to C:\Program Files (x86)\Microsoft Visual Studio\2017\Community\DesignTools\SampleData\en\Images\image03.png
[0b00:0004][2017-10-17T09:47:34] Completed: Copying file /Contents/DesignTools/SampleData/en/Images/image03.png to C:\Program Files (x86)\Microsoft Visual Studio\2017\Community\DesignTools\SampleData\en\Images\image03.png
[0b00:0004][2017-10-17T09:47:34] Timestamp updated for file 'C:\Program Files (x86)\Microsoft Visual Studio\2017\Community\DesignTools\SampleData\en\Images\image03.png'.
[0b00:0004][2017-10-17T09:47:34] Processing file /Contents/DesignTools/SampleData/en/Images/image04.png
[0b00:0004][2017-10-17T09:47:34] Started: Copying file /Contents/DesignTools/SampleData/en/Images/image04.png to C:\Program Files (x86)\Microsoft Visual Studio\2017\Community\DesignTools\SampleData\en\Images\image04.png
[0b00:0004][2017-10-17T09:47:34] Completed: Copying file /Contents/DesignTools/SampleData/en/Images/image04.png to C:\Program Files (x86)\Microsoft Visual Studio\2017\Community\DesignTools\SampleData\en\Images\image04.png
[0b00:0004][2017-10-17T09:47:34] Timestamp updated for file 'C:\Program Files (x86)\Microsoft Visual Studio\2017\Community\DesignTools\SampleData\en\Images\image04.png'.
[0b00:0004][2017-10-17T09:47:34] Processing file /Contents/DesignTools/SampleData/en/Images/image05.png
[0b00:0004][2017-10-17T09:47:34] Started: Copying file /Contents/DesignTools/SampleData/en/Images/image05.png to C:\Program Files (x86)\Microsoft Visual Studio\2017\Community\DesignTools\SampleData\en\Images\image05.png
[0b00:0004][2017-10-17T09:47:34] Completed: Copying file /Contents/DesignTools/SampleData/en/Images/image05.png to C:\Program Files (x86)\Microsoft Visual Studio\2017\Community\DesignTools\SampleData\en\Images\image05.png
[0b00:0004][2017-10-17T09:47:34] Timestamp updated for file 'C:\Program Files (x86)\Microsoft Visual Studio\2017\Community\DesignTools\SampleData\en\Images\image05.png'.
[0b00:0004][2017-10-17T09:47:34] Processing file /Contents/DesignTools/Snippets/XAML/1033/Snippets/Tag.snippet
[0b00:0004][2017-10-17T09:47:34] Started: Copying file /Contents/DesignTools/Snippets/XAML/1033/Snippets/Tag.snippet to C:\Program Files (x86)\Microsoft Visual Studio\2017\Community\DesignTools\Snippets\XAML\1033\Snippets\Tag.snippet
[0b00:0004][2017-10-17T09:47:34] Completed: Copying file /Contents/DesignTools/Snippets/XAML/1033/Snippets/Tag.snippet to C:\Program Files (x86)\Microsoft Visual Studio\2017\Community\DesignTools\Snippets\XAML\1033\Snippets\Tag.snippet
[0b00:0004][2017-10-17T09:47:34] Timestamp updated for file 'C:\Program Files (x86)\Microsoft Visual Studio\2017\Community\DesignTools\Snippets\XAML\1033\Snippets\Tag.snippet'.
[0b00:0004][2017-10-17T09:47:34] Package executed successfully. Return code: 0
