[0b00:0004][2017-10-17T09:47:43] Opening the package for processing
[0b00:0004][2017-10-17T09:47:43] Using package payload to get the embedded manifest
[0b00:0004][2017-10-17T09:47:43] Getting list of files within the package
[0b00:0004][2017-10-17T09:47:43] Processing file /Contents/Common7/IDE/CommonExtensions/Platform/DiagnosticsHub/VsStandardCollector.exe
[0b00:0004][2017-10-17T09:47:43] Started: Copying file /Contents/Common7/IDE/CommonExtensions/Platform/DiagnosticsHub/VsStandardCollector.exe to C:\Program Files (x86)\Microsoft Visual Studio\2017\Community\Common7\IDE\CommonExtensions\Platform\DiagnosticsHub\VsStandardCollector.exe
[0b00:0004][2017-10-17T09:47:43] Completed: Copying file /Contents/Common7/IDE/CommonExtensions/Platform/DiagnosticsHub/VsStandardCollector.exe to C:\Program Files (x86)\Microsoft Visual Studio\2017\Community\Common7\IDE\CommonExtensions\Platform\DiagnosticsHub\VsStandardCollector.exe
[0b00:0004][2017-10-17T09:47:43] Timestamp updated for file 'C:\Program Files (x86)\Microsoft Visual Studio\2017\Community\Common7\IDE\CommonExtensions\Platform\DiagnosticsHub\VsStandardCollector.exe'.
[0b00:0004][2017-10-17T09:47:43] Processing file /Contents/Team%20Tools/DiagnosticsHub/Collector/amd64/DiagnosticsHub.StandardCollector.Proxy.dll
[0b00:0004][2017-10-17T09:47:43] Started: Copying file /Contents/Team%20Tools/DiagnosticsHub/Collector/amd64/DiagnosticsHub.StandardCollector.Proxy.dll to C:\Program Files (x86)\Microsoft Visual Studio\2017\Community\Team Tools\DiagnosticsHub\Collector\amd64\DiagnosticsHub.StandardCollector.Proxy.dll
[0b00:0004][2017-10-17T09:47:43] Completed: Copying file /Contents/Team%20Tools/DiagnosticsHub/Collector/amd64/DiagnosticsHub.StandardCollector.Proxy.dll to C:\Program Files (x86)\Microsoft Visual Studio\2017\Community\Team Tools\DiagnosticsHub\Collector\amd64\DiagnosticsHub.StandardCollector.Proxy.dll
[0b00:0004][2017-10-17T09:47:43] Timestamp updated for file 'C:\Program Files (x86)\Microsoft Visual Studio\2017\Community\Team Tools\DiagnosticsHub\Collector\amd64\DiagnosticsHub.StandardCollector.Proxy.dll'.
[0b00:0004][2017-10-17T09:47:43] Processing file /Contents/Team%20Tools/DiagnosticsHub/Collector/DiagnosticsHub.Packaging.Interop.dll
[0b00:0004][2017-10-17T09:47:43] Started: Copying file /Contents/Team%20Tools/DiagnosticsHub/Collector/DiagnosticsHub.Packaging.Interop.dll to C:\Program Files (x86)\Microsoft Visual Studio\2017\Community\Team Tools\DiagnosticsHub\Collector\DiagnosticsHub.Packaging.Interop.dll
[0b00:0004][2017-10-17T09:47:43] Completed: Copying file /Contents/Team%20Tools/DiagnosticsHub/Collector/DiagnosticsHub.Packaging.Interop.dll to C:\Program Files (x86)\Microsoft Visual Studio\2017\Community\Team Tools\DiagnosticsHub\Collector\DiagnosticsHub.Packaging.Interop.dll
[0b00:0004][2017-10-17T09:47:43] Timestamp updated for file 'C:\Program Files (x86)\Microsoft Visual Studio\2017\Community\Team Tools\DiagnosticsHub\Collector\DiagnosticsHub.Packaging.Interop.dll'.
[0b00:0004][2017-10-17T09:47:43] Processing file /Contents/Team%20Tools/DiagnosticsHub/Collector/DiagnosticsHub.StandardCollector.Host.Interop.dll
[0b00:0004][2017-10-17T09:47:43] Started: Copying file /Contents/Team%20Tools/DiagnosticsHub/Collector/DiagnosticsHub.StandardCollector.Host.Interop.dll to C:\Program Files (x86)\Microsoft Visual Studio\2017\Community\Team Tools\DiagnosticsHub\Collector\DiagnosticsHub.StandardCollector.Host.Interop.dll
[0b00:0004][2017-10-17T09:47:43] Completed: Copying file /Contents/Team%20Tools/DiagnosticsHub/Collector/DiagnosticsHub.StandardCollector.Host.Interop.dll to C:\Program Files (x86)\Microsoft Visual Studio\2017\Community\Team Tools\DiagnosticsHub\Collector\DiagnosticsHub.StandardCollector.Host.Interop.dll
[0b00:0004][2017-10-17T09:47:43] Timestamp updated for file 'C:\Program Files (x86)\Microsoft Visual Studio\2017\Community\Team Tools\DiagnosticsHub\Collector\DiagnosticsHub.StandardCollector.Host.Interop.dll'.
[0b00:0004][2017-10-17T09:47:43] Processing file /Contents/Team%20Tools/DiagnosticsHub/Collector/DiagnosticsHub.StandardCollector.Interop.dll
[0b00:0004][2017-10-17T09:47:43] Started: Copying file /Contents/Team%20Tools/DiagnosticsHub/Collector/DiagnosticsHub.StandardCollector.Interop.dll to C:\Program Files (x86)\Microsoft Visual Studio\2017\Community\Team Tools\DiagnosticsHub\Collector\DiagnosticsHub.StandardCollector.Interop.dll
[0b00:0004][2017-10-17T09:47:43] Completed: Copying file /Contents/Team%20Tools/DiagnosticsHub/Collector/DiagnosticsHub.StandardCollector.Interop.dll to C:\Program Files (x86)\Microsoft Visual Studio\2017\Community\Team Tools\DiagnosticsHub\Collector\DiagnosticsHub.StandardCollector.Interop.dll
[0b00:0004][2017-10-17T09:47:43] Timestamp updated for file 'C:\Program Files (x86)\Microsoft Visual Studio\2017\Community\Team Tools\DiagnosticsHub\Collector\DiagnosticsHub.StandardCollector.Interop.dll'.
[0b00:0004][2017-10-17T09:47:43] Processing file /Contents/Team%20Tools/DiagnosticsHub/Collector/DiagnosticsHub.StandardCollector.Runtime.dll
[0b00:0004][2017-10-17T09:47:43] Started: Copying file /Contents/Team%20Tools/DiagnosticsHub/Collector/DiagnosticsHub.StandardCollector.Runtime.dll to C:\Program Files (x86)\Microsoft Visual Studio\2017\Community\Team Tools\DiagnosticsHub\Collector\DiagnosticsHub.StandardCollector.Runtime.dll
[0b00:0004][2017-10-17T09:47:43] Completed: Copying file /Contents/Team%20Tools/DiagnosticsHub/Collector/DiagnosticsHub.StandardCollector.Runtime.dll to C:\Program Files (x86)\Microsoft Visual Studio\2017\Community\Team Tools\DiagnosticsHub\Collector\DiagnosticsHub.StandardCollector.Runtime.dll
[0b00:0004][2017-10-17T09:47:43] Timestamp updated for file 'C:\Program Files (x86)\Microsoft Visual Studio\2017\Community\Team Tools\DiagnosticsHub\Collector\DiagnosticsHub.StandardCollector.Runtime.dll'.
[0b00:0004][2017-10-17T09:47:43] Processing file /Contents/Team%20Tools/DiagnosticsHub/Collector/KernelTraceControl.dll
[0b00:0004][2017-10-17T09:47:43] Started: Copying file /Contents/Team%20Tools/DiagnosticsHub/Collector/KernelTraceControl.dll to C:\Program Files (x86)\Microsoft Visual Studio\2017\Community\Team Tools\DiagnosticsHub\Collector\KernelTraceControl.dll
[0b00:0004][2017-10-17T09:47:43] Completed: Copying file /Contents/Team%20Tools/DiagnosticsHub/Collector/KernelTraceControl.dll to C:\Program Files (x86)\Microsoft Visual Studio\2017\Community\Team Tools\DiagnosticsHub\Collector\KernelTraceControl.dll
[0b00:0004][2017-10-17T09:47:43] Timestamp updated for file 'C:\Program Files (x86)\Microsoft Visual Studio\2017\Community\Team Tools\DiagnosticsHub\Collector\KernelTraceControl.dll'.
[0b00:0004][2017-10-17T09:47:43] Processing file /Contents/Team%20Tools/DiagnosticsHub/Collector/Microsoft.DiagnosticsHub.Packaging.InteropEx.dll
[0b00:0004][2017-10-17T09:47:43] Started: Copying file /Contents/Team%20Tools/DiagnosticsHub/Collector/Microsoft.DiagnosticsHub.Packaging.InteropEx.dll to C:\Program Files (x86)\Microsoft Visual Studio\2017\Community\Team Tools\DiagnosticsHub\Collector\Microsoft.DiagnosticsHub.Packaging.InteropEx.dll
[0b00:0004][2017-10-17T09:47:43] Completed: Copying file /Contents/Team%20Tools/DiagnosticsHub/Collector/Microsoft.DiagnosticsHub.Packaging.InteropEx.dll to C:\Program Files (x86)\Microsoft Visual Studio\2017\Community\Team Tools\DiagnosticsHub\Collector\Microsoft.DiagnosticsHub.Packaging.InteropEx.dll
[0b00:0004][2017-10-17T09:47:43] Timestamp updated for file 'C:\Program Files (x86)\Microsoft Visual Studio\2017\Community\Team Tools\DiagnosticsHub\Collector\Microsoft.DiagnosticsHub.Packaging.InteropEx.dll'.
[0b00:0004][2017-10-17T09:47:43] Processing file /Contents/Team%20Tools/DiagnosticsHub/Collector/VSDiagnostics.exe
[0b00:0004][2017-10-17T09:47:43] Started: Copying file /Contents/Team%20Tools/DiagnosticsHub/Collector/VSDiagnostics.exe to C:\Program Files (x86)\Microsoft Visual Studio\2017\Community\Team Tools\DiagnosticsHub\Collector\VSDiagnostics.exe
[0b00:0004][2017-10-17T09:47:43] Completed: Copying file /Contents/Team%20Tools/DiagnosticsHub/Collector/VSDiagnostics.exe to C:\Program Files (x86)\Microsoft Visual Studio\2017\Community\Team Tools\DiagnosticsHub\Collector\VSDiagnostics.exe
[0b00:0004][2017-10-17T09:47:43] Timestamp updated for file 'C:\Program Files (x86)\Microsoft Visual Studio\2017\Community\Team Tools\DiagnosticsHub\Collector\VSDiagnostics.exe'.
[0b00:0004][2017-10-17T09:47:43] Processing file /Contents/Team%20Tools/DiagnosticsHub/Collector/x86/DiagnosticsHub.StandardCollector.Proxy.dll
[0b00:0004][2017-10-17T09:47:43] Started: Copying file /Contents/Team%20Tools/DiagnosticsHub/Collector/x86/DiagnosticsHub.StandardCollector.Proxy.dll to C:\Program Files (x86)\Microsoft Visual Studio\2017\Community\Team Tools\DiagnosticsHub\Collector\x86\DiagnosticsHub.StandardCollector.Proxy.dll
[0b00:0004][2017-10-17T09:47:43] Completed: Copying file /Contents/Team%20Tools/DiagnosticsHub/Collector/x86/DiagnosticsHub.StandardCollector.Proxy.dll to C:\Program Files (x86)\Microsoft Visual Studio\2017\Community\Team Tools\DiagnosticsHub\Collector\x86\DiagnosticsHub.StandardCollector.Proxy.dll
[0b00:0004][2017-10-17T09:47:43] Timestamp updated for file 'C:\Program Files (x86)\Microsoft Visual Studio\2017\Community\Team Tools\DiagnosticsHub\Collector\x86\DiagnosticsHub.StandardCollector.Proxy.dll'.
[0b00:0004][2017-10-17T09:47:43] Package executed successfully. Return code: 0
