[0b00:0004][2017-10-17T09:47:44] Opening the package for processing
[0b00:0004][2017-10-17T09:47:44] Using package payload to get the embedded manifest
[0b00:0004][2017-10-17T09:47:44] Getting list of files within the package
[0b00:0004][2017-10-17T09:47:44] Processing file /Contents/Common7/IDE/PrivateAssemblies/1033/vspmsgui.dll
[0b00:0004][2017-10-17T09:47:44] Started: Copying file /Contents/Common7/IDE/PrivateAssemblies/1033/vspmsgui.dll to C:\Program Files (x86)\Microsoft Visual Studio\2017\Community\Common7\IDE\PrivateAssemblies\1033\vspmsgui.dll
[0b00:0004][2017-10-17T09:47:44] Completed: Copying file /Contents/Common7/IDE/PrivateAssemblies/1033/vspmsgui.dll to C:\Program Files (x86)\Microsoft Visual Studio\2017\Community\Common7\IDE\PrivateAssemblies\1033\vspmsgui.dll
[0b00:0004][2017-10-17T09:47:44] Timestamp updated for file 'C:\Program Files (x86)\Microsoft Visual Studio\2017\Community\Common7\IDE\PrivateAssemblies\1033\vspmsgui.dll'.
[0b00:0004][2017-10-17T09:47:44] Processing file /Contents/Common7/IDE/PrivateAssemblies/DataCollectors/x64/1033/vspmsgui.dll
[0b00:0004][2017-10-17T09:47:44] Started: Copying file /Contents/Common7/IDE/PrivateAssemblies/DataCollectors/x64/1033/vspmsgui.dll to C:\Program Files (x86)\Microsoft Visual Studio\2017\Community\Common7\IDE\PrivateAssemblies\DataCollectors\x64\1033\vspmsgui.dll
[0b00:0004][2017-10-17T09:47:44] Completed: Copying file /Contents/Common7/IDE/PrivateAssemblies/DataCollectors/x64/1033/vspmsgui.dll to C:\Program Files (x86)\Microsoft Visual Studio\2017\Community\Common7\IDE\PrivateAssemblies\DataCollectors\x64\1033\vspmsgui.dll
[0b00:0004][2017-10-17T09:47:44] Timestamp updated for file 'C:\Program Files (x86)\Microsoft Visual Studio\2017\Community\Common7\IDE\PrivateAssemblies\DataCollectors\x64\1033\vspmsgui.dll'.
[0b00:0004][2017-10-17T09:47:44] Processing file /Contents/Common7/IDE/PrivateAssemblies/DataCollectors/x86/1033/vspmsgui.dll
[0b00:0004][2017-10-17T09:47:44] Started: Copying file /Contents/Common7/IDE/PrivateAssemblies/DataCollectors/x86/1033/vspmsgui.dll to C:\Program Files (x86)\Microsoft Visual Studio\2017\Community\Common7\IDE\PrivateAssemblies\DataCollectors\x86\1033\vspmsgui.dll
[0b00:0004][2017-10-17T09:47:44] Completed: Copying file /Contents/Common7/IDE/PrivateAssemblies/DataCollectors/x86/1033/vspmsgui.dll to C:\Program Files (x86)\Microsoft Visual Studio\2017\Community\Common7\IDE\PrivateAssemblies\DataCollectors\x86\1033\vspmsgui.dll
[0b00:0004][2017-10-17T09:47:44] Timestamp updated for file 'C:\Program Files (x86)\Microsoft Visual Studio\2017\Community\Common7\IDE\PrivateAssemblies\DataCollectors\x86\1033\vspmsgui.dll'.
[0b00:0004][2017-10-17T09:47:44] Processing file /Contents/Team%20Tools/Performance%20Tools/1033/perfpkgui.dll
[0b00:0004][2017-10-17T09:47:44] Started: Copying file /Contents/Team%20Tools/Performance%20Tools/1033/perfpkgui.dll to C:\Program Files (x86)\Microsoft Visual Studio\2017\Community\Team Tools\Performance Tools\1033\perfpkgui.dll
[0b00:0004][2017-10-17T09:47:44] Completed: Copying file /Contents/Team%20Tools/Performance%20Tools/1033/perfpkgui.dll to C:\Program Files (x86)\Microsoft Visual Studio\2017\Community\Team Tools\Performance Tools\1033\perfpkgui.dll
[0b00:0004][2017-10-17T09:47:44] Timestamp updated for file 'C:\Program Files (x86)\Microsoft Visual Studio\2017\Community\Team Tools\Performance Tools\1033\perfpkgui.dll'.
[0b00:0004][2017-10-17T09:47:44] Processing file /Contents/Team%20Tools/Performance%20Tools/1033/tsdevpkgui.dll
[0b00:0004][2017-10-17T09:47:44] Started: Copying file /Contents/Team%20Tools/Performance%20Tools/1033/tsdevpkgui.dll to C:\Program Files (x86)\Microsoft Visual Studio\2017\Community\Team Tools\Performance Tools\1033\tsdevpkgui.dll
[0b00:0004][2017-10-17T09:47:44] Completed: Copying file /Contents/Team%20Tools/Performance%20Tools/1033/tsdevpkgui.dll to C:\Program Files (x86)\Microsoft Visual Studio\2017\Community\Team Tools\Performance Tools\1033\tsdevpkgui.dll
[0b00:0004][2017-10-17T09:47:44] Timestamp updated for file 'C:\Program Files (x86)\Microsoft Visual Studio\2017\Community\Team Tools\Performance Tools\1033\tsdevpkgui.dll'.
[0b00:0004][2017-10-17T09:47:44] Processing file /Contents/Team%20Tools/Performance%20Tools/1033/vsinstrui.dll
[0b00:0004][2017-10-17T09:47:44] Started: Copying file /Contents/Team%20Tools/Performance%20Tools/1033/vsinstrui.dll to C:\Program Files (x86)\Microsoft Visual Studio\2017\Community\Team Tools\Performance Tools\1033\vsinstrui.dll
[0b00:0004][2017-10-17T09:47:44] Completed: Copying file /Contents/Team%20Tools/Performance%20Tools/1033/vsinstrui.dll to C:\Program Files (x86)\Microsoft Visual Studio\2017\Community\Team Tools\Performance Tools\1033\vsinstrui.dll
[0b00:0004][2017-10-17T09:47:44] Timestamp updated for file 'C:\Program Files (x86)\Microsoft Visual Studio\2017\Community\Team Tools\Performance Tools\1033\vsinstrui.dll'.
[0b00:0004][2017-10-17T09:47:44] Processing file /Contents/Team%20Tools/Performance%20Tools/1033/vspmsgui.dll
[0b00:0004][2017-10-17T09:47:44] Started: Copying file /Contents/Team%20Tools/Performance%20Tools/1033/vspmsgui.dll to C:\Program Files (x86)\Microsoft Visual Studio\2017\Community\Team Tools\Performance Tools\1033\vspmsgui.dll
[0b00:0004][2017-10-17T09:47:44] Completed: Copying file /Contents/Team%20Tools/Performance%20Tools/1033/vspmsgui.dll to C:\Program Files (x86)\Microsoft Visual Studio\2017\Community\Team Tools\Performance Tools\1033\vspmsgui.dll
[0b00:0004][2017-10-17T09:47:44] Timestamp updated for file 'C:\Program Files (x86)\Microsoft Visual Studio\2017\Community\Team Tools\Performance Tools\1033\vspmsgui.dll'.
[0b00:0004][2017-10-17T09:47:44] Processing file /Contents/Team%20Tools/Performance%20Tools/Plugins/en/ConcurrencyPlugins.resources.dll
[0b00:0004][2017-10-17T09:47:44] Started: Copying file /Contents/Team%20Tools/Performance%20Tools/Plugins/en/ConcurrencyPlugins.resources.dll to C:\Program Files (x86)\Microsoft Visual Studio\2017\Community\Team Tools\Performance Tools\Plugins\en\ConcurrencyPlugins.resources.dll
[0b00:0004][2017-10-17T09:47:44] Completed: Copying file /Contents/Team%20Tools/Performance%20Tools/Plugins/en/ConcurrencyPlugins.resources.dll to C:\Program Files (x86)\Microsoft Visual Studio\2017\Community\Team Tools\Performance Tools\Plugins\en\ConcurrencyPlugins.resources.dll
[0b00:0004][2017-10-17T09:47:44] Timestamp updated for file 'C:\Program Files (x86)\Microsoft Visual Studio\2017\Community\Team Tools\Performance Tools\Plugins\en\ConcurrencyPlugins.resources.dll'.
[0b00:0004][2017-10-17T09:47:44] Processing file /Contents/Team%20Tools/Performance%20Tools/Plugins/en/EtwReader2.resources.dll
[0b00:0004][2017-10-17T09:47:44] Started: Copying file /Contents/Team%20Tools/Performance%20Tools/Plugins/en/EtwReader2.resources.dll to C:\Program Files (x86)\Microsoft Visual Studio\2017\Community\Team Tools\Performance Tools\Plugins\en\EtwReader2.resources.dll
[0b00:0004][2017-10-17T09:47:44] Completed: Copying file /Contents/Team%20Tools/Performance%20Tools/Plugins/en/EtwReader2.resources.dll to C:\Program Files (x86)\Microsoft Visual Studio\2017\Community\Team Tools\Performance Tools\Plugins\en\EtwReader2.resources.dll
[0b00:0004][2017-10-17T09:47:44] Timestamp updated for file 'C:\Program Files (x86)\Microsoft Visual Studio\2017\Community\Team Tools\Performance Tools\Plugins\en\EtwReader2.resources.dll'.
[0b00:0004][2017-10-17T09:47:44] Processing file /Contents/Team%20Tools/Performance%20Tools/Plugins/en/Microsoft.ParallelPerformance.Framework.Presentation.resources.dll
[0b00:0004][2017-10-17T09:47:44] Started: Copying file /Contents/Team%20Tools/Performance%20Tools/Plugins/en/Microsoft.ParallelPerformance.Framework.Presentation.resources.dll to C:\Program Files (x86)\Microsoft Visual Studio\2017\Community\Team Tools\Performance Tools\Plugins\en\Microsoft.ParallelPerformance.Framework.Presentation.resources.dll
[0b00:0004][2017-10-17T09:47:44] Completed: Copying file /Contents/Team%20Tools/Performance%20Tools/Plugins/en/Microsoft.ParallelPerformance.Framework.Presentation.resources.dll to C:\Program Files (x86)\Microsoft Visual Studio\2017\Community\Team Tools\Performance Tools\Plugins\en\Microsoft.ParallelPerformance.Framework.Presentation.resources.dll
[0b00:0004][2017-10-17T09:47:44] Timestamp updated for file 'C:\Program Files (x86)\Microsoft Visual Studio\2017\Community\Team Tools\Performance Tools\Plugins\en\Microsoft.ParallelPerformance.Framework.Presentation.resources.dll'.
[0b00:0004][2017-10-17T09:47:44] Processing file /Contents/Team%20Tools/Performance%20Tools/Plugins/en/Microsoft.ParallelPerformance.Framework.Processing.resources.dll
[0b00:0004][2017-10-17T09:47:44] Started: Copying file /Contents/Team%20Tools/Performance%20Tools/Plugins/en/Microsoft.ParallelPerformance.Framework.Processing.resources.dll to C:\Program Files (x86)\Microsoft Visual Studio\2017\Community\Team Tools\Performance Tools\Plugins\en\Microsoft.ParallelPerformance.Framework.Processing.resources.dll
[0b00:0004][2017-10-17T09:47:44] Completed: Copying file /Contents/Team%20Tools/Performance%20Tools/Plugins/en/Microsoft.ParallelPerformance.Framework.Processing.resources.dll to C:\Program Files (x86)\Microsoft Visual Studio\2017\Community\Team Tools\Performance Tools\Plugins\en\Microsoft.ParallelPerformance.Framework.Processing.resources.dll
[0b00:0004][2017-10-17T09:47:44] Timestamp updated for file 'C:\Program Files (x86)\Microsoft Visual Studio\2017\Community\Team Tools\Performance Tools\Plugins\en\Microsoft.ParallelPerformance.Framework.Processing.resources.dll'.
[0b00:0004][2017-10-17T09:47:44] Processing file /Contents/Team%20Tools/Performance%20Tools/Plugins/en/Microsoft.ParallelPerformance.Plugins.ConcurrencyAnalysis.resources.dll
[0b00:0004][2017-10-17T09:47:44] Started: Copying file /Contents/Team%20Tools/Performance%20Tools/Plugins/en/Microsoft.ParallelPerformance.Plugins.ConcurrencyAnalysis.resources.dll to C:\Program Files (x86)\Microsoft Visual Studio\2017\Community\Team Tools\Performance Tools\Plugins\en\Microsoft.ParallelPerformance.Plugins.ConcurrencyAnalysis.resources.dll
[0b00:0004][2017-10-17T09:47:44] Completed: Copying file /Contents/Team%20Tools/Performance%20Tools/Plugins/en/Microsoft.ParallelPerformance.Plugins.ConcurrencyAnalysis.resources.dll to C:\Program Files (x86)\Microsoft Visual Studio\2017\Community\Team Tools\Performance Tools\Plugins\en\Microsoft.ParallelPerformance.Plugins.ConcurrencyAnalysis.resources.dll
[0b00:0004][2017-10-17T09:47:44] Timestamp updated for file 'C:\Program Files (x86)\Microsoft Visual Studio\2017\Community\Team Tools\Performance Tools\Plugins\en\Microsoft.ParallelPerformance.Plugins.ConcurrencyAnalysis.resources.dll'.
[0b00:0004][2017-10-17T09:47:44] Processing file /Contents/Team%20Tools/Performance%20Tools/Plugins/en/Microsoft.ParallelPerformance.Plugins.ConcurrencyViews.resources.dll
[0b00:0004][2017-10-17T09:47:44] Started: Copying file /Contents/Team%20Tools/Performance%20Tools/Plugins/en/Microsoft.ParallelPerformance.Plugins.ConcurrencyViews.resources.dll to C:\Program Files (x86)\Microsoft Visual Studio\2017\Community\Team Tools\Performance Tools\Plugins\en\Microsoft.ParallelPerformance.Plugins.ConcurrencyViews.resources.dll
[0b00:0004][2017-10-17T09:47:44] Completed: Copying file /Contents/Team%20Tools/Performance%20Tools/Plugins/en/Microsoft.ParallelPerformance.Plugins.ConcurrencyViews.resources.dll to C:\Program Files (x86)\Microsoft Visual Studio\2017\Community\Team Tools\Performance Tools\Plugins\en\Microsoft.ParallelPerformance.Plugins.ConcurrencyViews.resources.dll
[0b00:0004][2017-10-17T09:47:44] Timestamp updated for file 'C:\Program Files (x86)\Microsoft Visual Studio\2017\Community\Team Tools\Performance Tools\Plugins\en\Microsoft.ParallelPerformance.Plugins.ConcurrencyViews.resources.dll'.
[0b00:0004][2017-10-17T09:47:44] Processing file /Contents/Team%20Tools/Performance%20Tools/Plugins/en/Microsoft.VisualStudio.PerformanceTools.Plugins.resources.dll
[0b00:0004][2017-10-17T09:47:44] Started: Copying file /Contents/Team%20Tools/Performance%20Tools/Plugins/en/Microsoft.VisualStudio.PerformanceTools.Plugins.resources.dll to C:\Program Files (x86)\Microsoft Visual Studio\2017\Community\Team Tools\Performance Tools\Plugins\en\Microsoft.VisualStudio.PerformanceTools.Plugins.resources.dll
[0b00:0004][2017-10-17T09:47:44] Completed: Copying file /Contents/Team%20Tools/Performance%20Tools/Plugins/en/Microsoft.VisualStudio.PerformanceTools.Plugins.resources.dll to C:\Program Files (x86)\Microsoft Visual Studio\2017\Community\Team Tools\Performance Tools\Plugins\en\Microsoft.VisualStudio.PerformanceTools.Plugins.resources.dll
[0b00:0004][2017-10-17T09:47:44] Timestamp updated for file 'C:\Program Files (x86)\Microsoft Visual Studio\2017\Community\Team Tools\Performance Tools\Plugins\en\Microsoft.VisualStudio.PerformanceTools.Plugins.resources.dll'.
[0b00:0004][2017-10-17T09:47:44] Processing file /Contents/Team%20Tools/Performance%20Tools/Setups/vs_profiler_x64_enu.exe
[0b00:0004][2017-10-17T09:47:44] Started: Copying file /Contents/Team%20Tools/Performance%20Tools/Setups/vs_profiler_x64_enu.exe to C:\Program Files (x86)\Microsoft Visual Studio\2017\Community\Team Tools\Performance Tools\Setups\vs_profiler_x64_enu.exe
[0b00:0004][2017-10-17T09:47:45] Completed: Copying file /Contents/Team%20Tools/Performance%20Tools/Setups/vs_profiler_x64_enu.exe to C:\Program Files (x86)\Microsoft Visual Studio\2017\Community\Team Tools\Performance Tools\Setups\vs_profiler_x64_enu.exe
[0b00:0004][2017-10-17T09:47:45] Timestamp updated for file 'C:\Program Files (x86)\Microsoft Visual Studio\2017\Community\Team Tools\Performance Tools\Setups\vs_profiler_x64_enu.exe'.
[0b00:0004][2017-10-17T09:47:45] Processing file /Contents/Team%20Tools/Performance%20Tools/Setups/vs_profiler_x86_enu.exe
[0b00:0004][2017-10-17T09:47:45] Started: Copying file /Contents/Team%20Tools/Performance%20Tools/Setups/vs_profiler_x86_enu.exe to C:\Program Files (x86)\Microsoft Visual Studio\2017\Community\Team Tools\Performance Tools\Setups\vs_profiler_x86_enu.exe
[0b00:0004][2017-10-17T09:47:45] Completed: Copying file /Contents/Team%20Tools/Performance%20Tools/Setups/vs_profiler_x86_enu.exe to C:\Program Files (x86)\Microsoft Visual Studio\2017\Community\Team Tools\Performance Tools\Setups\vs_profiler_x86_enu.exe
[0b00:0004][2017-10-17T09:47:45] Timestamp updated for file 'C:\Program Files (x86)\Microsoft Visual Studio\2017\Community\Team Tools\Performance Tools\Setups\vs_profiler_x86_enu.exe'.
[0b00:0004][2017-10-17T09:47:45] Package executed successfully. Return code: 0
