[0b00:0004][2017-10-17T09:47:36] Opening the package for processing
[0b00:0004][2017-10-17T09:47:36] Using package payload to get the embedded manifest
[0b00:0004][2017-10-17T09:47:36] Getting list of files within the package
[0b00:0004][2017-10-17T09:47:36] Processing file /Contents/Common7/IDE/CommonExtensions/Microsoft/XamlDiagnostics/extension.vsixmanifest
[0b00:0004][2017-10-17T09:47:36] Started: Copying file /Contents/Common7/IDE/CommonExtensions/Microsoft/XamlDiagnostics/extension.vsixmanifest to C:\Program Files (x86)\Microsoft Visual Studio\2017\Community\Common7\IDE\CommonExtensions\Microsoft\XamlDiagnostics\extension.vsixmanifest
[0b00:0004][2017-10-17T09:47:36] Completed: Copying file /Contents/Common7/IDE/CommonExtensions/Microsoft/XamlDiagnostics/extension.vsixmanifest to C:\Program Files (x86)\Microsoft Visual Studio\2017\Community\Common7\IDE\CommonExtensions\Microsoft\XamlDiagnostics\extension.vsixmanifest
[0b00:0004][2017-10-17T09:47:36] Timestamp updated for file 'C:\Program Files (x86)\Microsoft Visual Studio\2017\Community\Common7\IDE\CommonExtensions\Microsoft\XamlDiagnostics\extension.vsixmanifest'.
[0b00:0004][2017-10-17T09:47:36] Processing file /Contents/Common7/IDE/CommonExtensions/Microsoft/XamlDiagnostics/Microsoft.VisualStudio.DesignTools.Diagnostics.dll
[0b00:0004][2017-10-17T09:47:36] Started: Copying file /Contents/Common7/IDE/CommonExtensions/Microsoft/XamlDiagnostics/Microsoft.VisualStudio.DesignTools.Diagnostics.dll to C:\Program Files (x86)\Microsoft Visual Studio\2017\Community\Common7\IDE\CommonExtensions\Microsoft\XamlDiagnostics\Microsoft.VisualStudio.DesignTools.Diagnostics.dll
[0b00:0004][2017-10-17T09:47:36] Completed: Copying file /Contents/Common7/IDE/CommonExtensions/Microsoft/XamlDiagnostics/Microsoft.VisualStudio.DesignTools.Diagnostics.dll to C:\Program Files (x86)\Microsoft Visual Studio\2017\Community\Common7\IDE\CommonExtensions\Microsoft\XamlDiagnostics\Microsoft.VisualStudio.DesignTools.Diagnostics.dll
[0b00:0004][2017-10-17T09:47:36] Timestamp updated for file 'C:\Program Files (x86)\Microsoft Visual Studio\2017\Community\Common7\IDE\CommonExtensions\Microsoft\XamlDiagnostics\Microsoft.VisualStudio.DesignTools.Diagnostics.dll'.
[0b00:0004][2017-10-17T09:47:36] Queueing C:\Program Files (x86)\Microsoft Visual Studio\2017\Community\Common7\IDE\CommonExtensions\Microsoft\XamlDiagnostics\Microsoft.VisualStudio.DesignTools.Diagnostics.dll for X86 ngen
[0b00:0004][2017-10-17T09:47:36] Successfully queued file '/Contents/Common7/IDE/CommonExtensions/Microsoft/XamlDiagnostics/Microsoft.VisualStudio.DesignTools.Diagnostics.dll' for ngen
[0b00:0004][2017-10-17T09:47:36] Processing file /Contents/Common7/IDE/CommonExtensions/Microsoft/XamlDiagnostics/Microsoft.VisualStudio.DesignTools.Diagnostics.pkgdef
[0b00:0004][2017-10-17T09:47:36] Started: Copying file /Contents/Common7/IDE/CommonExtensions/Microsoft/XamlDiagnostics/Microsoft.VisualStudio.DesignTools.Diagnostics.pkgdef to C:\Program Files (x86)\Microsoft Visual Studio\2017\Community\Common7\IDE\CommonExtensions\Microsoft\XamlDiagnostics\Microsoft.VisualStudio.DesignTools.Diagnostics.pkgdef
[0b00:0004][2017-10-17T09:47:36] Completed: Copying file /Contents/Common7/IDE/CommonExtensions/Microsoft/XamlDiagnostics/Microsoft.VisualStudio.DesignTools.Diagnostics.pkgdef to C:\Program Files (x86)\Microsoft Visual Studio\2017\Community\Common7\IDE\CommonExtensions\Microsoft\XamlDiagnostics\Microsoft.VisualStudio.DesignTools.Diagnostics.pkgdef
[0b00:0004][2017-10-17T09:47:36] Timestamp updated for file 'C:\Program Files (x86)\Microsoft Visual Studio\2017\Community\Common7\IDE\CommonExtensions\Microsoft\XamlDiagnostics\Microsoft.VisualStudio.DesignTools.Diagnostics.pkgdef'.
[0b00:0004][2017-10-17T09:47:36] Processing file /Contents/Common7/IDE/CommonExtensions/Microsoft/XamlDiagnostics/VsDebugEng.Xaml.vsdconfig
[0b00:0004][2017-10-17T09:47:36] Started: Copying file /Contents/Common7/IDE/CommonExtensions/Microsoft/XamlDiagnostics/VsDebugEng.Xaml.vsdconfig to C:\Program Files (x86)\Microsoft Visual Studio\2017\Community\Common7\IDE\CommonExtensions\Microsoft\XamlDiagnostics\VsDebugEng.Xaml.vsdconfig
[0b00:0004][2017-10-17T09:47:36] Completed: Copying file /Contents/Common7/IDE/CommonExtensions/Microsoft/XamlDiagnostics/VsDebugEng.Xaml.vsdconfig to C:\Program Files (x86)\Microsoft Visual Studio\2017\Community\Common7\IDE\CommonExtensions\Microsoft\XamlDiagnostics\VsDebugEng.Xaml.vsdconfig
[0b00:0004][2017-10-17T09:47:36] Timestamp updated for file 'C:\Program Files (x86)\Microsoft Visual Studio\2017\Community\Common7\IDE\CommonExtensions\Microsoft\XamlDiagnostics\VsDebugEng.Xaml.vsdconfig'.
[0b00:0004][2017-10-17T09:47:36] Processing file /Contents/Common7/IDE/CommonExtensions/Microsoft/XamlDiagnostics/x64/VsDebugEng.Xaml.dll
[0b00:0004][2017-10-17T09:47:36] Started: Copying file /Contents/Common7/IDE/CommonExtensions/Microsoft/XamlDiagnostics/x64/VsDebugEng.Xaml.dll to C:\Program Files (x86)\Microsoft Visual Studio\2017\Community\Common7\IDE\CommonExtensions\Microsoft\XamlDiagnostics\x64\VsDebugEng.Xaml.dll
[0b00:0004][2017-10-17T09:47:36] Completed: Copying file /Contents/Common7/IDE/CommonExtensions/Microsoft/XamlDiagnostics/x64/VsDebugEng.Xaml.dll to C:\Program Files (x86)\Microsoft Visual Studio\2017\Community\Common7\IDE\CommonExtensions\Microsoft\XamlDiagnostics\x64\VsDebugEng.Xaml.dll
[0b00:0004][2017-10-17T09:47:36] Timestamp updated for file 'C:\Program Files (x86)\Microsoft Visual Studio\2017\Community\Common7\IDE\CommonExtensions\Microsoft\XamlDiagnostics\x64\VsDebugEng.Xaml.dll'.
[0b00:0004][2017-10-17T09:47:36] Processing file /Contents/Common7/IDE/CommonExtensions/Microsoft/XamlDiagnostics/x86/VsDebugEng.Xaml.dll
[0b00:0004][2017-10-17T09:47:36] Started: Copying file /Contents/Common7/IDE/CommonExtensions/Microsoft/XamlDiagnostics/x86/VsDebugEng.Xaml.dll to C:\Program Files (x86)\Microsoft Visual Studio\2017\Community\Common7\IDE\CommonExtensions\Microsoft\XamlDiagnostics\x86\VsDebugEng.Xaml.dll
[0b00:0004][2017-10-17T09:47:36] Completed: Copying file /Contents/Common7/IDE/CommonExtensions/Microsoft/XamlDiagnostics/x86/VsDebugEng.Xaml.dll to C:\Program Files (x86)\Microsoft Visual Studio\2017\Community\Common7\IDE\CommonExtensions\Microsoft\XamlDiagnostics\x86\VsDebugEng.Xaml.dll
[0b00:0004][2017-10-17T09:47:36] Timestamp updated for file 'C:\Program Files (x86)\Microsoft Visual Studio\2017\Community\Common7\IDE\CommonExtensions\Microsoft\XamlDiagnostics\x86\VsDebugEng.Xaml.dll'.
[0b00:0004][2017-10-17T09:47:36] Package executed successfully. Return code: 0
