[0b00:0004][2017-10-17T09:47:43] Opening the package for processing
[0b00:0004][2017-10-17T09:47:43] Using package payload to get the embedded manifest
[0b00:0004][2017-10-17T09:47:43] Getting list of files within the package
[0b00:0004][2017-10-17T09:47:43] Processing file /Contents/Common7/IDE/CommonExtensions/Platform/DiagnosticsHub/amd64/dbgcore.dll
[0b00:0004][2017-10-17T09:47:43] Started: Copying file /Contents/Common7/IDE/CommonExtensions/Platform/DiagnosticsHub/amd64/dbgcore.dll to C:\Program Files (x86)\Microsoft Visual Studio\2017\Community\Common7\IDE\CommonExtensions\Platform\DiagnosticsHub\amd64\dbgcore.dll
[0b00:0004][2017-10-17T09:47:43] Completed: Copying file /Contents/Common7/IDE/CommonExtensions/Platform/DiagnosticsHub/amd64/dbgcore.dll to C:\Program Files (x86)\Microsoft Visual Studio\2017\Community\Common7\IDE\CommonExtensions\Platform\DiagnosticsHub\amd64\dbgcore.dll
[0b00:0004][2017-10-17T09:47:43] Timestamp updated for file 'C:\Program Files (x86)\Microsoft Visual Studio\2017\Community\Common7\IDE\CommonExtensions\Platform\DiagnosticsHub\amd64\dbgcore.dll'.
[0b00:0004][2017-10-17T09:47:43] Processing file /Contents/Common7/IDE/CommonExtensions/Platform/DiagnosticsHub/amd64/dbghelp.dll
[0b00:0004][2017-10-17T09:47:43] Started: Copying file /Contents/Common7/IDE/CommonExtensions/Platform/DiagnosticsHub/amd64/dbghelp.dll to C:\Program Files (x86)\Microsoft Visual Studio\2017\Community\Common7\IDE\CommonExtensions\Platform\DiagnosticsHub\amd64\dbghelp.dll
[0b00:0004][2017-10-17T09:47:43] Completed: Copying file /Contents/Common7/IDE/CommonExtensions/Platform/DiagnosticsHub/amd64/dbghelp.dll to C:\Program Files (x86)\Microsoft Visual Studio\2017\Community\Common7\IDE\CommonExtensions\Platform\DiagnosticsHub\amd64\dbghelp.dll
[0b00:0004][2017-10-17T09:47:43] Timestamp updated for file 'C:\Program Files (x86)\Microsoft Visual Studio\2017\Community\Common7\IDE\CommonExtensions\Platform\DiagnosticsHub\amd64\dbghelp.dll'.
[0b00:0004][2017-10-17T09:47:43] Processing file /Contents/Common7/IDE/CommonExtensions/Platform/DiagnosticsHub/amd64/DiagnosticsHub.DataWarehouse.dll
[0b00:0004][2017-10-17T09:47:43] Started: Copying file /Contents/Common7/IDE/CommonExtensions/Platform/DiagnosticsHub/amd64/DiagnosticsHub.DataWarehouse.dll to C:\Program Files (x86)\Microsoft Visual Studio\2017\Community\Common7\IDE\CommonExtensions\Platform\DiagnosticsHub\amd64\DiagnosticsHub.DataWarehouse.dll
[0b00:0004][2017-10-17T09:47:43] Completed: Copying file /Contents/Common7/IDE/CommonExtensions/Platform/DiagnosticsHub/amd64/DiagnosticsHub.DataWarehouse.dll to C:\Program Files (x86)\Microsoft Visual Studio\2017\Community\Common7\IDE\CommonExtensions\Platform\DiagnosticsHub\amd64\DiagnosticsHub.DataWarehouse.dll
[0b00:0004][2017-10-17T09:47:43] Timestamp updated for file 'C:\Program Files (x86)\Microsoft Visual Studio\2017\Community\Common7\IDE\CommonExtensions\Platform\DiagnosticsHub\amd64\DiagnosticsHub.DataWarehouse.dll'.
[0b00:0004][2017-10-17T09:47:43] Processing file /Contents/Common7/IDE/CommonExtensions/Platform/DiagnosticsHub/amd64/DiagnosticsHub.Packaging.dll
[0b00:0004][2017-10-17T09:47:43] Started: Copying file /Contents/Common7/IDE/CommonExtensions/Platform/DiagnosticsHub/amd64/DiagnosticsHub.Packaging.dll to C:\Program Files (x86)\Microsoft Visual Studio\2017\Community\Common7\IDE\CommonExtensions\Platform\DiagnosticsHub\amd64\DiagnosticsHub.Packaging.dll
[0b00:0004][2017-10-17T09:47:43] Completed: Copying file /Contents/Common7/IDE/CommonExtensions/Platform/DiagnosticsHub/amd64/DiagnosticsHub.Packaging.dll to C:\Program Files (x86)\Microsoft Visual Studio\2017\Community\Common7\IDE\CommonExtensions\Platform\DiagnosticsHub\amd64\DiagnosticsHub.Packaging.dll
[0b00:0004][2017-10-17T09:47:43] Timestamp updated for file 'C:\Program Files (x86)\Microsoft Visual Studio\2017\Community\Common7\IDE\CommonExtensions\Platform\DiagnosticsHub\amd64\DiagnosticsHub.Packaging.dll'.
[0b00:0004][2017-10-17T09:47:43] Processing file /Contents/Common7/IDE/CommonExtensions/Platform/DiagnosticsHub/amd64/DiagnosticsHub.ScriptedSandboxPlugin.dll
[0b00:0004][2017-10-17T09:47:43] Started: Copying file /Contents/Common7/IDE/CommonExtensions/Platform/DiagnosticsHub/amd64/DiagnosticsHub.ScriptedSandboxPlugin.dll to C:\Program Files (x86)\Microsoft Visual Studio\2017\Community\Common7\IDE\CommonExtensions\Platform\DiagnosticsHub\amd64\DiagnosticsHub.ScriptedSandboxPlugin.dll
[0b00:0004][2017-10-17T09:47:43] Completed: Copying file /Contents/Common7/IDE/CommonExtensions/Platform/DiagnosticsHub/amd64/DiagnosticsHub.ScriptedSandboxPlugin.dll to C:\Program Files (x86)\Microsoft Visual Studio\2017\Community\Common7\IDE\CommonExtensions\Platform\DiagnosticsHub\amd64\DiagnosticsHub.ScriptedSandboxPlugin.dll
[0b00:0004][2017-10-17T09:47:43] Timestamp updated for file 'C:\Program Files (x86)\Microsoft Visual Studio\2017\Community\Common7\IDE\CommonExtensions\Platform\DiagnosticsHub\amd64\DiagnosticsHub.ScriptedSandboxPlugin.dll'.
[0b00:0004][2017-10-17T09:47:43] Processing file /Contents/Common7/IDE/CommonExtensions/Platform/DiagnosticsHub/amd64/DiagnosticsHub_is.dll
[0b00:0004][2017-10-17T09:47:43] Started: Copying file /Contents/Common7/IDE/CommonExtensions/Platform/DiagnosticsHub/amd64/DiagnosticsHub_is.dll to C:\Program Files (x86)\Microsoft Visual Studio\2017\Community\Common7\IDE\CommonExtensions\Platform\DiagnosticsHub\amd64\DiagnosticsHub_is.dll
[0b00:0004][2017-10-17T09:47:43] Completed: Copying file /Contents/Common7/IDE/CommonExtensions/Platform/DiagnosticsHub/amd64/DiagnosticsHub_is.dll to C:\Program Files (x86)\Microsoft Visual Studio\2017\Community\Common7\IDE\CommonExtensions\Platform\DiagnosticsHub\amd64\DiagnosticsHub_is.dll
[0b00:0004][2017-10-17T09:47:43] Timestamp updated for file 'C:\Program Files (x86)\Microsoft Visual Studio\2017\Community\Common7\IDE\CommonExtensions\Platform\DiagnosticsHub\amd64\DiagnosticsHub_is.dll'.
[0b00:0004][2017-10-17T09:47:43] Processing file /Contents/Common7/IDE/CommonExtensions/Platform/DiagnosticsHub/amd64/msdia140.dll
[0b00:0004][2017-10-17T09:47:43] Started: Copying file /Contents/Common7/IDE/CommonExtensions/Platform/DiagnosticsHub/amd64/msdia140.dll to C:\Program Files (x86)\Microsoft Visual Studio\2017\Community\Common7\IDE\CommonExtensions\Platform\DiagnosticsHub\amd64\msdia140.dll
[0b00:0004][2017-10-17T09:47:43] Completed: Copying file /Contents/Common7/IDE/CommonExtensions/Platform/DiagnosticsHub/amd64/msdia140.dll to C:\Program Files (x86)\Microsoft Visual Studio\2017\Community\Common7\IDE\CommonExtensions\Platform\DiagnosticsHub\amd64\msdia140.dll
[0b00:0004][2017-10-17T09:47:43] Timestamp updated for file 'C:\Program Files (x86)\Microsoft Visual Studio\2017\Community\Common7\IDE\CommonExtensions\Platform\DiagnosticsHub\amd64\msdia140.dll'.
[0b00:0004][2017-10-17T09:47:43] Processing file /Contents/Common7/IDE/CommonExtensions/Platform/DiagnosticsHub/amd64/perfcore.dll
[0b00:0004][2017-10-17T09:47:43] Started: Copying file /Contents/Common7/IDE/CommonExtensions/Platform/DiagnosticsHub/amd64/perfcore.dll to C:\Program Files (x86)\Microsoft Visual Studio\2017\Community\Common7\IDE\CommonExtensions\Platform\DiagnosticsHub\amd64\perfcore.dll
[0b00:0004][2017-10-17T09:47:43] Completed: Copying file /Contents/Common7/IDE/CommonExtensions/Platform/DiagnosticsHub/amd64/perfcore.dll to C:\Program Files (x86)\Microsoft Visual Studio\2017\Community\Common7\IDE\CommonExtensions\Platform\DiagnosticsHub\amd64\perfcore.dll
[0b00:0004][2017-10-17T09:47:43] Timestamp updated for file 'C:\Program Files (x86)\Microsoft Visual Studio\2017\Community\Common7\IDE\CommonExtensions\Platform\DiagnosticsHub\amd64\perfcore.dll'.
[0b00:0004][2017-10-17T09:47:43] Processing file /Contents/Common7/IDE/CommonExtensions/Platform/DiagnosticsHub/amd64/perf_frames.dll
[0b00:0004][2017-10-17T09:47:43] Started: Copying file /Contents/Common7/IDE/CommonExtensions/Platform/DiagnosticsHub/amd64/perf_frames.dll to C:\Program Files (x86)\Microsoft Visual Studio\2017\Community\Common7\IDE\CommonExtensions\Platform\DiagnosticsHub\amd64\perf_frames.dll
[0b00:0004][2017-10-17T09:47:43] Completed: Copying file /Contents/Common7/IDE/CommonExtensions/Platform/DiagnosticsHub/amd64/perf_frames.dll to C:\Program Files (x86)\Microsoft Visual Studio\2017\Community\Common7\IDE\CommonExtensions\Platform\DiagnosticsHub\amd64\perf_frames.dll
[0b00:0004][2017-10-17T09:47:43] Timestamp updated for file 'C:\Program Files (x86)\Microsoft Visual Studio\2017\Community\Common7\IDE\CommonExtensions\Platform\DiagnosticsHub\amd64\perf_frames.dll'.
[0b00:0004][2017-10-17T09:47:43] Processing file /Contents/Common7/IDE/CommonExtensions/Platform/DiagnosticsHub/amd64/perf_heap.dll
[0b00:0004][2017-10-17T09:47:43] Started: Copying file /Contents/Common7/IDE/CommonExtensions/Platform/DiagnosticsHub/amd64/perf_heap.dll to C:\Program Files (x86)\Microsoft Visual Studio\2017\Community\Common7\IDE\CommonExtensions\Platform\DiagnosticsHub\amd64\perf_heap.dll
[0b00:0004][2017-10-17T09:47:43] Completed: Copying file /Contents/Common7/IDE/CommonExtensions/Platform/DiagnosticsHub/amd64/perf_heap.dll to C:\Program Files (x86)\Microsoft Visual Studio\2017\Community\Common7\IDE\CommonExtensions\Platform\DiagnosticsHub\amd64\perf_heap.dll
[0b00:0004][2017-10-17T09:47:43] Timestamp updated for file 'C:\Program Files (x86)\Microsoft Visual Studio\2017\Community\Common7\IDE\CommonExtensions\Platform\DiagnosticsHub\amd64\perf_heap.dll'.
[0b00:0004][2017-10-17T09:47:43] Processing file /Contents/Common7/IDE/CommonExtensions/Platform/DiagnosticsHub/amd64/perf_intervals.dll
[0b00:0004][2017-10-17T09:47:43] Started: Copying file /Contents/Common7/IDE/CommonExtensions/Platform/DiagnosticsHub/amd64/perf_intervals.dll to C:\Program Files (x86)\Microsoft Visual Studio\2017\Community\Common7\IDE\CommonExtensions\Platform\DiagnosticsHub\amd64\perf_intervals.dll
[0b00:0004][2017-10-17T09:47:43] Completed: Copying file /Contents/Common7/IDE/CommonExtensions/Platform/DiagnosticsHub/amd64/perf_intervals.dll to C:\Program Files (x86)\Microsoft Visual Studio\2017\Community\Common7\IDE\CommonExtensions\Platform\DiagnosticsHub\amd64\perf_intervals.dll
[0b00:0004][2017-10-17T09:47:43] Timestamp updated for file 'C:\Program Files (x86)\Microsoft Visual Studio\2017\Community\Common7\IDE\CommonExtensions\Platform\DiagnosticsHub\amd64\perf_intervals.dll'.
[0b00:0004][2017-10-17T09:47:43] Processing file /Contents/Common7/IDE/CommonExtensions/Platform/DiagnosticsHub/amd64/perf_nt.dll
[0b00:0004][2017-10-17T09:47:43] Started: Copying file /Contents/Common7/IDE/CommonExtensions/Platform/DiagnosticsHub/amd64/perf_nt.dll to C:\Program Files (x86)\Microsoft Visual Studio\2017\Community\Common7\IDE\CommonExtensions\Platform\DiagnosticsHub\amd64\perf_nt.dll
[0b00:0004][2017-10-17T09:47:43] Completed: Copying file /Contents/Common7/IDE/CommonExtensions/Platform/DiagnosticsHub/amd64/perf_nt.dll to C:\Program Files (x86)\Microsoft Visual Studio\2017\Community\Common7\IDE\CommonExtensions\Platform\DiagnosticsHub\amd64\perf_nt.dll
[0b00:0004][2017-10-17T09:47:43] Timestamp updated for file 'C:\Program Files (x86)\Microsoft Visual Studio\2017\Community\Common7\IDE\CommonExtensions\Platform\DiagnosticsHub\amd64\perf_nt.dll'.
[0b00:0004][2017-10-17T09:47:43] Processing file /Contents/Common7/IDE/CommonExtensions/Platform/DiagnosticsHub/amd64/perf_wininet.dll
[0b00:0004][2017-10-17T09:47:43] Started: Copying file /Contents/Common7/IDE/CommonExtensions/Platform/DiagnosticsHub/amd64/perf_wininet.dll to C:\Program Files (x86)\Microsoft Visual Studio\2017\Community\Common7\IDE\CommonExtensions\Platform\DiagnosticsHub\amd64\perf_wininet.dll
[0b00:0004][2017-10-17T09:47:43] Completed: Copying file /Contents/Common7/IDE/CommonExtensions/Platform/DiagnosticsHub/amd64/perf_wininet.dll to C:\Program Files (x86)\Microsoft Visual Studio\2017\Community\Common7\IDE\CommonExtensions\Platform\DiagnosticsHub\amd64\perf_wininet.dll
[0b00:0004][2017-10-17T09:47:43] Timestamp updated for file 'C:\Program Files (x86)\Microsoft Visual Studio\2017\Community\Common7\IDE\CommonExtensions\Platform\DiagnosticsHub\amd64\perf_wininet.dll'.
[0b00:0004][2017-10-17T09:47:43] Processing file /Contents/Common7/IDE/CommonExtensions/Platform/DiagnosticsHub/amd64/symsrv.dll
[0b00:0004][2017-10-17T09:47:43] Started: Copying file /Contents/Common7/IDE/CommonExtensions/Platform/DiagnosticsHub/amd64/symsrv.dll to C:\Program Files (x86)\Microsoft Visual Studio\2017\Community\Common7\IDE\CommonExtensions\Platform\DiagnosticsHub\amd64\symsrv.dll
[0b00:0004][2017-10-17T09:47:43] Completed: Copying file /Contents/Common7/IDE/CommonExtensions/Platform/DiagnosticsHub/amd64/symsrv.dll to C:\Program Files (x86)\Microsoft Visual Studio\2017\Community\Common7\IDE\CommonExtensions\Platform\DiagnosticsHub\amd64\symsrv.dll
[0b00:0004][2017-10-17T09:47:43] Timestamp updated for file 'C:\Program Files (x86)\Microsoft Visual Studio\2017\Community\Common7\IDE\CommonExtensions\Platform\DiagnosticsHub\amd64\symsrv.dll'.
[0b00:0004][2017-10-17T09:47:43] Processing file /Contents/Common7/IDE/CommonExtensions/Platform/DiagnosticsHub/x64/DiagnosticsHub.StandardCollector.Bridge.dll
[0b00:0004][2017-10-17T09:47:43] Started: Copying file /Contents/Common7/IDE/CommonExtensions/Platform/DiagnosticsHub/x64/DiagnosticsHub.StandardCollector.Bridge.dll to C:\Program Files (x86)\Microsoft Visual Studio\2017\Community\Common7\IDE\CommonExtensions\Platform\DiagnosticsHub\x64\DiagnosticsHub.StandardCollector.Bridge.dll
[0b00:0004][2017-10-17T09:47:43] Completed: Copying file /Contents/Common7/IDE/CommonExtensions/Platform/DiagnosticsHub/x64/DiagnosticsHub.StandardCollector.Bridge.dll to C:\Program Files (x86)\Microsoft Visual Studio\2017\Community\Common7\IDE\CommonExtensions\Platform\DiagnosticsHub\x64\DiagnosticsHub.StandardCollector.Bridge.dll
[0b00:0004][2017-10-17T09:47:43] Timestamp updated for file 'C:\Program Files (x86)\Microsoft Visual Studio\2017\Community\Common7\IDE\CommonExtensions\Platform\DiagnosticsHub\x64\DiagnosticsHub.StandardCollector.Bridge.dll'.
[0b00:0004][2017-10-17T09:47:43] Processing file /Contents/Common7/IDE/Remote%20Debugger/x64/DiagnosticsHub.StandardCollector.Bridge.dll
[0b00:0004][2017-10-17T09:47:43] Started: Copying file /Contents/Common7/IDE/Remote%20Debugger/x64/DiagnosticsHub.StandardCollector.Bridge.dll to C:\Program Files (x86)\Microsoft Visual Studio\2017\Community\Common7\IDE\Remote Debugger\x64\DiagnosticsHub.StandardCollector.Bridge.dll
[0b00:0004][2017-10-17T09:47:43] Completed: Copying file /Contents/Common7/IDE/Remote%20Debugger/x64/DiagnosticsHub.StandardCollector.Bridge.dll to C:\Program Files (x86)\Microsoft Visual Studio\2017\Community\Common7\IDE\Remote Debugger\x64\DiagnosticsHub.StandardCollector.Bridge.dll
[0b00:0004][2017-10-17T09:47:43] Timestamp updated for file 'C:\Program Files (x86)\Microsoft Visual Studio\2017\Community\Common7\IDE\Remote Debugger\x64\DiagnosticsHub.StandardCollector.Bridge.dll'.
[0b00:0004][2017-10-17T09:47:43] Package executed successfully. Return code: 0
