[0b00:0004][2017-10-17T09:48:39] Opening the package for processing
[0b00:0004][2017-10-17T09:48:39] Using package payload to get the embedded manifest
[0b00:0004][2017-10-17T09:48:39] Getting list of files within the package
[0b00:0004][2017-10-17T09:48:39] Processing file /Contents/Common7/IDE/ItemTemplates/CSharp/1033/WcfService/IService.cs
[0b00:0004][2017-10-17T09:48:39] Started: Copying file /Contents/Common7/IDE/ItemTemplates/CSharp/1033/WcfService/IService.cs to C:\Program Files (x86)\Microsoft Visual Studio\2017\Community\Common7\IDE\ItemTemplates\CSharp\1033\WcfService\IService.cs
[0b00:0004][2017-10-17T09:48:39] Completed: Copying file /Contents/Common7/IDE/ItemTemplates/CSharp/1033/WcfService/IService.cs to C:\Program Files (x86)\Microsoft Visual Studio\2017\Community\Common7\IDE\ItemTemplates\CSharp\1033\WcfService\IService.cs
[0b00:0004][2017-10-17T09:48:39] Timestamp updated for file 'C:\Program Files (x86)\Microsoft Visual Studio\2017\Community\Common7\IDE\ItemTemplates\CSharp\1033\WcfService\IService.cs'.
[0b00:0004][2017-10-17T09:48:39] Processing file /Contents/Common7/IDE/ItemTemplates/CSharp/1033/WcfService/Service.cs
[0b00:0004][2017-10-17T09:48:39] Started: Copying file /Contents/Common7/IDE/ItemTemplates/CSharp/1033/WcfService/Service.cs to C:\Program Files (x86)\Microsoft Visual Studio\2017\Community\Common7\IDE\ItemTemplates\CSharp\1033\WcfService\Service.cs
[0b00:0004][2017-10-17T09:48:39] Completed: Copying file /Contents/Common7/IDE/ItemTemplates/CSharp/1033/WcfService/Service.cs to C:\Program Files (x86)\Microsoft Visual Studio\2017\Community\Common7\IDE\ItemTemplates\CSharp\1033\WcfService\Service.cs
[0b00:0004][2017-10-17T09:48:39] Timestamp updated for file 'C:\Program Files (x86)\Microsoft Visual Studio\2017\Community\Common7\IDE\ItemTemplates\CSharp\1033\WcfService\Service.cs'.
[0b00:0004][2017-10-17T09:48:39] Processing file /Contents/Common7/IDE/ItemTemplates/CSharp/1033/WcfService/WcfService.vstemplate
[0b00:0004][2017-10-17T09:48:39] Started: Copying file /Contents/Common7/IDE/ItemTemplates/CSharp/1033/WcfService/WcfService.vstemplate to C:\Program Files (x86)\Microsoft Visual Studio\2017\Community\Common7\IDE\ItemTemplates\CSharp\1033\WcfService\WcfService.vstemplate
[0b00:0004][2017-10-17T09:48:39] Completed: Copying file /Contents/Common7/IDE/ItemTemplates/CSharp/1033/WcfService/WcfService.vstemplate to C:\Program Files (x86)\Microsoft Visual Studio\2017\Community\Common7\IDE\ItemTemplates\CSharp\1033\WcfService\WcfService.vstemplate
[0b00:0004][2017-10-17T09:48:39] Timestamp updated for file 'C:\Program Files (x86)\Microsoft Visual Studio\2017\Community\Common7\IDE\ItemTemplates\CSharp\1033\WcfService\WcfService.vstemplate'.
[0b00:0004][2017-10-17T09:48:39] Processing file /Contents/Common7/IDE/ItemTemplates/CSharp/Web/1033/AjaxWcfService/AjaxWcfService.vstemplate
[0b00:0004][2017-10-17T09:48:39] Started: Copying file /Contents/Common7/IDE/ItemTemplates/CSharp/Web/1033/AjaxWcfService/AjaxWcfService.vstemplate to C:\Program Files (x86)\Microsoft Visual Studio\2017\Community\Common7\IDE\ItemTemplates\CSharp\Web\1033\AjaxWcfService\AjaxWcfService.vstemplate
[0b00:0004][2017-10-17T09:48:39] Completed: Copying file /Contents/Common7/IDE/ItemTemplates/CSharp/Web/1033/AjaxWcfService/AjaxWcfService.vstemplate to C:\Program Files (x86)\Microsoft Visual Studio\2017\Community\Common7\IDE\ItemTemplates\CSharp\Web\1033\AjaxWcfService\AjaxWcfService.vstemplate
[0b00:0004][2017-10-17T09:48:39] Timestamp updated for file 'C:\Program Files (x86)\Microsoft Visual Studio\2017\Community\Common7\IDE\ItemTemplates\CSharp\Web\1033\AjaxWcfService\AjaxWcfService.vstemplate'.
[0b00:0004][2017-10-17T09:48:39] Processing file /Contents/Common7/IDE/ItemTemplates/CSharp/Web/1033/AjaxWcfService/Service.svc
[0b00:0004][2017-10-17T09:48:39] Started: Copying file /Contents/Common7/IDE/ItemTemplates/CSharp/Web/1033/AjaxWcfService/Service.svc to C:\Program Files (x86)\Microsoft Visual Studio\2017\Community\Common7\IDE\ItemTemplates\CSharp\Web\1033\AjaxWcfService\Service.svc
[0b00:0004][2017-10-17T09:48:39] Completed: Copying file /Contents/Common7/IDE/ItemTemplates/CSharp/Web/1033/AjaxWcfService/Service.svc to C:\Program Files (x86)\Microsoft Visual Studio\2017\Community\Common7\IDE\ItemTemplates\CSharp\Web\1033\AjaxWcfService\Service.svc
[0b00:0004][2017-10-17T09:48:39] Timestamp updated for file 'C:\Program Files (x86)\Microsoft Visual Studio\2017\Community\Common7\IDE\ItemTemplates\CSharp\Web\1033\AjaxWcfService\Service.svc'.
[0b00:0004][2017-10-17T09:48:39] Processing file /Contents/Common7/IDE/ItemTemplates/CSharp/Web/1033/AjaxWcfService/Service.svc.cs
[0b00:0004][2017-10-17T09:48:39] Started: Copying file /Contents/Common7/IDE/ItemTemplates/CSharp/Web/1033/AjaxWcfService/Service.svc.cs to C:\Program Files (x86)\Microsoft Visual Studio\2017\Community\Common7\IDE\ItemTemplates\CSharp\Web\1033\AjaxWcfService\Service.svc.cs
[0b00:0004][2017-10-17T09:48:39] Completed: Copying file /Contents/Common7/IDE/ItemTemplates/CSharp/Web/1033/AjaxWcfService/Service.svc.cs to C:\Program Files (x86)\Microsoft Visual Studio\2017\Community\Common7\IDE\ItemTemplates\CSharp\Web\1033\AjaxWcfService\Service.svc.cs
[0b00:0004][2017-10-17T09:48:39] Timestamp updated for file 'C:\Program Files (x86)\Microsoft Visual Studio\2017\Community\Common7\IDE\ItemTemplates\CSharp\Web\1033\AjaxWcfService\Service.svc.cs'.
[0b00:0004][2017-10-17T09:48:39] Processing file /Contents/Common7/IDE/ItemTemplates/CSharp/Web/1033/WebWcfService/IService.cs
[0b00:0004][2017-10-17T09:48:39] Started: Copying file /Contents/Common7/IDE/ItemTemplates/CSharp/Web/1033/WebWcfService/IService.cs to C:\Program Files (x86)\Microsoft Visual Studio\2017\Community\Common7\IDE\ItemTemplates\CSharp\Web\1033\WebWcfService\IService.cs
[0b00:0004][2017-10-17T09:48:39] Completed: Copying file /Contents/Common7/IDE/ItemTemplates/CSharp/Web/1033/WebWcfService/IService.cs to C:\Program Files (x86)\Microsoft Visual Studio\2017\Community\Common7\IDE\ItemTemplates\CSharp\Web\1033\WebWcfService\IService.cs
[0b00:0004][2017-10-17T09:48:39] Timestamp updated for file 'C:\Program Files (x86)\Microsoft Visual Studio\2017\Community\Common7\IDE\ItemTemplates\CSharp\Web\1033\WebWcfService\IService.cs'.
[0b00:0004][2017-10-17T09:48:39] Processing file /Contents/Common7/IDE/ItemTemplates/CSharp/Web/1033/WebWcfService/Service.svc
[0b00:0004][2017-10-17T09:48:39] Started: Copying file /Contents/Common7/IDE/ItemTemplates/CSharp/Web/1033/WebWcfService/Service.svc to C:\Program Files (x86)\Microsoft Visual Studio\2017\Community\Common7\IDE\ItemTemplates\CSharp\Web\1033\WebWcfService\Service.svc
[0b00:0004][2017-10-17T09:48:39] Completed: Copying file /Contents/Common7/IDE/ItemTemplates/CSharp/Web/1033/WebWcfService/Service.svc to C:\Program Files (x86)\Microsoft Visual Studio\2017\Community\Common7\IDE\ItemTemplates\CSharp\Web\1033\WebWcfService\Service.svc
[0b00:0004][2017-10-17T09:48:39] Timestamp updated for file 'C:\Program Files (x86)\Microsoft Visual Studio\2017\Community\Common7\IDE\ItemTemplates\CSharp\Web\1033\WebWcfService\Service.svc'.
[0b00:0004][2017-10-17T09:48:39] Processing file /Contents/Common7/IDE/ItemTemplates/CSharp/Web/1033/WebWcfService/Service.svc.cs
[0b00:0004][2017-10-17T09:48:39] Started: Copying file /Contents/Common7/IDE/ItemTemplates/CSharp/Web/1033/WebWcfService/Service.svc.cs to C:\Program Files (x86)\Microsoft Visual Studio\2017\Community\Common7\IDE\ItemTemplates\CSharp\Web\1033\WebWcfService\Service.svc.cs
[0b00:0004][2017-10-17T09:48:39] Completed: Copying file /Contents/Common7/IDE/ItemTemplates/CSharp/Web/1033/WebWcfService/Service.svc.cs to C:\Program Files (x86)\Microsoft Visual Studio\2017\Community\Common7\IDE\ItemTemplates\CSharp\Web\1033\WebWcfService\Service.svc.cs
[0b00:0004][2017-10-17T09:48:39] Timestamp updated for file 'C:\Program Files (x86)\Microsoft Visual Studio\2017\Community\Common7\IDE\ItemTemplates\CSharp\Web\1033\WebWcfService\Service.svc.cs'.
[0b00:0004][2017-10-17T09:48:39] Processing file /Contents/Common7/IDE/ItemTemplates/CSharp/Web/1033/WebWcfService/WebWcfService.vstemplate
[0b00:0004][2017-10-17T09:48:39] Started: Copying file /Contents/Common7/IDE/ItemTemplates/CSharp/Web/1033/WebWcfService/WebWcfService.vstemplate to C:\Program Files (x86)\Microsoft Visual Studio\2017\Community\Common7\IDE\ItemTemplates\CSharp\Web\1033\WebWcfService\WebWcfService.vstemplate
[0b00:0004][2017-10-17T09:48:39] Completed: Copying file /Contents/Common7/IDE/ItemTemplates/CSharp/Web/1033/WebWcfService/WebWcfService.vstemplate to C:\Program Files (x86)\Microsoft Visual Studio\2017\Community\Common7\IDE\ItemTemplates\CSharp\Web\1033\WebWcfService\WebWcfService.vstemplate
[0b00:0004][2017-10-17T09:48:39] Timestamp updated for file 'C:\Program Files (x86)\Microsoft Visual Studio\2017\Community\Common7\IDE\ItemTemplates\CSharp\Web\1033\WebWcfService\WebWcfService.vstemplate'.
[0b00:0004][2017-10-17T09:48:39] Processing file /contents/Common7/IDE/ItemTemplates/Microsoft.VisualStudio.WCF.Resources.en-US.Item..vstman
[0b00:0004][2017-10-17T09:48:39] Started: Copying file /contents/Common7/IDE/ItemTemplates/Microsoft.VisualStudio.WCF.Resources.en-US.Item..vstman to C:\Program Files (x86)\Microsoft Visual Studio\2017\Community\Common7\IDE\ItemTemplates\Microsoft.VisualStudio.WCF.Resources.en-US.Item..vstman
[0b00:0004][2017-10-17T09:48:39] Completed: Copying file /contents/Common7/IDE/ItemTemplates/Microsoft.VisualStudio.WCF.Resources.en-US.Item..vstman to C:\Program Files (x86)\Microsoft Visual Studio\2017\Community\Common7\IDE\ItemTemplates\Microsoft.VisualStudio.WCF.Resources.en-US.Item..vstman
[0b00:0004][2017-10-17T09:48:39] Timestamp updated for file 'C:\Program Files (x86)\Microsoft Visual Studio\2017\Community\Common7\IDE\ItemTemplates\Microsoft.VisualStudio.WCF.Resources.en-US.Item..vstman'.
[0b00:0004][2017-10-17T09:48:39] Processing file /Contents/Common7/IDE/ItemTemplates/VisualBasic/1033/WcfService/IService.vb
[0b00:0004][2017-10-17T09:48:39] Started: Copying file /Contents/Common7/IDE/ItemTemplates/VisualBasic/1033/WcfService/IService.vb to C:\Program Files (x86)\Microsoft Visual Studio\2017\Community\Common7\IDE\ItemTemplates\VisualBasic\1033\WcfService\IService.vb
[0b00:0004][2017-10-17T09:48:39] Completed: Copying file /Contents/Common7/IDE/ItemTemplates/VisualBasic/1033/WcfService/IService.vb to C:\Program Files (x86)\Microsoft Visual Studio\2017\Community\Common7\IDE\ItemTemplates\VisualBasic\1033\WcfService\IService.vb
[0b00:0004][2017-10-17T09:48:39] Timestamp updated for file 'C:\Program Files (x86)\Microsoft Visual Studio\2017\Community\Common7\IDE\ItemTemplates\VisualBasic\1033\WcfService\IService.vb'.
[0b00:0004][2017-10-17T09:48:39] Processing file /Contents/Common7/IDE/ItemTemplates/VisualBasic/1033/WcfService/Service.vb
[0b00:0004][2017-10-17T09:48:39] Started: Copying file /Contents/Common7/IDE/ItemTemplates/VisualBasic/1033/WcfService/Service.vb to C:\Program Files (x86)\Microsoft Visual Studio\2017\Community\Common7\IDE\ItemTemplates\VisualBasic\1033\WcfService\Service.vb
[0b00:0004][2017-10-17T09:48:39] Completed: Copying file /Contents/Common7/IDE/ItemTemplates/VisualBasic/1033/WcfService/Service.vb to C:\Program Files (x86)\Microsoft Visual Studio\2017\Community\Common7\IDE\ItemTemplates\VisualBasic\1033\WcfService\Service.vb
[0b00:0004][2017-10-17T09:48:39] Timestamp updated for file 'C:\Program Files (x86)\Microsoft Visual Studio\2017\Community\Common7\IDE\ItemTemplates\VisualBasic\1033\WcfService\Service.vb'.
[0b00:0004][2017-10-17T09:48:39] Processing file /Contents/Common7/IDE/ItemTemplates/VisualBasic/1033/WcfService/WcfService.vstemplate
[0b00:0004][2017-10-17T09:48:39] Started: Copying file /Contents/Common7/IDE/ItemTemplates/VisualBasic/1033/WcfService/WcfService.vstemplate to C:\Program Files (x86)\Microsoft Visual Studio\2017\Community\Common7\IDE\ItemTemplates\VisualBasic\1033\WcfService\WcfService.vstemplate
[0b00:0004][2017-10-17T09:48:39] Completed: Copying file /Contents/Common7/IDE/ItemTemplates/VisualBasic/1033/WcfService/WcfService.vstemplate to C:\Program Files (x86)\Microsoft Visual Studio\2017\Community\Common7\IDE\ItemTemplates\VisualBasic\1033\WcfService\WcfService.vstemplate
[0b00:0004][2017-10-17T09:48:39] Timestamp updated for file 'C:\Program Files (x86)\Microsoft Visual Studio\2017\Community\Common7\IDE\ItemTemplates\VisualBasic\1033\WcfService\WcfService.vstemplate'.
[0b00:0004][2017-10-17T09:48:39] Processing file /Contents/Common7/IDE/ItemTemplates/VisualBasic/Web/1033/AjaxWcfService/AjaxWcfService.vstemplate
[0b00:0004][2017-10-17T09:48:39] Started: Copying file /Contents/Common7/IDE/ItemTemplates/VisualBasic/Web/1033/AjaxWcfService/AjaxWcfService.vstemplate to C:\Program Files (x86)\Microsoft Visual Studio\2017\Community\Common7\IDE\ItemTemplates\VisualBasic\Web\1033\AjaxWcfService\AjaxWcfService.vstemplate
[0b00:0004][2017-10-17T09:48:39] Completed: Copying file /Contents/Common7/IDE/ItemTemplates/VisualBasic/Web/1033/AjaxWcfService/AjaxWcfService.vstemplate to C:\Program Files (x86)\Microsoft Visual Studio\2017\Community\Common7\IDE\ItemTemplates\VisualBasic\Web\1033\AjaxWcfService\AjaxWcfService.vstemplate
[0b00:0004][2017-10-17T09:48:39] Timestamp updated for file 'C:\Program Files (x86)\Microsoft Visual Studio\2017\Community\Common7\IDE\ItemTemplates\VisualBasic\Web\1033\AjaxWcfService\AjaxWcfService.vstemplate'.
[0b00:0004][2017-10-17T09:48:39] Processing file /Contents/Common7/IDE/ItemTemplates/VisualBasic/Web/1033/AjaxWcfService/Service.svc
[0b00:0004][2017-10-17T09:48:39] Started: Copying file /Contents/Common7/IDE/ItemTemplates/VisualBasic/Web/1033/AjaxWcfService/Service.svc to C:\Program Files (x86)\Microsoft Visual Studio\2017\Community\Common7\IDE\ItemTemplates\VisualBasic\Web\1033\AjaxWcfService\Service.svc
[0b00:0004][2017-10-17T09:48:39] Completed: Copying file /Contents/Common7/IDE/ItemTemplates/VisualBasic/Web/1033/AjaxWcfService/Service.svc to C:\Program Files (x86)\Microsoft Visual Studio\2017\Community\Common7\IDE\ItemTemplates\VisualBasic\Web\1033\AjaxWcfService\Service.svc
[0b00:0004][2017-10-17T09:48:39] Timestamp updated for file 'C:\Program Files (x86)\Microsoft Visual Studio\2017\Community\Common7\IDE\ItemTemplates\VisualBasic\Web\1033\AjaxWcfService\Service.svc'.
[0b00:0004][2017-10-17T09:48:39] Processing file /Contents/Common7/IDE/ItemTemplates/VisualBasic/Web/1033/AjaxWcfService/Service.svc.vb
[0b00:0004][2017-10-17T09:48:39] Started: Copying file /Contents/Common7/IDE/ItemTemplates/VisualBasic/Web/1033/AjaxWcfService/Service.svc.vb to C:\Program Files (x86)\Microsoft Visual Studio\2017\Community\Common7\IDE\ItemTemplates\VisualBasic\Web\1033\AjaxWcfService\Service.svc.vb
[0b00:0004][2017-10-17T09:48:39] Completed: Copying file /Contents/Common7/IDE/ItemTemplates/VisualBasic/Web/1033/AjaxWcfService/Service.svc.vb to C:\Program Files (x86)\Microsoft Visual Studio\2017\Community\Common7\IDE\ItemTemplates\VisualBasic\Web\1033\AjaxWcfService\Service.svc.vb
[0b00:0004][2017-10-17T09:48:39] Timestamp updated for file 'C:\Program Files (x86)\Microsoft Visual Studio\2017\Community\Common7\IDE\ItemTemplates\VisualBasic\Web\1033\AjaxWcfService\Service.svc.vb'.
[0b00:0004][2017-10-17T09:48:39] Processing file /Contents/Common7/IDE/ItemTemplates/VisualBasic/Web/1033/WebWcfService/IService.vb
[0b00:0004][2017-10-17T09:48:39] Started: Copying file /Contents/Common7/IDE/ItemTemplates/VisualBasic/Web/1033/WebWcfService/IService.vb to C:\Program Files (x86)\Microsoft Visual Studio\2017\Community\Common7\IDE\ItemTemplates\VisualBasic\Web\1033\WebWcfService\IService.vb
[0b00:0004][2017-10-17T09:48:39] Completed: Copying file /Contents/Common7/IDE/ItemTemplates/VisualBasic/Web/1033/WebWcfService/IService.vb to C:\Program Files (x86)\Microsoft Visual Studio\2017\Community\Common7\IDE\ItemTemplates\VisualBasic\Web\1033\WebWcfService\IService.vb
[0b00:0004][2017-10-17T09:48:39] Timestamp updated for file 'C:\Program Files (x86)\Microsoft Visual Studio\2017\Community\Common7\IDE\ItemTemplates\VisualBasic\Web\1033\WebWcfService\IService.vb'.
[0b00:0004][2017-10-17T09:48:39] Processing file /Contents/Common7/IDE/ItemTemplates/VisualBasic/Web/1033/WebWcfService/Service.svc
[0b00:0004][2017-10-17T09:48:39] Started: Copying file /Contents/Common7/IDE/ItemTemplates/VisualBasic/Web/1033/WebWcfService/Service.svc to C:\Program Files (x86)\Microsoft Visual Studio\2017\Community\Common7\IDE\ItemTemplates\VisualBasic\Web\1033\WebWcfService\Service.svc
[0b00:0004][2017-10-17T09:48:39] Completed: Copying file /Contents/Common7/IDE/ItemTemplates/VisualBasic/Web/1033/WebWcfService/Service.svc to C:\Program Files (x86)\Microsoft Visual Studio\2017\Community\Common7\IDE\ItemTemplates\VisualBasic\Web\1033\WebWcfService\Service.svc
[0b00:0004][2017-10-17T09:48:39] Timestamp updated for file 'C:\Program Files (x86)\Microsoft Visual Studio\2017\Community\Common7\IDE\ItemTemplates\VisualBasic\Web\1033\WebWcfService\Service.svc'.
[0b00:0004][2017-10-17T09:48:39] Processing file /Contents/Common7/IDE/ItemTemplates/VisualBasic/Web/1033/WebWcfService/Service.svc.vb
[0b00:0004][2017-10-17T09:48:39] Started: Copying file /Contents/Common7/IDE/ItemTemplates/VisualBasic/Web/1033/WebWcfService/Service.svc.vb to C:\Program Files (x86)\Microsoft Visual Studio\2017\Community\Common7\IDE\ItemTemplates\VisualBasic\Web\1033\WebWcfService\Service.svc.vb
[0b00:0004][2017-10-17T09:48:39] Completed: Copying file /Contents/Common7/IDE/ItemTemplates/VisualBasic/Web/1033/WebWcfService/Service.svc.vb to C:\Program Files (x86)\Microsoft Visual Studio\2017\Community\Common7\IDE\ItemTemplates\VisualBasic\Web\1033\WebWcfService\Service.svc.vb
[0b00:0004][2017-10-17T09:48:39] Timestamp updated for file 'C:\Program Files (x86)\Microsoft Visual Studio\2017\Community\Common7\IDE\ItemTemplates\VisualBasic\Web\1033\WebWcfService\Service.svc.vb'.
[0b00:0004][2017-10-17T09:48:39] Processing file /Contents/Common7/IDE/ItemTemplates/VisualBasic/Web/1033/WebWcfService/WebWcfService.vstemplate
[0b00:0004][2017-10-17T09:48:39] Started: Copying file /Contents/Common7/IDE/ItemTemplates/VisualBasic/Web/1033/WebWcfService/WebWcfService.vstemplate to C:\Program Files (x86)\Microsoft Visual Studio\2017\Community\Common7\IDE\ItemTemplates\VisualBasic\Web\1033\WebWcfService\WebWcfService.vstemplate
[0b00:0004][2017-10-17T09:48:39] Completed: Copying file /Contents/Common7/IDE/ItemTemplates/VisualBasic/Web/1033/WebWcfService/WebWcfService.vstemplate to C:\Program Files (x86)\Microsoft Visual Studio\2017\Community\Common7\IDE\ItemTemplates\VisualBasic\Web\1033\WebWcfService\WebWcfService.vstemplate
[0b00:0004][2017-10-17T09:48:39] Timestamp updated for file 'C:\Program Files (x86)\Microsoft Visual Studio\2017\Community\Common7\IDE\ItemTemplates\VisualBasic\Web\1033\WebWcfService\WebWcfService.vstemplate'.
[0b00:0004][2017-10-17T09:48:39] Processing file /Contents/Common7/IDE/ItemTemplates/Web/CSharp/1033/AjaxWcfService/AjaxWcfService.vstemplate
[0b00:0004][2017-10-17T09:48:39] Started: Copying file /Contents/Common7/IDE/ItemTemplates/Web/CSharp/1033/AjaxWcfService/AjaxWcfService.vstemplate to C:\Program Files (x86)\Microsoft Visual Studio\2017\Community\Common7\IDE\ItemTemplates\Web\CSharp\1033\AjaxWcfService\AjaxWcfService.vstemplate
[0b00:0004][2017-10-17T09:48:39] Completed: Copying file /Contents/Common7/IDE/ItemTemplates/Web/CSharp/1033/AjaxWcfService/AjaxWcfService.vstemplate to C:\Program Files (x86)\Microsoft Visual Studio\2017\Community\Common7\IDE\ItemTemplates\Web\CSharp\1033\AjaxWcfService\AjaxWcfService.vstemplate
[0b00:0004][2017-10-17T09:48:39] Timestamp updated for file 'C:\Program Files (x86)\Microsoft Visual Studio\2017\Community\Common7\IDE\ItemTemplates\Web\CSharp\1033\AjaxWcfService\AjaxWcfService.vstemplate'.
[0b00:0004][2017-10-17T09:48:39] Processing file /Contents/Common7/IDE/ItemTemplates/Web/CSharp/1033/AjaxWcfService/App_Code/Service.cs
[0b00:0004][2017-10-17T09:48:39] Started: Copying file /Contents/Common7/IDE/ItemTemplates/Web/CSharp/1033/AjaxWcfService/App_Code/Service.cs to C:\Program Files (x86)\Microsoft Visual Studio\2017\Community\Common7\IDE\ItemTemplates\Web\CSharp\1033\AjaxWcfService\App_Code\Service.cs
[0b00:0004][2017-10-17T09:48:39] Completed: Copying file /Contents/Common7/IDE/ItemTemplates/Web/CSharp/1033/AjaxWcfService/App_Code/Service.cs to C:\Program Files (x86)\Microsoft Visual Studio\2017\Community\Common7\IDE\ItemTemplates\Web\CSharp\1033\AjaxWcfService\App_Code\Service.cs
[0b00:0004][2017-10-17T09:48:39] Timestamp updated for file 'C:\Program Files (x86)\Microsoft Visual Studio\2017\Community\Common7\IDE\ItemTemplates\Web\CSharp\1033\AjaxWcfService\App_Code\Service.cs'.
[0b00:0004][2017-10-17T09:48:39] Processing file /Contents/Common7/IDE/ItemTemplates/Web/CSharp/1033/AjaxWcfService/Service.svc
[0b00:0004][2017-10-17T09:48:39] Started: Copying file /Contents/Common7/IDE/ItemTemplates/Web/CSharp/1033/AjaxWcfService/Service.svc to C:\Program Files (x86)\Microsoft Visual Studio\2017\Community\Common7\IDE\ItemTemplates\Web\CSharp\1033\AjaxWcfService\Service.svc
[0b00:0004][2017-10-17T09:48:39] Completed: Copying file /Contents/Common7/IDE/ItemTemplates/Web/CSharp/1033/AjaxWcfService/Service.svc to C:\Program Files (x86)\Microsoft Visual Studio\2017\Community\Common7\IDE\ItemTemplates\Web\CSharp\1033\AjaxWcfService\Service.svc
[0b00:0004][2017-10-17T09:48:39] Timestamp updated for file 'C:\Program Files (x86)\Microsoft Visual Studio\2017\Community\Common7\IDE\ItemTemplates\Web\CSharp\1033\AjaxWcfService\Service.svc'.
[0b00:0004][2017-10-17T09:48:39] Processing file /Contents/Common7/IDE/ItemTemplates/Web/CSharp/1033/WcfService/App_Code/IService.cs
[0b00:0004][2017-10-17T09:48:39] Started: Copying file /Contents/Common7/IDE/ItemTemplates/Web/CSharp/1033/WcfService/App_Code/IService.cs to C:\Program Files (x86)\Microsoft Visual Studio\2017\Community\Common7\IDE\ItemTemplates\Web\CSharp\1033\WcfService\App_Code\IService.cs
[0b00:0004][2017-10-17T09:48:39] Completed: Copying file /Contents/Common7/IDE/ItemTemplates/Web/CSharp/1033/WcfService/App_Code/IService.cs to C:\Program Files (x86)\Microsoft Visual Studio\2017\Community\Common7\IDE\ItemTemplates\Web\CSharp\1033\WcfService\App_Code\IService.cs
[0b00:0004][2017-10-17T09:48:39] Timestamp updated for file 'C:\Program Files (x86)\Microsoft Visual Studio\2017\Community\Common7\IDE\ItemTemplates\Web\CSharp\1033\WcfService\App_Code\IService.cs'.
[0b00:0004][2017-10-17T09:48:39] Processing file /Contents/Common7/IDE/ItemTemplates/Web/CSharp/1033/WcfService/App_Code/Service.cs
[0b00:0004][2017-10-17T09:48:39] Started: Copying file /Contents/Common7/IDE/ItemTemplates/Web/CSharp/1033/WcfService/App_Code/Service.cs to C:\Program Files (x86)\Microsoft Visual Studio\2017\Community\Common7\IDE\ItemTemplates\Web\CSharp\1033\WcfService\App_Code\Service.cs
[0b00:0004][2017-10-17T09:48:39] Completed: Copying file /Contents/Common7/IDE/ItemTemplates/Web/CSharp/1033/WcfService/App_Code/Service.cs to C:\Program Files (x86)\Microsoft Visual Studio\2017\Community\Common7\IDE\ItemTemplates\Web\CSharp\1033\WcfService\App_Code\Service.cs
[0b00:0004][2017-10-17T09:48:39] Timestamp updated for file 'C:\Program Files (x86)\Microsoft Visual Studio\2017\Community\Common7\IDE\ItemTemplates\Web\CSharp\1033\WcfService\App_Code\Service.cs'.
[0b00:0004][2017-10-17T09:48:39] Processing file /Contents/Common7/IDE/ItemTemplates/Web/CSharp/1033/WcfService/Service.svc
[0b00:0004][2017-10-17T09:48:39] Started: Copying file /Contents/Common7/IDE/ItemTemplates/Web/CSharp/1033/WcfService/Service.svc to C:\Program Files (x86)\Microsoft Visual Studio\2017\Community\Common7\IDE\ItemTemplates\Web\CSharp\1033\WcfService\Service.svc
[0b00:0004][2017-10-17T09:48:39] Completed: Copying file /Contents/Common7/IDE/ItemTemplates/Web/CSharp/1033/WcfService/Service.svc to C:\Program Files (x86)\Microsoft Visual Studio\2017\Community\Common7\IDE\ItemTemplates\Web\CSharp\1033\WcfService\Service.svc
[0b00:0004][2017-10-17T09:48:39] Timestamp updated for file 'C:\Program Files (x86)\Microsoft Visual Studio\2017\Community\Common7\IDE\ItemTemplates\Web\CSharp\1033\WcfService\Service.svc'.
[0b00:0004][2017-10-17T09:48:39] Processing file /Contents/Common7/IDE/ItemTemplates/Web/CSharp/1033/WcfService/WcfService.vstemplate
[0b00:0004][2017-10-17T09:48:39] Started: Copying file /Contents/Common7/IDE/ItemTemplates/Web/CSharp/1033/WcfService/WcfService.vstemplate to C:\Program Files (x86)\Microsoft Visual Studio\2017\Community\Common7\IDE\ItemTemplates\Web\CSharp\1033\WcfService\WcfService.vstemplate
[0b00:0004][2017-10-17T09:48:39] Completed: Copying file /Contents/Common7/IDE/ItemTemplates/Web/CSharp/1033/WcfService/WcfService.vstemplate to C:\Program Files (x86)\Microsoft Visual Studio\2017\Community\Common7\IDE\ItemTemplates\Web\CSharp\1033\WcfService\WcfService.vstemplate
[0b00:0004][2017-10-17T09:48:39] Timestamp updated for file 'C:\Program Files (x86)\Microsoft Visual Studio\2017\Community\Common7\IDE\ItemTemplates\Web\CSharp\1033\WcfService\WcfService.vstemplate'.
[0b00:0004][2017-10-17T09:48:39] Processing file /Contents/Common7/IDE/ItemTemplates/Web/VisualBasic/1033/AjaxWcfService/AjaxWcfService.vstemplate
[0b00:0004][2017-10-17T09:48:39] Started: Copying file /Contents/Common7/IDE/ItemTemplates/Web/VisualBasic/1033/AjaxWcfService/AjaxWcfService.vstemplate to C:\Program Files (x86)\Microsoft Visual Studio\2017\Community\Common7\IDE\ItemTemplates\Web\VisualBasic\1033\AjaxWcfService\AjaxWcfService.vstemplate
[0b00:0004][2017-10-17T09:48:39] Completed: Copying file /Contents/Common7/IDE/ItemTemplates/Web/VisualBasic/1033/AjaxWcfService/AjaxWcfService.vstemplate to C:\Program Files (x86)\Microsoft Visual Studio\2017\Community\Common7\IDE\ItemTemplates\Web\VisualBasic\1033\AjaxWcfService\AjaxWcfService.vstemplate
[0b00:0004][2017-10-17T09:48:39] Timestamp updated for file 'C:\Program Files (x86)\Microsoft Visual Studio\2017\Community\Common7\IDE\ItemTemplates\Web\VisualBasic\1033\AjaxWcfService\AjaxWcfService.vstemplate'.
[0b00:0004][2017-10-17T09:48:39] Processing file /Contents/Common7/IDE/ItemTemplates/Web/VisualBasic/1033/AjaxWcfService/App_Code/Service.vb
[0b00:0004][2017-10-17T09:48:39] Started: Copying file /Contents/Common7/IDE/ItemTemplates/Web/VisualBasic/1033/AjaxWcfService/App_Code/Service.vb to C:\Program Files (x86)\Microsoft Visual Studio\2017\Community\Common7\IDE\ItemTemplates\Web\VisualBasic\1033\AjaxWcfService\App_Code\Service.vb
[0b00:0004][2017-10-17T09:48:39] Completed: Copying file /Contents/Common7/IDE/ItemTemplates/Web/VisualBasic/1033/AjaxWcfService/App_Code/Service.vb to C:\Program Files (x86)\Microsoft Visual Studio\2017\Community\Common7\IDE\ItemTemplates\Web\VisualBasic\1033\AjaxWcfService\App_Code\Service.vb
[0b00:0004][2017-10-17T09:48:39] Timestamp updated for file 'C:\Program Files (x86)\Microsoft Visual Studio\2017\Community\Common7\IDE\ItemTemplates\Web\VisualBasic\1033\AjaxWcfService\App_Code\Service.vb'.
[0b00:0004][2017-10-17T09:48:39] Processing file /Contents/Common7/IDE/ItemTemplates/Web/VisualBasic/1033/AjaxWcfService/Service.svc
[0b00:0004][2017-10-17T09:48:39] Started: Copying file /Contents/Common7/IDE/ItemTemplates/Web/VisualBasic/1033/AjaxWcfService/Service.svc to C:\Program Files (x86)\Microsoft Visual Studio\2017\Community\Common7\IDE\ItemTemplates\Web\VisualBasic\1033\AjaxWcfService\Service.svc
[0b00:0004][2017-10-17T09:48:39] Completed: Copying file /Contents/Common7/IDE/ItemTemplates/Web/VisualBasic/1033/AjaxWcfService/Service.svc to C:\Program Files (x86)\Microsoft Visual Studio\2017\Community\Common7\IDE\ItemTemplates\Web\VisualBasic\1033\AjaxWcfService\Service.svc
[0b00:0004][2017-10-17T09:48:39] Timestamp updated for file 'C:\Program Files (x86)\Microsoft Visual Studio\2017\Community\Common7\IDE\ItemTemplates\Web\VisualBasic\1033\AjaxWcfService\Service.svc'.
[0b00:0004][2017-10-17T09:48:39] Processing file /Contents/Common7/IDE/ItemTemplates/Web/VisualBasic/1033/WcfService/App_Code/IService.vb
[0b00:0004][2017-10-17T09:48:39] Started: Copying file /Contents/Common7/IDE/ItemTemplates/Web/VisualBasic/1033/WcfService/App_Code/IService.vb to C:\Program Files (x86)\Microsoft Visual Studio\2017\Community\Common7\IDE\ItemTemplates\Web\VisualBasic\1033\WcfService\App_Code\IService.vb
[0b00:0004][2017-10-17T09:48:39] Completed: Copying file /Contents/Common7/IDE/ItemTemplates/Web/VisualBasic/1033/WcfService/App_Code/IService.vb to C:\Program Files (x86)\Microsoft Visual Studio\2017\Community\Common7\IDE\ItemTemplates\Web\VisualBasic\1033\WcfService\App_Code\IService.vb
[0b00:0004][2017-10-17T09:48:39] Timestamp updated for file 'C:\Program Files (x86)\Microsoft Visual Studio\2017\Community\Common7\IDE\ItemTemplates\Web\VisualBasic\1033\WcfService\App_Code\IService.vb'.
[0b00:0004][2017-10-17T09:48:39] Processing file /Contents/Common7/IDE/ItemTemplates/Web/VisualBasic/1033/WcfService/App_Code/Service.vb
[0b00:0004][2017-10-17T09:48:39] Started: Copying file /Contents/Common7/IDE/ItemTemplates/Web/VisualBasic/1033/WcfService/App_Code/Service.vb to C:\Program Files (x86)\Microsoft Visual Studio\2017\Community\Common7\IDE\ItemTemplates\Web\VisualBasic\1033\WcfService\App_Code\Service.vb
[0b00:0004][2017-10-17T09:48:39] Completed: Copying file /Contents/Common7/IDE/ItemTemplates/Web/VisualBasic/1033/WcfService/App_Code/Service.vb to C:\Program Files (x86)\Microsoft Visual Studio\2017\Community\Common7\IDE\ItemTemplates\Web\VisualBasic\1033\WcfService\App_Code\Service.vb
[0b00:0004][2017-10-17T09:48:39] Timestamp updated for file 'C:\Program Files (x86)\Microsoft Visual Studio\2017\Community\Common7\IDE\ItemTemplates\Web\VisualBasic\1033\WcfService\App_Code\Service.vb'.
[0b00:0004][2017-10-17T09:48:39] Processing file /Contents/Common7/IDE/ItemTemplates/Web/VisualBasic/1033/WcfService/Service.svc
[0b00:0004][2017-10-17T09:48:39] Started: Copying file /Contents/Common7/IDE/ItemTemplates/Web/VisualBasic/1033/WcfService/Service.svc to C:\Program Files (x86)\Microsoft Visual Studio\2017\Community\Common7\IDE\ItemTemplates\Web\VisualBasic\1033\WcfService\Service.svc
[0b00:0004][2017-10-17T09:48:39] Completed: Copying file /Contents/Common7/IDE/ItemTemplates/Web/VisualBasic/1033/WcfService/Service.svc to C:\Program Files (x86)\Microsoft Visual Studio\2017\Community\Common7\IDE\ItemTemplates\Web\VisualBasic\1033\WcfService\Service.svc
[0b00:0004][2017-10-17T09:48:39] Timestamp updated for file 'C:\Program Files (x86)\Microsoft Visual Studio\2017\Community\Common7\IDE\ItemTemplates\Web\VisualBasic\1033\WcfService\Service.svc'.
[0b00:0004][2017-10-17T09:48:39] Processing file /Contents/Common7/IDE/ItemTemplates/Web/VisualBasic/1033/WcfService/WcfService.vstemplate
[0b00:0004][2017-10-17T09:48:39] Started: Copying file /Contents/Common7/IDE/ItemTemplates/Web/VisualBasic/1033/WcfService/WcfService.vstemplate to C:\Program Files (x86)\Microsoft Visual Studio\2017\Community\Common7\IDE\ItemTemplates\Web\VisualBasic\1033\WcfService\WcfService.vstemplate
[0b00:0004][2017-10-17T09:48:39] Completed: Copying file /Contents/Common7/IDE/ItemTemplates/Web/VisualBasic/1033/WcfService/WcfService.vstemplate to C:\Program Files (x86)\Microsoft Visual Studio\2017\Community\Common7\IDE\ItemTemplates\Web\VisualBasic\1033\WcfService\WcfService.vstemplate
[0b00:0004][2017-10-17T09:48:39] Timestamp updated for file 'C:\Program Files (x86)\Microsoft Visual Studio\2017\Community\Common7\IDE\ItemTemplates\Web\VisualBasic\1033\WcfService\WcfService.vstemplate'.
[0b00:0004][2017-10-17T09:48:39] Processing file /Contents/Common7/IDE/ProjectTemplates/CSharp/WCF/1033/RssService/App.config
[0b00:0004][2017-10-17T09:48:39] Started: Copying file /Contents/Common7/IDE/ProjectTemplates/CSharp/WCF/1033/RssService/App.config to C:\Program Files (x86)\Microsoft Visual Studio\2017\Community\Common7\IDE\ProjectTemplates\CSharp\WCF\1033\RssService\App.config
[0b00:0004][2017-10-17T09:48:39] Completed: Copying file /Contents/Common7/IDE/ProjectTemplates/CSharp/WCF/1033/RssService/App.config to C:\Program Files (x86)\Microsoft Visual Studio\2017\Community\Common7\IDE\ProjectTemplates\CSharp\WCF\1033\RssService\App.config
[0b00:0004][2017-10-17T09:48:39] Timestamp updated for file 'C:\Program Files (x86)\Microsoft Visual Studio\2017\Community\Common7\IDE\ProjectTemplates\CSharp\WCF\1033\RssService\App.config'.
[0b00:0004][2017-10-17T09:48:39] Processing file /Contents/Common7/IDE/ProjectTemplates/CSharp/WCF/1033/RssService/Assemblyinfo.cs
[0b00:0004][2017-10-17T09:48:39] Started: Copying file /Contents/Common7/IDE/ProjectTemplates/CSharp/WCF/1033/RssService/Assemblyinfo.cs to C:\Program Files (x86)\Microsoft Visual Studio\2017\Community\Common7\IDE\ProjectTemplates\CSharp\WCF\1033\RssService\Assemblyinfo.cs
[0b00:0004][2017-10-17T09:48:39] Completed: Copying file /Contents/Common7/IDE/ProjectTemplates/CSharp/WCF/1033/RssService/Assemblyinfo.cs to C:\Program Files (x86)\Microsoft Visual Studio\2017\Community\Common7\IDE\ProjectTemplates\CSharp\WCF\1033\RssService\Assemblyinfo.cs
[0b00:0004][2017-10-17T09:48:39] Timestamp updated for file 'C:\Program Files (x86)\Microsoft Visual Studio\2017\Community\Common7\IDE\ProjectTemplates\CSharp\WCF\1033\RssService\Assemblyinfo.cs'.
[0b00:0004][2017-10-17T09:48:39] Processing file /Contents/Common7/IDE/ProjectTemplates/CSharp/WCF/1033/RssService/Feed1.cs
[0b00:0004][2017-10-17T09:48:39] Started: Copying file /Contents/Common7/IDE/ProjectTemplates/CSharp/WCF/1033/RssService/Feed1.cs to C:\Program Files (x86)\Microsoft Visual Studio\2017\Community\Common7\IDE\ProjectTemplates\CSharp\WCF\1033\RssService\Feed1.cs
[0b00:0004][2017-10-17T09:48:39] Completed: Copying file /Contents/Common7/IDE/ProjectTemplates/CSharp/WCF/1033/RssService/Feed1.cs to C:\Program Files (x86)\Microsoft Visual Studio\2017\Community\Common7\IDE\ProjectTemplates\CSharp\WCF\1033\RssService\Feed1.cs
[0b00:0004][2017-10-17T09:48:39] Timestamp updated for file 'C:\Program Files (x86)\Microsoft Visual Studio\2017\Community\Common7\IDE\ProjectTemplates\CSharp\WCF\1033\RssService\Feed1.cs'.
[0b00:0004][2017-10-17T09:48:39] Processing file /Contents/Common7/IDE/ProjectTemplates/CSharp/WCF/1033/RssService/IFeed1.cs
[0b00:0004][2017-10-17T09:48:39] Started: Copying file /Contents/Common7/IDE/ProjectTemplates/CSharp/WCF/1033/RssService/IFeed1.cs to C:\Program Files (x86)\Microsoft Visual Studio\2017\Community\Common7\IDE\ProjectTemplates\CSharp\WCF\1033\RssService\IFeed1.cs
[0b00:0004][2017-10-17T09:48:39] Completed: Copying file /Contents/Common7/IDE/ProjectTemplates/CSharp/WCF/1033/RssService/IFeed1.cs to C:\Program Files (x86)\Microsoft Visual Studio\2017\Community\Common7\IDE\ProjectTemplates\CSharp\WCF\1033\RssService\IFeed1.cs
[0b00:0004][2017-10-17T09:48:39] Timestamp updated for file 'C:\Program Files (x86)\Microsoft Visual Studio\2017\Community\Common7\IDE\ProjectTemplates\CSharp\WCF\1033\RssService\IFeed1.cs'.
[0b00:0004][2017-10-17T09:48:39] Processing file /Contents/Common7/IDE/ProjectTemplates/CSharp/WCF/1033/RssService/RssServiceLibrary.csproj
[0b00:0004][2017-10-17T09:48:39] Started: Copying file /Contents/Common7/IDE/ProjectTemplates/CSharp/WCF/1033/RssService/RssServiceLibrary.csproj to C:\Program Files (x86)\Microsoft Visual Studio\2017\Community\Common7\IDE\ProjectTemplates\CSharp\WCF\1033\RssService\RssServiceLibrary.csproj
[0b00:0004][2017-10-17T09:48:39] Completed: Copying file /Contents/Common7/IDE/ProjectTemplates/CSharp/WCF/1033/RssService/RssServiceLibrary.csproj to C:\Program Files (x86)\Microsoft Visual Studio\2017\Community\Common7\IDE\ProjectTemplates\CSharp\WCF\1033\RssService\RssServiceLibrary.csproj
[0b00:0004][2017-10-17T09:48:39] Timestamp updated for file 'C:\Program Files (x86)\Microsoft Visual Studio\2017\Community\Common7\IDE\ProjectTemplates\CSharp\WCF\1033\RssService\RssServiceLibrary.csproj'.
[0b00:0004][2017-10-17T09:48:39] Processing file /Contents/Common7/IDE/ProjectTemplates/CSharp/WCF/1033/RssService/RssServiceLibrary.vstemplate
[0b00:0004][2017-10-17T09:48:39] Started: Copying file /Contents/Common7/IDE/ProjectTemplates/CSharp/WCF/1033/RssService/RssServiceLibrary.vstemplate to C:\Program Files (x86)\Microsoft Visual Studio\2017\Community\Common7\IDE\ProjectTemplates\CSharp\WCF\1033\RssService\RssServiceLibrary.vstemplate
[0b00:0004][2017-10-17T09:48:39] Completed: Copying file /Contents/Common7/IDE/ProjectTemplates/CSharp/WCF/1033/RssService/RssServiceLibrary.vstemplate to C:\Program Files (x86)\Microsoft Visual Studio\2017\Community\Common7\IDE\ProjectTemplates\CSharp\WCF\1033\RssService\RssServiceLibrary.vstemplate
[0b00:0004][2017-10-17T09:48:39] Timestamp updated for file 'C:\Program Files (x86)\Microsoft Visual Studio\2017\Community\Common7\IDE\ProjectTemplates\CSharp\WCF\1033\RssService\RssServiceLibrary.vstemplate'.
[0b00:0004][2017-10-17T09:48:39] Processing file /Contents/Common7/IDE/ProjectTemplates/CSharp/WCF/1033/WAPService/AssemblyInfo.cs
[0b00:0004][2017-10-17T09:48:39] Started: Copying file /Contents/Common7/IDE/ProjectTemplates/CSharp/WCF/1033/WAPService/AssemblyInfo.cs to C:\Program Files (x86)\Microsoft Visual Studio\2017\Community\Common7\IDE\ProjectTemplates\CSharp\WCF\1033\WAPService\AssemblyInfo.cs
[0b00:0004][2017-10-17T09:48:39] Completed: Copying file /Contents/Common7/IDE/ProjectTemplates/CSharp/WCF/1033/WAPService/AssemblyInfo.cs to C:\Program Files (x86)\Microsoft Visual Studio\2017\Community\Common7\IDE\ProjectTemplates\CSharp\WCF\1033\WAPService\AssemblyInfo.cs
[0b00:0004][2017-10-17T09:48:39] Timestamp updated for file 'C:\Program Files (x86)\Microsoft Visual Studio\2017\Community\Common7\IDE\ProjectTemplates\CSharp\WCF\1033\WAPService\AssemblyInfo.cs'.
[0b00:0004][2017-10-17T09:48:39] Processing file /Contents/Common7/IDE/ProjectTemplates/CSharp/WCF/1033/WAPService/IService1.cs
[0b00:0004][2017-10-17T09:48:39] Started: Copying file /Contents/Common7/IDE/ProjectTemplates/CSharp/WCF/1033/WAPService/IService1.cs to C:\Program Files (x86)\Microsoft Visual Studio\2017\Community\Common7\IDE\ProjectTemplates\CSharp\WCF\1033\WAPService\IService1.cs
[0b00:0004][2017-10-17T09:48:39] Completed: Copying file /Contents/Common7/IDE/ProjectTemplates/CSharp/WCF/1033/WAPService/IService1.cs to C:\Program Files (x86)\Microsoft Visual Studio\2017\Community\Common7\IDE\ProjectTemplates\CSharp\WCF\1033\WAPService\IService1.cs
[0b00:0004][2017-10-17T09:48:39] Timestamp updated for file 'C:\Program Files (x86)\Microsoft Visual Studio\2017\Community\Common7\IDE\ProjectTemplates\CSharp\WCF\1033\WAPService\IService1.cs'.
[0b00:0004][2017-10-17T09:48:39] Processing file /Contents/Common7/IDE/ProjectTemplates/CSharp/WCF/1033/WAPService/Service1.svc
[0b00:0004][2017-10-17T09:48:39] Started: Copying file /Contents/Common7/IDE/ProjectTemplates/CSharp/WCF/1033/WAPService/Service1.svc to C:\Program Files (x86)\Microsoft Visual Studio\2017\Community\Common7\IDE\ProjectTemplates\CSharp\WCF\1033\WAPService\Service1.svc
[0b00:0004][2017-10-17T09:48:39] Completed: Copying file /Contents/Common7/IDE/ProjectTemplates/CSharp/WCF/1033/WAPService/Service1.svc to C:\Program Files (x86)\Microsoft Visual Studio\2017\Community\Common7\IDE\ProjectTemplates\CSharp\WCF\1033\WAPService\Service1.svc
[0b00:0004][2017-10-17T09:48:39] Timestamp updated for file 'C:\Program Files (x86)\Microsoft Visual Studio\2017\Community\Common7\IDE\ProjectTemplates\CSharp\WCF\1033\WAPService\Service1.svc'.
[0b00:0004][2017-10-17T09:48:39] Processing file /Contents/Common7/IDE/ProjectTemplates/CSharp/WCF/1033/WAPService/Service1.svc.cs
[0b00:0004][2017-10-17T09:48:39] Started: Copying file /Contents/Common7/IDE/ProjectTemplates/CSharp/WCF/1033/WAPService/Service1.svc.cs to C:\Program Files (x86)\Microsoft Visual Studio\2017\Community\Common7\IDE\ProjectTemplates\CSharp\WCF\1033\WAPService\Service1.svc.cs
[0b00:0004][2017-10-17T09:48:39] Completed: Copying file /Contents/Common7/IDE/ProjectTemplates/CSharp/WCF/1033/WAPService/Service1.svc.cs to C:\Program Files (x86)\Microsoft Visual Studio\2017\Community\Common7\IDE\ProjectTemplates\CSharp\WCF\1033\WAPService\Service1.svc.cs
[0b00:0004][2017-10-17T09:48:39] Timestamp updated for file 'C:\Program Files (x86)\Microsoft Visual Studio\2017\Community\Common7\IDE\ProjectTemplates\CSharp\WCF\1033\WAPService\Service1.svc.cs'.
[0b00:0004][2017-10-17T09:48:39] Processing file /Contents/Common7/IDE/ProjectTemplates/CSharp/WCF/1033/WAPService/WCFService.csproj
[0b00:0004][2017-10-17T09:48:39] Started: Copying file /Contents/Common7/IDE/ProjectTemplates/CSharp/WCF/1033/WAPService/WCFService.csproj to C:\Program Files (x86)\Microsoft Visual Studio\2017\Community\Common7\IDE\ProjectTemplates\CSharp\WCF\1033\WAPService\WCFService.csproj
[0b00:0004][2017-10-17T09:48:39] Completed: Copying file /Contents/Common7/IDE/ProjectTemplates/CSharp/WCF/1033/WAPService/WCFService.csproj to C:\Program Files (x86)\Microsoft Visual Studio\2017\Community\Common7\IDE\ProjectTemplates\CSharp\WCF\1033\WAPService\WCFService.csproj
[0b00:0004][2017-10-17T09:48:39] Timestamp updated for file 'C:\Program Files (x86)\Microsoft Visual Studio\2017\Community\Common7\IDE\ProjectTemplates\CSharp\WCF\1033\WAPService\WCFService.csproj'.
[0b00:0004][2017-10-17T09:48:39] Processing file /Contents/Common7/IDE/ProjectTemplates/CSharp/WCF/1033/WAPService/WCFServiceProject.vstemplate
[0b00:0004][2017-10-17T09:48:39] Started: Copying file /Contents/Common7/IDE/ProjectTemplates/CSharp/WCF/1033/WAPService/WCFServiceProject.vstemplate to C:\Program Files (x86)\Microsoft Visual Studio\2017\Community\Common7\IDE\ProjectTemplates\CSharp\WCF\1033\WAPService\WCFServiceProject.vstemplate
[0b00:0004][2017-10-17T09:48:39] Completed: Copying file /Contents/Common7/IDE/ProjectTemplates/CSharp/WCF/1033/WAPService/WCFServiceProject.vstemplate to C:\Program Files (x86)\Microsoft Visual Studio\2017\Community\Common7\IDE\ProjectTemplates\CSharp\WCF\1033\WAPService\WCFServiceProject.vstemplate
[0b00:0004][2017-10-17T09:48:39] Timestamp updated for file 'C:\Program Files (x86)\Microsoft Visual Studio\2017\Community\Common7\IDE\ProjectTemplates\CSharp\WCF\1033\WAPService\WCFServiceProject.vstemplate'.
[0b00:0004][2017-10-17T09:48:39] Processing file /Contents/Common7/IDE/ProjectTemplates/CSharp/WCF/1033/WAPService/Web.config
[0b00:0004][2017-10-17T09:48:39] Started: Copying file /Contents/Common7/IDE/ProjectTemplates/CSharp/WCF/1033/WAPService/Web.config to C:\Program Files (x86)\Microsoft Visual Studio\2017\Community\Common7\IDE\ProjectTemplates\CSharp\WCF\1033\WAPService\Web.config
[0b00:0004][2017-10-17T09:48:39] Completed: Copying file /Contents/Common7/IDE/ProjectTemplates/CSharp/WCF/1033/WAPService/Web.config to C:\Program Files (x86)\Microsoft Visual Studio\2017\Community\Common7\IDE\ProjectTemplates\CSharp\WCF\1033\WAPService\Web.config
[0b00:0004][2017-10-17T09:48:39] Timestamp updated for file 'C:\Program Files (x86)\Microsoft Visual Studio\2017\Community\Common7\IDE\ProjectTemplates\CSharp\WCF\1033\WAPService\Web.config'.
[0b00:0004][2017-10-17T09:48:39] Processing file /Contents/Common7/IDE/ProjectTemplates/CSharp/WCF/1033/WcfServiceLibrary/App.config
[0b00:0004][2017-10-17T09:48:39] Started: Copying file /Contents/Common7/IDE/ProjectTemplates/CSharp/WCF/1033/WcfServiceLibrary/App.config to C:\Program Files (x86)\Microsoft Visual Studio\2017\Community\Common7\IDE\ProjectTemplates\CSharp\WCF\1033\WcfServiceLibrary\App.config
[0b00:0004][2017-10-17T09:48:39] Completed: Copying file /Contents/Common7/IDE/ProjectTemplates/CSharp/WCF/1033/WcfServiceLibrary/App.config to C:\Program Files (x86)\Microsoft Visual Studio\2017\Community\Common7\IDE\ProjectTemplates\CSharp\WCF\1033\WcfServiceLibrary\App.config
[0b00:0004][2017-10-17T09:48:39] Timestamp updated for file 'C:\Program Files (x86)\Microsoft Visual Studio\2017\Community\Common7\IDE\ProjectTemplates\CSharp\WCF\1033\WcfServiceLibrary\App.config'.
[0b00:0004][2017-10-17T09:48:39] Processing file /Contents/Common7/IDE/ProjectTemplates/CSharp/WCF/1033/WcfServiceLibrary/Assemblyinfo.cs
[0b00:0004][2017-10-17T09:48:39] Started: Copying file /Contents/Common7/IDE/ProjectTemplates/CSharp/WCF/1033/WcfServiceLibrary/Assemblyinfo.cs to C:\Program Files (x86)\Microsoft Visual Studio\2017\Community\Common7\IDE\ProjectTemplates\CSharp\WCF\1033\WcfServiceLibrary\Assemblyinfo.cs
[0b00:0004][2017-10-17T09:48:39] Completed: Copying file /Contents/Common7/IDE/ProjectTemplates/CSharp/WCF/1033/WcfServiceLibrary/Assemblyinfo.cs to C:\Program Files (x86)\Microsoft Visual Studio\2017\Community\Common7\IDE\ProjectTemplates\CSharp\WCF\1033\WcfServiceLibrary\Assemblyinfo.cs
[0b00:0004][2017-10-17T09:48:39] Timestamp updated for file 'C:\Program Files (x86)\Microsoft Visual Studio\2017\Community\Common7\IDE\ProjectTemplates\CSharp\WCF\1033\WcfServiceLibrary\Assemblyinfo.cs'.
[0b00:0004][2017-10-17T09:48:39] Processing file /Contents/Common7/IDE/ProjectTemplates/CSharp/WCF/1033/WcfServiceLibrary/IService1.cs
[0b00:0004][2017-10-17T09:48:39] Started: Copying file /Contents/Common7/IDE/ProjectTemplates/CSharp/WCF/1033/WcfServiceLibrary/IService1.cs to C:\Program Files (x86)\Microsoft Visual Studio\2017\Community\Common7\IDE\ProjectTemplates\CSharp\WCF\1033\WcfServiceLibrary\IService1.cs
[0b00:0004][2017-10-17T09:48:39] Completed: Copying file /Contents/Common7/IDE/ProjectTemplates/CSharp/WCF/1033/WcfServiceLibrary/IService1.cs to C:\Program Files (x86)\Microsoft Visual Studio\2017\Community\Common7\IDE\ProjectTemplates\CSharp\WCF\1033\WcfServiceLibrary\IService1.cs
[0b00:0004][2017-10-17T09:48:39] Timestamp updated for file 'C:\Program Files (x86)\Microsoft Visual Studio\2017\Community\Common7\IDE\ProjectTemplates\CSharp\WCF\1033\WcfServiceLibrary\IService1.cs'.
[0b00:0004][2017-10-17T09:48:39] Processing file /Contents/Common7/IDE/ProjectTemplates/CSharp/WCF/1033/WcfServiceLibrary/Service1.cs
[0b00:0004][2017-10-17T09:48:39] Started: Copying file /Contents/Common7/IDE/ProjectTemplates/CSharp/WCF/1033/WcfServiceLibrary/Service1.cs to C:\Program Files (x86)\Microsoft Visual Studio\2017\Community\Common7\IDE\ProjectTemplates\CSharp\WCF\1033\WcfServiceLibrary\Service1.cs
[0b00:0004][2017-10-17T09:48:39] Completed: Copying file /Contents/Common7/IDE/ProjectTemplates/CSharp/WCF/1033/WcfServiceLibrary/Service1.cs to C:\Program Files (x86)\Microsoft Visual Studio\2017\Community\Common7\IDE\ProjectTemplates\CSharp\WCF\1033\WcfServiceLibrary\Service1.cs
[0b00:0004][2017-10-17T09:48:39] Timestamp updated for file 'C:\Program Files (x86)\Microsoft Visual Studio\2017\Community\Common7\IDE\ProjectTemplates\CSharp\WCF\1033\WcfServiceLibrary\Service1.cs'.
[0b00:0004][2017-10-17T09:48:39] Processing file /Contents/Common7/IDE/ProjectTemplates/CSharp/WCF/1033/WcfServiceLibrary/WcfServiceLibrary.csproj
[0b00:0004][2017-10-17T09:48:39] Started: Copying file /Contents/Common7/IDE/ProjectTemplates/CSharp/WCF/1033/WcfServiceLibrary/WcfServiceLibrary.csproj to C:\Program Files (x86)\Microsoft Visual Studio\2017\Community\Common7\IDE\ProjectTemplates\CSharp\WCF\1033\WcfServiceLibrary\WcfServiceLibrary.csproj
[0b00:0004][2017-10-17T09:48:39] Completed: Copying file /Contents/Common7/IDE/ProjectTemplates/CSharp/WCF/1033/WcfServiceLibrary/WcfServiceLibrary.csproj to C:\Program Files (x86)\Microsoft Visual Studio\2017\Community\Common7\IDE\ProjectTemplates\CSharp\WCF\1033\WcfServiceLibrary\WcfServiceLibrary.csproj
[0b00:0004][2017-10-17T09:48:39] Timestamp updated for file 'C:\Program Files (x86)\Microsoft Visual Studio\2017\Community\Common7\IDE\ProjectTemplates\CSharp\WCF\1033\WcfServiceLibrary\WcfServiceLibrary.csproj'.
[0b00:0004][2017-10-17T09:48:39] Processing file /Contents/Common7/IDE/ProjectTemplates/CSharp/WCF/1033/WcfServiceLibrary/WcfServiceLibrary.vstemplate
[0b00:0004][2017-10-17T09:48:39] Started: Copying file /Contents/Common7/IDE/ProjectTemplates/CSharp/WCF/1033/WcfServiceLibrary/WcfServiceLibrary.vstemplate to C:\Program Files (x86)\Microsoft Visual Studio\2017\Community\Common7\IDE\ProjectTemplates\CSharp\WCF\1033\WcfServiceLibrary\WcfServiceLibrary.vstemplate
[0b00:0004][2017-10-17T09:48:39] Completed: Copying file /Contents/Common7/IDE/ProjectTemplates/CSharp/WCF/1033/WcfServiceLibrary/WcfServiceLibrary.vstemplate to C:\Program Files (x86)\Microsoft Visual Studio\2017\Community\Common7\IDE\ProjectTemplates\CSharp\WCF\1033\WcfServiceLibrary\WcfServiceLibrary.vstemplate
[0b00:0004][2017-10-17T09:48:39] Timestamp updated for file 'C:\Program Files (x86)\Microsoft Visual Studio\2017\Community\Common7\IDE\ProjectTemplates\CSharp\WCF\1033\WcfServiceLibrary\WcfServiceLibrary.vstemplate'.
[0b00:0004][2017-10-17T09:48:39] Processing file /contents/Common7/IDE/ProjectTemplates/Microsoft.VisualStudio.WCF.Resources.en-US.Project..vstman
[0b00:0004][2017-10-17T09:48:39] Started: Copying file /contents/Common7/IDE/ProjectTemplates/Microsoft.VisualStudio.WCF.Resources.en-US.Project..vstman to C:\Program Files (x86)\Microsoft Visual Studio\2017\Community\Common7\IDE\ProjectTemplates\Microsoft.VisualStudio.WCF.Resources.en-US.Project..vstman
[0b00:0004][2017-10-17T09:48:39] Completed: Copying file /contents/Common7/IDE/ProjectTemplates/Microsoft.VisualStudio.WCF.Resources.en-US.Project..vstman to C:\Program Files (x86)\Microsoft Visual Studio\2017\Community\Common7\IDE\ProjectTemplates\Microsoft.VisualStudio.WCF.Resources.en-US.Project..vstman
[0b00:0004][2017-10-17T09:48:39] Timestamp updated for file 'C:\Program Files (x86)\Microsoft Visual Studio\2017\Community\Common7\IDE\ProjectTemplates\Microsoft.VisualStudio.WCF.Resources.en-US.Project..vstman'.
[0b00:0004][2017-10-17T09:48:39] Processing file /Contents/Common7/IDE/ProjectTemplates/VisualBasic/WCF/1033/RssService/App.config
[0b00:0004][2017-10-17T09:48:39] Started: Copying file /Contents/Common7/IDE/ProjectTemplates/VisualBasic/WCF/1033/RssService/App.config to C:\Program Files (x86)\Microsoft Visual Studio\2017\Community\Common7\IDE\ProjectTemplates\VisualBasic\WCF\1033\RssService\App.config
[0b00:0004][2017-10-17T09:48:39] Completed: Copying file /Contents/Common7/IDE/ProjectTemplates/VisualBasic/WCF/1033/RssService/App.config to C:\Program Files (x86)\Microsoft Visual Studio\2017\Community\Common7\IDE\ProjectTemplates\VisualBasic\WCF\1033\RssService\App.config
[0b00:0004][2017-10-17T09:48:39] Timestamp updated for file 'C:\Program Files (x86)\Microsoft Visual Studio\2017\Community\Common7\IDE\ProjectTemplates\VisualBasic\WCF\1033\RssService\App.config'.
[0b00:0004][2017-10-17T09:48:39] Processing file /Contents/Common7/IDE/ProjectTemplates/VisualBasic/WCF/1033/RssService/Application.Designer.vb
[0b00:0004][2017-10-17T09:48:39] Started: Copying file /Contents/Common7/IDE/ProjectTemplates/VisualBasic/WCF/1033/RssService/Application.Designer.vb to C:\Program Files (x86)\Microsoft Visual Studio\2017\Community\Common7\IDE\ProjectTemplates\VisualBasic\WCF\1033\RssService\Application.Designer.vb
[0b00:0004][2017-10-17T09:48:39] Completed: Copying file /Contents/Common7/IDE/ProjectTemplates/VisualBasic/WCF/1033/RssService/Application.Designer.vb to C:\Program Files (x86)\Microsoft Visual Studio\2017\Community\Common7\IDE\ProjectTemplates\VisualBasic\WCF\1033\RssService\Application.Designer.vb
[0b00:0004][2017-10-17T09:48:39] Timestamp updated for file 'C:\Program Files (x86)\Microsoft Visual Studio\2017\Community\Common7\IDE\ProjectTemplates\VisualBasic\WCF\1033\RssService\Application.Designer.vb'.
[0b00:0004][2017-10-17T09:48:39] Processing file /Contents/Common7/IDE/ProjectTemplates/VisualBasic/WCF/1033/RssService/Application.myapp
[0b00:0004][2017-10-17T09:48:39] Started: Copying file /Contents/Common7/IDE/ProjectTemplates/VisualBasic/WCF/1033/RssService/Application.myapp to C:\Program Files (x86)\Microsoft Visual Studio\2017\Community\Common7\IDE\ProjectTemplates\VisualBasic\WCF\1033\RssService\Application.myapp
[0b00:0004][2017-10-17T09:48:39] Completed: Copying file /Contents/Common7/IDE/ProjectTemplates/VisualBasic/WCF/1033/RssService/Application.myapp to C:\Program Files (x86)\Microsoft Visual Studio\2017\Community\Common7\IDE\ProjectTemplates\VisualBasic\WCF\1033\RssService\Application.myapp
[0b00:0004][2017-10-17T09:48:39] Timestamp updated for file 'C:\Program Files (x86)\Microsoft Visual Studio\2017\Community\Common7\IDE\ProjectTemplates\VisualBasic\WCF\1033\RssService\Application.myapp'.
[0b00:0004][2017-10-17T09:48:39] Processing file /Contents/Common7/IDE/ProjectTemplates/VisualBasic/WCF/1033/RssService/Assemblyinfo.vb
[0b00:0004][2017-10-17T09:48:39] Started: Copying file /Contents/Common7/IDE/ProjectTemplates/VisualBasic/WCF/1033/RssService/Assemblyinfo.vb to C:\Program Files (x86)\Microsoft Visual Studio\2017\Community\Common7\IDE\ProjectTemplates\VisualBasic\WCF\1033\RssService\Assemblyinfo.vb
[0b00:0004][2017-10-17T09:48:39] Completed: Copying file /Contents/Common7/IDE/ProjectTemplates/VisualBasic/WCF/1033/RssService/Assemblyinfo.vb to C:\Program Files (x86)\Microsoft Visual Studio\2017\Community\Common7\IDE\ProjectTemplates\VisualBasic\WCF\1033\RssService\Assemblyinfo.vb
[0b00:0004][2017-10-17T09:48:39] Timestamp updated for file 'C:\Program Files (x86)\Microsoft Visual Studio\2017\Community\Common7\IDE\ProjectTemplates\VisualBasic\WCF\1033\RssService\Assemblyinfo.vb'.
[0b00:0004][2017-10-17T09:48:39] Processing file /Contents/Common7/IDE/ProjectTemplates/VisualBasic/WCF/1033/RssService/Feed1.vb
[0b00:0004][2017-10-17T09:48:39] Started: Copying file /Contents/Common7/IDE/ProjectTemplates/VisualBasic/WCF/1033/RssService/Feed1.vb to C:\Program Files (x86)\Microsoft Visual Studio\2017\Community\Common7\IDE\ProjectTemplates\VisualBasic\WCF\1033\RssService\Feed1.vb
[0b00:0004][2017-10-17T09:48:39] Completed: Copying file /Contents/Common7/IDE/ProjectTemplates/VisualBasic/WCF/1033/RssService/Feed1.vb to C:\Program Files (x86)\Microsoft Visual Studio\2017\Community\Common7\IDE\ProjectTemplates\VisualBasic\WCF\1033\RssService\Feed1.vb
[0b00:0004][2017-10-17T09:48:39] Timestamp updated for file 'C:\Program Files (x86)\Microsoft Visual Studio\2017\Community\Common7\IDE\ProjectTemplates\VisualBasic\WCF\1033\RssService\Feed1.vb'.
[0b00:0004][2017-10-17T09:48:39] Processing file /Contents/Common7/IDE/ProjectTemplates/VisualBasic/WCF/1033/RssService/IFeed1.vb
[0b00:0004][2017-10-17T09:48:39] Started: Copying file /Contents/Common7/IDE/ProjectTemplates/VisualBasic/WCF/1033/RssService/IFeed1.vb to C:\Program Files (x86)\Microsoft Visual Studio\2017\Community\Common7\IDE\ProjectTemplates\VisualBasic\WCF\1033\RssService\IFeed1.vb
[0b00:0004][2017-10-17T09:48:39] Completed: Copying file /Contents/Common7/IDE/ProjectTemplates/VisualBasic/WCF/1033/RssService/IFeed1.vb to C:\Program Files (x86)\Microsoft Visual Studio\2017\Community\Common7\IDE\ProjectTemplates\VisualBasic\WCF\1033\RssService\IFeed1.vb
[0b00:0004][2017-10-17T09:48:39] Timestamp updated for file 'C:\Program Files (x86)\Microsoft Visual Studio\2017\Community\Common7\IDE\ProjectTemplates\VisualBasic\WCF\1033\RssService\IFeed1.vb'.
[0b00:0004][2017-10-17T09:48:39] Processing file /Contents/Common7/IDE/ProjectTemplates/VisualBasic/WCF/1033/RssService/Resources.Designer.vb
[0b00:0004][2017-10-17T09:48:39] Started: Copying file /Contents/Common7/IDE/ProjectTemplates/VisualBasic/WCF/1033/RssService/Resources.Designer.vb to C:\Program Files (x86)\Microsoft Visual Studio\2017\Community\Common7\IDE\ProjectTemplates\VisualBasic\WCF\1033\RssService\Resources.Designer.vb
[0b00:0004][2017-10-17T09:48:39] Completed: Copying file /Contents/Common7/IDE/ProjectTemplates/VisualBasic/WCF/1033/RssService/Resources.Designer.vb to C:\Program Files (x86)\Microsoft Visual Studio\2017\Community\Common7\IDE\ProjectTemplates\VisualBasic\WCF\1033\RssService\Resources.Designer.vb
[0b00:0004][2017-10-17T09:48:39] Timestamp updated for file 'C:\Program Files (x86)\Microsoft Visual Studio\2017\Community\Common7\IDE\ProjectTemplates\VisualBasic\WCF\1033\RssService\Resources.Designer.vb'.
[0b00:0004][2017-10-17T09:48:39] Processing file /Contents/Common7/IDE/ProjectTemplates/VisualBasic/WCF/1033/RssService/Resources.resx
[0b00:0004][2017-10-17T09:48:39] Started: Copying file /Contents/Common7/IDE/ProjectTemplates/VisualBasic/WCF/1033/RssService/Resources.resx to C:\Program Files (x86)\Microsoft Visual Studio\2017\Community\Common7\IDE\ProjectTemplates\VisualBasic\WCF\1033\RssService\Resources.resx
[0b00:0004][2017-10-17T09:48:39] Completed: Copying file /Contents/Common7/IDE/ProjectTemplates/VisualBasic/WCF/1033/RssService/Resources.resx to C:\Program Files (x86)\Microsoft Visual Studio\2017\Community\Common7\IDE\ProjectTemplates\VisualBasic\WCF\1033\RssService\Resources.resx
[0b00:0004][2017-10-17T09:48:39] Timestamp updated for file 'C:\Program Files (x86)\Microsoft Visual Studio\2017\Community\Common7\IDE\ProjectTemplates\VisualBasic\WCF\1033\RssService\Resources.resx'.
[0b00:0004][2017-10-17T09:48:39] Processing file /Contents/Common7/IDE/ProjectTemplates/VisualBasic/WCF/1033/RssService/RssServiceLibrary.vbproj
[0b00:0004][2017-10-17T09:48:39] Started: Copying file /Contents/Common7/IDE/ProjectTemplates/VisualBasic/WCF/1033/RssService/RssServiceLibrary.vbproj to C:\Program Files (x86)\Microsoft Visual Studio\2017\Community\Common7\IDE\ProjectTemplates\VisualBasic\WCF\1033\RssService\RssServiceLibrary.vbproj
[0b00:0004][2017-10-17T09:48:39] Completed: Copying file /Contents/Common7/IDE/ProjectTemplates/VisualBasic/WCF/1033/RssService/RssServiceLibrary.vbproj to C:\Program Files (x86)\Microsoft Visual Studio\2017\Community\Common7\IDE\ProjectTemplates\VisualBasic\WCF\1033\RssService\RssServiceLibrary.vbproj
[0b00:0004][2017-10-17T09:48:39] Timestamp updated for file 'C:\Program Files (x86)\Microsoft Visual Studio\2017\Community\Common7\IDE\ProjectTemplates\VisualBasic\WCF\1033\RssService\RssServiceLibrary.vbproj'.
[0b00:0004][2017-10-17T09:48:39] Processing file /Contents/Common7/IDE/ProjectTemplates/VisualBasic/WCF/1033/RssService/RssServiceLibrary.vstemplate
[0b00:0004][2017-10-17T09:48:39] Started: Copying file /Contents/Common7/IDE/ProjectTemplates/VisualBasic/WCF/1033/RssService/RssServiceLibrary.vstemplate to C:\Program Files (x86)\Microsoft Visual Studio\2017\Community\Common7\IDE\ProjectTemplates\VisualBasic\WCF\1033\RssService\RssServiceLibrary.vstemplate
[0b00:0004][2017-10-17T09:48:39] Completed: Copying file /Contents/Common7/IDE/ProjectTemplates/VisualBasic/WCF/1033/RssService/RssServiceLibrary.vstemplate to C:\Program Files (x86)\Microsoft Visual Studio\2017\Community\Common7\IDE\ProjectTemplates\VisualBasic\WCF\1033\RssService\RssServiceLibrary.vstemplate
[0b00:0004][2017-10-17T09:48:39] Timestamp updated for file 'C:\Program Files (x86)\Microsoft Visual Studio\2017\Community\Common7\IDE\ProjectTemplates\VisualBasic\WCF\1033\RssService\RssServiceLibrary.vstemplate'.
[0b00:0004][2017-10-17T09:48:39] Processing file /Contents/Common7/IDE/ProjectTemplates/VisualBasic/WCF/1033/RssService/Settings.Designer.vb
[0b00:0004][2017-10-17T09:48:39] Started: Copying file /Contents/Common7/IDE/ProjectTemplates/VisualBasic/WCF/1033/RssService/Settings.Designer.vb to C:\Program Files (x86)\Microsoft Visual Studio\2017\Community\Common7\IDE\ProjectTemplates\VisualBasic\WCF\1033\RssService\Settings.Designer.vb
[0b00:0004][2017-10-17T09:48:39] Completed: Copying file /Contents/Common7/IDE/ProjectTemplates/VisualBasic/WCF/1033/RssService/Settings.Designer.vb to C:\Program Files (x86)\Microsoft Visual Studio\2017\Community\Common7\IDE\ProjectTemplates\VisualBasic\WCF\1033\RssService\Settings.Designer.vb
[0b00:0004][2017-10-17T09:48:39] Timestamp updated for file 'C:\Program Files (x86)\Microsoft Visual Studio\2017\Community\Common7\IDE\ProjectTemplates\VisualBasic\WCF\1033\RssService\Settings.Designer.vb'.
[0b00:0004][2017-10-17T09:48:39] Processing file /Contents/Common7/IDE/ProjectTemplates/VisualBasic/WCF/1033/RssService/Settings.settings
[0b00:0004][2017-10-17T09:48:39] Started: Copying file /Contents/Common7/IDE/ProjectTemplates/VisualBasic/WCF/1033/RssService/Settings.settings to C:\Program Files (x86)\Microsoft Visual Studio\2017\Community\Common7\IDE\ProjectTemplates\VisualBasic\WCF\1033\RssService\Settings.settings
[0b00:0004][2017-10-17T09:48:39] Completed: Copying file /Contents/Common7/IDE/ProjectTemplates/VisualBasic/WCF/1033/RssService/Settings.settings to C:\Program Files (x86)\Microsoft Visual Studio\2017\Community\Common7\IDE\ProjectTemplates\VisualBasic\WCF\1033\RssService\Settings.settings
[0b00:0004][2017-10-17T09:48:39] Timestamp updated for file 'C:\Program Files (x86)\Microsoft Visual Studio\2017\Community\Common7\IDE\ProjectTemplates\VisualBasic\WCF\1033\RssService\Settings.settings'.
[0b00:0004][2017-10-17T09:48:39] Processing file /Contents/Common7/IDE/ProjectTemplates/VisualBasic/WCF/1033/WAPService/Application.Designer.vb
[0b00:0004][2017-10-17T09:48:39] Started: Copying file /Contents/Common7/IDE/ProjectTemplates/VisualBasic/WCF/1033/WAPService/Application.Designer.vb to C:\Program Files (x86)\Microsoft Visual Studio\2017\Community\Common7\IDE\ProjectTemplates\VisualBasic\WCF\1033\WAPService\Application.Designer.vb
[0b00:0004][2017-10-17T09:48:39] Completed: Copying file /Contents/Common7/IDE/ProjectTemplates/VisualBasic/WCF/1033/WAPService/Application.Designer.vb to C:\Program Files (x86)\Microsoft Visual Studio\2017\Community\Common7\IDE\ProjectTemplates\VisualBasic\WCF\1033\WAPService\Application.Designer.vb
[0b00:0004][2017-10-17T09:48:39] Timestamp updated for file 'C:\Program Files (x86)\Microsoft Visual Studio\2017\Community\Common7\IDE\ProjectTemplates\VisualBasic\WCF\1033\WAPService\Application.Designer.vb'.
[0b00:0004][2017-10-17T09:48:39] Processing file /Contents/Common7/IDE/ProjectTemplates/VisualBasic/WCF/1033/WAPService/Application.myapp
[0b00:0004][2017-10-17T09:48:39] Started: Copying file /Contents/Common7/IDE/ProjectTemplates/VisualBasic/WCF/1033/WAPService/Application.myapp to C:\Program Files (x86)\Microsoft Visual Studio\2017\Community\Common7\IDE\ProjectTemplates\VisualBasic\WCF\1033\WAPService\Application.myapp
[0b00:0004][2017-10-17T09:48:39] Completed: Copying file /Contents/Common7/IDE/ProjectTemplates/VisualBasic/WCF/1033/WAPService/Application.myapp to C:\Program Files (x86)\Microsoft Visual Studio\2017\Community\Common7\IDE\ProjectTemplates\VisualBasic\WCF\1033\WAPService\Application.myapp
[0b00:0004][2017-10-17T09:48:39] Timestamp updated for file 'C:\Program Files (x86)\Microsoft Visual Studio\2017\Community\Common7\IDE\ProjectTemplates\VisualBasic\WCF\1033\WAPService\Application.myapp'.
[0b00:0004][2017-10-17T09:48:39] Processing file /Contents/Common7/IDE/ProjectTemplates/VisualBasic/WCF/1033/WAPService/AssemblyInfo.vb
[0b00:0004][2017-10-17T09:48:39] Started: Copying file /Contents/Common7/IDE/ProjectTemplates/VisualBasic/WCF/1033/WAPService/AssemblyInfo.vb to C:\Program Files (x86)\Microsoft Visual Studio\2017\Community\Common7\IDE\ProjectTemplates\VisualBasic\WCF\1033\WAPService\AssemblyInfo.vb
[0b00:0004][2017-10-17T09:48:39] Completed: Copying file /Contents/Common7/IDE/ProjectTemplates/VisualBasic/WCF/1033/WAPService/AssemblyInfo.vb to C:\Program Files (x86)\Microsoft Visual Studio\2017\Community\Common7\IDE\ProjectTemplates\VisualBasic\WCF\1033\WAPService\AssemblyInfo.vb
[0b00:0004][2017-10-17T09:48:39] Timestamp updated for file 'C:\Program Files (x86)\Microsoft Visual Studio\2017\Community\Common7\IDE\ProjectTemplates\VisualBasic\WCF\1033\WAPService\AssemblyInfo.vb'.
[0b00:0004][2017-10-17T09:48:39] Processing file /Contents/Common7/IDE/ProjectTemplates/VisualBasic/WCF/1033/WAPService/IService1.vb
[0b00:0004][2017-10-17T09:48:39] Started: Copying file /Contents/Common7/IDE/ProjectTemplates/VisualBasic/WCF/1033/WAPService/IService1.vb to C:\Program Files (x86)\Microsoft Visual Studio\2017\Community\Common7\IDE\ProjectTemplates\VisualBasic\WCF\1033\WAPService\IService1.vb
[0b00:0004][2017-10-17T09:48:39] Completed: Copying file /Contents/Common7/IDE/ProjectTemplates/VisualBasic/WCF/1033/WAPService/IService1.vb to C:\Program Files (x86)\Microsoft Visual Studio\2017\Community\Common7\IDE\ProjectTemplates\VisualBasic\WCF\1033\WAPService\IService1.vb
[0b00:0004][2017-10-17T09:48:39] Timestamp updated for file 'C:\Program Files (x86)\Microsoft Visual Studio\2017\Community\Common7\IDE\ProjectTemplates\VisualBasic\WCF\1033\WAPService\IService1.vb'.
[0b00:0004][2017-10-17T09:48:39] Processing file /Contents/Common7/IDE/ProjectTemplates/VisualBasic/WCF/1033/WAPService/Resources.Designer.vb
[0b00:0004][2017-10-17T09:48:39] Started: Copying file /Contents/Common7/IDE/ProjectTemplates/VisualBasic/WCF/1033/WAPService/Resources.Designer.vb to C:\Program Files (x86)\Microsoft Visual Studio\2017\Community\Common7\IDE\ProjectTemplates\VisualBasic\WCF\1033\WAPService\Resources.Designer.vb
[0b00:0004][2017-10-17T09:48:39] Completed: Copying file /Contents/Common7/IDE/ProjectTemplates/VisualBasic/WCF/1033/WAPService/Resources.Designer.vb to C:\Program Files (x86)\Microsoft Visual Studio\2017\Community\Common7\IDE\ProjectTemplates\VisualBasic\WCF\1033\WAPService\Resources.Designer.vb
[0b00:0004][2017-10-17T09:48:39] Timestamp updated for file 'C:\Program Files (x86)\Microsoft Visual Studio\2017\Community\Common7\IDE\ProjectTemplates\VisualBasic\WCF\1033\WAPService\Resources.Designer.vb'.
[0b00:0004][2017-10-17T09:48:39] Processing file /Contents/Common7/IDE/ProjectTemplates/VisualBasic/WCF/1033/WAPService/Resources.resx
[0b00:0004][2017-10-17T09:48:39] Started: Copying file /Contents/Common7/IDE/ProjectTemplates/VisualBasic/WCF/1033/WAPService/Resources.resx to C:\Program Files (x86)\Microsoft Visual Studio\2017\Community\Common7\IDE\ProjectTemplates\VisualBasic\WCF\1033\WAPService\Resources.resx
[0b00:0004][2017-10-17T09:48:39] Completed: Copying file /Contents/Common7/IDE/ProjectTemplates/VisualBasic/WCF/1033/WAPService/Resources.resx to C:\Program Files (x86)\Microsoft Visual Studio\2017\Community\Common7\IDE\ProjectTemplates\VisualBasic\WCF\1033\WAPService\Resources.resx
[0b00:0004][2017-10-17T09:48:39] Timestamp updated for file 'C:\Program Files (x86)\Microsoft Visual Studio\2017\Community\Common7\IDE\ProjectTemplates\VisualBasic\WCF\1033\WAPService\Resources.resx'.
[0b00:0004][2017-10-17T09:48:39] Processing file /Contents/Common7/IDE/ProjectTemplates/VisualBasic/WCF/1033/WAPService/Service1.svc
[0b00:0004][2017-10-17T09:48:39] Started: Copying file /Contents/Common7/IDE/ProjectTemplates/VisualBasic/WCF/1033/WAPService/Service1.svc to C:\Program Files (x86)\Microsoft Visual Studio\2017\Community\Common7\IDE\ProjectTemplates\VisualBasic\WCF\1033\WAPService\Service1.svc
[0b00:0004][2017-10-17T09:48:39] Completed: Copying file /Contents/Common7/IDE/ProjectTemplates/VisualBasic/WCF/1033/WAPService/Service1.svc to C:\Program Files (x86)\Microsoft Visual Studio\2017\Community\Common7\IDE\ProjectTemplates\VisualBasic\WCF\1033\WAPService\Service1.svc
[0b00:0004][2017-10-17T09:48:39] Timestamp updated for file 'C:\Program Files (x86)\Microsoft Visual Studio\2017\Community\Common7\IDE\ProjectTemplates\VisualBasic\WCF\1033\WAPService\Service1.svc'.
[0b00:0004][2017-10-17T09:48:39] Processing file /Contents/Common7/IDE/ProjectTemplates/VisualBasic/WCF/1033/WAPService/Service1.svc.vb
[0b00:0004][2017-10-17T09:48:39] Started: Copying file /Contents/Common7/IDE/ProjectTemplates/VisualBasic/WCF/1033/WAPService/Service1.svc.vb to C:\Program Files (x86)\Microsoft Visual Studio\2017\Community\Common7\IDE\ProjectTemplates\VisualBasic\WCF\1033\WAPService\Service1.svc.vb
[0b00:0004][2017-10-17T09:48:39] Completed: Copying file /Contents/Common7/IDE/ProjectTemplates/VisualBasic/WCF/1033/WAPService/Service1.svc.vb to C:\Program Files (x86)\Microsoft Visual Studio\2017\Community\Common7\IDE\ProjectTemplates\VisualBasic\WCF\1033\WAPService\Service1.svc.vb
[0b00:0004][2017-10-17T09:48:39] Timestamp updated for file 'C:\Program Files (x86)\Microsoft Visual Studio\2017\Community\Common7\IDE\ProjectTemplates\VisualBasic\WCF\1033\WAPService\Service1.svc.vb'.
[0b00:0004][2017-10-17T09:48:39] Processing file /Contents/Common7/IDE/ProjectTemplates/VisualBasic/WCF/1033/WAPService/Settings.Designer.vb
[0b00:0004][2017-10-17T09:48:39] Started: Copying file /Contents/Common7/IDE/ProjectTemplates/VisualBasic/WCF/1033/WAPService/Settings.Designer.vb to C:\Program Files (x86)\Microsoft Visual Studio\2017\Community\Common7\IDE\ProjectTemplates\VisualBasic\WCF\1033\WAPService\Settings.Designer.vb
[0b00:0004][2017-10-17T09:48:39] Completed: Copying file /Contents/Common7/IDE/ProjectTemplates/VisualBasic/WCF/1033/WAPService/Settings.Designer.vb to C:\Program Files (x86)\Microsoft Visual Studio\2017\Community\Common7\IDE\ProjectTemplates\VisualBasic\WCF\1033\WAPService\Settings.Designer.vb
[0b00:0004][2017-10-17T09:48:39] Timestamp updated for file 'C:\Program Files (x86)\Microsoft Visual Studio\2017\Community\Common7\IDE\ProjectTemplates\VisualBasic\WCF\1033\WAPService\Settings.Designer.vb'.
[0b00:0004][2017-10-17T09:48:39] Processing file /Contents/Common7/IDE/ProjectTemplates/VisualBasic/WCF/1033/WAPService/Settings.settings
[0b00:0004][2017-10-17T09:48:39] Started: Copying file /Contents/Common7/IDE/ProjectTemplates/VisualBasic/WCF/1033/WAPService/Settings.settings to C:\Program Files (x86)\Microsoft Visual Studio\2017\Community\Common7\IDE\ProjectTemplates\VisualBasic\WCF\1033\WAPService\Settings.settings
[0b00:0004][2017-10-17T09:48:39] Completed: Copying file /Contents/Common7/IDE/ProjectTemplates/VisualBasic/WCF/1033/WAPService/Settings.settings to C:\Program Files (x86)\Microsoft Visual Studio\2017\Community\Common7\IDE\ProjectTemplates\VisualBasic\WCF\1033\WAPService\Settings.settings
[0b00:0004][2017-10-17T09:48:39] Timestamp updated for file 'C:\Program Files (x86)\Microsoft Visual Studio\2017\Community\Common7\IDE\ProjectTemplates\VisualBasic\WCF\1033\WAPService\Settings.settings'.
[0b00:0004][2017-10-17T09:48:39] Processing file /Contents/Common7/IDE/ProjectTemplates/VisualBasic/WCF/1033/WAPService/WCFService.vbproj
[0b00:0004][2017-10-17T09:48:39] Started: Copying file /Contents/Common7/IDE/ProjectTemplates/VisualBasic/WCF/1033/WAPService/WCFService.vbproj to C:\Program Files (x86)\Microsoft Visual Studio\2017\Community\Common7\IDE\ProjectTemplates\VisualBasic\WCF\1033\WAPService\WCFService.vbproj
[0b00:0004][2017-10-17T09:48:39] Completed: Copying file /Contents/Common7/IDE/ProjectTemplates/VisualBasic/WCF/1033/WAPService/WCFService.vbproj to C:\Program Files (x86)\Microsoft Visual Studio\2017\Community\Common7\IDE\ProjectTemplates\VisualBasic\WCF\1033\WAPService\WCFService.vbproj
[0b00:0004][2017-10-17T09:48:39] Timestamp updated for file 'C:\Program Files (x86)\Microsoft Visual Studio\2017\Community\Common7\IDE\ProjectTemplates\VisualBasic\WCF\1033\WAPService\WCFService.vbproj'.
[0b00:0004][2017-10-17T09:48:39] Processing file /Contents/Common7/IDE/ProjectTemplates/VisualBasic/WCF/1033/WAPService/WCFServiceProject.vstemplate
[0b00:0004][2017-10-17T09:48:39] Started: Copying file /Contents/Common7/IDE/ProjectTemplates/VisualBasic/WCF/1033/WAPService/WCFServiceProject.vstemplate to C:\Program Files (x86)\Microsoft Visual Studio\2017\Community\Common7\IDE\ProjectTemplates\VisualBasic\WCF\1033\WAPService\WCFServiceProject.vstemplate
[0b00:0004][2017-10-17T09:48:39] Completed: Copying file /Contents/Common7/IDE/ProjectTemplates/VisualBasic/WCF/1033/WAPService/WCFServiceProject.vstemplate to C:\Program Files (x86)\Microsoft Visual Studio\2017\Community\Common7\IDE\ProjectTemplates\VisualBasic\WCF\1033\WAPService\WCFServiceProject.vstemplate
[0b00:0004][2017-10-17T09:48:39] Timestamp updated for file 'C:\Program Files (x86)\Microsoft Visual Studio\2017\Community\Common7\IDE\ProjectTemplates\VisualBasic\WCF\1033\WAPService\WCFServiceProject.vstemplate'.
[0b00:0004][2017-10-17T09:48:39] Processing file /Contents/Common7/IDE/ProjectTemplates/VisualBasic/WCF/1033/WAPService/Web.config
[0b00:0004][2017-10-17T09:48:39] Started: Copying file /Contents/Common7/IDE/ProjectTemplates/VisualBasic/WCF/1033/WAPService/Web.config to C:\Program Files (x86)\Microsoft Visual Studio\2017\Community\Common7\IDE\ProjectTemplates\VisualBasic\WCF\1033\WAPService\Web.config
[0b00:0004][2017-10-17T09:48:39] Completed: Copying file /Contents/Common7/IDE/ProjectTemplates/VisualBasic/WCF/1033/WAPService/Web.config to C:\Program Files (x86)\Microsoft Visual Studio\2017\Community\Common7\IDE\ProjectTemplates\VisualBasic\WCF\1033\WAPService\Web.config
[0b00:0004][2017-10-17T09:48:39] Timestamp updated for file 'C:\Program Files (x86)\Microsoft Visual Studio\2017\Community\Common7\IDE\ProjectTemplates\VisualBasic\WCF\1033\WAPService\Web.config'.
[0b00:0004][2017-10-17T09:48:39] Processing file /Contents/Common7/IDE/ProjectTemplates/VisualBasic/WCF/1033/WcfServiceLibrary/App.config
[0b00:0004][2017-10-17T09:48:39] Started: Copying file /Contents/Common7/IDE/ProjectTemplates/VisualBasic/WCF/1033/WcfServiceLibrary/App.config to C:\Program Files (x86)\Microsoft Visual Studio\2017\Community\Common7\IDE\ProjectTemplates\VisualBasic\WCF\1033\WcfServiceLibrary\App.config
[0b00:0004][2017-10-17T09:48:39] Completed: Copying file /Contents/Common7/IDE/ProjectTemplates/VisualBasic/WCF/1033/WcfServiceLibrary/App.config to C:\Program Files (x86)\Microsoft Visual Studio\2017\Community\Common7\IDE\ProjectTemplates\VisualBasic\WCF\1033\WcfServiceLibrary\App.config
[0b00:0004][2017-10-17T09:48:39] Timestamp updated for file 'C:\Program Files (x86)\Microsoft Visual Studio\2017\Community\Common7\IDE\ProjectTemplates\VisualBasic\WCF\1033\WcfServiceLibrary\App.config'.
[0b00:0004][2017-10-17T09:48:39] Processing file /Contents/Common7/IDE/ProjectTemplates/VisualBasic/WCF/1033/WcfServiceLibrary/Assemblyinfo.vb
[0b00:0004][2017-10-17T09:48:39] Started: Copying file /Contents/Common7/IDE/ProjectTemplates/VisualBasic/WCF/1033/WcfServiceLibrary/Assemblyinfo.vb to C:\Program Files (x86)\Microsoft Visual Studio\2017\Community\Common7\IDE\ProjectTemplates\VisualBasic\WCF\1033\WcfServiceLibrary\Assemblyinfo.vb
[0b00:0004][2017-10-17T09:48:39] Completed: Copying file /Contents/Common7/IDE/ProjectTemplates/VisualBasic/WCF/1033/WcfServiceLibrary/Assemblyinfo.vb to C:\Program Files (x86)\Microsoft Visual Studio\2017\Community\Common7\IDE\ProjectTemplates\VisualBasic\WCF\1033\WcfServiceLibrary\Assemblyinfo.vb
[0b00:0004][2017-10-17T09:48:39] Timestamp updated for file 'C:\Program Files (x86)\Microsoft Visual Studio\2017\Community\Common7\IDE\ProjectTemplates\VisualBasic\WCF\1033\WcfServiceLibrary\Assemblyinfo.vb'.
[0b00:0004][2017-10-17T09:48:39] Processing file /Contents/Common7/IDE/ProjectTemplates/VisualBasic/WCF/1033/WcfServiceLibrary/IService1.vb
[0b00:0004][2017-10-17T09:48:39] Started: Copying file /Contents/Common7/IDE/ProjectTemplates/VisualBasic/WCF/1033/WcfServiceLibrary/IService1.vb to C:\Program Files (x86)\Microsoft Visual Studio\2017\Community\Common7\IDE\ProjectTemplates\VisualBasic\WCF\1033\WcfServiceLibrary\IService1.vb
[0b00:0004][2017-10-17T09:48:39] Completed: Copying file /Contents/Common7/IDE/ProjectTemplates/VisualBasic/WCF/1033/WcfServiceLibrary/IService1.vb to C:\Program Files (x86)\Microsoft Visual Studio\2017\Community\Common7\IDE\ProjectTemplates\VisualBasic\WCF\1033\WcfServiceLibrary\IService1.vb
[0b00:0004][2017-10-17T09:48:39] Timestamp updated for file 'C:\Program Files (x86)\Microsoft Visual Studio\2017\Community\Common7\IDE\ProjectTemplates\VisualBasic\WCF\1033\WcfServiceLibrary\IService1.vb'.
[0b00:0004][2017-10-17T09:48:39] Processing file /Contents/Common7/IDE/ProjectTemplates/VisualBasic/WCF/1033/WcfServiceLibrary/Resources.Designer.vb
[0b00:0004][2017-10-17T09:48:39] Started: Copying file /Contents/Common7/IDE/ProjectTemplates/VisualBasic/WCF/1033/WcfServiceLibrary/Resources.Designer.vb to C:\Program Files (x86)\Microsoft Visual Studio\2017\Community\Common7\IDE\ProjectTemplates\VisualBasic\WCF\1033\WcfServiceLibrary\Resources.Designer.vb
[0b00:0004][2017-10-17T09:48:39] Completed: Copying file /Contents/Common7/IDE/ProjectTemplates/VisualBasic/WCF/1033/WcfServiceLibrary/Resources.Designer.vb to C:\Program Files (x86)\Microsoft Visual Studio\2017\Community\Common7\IDE\ProjectTemplates\VisualBasic\WCF\1033\WcfServiceLibrary\Resources.Designer.vb
[0b00:0004][2017-10-17T09:48:39] Timestamp updated for file 'C:\Program Files (x86)\Microsoft Visual Studio\2017\Community\Common7\IDE\ProjectTemplates\VisualBasic\WCF\1033\WcfServiceLibrary\Resources.Designer.vb'.
[0b00:0004][2017-10-17T09:48:39] Processing file /Contents/Common7/IDE/ProjectTemplates/VisualBasic/WCF/1033/WcfServiceLibrary/Resources.resx
[0b00:0004][2017-10-17T09:48:39] Started: Copying file /Contents/Common7/IDE/ProjectTemplates/VisualBasic/WCF/1033/WcfServiceLibrary/Resources.resx to C:\Program Files (x86)\Microsoft Visual Studio\2017\Community\Common7\IDE\ProjectTemplates\VisualBasic\WCF\1033\WcfServiceLibrary\Resources.resx
[0b00:0004][2017-10-17T09:48:39] Completed: Copying file /Contents/Common7/IDE/ProjectTemplates/VisualBasic/WCF/1033/WcfServiceLibrary/Resources.resx to C:\Program Files (x86)\Microsoft Visual Studio\2017\Community\Common7\IDE\ProjectTemplates\VisualBasic\WCF\1033\WcfServiceLibrary\Resources.resx
[0b00:0004][2017-10-17T09:48:39] Timestamp updated for file 'C:\Program Files (x86)\Microsoft Visual Studio\2017\Community\Common7\IDE\ProjectTemplates\VisualBasic\WCF\1033\WcfServiceLibrary\Resources.resx'.
[0b00:0004][2017-10-17T09:48:39] Processing file /Contents/Common7/IDE/ProjectTemplates/VisualBasic/WCF/1033/WcfServiceLibrary/Service1.vb
[0b00:0004][2017-10-17T09:48:39] Started: Copying file /Contents/Common7/IDE/ProjectTemplates/VisualBasic/WCF/1033/WcfServiceLibrary/Service1.vb to C:\Program Files (x86)\Microsoft Visual Studio\2017\Community\Common7\IDE\ProjectTemplates\VisualBasic\WCF\1033\WcfServiceLibrary\Service1.vb
[0b00:0004][2017-10-17T09:48:39] Completed: Copying file /Contents/Common7/IDE/ProjectTemplates/VisualBasic/WCF/1033/WcfServiceLibrary/Service1.vb to C:\Program Files (x86)\Microsoft Visual Studio\2017\Community\Common7\IDE\ProjectTemplates\VisualBasic\WCF\1033\WcfServiceLibrary\Service1.vb
[0b00:0004][2017-10-17T09:48:39] Timestamp updated for file 'C:\Program Files (x86)\Microsoft Visual Studio\2017\Community\Common7\IDE\ProjectTemplates\VisualBasic\WCF\1033\WcfServiceLibrary\Service1.vb'.
[0b00:0004][2017-10-17T09:48:39] Processing file /Contents/Common7/IDE/ProjectTemplates/VisualBasic/WCF/1033/WcfServiceLibrary/Settings.Designer.vb
[0b00:0004][2017-10-17T09:48:39] Started: Copying file /Contents/Common7/IDE/ProjectTemplates/VisualBasic/WCF/1033/WcfServiceLibrary/Settings.Designer.vb to C:\Program Files (x86)\Microsoft Visual Studio\2017\Community\Common7\IDE\ProjectTemplates\VisualBasic\WCF\1033\WcfServiceLibrary\Settings.Designer.vb
[0b00:0004][2017-10-17T09:48:39] Completed: Copying file /Contents/Common7/IDE/ProjectTemplates/VisualBasic/WCF/1033/WcfServiceLibrary/Settings.Designer.vb to C:\Program Files (x86)\Microsoft Visual Studio\2017\Community\Common7\IDE\ProjectTemplates\VisualBasic\WCF\1033\WcfServiceLibrary\Settings.Designer.vb
[0b00:0004][2017-10-17T09:48:39] Timestamp updated for file 'C:\Program Files (x86)\Microsoft Visual Studio\2017\Community\Common7\IDE\ProjectTemplates\VisualBasic\WCF\1033\WcfServiceLibrary\Settings.Designer.vb'.
[0b00:0004][2017-10-17T09:48:39] Processing file /Contents/Common7/IDE/ProjectTemplates/VisualBasic/WCF/1033/WcfServiceLibrary/Settings.settings
[0b00:0004][2017-10-17T09:48:39] Started: Copying file /Contents/Common7/IDE/ProjectTemplates/VisualBasic/WCF/1033/WcfServiceLibrary/Settings.settings to C:\Program Files (x86)\Microsoft Visual Studio\2017\Community\Common7\IDE\ProjectTemplates\VisualBasic\WCF\1033\WcfServiceLibrary\Settings.settings
[0b00:0004][2017-10-17T09:48:39] Completed: Copying file /Contents/Common7/IDE/ProjectTemplates/VisualBasic/WCF/1033/WcfServiceLibrary/Settings.settings to C:\Program Files (x86)\Microsoft Visual Studio\2017\Community\Common7\IDE\ProjectTemplates\VisualBasic\WCF\1033\WcfServiceLibrary\Settings.settings
[0b00:0004][2017-10-17T09:48:39] Timestamp updated for file 'C:\Program Files (x86)\Microsoft Visual Studio\2017\Community\Common7\IDE\ProjectTemplates\VisualBasic\WCF\1033\WcfServiceLibrary\Settings.settings'.
[0b00:0004][2017-10-17T09:48:39] Processing file /Contents/Common7/IDE/ProjectTemplates/VisualBasic/WCF/1033/WcfServiceLibrary/WcfServiceLibrary.vbproj
[0b00:0004][2017-10-17T09:48:39] Started: Copying file /Contents/Common7/IDE/ProjectTemplates/VisualBasic/WCF/1033/WcfServiceLibrary/WcfServiceLibrary.vbproj to C:\Program Files (x86)\Microsoft Visual Studio\2017\Community\Common7\IDE\ProjectTemplates\VisualBasic\WCF\1033\WcfServiceLibrary\WcfServiceLibrary.vbproj
[0b00:0004][2017-10-17T09:48:39] Completed: Copying file /Contents/Common7/IDE/ProjectTemplates/VisualBasic/WCF/1033/WcfServiceLibrary/WcfServiceLibrary.vbproj to C:\Program Files (x86)\Microsoft Visual Studio\2017\Community\Common7\IDE\ProjectTemplates\VisualBasic\WCF\1033\WcfServiceLibrary\WcfServiceLibrary.vbproj
[0b00:0004][2017-10-17T09:48:39] Timestamp updated for file 'C:\Program Files (x86)\Microsoft Visual Studio\2017\Community\Common7\IDE\ProjectTemplates\VisualBasic\WCF\1033\WcfServiceLibrary\WcfServiceLibrary.vbproj'.
[0b00:0004][2017-10-17T09:48:39] Processing file /Contents/Common7/IDE/ProjectTemplates/VisualBasic/WCF/1033/WcfServiceLibrary/WcfServiceLibrary.vstemplate
[0b00:0004][2017-10-17T09:48:39] Started: Copying file /Contents/Common7/IDE/ProjectTemplates/VisualBasic/WCF/1033/WcfServiceLibrary/WcfServiceLibrary.vstemplate to C:\Program Files (x86)\Microsoft Visual Studio\2017\Community\Common7\IDE\ProjectTemplates\VisualBasic\WCF\1033\WcfServiceLibrary\WcfServiceLibrary.vstemplate
[0b00:0004][2017-10-17T09:48:39] Completed: Copying file /Contents/Common7/IDE/ProjectTemplates/VisualBasic/WCF/1033/WcfServiceLibrary/WcfServiceLibrary.vstemplate to C:\Program Files (x86)\Microsoft Visual Studio\2017\Community\Common7\IDE\ProjectTemplates\VisualBasic\WCF\1033\WcfServiceLibrary\WcfServiceLibrary.vstemplate
[0b00:0004][2017-10-17T09:48:39] Timestamp updated for file 'C:\Program Files (x86)\Microsoft Visual Studio\2017\Community\Common7\IDE\ProjectTemplates\VisualBasic\WCF\1033\WcfServiceLibrary\WcfServiceLibrary.vstemplate'.
[0b00:0004][2017-10-17T09:48:39] Processing file /Contents/Common7/IDE/ProjectTemplates/Web/CSharp/1033/WebWCFService/IService.cs
[0b00:0004][2017-10-17T09:48:39] Started: Copying file /Contents/Common7/IDE/ProjectTemplates/Web/CSharp/1033/WebWCFService/IService.cs to C:\Program Files (x86)\Microsoft Visual Studio\2017\Community\Common7\IDE\ProjectTemplates\Web\CSharp\1033\WebWCFService\IService.cs
[0b00:0004][2017-10-17T09:48:39] Completed: Copying file /Contents/Common7/IDE/ProjectTemplates/Web/CSharp/1033/WebWCFService/IService.cs to C:\Program Files (x86)\Microsoft Visual Studio\2017\Community\Common7\IDE\ProjectTemplates\Web\CSharp\1033\WebWCFService\IService.cs
[0b00:0004][2017-10-17T09:48:39] Timestamp updated for file 'C:\Program Files (x86)\Microsoft Visual Studio\2017\Community\Common7\IDE\ProjectTemplates\Web\CSharp\1033\WebWCFService\IService.cs'.
[0b00:0004][2017-10-17T09:48:39] Processing file /Contents/Common7/IDE/ProjectTemplates/Web/CSharp/1033/WebWCFService/Service.cs
[0b00:0004][2017-10-17T09:48:39] Started: Copying file /Contents/Common7/IDE/ProjectTemplates/Web/CSharp/1033/WebWCFService/Service.cs to C:\Program Files (x86)\Microsoft Visual Studio\2017\Community\Common7\IDE\ProjectTemplates\Web\CSharp\1033\WebWCFService\Service.cs
[0b00:0004][2017-10-17T09:48:39] Completed: Copying file /Contents/Common7/IDE/ProjectTemplates/Web/CSharp/1033/WebWCFService/Service.cs to C:\Program Files (x86)\Microsoft Visual Studio\2017\Community\Common7\IDE\ProjectTemplates\Web\CSharp\1033\WebWCFService\Service.cs
[0b00:0004][2017-10-17T09:48:39] Timestamp updated for file 'C:\Program Files (x86)\Microsoft Visual Studio\2017\Community\Common7\IDE\ProjectTemplates\Web\CSharp\1033\WebWCFService\Service.cs'.
[0b00:0004][2017-10-17T09:48:39] Processing file /Contents/Common7/IDE/ProjectTemplates/Web/CSharp/1033/WebWCFService/Service.svc
[0b00:0004][2017-10-17T09:48:39] Started: Copying file /Contents/Common7/IDE/ProjectTemplates/Web/CSharp/1033/WebWCFService/Service.svc to C:\Program Files (x86)\Microsoft Visual Studio\2017\Community\Common7\IDE\ProjectTemplates\Web\CSharp\1033\WebWCFService\Service.svc
[0b00:0004][2017-10-17T09:48:39] Completed: Copying file /Contents/Common7/IDE/ProjectTemplates/Web/CSharp/1033/WebWCFService/Service.svc to C:\Program Files (x86)\Microsoft Visual Studio\2017\Community\Common7\IDE\ProjectTemplates\Web\CSharp\1033\WebWCFService\Service.svc
[0b00:0004][2017-10-17T09:48:39] Timestamp updated for file 'C:\Program Files (x86)\Microsoft Visual Studio\2017\Community\Common7\IDE\ProjectTemplates\Web\CSharp\1033\WebWCFService\Service.svc'.
[0b00:0004][2017-10-17T09:48:39] Processing file /Contents/Common7/IDE/ProjectTemplates/Web/CSharp/1033/WebWCFService/WCFService.vstemplate
[0b00:0004][2017-10-17T09:48:39] Started: Copying file /Contents/Common7/IDE/ProjectTemplates/Web/CSharp/1033/WebWCFService/WCFService.vstemplate to C:\Program Files (x86)\Microsoft Visual Studio\2017\Community\Common7\IDE\ProjectTemplates\Web\CSharp\1033\WebWCFService\WCFService.vstemplate
[0b00:0004][2017-10-17T09:48:39] Completed: Copying file /Contents/Common7/IDE/ProjectTemplates/Web/CSharp/1033/WebWCFService/WCFService.vstemplate to C:\Program Files (x86)\Microsoft Visual Studio\2017\Community\Common7\IDE\ProjectTemplates\Web\CSharp\1033\WebWCFService\WCFService.vstemplate
[0b00:0004][2017-10-17T09:48:39] Timestamp updated for file 'C:\Program Files (x86)\Microsoft Visual Studio\2017\Community\Common7\IDE\ProjectTemplates\Web\CSharp\1033\WebWCFService\WCFService.vstemplate'.
[0b00:0004][2017-10-17T09:48:39] Processing file /Contents/Common7/IDE/ProjectTemplates/Web/CSharp/1033/WebWCFService/WCFService.webproj
[0b00:0004][2017-10-17T09:48:39] Started: Copying file /Contents/Common7/IDE/ProjectTemplates/Web/CSharp/1033/WebWCFService/WCFService.webproj to C:\Program Files (x86)\Microsoft Visual Studio\2017\Community\Common7\IDE\ProjectTemplates\Web\CSharp\1033\WebWCFService\WCFService.webproj
[0b00:0004][2017-10-17T09:48:39] Completed: Copying file /Contents/Common7/IDE/ProjectTemplates/Web/CSharp/1033/WebWCFService/WCFService.webproj to C:\Program Files (x86)\Microsoft Visual Studio\2017\Community\Common7\IDE\ProjectTemplates\Web\CSharp\1033\WebWCFService\WCFService.webproj
[0b00:0004][2017-10-17T09:48:39] Timestamp updated for file 'C:\Program Files (x86)\Microsoft Visual Studio\2017\Community\Common7\IDE\ProjectTemplates\Web\CSharp\1033\WebWCFService\WCFService.webproj'.
[0b00:0004][2017-10-17T09:48:39] Processing file /Contents/Common7/IDE/ProjectTemplates/Web/CSharp/1033/WebWCFService/Web.config
[0b00:0004][2017-10-17T09:48:39] Started: Copying file /Contents/Common7/IDE/ProjectTemplates/Web/CSharp/1033/WebWCFService/Web.config to C:\Program Files (x86)\Microsoft Visual Studio\2017\Community\Common7\IDE\ProjectTemplates\Web\CSharp\1033\WebWCFService\Web.config
[0b00:0004][2017-10-17T09:48:39] Completed: Copying file /Contents/Common7/IDE/ProjectTemplates/Web/CSharp/1033/WebWCFService/Web.config to C:\Program Files (x86)\Microsoft Visual Studio\2017\Community\Common7\IDE\ProjectTemplates\Web\CSharp\1033\WebWCFService\Web.config
[0b00:0004][2017-10-17T09:48:39] Timestamp updated for file 'C:\Program Files (x86)\Microsoft Visual Studio\2017\Community\Common7\IDE\ProjectTemplates\Web\CSharp\1033\WebWCFService\Web.config'.
[0b00:0004][2017-10-17T09:48:39] Processing file /Contents/Common7/IDE/ProjectTemplates/Web/VisualBasic/1033/WebWCFService/IService.vb
[0b00:0004][2017-10-17T09:48:39] Started: Copying file /Contents/Common7/IDE/ProjectTemplates/Web/VisualBasic/1033/WebWCFService/IService.vb to C:\Program Files (x86)\Microsoft Visual Studio\2017\Community\Common7\IDE\ProjectTemplates\Web\VisualBasic\1033\WebWCFService\IService.vb
[0b00:0004][2017-10-17T09:48:39] Completed: Copying file /Contents/Common7/IDE/ProjectTemplates/Web/VisualBasic/1033/WebWCFService/IService.vb to C:\Program Files (x86)\Microsoft Visual Studio\2017\Community\Common7\IDE\ProjectTemplates\Web\VisualBasic\1033\WebWCFService\IService.vb
[0b00:0004][2017-10-17T09:48:39] Timestamp updated for file 'C:\Program Files (x86)\Microsoft Visual Studio\2017\Community\Common7\IDE\ProjectTemplates\Web\VisualBasic\1033\WebWCFService\IService.vb'.
[0b00:0004][2017-10-17T09:48:39] Processing file /Contents/Common7/IDE/ProjectTemplates/Web/VisualBasic/1033/WebWCFService/Service.svc
[0b00:0004][2017-10-17T09:48:39] Started: Copying file /Contents/Common7/IDE/ProjectTemplates/Web/VisualBasic/1033/WebWCFService/Service.svc to C:\Program Files (x86)\Microsoft Visual Studio\2017\Community\Common7\IDE\ProjectTemplates\Web\VisualBasic\1033\WebWCFService\Service.svc
[0b00:0004][2017-10-17T09:48:39] Completed: Copying file /Contents/Common7/IDE/ProjectTemplates/Web/VisualBasic/1033/WebWCFService/Service.svc to C:\Program Files (x86)\Microsoft Visual Studio\2017\Community\Common7\IDE\ProjectTemplates\Web\VisualBasic\1033\WebWCFService\Service.svc
[0b00:0004][2017-10-17T09:48:39] Timestamp updated for file 'C:\Program Files (x86)\Microsoft Visual Studio\2017\Community\Common7\IDE\ProjectTemplates\Web\VisualBasic\1033\WebWCFService\Service.svc'.
[0b00:0004][2017-10-17T09:48:39] Processing file /Contents/Common7/IDE/ProjectTemplates/Web/VisualBasic/1033/WebWCFService/Service.vb
[0b00:0004][2017-10-17T09:48:39] Started: Copying file /Contents/Common7/IDE/ProjectTemplates/Web/VisualBasic/1033/WebWCFService/Service.vb to C:\Program Files (x86)\Microsoft Visual Studio\2017\Community\Common7\IDE\ProjectTemplates\Web\VisualBasic\1033\WebWCFService\Service.vb
[0b00:0004][2017-10-17T09:48:39] Completed: Copying file /Contents/Common7/IDE/ProjectTemplates/Web/VisualBasic/1033/WebWCFService/Service.vb to C:\Program Files (x86)\Microsoft Visual Studio\2017\Community\Common7\IDE\ProjectTemplates\Web\VisualBasic\1033\WebWCFService\Service.vb
[0b00:0004][2017-10-17T09:48:39] Timestamp updated for file 'C:\Program Files (x86)\Microsoft Visual Studio\2017\Community\Common7\IDE\ProjectTemplates\Web\VisualBasic\1033\WebWCFService\Service.vb'.
[0b00:0004][2017-10-17T09:48:39] Processing file /Contents/Common7/IDE/ProjectTemplates/Web/VisualBasic/1033/WebWCFService/WCFService.vstemplate
[0b00:0004][2017-10-17T09:48:39] Started: Copying file /Contents/Common7/IDE/ProjectTemplates/Web/VisualBasic/1033/WebWCFService/WCFService.vstemplate to C:\Program Files (x86)\Microsoft Visual Studio\2017\Community\Common7\IDE\ProjectTemplates\Web\VisualBasic\1033\WebWCFService\WCFService.vstemplate
[0b00:0004][2017-10-17T09:48:39] Completed: Copying file /Contents/Common7/IDE/ProjectTemplates/Web/VisualBasic/1033/WebWCFService/WCFService.vstemplate to C:\Program Files (x86)\Microsoft Visual Studio\2017\Community\Common7\IDE\ProjectTemplates\Web\VisualBasic\1033\WebWCFService\WCFService.vstemplate
[0b00:0004][2017-10-17T09:48:39] Timestamp updated for file 'C:\Program Files (x86)\Microsoft Visual Studio\2017\Community\Common7\IDE\ProjectTemplates\Web\VisualBasic\1033\WebWCFService\WCFService.vstemplate'.
[0b00:0004][2017-10-17T09:48:39] Processing file /Contents/Common7/IDE/ProjectTemplates/Web/VisualBasic/1033/WebWCFService/WCFService.webproj
[0b00:0004][2017-10-17T09:48:39] Started: Copying file /Contents/Common7/IDE/ProjectTemplates/Web/VisualBasic/1033/WebWCFService/WCFService.webproj to C:\Program Files (x86)\Microsoft Visual Studio\2017\Community\Common7\IDE\ProjectTemplates\Web\VisualBasic\1033\WebWCFService\WCFService.webproj
[0b00:0004][2017-10-17T09:48:39] Completed: Copying file /Contents/Common7/IDE/ProjectTemplates/Web/VisualBasic/1033/WebWCFService/WCFService.webproj to C:\Program Files (x86)\Microsoft Visual Studio\2017\Community\Common7\IDE\ProjectTemplates\Web\VisualBasic\1033\WebWCFService\WCFService.webproj
[0b00:0004][2017-10-17T09:48:39] Timestamp updated for file 'C:\Program Files (x86)\Microsoft Visual Studio\2017\Community\Common7\IDE\ProjectTemplates\Web\VisualBasic\1033\WebWCFService\WCFService.webproj'.
[0b00:0004][2017-10-17T09:48:39] Processing file /Contents/Common7/IDE/ProjectTemplates/Web/VisualBasic/1033/WebWCFService/Web.config
[0b00:0004][2017-10-17T09:48:39] Started: Copying file /Contents/Common7/IDE/ProjectTemplates/Web/VisualBasic/1033/WebWCFService/Web.config to C:\Program Files (x86)\Microsoft Visual Studio\2017\Community\Common7\IDE\ProjectTemplates\Web\VisualBasic\1033\WebWCFService\Web.config
[0b00:0004][2017-10-17T09:48:39] Completed: Copying file /Contents/Common7/IDE/ProjectTemplates/Web/VisualBasic/1033/WebWCFService/Web.config to C:\Program Files (x86)\Microsoft Visual Studio\2017\Community\Common7\IDE\ProjectTemplates\Web\VisualBasic\1033\WebWCFService\Web.config
[0b00:0004][2017-10-17T09:48:39] Timestamp updated for file 'C:\Program Files (x86)\Microsoft Visual Studio\2017\Community\Common7\IDE\ProjectTemplates\Web\VisualBasic\1033\WebWCFService\Web.config'.
[0b00:0004][2017-10-17T09:48:39] Package executed successfully. Return code: 0
