[0b00:0004][2017-10-17T09:46:36] Opening the package for processing
[0b00:0004][2017-10-17T09:46:36] Using package payload to get the embedded manifest
[0b00:0004][2017-10-17T09:46:36] Getting list of files within the package
[0b00:0004][2017-10-17T09:46:36] Processing file /catalog.json
[0b00:0004][2017-10-17T09:46:36] Started: Copying file /catalog.json to C:\Program Files (x86)\Microsoft Visual Studio\2017\Community\Common7\IDE\CommonExtensions\Microsoft\ManagedLanguages\VBCSharp\LanguageServices\catalog.json
[0b00:0004][2017-10-17T09:46:36] Completed: Copying file /catalog.json to C:\Program Files (x86)\Microsoft Visual Studio\2017\Community\Common7\IDE\CommonExtensions\Microsoft\ManagedLanguages\VBCSharp\LanguageServices\catalog.json
[0b00:0004][2017-10-17T09:46:36] Timestamp updated for file 'C:\Program Files (x86)\Microsoft Visual Studio\2017\Community\Common7\IDE\CommonExtensions\Microsoft\ManagedLanguages\VBCSharp\LanguageServices\catalog.json'.
[0b00:0004][2017-10-17T09:46:36] Processing file /CSharpPackageRegistration.pkgdef
[0b00:0004][2017-10-17T09:46:36] Started: Copying file /CSharpPackageRegistration.pkgdef to C:\Program Files (x86)\Microsoft Visual Studio\2017\Community\Common7\IDE\CommonExtensions\Microsoft\ManagedLanguages\VBCSharp\LanguageServices\CSharpPackageRegistration.pkgdef
[0b00:0004][2017-10-17T09:46:36] Completed: Copying file /CSharpPackageRegistration.pkgdef to C:\Program Files (x86)\Microsoft Visual Studio\2017\Community\Common7\IDE\CommonExtensions\Microsoft\ManagedLanguages\VBCSharp\LanguageServices\CSharpPackageRegistration.pkgdef
[0b00:0004][2017-10-17T09:46:36] Timestamp updated for file 'C:\Program Files (x86)\Microsoft Visual Studio\2017\Community\Common7\IDE\CommonExtensions\Microsoft\ManagedLanguages\VBCSharp\LanguageServices\CSharpPackageRegistration.pkgdef'.
[0b00:0004][2017-10-17T09:46:36] Queueing C:\Program Files (x86)\Microsoft Visual Studio\2017\Community\Common7\IDE\CommonExtensions\Microsoft\ManagedLanguages\VBCSharp\LanguageServices\CSharpPackageRegistration.pkgdef for X86 ngen
[0b00:0004][2017-10-17T09:46:36] Queueing C:\Program Files (x86)\Microsoft Visual Studio\2017\Community\Common7\IDE\CommonExtensions\Microsoft\ManagedLanguages\VBCSharp\LanguageServices\CSharpPackageRegistration.pkgdef for X64 ngen
[0b00:0004][2017-10-17T09:46:36] Successfully queued file '/CSharpPackageRegistration.pkgdef' for ngen
[0b00:0004][2017-10-17T09:46:36] Processing file /Esent.Interop.dll
[0b00:0004][2017-10-17T09:46:36] Started: Copying file /Esent.Interop.dll to C:\Program Files (x86)\Microsoft Visual Studio\2017\Community\Common7\IDE\CommonExtensions\Microsoft\ManagedLanguages\VBCSharp\LanguageServices\Esent.Interop.dll
[0b00:0004][2017-10-17T09:46:36] Completed: Copying file /Esent.Interop.dll to C:\Program Files (x86)\Microsoft Visual Studio\2017\Community\Common7\IDE\CommonExtensions\Microsoft\ManagedLanguages\VBCSharp\LanguageServices\Esent.Interop.dll
[0b00:0004][2017-10-17T09:46:36] Timestamp updated for file 'C:\Program Files (x86)\Microsoft Visual Studio\2017\Community\Common7\IDE\CommonExtensions\Microsoft\ManagedLanguages\VBCSharp\LanguageServices\Esent.Interop.dll'.
[0b00:0004][2017-10-17T09:46:36] Processing file /extension.vsixmanifest
[0b00:0004][2017-10-17T09:46:36] Started: Copying file /extension.vsixmanifest to C:\Program Files (x86)\Microsoft Visual Studio\2017\Community\Common7\IDE\CommonExtensions\Microsoft\ManagedLanguages\VBCSharp\LanguageServices\extension.vsixmanifest
[0b00:0004][2017-10-17T09:46:36] Completed: Copying file /extension.vsixmanifest to C:\Program Files (x86)\Microsoft Visual Studio\2017\Community\Common7\IDE\CommonExtensions\Microsoft\ManagedLanguages\VBCSharp\LanguageServices\extension.vsixmanifest
[0b00:0004][2017-10-17T09:46:36] Timestamp updated for file 'C:\Program Files (x86)\Microsoft Visual Studio\2017\Community\Common7\IDE\CommonExtensions\Microsoft\ManagedLanguages\VBCSharp\LanguageServices\extension.vsixmanifest'.
[0b00:0004][2017-10-17T09:46:36] Processing file /manifest.json
[0b00:0004][2017-10-17T09:46:36] Started: Copying file /manifest.json to C:\Program Files (x86)\Microsoft Visual Studio\2017\Community\Common7\IDE\CommonExtensions\Microsoft\ManagedLanguages\VBCSharp\LanguageServices\manifest.json
[0b00:0004][2017-10-17T09:46:36] Completed: Copying file /manifest.json to C:\Program Files (x86)\Microsoft Visual Studio\2017\Community\Common7\IDE\CommonExtensions\Microsoft\ManagedLanguages\VBCSharp\LanguageServices\manifest.json
[0b00:0004][2017-10-17T09:46:36] Timestamp updated for file 'C:\Program Files (x86)\Microsoft Visual Studio\2017\Community\Common7\IDE\CommonExtensions\Microsoft\ManagedLanguages\VBCSharp\LanguageServices\manifest.json'.
[0b00:0004][2017-10-17T09:46:36] Processing file /Microsoft.CodeAnalysis.CSharp.dll
[0b00:0004][2017-10-17T09:46:36] Started: Copying file /Microsoft.CodeAnalysis.CSharp.dll to C:\Program Files (x86)\Microsoft Visual Studio\2017\Community\Common7\IDE\CommonExtensions\Microsoft\ManagedLanguages\VBCSharp\LanguageServices\Microsoft.CodeAnalysis.CSharp.dll
[0b00:0004][2017-10-17T09:46:36] Completed: Copying file /Microsoft.CodeAnalysis.CSharp.dll to C:\Program Files (x86)\Microsoft Visual Studio\2017\Community\Common7\IDE\CommonExtensions\Microsoft\ManagedLanguages\VBCSharp\LanguageServices\Microsoft.CodeAnalysis.CSharp.dll
[0b00:0004][2017-10-17T09:46:36] Timestamp updated for file 'C:\Program Files (x86)\Microsoft Visual Studio\2017\Community\Common7\IDE\CommonExtensions\Microsoft\ManagedLanguages\VBCSharp\LanguageServices\Microsoft.CodeAnalysis.CSharp.dll'.
[0b00:0004][2017-10-17T09:46:36] Queueing C:\Program Files (x86)\Microsoft Visual Studio\2017\Community\Common7\IDE\CommonExtensions\Microsoft\ManagedLanguages\VBCSharp\LanguageServices\Microsoft.CodeAnalysis.CSharp.dll for X86 ngen
[0b00:0004][2017-10-17T09:46:36] Queueing C:\Program Files (x86)\Microsoft Visual Studio\2017\Community\Common7\IDE\CommonExtensions\Microsoft\ManagedLanguages\VBCSharp\LanguageServices\Microsoft.CodeAnalysis.CSharp.dll for X64 ngen
[0b00:0004][2017-10-17T09:46:36] Successfully queued file '/Microsoft.CodeAnalysis.CSharp.dll' for ngen
[0b00:0004][2017-10-17T09:46:36] Processing file /Microsoft.CodeAnalysis.CSharp.EditorFeatures.dll
[0b00:0004][2017-10-17T09:46:36] Started: Copying file /Microsoft.CodeAnalysis.CSharp.EditorFeatures.dll to C:\Program Files (x86)\Microsoft Visual Studio\2017\Community\Common7\IDE\CommonExtensions\Microsoft\ManagedLanguages\VBCSharp\LanguageServices\Microsoft.CodeAnalysis.CSharp.EditorFeatures.dll
[0b00:0004][2017-10-17T09:46:36] Completed: Copying file /Microsoft.CodeAnalysis.CSharp.EditorFeatures.dll to C:\Program Files (x86)\Microsoft Visual Studio\2017\Community\Common7\IDE\CommonExtensions\Microsoft\ManagedLanguages\VBCSharp\LanguageServices\Microsoft.CodeAnalysis.CSharp.EditorFeatures.dll
[0b00:0004][2017-10-17T09:46:36] Timestamp updated for file 'C:\Program Files (x86)\Microsoft Visual Studio\2017\Community\Common7\IDE\CommonExtensions\Microsoft\ManagedLanguages\VBCSharp\LanguageServices\Microsoft.CodeAnalysis.CSharp.EditorFeatures.dll'.
[0b00:0004][2017-10-17T09:46:36] Queueing C:\Program Files (x86)\Microsoft Visual Studio\2017\Community\Common7\IDE\CommonExtensions\Microsoft\ManagedLanguages\VBCSharp\LanguageServices\Microsoft.CodeAnalysis.CSharp.EditorFeatures.dll for X86 ngen
[0b00:0004][2017-10-17T09:46:36] Queueing C:\Program Files (x86)\Microsoft Visual Studio\2017\Community\Common7\IDE\CommonExtensions\Microsoft\ManagedLanguages\VBCSharp\LanguageServices\Microsoft.CodeAnalysis.CSharp.EditorFeatures.dll for X64 ngen
[0b00:0004][2017-10-17T09:46:36] Successfully queued file '/Microsoft.CodeAnalysis.CSharp.EditorFeatures.dll' for ngen
[0b00:0004][2017-10-17T09:46:36] Processing file /Microsoft.CodeAnalysis.CSharp.Features.dll
[0b00:0004][2017-10-17T09:46:36] Started: Copying file /Microsoft.CodeAnalysis.CSharp.Features.dll to C:\Program Files (x86)\Microsoft Visual Studio\2017\Community\Common7\IDE\CommonExtensions\Microsoft\ManagedLanguages\VBCSharp\LanguageServices\Microsoft.CodeAnalysis.CSharp.Features.dll
[0b00:0004][2017-10-17T09:46:36] Completed: Copying file /Microsoft.CodeAnalysis.CSharp.Features.dll to C:\Program Files (x86)\Microsoft Visual Studio\2017\Community\Common7\IDE\CommonExtensions\Microsoft\ManagedLanguages\VBCSharp\LanguageServices\Microsoft.CodeAnalysis.CSharp.Features.dll
[0b00:0004][2017-10-17T09:46:36] Timestamp updated for file 'C:\Program Files (x86)\Microsoft Visual Studio\2017\Community\Common7\IDE\CommonExtensions\Microsoft\ManagedLanguages\VBCSharp\LanguageServices\Microsoft.CodeAnalysis.CSharp.Features.dll'.
[0b00:0004][2017-10-17T09:46:36] Queueing C:\Program Files (x86)\Microsoft Visual Studio\2017\Community\Common7\IDE\CommonExtensions\Microsoft\ManagedLanguages\VBCSharp\LanguageServices\Microsoft.CodeAnalysis.CSharp.Features.dll for X86 ngen
[0b00:0004][2017-10-17T09:46:36] Queueing C:\Program Files (x86)\Microsoft Visual Studio\2017\Community\Common7\IDE\CommonExtensions\Microsoft\ManagedLanguages\VBCSharp\LanguageServices\Microsoft.CodeAnalysis.CSharp.Features.dll for X64 ngen
[0b00:0004][2017-10-17T09:46:36] Successfully queued file '/Microsoft.CodeAnalysis.CSharp.Features.dll' for ngen
[0b00:0004][2017-10-17T09:46:36] Processing file /Microsoft.CodeAnalysis.CSharp.Workspaces.dll
[0b00:0004][2017-10-17T09:46:36] Started: Copying file /Microsoft.CodeAnalysis.CSharp.Workspaces.dll to C:\Program Files (x86)\Microsoft Visual Studio\2017\Community\Common7\IDE\CommonExtensions\Microsoft\ManagedLanguages\VBCSharp\LanguageServices\Microsoft.CodeAnalysis.CSharp.Workspaces.dll
[0b00:0004][2017-10-17T09:46:36] Completed: Copying file /Microsoft.CodeAnalysis.CSharp.Workspaces.dll to C:\Program Files (x86)\Microsoft Visual Studio\2017\Community\Common7\IDE\CommonExtensions\Microsoft\ManagedLanguages\VBCSharp\LanguageServices\Microsoft.CodeAnalysis.CSharp.Workspaces.dll
[0b00:0004][2017-10-17T09:46:36] Timestamp updated for file 'C:\Program Files (x86)\Microsoft Visual Studio\2017\Community\Common7\IDE\CommonExtensions\Microsoft\ManagedLanguages\VBCSharp\LanguageServices\Microsoft.CodeAnalysis.CSharp.Workspaces.dll'.
[0b00:0004][2017-10-17T09:46:36] Queueing C:\Program Files (x86)\Microsoft Visual Studio\2017\Community\Common7\IDE\CommonExtensions\Microsoft\ManagedLanguages\VBCSharp\LanguageServices\Microsoft.CodeAnalysis.CSharp.Workspaces.dll for X86 ngen
[0b00:0004][2017-10-17T09:46:36] Queueing C:\Program Files (x86)\Microsoft Visual Studio\2017\Community\Common7\IDE\CommonExtensions\Microsoft\ManagedLanguages\VBCSharp\LanguageServices\Microsoft.CodeAnalysis.CSharp.Workspaces.dll for X64 ngen
[0b00:0004][2017-10-17T09:46:36] Successfully queued file '/Microsoft.CodeAnalysis.CSharp.Workspaces.dll' for ngen
[0b00:0004][2017-10-17T09:46:36] Processing file /Microsoft.CodeAnalysis.dll
[0b00:0004][2017-10-17T09:46:36] Started: Copying file /Microsoft.CodeAnalysis.dll to C:\Program Files (x86)\Microsoft Visual Studio\2017\Community\Common7\IDE\CommonExtensions\Microsoft\ManagedLanguages\VBCSharp\LanguageServices\Microsoft.CodeAnalysis.dll
[0b00:0004][2017-10-17T09:46:36] Completed: Copying file /Microsoft.CodeAnalysis.dll to C:\Program Files (x86)\Microsoft Visual Studio\2017\Community\Common7\IDE\CommonExtensions\Microsoft\ManagedLanguages\VBCSharp\LanguageServices\Microsoft.CodeAnalysis.dll
[0b00:0004][2017-10-17T09:46:36] Timestamp updated for file 'C:\Program Files (x86)\Microsoft Visual Studio\2017\Community\Common7\IDE\CommonExtensions\Microsoft\ManagedLanguages\VBCSharp\LanguageServices\Microsoft.CodeAnalysis.dll'.
[0b00:0004][2017-10-17T09:46:36] Queueing C:\Program Files (x86)\Microsoft Visual Studio\2017\Community\Common7\IDE\CommonExtensions\Microsoft\ManagedLanguages\VBCSharp\LanguageServices\Microsoft.CodeAnalysis.dll for X86 ngen
[0b00:0004][2017-10-17T09:46:36] Queueing C:\Program Files (x86)\Microsoft Visual Studio\2017\Community\Common7\IDE\CommonExtensions\Microsoft\ManagedLanguages\VBCSharp\LanguageServices\Microsoft.CodeAnalysis.dll for X64 ngen
[0b00:0004][2017-10-17T09:46:36] Successfully queued file '/Microsoft.CodeAnalysis.dll' for ngen
[0b00:0004][2017-10-17T09:46:36] Processing file /Microsoft.CodeAnalysis.EditorFeatures.dll
[0b00:0004][2017-10-17T09:46:36] Started: Copying file /Microsoft.CodeAnalysis.EditorFeatures.dll to C:\Program Files (x86)\Microsoft Visual Studio\2017\Community\Common7\IDE\CommonExtensions\Microsoft\ManagedLanguages\VBCSharp\LanguageServices\Microsoft.CodeAnalysis.EditorFeatures.dll
[0b00:0004][2017-10-17T09:46:36] Completed: Copying file /Microsoft.CodeAnalysis.EditorFeatures.dll to C:\Program Files (x86)\Microsoft Visual Studio\2017\Community\Common7\IDE\CommonExtensions\Microsoft\ManagedLanguages\VBCSharp\LanguageServices\Microsoft.CodeAnalysis.EditorFeatures.dll
[0b00:0004][2017-10-17T09:46:36] Timestamp updated for file 'C:\Program Files (x86)\Microsoft Visual Studio\2017\Community\Common7\IDE\CommonExtensions\Microsoft\ManagedLanguages\VBCSharp\LanguageServices\Microsoft.CodeAnalysis.EditorFeatures.dll'.
[0b00:0004][2017-10-17T09:46:36] Queueing C:\Program Files (x86)\Microsoft Visual Studio\2017\Community\Common7\IDE\CommonExtensions\Microsoft\ManagedLanguages\VBCSharp\LanguageServices\Microsoft.CodeAnalysis.EditorFeatures.dll for X86 ngen
[0b00:0004][2017-10-17T09:46:36] Queueing C:\Program Files (x86)\Microsoft Visual Studio\2017\Community\Common7\IDE\CommonExtensions\Microsoft\ManagedLanguages\VBCSharp\LanguageServices\Microsoft.CodeAnalysis.EditorFeatures.dll for X64 ngen
[0b00:0004][2017-10-17T09:46:36] Successfully queued file '/Microsoft.CodeAnalysis.EditorFeatures.dll' for ngen
[0b00:0004][2017-10-17T09:46:36] Processing file /Microsoft.CodeAnalysis.EditorFeatures.Text.dll
[0b00:0004][2017-10-17T09:46:36] Started: Copying file /Microsoft.CodeAnalysis.EditorFeatures.Text.dll to C:\Program Files (x86)\Microsoft Visual Studio\2017\Community\Common7\IDE\CommonExtensions\Microsoft\ManagedLanguages\VBCSharp\LanguageServices\Microsoft.CodeAnalysis.EditorFeatures.Text.dll
[0b00:0004][2017-10-17T09:46:36] Completed: Copying file /Microsoft.CodeAnalysis.EditorFeatures.Text.dll to C:\Program Files (x86)\Microsoft Visual Studio\2017\Community\Common7\IDE\CommonExtensions\Microsoft\ManagedLanguages\VBCSharp\LanguageServices\Microsoft.CodeAnalysis.EditorFeatures.Text.dll
[0b00:0004][2017-10-17T09:46:36] Timestamp updated for file 'C:\Program Files (x86)\Microsoft Visual Studio\2017\Community\Common7\IDE\CommonExtensions\Microsoft\ManagedLanguages\VBCSharp\LanguageServices\Microsoft.CodeAnalysis.EditorFeatures.Text.dll'.
[0b00:0004][2017-10-17T09:46:36] Queueing C:\Program Files (x86)\Microsoft Visual Studio\2017\Community\Common7\IDE\CommonExtensions\Microsoft\ManagedLanguages\VBCSharp\LanguageServices\Microsoft.CodeAnalysis.EditorFeatures.Text.dll for X86 ngen
[0b00:0004][2017-10-17T09:46:36] Queueing C:\Program Files (x86)\Microsoft Visual Studio\2017\Community\Common7\IDE\CommonExtensions\Microsoft\ManagedLanguages\VBCSharp\LanguageServices\Microsoft.CodeAnalysis.EditorFeatures.Text.dll for X64 ngen
[0b00:0004][2017-10-17T09:46:36] Successfully queued file '/Microsoft.CodeAnalysis.EditorFeatures.Text.dll' for ngen
[0b00:0004][2017-10-17T09:46:36] Processing file /Microsoft.CodeAnalysis.Elfie.dll
[0b00:0004][2017-10-17T09:46:36] Started: Copying file /Microsoft.CodeAnalysis.Elfie.dll to C:\Program Files (x86)\Microsoft Visual Studio\2017\Community\Common7\IDE\CommonExtensions\Microsoft\ManagedLanguages\VBCSharp\LanguageServices\Microsoft.CodeAnalysis.Elfie.dll
[0b00:0004][2017-10-17T09:46:36] Completed: Copying file /Microsoft.CodeAnalysis.Elfie.dll to C:\Program Files (x86)\Microsoft Visual Studio\2017\Community\Common7\IDE\CommonExtensions\Microsoft\ManagedLanguages\VBCSharp\LanguageServices\Microsoft.CodeAnalysis.Elfie.dll
[0b00:0004][2017-10-17T09:46:36] Timestamp updated for file 'C:\Program Files (x86)\Microsoft Visual Studio\2017\Community\Common7\IDE\CommonExtensions\Microsoft\ManagedLanguages\VBCSharp\LanguageServices\Microsoft.CodeAnalysis.Elfie.dll'.
[0b00:0004][2017-10-17T09:46:36] Processing file /Microsoft.CodeAnalysis.Features.dll
[0b00:0004][2017-10-17T09:46:36] Started: Copying file /Microsoft.CodeAnalysis.Features.dll to C:\Program Files (x86)\Microsoft Visual Studio\2017\Community\Common7\IDE\CommonExtensions\Microsoft\ManagedLanguages\VBCSharp\LanguageServices\Microsoft.CodeAnalysis.Features.dll
[0b00:0004][2017-10-17T09:46:36] Completed: Copying file /Microsoft.CodeAnalysis.Features.dll to C:\Program Files (x86)\Microsoft Visual Studio\2017\Community\Common7\IDE\CommonExtensions\Microsoft\ManagedLanguages\VBCSharp\LanguageServices\Microsoft.CodeAnalysis.Features.dll
[0b00:0004][2017-10-17T09:46:36] Timestamp updated for file 'C:\Program Files (x86)\Microsoft Visual Studio\2017\Community\Common7\IDE\CommonExtensions\Microsoft\ManagedLanguages\VBCSharp\LanguageServices\Microsoft.CodeAnalysis.Features.dll'.
[0b00:0004][2017-10-17T09:46:36] Queueing C:\Program Files (x86)\Microsoft Visual Studio\2017\Community\Common7\IDE\CommonExtensions\Microsoft\ManagedLanguages\VBCSharp\LanguageServices\Microsoft.CodeAnalysis.Features.dll for X86 ngen
[0b00:0004][2017-10-17T09:46:36] Queueing C:\Program Files (x86)\Microsoft Visual Studio\2017\Community\Common7\IDE\CommonExtensions\Microsoft\ManagedLanguages\VBCSharp\LanguageServices\Microsoft.CodeAnalysis.Features.dll for X64 ngen
[0b00:0004][2017-10-17T09:46:36] Successfully queued file '/Microsoft.CodeAnalysis.Features.dll' for ngen
[0b00:0004][2017-10-17T09:46:36] Processing file /Microsoft.CodeAnalysis.VisualBasic.dll
[0b00:0004][2017-10-17T09:46:36] Started: Copying file /Microsoft.CodeAnalysis.VisualBasic.dll to C:\Program Files (x86)\Microsoft Visual Studio\2017\Community\Common7\IDE\CommonExtensions\Microsoft\ManagedLanguages\VBCSharp\LanguageServices\Microsoft.CodeAnalysis.VisualBasic.dll
[0b00:0004][2017-10-17T09:46:37] Completed: Copying file /Microsoft.CodeAnalysis.VisualBasic.dll to C:\Program Files (x86)\Microsoft Visual Studio\2017\Community\Common7\IDE\CommonExtensions\Microsoft\ManagedLanguages\VBCSharp\LanguageServices\Microsoft.CodeAnalysis.VisualBasic.dll
[0b00:0004][2017-10-17T09:46:37] Timestamp updated for file 'C:\Program Files (x86)\Microsoft Visual Studio\2017\Community\Common7\IDE\CommonExtensions\Microsoft\ManagedLanguages\VBCSharp\LanguageServices\Microsoft.CodeAnalysis.VisualBasic.dll'.
[0b00:0004][2017-10-17T09:46:37] Queueing C:\Program Files (x86)\Microsoft Visual Studio\2017\Community\Common7\IDE\CommonExtensions\Microsoft\ManagedLanguages\VBCSharp\LanguageServices\Microsoft.CodeAnalysis.VisualBasic.dll for X86 ngen
[0b00:0004][2017-10-17T09:46:37] Queueing C:\Program Files (x86)\Microsoft Visual Studio\2017\Community\Common7\IDE\CommonExtensions\Microsoft\ManagedLanguages\VBCSharp\LanguageServices\Microsoft.CodeAnalysis.VisualBasic.dll for X64 ngen
[0b00:0004][2017-10-17T09:46:37] Successfully queued file '/Microsoft.CodeAnalysis.VisualBasic.dll' for ngen
[0b00:0004][2017-10-17T09:46:37] Processing file /Microsoft.CodeAnalysis.VisualBasic.EditorFeatures.dll
[0b00:0004][2017-10-17T09:46:37] Started: Copying file /Microsoft.CodeAnalysis.VisualBasic.EditorFeatures.dll to C:\Program Files (x86)\Microsoft Visual Studio\2017\Community\Common7\IDE\CommonExtensions\Microsoft\ManagedLanguages\VBCSharp\LanguageServices\Microsoft.CodeAnalysis.VisualBasic.EditorFeatures.dll
[0b00:0004][2017-10-17T09:46:37] Completed: Copying file /Microsoft.CodeAnalysis.VisualBasic.EditorFeatures.dll to C:\Program Files (x86)\Microsoft Visual Studio\2017\Community\Common7\IDE\CommonExtensions\Microsoft\ManagedLanguages\VBCSharp\LanguageServices\Microsoft.CodeAnalysis.VisualBasic.EditorFeatures.dll
[0b00:0004][2017-10-17T09:46:37] Timestamp updated for file 'C:\Program Files (x86)\Microsoft Visual Studio\2017\Community\Common7\IDE\CommonExtensions\Microsoft\ManagedLanguages\VBCSharp\LanguageServices\Microsoft.CodeAnalysis.VisualBasic.EditorFeatures.dll'.
[0b00:0004][2017-10-17T09:46:37] Queueing C:\Program Files (x86)\Microsoft Visual Studio\2017\Community\Common7\IDE\CommonExtensions\Microsoft\ManagedLanguages\VBCSharp\LanguageServices\Microsoft.CodeAnalysis.VisualBasic.EditorFeatures.dll for X86 ngen
[0b00:0004][2017-10-17T09:46:37] Queueing C:\Program Files (x86)\Microsoft Visual Studio\2017\Community\Common7\IDE\CommonExtensions\Microsoft\ManagedLanguages\VBCSharp\LanguageServices\Microsoft.CodeAnalysis.VisualBasic.EditorFeatures.dll for X64 ngen
[0b00:0004][2017-10-17T09:46:37] Successfully queued file '/Microsoft.CodeAnalysis.VisualBasic.EditorFeatures.dll' for ngen
[0b00:0004][2017-10-17T09:46:37] Processing file /Microsoft.CodeAnalysis.VisualBasic.Features.dll
[0b00:0004][2017-10-17T09:46:37] Started: Copying file /Microsoft.CodeAnalysis.VisualBasic.Features.dll to C:\Program Files (x86)\Microsoft Visual Studio\2017\Community\Common7\IDE\CommonExtensions\Microsoft\ManagedLanguages\VBCSharp\LanguageServices\Microsoft.CodeAnalysis.VisualBasic.Features.dll
[0b00:0004][2017-10-17T09:46:37] Completed: Copying file /Microsoft.CodeAnalysis.VisualBasic.Features.dll to C:\Program Files (x86)\Microsoft Visual Studio\2017\Community\Common7\IDE\CommonExtensions\Microsoft\ManagedLanguages\VBCSharp\LanguageServices\Microsoft.CodeAnalysis.VisualBasic.Features.dll
[0b00:0004][2017-10-17T09:46:37] Timestamp updated for file 'C:\Program Files (x86)\Microsoft Visual Studio\2017\Community\Common7\IDE\CommonExtensions\Microsoft\ManagedLanguages\VBCSharp\LanguageServices\Microsoft.CodeAnalysis.VisualBasic.Features.dll'.
[0b00:0004][2017-10-17T09:46:37] Queueing C:\Program Files (x86)\Microsoft Visual Studio\2017\Community\Common7\IDE\CommonExtensions\Microsoft\ManagedLanguages\VBCSharp\LanguageServices\Microsoft.CodeAnalysis.VisualBasic.Features.dll for X86 ngen
[0b00:0004][2017-10-17T09:46:37] Queueing C:\Program Files (x86)\Microsoft Visual Studio\2017\Community\Common7\IDE\CommonExtensions\Microsoft\ManagedLanguages\VBCSharp\LanguageServices\Microsoft.CodeAnalysis.VisualBasic.Features.dll for X64 ngen
[0b00:0004][2017-10-17T09:46:37] Successfully queued file '/Microsoft.CodeAnalysis.VisualBasic.Features.dll' for ngen
[0b00:0004][2017-10-17T09:46:37] Processing file /Microsoft.CodeAnalysis.VisualBasic.Workspaces.dll
[0b00:0004][2017-10-17T09:46:37] Started: Copying file /Microsoft.CodeAnalysis.VisualBasic.Workspaces.dll to C:\Program Files (x86)\Microsoft Visual Studio\2017\Community\Common7\IDE\CommonExtensions\Microsoft\ManagedLanguages\VBCSharp\LanguageServices\Microsoft.CodeAnalysis.VisualBasic.Workspaces.dll
[0b00:0004][2017-10-17T09:46:37] Completed: Copying file /Microsoft.CodeAnalysis.VisualBasic.Workspaces.dll to C:\Program Files (x86)\Microsoft Visual Studio\2017\Community\Common7\IDE\CommonExtensions\Microsoft\ManagedLanguages\VBCSharp\LanguageServices\Microsoft.CodeAnalysis.VisualBasic.Workspaces.dll
[0b00:0004][2017-10-17T09:46:37] Timestamp updated for file 'C:\Program Files (x86)\Microsoft Visual Studio\2017\Community\Common7\IDE\CommonExtensions\Microsoft\ManagedLanguages\VBCSharp\LanguageServices\Microsoft.CodeAnalysis.VisualBasic.Workspaces.dll'.
[0b00:0004][2017-10-17T09:46:37] Queueing C:\Program Files (x86)\Microsoft Visual Studio\2017\Community\Common7\IDE\CommonExtensions\Microsoft\ManagedLanguages\VBCSharp\LanguageServices\Microsoft.CodeAnalysis.VisualBasic.Workspaces.dll for X86 ngen
[0b00:0004][2017-10-17T09:46:37] Queueing C:\Program Files (x86)\Microsoft Visual Studio\2017\Community\Common7\IDE\CommonExtensions\Microsoft\ManagedLanguages\VBCSharp\LanguageServices\Microsoft.CodeAnalysis.VisualBasic.Workspaces.dll for X64 ngen
[0b00:0004][2017-10-17T09:46:37] Successfully queued file '/Microsoft.CodeAnalysis.VisualBasic.Workspaces.dll' for ngen
[0b00:0004][2017-10-17T09:46:37] Processing file /Microsoft.CodeAnalysis.Workspaces.Desktop.dll
[0b00:0004][2017-10-17T09:46:37] Started: Copying file /Microsoft.CodeAnalysis.Workspaces.Desktop.dll to C:\Program Files (x86)\Microsoft Visual Studio\2017\Community\Common7\IDE\CommonExtensions\Microsoft\ManagedLanguages\VBCSharp\LanguageServices\Microsoft.CodeAnalysis.Workspaces.Desktop.dll
[0b00:0004][2017-10-17T09:46:37] Completed: Copying file /Microsoft.CodeAnalysis.Workspaces.Desktop.dll to C:\Program Files (x86)\Microsoft Visual Studio\2017\Community\Common7\IDE\CommonExtensions\Microsoft\ManagedLanguages\VBCSharp\LanguageServices\Microsoft.CodeAnalysis.Workspaces.Desktop.dll
[0b00:0004][2017-10-17T09:46:37] Timestamp updated for file 'C:\Program Files (x86)\Microsoft Visual Studio\2017\Community\Common7\IDE\CommonExtensions\Microsoft\ManagedLanguages\VBCSharp\LanguageServices\Microsoft.CodeAnalysis.Workspaces.Desktop.dll'.
[0b00:0004][2017-10-17T09:46:37] Queueing C:\Program Files (x86)\Microsoft Visual Studio\2017\Community\Common7\IDE\CommonExtensions\Microsoft\ManagedLanguages\VBCSharp\LanguageServices\Microsoft.CodeAnalysis.Workspaces.Desktop.dll for X86 ngen
[0b00:0004][2017-10-17T09:46:37] Queueing C:\Program Files (x86)\Microsoft Visual Studio\2017\Community\Common7\IDE\CommonExtensions\Microsoft\ManagedLanguages\VBCSharp\LanguageServices\Microsoft.CodeAnalysis.Workspaces.Desktop.dll for X64 ngen
[0b00:0004][2017-10-17T09:46:37] Successfully queued file '/Microsoft.CodeAnalysis.Workspaces.Desktop.dll' for ngen
[0b00:0004][2017-10-17T09:46:37] Processing file /Microsoft.CodeAnalysis.Workspaces.dll
[0b00:0004][2017-10-17T09:46:37] Started: Copying file /Microsoft.CodeAnalysis.Workspaces.dll to C:\Program Files (x86)\Microsoft Visual Studio\2017\Community\Common7\IDE\CommonExtensions\Microsoft\ManagedLanguages\VBCSharp\LanguageServices\Microsoft.CodeAnalysis.Workspaces.dll
[0b00:0004][2017-10-17T09:46:37] Completed: Copying file /Microsoft.CodeAnalysis.Workspaces.dll to C:\Program Files (x86)\Microsoft Visual Studio\2017\Community\Common7\IDE\CommonExtensions\Microsoft\ManagedLanguages\VBCSharp\LanguageServices\Microsoft.CodeAnalysis.Workspaces.dll
[0b00:0004][2017-10-17T09:46:37] Timestamp updated for file 'C:\Program Files (x86)\Microsoft Visual Studio\2017\Community\Common7\IDE\CommonExtensions\Microsoft\ManagedLanguages\VBCSharp\LanguageServices\Microsoft.CodeAnalysis.Workspaces.dll'.
[0b00:0004][2017-10-17T09:46:37] Queueing C:\Program Files (x86)\Microsoft Visual Studio\2017\Community\Common7\IDE\CommonExtensions\Microsoft\ManagedLanguages\VBCSharp\LanguageServices\Microsoft.CodeAnalysis.Workspaces.dll for X86 ngen
[0b00:0004][2017-10-17T09:46:37] Queueing C:\Program Files (x86)\Microsoft Visual Studio\2017\Community\Common7\IDE\CommonExtensions\Microsoft\ManagedLanguages\VBCSharp\LanguageServices\Microsoft.CodeAnalysis.Workspaces.dll for X64 ngen
[0b00:0004][2017-10-17T09:46:37] Successfully queued file '/Microsoft.CodeAnalysis.Workspaces.dll' for ngen
[0b00:0004][2017-10-17T09:46:37] Processing file /Microsoft.VisualStudio.LanguageServices.CSharp.dll
[0b00:0004][2017-10-17T09:46:37] Started: Copying file /Microsoft.VisualStudio.LanguageServices.CSharp.dll to C:\Program Files (x86)\Microsoft Visual Studio\2017\Community\Common7\IDE\CommonExtensions\Microsoft\ManagedLanguages\VBCSharp\LanguageServices\Microsoft.VisualStudio.LanguageServices.CSharp.dll
[0b00:0004][2017-10-17T09:46:37] Completed: Copying file /Microsoft.VisualStudio.LanguageServices.CSharp.dll to C:\Program Files (x86)\Microsoft Visual Studio\2017\Community\Common7\IDE\CommonExtensions\Microsoft\ManagedLanguages\VBCSharp\LanguageServices\Microsoft.VisualStudio.LanguageServices.CSharp.dll
[0b00:0004][2017-10-17T09:46:37] Timestamp updated for file 'C:\Program Files (x86)\Microsoft Visual Studio\2017\Community\Common7\IDE\CommonExtensions\Microsoft\ManagedLanguages\VBCSharp\LanguageServices\Microsoft.VisualStudio.LanguageServices.CSharp.dll'.
[0b00:0004][2017-10-17T09:46:37] Queueing C:\Program Files (x86)\Microsoft Visual Studio\2017\Community\Common7\IDE\CommonExtensions\Microsoft\ManagedLanguages\VBCSharp\LanguageServices\Microsoft.VisualStudio.LanguageServices.CSharp.dll for X86 ngen
[0b00:0004][2017-10-17T09:46:37] Queueing C:\Program Files (x86)\Microsoft Visual Studio\2017\Community\Common7\IDE\CommonExtensions\Microsoft\ManagedLanguages\VBCSharp\LanguageServices\Microsoft.VisualStudio.LanguageServices.CSharp.dll for X64 ngen
[0b00:0004][2017-10-17T09:46:37] Successfully queued file '/Microsoft.VisualStudio.LanguageServices.CSharp.dll' for ngen
[0b00:0004][2017-10-17T09:46:37] Processing file /Microsoft.VisualStudio.LanguageServices.CSharp.pkgdef
[0b00:0004][2017-10-17T09:46:37] Started: Copying file /Microsoft.VisualStudio.LanguageServices.CSharp.pkgdef to C:\Program Files (x86)\Microsoft Visual Studio\2017\Community\Common7\IDE\CommonExtensions\Microsoft\ManagedLanguages\VBCSharp\LanguageServices\Microsoft.VisualStudio.LanguageServices.CSharp.pkgdef
[0b00:0004][2017-10-17T09:46:37] Completed: Copying file /Microsoft.VisualStudio.LanguageServices.CSharp.pkgdef to C:\Program Files (x86)\Microsoft Visual Studio\2017\Community\Common7\IDE\CommonExtensions\Microsoft\ManagedLanguages\VBCSharp\LanguageServices\Microsoft.VisualStudio.LanguageServices.CSharp.pkgdef
[0b00:0004][2017-10-17T09:46:37] Timestamp updated for file 'C:\Program Files (x86)\Microsoft Visual Studio\2017\Community\Common7\IDE\CommonExtensions\Microsoft\ManagedLanguages\VBCSharp\LanguageServices\Microsoft.VisualStudio.LanguageServices.CSharp.pkgdef'.
[0b00:0004][2017-10-17T09:46:37] Queueing C:\Program Files (x86)\Microsoft Visual Studio\2017\Community\Common7\IDE\CommonExtensions\Microsoft\ManagedLanguages\VBCSharp\LanguageServices\Microsoft.VisualStudio.LanguageServices.CSharp.pkgdef for X86 ngen
[0b00:0004][2017-10-17T09:46:37] Queueing C:\Program Files (x86)\Microsoft Visual Studio\2017\Community\Common7\IDE\CommonExtensions\Microsoft\ManagedLanguages\VBCSharp\LanguageServices\Microsoft.VisualStudio.LanguageServices.CSharp.pkgdef for X64 ngen
[0b00:0004][2017-10-17T09:46:37] Successfully queued file '/Microsoft.VisualStudio.LanguageServices.CSharp.pkgdef' for ngen
[0b00:0004][2017-10-17T09:46:37] Processing file /Microsoft.VisualStudio.LanguageServices.dll
[0b00:0004][2017-10-17T09:46:37] Started: Copying file /Microsoft.VisualStudio.LanguageServices.dll to C:\Program Files (x86)\Microsoft Visual Studio\2017\Community\Common7\IDE\CommonExtensions\Microsoft\ManagedLanguages\VBCSharp\LanguageServices\Microsoft.VisualStudio.LanguageServices.dll
[0b00:0004][2017-10-17T09:46:37] Completed: Copying file /Microsoft.VisualStudio.LanguageServices.dll to C:\Program Files (x86)\Microsoft Visual Studio\2017\Community\Common7\IDE\CommonExtensions\Microsoft\ManagedLanguages\VBCSharp\LanguageServices\Microsoft.VisualStudio.LanguageServices.dll
[0b00:0004][2017-10-17T09:46:37] Timestamp updated for file 'C:\Program Files (x86)\Microsoft Visual Studio\2017\Community\Common7\IDE\CommonExtensions\Microsoft\ManagedLanguages\VBCSharp\LanguageServices\Microsoft.VisualStudio.LanguageServices.dll'.
[0b00:0004][2017-10-17T09:46:37] Queueing C:\Program Files (x86)\Microsoft Visual Studio\2017\Community\Common7\IDE\CommonExtensions\Microsoft\ManagedLanguages\VBCSharp\LanguageServices\Microsoft.VisualStudio.LanguageServices.dll for X86 ngen
[0b00:0004][2017-10-17T09:46:37] Queueing C:\Program Files (x86)\Microsoft Visual Studio\2017\Community\Common7\IDE\CommonExtensions\Microsoft\ManagedLanguages\VBCSharp\LanguageServices\Microsoft.VisualStudio.LanguageServices.dll for X64 ngen
[0b00:0004][2017-10-17T09:46:37] Successfully queued file '/Microsoft.VisualStudio.LanguageServices.dll' for ngen
[0b00:0004][2017-10-17T09:46:37] Processing file /Microsoft.VisualStudio.LanguageServices.Implementation.dll
[0b00:0004][2017-10-17T09:46:37] Started: Copying file /Microsoft.VisualStudio.LanguageServices.Implementation.dll to C:\Program Files (x86)\Microsoft Visual Studio\2017\Community\Common7\IDE\CommonExtensions\Microsoft\ManagedLanguages\VBCSharp\LanguageServices\Microsoft.VisualStudio.LanguageServices.Implementation.dll
[0b00:0004][2017-10-17T09:46:37] Completed: Copying file /Microsoft.VisualStudio.LanguageServices.Implementation.dll to C:\Program Files (x86)\Microsoft Visual Studio\2017\Community\Common7\IDE\CommonExtensions\Microsoft\ManagedLanguages\VBCSharp\LanguageServices\Microsoft.VisualStudio.LanguageServices.Implementation.dll
[0b00:0004][2017-10-17T09:46:37] Timestamp updated for file 'C:\Program Files (x86)\Microsoft Visual Studio\2017\Community\Common7\IDE\CommonExtensions\Microsoft\ManagedLanguages\VBCSharp\LanguageServices\Microsoft.VisualStudio.LanguageServices.Implementation.dll'.
[0b00:0004][2017-10-17T09:46:37] Queueing C:\Program Files (x86)\Microsoft Visual Studio\2017\Community\Common7\IDE\CommonExtensions\Microsoft\ManagedLanguages\VBCSharp\LanguageServices\Microsoft.VisualStudio.LanguageServices.Implementation.dll for X86 ngen
[0b00:0004][2017-10-17T09:46:37] Queueing C:\Program Files (x86)\Microsoft Visual Studio\2017\Community\Common7\IDE\CommonExtensions\Microsoft\ManagedLanguages\VBCSharp\LanguageServices\Microsoft.VisualStudio.LanguageServices.Implementation.dll for X64 ngen
[0b00:0004][2017-10-17T09:46:37] Successfully queued file '/Microsoft.VisualStudio.LanguageServices.Implementation.dll' for ngen
[0b00:0004][2017-10-17T09:46:37] Processing file /Microsoft.VisualStudio.LanguageServices.pkgdef
[0b00:0004][2017-10-17T09:46:37] Started: Copying file /Microsoft.VisualStudio.LanguageServices.pkgdef to C:\Program Files (x86)\Microsoft Visual Studio\2017\Community\Common7\IDE\CommonExtensions\Microsoft\ManagedLanguages\VBCSharp\LanguageServices\Microsoft.VisualStudio.LanguageServices.pkgdef
[0b00:0004][2017-10-17T09:46:37] Completed: Copying file /Microsoft.VisualStudio.LanguageServices.pkgdef to C:\Program Files (x86)\Microsoft Visual Studio\2017\Community\Common7\IDE\CommonExtensions\Microsoft\ManagedLanguages\VBCSharp\LanguageServices\Microsoft.VisualStudio.LanguageServices.pkgdef
[0b00:0004][2017-10-17T09:46:37] Timestamp updated for file 'C:\Program Files (x86)\Microsoft Visual Studio\2017\Community\Common7\IDE\CommonExtensions\Microsoft\ManagedLanguages\VBCSharp\LanguageServices\Microsoft.VisualStudio.LanguageServices.pkgdef'.
[0b00:0004][2017-10-17T09:46:37] Queueing C:\Program Files (x86)\Microsoft Visual Studio\2017\Community\Common7\IDE\CommonExtensions\Microsoft\ManagedLanguages\VBCSharp\LanguageServices\Microsoft.VisualStudio.LanguageServices.pkgdef for X86 ngen
[0b00:0004][2017-10-17T09:46:37] Queueing C:\Program Files (x86)\Microsoft Visual Studio\2017\Community\Common7\IDE\CommonExtensions\Microsoft\ManagedLanguages\VBCSharp\LanguageServices\Microsoft.VisualStudio.LanguageServices.pkgdef for X64 ngen
[0b00:0004][2017-10-17T09:46:37] Successfully queued file '/Microsoft.VisualStudio.LanguageServices.pkgdef' for ngen
[0b00:0004][2017-10-17T09:46:37] Processing file /Microsoft.VisualStudio.LanguageServices.SolutionExplorer.dll
[0b00:0004][2017-10-17T09:46:37] Started: Copying file /Microsoft.VisualStudio.LanguageServices.SolutionExplorer.dll to C:\Program Files (x86)\Microsoft Visual Studio\2017\Community\Common7\IDE\CommonExtensions\Microsoft\ManagedLanguages\VBCSharp\LanguageServices\Microsoft.VisualStudio.LanguageServices.SolutionExplorer.dll
[0b00:0004][2017-10-17T09:46:37] Completed: Copying file /Microsoft.VisualStudio.LanguageServices.SolutionExplorer.dll to C:\Program Files (x86)\Microsoft Visual Studio\2017\Community\Common7\IDE\CommonExtensions\Microsoft\ManagedLanguages\VBCSharp\LanguageServices\Microsoft.VisualStudio.LanguageServices.SolutionExplorer.dll
[0b00:0004][2017-10-17T09:46:37] Timestamp updated for file 'C:\Program Files (x86)\Microsoft Visual Studio\2017\Community\Common7\IDE\CommonExtensions\Microsoft\ManagedLanguages\VBCSharp\LanguageServices\Microsoft.VisualStudio.LanguageServices.SolutionExplorer.dll'.
[0b00:0004][2017-10-17T09:46:37] Queueing C:\Program Files (x86)\Microsoft Visual Studio\2017\Community\Common7\IDE\CommonExtensions\Microsoft\ManagedLanguages\VBCSharp\LanguageServices\Microsoft.VisualStudio.LanguageServices.SolutionExplorer.dll for X86 ngen
[0b00:0004][2017-10-17T09:46:37] Queueing C:\Program Files (x86)\Microsoft Visual Studio\2017\Community\Common7\IDE\CommonExtensions\Microsoft\ManagedLanguages\VBCSharp\LanguageServices\Microsoft.VisualStudio.LanguageServices.SolutionExplorer.dll for X64 ngen
[0b00:0004][2017-10-17T09:46:37] Successfully queued file '/Microsoft.VisualStudio.LanguageServices.SolutionExplorer.dll' for ngen
[0b00:0004][2017-10-17T09:46:37] Processing file /Microsoft.VisualStudio.LanguageServices.VisualBasic.dll
[0b00:0004][2017-10-17T09:46:37] Started: Copying file /Microsoft.VisualStudio.LanguageServices.VisualBasic.dll to C:\Program Files (x86)\Microsoft Visual Studio\2017\Community\Common7\IDE\CommonExtensions\Microsoft\ManagedLanguages\VBCSharp\LanguageServices\Microsoft.VisualStudio.LanguageServices.VisualBasic.dll
[0b00:0004][2017-10-17T09:46:37] Completed: Copying file /Microsoft.VisualStudio.LanguageServices.VisualBasic.dll to C:\Program Files (x86)\Microsoft Visual Studio\2017\Community\Common7\IDE\CommonExtensions\Microsoft\ManagedLanguages\VBCSharp\LanguageServices\Microsoft.VisualStudio.LanguageServices.VisualBasic.dll
[0b00:0004][2017-10-17T09:46:37] Timestamp updated for file 'C:\Program Files (x86)\Microsoft Visual Studio\2017\Community\Common7\IDE\CommonExtensions\Microsoft\ManagedLanguages\VBCSharp\LanguageServices\Microsoft.VisualStudio.LanguageServices.VisualBasic.dll'.
[0b00:0004][2017-10-17T09:46:37] Queueing C:\Program Files (x86)\Microsoft Visual Studio\2017\Community\Common7\IDE\CommonExtensions\Microsoft\ManagedLanguages\VBCSharp\LanguageServices\Microsoft.VisualStudio.LanguageServices.VisualBasic.dll for X86 ngen
[0b00:0004][2017-10-17T09:46:37] Queueing C:\Program Files (x86)\Microsoft Visual Studio\2017\Community\Common7\IDE\CommonExtensions\Microsoft\ManagedLanguages\VBCSharp\LanguageServices\Microsoft.VisualStudio.LanguageServices.VisualBasic.dll for X64 ngen
[0b00:0004][2017-10-17T09:46:37] Successfully queued file '/Microsoft.VisualStudio.LanguageServices.VisualBasic.dll' for ngen
[0b00:0004][2017-10-17T09:46:37] Processing file /Microsoft.VisualStudio.LanguageServices.VisualBasic.pkgdef
[0b00:0004][2017-10-17T09:46:37] Started: Copying file /Microsoft.VisualStudio.LanguageServices.VisualBasic.pkgdef to C:\Program Files (x86)\Microsoft Visual Studio\2017\Community\Common7\IDE\CommonExtensions\Microsoft\ManagedLanguages\VBCSharp\LanguageServices\Microsoft.VisualStudio.LanguageServices.VisualBasic.pkgdef
[0b00:0004][2017-10-17T09:46:37] Completed: Copying file /Microsoft.VisualStudio.LanguageServices.VisualBasic.pkgdef to C:\Program Files (x86)\Microsoft Visual Studio\2017\Community\Common7\IDE\CommonExtensions\Microsoft\ManagedLanguages\VBCSharp\LanguageServices\Microsoft.VisualStudio.LanguageServices.VisualBasic.pkgdef
[0b00:0004][2017-10-17T09:46:37] Timestamp updated for file 'C:\Program Files (x86)\Microsoft Visual Studio\2017\Community\Common7\IDE\CommonExtensions\Microsoft\ManagedLanguages\VBCSharp\LanguageServices\Microsoft.VisualStudio.LanguageServices.VisualBasic.pkgdef'.
[0b00:0004][2017-10-17T09:46:37] Queueing C:\Program Files (x86)\Microsoft Visual Studio\2017\Community\Common7\IDE\CommonExtensions\Microsoft\ManagedLanguages\VBCSharp\LanguageServices\Microsoft.VisualStudio.LanguageServices.VisualBasic.pkgdef for X86 ngen
[0b00:0004][2017-10-17T09:46:37] Queueing C:\Program Files (x86)\Microsoft Visual Studio\2017\Community\Common7\IDE\CommonExtensions\Microsoft\ManagedLanguages\VBCSharp\LanguageServices\Microsoft.VisualStudio.LanguageServices.VisualBasic.pkgdef for X64 ngen
[0b00:0004][2017-10-17T09:46:37] Successfully queued file '/Microsoft.VisualStudio.LanguageServices.VisualBasic.pkgdef' for ngen
[0b00:0004][2017-10-17T09:46:37] Processing file /Roslyn.VisualStudio.Setup.pkgdef
[0b00:0004][2017-10-17T09:46:37] Started: Copying file /Roslyn.VisualStudio.Setup.pkgdef to C:\Program Files (x86)\Microsoft Visual Studio\2017\Community\Common7\IDE\CommonExtensions\Microsoft\ManagedLanguages\VBCSharp\LanguageServices\Roslyn.VisualStudio.Setup.pkgdef
[0b00:0004][2017-10-17T09:46:37] Completed: Copying file /Roslyn.VisualStudio.Setup.pkgdef to C:\Program Files (x86)\Microsoft Visual Studio\2017\Community\Common7\IDE\CommonExtensions\Microsoft\ManagedLanguages\VBCSharp\LanguageServices\Roslyn.VisualStudio.Setup.pkgdef
[0b00:0004][2017-10-17T09:46:37] Timestamp updated for file 'C:\Program Files (x86)\Microsoft Visual Studio\2017\Community\Common7\IDE\CommonExtensions\Microsoft\ManagedLanguages\VBCSharp\LanguageServices\Roslyn.VisualStudio.Setup.pkgdef'.
[0b00:0004][2017-10-17T09:46:37] Processing file /SQLitePCLRaw.batteries_green.dll
[0b00:0004][2017-10-17T09:46:37] Started: Copying file /SQLitePCLRaw.batteries_green.dll to C:\Program Files (x86)\Microsoft Visual Studio\2017\Community\Common7\IDE\CommonExtensions\Microsoft\ManagedLanguages\VBCSharp\LanguageServices\SQLitePCLRaw.batteries_green.dll
[0b00:0004][2017-10-17T09:46:37] Completed: Copying file /SQLitePCLRaw.batteries_green.dll to C:\Program Files (x86)\Microsoft Visual Studio\2017\Community\Common7\IDE\CommonExtensions\Microsoft\ManagedLanguages\VBCSharp\LanguageServices\SQLitePCLRaw.batteries_green.dll
[0b00:0004][2017-10-17T09:46:37] Timestamp updated for file 'C:\Program Files (x86)\Microsoft Visual Studio\2017\Community\Common7\IDE\CommonExtensions\Microsoft\ManagedLanguages\VBCSharp\LanguageServices\SQLitePCLRaw.batteries_green.dll'.
[0b00:0004][2017-10-17T09:46:37] Processing file /SQLitePCLRaw.batteries_v2.dll
[0b00:0004][2017-10-17T09:46:37] Started: Copying file /SQLitePCLRaw.batteries_v2.dll to C:\Program Files (x86)\Microsoft Visual Studio\2017\Community\Common7\IDE\CommonExtensions\Microsoft\ManagedLanguages\VBCSharp\LanguageServices\SQLitePCLRaw.batteries_v2.dll
[0b00:0004][2017-10-17T09:46:37] Completed: Copying file /SQLitePCLRaw.batteries_v2.dll to C:\Program Files (x86)\Microsoft Visual Studio\2017\Community\Common7\IDE\CommonExtensions\Microsoft\ManagedLanguages\VBCSharp\LanguageServices\SQLitePCLRaw.batteries_v2.dll
[0b00:0004][2017-10-17T09:46:37] Timestamp updated for file 'C:\Program Files (x86)\Microsoft Visual Studio\2017\Community\Common7\IDE\CommonExtensions\Microsoft\ManagedLanguages\VBCSharp\LanguageServices\SQLitePCLRaw.batteries_v2.dll'.
[0b00:0004][2017-10-17T09:46:37] Processing file /SQLitePCLRaw.core.dll
[0b00:0004][2017-10-17T09:46:37] Started: Copying file /SQLitePCLRaw.core.dll to C:\Program Files (x86)\Microsoft Visual Studio\2017\Community\Common7\IDE\CommonExtensions\Microsoft\ManagedLanguages\VBCSharp\LanguageServices\SQLitePCLRaw.core.dll
[0b00:0004][2017-10-17T09:46:37] Completed: Copying file /SQLitePCLRaw.core.dll to C:\Program Files (x86)\Microsoft Visual Studio\2017\Community\Common7\IDE\CommonExtensions\Microsoft\ManagedLanguages\VBCSharp\LanguageServices\SQLitePCLRaw.core.dll
[0b00:0004][2017-10-17T09:46:37] Timestamp updated for file 'C:\Program Files (x86)\Microsoft Visual Studio\2017\Community\Common7\IDE\CommonExtensions\Microsoft\ManagedLanguages\VBCSharp\LanguageServices\SQLitePCLRaw.core.dll'.
[0b00:0004][2017-10-17T09:46:37] Processing file /SQLitePCLRaw.provider.e_sqlite3.dll
[0b00:0004][2017-10-17T09:46:37] Started: Copying file /SQLitePCLRaw.provider.e_sqlite3.dll to C:\Program Files (x86)\Microsoft Visual Studio\2017\Community\Common7\IDE\CommonExtensions\Microsoft\ManagedLanguages\VBCSharp\LanguageServices\SQLitePCLRaw.provider.e_sqlite3.dll
[0b00:0004][2017-10-17T09:46:37] Completed: Copying file /SQLitePCLRaw.provider.e_sqlite3.dll to C:\Program Files (x86)\Microsoft Visual Studio\2017\Community\Common7\IDE\CommonExtensions\Microsoft\ManagedLanguages\VBCSharp\LanguageServices\SQLitePCLRaw.provider.e_sqlite3.dll
[0b00:0004][2017-10-17T09:46:37] Timestamp updated for file 'C:\Program Files (x86)\Microsoft Visual Studio\2017\Community\Common7\IDE\CommonExtensions\Microsoft\ManagedLanguages\VBCSharp\LanguageServices\SQLitePCLRaw.provider.e_sqlite3.dll'.
[0b00:0004][2017-10-17T09:46:37] Processing file /System.Composition.Convention.dll
[0b00:0004][2017-10-17T09:46:37] Started: Copying file /System.Composition.Convention.dll to C:\Program Files (x86)\Microsoft Visual Studio\2017\Community\Common7\IDE\CommonExtensions\Microsoft\ManagedLanguages\VBCSharp\LanguageServices\System.Composition.Convention.dll
[0b00:0004][2017-10-17T09:46:37] Completed: Copying file /System.Composition.Convention.dll to C:\Program Files (x86)\Microsoft Visual Studio\2017\Community\Common7\IDE\CommonExtensions\Microsoft\ManagedLanguages\VBCSharp\LanguageServices\System.Composition.Convention.dll
[0b00:0004][2017-10-17T09:46:37] Timestamp updated for file 'C:\Program Files (x86)\Microsoft Visual Studio\2017\Community\Common7\IDE\CommonExtensions\Microsoft\ManagedLanguages\VBCSharp\LanguageServices\System.Composition.Convention.dll'.
[0b00:0004][2017-10-17T09:46:37] Processing file /System.Composition.Hosting.dll
[0b00:0004][2017-10-17T09:46:37] Started: Copying file /System.Composition.Hosting.dll to C:\Program Files (x86)\Microsoft Visual Studio\2017\Community\Common7\IDE\CommonExtensions\Microsoft\ManagedLanguages\VBCSharp\LanguageServices\System.Composition.Hosting.dll
[0b00:0004][2017-10-17T09:46:37] Completed: Copying file /System.Composition.Hosting.dll to C:\Program Files (x86)\Microsoft Visual Studio\2017\Community\Common7\IDE\CommonExtensions\Microsoft\ManagedLanguages\VBCSharp\LanguageServices\System.Composition.Hosting.dll
[0b00:0004][2017-10-17T09:46:37] Timestamp updated for file 'C:\Program Files (x86)\Microsoft Visual Studio\2017\Community\Common7\IDE\CommonExtensions\Microsoft\ManagedLanguages\VBCSharp\LanguageServices\System.Composition.Hosting.dll'.
[0b00:0004][2017-10-17T09:46:37] Processing file /System.Composition.TypedParts.dll
[0b00:0004][2017-10-17T09:46:37] Started: Copying file /System.Composition.TypedParts.dll to C:\Program Files (x86)\Microsoft Visual Studio\2017\Community\Common7\IDE\CommonExtensions\Microsoft\ManagedLanguages\VBCSharp\LanguageServices\System.Composition.TypedParts.dll
[0b00:0004][2017-10-17T09:46:37] Completed: Copying file /System.Composition.TypedParts.dll to C:\Program Files (x86)\Microsoft Visual Studio\2017\Community\Common7\IDE\CommonExtensions\Microsoft\ManagedLanguages\VBCSharp\LanguageServices\System.Composition.TypedParts.dll
[0b00:0004][2017-10-17T09:46:37] Timestamp updated for file 'C:\Program Files (x86)\Microsoft Visual Studio\2017\Community\Common7\IDE\CommonExtensions\Microsoft\ManagedLanguages\VBCSharp\LanguageServices\System.Composition.TypedParts.dll'.
[0b00:0004][2017-10-17T09:46:37] Processing file /VisualBasicPackageRegistration.pkgdef
[0b00:0004][2017-10-17T09:46:37] Started: Copying file /VisualBasicPackageRegistration.pkgdef to C:\Program Files (x86)\Microsoft Visual Studio\2017\Community\Common7\IDE\CommonExtensions\Microsoft\ManagedLanguages\VBCSharp\LanguageServices\VisualBasicPackageRegistration.pkgdef
[0b00:0004][2017-10-17T09:46:37] Completed: Copying file /VisualBasicPackageRegistration.pkgdef to C:\Program Files (x86)\Microsoft Visual Studio\2017\Community\Common7\IDE\CommonExtensions\Microsoft\ManagedLanguages\VBCSharp\LanguageServices\VisualBasicPackageRegistration.pkgdef
[0b00:0004][2017-10-17T09:46:37] Timestamp updated for file 'C:\Program Files (x86)\Microsoft Visual Studio\2017\Community\Common7\IDE\CommonExtensions\Microsoft\ManagedLanguages\VBCSharp\LanguageServices\VisualBasicPackageRegistration.pkgdef'.
[0b00:0004][2017-10-17T09:46:37] Queueing C:\Program Files (x86)\Microsoft Visual Studio\2017\Community\Common7\IDE\CommonExtensions\Microsoft\ManagedLanguages\VBCSharp\LanguageServices\VisualBasicPackageRegistration.pkgdef for X86 ngen
[0b00:0004][2017-10-17T09:46:37] Queueing C:\Program Files (x86)\Microsoft Visual Studio\2017\Community\Common7\IDE\CommonExtensions\Microsoft\ManagedLanguages\VBCSharp\LanguageServices\VisualBasicPackageRegistration.pkgdef for X64 ngen
[0b00:0004][2017-10-17T09:46:37] Successfully queued file '/VisualBasicPackageRegistration.pkgdef' for ngen
[0b00:0004][2017-10-17T09:46:37] Processing file /x64/e_sqlite3.dll
[0b00:0004][2017-10-17T09:46:37] Started: Copying file /x64/e_sqlite3.dll to C:\Program Files (x86)\Microsoft Visual Studio\2017\Community\Common7\IDE\CommonExtensions\Microsoft\ManagedLanguages\VBCSharp\LanguageServices\x64\e_sqlite3.dll
[0b00:0004][2017-10-17T09:46:38] Completed: Copying file /x64/e_sqlite3.dll to C:\Program Files (x86)\Microsoft Visual Studio\2017\Community\Common7\IDE\CommonExtensions\Microsoft\ManagedLanguages\VBCSharp\LanguageServices\x64\e_sqlite3.dll
[0b00:0004][2017-10-17T09:46:38] Timestamp updated for file 'C:\Program Files (x86)\Microsoft Visual Studio\2017\Community\Common7\IDE\CommonExtensions\Microsoft\ManagedLanguages\VBCSharp\LanguageServices\x64\e_sqlite3.dll'.
[0b00:0004][2017-10-17T09:46:38] Processing file /x86/e_sqlite3.dll
[0b00:0004][2017-10-17T09:46:38] Started: Copying file /x86/e_sqlite3.dll to C:\Program Files (x86)\Microsoft Visual Studio\2017\Community\Common7\IDE\CommonExtensions\Microsoft\ManagedLanguages\VBCSharp\LanguageServices\x86\e_sqlite3.dll
[0b00:0004][2017-10-17T09:46:38] Completed: Copying file /x86/e_sqlite3.dll to C:\Program Files (x86)\Microsoft Visual Studio\2017\Community\Common7\IDE\CommonExtensions\Microsoft\ManagedLanguages\VBCSharp\LanguageServices\x86\e_sqlite3.dll
[0b00:0004][2017-10-17T09:46:38] Timestamp updated for file 'C:\Program Files (x86)\Microsoft Visual Studio\2017\Community\Common7\IDE\CommonExtensions\Microsoft\ManagedLanguages\VBCSharp\LanguageServices\x86\e_sqlite3.dll'.
[0b00:0004][2017-10-17T09:46:38] Package executed successfully. Return code: 0
