[0b00:0004][2017-10-17T09:46:22] Opening the package for processing
[0b00:0004][2017-10-17T09:46:22] Using package payload to get the embedded manifest
[0b00:0004][2017-10-17T09:46:22] Getting list of files within the package
[0b00:0004][2017-10-17T09:46:22] Processing file /Contents/Common7/IDE/PrivateAssemblies/System.AppContext.dll
[0b00:0004][2017-10-17T09:46:22] Started: Copying file /Contents/Common7/IDE/PrivateAssemblies/System.AppContext.dll to C:\Program Files (x86)\Microsoft Visual Studio\2017\Community\Common7\IDE\PrivateAssemblies\System.AppContext.dll
[0b00:0004][2017-10-17T09:46:22] Completed: Copying file /Contents/Common7/IDE/PrivateAssemblies/System.AppContext.dll to C:\Program Files (x86)\Microsoft Visual Studio\2017\Community\Common7\IDE\PrivateAssemblies\System.AppContext.dll
[0b00:0004][2017-10-17T09:46:22] Timestamp updated for file 'C:\Program Files (x86)\Microsoft Visual Studio\2017\Community\Common7\IDE\PrivateAssemblies\System.AppContext.dll'.
[0b00:0004][2017-10-17T09:46:22] Queueing C:\Program Files (x86)\Microsoft Visual Studio\2017\Community\Common7\IDE\PrivateAssemblies\System.AppContext.dll for X86 ngen
[0b00:0004][2017-10-17T09:46:22] Successfully queued file '/Contents/Common7/IDE/PrivateAssemblies/System.AppContext.dll' for ngen
[0b00:0004][2017-10-17T09:46:22] Processing file /Contents/Common7/IDE/PrivateAssemblies/System.Console.dll
[0b00:0004][2017-10-17T09:46:22] Started: Copying file /Contents/Common7/IDE/PrivateAssemblies/System.Console.dll to C:\Program Files (x86)\Microsoft Visual Studio\2017\Community\Common7\IDE\PrivateAssemblies\System.Console.dll
[0b00:0004][2017-10-17T09:46:22] Completed: Copying file /Contents/Common7/IDE/PrivateAssemblies/System.Console.dll to C:\Program Files (x86)\Microsoft Visual Studio\2017\Community\Common7\IDE\PrivateAssemblies\System.Console.dll
[0b00:0004][2017-10-17T09:46:22] Timestamp updated for file 'C:\Program Files (x86)\Microsoft Visual Studio\2017\Community\Common7\IDE\PrivateAssemblies\System.Console.dll'.
[0b00:0004][2017-10-17T09:46:22] Queueing C:\Program Files (x86)\Microsoft Visual Studio\2017\Community\Common7\IDE\PrivateAssemblies\System.Console.dll for X86 ngen
[0b00:0004][2017-10-17T09:46:22] Successfully queued file '/Contents/Common7/IDE/PrivateAssemblies/System.Console.dll' for ngen
[0b00:0004][2017-10-17T09:46:22] Processing file /Contents/Common7/IDE/PrivateAssemblies/System.Diagnostics.FileVersionInfo.dll
[0b00:0004][2017-10-17T09:46:22] Started: Copying file /Contents/Common7/IDE/PrivateAssemblies/System.Diagnostics.FileVersionInfo.dll to C:\Program Files (x86)\Microsoft Visual Studio\2017\Community\Common7\IDE\PrivateAssemblies\System.Diagnostics.FileVersionInfo.dll
[0b00:0004][2017-10-17T09:46:22] Completed: Copying file /Contents/Common7/IDE/PrivateAssemblies/System.Diagnostics.FileVersionInfo.dll to C:\Program Files (x86)\Microsoft Visual Studio\2017\Community\Common7\IDE\PrivateAssemblies\System.Diagnostics.FileVersionInfo.dll
[0b00:0004][2017-10-17T09:46:22] Timestamp updated for file 'C:\Program Files (x86)\Microsoft Visual Studio\2017\Community\Common7\IDE\PrivateAssemblies\System.Diagnostics.FileVersionInfo.dll'.
[0b00:0004][2017-10-17T09:46:22] Queueing C:\Program Files (x86)\Microsoft Visual Studio\2017\Community\Common7\IDE\PrivateAssemblies\System.Diagnostics.FileVersionInfo.dll for X86 ngen
[0b00:0004][2017-10-17T09:46:22] Successfully queued file '/Contents/Common7/IDE/PrivateAssemblies/System.Diagnostics.FileVersionInfo.dll' for ngen
[0b00:0004][2017-10-17T09:46:22] Processing file /Contents/Common7/IDE/PrivateAssemblies/System.Diagnostics.Process.dll
[0b00:0004][2017-10-17T09:46:22] Started: Copying file /Contents/Common7/IDE/PrivateAssemblies/System.Diagnostics.Process.dll to C:\Program Files (x86)\Microsoft Visual Studio\2017\Community\Common7\IDE\PrivateAssemblies\System.Diagnostics.Process.dll
[0b00:0004][2017-10-17T09:46:22] Completed: Copying file /Contents/Common7/IDE/PrivateAssemblies/System.Diagnostics.Process.dll to C:\Program Files (x86)\Microsoft Visual Studio\2017\Community\Common7\IDE\PrivateAssemblies\System.Diagnostics.Process.dll
[0b00:0004][2017-10-17T09:46:22] Timestamp updated for file 'C:\Program Files (x86)\Microsoft Visual Studio\2017\Community\Common7\IDE\PrivateAssemblies\System.Diagnostics.Process.dll'.
[0b00:0004][2017-10-17T09:46:22] Queueing C:\Program Files (x86)\Microsoft Visual Studio\2017\Community\Common7\IDE\PrivateAssemblies\System.Diagnostics.Process.dll for X86 ngen
[0b00:0004][2017-10-17T09:46:22] Successfully queued file '/Contents/Common7/IDE/PrivateAssemblies/System.Diagnostics.Process.dll' for ngen
[0b00:0004][2017-10-17T09:46:22] Processing file /Contents/Common7/IDE/PrivateAssemblies/System.Diagnostics.StackTrace.dll
[0b00:0004][2017-10-17T09:46:22] Started: Copying file /Contents/Common7/IDE/PrivateAssemblies/System.Diagnostics.StackTrace.dll to C:\Program Files (x86)\Microsoft Visual Studio\2017\Community\Common7\IDE\PrivateAssemblies\System.Diagnostics.StackTrace.dll
[0b00:0004][2017-10-17T09:46:22] Completed: Copying file /Contents/Common7/IDE/PrivateAssemblies/System.Diagnostics.StackTrace.dll to C:\Program Files (x86)\Microsoft Visual Studio\2017\Community\Common7\IDE\PrivateAssemblies\System.Diagnostics.StackTrace.dll
[0b00:0004][2017-10-17T09:46:22] Timestamp updated for file 'C:\Program Files (x86)\Microsoft Visual Studio\2017\Community\Common7\IDE\PrivateAssemblies\System.Diagnostics.StackTrace.dll'.
[0b00:0004][2017-10-17T09:46:22] Queueing C:\Program Files (x86)\Microsoft Visual Studio\2017\Community\Common7\IDE\PrivateAssemblies\System.Diagnostics.StackTrace.dll for X86 ngen
[0b00:0004][2017-10-17T09:46:22] Successfully queued file '/Contents/Common7/IDE/PrivateAssemblies/System.Diagnostics.StackTrace.dll' for ngen
[0b00:0004][2017-10-17T09:46:22] Processing file /Contents/Common7/IDE/PrivateAssemblies/System.IO.Compression.dll
[0b00:0004][2017-10-17T09:46:22] Started: Copying file /Contents/Common7/IDE/PrivateAssemblies/System.IO.Compression.dll to C:\Program Files (x86)\Microsoft Visual Studio\2017\Community\Common7\IDE\PrivateAssemblies\System.IO.Compression.dll
[0b00:0004][2017-10-17T09:46:22] Completed: Copying file /Contents/Common7/IDE/PrivateAssemblies/System.IO.Compression.dll to C:\Program Files (x86)\Microsoft Visual Studio\2017\Community\Common7\IDE\PrivateAssemblies\System.IO.Compression.dll
[0b00:0004][2017-10-17T09:46:22] Timestamp updated for file 'C:\Program Files (x86)\Microsoft Visual Studio\2017\Community\Common7\IDE\PrivateAssemblies\System.IO.Compression.dll'.
[0b00:0004][2017-10-17T09:46:22] Queueing C:\Program Files (x86)\Microsoft Visual Studio\2017\Community\Common7\IDE\PrivateAssemblies\System.IO.Compression.dll for X86 ngen
[0b00:0004][2017-10-17T09:46:22] Successfully queued file '/Contents/Common7/IDE/PrivateAssemblies/System.IO.Compression.dll' for ngen
[0b00:0004][2017-10-17T09:46:22] Processing file /Contents/Common7/IDE/PrivateAssemblies/System.IO.FileSystem.dll
[0b00:0004][2017-10-17T09:46:22] Started: Copying file /Contents/Common7/IDE/PrivateAssemblies/System.IO.FileSystem.dll to C:\Program Files (x86)\Microsoft Visual Studio\2017\Community\Common7\IDE\PrivateAssemblies\System.IO.FileSystem.dll
[0b00:0004][2017-10-17T09:46:22] Completed: Copying file /Contents/Common7/IDE/PrivateAssemblies/System.IO.FileSystem.dll to C:\Program Files (x86)\Microsoft Visual Studio\2017\Community\Common7\IDE\PrivateAssemblies\System.IO.FileSystem.dll
[0b00:0004][2017-10-17T09:46:22] Timestamp updated for file 'C:\Program Files (x86)\Microsoft Visual Studio\2017\Community\Common7\IDE\PrivateAssemblies\System.IO.FileSystem.dll'.
[0b00:0004][2017-10-17T09:46:22] Queueing C:\Program Files (x86)\Microsoft Visual Studio\2017\Community\Common7\IDE\PrivateAssemblies\System.IO.FileSystem.dll for X86 ngen
[0b00:0004][2017-10-17T09:46:22] Successfully queued file '/Contents/Common7/IDE/PrivateAssemblies/System.IO.FileSystem.dll' for ngen
[0b00:0004][2017-10-17T09:46:22] Processing file /Contents/Common7/IDE/PrivateAssemblies/System.IO.FileSystem.Primitives.dll
[0b00:0004][2017-10-17T09:46:22] Started: Copying file /Contents/Common7/IDE/PrivateAssemblies/System.IO.FileSystem.Primitives.dll to C:\Program Files (x86)\Microsoft Visual Studio\2017\Community\Common7\IDE\PrivateAssemblies\System.IO.FileSystem.Primitives.dll
[0b00:0004][2017-10-17T09:46:22] Completed: Copying file /Contents/Common7/IDE/PrivateAssemblies/System.IO.FileSystem.Primitives.dll to C:\Program Files (x86)\Microsoft Visual Studio\2017\Community\Common7\IDE\PrivateAssemblies\System.IO.FileSystem.Primitives.dll
[0b00:0004][2017-10-17T09:46:22] Timestamp updated for file 'C:\Program Files (x86)\Microsoft Visual Studio\2017\Community\Common7\IDE\PrivateAssemblies\System.IO.FileSystem.Primitives.dll'.
[0b00:0004][2017-10-17T09:46:22] Queueing C:\Program Files (x86)\Microsoft Visual Studio\2017\Community\Common7\IDE\PrivateAssemblies\System.IO.FileSystem.Primitives.dll for X86 ngen
[0b00:0004][2017-10-17T09:46:22] Successfully queued file '/Contents/Common7/IDE/PrivateAssemblies/System.IO.FileSystem.Primitives.dll' for ngen
[0b00:0004][2017-10-17T09:46:22] Processing file /Contents/Common7/IDE/PrivateAssemblies/System.IO.Pipes.dll
[0b00:0004][2017-10-17T09:46:22] Started: Copying file /Contents/Common7/IDE/PrivateAssemblies/System.IO.Pipes.dll to C:\Program Files (x86)\Microsoft Visual Studio\2017\Community\Common7\IDE\PrivateAssemblies\System.IO.Pipes.dll
[0b00:0004][2017-10-17T09:46:22] Completed: Copying file /Contents/Common7/IDE/PrivateAssemblies/System.IO.Pipes.dll to C:\Program Files (x86)\Microsoft Visual Studio\2017\Community\Common7\IDE\PrivateAssemblies\System.IO.Pipes.dll
[0b00:0004][2017-10-17T09:46:22] Timestamp updated for file 'C:\Program Files (x86)\Microsoft Visual Studio\2017\Community\Common7\IDE\PrivateAssemblies\System.IO.Pipes.dll'.
[0b00:0004][2017-10-17T09:46:22] Queueing C:\Program Files (x86)\Microsoft Visual Studio\2017\Community\Common7\IDE\PrivateAssemblies\System.IO.Pipes.dll for X86 ngen
[0b00:0004][2017-10-17T09:46:22] Successfully queued file '/Contents/Common7/IDE/PrivateAssemblies/System.IO.Pipes.dll' for ngen
[0b00:0004][2017-10-17T09:46:22] Processing file /Contents/Common7/IDE/PrivateAssemblies/System.Net.Security.dll
[0b00:0004][2017-10-17T09:46:22] Started: Copying file /Contents/Common7/IDE/PrivateAssemblies/System.Net.Security.dll to C:\Program Files (x86)\Microsoft Visual Studio\2017\Community\Common7\IDE\PrivateAssemblies\System.Net.Security.dll
[0b00:0004][2017-10-17T09:46:22] Completed: Copying file /Contents/Common7/IDE/PrivateAssemblies/System.Net.Security.dll to C:\Program Files (x86)\Microsoft Visual Studio\2017\Community\Common7\IDE\PrivateAssemblies\System.Net.Security.dll
[0b00:0004][2017-10-17T09:46:22] Timestamp updated for file 'C:\Program Files (x86)\Microsoft Visual Studio\2017\Community\Common7\IDE\PrivateAssemblies\System.Net.Security.dll'.
[0b00:0004][2017-10-17T09:46:22] Queueing C:\Program Files (x86)\Microsoft Visual Studio\2017\Community\Common7\IDE\PrivateAssemblies\System.Net.Security.dll for X86 ngen
[0b00:0004][2017-10-17T09:46:22] Successfully queued file '/Contents/Common7/IDE/PrivateAssemblies/System.Net.Security.dll' for ngen
[0b00:0004][2017-10-17T09:46:22] Processing file /Contents/Common7/IDE/PrivateAssemblies/System.Net.Sockets.dll
[0b00:0004][2017-10-17T09:46:22] Started: Copying file /Contents/Common7/IDE/PrivateAssemblies/System.Net.Sockets.dll to C:\Program Files (x86)\Microsoft Visual Studio\2017\Community\Common7\IDE\PrivateAssemblies\System.Net.Sockets.dll
[0b00:0004][2017-10-17T09:46:22] Completed: Copying file /Contents/Common7/IDE/PrivateAssemblies/System.Net.Sockets.dll to C:\Program Files (x86)\Microsoft Visual Studio\2017\Community\Common7\IDE\PrivateAssemblies\System.Net.Sockets.dll
[0b00:0004][2017-10-17T09:46:22] Timestamp updated for file 'C:\Program Files (x86)\Microsoft Visual Studio\2017\Community\Common7\IDE\PrivateAssemblies\System.Net.Sockets.dll'.
[0b00:0004][2017-10-17T09:46:22] Queueing C:\Program Files (x86)\Microsoft Visual Studio\2017\Community\Common7\IDE\PrivateAssemblies\System.Net.Sockets.dll for X86 ngen
[0b00:0004][2017-10-17T09:46:22] Successfully queued file '/Contents/Common7/IDE/PrivateAssemblies/System.Net.Sockets.dll' for ngen
[0b00:0004][2017-10-17T09:46:22] Processing file /Contents/Common7/IDE/PrivateAssemblies/System.Reflection.TypeExtensions.dll
[0b00:0004][2017-10-17T09:46:22] Started: Copying file /Contents/Common7/IDE/PrivateAssemblies/System.Reflection.TypeExtensions.dll to C:\Program Files (x86)\Microsoft Visual Studio\2017\Community\Common7\IDE\PrivateAssemblies\System.Reflection.TypeExtensions.dll
[0b00:0004][2017-10-17T09:46:22] Completed: Copying file /Contents/Common7/IDE/PrivateAssemblies/System.Reflection.TypeExtensions.dll to C:\Program Files (x86)\Microsoft Visual Studio\2017\Community\Common7\IDE\PrivateAssemblies\System.Reflection.TypeExtensions.dll
[0b00:0004][2017-10-17T09:46:22] Timestamp updated for file 'C:\Program Files (x86)\Microsoft Visual Studio\2017\Community\Common7\IDE\PrivateAssemblies\System.Reflection.TypeExtensions.dll'.
[0b00:0004][2017-10-17T09:46:22] Queueing C:\Program Files (x86)\Microsoft Visual Studio\2017\Community\Common7\IDE\PrivateAssemblies\System.Reflection.TypeExtensions.dll for X86 ngen
[0b00:0004][2017-10-17T09:46:22] Successfully queued file '/Contents/Common7/IDE/PrivateAssemblies/System.Reflection.TypeExtensions.dll' for ngen
[0b00:0004][2017-10-17T09:46:22] Processing file /Contents/Common7/IDE/PrivateAssemblies/System.Security.AccessControl.dll
[0b00:0004][2017-10-17T09:46:22] Started: Copying file /Contents/Common7/IDE/PrivateAssemblies/System.Security.AccessControl.dll to C:\Program Files (x86)\Microsoft Visual Studio\2017\Community\Common7\IDE\PrivateAssemblies\System.Security.AccessControl.dll
[0b00:0004][2017-10-17T09:46:22] Completed: Copying file /Contents/Common7/IDE/PrivateAssemblies/System.Security.AccessControl.dll to C:\Program Files (x86)\Microsoft Visual Studio\2017\Community\Common7\IDE\PrivateAssemblies\System.Security.AccessControl.dll
[0b00:0004][2017-10-17T09:46:22] Timestamp updated for file 'C:\Program Files (x86)\Microsoft Visual Studio\2017\Community\Common7\IDE\PrivateAssemblies\System.Security.AccessControl.dll'.
[0b00:0004][2017-10-17T09:46:22] Queueing C:\Program Files (x86)\Microsoft Visual Studio\2017\Community\Common7\IDE\PrivateAssemblies\System.Security.AccessControl.dll for X86 ngen
[0b00:0004][2017-10-17T09:46:22] Successfully queued file '/Contents/Common7/IDE/PrivateAssemblies/System.Security.AccessControl.dll' for ngen
[0b00:0004][2017-10-17T09:46:22] Processing file /Contents/Common7/IDE/PrivateAssemblies/System.Security.Claims.dll
[0b00:0004][2017-10-17T09:46:22] Started: Copying file /Contents/Common7/IDE/PrivateAssemblies/System.Security.Claims.dll to C:\Program Files (x86)\Microsoft Visual Studio\2017\Community\Common7\IDE\PrivateAssemblies\System.Security.Claims.dll
[0b00:0004][2017-10-17T09:46:22] Completed: Copying file /Contents/Common7/IDE/PrivateAssemblies/System.Security.Claims.dll to C:\Program Files (x86)\Microsoft Visual Studio\2017\Community\Common7\IDE\PrivateAssemblies\System.Security.Claims.dll
[0b00:0004][2017-10-17T09:46:22] Timestamp updated for file 'C:\Program Files (x86)\Microsoft Visual Studio\2017\Community\Common7\IDE\PrivateAssemblies\System.Security.Claims.dll'.
[0b00:0004][2017-10-17T09:46:22] Queueing C:\Program Files (x86)\Microsoft Visual Studio\2017\Community\Common7\IDE\PrivateAssemblies\System.Security.Claims.dll for X86 ngen
[0b00:0004][2017-10-17T09:46:22] Successfully queued file '/Contents/Common7/IDE/PrivateAssemblies/System.Security.Claims.dll' for ngen
[0b00:0004][2017-10-17T09:46:22] Processing file /Contents/Common7/IDE/PrivateAssemblies/System.Security.Cryptography.Algorithms.dll
[0b00:0004][2017-10-17T09:46:22] Started: Copying file /Contents/Common7/IDE/PrivateAssemblies/System.Security.Cryptography.Algorithms.dll to C:\Program Files (x86)\Microsoft Visual Studio\2017\Community\Common7\IDE\PrivateAssemblies\System.Security.Cryptography.Algorithms.dll
[0b00:0004][2017-10-17T09:46:22] Completed: Copying file /Contents/Common7/IDE/PrivateAssemblies/System.Security.Cryptography.Algorithms.dll to C:\Program Files (x86)\Microsoft Visual Studio\2017\Community\Common7\IDE\PrivateAssemblies\System.Security.Cryptography.Algorithms.dll
[0b00:0004][2017-10-17T09:46:22] Timestamp updated for file 'C:\Program Files (x86)\Microsoft Visual Studio\2017\Community\Common7\IDE\PrivateAssemblies\System.Security.Cryptography.Algorithms.dll'.
[0b00:0004][2017-10-17T09:46:22] Queueing C:\Program Files (x86)\Microsoft Visual Studio\2017\Community\Common7\IDE\PrivateAssemblies\System.Security.Cryptography.Algorithms.dll for X86 ngen
[0b00:0004][2017-10-17T09:46:22] Successfully queued file '/Contents/Common7/IDE/PrivateAssemblies/System.Security.Cryptography.Algorithms.dll' for ngen
[0b00:0004][2017-10-17T09:46:22] Processing file /Contents/Common7/IDE/PrivateAssemblies/System.Security.Cryptography.Encoding.dll
[0b00:0004][2017-10-17T09:46:22] Started: Copying file /Contents/Common7/IDE/PrivateAssemblies/System.Security.Cryptography.Encoding.dll to C:\Program Files (x86)\Microsoft Visual Studio\2017\Community\Common7\IDE\PrivateAssemblies\System.Security.Cryptography.Encoding.dll
[0b00:0004][2017-10-17T09:46:22] Completed: Copying file /Contents/Common7/IDE/PrivateAssemblies/System.Security.Cryptography.Encoding.dll to C:\Program Files (x86)\Microsoft Visual Studio\2017\Community\Common7\IDE\PrivateAssemblies\System.Security.Cryptography.Encoding.dll
[0b00:0004][2017-10-17T09:46:22] Timestamp updated for file 'C:\Program Files (x86)\Microsoft Visual Studio\2017\Community\Common7\IDE\PrivateAssemblies\System.Security.Cryptography.Encoding.dll'.
[0b00:0004][2017-10-17T09:46:22] Queueing C:\Program Files (x86)\Microsoft Visual Studio\2017\Community\Common7\IDE\PrivateAssemblies\System.Security.Cryptography.Encoding.dll for X86 ngen
[0b00:0004][2017-10-17T09:46:22] Successfully queued file '/Contents/Common7/IDE/PrivateAssemblies/System.Security.Cryptography.Encoding.dll' for ngen
[0b00:0004][2017-10-17T09:46:22] Processing file /Contents/Common7/IDE/PrivateAssemblies/System.Security.Cryptography.Primitives.dll
[0b00:0004][2017-10-17T09:46:22] Started: Copying file /Contents/Common7/IDE/PrivateAssemblies/System.Security.Cryptography.Primitives.dll to C:\Program Files (x86)\Microsoft Visual Studio\2017\Community\Common7\IDE\PrivateAssemblies\System.Security.Cryptography.Primitives.dll
[0b00:0004][2017-10-17T09:46:22] Completed: Copying file /Contents/Common7/IDE/PrivateAssemblies/System.Security.Cryptography.Primitives.dll to C:\Program Files (x86)\Microsoft Visual Studio\2017\Community\Common7\IDE\PrivateAssemblies\System.Security.Cryptography.Primitives.dll
[0b00:0004][2017-10-17T09:46:22] Timestamp updated for file 'C:\Program Files (x86)\Microsoft Visual Studio\2017\Community\Common7\IDE\PrivateAssemblies\System.Security.Cryptography.Primitives.dll'.
[0b00:0004][2017-10-17T09:46:22] Queueing C:\Program Files (x86)\Microsoft Visual Studio\2017\Community\Common7\IDE\PrivateAssemblies\System.Security.Cryptography.Primitives.dll for X86 ngen
[0b00:0004][2017-10-17T09:46:22] Successfully queued file '/Contents/Common7/IDE/PrivateAssemblies/System.Security.Cryptography.Primitives.dll' for ngen
[0b00:0004][2017-10-17T09:46:22] Processing file /Contents/Common7/IDE/PrivateAssemblies/System.Security.Cryptography.X509Certificates.dll
[0b00:0004][2017-10-17T09:46:22] Started: Copying file /Contents/Common7/IDE/PrivateAssemblies/System.Security.Cryptography.X509Certificates.dll to C:\Program Files (x86)\Microsoft Visual Studio\2017\Community\Common7\IDE\PrivateAssemblies\System.Security.Cryptography.X509Certificates.dll
[0b00:0004][2017-10-17T09:46:22] Completed: Copying file /Contents/Common7/IDE/PrivateAssemblies/System.Security.Cryptography.X509Certificates.dll to C:\Program Files (x86)\Microsoft Visual Studio\2017\Community\Common7\IDE\PrivateAssemblies\System.Security.Cryptography.X509Certificates.dll
[0b00:0004][2017-10-17T09:46:22] Timestamp updated for file 'C:\Program Files (x86)\Microsoft Visual Studio\2017\Community\Common7\IDE\PrivateAssemblies\System.Security.Cryptography.X509Certificates.dll'.
[0b00:0004][2017-10-17T09:46:22] Queueing C:\Program Files (x86)\Microsoft Visual Studio\2017\Community\Common7\IDE\PrivateAssemblies\System.Security.Cryptography.X509Certificates.dll for X86 ngen
[0b00:0004][2017-10-17T09:46:22] Successfully queued file '/Contents/Common7/IDE/PrivateAssemblies/System.Security.Cryptography.X509Certificates.dll' for ngen
[0b00:0004][2017-10-17T09:46:22] Processing file /Contents/Common7/IDE/PrivateAssemblies/System.Security.Principal.Windows.dll
[0b00:0004][2017-10-17T09:46:22] Started: Copying file /Contents/Common7/IDE/PrivateAssemblies/System.Security.Principal.Windows.dll to C:\Program Files (x86)\Microsoft Visual Studio\2017\Community\Common7\IDE\PrivateAssemblies\System.Security.Principal.Windows.dll
[0b00:0004][2017-10-17T09:46:22] Completed: Copying file /Contents/Common7/IDE/PrivateAssemblies/System.Security.Principal.Windows.dll to C:\Program Files (x86)\Microsoft Visual Studio\2017\Community\Common7\IDE\PrivateAssemblies\System.Security.Principal.Windows.dll
[0b00:0004][2017-10-17T09:46:22] Timestamp updated for file 'C:\Program Files (x86)\Microsoft Visual Studio\2017\Community\Common7\IDE\PrivateAssemblies\System.Security.Principal.Windows.dll'.
[0b00:0004][2017-10-17T09:46:22] Queueing C:\Program Files (x86)\Microsoft Visual Studio\2017\Community\Common7\IDE\PrivateAssemblies\System.Security.Principal.Windows.dll for X86 ngen
[0b00:0004][2017-10-17T09:46:22] Successfully queued file '/Contents/Common7/IDE/PrivateAssemblies/System.Security.Principal.Windows.dll' for ngen
[0b00:0004][2017-10-17T09:46:22] Processing file /Contents/Common7/IDE/PrivateAssemblies/System.Threading.Thread.dll
[0b00:0004][2017-10-17T09:46:22] Started: Copying file /Contents/Common7/IDE/PrivateAssemblies/System.Threading.Thread.dll to C:\Program Files (x86)\Microsoft Visual Studio\2017\Community\Common7\IDE\PrivateAssemblies\System.Threading.Thread.dll
[0b00:0004][2017-10-17T09:46:22] Completed: Copying file /Contents/Common7/IDE/PrivateAssemblies/System.Threading.Thread.dll to C:\Program Files (x86)\Microsoft Visual Studio\2017\Community\Common7\IDE\PrivateAssemblies\System.Threading.Thread.dll
[0b00:0004][2017-10-17T09:46:22] Timestamp updated for file 'C:\Program Files (x86)\Microsoft Visual Studio\2017\Community\Common7\IDE\PrivateAssemblies\System.Threading.Thread.dll'.
[0b00:0004][2017-10-17T09:46:22] Queueing C:\Program Files (x86)\Microsoft Visual Studio\2017\Community\Common7\IDE\PrivateAssemblies\System.Threading.Thread.dll for X86 ngen
[0b00:0004][2017-10-17T09:46:22] Successfully queued file '/Contents/Common7/IDE/PrivateAssemblies/System.Threading.Thread.dll' for ngen
[0b00:0004][2017-10-17T09:46:22] Processing file /Contents/Common7/IDE/PrivateAssemblies/System.Xml.ReaderWriter.dll
[0b00:0004][2017-10-17T09:46:22] Started: Copying file /Contents/Common7/IDE/PrivateAssemblies/System.Xml.ReaderWriter.dll to C:\Program Files (x86)\Microsoft Visual Studio\2017\Community\Common7\IDE\PrivateAssemblies\System.Xml.ReaderWriter.dll
[0b00:0004][2017-10-17T09:46:22] Completed: Copying file /Contents/Common7/IDE/PrivateAssemblies/System.Xml.ReaderWriter.dll to C:\Program Files (x86)\Microsoft Visual Studio\2017\Community\Common7\IDE\PrivateAssemblies\System.Xml.ReaderWriter.dll
[0b00:0004][2017-10-17T09:46:22] Timestamp updated for file 'C:\Program Files (x86)\Microsoft Visual Studio\2017\Community\Common7\IDE\PrivateAssemblies\System.Xml.ReaderWriter.dll'.
[0b00:0004][2017-10-17T09:46:22] Queueing C:\Program Files (x86)\Microsoft Visual Studio\2017\Community\Common7\IDE\PrivateAssemblies\System.Xml.ReaderWriter.dll for X86 ngen
[0b00:0004][2017-10-17T09:46:22] Successfully queued file '/Contents/Common7/IDE/PrivateAssemblies/System.Xml.ReaderWriter.dll' for ngen
[0b00:0004][2017-10-17T09:46:22] Processing file /Contents/Common7/IDE/PrivateAssemblies/System.Xml.XmlDocument.dll
[0b00:0004][2017-10-17T09:46:22] Started: Copying file /Contents/Common7/IDE/PrivateAssemblies/System.Xml.XmlDocument.dll to C:\Program Files (x86)\Microsoft Visual Studio\2017\Community\Common7\IDE\PrivateAssemblies\System.Xml.XmlDocument.dll
[0b00:0004][2017-10-17T09:46:22] Completed: Copying file /Contents/Common7/IDE/PrivateAssemblies/System.Xml.XmlDocument.dll to C:\Program Files (x86)\Microsoft Visual Studio\2017\Community\Common7\IDE\PrivateAssemblies\System.Xml.XmlDocument.dll
[0b00:0004][2017-10-17T09:46:22] Timestamp updated for file 'C:\Program Files (x86)\Microsoft Visual Studio\2017\Community\Common7\IDE\PrivateAssemblies\System.Xml.XmlDocument.dll'.
[0b00:0004][2017-10-17T09:46:22] Queueing C:\Program Files (x86)\Microsoft Visual Studio\2017\Community\Common7\IDE\PrivateAssemblies\System.Xml.XmlDocument.dll for X86 ngen
[0b00:0004][2017-10-17T09:46:22] Successfully queued file '/Contents/Common7/IDE/PrivateAssemblies/System.Xml.XmlDocument.dll' for ngen
[0b00:0004][2017-10-17T09:46:22] Processing file /Contents/Common7/IDE/PrivateAssemblies/System.Xml.XPath.dll
[0b00:0004][2017-10-17T09:46:22] Started: Copying file /Contents/Common7/IDE/PrivateAssemblies/System.Xml.XPath.dll to C:\Program Files (x86)\Microsoft Visual Studio\2017\Community\Common7\IDE\PrivateAssemblies\System.Xml.XPath.dll
[0b00:0004][2017-10-17T09:46:22] Completed: Copying file /Contents/Common7/IDE/PrivateAssemblies/System.Xml.XPath.dll to C:\Program Files (x86)\Microsoft Visual Studio\2017\Community\Common7\IDE\PrivateAssemblies\System.Xml.XPath.dll
[0b00:0004][2017-10-17T09:46:22] Timestamp updated for file 'C:\Program Files (x86)\Microsoft Visual Studio\2017\Community\Common7\IDE\PrivateAssemblies\System.Xml.XPath.dll'.
[0b00:0004][2017-10-17T09:46:22] Queueing C:\Program Files (x86)\Microsoft Visual Studio\2017\Community\Common7\IDE\PrivateAssemblies\System.Xml.XPath.dll for X86 ngen
[0b00:0004][2017-10-17T09:46:22] Successfully queued file '/Contents/Common7/IDE/PrivateAssemblies/System.Xml.XPath.dll' for ngen
[0b00:0004][2017-10-17T09:46:22] Processing file /Contents/Common7/IDE/PrivateAssemblies/System.Xml.XPath.XDocument.dll
[0b00:0004][2017-10-17T09:46:22] Started: Copying file /Contents/Common7/IDE/PrivateAssemblies/System.Xml.XPath.XDocument.dll to C:\Program Files (x86)\Microsoft Visual Studio\2017\Community\Common7\IDE\PrivateAssemblies\System.Xml.XPath.XDocument.dll
[0b00:0004][2017-10-17T09:46:22] Completed: Copying file /Contents/Common7/IDE/PrivateAssemblies/System.Xml.XPath.XDocument.dll to C:\Program Files (x86)\Microsoft Visual Studio\2017\Community\Common7\IDE\PrivateAssemblies\System.Xml.XPath.XDocument.dll
[0b00:0004][2017-10-17T09:46:22] Timestamp updated for file 'C:\Program Files (x86)\Microsoft Visual Studio\2017\Community\Common7\IDE\PrivateAssemblies\System.Xml.XPath.XDocument.dll'.
[0b00:0004][2017-10-17T09:46:22] Queueing C:\Program Files (x86)\Microsoft Visual Studio\2017\Community\Common7\IDE\PrivateAssemblies\System.Xml.XPath.XDocument.dll for X86 ngen
[0b00:0004][2017-10-17T09:46:22] Successfully queued file '/Contents/Common7/IDE/PrivateAssemblies/System.Xml.XPath.XDocument.dll' for ngen
[0b00:0004][2017-10-17T09:46:22] Package executed successfully. Return code: 0
