[0b00:0004][2017-10-17T09:49:42] Opening the package for processing
[0b00:0004][2017-10-17T09:49:42] Using package payload to get the embedded manifest
[0b00:0004][2017-10-17T09:49:42] Getting list of files within the package
[0b00:0004][2017-10-17T09:49:42] Processing file /Contents/Common7/IDE/Extensions/Microsoft/Web%20Tools%20Azure/eula.rtf
[0b00:0004][2017-10-17T09:49:42] Started: Copying file /Contents/Common7/IDE/Extensions/Microsoft/Web%20Tools%20Azure/eula.rtf to C:\Program Files (x86)\Microsoft Visual Studio\2017\Community\Common7\IDE\Extensions\Microsoft\Web Tools Azure\eula.rtf
[0b00:0004][2017-10-17T09:49:42] Completed: Copying file /Contents/Common7/IDE/Extensions/Microsoft/Web%20Tools%20Azure/eula.rtf to C:\Program Files (x86)\Microsoft Visual Studio\2017\Community\Common7\IDE\Extensions\Microsoft\Web Tools Azure\eula.rtf
[0b00:0004][2017-10-17T09:49:42] Timestamp updated for file 'C:\Program Files (x86)\Microsoft Visual Studio\2017\Community\Common7\IDE\Extensions\Microsoft\Web Tools Azure\eula.rtf'.
[0b00:0004][2017-10-17T09:49:42] Processing file /Contents/Common7/IDE/Extensions/Microsoft/Web%20Tools%20Azure/extension.vsixmanifest
[0b00:0004][2017-10-17T09:49:42] Started: Copying file /Contents/Common7/IDE/Extensions/Microsoft/Web%20Tools%20Azure/extension.vsixmanifest to C:\Program Files (x86)\Microsoft Visual Studio\2017\Community\Common7\IDE\Extensions\Microsoft\Web Tools Azure\extension.vsixmanifest
[0b00:0004][2017-10-17T09:49:42] Completed: Copying file /Contents/Common7/IDE/Extensions/Microsoft/Web%20Tools%20Azure/extension.vsixmanifest to C:\Program Files (x86)\Microsoft Visual Studio\2017\Community\Common7\IDE\Extensions\Microsoft\Web Tools Azure\extension.vsixmanifest
[0b00:0004][2017-10-17T09:49:42] Timestamp updated for file 'C:\Program Files (x86)\Microsoft Visual Studio\2017\Community\Common7\IDE\Extensions\Microsoft\Web Tools Azure\extension.vsixmanifest'.
[0b00:0004][2017-10-17T09:49:42] Processing file /Contents/Common7/IDE/Extensions/Microsoft/Web%20Tools%20Azure/Microsoft.Data.Edm.dll
[0b00:0004][2017-10-17T09:49:42] Started: Copying file /Contents/Common7/IDE/Extensions/Microsoft/Web%20Tools%20Azure/Microsoft.Data.Edm.dll to C:\Program Files (x86)\Microsoft Visual Studio\2017\Community\Common7\IDE\Extensions\Microsoft\Web Tools Azure\Microsoft.Data.Edm.dll
[0b00:0004][2017-10-17T09:49:42] Completed: Copying file /Contents/Common7/IDE/Extensions/Microsoft/Web%20Tools%20Azure/Microsoft.Data.Edm.dll to C:\Program Files (x86)\Microsoft Visual Studio\2017\Community\Common7\IDE\Extensions\Microsoft\Web Tools Azure\Microsoft.Data.Edm.dll
[0b00:0004][2017-10-17T09:49:42] Timestamp updated for file 'C:\Program Files (x86)\Microsoft Visual Studio\2017\Community\Common7\IDE\Extensions\Microsoft\Web Tools Azure\Microsoft.Data.Edm.dll'.
[0b00:0004][2017-10-17T09:49:42] Processing file /Contents/Common7/IDE/Extensions/Microsoft/Web%20Tools%20Azure/Microsoft.Data.OData.dll
[0b00:0004][2017-10-17T09:49:42] Started: Copying file /Contents/Common7/IDE/Extensions/Microsoft/Web%20Tools%20Azure/Microsoft.Data.OData.dll to C:\Program Files (x86)\Microsoft Visual Studio\2017\Community\Common7\IDE\Extensions\Microsoft\Web Tools Azure\Microsoft.Data.OData.dll
[0b00:0004][2017-10-17T09:49:42] Completed: Copying file /Contents/Common7/IDE/Extensions/Microsoft/Web%20Tools%20Azure/Microsoft.Data.OData.dll to C:\Program Files (x86)\Microsoft Visual Studio\2017\Community\Common7\IDE\Extensions\Microsoft\Web Tools Azure\Microsoft.Data.OData.dll
[0b00:0004][2017-10-17T09:49:42] Timestamp updated for file 'C:\Program Files (x86)\Microsoft Visual Studio\2017\Community\Common7\IDE\Extensions\Microsoft\Web Tools Azure\Microsoft.Data.OData.dll'.
[0b00:0004][2017-10-17T09:49:42] Processing file /Contents/Common7/IDE/Extensions/Microsoft/Web%20Tools%20Azure/Microsoft.Threading.Tasks.dll
[0b00:0004][2017-10-17T09:49:42] Started: Copying file /Contents/Common7/IDE/Extensions/Microsoft/Web%20Tools%20Azure/Microsoft.Threading.Tasks.dll to C:\Program Files (x86)\Microsoft Visual Studio\2017\Community\Common7\IDE\Extensions\Microsoft\Web Tools Azure\Microsoft.Threading.Tasks.dll
[0b00:0004][2017-10-17T09:49:42] Completed: Copying file /Contents/Common7/IDE/Extensions/Microsoft/Web%20Tools%20Azure/Microsoft.Threading.Tasks.dll to C:\Program Files (x86)\Microsoft Visual Studio\2017\Community\Common7\IDE\Extensions\Microsoft\Web Tools Azure\Microsoft.Threading.Tasks.dll
[0b00:0004][2017-10-17T09:49:42] Timestamp updated for file 'C:\Program Files (x86)\Microsoft Visual Studio\2017\Community\Common7\IDE\Extensions\Microsoft\Web Tools Azure\Microsoft.Threading.Tasks.dll'.
[0b00:0004][2017-10-17T09:49:42] Processing file /Contents/Common7/IDE/Extensions/Microsoft/Web%20Tools%20Azure/Microsoft.Threading.Tasks.Extensions.dll
[0b00:0004][2017-10-17T09:49:42] Started: Copying file /Contents/Common7/IDE/Extensions/Microsoft/Web%20Tools%20Azure/Microsoft.Threading.Tasks.Extensions.dll to C:\Program Files (x86)\Microsoft Visual Studio\2017\Community\Common7\IDE\Extensions\Microsoft\Web Tools Azure\Microsoft.Threading.Tasks.Extensions.dll
[0b00:0004][2017-10-17T09:49:42] Completed: Copying file /Contents/Common7/IDE/Extensions/Microsoft/Web%20Tools%20Azure/Microsoft.Threading.Tasks.Extensions.dll to C:\Program Files (x86)\Microsoft Visual Studio\2017\Community\Common7\IDE\Extensions\Microsoft\Web Tools Azure\Microsoft.Threading.Tasks.Extensions.dll
[0b00:0004][2017-10-17T09:49:42] Timestamp updated for file 'C:\Program Files (x86)\Microsoft Visual Studio\2017\Community\Common7\IDE\Extensions\Microsoft\Web Tools Azure\Microsoft.Threading.Tasks.Extensions.dll'.
[0b00:0004][2017-10-17T09:49:42] Processing file /Contents/Common7/IDE/Extensions/Microsoft/Web%20Tools%20Azure/Microsoft.VisualStudio.Azure.RESTAPIClient.Contracts.dll
[0b00:0004][2017-10-17T09:49:42] Started: Copying file /Contents/Common7/IDE/Extensions/Microsoft/Web%20Tools%20Azure/Microsoft.VisualStudio.Azure.RESTAPIClient.Contracts.dll to C:\Program Files (x86)\Microsoft Visual Studio\2017\Community\Common7\IDE\Extensions\Microsoft\Web Tools Azure\Microsoft.VisualStudio.Azure.RESTAPIClient.Contracts.dll
[0b00:0004][2017-10-17T09:49:42] Completed: Copying file /Contents/Common7/IDE/Extensions/Microsoft/Web%20Tools%20Azure/Microsoft.VisualStudio.Azure.RESTAPIClient.Contracts.dll to C:\Program Files (x86)\Microsoft Visual Studio\2017\Community\Common7\IDE\Extensions\Microsoft\Web Tools Azure\Microsoft.VisualStudio.Azure.RESTAPIClient.Contracts.dll
[0b00:0004][2017-10-17T09:49:42] Timestamp updated for file 'C:\Program Files (x86)\Microsoft Visual Studio\2017\Community\Common7\IDE\Extensions\Microsoft\Web Tools Azure\Microsoft.VisualStudio.Azure.RESTAPIClient.Contracts.dll'.
[0b00:0004][2017-10-17T09:49:42] Processing file /Contents/Common7/IDE/Extensions/Microsoft/Web%20Tools%20Azure/Microsoft.VisualStudio.Web.Azure.dll
[0b00:0004][2017-10-17T09:49:42] Started: Copying file /Contents/Common7/IDE/Extensions/Microsoft/Web%20Tools%20Azure/Microsoft.VisualStudio.Web.Azure.dll to C:\Program Files (x86)\Microsoft Visual Studio\2017\Community\Common7\IDE\Extensions\Microsoft\Web Tools Azure\Microsoft.VisualStudio.Web.Azure.dll
[0b00:0004][2017-10-17T09:49:42] Completed: Copying file /Contents/Common7/IDE/Extensions/Microsoft/Web%20Tools%20Azure/Microsoft.VisualStudio.Web.Azure.dll to C:\Program Files (x86)\Microsoft Visual Studio\2017\Community\Common7\IDE\Extensions\Microsoft\Web Tools Azure\Microsoft.VisualStudio.Web.Azure.dll
[0b00:0004][2017-10-17T09:49:42] Timestamp updated for file 'C:\Program Files (x86)\Microsoft Visual Studio\2017\Community\Common7\IDE\Extensions\Microsoft\Web Tools Azure\Microsoft.VisualStudio.Web.Azure.dll'.
[0b00:0004][2017-10-17T09:49:42] Processing file /Contents/Common7/IDE/Extensions/Microsoft/Web%20Tools%20Azure/Microsoft.VisualStudio.Web.Azure.MicrosoftWeb.Operations.dll
[0b00:0004][2017-10-17T09:49:42] Started: Copying file /Contents/Common7/IDE/Extensions/Microsoft/Web%20Tools%20Azure/Microsoft.VisualStudio.Web.Azure.MicrosoftWeb.Operations.dll to C:\Program Files (x86)\Microsoft Visual Studio\2017\Community\Common7\IDE\Extensions\Microsoft\Web Tools Azure\Microsoft.VisualStudio.Web.Azure.MicrosoftWeb.Operations.dll
[0b00:0004][2017-10-17T09:49:42] Completed: Copying file /Contents/Common7/IDE/Extensions/Microsoft/Web%20Tools%20Azure/Microsoft.VisualStudio.Web.Azure.MicrosoftWeb.Operations.dll to C:\Program Files (x86)\Microsoft Visual Studio\2017\Community\Common7\IDE\Extensions\Microsoft\Web Tools Azure\Microsoft.VisualStudio.Web.Azure.MicrosoftWeb.Operations.dll
[0b00:0004][2017-10-17T09:49:42] Timestamp updated for file 'C:\Program Files (x86)\Microsoft Visual Studio\2017\Community\Common7\IDE\Extensions\Microsoft\Web Tools Azure\Microsoft.VisualStudio.Web.Azure.MicrosoftWeb.Operations.dll'.
[0b00:0004][2017-10-17T09:49:42] Processing file /Contents/Common7/IDE/Extensions/Microsoft/Web%20Tools%20Azure/Microsoft.VisualStudio.Web.Azure.pkgdef
[0b00:0004][2017-10-17T09:49:42] Started: Copying file /Contents/Common7/IDE/Extensions/Microsoft/Web%20Tools%20Azure/Microsoft.VisualStudio.Web.Azure.pkgdef to C:\Program Files (x86)\Microsoft Visual Studio\2017\Community\Common7\IDE\Extensions\Microsoft\Web Tools Azure\Microsoft.VisualStudio.Web.Azure.pkgdef
[0b00:0004][2017-10-17T09:49:42] Completed: Copying file /Contents/Common7/IDE/Extensions/Microsoft/Web%20Tools%20Azure/Microsoft.VisualStudio.Web.Azure.pkgdef to C:\Program Files (x86)\Microsoft Visual Studio\2017\Community\Common7\IDE\Extensions\Microsoft\Web Tools Azure\Microsoft.VisualStudio.Web.Azure.pkgdef
[0b00:0004][2017-10-17T09:49:42] Timestamp updated for file 'C:\Program Files (x86)\Microsoft Visual Studio\2017\Community\Common7\IDE\Extensions\Microsoft\Web Tools Azure\Microsoft.VisualStudio.Web.Azure.pkgdef'.
[0b00:0004][2017-10-17T09:49:42] Processing file /Contents/Common7/IDE/Extensions/Microsoft/Web%20Tools%20Azure/Microsoft.VisualStudio.Web.Azure.Publish.dll
[0b00:0004][2017-10-17T09:49:42] Started: Copying file /Contents/Common7/IDE/Extensions/Microsoft/Web%20Tools%20Azure/Microsoft.VisualStudio.Web.Azure.Publish.dll to C:\Program Files (x86)\Microsoft Visual Studio\2017\Community\Common7\IDE\Extensions\Microsoft\Web Tools Azure\Microsoft.VisualStudio.Web.Azure.Publish.dll
[0b00:0004][2017-10-17T09:49:42] Completed: Copying file /Contents/Common7/IDE/Extensions/Microsoft/Web%20Tools%20Azure/Microsoft.VisualStudio.Web.Azure.Publish.dll to C:\Program Files (x86)\Microsoft Visual Studio\2017\Community\Common7\IDE\Extensions\Microsoft\Web Tools Azure\Microsoft.VisualStudio.Web.Azure.Publish.dll
[0b00:0004][2017-10-17T09:49:42] Timestamp updated for file 'C:\Program Files (x86)\Microsoft Visual Studio\2017\Community\Common7\IDE\Extensions\Microsoft\Web Tools Azure\Microsoft.VisualStudio.Web.Azure.Publish.dll'.
[0b00:0004][2017-10-17T09:49:42] Processing file /Contents/Common7/IDE/Extensions/Microsoft/Web%20Tools%20Azure/Microsoft.VisualStudio.Web.Internal.Contracts.dll
[0b00:0004][2017-10-17T09:49:42] Started: Copying file /Contents/Common7/IDE/Extensions/Microsoft/Web%20Tools%20Azure/Microsoft.VisualStudio.Web.Internal.Contracts.dll to C:\Program Files (x86)\Microsoft Visual Studio\2017\Community\Common7\IDE\Extensions\Microsoft\Web Tools Azure\Microsoft.VisualStudio.Web.Internal.Contracts.dll
[0b00:0004][2017-10-17T09:49:42] Completed: Copying file /Contents/Common7/IDE/Extensions/Microsoft/Web%20Tools%20Azure/Microsoft.VisualStudio.Web.Internal.Contracts.dll to C:\Program Files (x86)\Microsoft Visual Studio\2017\Community\Common7\IDE\Extensions\Microsoft\Web Tools Azure\Microsoft.VisualStudio.Web.Internal.Contracts.dll
[0b00:0004][2017-10-17T09:49:42] Timestamp updated for file 'C:\Program Files (x86)\Microsoft Visual Studio\2017\Community\Common7\IDE\Extensions\Microsoft\Web Tools Azure\Microsoft.VisualStudio.Web.Internal.Contracts.dll'.
[0b00:0004][2017-10-17T09:49:42] Processing file /Contents/Common7/IDE/Extensions/Microsoft/Web%20Tools%20Azure/Microsoft.VisualStudio.Web.RESTAPIClient.dll
[0b00:0004][2017-10-17T09:49:42] Started: Copying file /Contents/Common7/IDE/Extensions/Microsoft/Web%20Tools%20Azure/Microsoft.VisualStudio.Web.RESTAPIClient.dll to C:\Program Files (x86)\Microsoft Visual Studio\2017\Community\Common7\IDE\Extensions\Microsoft\Web Tools Azure\Microsoft.VisualStudio.Web.RESTAPIClient.dll
[0b00:0004][2017-10-17T09:49:42] Completed: Copying file /Contents/Common7/IDE/Extensions/Microsoft/Web%20Tools%20Azure/Microsoft.VisualStudio.Web.RESTAPIClient.dll to C:\Program Files (x86)\Microsoft Visual Studio\2017\Community\Common7\IDE\Extensions\Microsoft\Web Tools Azure\Microsoft.VisualStudio.Web.RESTAPIClient.dll
[0b00:0004][2017-10-17T09:49:42] Timestamp updated for file 'C:\Program Files (x86)\Microsoft Visual Studio\2017\Community\Common7\IDE\Extensions\Microsoft\Web Tools Azure\Microsoft.VisualStudio.Web.RESTAPIClient.dll'.
[0b00:0004][2017-10-17T09:49:42] Processing file /Contents/Common7/IDE/Extensions/Microsoft/Web%20Tools%20Azure/Microsoft.VisualStudio.Web.WindowsAzure.Contracts.dll
[0b00:0004][2017-10-17T09:49:42] Started: Copying file /Contents/Common7/IDE/Extensions/Microsoft/Web%20Tools%20Azure/Microsoft.VisualStudio.Web.WindowsAzure.Contracts.dll to C:\Program Files (x86)\Microsoft Visual Studio\2017\Community\Common7\IDE\Extensions\Microsoft\Web Tools Azure\Microsoft.VisualStudio.Web.WindowsAzure.Contracts.dll
[0b00:0004][2017-10-17T09:49:42] Completed: Copying file /Contents/Common7/IDE/Extensions/Microsoft/Web%20Tools%20Azure/Microsoft.VisualStudio.Web.WindowsAzure.Contracts.dll to C:\Program Files (x86)\Microsoft Visual Studio\2017\Community\Common7\IDE\Extensions\Microsoft\Web Tools Azure\Microsoft.VisualStudio.Web.WindowsAzure.Contracts.dll
[0b00:0004][2017-10-17T09:49:42] Timestamp updated for file 'C:\Program Files (x86)\Microsoft Visual Studio\2017\Community\Common7\IDE\Extensions\Microsoft\Web Tools Azure\Microsoft.VisualStudio.Web.WindowsAzure.Contracts.dll'.
[0b00:0004][2017-10-17T09:49:42] Processing file /Contents/Common7/IDE/Extensions/Microsoft/Web%20Tools%20Azure/Microsoft.VisualStudio.Web.WindowsAzure.Explorer.dll
[0b00:0004][2017-10-17T09:49:42] Started: Copying file /Contents/Common7/IDE/Extensions/Microsoft/Web%20Tools%20Azure/Microsoft.VisualStudio.Web.WindowsAzure.Explorer.dll to C:\Program Files (x86)\Microsoft Visual Studio\2017\Community\Common7\IDE\Extensions\Microsoft\Web Tools Azure\Microsoft.VisualStudio.Web.WindowsAzure.Explorer.dll
[0b00:0004][2017-10-17T09:49:42] Completed: Copying file /Contents/Common7/IDE/Extensions/Microsoft/Web%20Tools%20Azure/Microsoft.VisualStudio.Web.WindowsAzure.Explorer.dll to C:\Program Files (x86)\Microsoft Visual Studio\2017\Community\Common7\IDE\Extensions\Microsoft\Web Tools Azure\Microsoft.VisualStudio.Web.WindowsAzure.Explorer.dll
[0b00:0004][2017-10-17T09:49:42] Timestamp updated for file 'C:\Program Files (x86)\Microsoft Visual Studio\2017\Community\Common7\IDE\Extensions\Microsoft\Web Tools Azure\Microsoft.VisualStudio.Web.WindowsAzure.Explorer.dll'.
[0b00:0004][2017-10-17T09:49:42] Processing file /Contents/Common7/IDE/Extensions/Microsoft/Web%20Tools%20Azure/Microsoft.VisualStudio.Web.WindowsAzure.Impl.dll
[0b00:0004][2017-10-17T09:49:42] Started: Copying file /Contents/Common7/IDE/Extensions/Microsoft/Web%20Tools%20Azure/Microsoft.VisualStudio.Web.WindowsAzure.Impl.dll to C:\Program Files (x86)\Microsoft Visual Studio\2017\Community\Common7\IDE\Extensions\Microsoft\Web Tools Azure\Microsoft.VisualStudio.Web.WindowsAzure.Impl.dll
[0b00:0004][2017-10-17T09:49:42] Completed: Copying file /Contents/Common7/IDE/Extensions/Microsoft/Web%20Tools%20Azure/Microsoft.VisualStudio.Web.WindowsAzure.Impl.dll to C:\Program Files (x86)\Microsoft Visual Studio\2017\Community\Common7\IDE\Extensions\Microsoft\Web Tools Azure\Microsoft.VisualStudio.Web.WindowsAzure.Impl.dll
[0b00:0004][2017-10-17T09:49:42] Timestamp updated for file 'C:\Program Files (x86)\Microsoft Visual Studio\2017\Community\Common7\IDE\Extensions\Microsoft\Web Tools Azure\Microsoft.VisualStudio.Web.WindowsAzure.Impl.dll'.
[0b00:0004][2017-10-17T09:49:42] Processing file /Contents/Common7/IDE/Extensions/Microsoft/Web%20Tools%20Azure/Microsoft.VisualStudio.Web.WindowsAzure.pkgdef
[0b00:0004][2017-10-17T09:49:42] Started: Copying file /Contents/Common7/IDE/Extensions/Microsoft/Web%20Tools%20Azure/Microsoft.VisualStudio.Web.WindowsAzure.pkgdef to C:\Program Files (x86)\Microsoft Visual Studio\2017\Community\Common7\IDE\Extensions\Microsoft\Web Tools Azure\Microsoft.VisualStudio.Web.WindowsAzure.pkgdef
[0b00:0004][2017-10-17T09:49:42] Completed: Copying file /Contents/Common7/IDE/Extensions/Microsoft/Web%20Tools%20Azure/Microsoft.VisualStudio.Web.WindowsAzure.pkgdef to C:\Program Files (x86)\Microsoft Visual Studio\2017\Community\Common7\IDE\Extensions\Microsoft\Web Tools Azure\Microsoft.VisualStudio.Web.WindowsAzure.pkgdef
[0b00:0004][2017-10-17T09:49:42] Timestamp updated for file 'C:\Program Files (x86)\Microsoft Visual Studio\2017\Community\Common7\IDE\Extensions\Microsoft\Web Tools Azure\Microsoft.VisualStudio.Web.WindowsAzure.pkgdef'.
[0b00:0004][2017-10-17T09:49:42] Processing file /Contents/Common7/IDE/Extensions/Microsoft/Web%20Tools%20Azure/Microsoft.VisualStudio.WindowsAzure.Contracts.2.3.dll
[0b00:0004][2017-10-17T09:49:42] Started: Copying file /Contents/Common7/IDE/Extensions/Microsoft/Web%20Tools%20Azure/Microsoft.VisualStudio.WindowsAzure.Contracts.2.3.dll to C:\Program Files (x86)\Microsoft Visual Studio\2017\Community\Common7\IDE\Extensions\Microsoft\Web Tools Azure\Microsoft.VisualStudio.WindowsAzure.Contracts.2.3.dll
[0b00:0004][2017-10-17T09:49:42] Completed: Copying file /Contents/Common7/IDE/Extensions/Microsoft/Web%20Tools%20Azure/Microsoft.VisualStudio.WindowsAzure.Contracts.2.3.dll to C:\Program Files (x86)\Microsoft Visual Studio\2017\Community\Common7\IDE\Extensions\Microsoft\Web Tools Azure\Microsoft.VisualStudio.WindowsAzure.Contracts.2.3.dll
[0b00:0004][2017-10-17T09:49:42] Timestamp updated for file 'C:\Program Files (x86)\Microsoft Visual Studio\2017\Community\Common7\IDE\Extensions\Microsoft\Web Tools Azure\Microsoft.VisualStudio.WindowsAzure.Contracts.2.3.dll'.
[0b00:0004][2017-10-17T09:49:42] Processing file /Contents/Common7/IDE/Extensions/Microsoft/Web%20Tools%20Azure/Microsoft.VisualStudio.WindowsAzure.Services.Contracts.1.0.dll
[0b00:0004][2017-10-17T09:49:42] Started: Copying file /Contents/Common7/IDE/Extensions/Microsoft/Web%20Tools%20Azure/Microsoft.VisualStudio.WindowsAzure.Services.Contracts.1.0.dll to C:\Program Files (x86)\Microsoft Visual Studio\2017\Community\Common7\IDE\Extensions\Microsoft\Web Tools Azure\Microsoft.VisualStudio.WindowsAzure.Services.Contracts.1.0.dll
[0b00:0004][2017-10-17T09:49:42] Completed: Copying file /Contents/Common7/IDE/Extensions/Microsoft/Web%20Tools%20Azure/Microsoft.VisualStudio.WindowsAzure.Services.Contracts.1.0.dll to C:\Program Files (x86)\Microsoft Visual Studio\2017\Community\Common7\IDE\Extensions\Microsoft\Web Tools Azure\Microsoft.VisualStudio.WindowsAzure.Services.Contracts.1.0.dll
[0b00:0004][2017-10-17T09:49:42] Timestamp updated for file 'C:\Program Files (x86)\Microsoft Visual Studio\2017\Community\Common7\IDE\Extensions\Microsoft\Web Tools Azure\Microsoft.VisualStudio.WindowsAzure.Services.Contracts.1.0.dll'.
[0b00:0004][2017-10-17T09:49:42] Processing file /Contents/Common7/IDE/Extensions/Microsoft/Web%20Tools%20Azure/Microsoft.WindowsAzure.Common.dll
[0b00:0004][2017-10-17T09:49:42] Started: Copying file /Contents/Common7/IDE/Extensions/Microsoft/Web%20Tools%20Azure/Microsoft.WindowsAzure.Common.dll to C:\Program Files (x86)\Microsoft Visual Studio\2017\Community\Common7\IDE\Extensions\Microsoft\Web Tools Azure\Microsoft.WindowsAzure.Common.dll
[0b00:0004][2017-10-17T09:49:42] Completed: Copying file /Contents/Common7/IDE/Extensions/Microsoft/Web%20Tools%20Azure/Microsoft.WindowsAzure.Common.dll to C:\Program Files (x86)\Microsoft Visual Studio\2017\Community\Common7\IDE\Extensions\Microsoft\Web Tools Azure\Microsoft.WindowsAzure.Common.dll
[0b00:0004][2017-10-17T09:49:42] Timestamp updated for file 'C:\Program Files (x86)\Microsoft Visual Studio\2017\Community\Common7\IDE\Extensions\Microsoft\Web Tools Azure\Microsoft.WindowsAzure.Common.dll'.
[0b00:0004][2017-10-17T09:49:42] Processing file /Contents/Common7/IDE/Extensions/Microsoft/Web%20Tools%20Azure/Microsoft.WindowsAzure.Common.NetFramework.dll
[0b00:0004][2017-10-17T09:49:42] Started: Copying file /Contents/Common7/IDE/Extensions/Microsoft/Web%20Tools%20Azure/Microsoft.WindowsAzure.Common.NetFramework.dll to C:\Program Files (x86)\Microsoft Visual Studio\2017\Community\Common7\IDE\Extensions\Microsoft\Web Tools Azure\Microsoft.WindowsAzure.Common.NetFramework.dll
[0b00:0004][2017-10-17T09:49:42] Completed: Copying file /Contents/Common7/IDE/Extensions/Microsoft/Web%20Tools%20Azure/Microsoft.WindowsAzure.Common.NetFramework.dll to C:\Program Files (x86)\Microsoft Visual Studio\2017\Community\Common7\IDE\Extensions\Microsoft\Web Tools Azure\Microsoft.WindowsAzure.Common.NetFramework.dll
[0b00:0004][2017-10-17T09:49:42] Timestamp updated for file 'C:\Program Files (x86)\Microsoft Visual Studio\2017\Community\Common7\IDE\Extensions\Microsoft\Web Tools Azure\Microsoft.WindowsAzure.Common.NetFramework.dll'.
[0b00:0004][2017-10-17T09:49:42] Processing file /Contents/Common7/IDE/Extensions/Microsoft/Web%20Tools%20Azure/Microsoft.WindowsAzure.Management.dll
[0b00:0004][2017-10-17T09:49:42] Started: Copying file /Contents/Common7/IDE/Extensions/Microsoft/Web%20Tools%20Azure/Microsoft.WindowsAzure.Management.dll to C:\Program Files (x86)\Microsoft Visual Studio\2017\Community\Common7\IDE\Extensions\Microsoft\Web Tools Azure\Microsoft.WindowsAzure.Management.dll
[0b00:0004][2017-10-17T09:49:42] Completed: Copying file /Contents/Common7/IDE/Extensions/Microsoft/Web%20Tools%20Azure/Microsoft.WindowsAzure.Management.dll to C:\Program Files (x86)\Microsoft Visual Studio\2017\Community\Common7\IDE\Extensions\Microsoft\Web Tools Azure\Microsoft.WindowsAzure.Management.dll
[0b00:0004][2017-10-17T09:49:42] Timestamp updated for file 'C:\Program Files (x86)\Microsoft Visual Studio\2017\Community\Common7\IDE\Extensions\Microsoft\Web Tools Azure\Microsoft.WindowsAzure.Management.dll'.
[0b00:0004][2017-10-17T09:49:42] Processing file /Contents/Common7/IDE/Extensions/Microsoft/Web%20Tools%20Azure/Microsoft.WindowsAzure.Management.WebSites.dll
[0b00:0004][2017-10-17T09:49:42] Started: Copying file /Contents/Common7/IDE/Extensions/Microsoft/Web%20Tools%20Azure/Microsoft.WindowsAzure.Management.WebSites.dll to C:\Program Files (x86)\Microsoft Visual Studio\2017\Community\Common7\IDE\Extensions\Microsoft\Web Tools Azure\Microsoft.WindowsAzure.Management.WebSites.dll
[0b00:0004][2017-10-17T09:49:42] Completed: Copying file /Contents/Common7/IDE/Extensions/Microsoft/Web%20Tools%20Azure/Microsoft.WindowsAzure.Management.WebSites.dll to C:\Program Files (x86)\Microsoft Visual Studio\2017\Community\Common7\IDE\Extensions\Microsoft\Web Tools Azure\Microsoft.WindowsAzure.Management.WebSites.dll
[0b00:0004][2017-10-17T09:49:42] Timestamp updated for file 'C:\Program Files (x86)\Microsoft Visual Studio\2017\Community\Common7\IDE\Extensions\Microsoft\Web Tools Azure\Microsoft.WindowsAzure.Management.WebSites.dll'.
[0b00:0004][2017-10-17T09:49:42] Processing file /Contents/Common7/IDE/Extensions/Microsoft/Web%20Tools%20Azure/Microsoft.WindowsAzure.Storage.dll
[0b00:0004][2017-10-17T09:49:42] Started: Copying file /Contents/Common7/IDE/Extensions/Microsoft/Web%20Tools%20Azure/Microsoft.WindowsAzure.Storage.dll to C:\Program Files (x86)\Microsoft Visual Studio\2017\Community\Common7\IDE\Extensions\Microsoft\Web Tools Azure\Microsoft.WindowsAzure.Storage.dll
[0b00:0004][2017-10-17T09:49:42] Completed: Copying file /Contents/Common7/IDE/Extensions/Microsoft/Web%20Tools%20Azure/Microsoft.WindowsAzure.Storage.dll to C:\Program Files (x86)\Microsoft Visual Studio\2017\Community\Common7\IDE\Extensions\Microsoft\Web Tools Azure\Microsoft.WindowsAzure.Storage.dll
[0b00:0004][2017-10-17T09:49:42] Timestamp updated for file 'C:\Program Files (x86)\Microsoft Visual Studio\2017\Community\Common7\IDE\Extensions\Microsoft\Web Tools Azure\Microsoft.WindowsAzure.Storage.dll'.
[0b00:0004][2017-10-17T09:49:42] Processing file /Contents/Common7/IDE/Extensions/Microsoft/Web%20Tools%20Azure/Publish/AutoRest.Core.dll
[0b00:0004][2017-10-17T09:49:42] Started: Copying file /Contents/Common7/IDE/Extensions/Microsoft/Web%20Tools%20Azure/Publish/AutoRest.Core.dll to C:\Program Files (x86)\Microsoft Visual Studio\2017\Community\Common7\IDE\Extensions\Microsoft\Web Tools Azure\Publish\AutoRest.Core.dll
[0b00:0004][2017-10-17T09:49:42] Completed: Copying file /Contents/Common7/IDE/Extensions/Microsoft/Web%20Tools%20Azure/Publish/AutoRest.Core.dll to C:\Program Files (x86)\Microsoft Visual Studio\2017\Community\Common7\IDE\Extensions\Microsoft\Web Tools Azure\Publish\AutoRest.Core.dll
[0b00:0004][2017-10-17T09:49:42] Timestamp updated for file 'C:\Program Files (x86)\Microsoft Visual Studio\2017\Community\Common7\IDE\Extensions\Microsoft\Web Tools Azure\Publish\AutoRest.Core.dll'.
[0b00:0004][2017-10-17T09:49:42] Processing file /Contents/Common7/IDE/Extensions/Microsoft/Web%20Tools%20Azure/Publish/AutoRest.Generator.CSharp.dll
[0b00:0004][2017-10-17T09:49:42] Started: Copying file /Contents/Common7/IDE/Extensions/Microsoft/Web%20Tools%20Azure/Publish/AutoRest.Generator.CSharp.dll to C:\Program Files (x86)\Microsoft Visual Studio\2017\Community\Common7\IDE\Extensions\Microsoft\Web Tools Azure\Publish\AutoRest.Generator.CSharp.dll
[0b00:0004][2017-10-17T09:49:42] Completed: Copying file /Contents/Common7/IDE/Extensions/Microsoft/Web%20Tools%20Azure/Publish/AutoRest.Generator.CSharp.dll to C:\Program Files (x86)\Microsoft Visual Studio\2017\Community\Common7\IDE\Extensions\Microsoft\Web Tools Azure\Publish\AutoRest.Generator.CSharp.dll
[0b00:0004][2017-10-17T09:49:42] Timestamp updated for file 'C:\Program Files (x86)\Microsoft Visual Studio\2017\Community\Common7\IDE\Extensions\Microsoft\Web Tools Azure\Publish\AutoRest.Generator.CSharp.dll'.
[0b00:0004][2017-10-17T09:49:42] Processing file /Contents/Common7/IDE/Extensions/Microsoft/Web%20Tools%20Azure/Publish/AutoRest.Generator.Extensions.dll
[0b00:0004][2017-10-17T09:49:42] Started: Copying file /Contents/Common7/IDE/Extensions/Microsoft/Web%20Tools%20Azure/Publish/AutoRest.Generator.Extensions.dll to C:\Program Files (x86)\Microsoft Visual Studio\2017\Community\Common7\IDE\Extensions\Microsoft\Web Tools Azure\Publish\AutoRest.Generator.Extensions.dll
[0b00:0004][2017-10-17T09:49:42] Completed: Copying file /Contents/Common7/IDE/Extensions/Microsoft/Web%20Tools%20Azure/Publish/AutoRest.Generator.Extensions.dll to C:\Program Files (x86)\Microsoft Visual Studio\2017\Community\Common7\IDE\Extensions\Microsoft\Web Tools Azure\Publish\AutoRest.Generator.Extensions.dll
[0b00:0004][2017-10-17T09:49:42] Timestamp updated for file 'C:\Program Files (x86)\Microsoft Visual Studio\2017\Community\Common7\IDE\Extensions\Microsoft\Web Tools Azure\Publish\AutoRest.Generator.Extensions.dll'.
[0b00:0004][2017-10-17T09:49:42] Processing file /Contents/Common7/IDE/Extensions/Microsoft/Web%20Tools%20Azure/Publish/AutoRest.json
[0b00:0004][2017-10-17T09:49:42] Started: Copying file /Contents/Common7/IDE/Extensions/Microsoft/Web%20Tools%20Azure/Publish/AutoRest.json to C:\Program Files (x86)\Microsoft Visual Studio\2017\Community\Common7\IDE\Extensions\Microsoft\Web Tools Azure\Publish\AutoRest.json
[0b00:0004][2017-10-17T09:49:42] Completed: Copying file /Contents/Common7/IDE/Extensions/Microsoft/Web%20Tools%20Azure/Publish/AutoRest.json to C:\Program Files (x86)\Microsoft Visual Studio\2017\Community\Common7\IDE\Extensions\Microsoft\Web Tools Azure\Publish\AutoRest.json
[0b00:0004][2017-10-17T09:49:42] Timestamp updated for file 'C:\Program Files (x86)\Microsoft Visual Studio\2017\Community\Common7\IDE\Extensions\Microsoft\Web Tools Azure\Publish\AutoRest.json'.
[0b00:0004][2017-10-17T09:49:42] Processing file /Contents/Common7/IDE/Extensions/Microsoft/Web%20Tools%20Azure/Publish/AutoRest.Modeler.Swagger.dll
[0b00:0004][2017-10-17T09:49:42] Started: Copying file /Contents/Common7/IDE/Extensions/Microsoft/Web%20Tools%20Azure/Publish/AutoRest.Modeler.Swagger.dll to C:\Program Files (x86)\Microsoft Visual Studio\2017\Community\Common7\IDE\Extensions\Microsoft\Web Tools Azure\Publish\AutoRest.Modeler.Swagger.dll
[0b00:0004][2017-10-17T09:49:42] Completed: Copying file /Contents/Common7/IDE/Extensions/Microsoft/Web%20Tools%20Azure/Publish/AutoRest.Modeler.Swagger.dll to C:\Program Files (x86)\Microsoft Visual Studio\2017\Community\Common7\IDE\Extensions\Microsoft\Web Tools Azure\Publish\AutoRest.Modeler.Swagger.dll
[0b00:0004][2017-10-17T09:49:42] Timestamp updated for file 'C:\Program Files (x86)\Microsoft Visual Studio\2017\Community\Common7\IDE\Extensions\Microsoft\Web Tools Azure\Publish\AutoRest.Modeler.Swagger.dll'.
[0b00:0004][2017-10-17T09:49:42] Processing file /Contents/Common7/IDE/Extensions/Microsoft/Web%20Tools%20Azure/System.Spatial.dll
[0b00:0004][2017-10-17T09:49:42] Started: Copying file /Contents/Common7/IDE/Extensions/Microsoft/Web%20Tools%20Azure/System.Spatial.dll to C:\Program Files (x86)\Microsoft Visual Studio\2017\Community\Common7\IDE\Extensions\Microsoft\Web Tools Azure\System.Spatial.dll
[0b00:0004][2017-10-17T09:49:42] Completed: Copying file /Contents/Common7/IDE/Extensions/Microsoft/Web%20Tools%20Azure/System.Spatial.dll to C:\Program Files (x86)\Microsoft Visual Studio\2017\Community\Common7\IDE\Extensions\Microsoft\Web Tools Azure\System.Spatial.dll
[0b00:0004][2017-10-17T09:49:42] Timestamp updated for file 'C:\Program Files (x86)\Microsoft Visual Studio\2017\Community\Common7\IDE\Extensions\Microsoft\Web Tools Azure\System.Spatial.dll'.
[0b00:0004][2017-10-17T09:49:42] Processing file /Contents/Common7/IDE/Extensions/Microsoft/Web%20Tools%20Azure/Templates.pkgdef
[0b00:0004][2017-10-17T09:49:42] Started: Copying file /Contents/Common7/IDE/Extensions/Microsoft/Web%20Tools%20Azure/Templates.pkgdef to C:\Program Files (x86)\Microsoft Visual Studio\2017\Community\Common7\IDE\Extensions\Microsoft\Web Tools Azure\Templates.pkgdef
[0b00:0004][2017-10-17T09:49:42] Completed: Copying file /Contents/Common7/IDE/Extensions/Microsoft/Web%20Tools%20Azure/Templates.pkgdef to C:\Program Files (x86)\Microsoft Visual Studio\2017\Community\Common7\IDE\Extensions\Microsoft\Web Tools Azure\Templates.pkgdef
[0b00:0004][2017-10-17T09:49:42] Timestamp updated for file 'C:\Program Files (x86)\Microsoft Visual Studio\2017\Community\Common7\IDE\Extensions\Microsoft\Web Tools Azure\Templates.pkgdef'.
[0b00:0004][2017-10-17T09:49:42] Processing file /Contents/Common7/IDE/Extensions/Microsoft/Web%20Tools%20Azure/WebConfiguration.png
[0b00:0004][2017-10-17T09:49:42] Started: Copying file /Contents/Common7/IDE/Extensions/Microsoft/Web%20Tools%20Azure/WebConfiguration.png to C:\Program Files (x86)\Microsoft Visual Studio\2017\Community\Common7\IDE\Extensions\Microsoft\Web Tools Azure\WebConfiguration.png
[0b00:0004][2017-10-17T09:49:42] Completed: Copying file /Contents/Common7/IDE/Extensions/Microsoft/Web%20Tools%20Azure/WebConfiguration.png to C:\Program Files (x86)\Microsoft Visual Studio\2017\Community\Common7\IDE\Extensions\Microsoft\Web Tools Azure\WebConfiguration.png
[0b00:0004][2017-10-17T09:49:42] Timestamp updated for file 'C:\Program Files (x86)\Microsoft Visual Studio\2017\Community\Common7\IDE\Extensions\Microsoft\Web Tools Azure\WebConfiguration.png'.
[0b00:0004][2017-10-17T09:49:42] Processing file /Contents/Common7/IDE/Extensions/Microsoft/Web%20Tools%20Azure/WebConfigurationPreview.png
[0b00:0004][2017-10-17T09:49:42] Started: Copying file /Contents/Common7/IDE/Extensions/Microsoft/Web%20Tools%20Azure/WebConfigurationPreview.png to C:\Program Files (x86)\Microsoft Visual Studio\2017\Community\Common7\IDE\Extensions\Microsoft\Web Tools Azure\WebConfigurationPreview.png
[0b00:0004][2017-10-17T09:49:42] Completed: Copying file /Contents/Common7/IDE/Extensions/Microsoft/Web%20Tools%20Azure/WebConfigurationPreview.png to C:\Program Files (x86)\Microsoft Visual Studio\2017\Community\Common7\IDE\Extensions\Microsoft\Web Tools Azure\WebConfigurationPreview.png
[0b00:0004][2017-10-17T09:49:42] Timestamp updated for file 'C:\Program Files (x86)\Microsoft Visual Studio\2017\Community\Common7\IDE\Extensions\Microsoft\Web Tools Azure\WebConfigurationPreview.png'.
[0b00:0004][2017-10-17T09:49:42] Processing file /Contents/Common7/IDE/WebTemplates/AzureAppService/CSharp/1033/AzureAPIApplication/App_Start/SwaggerConfig.cs
[0b00:0004][2017-10-17T09:49:42] Started: Copying file /Contents/Common7/IDE/WebTemplates/AzureAppService/CSharp/1033/AzureAPIApplication/App_Start/SwaggerConfig.cs to C:\Program Files (x86)\Microsoft Visual Studio\2017\Community\Common7\IDE\WebTemplates\AzureAppService\CSharp\1033\AzureAPIApplication\App_Start\SwaggerConfig.cs
[0b00:0004][2017-10-17T09:49:42] Completed: Copying file /Contents/Common7/IDE/WebTemplates/AzureAppService/CSharp/1033/AzureAPIApplication/App_Start/SwaggerConfig.cs to C:\Program Files (x86)\Microsoft Visual Studio\2017\Community\Common7\IDE\WebTemplates\AzureAppService\CSharp\1033\AzureAPIApplication\App_Start\SwaggerConfig.cs
[0b00:0004][2017-10-17T09:49:42] Timestamp updated for file 'C:\Program Files (x86)\Microsoft Visual Studio\2017\Community\Common7\IDE\WebTemplates\AzureAppService\CSharp\1033\AzureAPIApplication\App_Start\SwaggerConfig.cs'.
[0b00:0004][2017-10-17T09:49:42] Processing file /Contents/Common7/IDE/WebTemplates/AzureAppService/CSharp/1033/AzureAPIApplication/App_Start/WebApiConfig.cs
[0b00:0004][2017-10-17T09:49:42] Started: Copying file /Contents/Common7/IDE/WebTemplates/AzureAppService/CSharp/1033/AzureAPIApplication/App_Start/WebApiConfig.cs to C:\Program Files (x86)\Microsoft Visual Studio\2017\Community\Common7\IDE\WebTemplates\AzureAppService\CSharp\1033\AzureAPIApplication\App_Start\WebApiConfig.cs
[0b00:0004][2017-10-17T09:49:42] Completed: Copying file /Contents/Common7/IDE/WebTemplates/AzureAppService/CSharp/1033/AzureAPIApplication/App_Start/WebApiConfig.cs to C:\Program Files (x86)\Microsoft Visual Studio\2017\Community\Common7\IDE\WebTemplates\AzureAppService\CSharp\1033\AzureAPIApplication\App_Start\WebApiConfig.cs
[0b00:0004][2017-10-17T09:49:42] Timestamp updated for file 'C:\Program Files (x86)\Microsoft Visual Studio\2017\Community\Common7\IDE\WebTemplates\AzureAppService\CSharp\1033\AzureAPIApplication\App_Start\WebApiConfig.cs'.
[0b00:0004][2017-10-17T09:49:42] Processing file /Contents/Common7/IDE/WebTemplates/AzureAppService/CSharp/1033/AzureAPIApplication/AzureAPIApplication.15.vstemplate
[0b00:0004][2017-10-17T09:49:42] Started: Copying file /Contents/Common7/IDE/WebTemplates/AzureAppService/CSharp/1033/AzureAPIApplication/AzureAPIApplication.15.vstemplate to C:\Program Files (x86)\Microsoft Visual Studio\2017\Community\Common7\IDE\WebTemplates\AzureAppService\CSharp\1033\AzureAPIApplication\AzureAPIApplication.15.vstemplate
[0b00:0004][2017-10-17T09:49:42] Completed: Copying file /Contents/Common7/IDE/WebTemplates/AzureAppService/CSharp/1033/AzureAPIApplication/AzureAPIApplication.15.vstemplate to C:\Program Files (x86)\Microsoft Visual Studio\2017\Community\Common7\IDE\WebTemplates\AzureAppService\CSharp\1033\AzureAPIApplication\AzureAPIApplication.15.vstemplate
[0b00:0004][2017-10-17T09:49:42] Timestamp updated for file 'C:\Program Files (x86)\Microsoft Visual Studio\2017\Community\Common7\IDE\WebTemplates\AzureAppService\CSharp\1033\AzureAPIApplication\AzureAPIApplication.15.vstemplate'.
[0b00:0004][2017-10-17T09:49:42] Processing file /Contents/Common7/IDE/WebTemplates/AzureAppService/CSharp/1033/AzureAPIApplication/AzureAPIApplication.csproj
[0b00:0004][2017-10-17T09:49:42] Started: Copying file /Contents/Common7/IDE/WebTemplates/AzureAppService/CSharp/1033/AzureAPIApplication/AzureAPIApplication.csproj to C:\Program Files (x86)\Microsoft Visual Studio\2017\Community\Common7\IDE\WebTemplates\AzureAppService\CSharp\1033\AzureAPIApplication\AzureAPIApplication.csproj
[0b00:0004][2017-10-17T09:49:42] Completed: Copying file /Contents/Common7/IDE/WebTemplates/AzureAppService/CSharp/1033/AzureAPIApplication/AzureAPIApplication.csproj to C:\Program Files (x86)\Microsoft Visual Studio\2017\Community\Common7\IDE\WebTemplates\AzureAppService\CSharp\1033\AzureAPIApplication\AzureAPIApplication.csproj
[0b00:0004][2017-10-17T09:49:42] Timestamp updated for file 'C:\Program Files (x86)\Microsoft Visual Studio\2017\Community\Common7\IDE\WebTemplates\AzureAppService\CSharp\1033\AzureAPIApplication\AzureAPIApplication.csproj'.
[0b00:0004][2017-10-17T09:49:42] Processing file /Contents/Common7/IDE/WebTemplates/AzureAppService/CSharp/1033/AzureAPIApplication/Controllers/ValuesController.cs
[0b00:0004][2017-10-17T09:49:42] Started: Copying file /Contents/Common7/IDE/WebTemplates/AzureAppService/CSharp/1033/AzureAPIApplication/Controllers/ValuesController.cs to C:\Program Files (x86)\Microsoft Visual Studio\2017\Community\Common7\IDE\WebTemplates\AzureAppService\CSharp\1033\AzureAPIApplication\Controllers\ValuesController.cs
[0b00:0004][2017-10-17T09:49:42] Completed: Copying file /Contents/Common7/IDE/WebTemplates/AzureAppService/CSharp/1033/AzureAPIApplication/Controllers/ValuesController.cs to C:\Program Files (x86)\Microsoft Visual Studio\2017\Community\Common7\IDE\WebTemplates\AzureAppService\CSharp\1033\AzureAPIApplication\Controllers\ValuesController.cs
[0b00:0004][2017-10-17T09:49:42] Timestamp updated for file 'C:\Program Files (x86)\Microsoft Visual Studio\2017\Community\Common7\IDE\WebTemplates\AzureAppService\CSharp\1033\AzureAPIApplication\Controllers\ValuesController.cs'.
[0b00:0004][2017-10-17T09:49:42] Processing file /Contents/Common7/IDE/WebTemplates/AzureAppService/CSharp/1033/AzureAPIApplication/Global.asax
[0b00:0004][2017-10-17T09:49:42] Started: Copying file /Contents/Common7/IDE/WebTemplates/AzureAppService/CSharp/1033/AzureAPIApplication/Global.asax to C:\Program Files (x86)\Microsoft Visual Studio\2017\Community\Common7\IDE\WebTemplates\AzureAppService\CSharp\1033\AzureAPIApplication\Global.asax
[0b00:0004][2017-10-17T09:49:42] Completed: Copying file /Contents/Common7/IDE/WebTemplates/AzureAppService/CSharp/1033/AzureAPIApplication/Global.asax to C:\Program Files (x86)\Microsoft Visual Studio\2017\Community\Common7\IDE\WebTemplates\AzureAppService\CSharp\1033\AzureAPIApplication\Global.asax
[0b00:0004][2017-10-17T09:49:42] Timestamp updated for file 'C:\Program Files (x86)\Microsoft Visual Studio\2017\Community\Common7\IDE\WebTemplates\AzureAppService\CSharp\1033\AzureAPIApplication\Global.asax'.
[0b00:0004][2017-10-17T09:49:42] Processing file /Contents/Common7/IDE/WebTemplates/AzureAppService/CSharp/1033/AzureAPIApplication/Global.asax.cs
[0b00:0004][2017-10-17T09:49:42] Started: Copying file /Contents/Common7/IDE/WebTemplates/AzureAppService/CSharp/1033/AzureAPIApplication/Global.asax.cs to C:\Program Files (x86)\Microsoft Visual Studio\2017\Community\Common7\IDE\WebTemplates\AzureAppService\CSharp\1033\AzureAPIApplication\Global.asax.cs
[0b00:0004][2017-10-17T09:49:42] Completed: Copying file /Contents/Common7/IDE/WebTemplates/AzureAppService/CSharp/1033/AzureAPIApplication/Global.asax.cs to C:\Program Files (x86)\Microsoft Visual Studio\2017\Community\Common7\IDE\WebTemplates\AzureAppService\CSharp\1033\AzureAPIApplication\Global.asax.cs
[0b00:0004][2017-10-17T09:49:42] Timestamp updated for file 'C:\Program Files (x86)\Microsoft Visual Studio\2017\Community\Common7\IDE\WebTemplates\AzureAppService\CSharp\1033\AzureAPIApplication\Global.asax.cs'.
[0b00:0004][2017-10-17T09:49:42] Processing file /Contents/Common7/IDE/WebTemplates/AzureAppService/CSharp/1033/AzureAPIApplication/Properties/AssemblyInfo.cs
[0b00:0004][2017-10-17T09:49:42] Started: Copying file /Contents/Common7/IDE/WebTemplates/AzureAppService/CSharp/1033/AzureAPIApplication/Properties/AssemblyInfo.cs to C:\Program Files (x86)\Microsoft Visual Studio\2017\Community\Common7\IDE\WebTemplates\AzureAppService\CSharp\1033\AzureAPIApplication\Properties\AssemblyInfo.cs
[0b00:0004][2017-10-17T09:49:42] Completed: Copying file /Contents/Common7/IDE/WebTemplates/AzureAppService/CSharp/1033/AzureAPIApplication/Properties/AssemblyInfo.cs to C:\Program Files (x86)\Microsoft Visual Studio\2017\Community\Common7\IDE\WebTemplates\AzureAppService\CSharp\1033\AzureAPIApplication\Properties\AssemblyInfo.cs
[0b00:0004][2017-10-17T09:49:42] Timestamp updated for file 'C:\Program Files (x86)\Microsoft Visual Studio\2017\Community\Common7\IDE\WebTemplates\AzureAppService\CSharp\1033\AzureAPIApplication\Properties\AssemblyInfo.cs'.
[0b00:0004][2017-10-17T09:49:42] Processing file /Contents/Common7/IDE/WebTemplates/AzureAppService/CSharp/1033/AzureAPIApplication/Web.config
[0b00:0004][2017-10-17T09:49:42] Started: Copying file /Contents/Common7/IDE/WebTemplates/AzureAppService/CSharp/1033/AzureAPIApplication/Web.config to C:\Program Files (x86)\Microsoft Visual Studio\2017\Community\Common7\IDE\WebTemplates\AzureAppService\CSharp\1033\AzureAPIApplication\Web.config
[0b00:0004][2017-10-17T09:49:42] Completed: Copying file /Contents/Common7/IDE/WebTemplates/AzureAppService/CSharp/1033/AzureAPIApplication/Web.config to C:\Program Files (x86)\Microsoft Visual Studio\2017\Community\Common7\IDE\WebTemplates\AzureAppService\CSharp\1033\AzureAPIApplication\Web.config
[0b00:0004][2017-10-17T09:49:42] Timestamp updated for file 'C:\Program Files (x86)\Microsoft Visual Studio\2017\Community\Common7\IDE\WebTemplates\AzureAppService\CSharp\1033\AzureAPIApplication\Web.config'.
[0b00:0004][2017-10-17T09:49:42] Processing file /Contents/Common7/IDE/WebTemplates/AzureAppService/CSharp/1033/AzureAPIApplication/Web.Debug.config
[0b00:0004][2017-10-17T09:49:42] Started: Copying file /Contents/Common7/IDE/WebTemplates/AzureAppService/CSharp/1033/AzureAPIApplication/Web.Debug.config to C:\Program Files (x86)\Microsoft Visual Studio\2017\Community\Common7\IDE\WebTemplates\AzureAppService\CSharp\1033\AzureAPIApplication\Web.Debug.config
[0b00:0004][2017-10-17T09:49:42] Completed: Copying file /Contents/Common7/IDE/WebTemplates/AzureAppService/CSharp/1033/AzureAPIApplication/Web.Debug.config to C:\Program Files (x86)\Microsoft Visual Studio\2017\Community\Common7\IDE\WebTemplates\AzureAppService\CSharp\1033\AzureAPIApplication\Web.Debug.config
[0b00:0004][2017-10-17T09:49:42] Timestamp updated for file 'C:\Program Files (x86)\Microsoft Visual Studio\2017\Community\Common7\IDE\WebTemplates\AzureAppService\CSharp\1033\AzureAPIApplication\Web.Debug.config'.
[0b00:0004][2017-10-17T09:49:42] Processing file /Contents/Common7/IDE/WebTemplates/AzureAppService/CSharp/1033/AzureAPIApplication/Web.Release.config
[0b00:0004][2017-10-17T09:49:42] Started: Copying file /Contents/Common7/IDE/WebTemplates/AzureAppService/CSharp/1033/AzureAPIApplication/Web.Release.config to C:\Program Files (x86)\Microsoft Visual Studio\2017\Community\Common7\IDE\WebTemplates\AzureAppService\CSharp\1033\AzureAPIApplication\Web.Release.config
[0b00:0004][2017-10-17T09:49:42] Completed: Copying file /Contents/Common7/IDE/WebTemplates/AzureAppService/CSharp/1033/AzureAPIApplication/Web.Release.config to C:\Program Files (x86)\Microsoft Visual Studio\2017\Community\Common7\IDE\WebTemplates\AzureAppService\CSharp\1033\AzureAPIApplication\Web.Release.config
[0b00:0004][2017-10-17T09:49:42] Timestamp updated for file 'C:\Program Files (x86)\Microsoft Visual Studio\2017\Community\Common7\IDE\WebTemplates\AzureAppService\CSharp\1033\AzureAPIApplication\Web.Release.config'.
[0b00:0004][2017-10-17T09:49:42] Processing file /Contents/Common7/IDE/WebTemplates/AzureAppService/CSharp/1033/Resources/WebAPI.png
[0b00:0004][2017-10-17T09:49:42] Started: Copying file /Contents/Common7/IDE/WebTemplates/AzureAppService/CSharp/1033/Resources/WebAPI.png to C:\Program Files (x86)\Microsoft Visual Studio\2017\Community\Common7\IDE\WebTemplates\AzureAppService\CSharp\1033\Resources\WebAPI.png
[0b00:0004][2017-10-17T09:49:42] Completed: Copying file /Contents/Common7/IDE/WebTemplates/AzureAppService/CSharp/1033/Resources/WebAPI.png to C:\Program Files (x86)\Microsoft Visual Studio\2017\Community\Common7\IDE\WebTemplates\AzureAppService\CSharp\1033\Resources\WebAPI.png
[0b00:0004][2017-10-17T09:49:42] Timestamp updated for file 'C:\Program Files (x86)\Microsoft Visual Studio\2017\Community\Common7\IDE\WebTemplates\AzureAppService\CSharp\1033\Resources\WebAPI.png'.
[0b00:0004][2017-10-17T09:49:42] Processing file /Contents/Common7/IDE/WebTemplates/AzureAppService/CSharp/1033/Resources/WebForms.png
[0b00:0004][2017-10-17T09:49:42] Started: Copying file /Contents/Common7/IDE/WebTemplates/AzureAppService/CSharp/1033/Resources/WebForms.png to C:\Program Files (x86)\Microsoft Visual Studio\2017\Community\Common7\IDE\WebTemplates\AzureAppService\CSharp\1033\Resources\WebForms.png
[0b00:0004][2017-10-17T09:49:42] Completed: Copying file /Contents/Common7/IDE/WebTemplates/AzureAppService/CSharp/1033/Resources/WebForms.png to C:\Program Files (x86)\Microsoft Visual Studio\2017\Community\Common7\IDE\WebTemplates\AzureAppService\CSharp\1033\Resources\WebForms.png
[0b00:0004][2017-10-17T09:49:42] Timestamp updated for file 'C:\Program Files (x86)\Microsoft Visual Studio\2017\Community\Common7\IDE\WebTemplates\AzureAppService\CSharp\1033\Resources\WebForms.png'.
[0b00:0004][2017-10-17T09:49:42] Processing file /Contents/Common7/IDE/WebTemplates/AzureAppService/CSharp/1033/Rules/AzureAPIApplication.MVC/Global.asax.cs
[0b00:0004][2017-10-17T09:49:42] Started: Copying file /Contents/Common7/IDE/WebTemplates/AzureAppService/CSharp/1033/Rules/AzureAPIApplication.MVC/Global.asax.cs to C:\Program Files (x86)\Microsoft Visual Studio\2017\Community\Common7\IDE\WebTemplates\AzureAppService\CSharp\1033\Rules\AzureAPIApplication.MVC\Global.asax.cs
[0b00:0004][2017-10-17T09:49:42] Completed: Copying file /Contents/Common7/IDE/WebTemplates/AzureAppService/CSharp/1033/Rules/AzureAPIApplication.MVC/Global.asax.cs to C:\Program Files (x86)\Microsoft Visual Studio\2017\Community\Common7\IDE\WebTemplates\AzureAppService\CSharp\1033\Rules\AzureAPIApplication.MVC\Global.asax.cs
[0b00:0004][2017-10-17T09:49:42] Timestamp updated for file 'C:\Program Files (x86)\Microsoft Visual Studio\2017\Community\Common7\IDE\WebTemplates\AzureAppService\CSharp\1033\Rules\AzureAPIApplication.MVC\Global.asax.cs'.
[0b00:0004][2017-10-17T09:49:42] Processing file /Contents/Common7/IDE/WebTemplates/AzureAppService/CSharp/1033/Rules/AzureAPIApplication.MVC/Web.config
[0b00:0004][2017-10-17T09:49:42] Started: Copying file /Contents/Common7/IDE/WebTemplates/AzureAppService/CSharp/1033/Rules/AzureAPIApplication.MVC/Web.config to C:\Program Files (x86)\Microsoft Visual Studio\2017\Community\Common7\IDE\WebTemplates\AzureAppService\CSharp\1033\Rules\AzureAPIApplication.MVC\Web.config
[0b00:0004][2017-10-17T09:49:42] Completed: Copying file /Contents/Common7/IDE/WebTemplates/AzureAppService/CSharp/1033/Rules/AzureAPIApplication.MVC/Web.config to C:\Program Files (x86)\Microsoft Visual Studio\2017\Community\Common7\IDE\WebTemplates\AzureAppService\CSharp\1033\Rules\AzureAPIApplication.MVC\Web.config
[0b00:0004][2017-10-17T09:49:42] Timestamp updated for file 'C:\Program Files (x86)\Microsoft Visual Studio\2017\Community\Common7\IDE\WebTemplates\AzureAppService\CSharp\1033\Rules\AzureAPIApplication.MVC\Web.config'.
[0b00:0004][2017-10-17T09:49:42] Processing file /Contents/Common7/IDE/WebTemplates/AzureAppService/CSharp/1033/Rules/AzureAPIApplication.WebForms/Global.asax.cs
[0b00:0004][2017-10-17T09:49:42] Started: Copying file /Contents/Common7/IDE/WebTemplates/AzureAppService/CSharp/1033/Rules/AzureAPIApplication.WebForms/Global.asax.cs to C:\Program Files (x86)\Microsoft Visual Studio\2017\Community\Common7\IDE\WebTemplates\AzureAppService\CSharp\1033\Rules\AzureAPIApplication.WebForms\Global.asax.cs
[0b00:0004][2017-10-17T09:49:42] Completed: Copying file /Contents/Common7/IDE/WebTemplates/AzureAppService/CSharp/1033/Rules/AzureAPIApplication.WebForms/Global.asax.cs to C:\Program Files (x86)\Microsoft Visual Studio\2017\Community\Common7\IDE\WebTemplates\AzureAppService\CSharp\1033\Rules\AzureAPIApplication.WebForms\Global.asax.cs
[0b00:0004][2017-10-17T09:49:42] Timestamp updated for file 'C:\Program Files (x86)\Microsoft Visual Studio\2017\Community\Common7\IDE\WebTemplates\AzureAppService\CSharp\1033\Rules\AzureAPIApplication.WebForms\Global.asax.cs'.
[0b00:0004][2017-10-17T09:49:42] Processing file /Contents/Common7/IDE/WebTemplates/AzureAppService/CSharp/1033/Rules/AzureAPIApplication.WebFormsMVC/Global.asax.cs
[0b00:0004][2017-10-17T09:49:42] Started: Copying file /Contents/Common7/IDE/WebTemplates/AzureAppService/CSharp/1033/Rules/AzureAPIApplication.WebFormsMVC/Global.asax.cs to C:\Program Files (x86)\Microsoft Visual Studio\2017\Community\Common7\IDE\WebTemplates\AzureAppService\CSharp\1033\Rules\AzureAPIApplication.WebFormsMVC\Global.asax.cs
[0b00:0004][2017-10-17T09:49:42] Completed: Copying file /Contents/Common7/IDE/WebTemplates/AzureAppService/CSharp/1033/Rules/AzureAPIApplication.WebFormsMVC/Global.asax.cs to C:\Program Files (x86)\Microsoft Visual Studio\2017\Community\Common7\IDE\WebTemplates\AzureAppService\CSharp\1033\Rules\AzureAPIApplication.WebFormsMVC\Global.asax.cs
[0b00:0004][2017-10-17T09:49:42] Timestamp updated for file 'C:\Program Files (x86)\Microsoft Visual Studio\2017\Community\Common7\IDE\WebTemplates\AzureAppService\CSharp\1033\Rules\AzureAPIApplication.WebFormsMVC\Global.asax.cs'.
[0b00:0004][2017-10-17T09:49:42] Processing file /Contents/Common7/IDE/WebTemplates/AzureAppService/CSharp/1033/Templates.xml
[0b00:0004][2017-10-17T09:49:42] Started: Copying file /Contents/Common7/IDE/WebTemplates/AzureAppService/CSharp/1033/Templates.xml to C:\Program Files (x86)\Microsoft Visual Studio\2017\Community\Common7\IDE\WebTemplates\AzureAppService\CSharp\1033\Templates.xml
[0b00:0004][2017-10-17T09:49:42] Completed: Copying file /Contents/Common7/IDE/WebTemplates/AzureAppService/CSharp/1033/Templates.xml to C:\Program Files (x86)\Microsoft Visual Studio\2017\Community\Common7\IDE\WebTemplates\AzureAppService\CSharp\1033\Templates.xml
[0b00:0004][2017-10-17T09:49:42] Timestamp updated for file 'C:\Program Files (x86)\Microsoft Visual Studio\2017\Community\Common7\IDE\WebTemplates\AzureAppService\CSharp\1033\Templates.xml'.
[0b00:0004][2017-10-17T09:49:42] Package executed successfully. Return code: 0
