[0b00:0004][2017-10-17T09:48:05] Opening the package for processing
[0b00:0004][2017-10-17T09:48:05] Using package payload to get the embedded manifest
[0b00:0004][2017-10-17T09:48:05] Getting list of files within the package
[0b00:0004][2017-10-17T09:48:05] Processing file /Contents/Common7/IDE/NewFileItems/File.fs
[0b00:0004][2017-10-17T09:48:05] Started: Copying file /Contents/Common7/IDE/NewFileItems/File.fs to C:\Program Files (x86)\Microsoft Visual Studio\2017\Community\Common7\IDE\NewFileItems\File.fs
[0b00:0004][2017-10-17T09:48:05] Completed: Copying file /Contents/Common7/IDE/NewFileItems/File.fs to C:\Program Files (x86)\Microsoft Visual Studio\2017\Community\Common7\IDE\NewFileItems\File.fs
[0b00:0004][2017-10-17T09:48:05] Timestamp updated for file 'C:\Program Files (x86)\Microsoft Visual Studio\2017\Community\Common7\IDE\NewFileItems\File.fs'.
[0b00:0004][2017-10-17T09:48:05] Processing file /Contents/Common7/IDE/NewFileItems/NewFSharpFileItems.vsdir
[0b00:0004][2017-10-17T09:48:05] Started: Copying file /Contents/Common7/IDE/NewFileItems/NewFSharpFileItems.vsdir to C:\Program Files (x86)\Microsoft Visual Studio\2017\Community\Common7\IDE\NewFileItems\NewFSharpFileItems.vsdir
[0b00:0004][2017-10-17T09:48:05] Completed: Copying file /Contents/Common7/IDE/NewFileItems/NewFSharpFileItems.vsdir to C:\Program Files (x86)\Microsoft Visual Studio\2017\Community\Common7\IDE\NewFileItems\NewFSharpFileItems.vsdir
[0b00:0004][2017-10-17T09:48:05] Timestamp updated for file 'C:\Program Files (x86)\Microsoft Visual Studio\2017\Community\Common7\IDE\NewFileItems\NewFSharpFileItems.vsdir'.
[0b00:0004][2017-10-17T09:48:05] Processing file /Contents/Common7/IDE/NewFileItems/Script.fsx
[0b00:0004][2017-10-17T09:48:05] Started: Copying file /Contents/Common7/IDE/NewFileItems/Script.fsx to C:\Program Files (x86)\Microsoft Visual Studio\2017\Community\Common7\IDE\NewFileItems\Script.fsx
[0b00:0004][2017-10-17T09:48:05] Completed: Copying file /Contents/Common7/IDE/NewFileItems/Script.fsx to C:\Program Files (x86)\Microsoft Visual Studio\2017\Community\Common7\IDE\NewFileItems\Script.fsx
[0b00:0004][2017-10-17T09:48:05] Timestamp updated for file 'C:\Program Files (x86)\Microsoft Visual Studio\2017\Community\Common7\IDE\NewFileItems\Script.fsx'.
[0b00:0004][2017-10-17T09:48:05] Processing file /Contents/Common7/IDE/NewScriptItems/NewFSharpScriptItems.vsdir
[0b00:0004][2017-10-17T09:48:05] Started: Copying file /Contents/Common7/IDE/NewScriptItems/NewFSharpScriptItems.vsdir to C:\Program Files (x86)\Microsoft Visual Studio\2017\Community\Common7\IDE\NewScriptItems\NewFSharpScriptItems.vsdir
[0b00:0004][2017-10-17T09:48:05] Completed: Copying file /Contents/Common7/IDE/NewScriptItems/NewFSharpScriptItems.vsdir to C:\Program Files (x86)\Microsoft Visual Studio\2017\Community\Common7\IDE\NewScriptItems\NewFSharpScriptItems.vsdir
[0b00:0004][2017-10-17T09:48:05] Timestamp updated for file 'C:\Program Files (x86)\Microsoft Visual Studio\2017\Community\Common7\IDE\NewScriptItems\NewFSharpScriptItems.vsdir'.
[0b00:0004][2017-10-17T09:48:05] Processing file /Contents/Common7/IDE/NewScriptItems/Script.fsx
[0b00:0004][2017-10-17T09:48:05] Started: Copying file /Contents/Common7/IDE/NewScriptItems/Script.fsx to C:\Program Files (x86)\Microsoft Visual Studio\2017\Community\Common7\IDE\NewScriptItems\Script.fsx
[0b00:0004][2017-10-17T09:48:05] Completed: Copying file /Contents/Common7/IDE/NewScriptItems/Script.fsx to C:\Program Files (x86)\Microsoft Visual Studio\2017\Community\Common7\IDE\NewScriptItems\Script.fsx
[0b00:0004][2017-10-17T09:48:05] Timestamp updated for file 'C:\Program Files (x86)\Microsoft Visual Studio\2017\Community\Common7\IDE\NewScriptItems\Script.fsx'.
[0b00:0004][2017-10-17T09:48:05] Processing file /Contents/Common7/IDE/PublicAssemblies/FSharp.Core.dll
[0b00:0004][2017-10-17T09:48:05] Started: Copying file /Contents/Common7/IDE/PublicAssemblies/FSharp.Core.dll to C:\Program Files (x86)\Microsoft Visual Studio\2017\Community\Common7\IDE\PublicAssemblies\FSharp.Core.dll
[0b00:0004][2017-10-17T09:48:05] Completed: Copying file /Contents/Common7/IDE/PublicAssemblies/FSharp.Core.dll to C:\Program Files (x86)\Microsoft Visual Studio\2017\Community\Common7\IDE\PublicAssemblies\FSharp.Core.dll
[0b00:0004][2017-10-17T09:48:05] Timestamp updated for file 'C:\Program Files (x86)\Microsoft Visual Studio\2017\Community\Common7\IDE\PublicAssemblies\FSharp.Core.dll'.
[0b00:0004][2017-10-17T09:48:05] Queueing C:\Program Files (x86)\Microsoft Visual Studio\2017\Community\Common7\IDE\PublicAssemblies\FSharp.Core.dll for X86 ngen
[0b00:0004][2017-10-17T09:48:05] Successfully queued file '/Contents/Common7/IDE/PublicAssemblies/FSharp.Core.dll' for ngen
[0b00:0004][2017-10-17T09:48:05] Processing file /Contents/Common7/IDE/PublicAssemblies/FSharp.Core.optdata
[0b00:0004][2017-10-17T09:48:05] Started: Copying file /Contents/Common7/IDE/PublicAssemblies/FSharp.Core.optdata to C:\Program Files (x86)\Microsoft Visual Studio\2017\Community\Common7\IDE\PublicAssemblies\FSharp.Core.optdata
[0b00:0004][2017-10-17T09:48:05] Completed: Copying file /Contents/Common7/IDE/PublicAssemblies/FSharp.Core.optdata to C:\Program Files (x86)\Microsoft Visual Studio\2017\Community\Common7\IDE\PublicAssemblies\FSharp.Core.optdata
[0b00:0004][2017-10-17T09:48:05] Timestamp updated for file 'C:\Program Files (x86)\Microsoft Visual Studio\2017\Community\Common7\IDE\PublicAssemblies\FSharp.Core.optdata'.
[0b00:0004][2017-10-17T09:48:05] Processing file /Contents/Common7/IDE/PublicAssemblies/FSharp.Core.sigdata
[0b00:0004][2017-10-17T09:48:05] Started: Copying file /Contents/Common7/IDE/PublicAssemblies/FSharp.Core.sigdata to C:\Program Files (x86)\Microsoft Visual Studio\2017\Community\Common7\IDE\PublicAssemblies\FSharp.Core.sigdata
[0b00:0004][2017-10-17T09:48:05] Completed: Copying file /Contents/Common7/IDE/PublicAssemblies/FSharp.Core.sigdata to C:\Program Files (x86)\Microsoft Visual Studio\2017\Community\Common7\IDE\PublicAssemblies\FSharp.Core.sigdata
[0b00:0004][2017-10-17T09:48:05] Timestamp updated for file 'C:\Program Files (x86)\Microsoft Visual Studio\2017\Community\Common7\IDE\PublicAssemblies\FSharp.Core.sigdata'.
[0b00:0004][2017-10-17T09:48:05] Processing file /Contents/Common7/Tools/VsDevCmd/Ext/fsharp.bat
[0b00:0004][2017-10-17T09:48:05] Started: Copying file /Contents/Common7/Tools/VsDevCmd/Ext/fsharp.bat to C:\Program Files (x86)\Microsoft Visual Studio\2017\Community\Common7\Tools\VsDevCmd\Ext\fsharp.bat
[0b00:0004][2017-10-17T09:48:05] Completed: Copying file /Contents/Common7/Tools/VsDevCmd/Ext/fsharp.bat to C:\Program Files (x86)\Microsoft Visual Studio\2017\Community\Common7\Tools\VsDevCmd\Ext\fsharp.bat
[0b00:0004][2017-10-17T09:48:05] Timestamp updated for file 'C:\Program Files (x86)\Microsoft Visual Studio\2017\Community\Common7\Tools\VsDevCmd\Ext\fsharp.bat'.
[0b00:0004][2017-10-17T09:48:05] Processing file /Contents/MSBuild/Microsoft/VisualStudio/v15.0/FSharp/Microsoft.FSharp.NetSdk.props
[0b00:0004][2017-10-17T09:48:05] Started: Copying file /Contents/MSBuild/Microsoft/VisualStudio/v15.0/FSharp/Microsoft.FSharp.NetSdk.props to C:\Program Files (x86)\Microsoft Visual Studio\2017\Community\MSBuild\Microsoft\VisualStudio\v15.0\FSharp\Microsoft.FSharp.NetSdk.props
[0b00:0004][2017-10-17T09:48:05] Completed: Copying file /Contents/MSBuild/Microsoft/VisualStudio/v15.0/FSharp/Microsoft.FSharp.NetSdk.props to C:\Program Files (x86)\Microsoft Visual Studio\2017\Community\MSBuild\Microsoft\VisualStudio\v15.0\FSharp\Microsoft.FSharp.NetSdk.props
[0b00:0004][2017-10-17T09:48:05] Timestamp updated for file 'C:\Program Files (x86)\Microsoft Visual Studio\2017\Community\MSBuild\Microsoft\VisualStudio\v15.0\FSharp\Microsoft.FSharp.NetSdk.props'.
[0b00:0004][2017-10-17T09:48:05] Processing file /Contents/MSBuild/Microsoft/VisualStudio/v15.0/FSharp/Microsoft.FSharp.NetSdk.targets
[0b00:0004][2017-10-17T09:48:05] Started: Copying file /Contents/MSBuild/Microsoft/VisualStudio/v15.0/FSharp/Microsoft.FSharp.NetSdk.targets to C:\Program Files (x86)\Microsoft Visual Studio\2017\Community\MSBuild\Microsoft\VisualStudio\v15.0\FSharp\Microsoft.FSharp.NetSdk.targets
[0b00:0004][2017-10-17T09:48:05] Completed: Copying file /Contents/MSBuild/Microsoft/VisualStudio/v15.0/FSharp/Microsoft.FSharp.NetSdk.targets to C:\Program Files (x86)\Microsoft Visual Studio\2017\Community\MSBuild\Microsoft\VisualStudio\v15.0\FSharp\Microsoft.FSharp.NetSdk.targets
[0b00:0004][2017-10-17T09:48:05] Timestamp updated for file 'C:\Program Files (x86)\Microsoft Visual Studio\2017\Community\MSBuild\Microsoft\VisualStudio\v15.0\FSharp\Microsoft.FSharp.NetSdk.targets'.
[0b00:0004][2017-10-17T09:48:05] Processing file /Contents/MSBuild/Microsoft/VisualStudio/v15.0/FSharp/Microsoft.FSharp.Targets
[0b00:0004][2017-10-17T09:48:05] Started: Copying file /Contents/MSBuild/Microsoft/VisualStudio/v15.0/FSharp/Microsoft.FSharp.Targets to C:\Program Files (x86)\Microsoft Visual Studio\2017\Community\MSBuild\Microsoft\VisualStudio\v15.0\FSharp\Microsoft.FSharp.Targets
[0b00:0004][2017-10-17T09:48:05] Completed: Copying file /Contents/MSBuild/Microsoft/VisualStudio/v15.0/FSharp/Microsoft.FSharp.Targets to C:\Program Files (x86)\Microsoft Visual Studio\2017\Community\MSBuild\Microsoft\VisualStudio\v15.0\FSharp\Microsoft.FSharp.Targets
[0b00:0004][2017-10-17T09:48:05] Timestamp updated for file 'C:\Program Files (x86)\Microsoft Visual Studio\2017\Community\MSBuild\Microsoft\VisualStudio\v15.0\FSharp\Microsoft.FSharp.Targets'.
[0b00:0004][2017-10-17T09:48:05] Processing file /Contents/MSBuild/Microsoft/VisualStudio/v15.0/FSharp/Microsoft.Portable.FSharp.Targets
[0b00:0004][2017-10-17T09:48:05] Started: Copying file /Contents/MSBuild/Microsoft/VisualStudio/v15.0/FSharp/Microsoft.Portable.FSharp.Targets to C:\Program Files (x86)\Microsoft Visual Studio\2017\Community\MSBuild\Microsoft\VisualStudio\v15.0\FSharp\Microsoft.Portable.FSharp.Targets
[0b00:0004][2017-10-17T09:48:05] Completed: Copying file /Contents/MSBuild/Microsoft/VisualStudio/v15.0/FSharp/Microsoft.Portable.FSharp.Targets to C:\Program Files (x86)\Microsoft Visual Studio\2017\Community\MSBuild\Microsoft\VisualStudio\v15.0\FSharp\Microsoft.Portable.FSharp.Targets
[0b00:0004][2017-10-17T09:48:05] Timestamp updated for file 'C:\Program Files (x86)\Microsoft Visual Studio\2017\Community\MSBuild\Microsoft\VisualStudio\v15.0\FSharp\Microsoft.Portable.FSharp.Targets'.
[0b00:0004][2017-10-17T09:48:05] Package executed successfully. Return code: 0
