[0b00:0004][2017-10-17T09:47:47] Opening the package for processing
[0b00:0004][2017-10-17T09:47:47] Using package payload to get the embedded manifest
[0b00:0004][2017-10-17T09:47:47] Getting list of files within the package
[0b00:0004][2017-10-17T09:47:47] Processing file /Contents/MSBuild/Sdks/Microsoft.NET.Sdk/build/Microsoft.NET.DefaultAssemblyInfo.targets
[0b00:0004][2017-10-17T09:47:47] Started: Copying file /Contents/MSBuild/Sdks/Microsoft.NET.Sdk/build/Microsoft.NET.DefaultAssemblyInfo.targets to C:\Program Files (x86)\Microsoft Visual Studio\2017\Community\MSBuild\Sdks\Microsoft.NET.Sdk\build\Microsoft.NET.DefaultAssemblyInfo.targets
[0b00:0004][2017-10-17T09:47:47] Completed: Copying file /Contents/MSBuild/Sdks/Microsoft.NET.Sdk/build/Microsoft.NET.DefaultAssemblyInfo.targets to C:\Program Files (x86)\Microsoft Visual Studio\2017\Community\MSBuild\Sdks\Microsoft.NET.Sdk\build\Microsoft.NET.DefaultAssemblyInfo.targets
[0b00:0004][2017-10-17T09:47:47] Timestamp updated for file 'C:\Program Files (x86)\Microsoft Visual Studio\2017\Community\MSBuild\Sdks\Microsoft.NET.Sdk\build\Microsoft.NET.DefaultAssemblyInfo.targets'.
[0b00:0004][2017-10-17T09:47:47] Processing file /Contents/MSBuild/Sdks/Microsoft.NET.Sdk/build/Microsoft.NET.DefaultOutputPaths.targets
[0b00:0004][2017-10-17T09:47:47] Started: Copying file /Contents/MSBuild/Sdks/Microsoft.NET.Sdk/build/Microsoft.NET.DefaultOutputPaths.targets to C:\Program Files (x86)\Microsoft Visual Studio\2017\Community\MSBuild\Sdks\Microsoft.NET.Sdk\build\Microsoft.NET.DefaultOutputPaths.targets
[0b00:0004][2017-10-17T09:47:47] Completed: Copying file /Contents/MSBuild/Sdks/Microsoft.NET.Sdk/build/Microsoft.NET.DefaultOutputPaths.targets to C:\Program Files (x86)\Microsoft Visual Studio\2017\Community\MSBuild\Sdks\Microsoft.NET.Sdk\build\Microsoft.NET.DefaultOutputPaths.targets
[0b00:0004][2017-10-17T09:47:47] Timestamp updated for file 'C:\Program Files (x86)\Microsoft Visual Studio\2017\Community\MSBuild\Sdks\Microsoft.NET.Sdk\build\Microsoft.NET.DefaultOutputPaths.targets'.
[0b00:0004][2017-10-17T09:47:47] Processing file /Contents/MSBuild/Sdks/Microsoft.NET.Sdk/build/Microsoft.NET.DisableStandardFrameworkResolution.targets
[0b00:0004][2017-10-17T09:47:47] Started: Copying file /Contents/MSBuild/Sdks/Microsoft.NET.Sdk/build/Microsoft.NET.DisableStandardFrameworkResolution.targets to C:\Program Files (x86)\Microsoft Visual Studio\2017\Community\MSBuild\Sdks\Microsoft.NET.Sdk\build\Microsoft.NET.DisableStandardFrameworkResolution.targets
[0b00:0004][2017-10-17T09:47:47] Completed: Copying file /Contents/MSBuild/Sdks/Microsoft.NET.Sdk/build/Microsoft.NET.DisableStandardFrameworkResolution.targets to C:\Program Files (x86)\Microsoft Visual Studio\2017\Community\MSBuild\Sdks\Microsoft.NET.Sdk\build\Microsoft.NET.DisableStandardFrameworkResolution.targets
[0b00:0004][2017-10-17T09:47:47] Timestamp updated for file 'C:\Program Files (x86)\Microsoft Visual Studio\2017\Community\MSBuild\Sdks\Microsoft.NET.Sdk\build\Microsoft.NET.DisableStandardFrameworkResolution.targets'.
[0b00:0004][2017-10-17T09:47:47] Processing file /Contents/MSBuild/Sdks/Microsoft.NET.Sdk/build/Microsoft.NET.GenerateAssemblyInfo.targets
[0b00:0004][2017-10-17T09:47:47] Started: Copying file /Contents/MSBuild/Sdks/Microsoft.NET.Sdk/build/Microsoft.NET.GenerateAssemblyInfo.targets to C:\Program Files (x86)\Microsoft Visual Studio\2017\Community\MSBuild\Sdks\Microsoft.NET.Sdk\build\Microsoft.NET.GenerateAssemblyInfo.targets
[0b00:0004][2017-10-17T09:47:47] Completed: Copying file /Contents/MSBuild/Sdks/Microsoft.NET.Sdk/build/Microsoft.NET.GenerateAssemblyInfo.targets to C:\Program Files (x86)\Microsoft Visual Studio\2017\Community\MSBuild\Sdks\Microsoft.NET.Sdk\build\Microsoft.NET.GenerateAssemblyInfo.targets
[0b00:0004][2017-10-17T09:47:47] Timestamp updated for file 'C:\Program Files (x86)\Microsoft Visual Studio\2017\Community\MSBuild\Sdks\Microsoft.NET.Sdk\build\Microsoft.NET.GenerateAssemblyInfo.targets'.
[0b00:0004][2017-10-17T09:47:47] Processing file /Contents/MSBuild/Sdks/Microsoft.NET.Sdk/build/Microsoft.NET.PreserveCompilationContext.targets
[0b00:0004][2017-10-17T09:47:47] Started: Copying file /Contents/MSBuild/Sdks/Microsoft.NET.Sdk/build/Microsoft.NET.PreserveCompilationContext.targets to C:\Program Files (x86)\Microsoft Visual Studio\2017\Community\MSBuild\Sdks\Microsoft.NET.Sdk\build\Microsoft.NET.PreserveCompilationContext.targets
[0b00:0004][2017-10-17T09:47:47] Completed: Copying file /Contents/MSBuild/Sdks/Microsoft.NET.Sdk/build/Microsoft.NET.PreserveCompilationContext.targets to C:\Program Files (x86)\Microsoft Visual Studio\2017\Community\MSBuild\Sdks\Microsoft.NET.Sdk\build\Microsoft.NET.PreserveCompilationContext.targets
[0b00:0004][2017-10-17T09:47:47] Timestamp updated for file 'C:\Program Files (x86)\Microsoft Visual Studio\2017\Community\MSBuild\Sdks\Microsoft.NET.Sdk\build\Microsoft.NET.PreserveCompilationContext.targets'.
[0b00:0004][2017-10-17T09:47:47] Processing file /Contents/MSBuild/Sdks/Microsoft.NET.Sdk/build/Microsoft.NET.Publish.targets
[0b00:0004][2017-10-17T09:47:47] Started: Copying file /Contents/MSBuild/Sdks/Microsoft.NET.Sdk/build/Microsoft.NET.Publish.targets to C:\Program Files (x86)\Microsoft Visual Studio\2017\Community\MSBuild\Sdks\Microsoft.NET.Sdk\build\Microsoft.NET.Publish.targets
[0b00:0004][2017-10-17T09:47:47] Completed: Copying file /Contents/MSBuild/Sdks/Microsoft.NET.Sdk/build/Microsoft.NET.Publish.targets to C:\Program Files (x86)\Microsoft Visual Studio\2017\Community\MSBuild\Sdks\Microsoft.NET.Sdk\build\Microsoft.NET.Publish.targets
[0b00:0004][2017-10-17T09:47:47] Timestamp updated for file 'C:\Program Files (x86)\Microsoft Visual Studio\2017\Community\MSBuild\Sdks\Microsoft.NET.Sdk\build\Microsoft.NET.Publish.targets'.
[0b00:0004][2017-10-17T09:47:47] Processing file /Contents/MSBuild/Sdks/Microsoft.NET.Sdk/build/Microsoft.NET.RuntimeIdentifierInference.targets
[0b00:0004][2017-10-17T09:47:47] Started: Copying file /Contents/MSBuild/Sdks/Microsoft.NET.Sdk/build/Microsoft.NET.RuntimeIdentifierInference.targets to C:\Program Files (x86)\Microsoft Visual Studio\2017\Community\MSBuild\Sdks\Microsoft.NET.Sdk\build\Microsoft.NET.RuntimeIdentifierInference.targets
[0b00:0004][2017-10-17T09:47:47] Completed: Copying file /Contents/MSBuild/Sdks/Microsoft.NET.Sdk/build/Microsoft.NET.RuntimeIdentifierInference.targets to C:\Program Files (x86)\Microsoft Visual Studio\2017\Community\MSBuild\Sdks\Microsoft.NET.Sdk\build\Microsoft.NET.RuntimeIdentifierInference.targets
[0b00:0004][2017-10-17T09:47:47] Timestamp updated for file 'C:\Program Files (x86)\Microsoft Visual Studio\2017\Community\MSBuild\Sdks\Microsoft.NET.Sdk\build\Microsoft.NET.RuntimeIdentifierInference.targets'.
[0b00:0004][2017-10-17T09:47:47] Processing file /Contents/MSBuild/Sdks/Microsoft.NET.Sdk/build/Microsoft.NET.Sdk.BeforeCommon.targets
[0b00:0004][2017-10-17T09:47:47] Started: Copying file /Contents/MSBuild/Sdks/Microsoft.NET.Sdk/build/Microsoft.NET.Sdk.BeforeCommon.targets to C:\Program Files (x86)\Microsoft Visual Studio\2017\Community\MSBuild\Sdks\Microsoft.NET.Sdk\build\Microsoft.NET.Sdk.BeforeCommon.targets
[0b00:0004][2017-10-17T09:47:47] Completed: Copying file /Contents/MSBuild/Sdks/Microsoft.NET.Sdk/build/Microsoft.NET.Sdk.BeforeCommon.targets to C:\Program Files (x86)\Microsoft Visual Studio\2017\Community\MSBuild\Sdks\Microsoft.NET.Sdk\build\Microsoft.NET.Sdk.BeforeCommon.targets
[0b00:0004][2017-10-17T09:47:47] Timestamp updated for file 'C:\Program Files (x86)\Microsoft Visual Studio\2017\Community\MSBuild\Sdks\Microsoft.NET.Sdk\build\Microsoft.NET.Sdk.BeforeCommon.targets'.
[0b00:0004][2017-10-17T09:47:47] Processing file /Contents/MSBuild/Sdks/Microsoft.NET.Sdk/build/Microsoft.NET.Sdk.BeforeCommonCrossTargeting.targets
[0b00:0004][2017-10-17T09:47:47] Started: Copying file /Contents/MSBuild/Sdks/Microsoft.NET.Sdk/build/Microsoft.NET.Sdk.BeforeCommonCrossTargeting.targets to C:\Program Files (x86)\Microsoft Visual Studio\2017\Community\MSBuild\Sdks\Microsoft.NET.Sdk\build\Microsoft.NET.Sdk.BeforeCommonCrossTargeting.targets
[0b00:0004][2017-10-17T09:47:47] Completed: Copying file /Contents/MSBuild/Sdks/Microsoft.NET.Sdk/build/Microsoft.NET.Sdk.BeforeCommonCrossTargeting.targets to C:\Program Files (x86)\Microsoft Visual Studio\2017\Community\MSBuild\Sdks\Microsoft.NET.Sdk\build\Microsoft.NET.Sdk.BeforeCommonCrossTargeting.targets
[0b00:0004][2017-10-17T09:47:47] Timestamp updated for file 'C:\Program Files (x86)\Microsoft Visual Studio\2017\Community\MSBuild\Sdks\Microsoft.NET.Sdk\build\Microsoft.NET.Sdk.BeforeCommonCrossTargeting.targets'.
[0b00:0004][2017-10-17T09:47:47] Processing file /Contents/MSBuild/Sdks/Microsoft.NET.Sdk/build/Microsoft.NET.Sdk.Common.targets
[0b00:0004][2017-10-17T09:47:47] Started: Copying file /Contents/MSBuild/Sdks/Microsoft.NET.Sdk/build/Microsoft.NET.Sdk.Common.targets to C:\Program Files (x86)\Microsoft Visual Studio\2017\Community\MSBuild\Sdks\Microsoft.NET.Sdk\build\Microsoft.NET.Sdk.Common.targets
[0b00:0004][2017-10-17T09:47:47] Completed: Copying file /Contents/MSBuild/Sdks/Microsoft.NET.Sdk/build/Microsoft.NET.Sdk.Common.targets to C:\Program Files (x86)\Microsoft Visual Studio\2017\Community\MSBuild\Sdks\Microsoft.NET.Sdk\build\Microsoft.NET.Sdk.Common.targets
[0b00:0004][2017-10-17T09:47:47] Timestamp updated for file 'C:\Program Files (x86)\Microsoft Visual Studio\2017\Community\MSBuild\Sdks\Microsoft.NET.Sdk\build\Microsoft.NET.Sdk.Common.targets'.
[0b00:0004][2017-10-17T09:47:47] Processing file /Contents/MSBuild/Sdks/Microsoft.NET.Sdk/build/Microsoft.NET.Sdk.CSharp.props
[0b00:0004][2017-10-17T09:47:47] Started: Copying file /Contents/MSBuild/Sdks/Microsoft.NET.Sdk/build/Microsoft.NET.Sdk.CSharp.props to C:\Program Files (x86)\Microsoft Visual Studio\2017\Community\MSBuild\Sdks\Microsoft.NET.Sdk\build\Microsoft.NET.Sdk.CSharp.props
[0b00:0004][2017-10-17T09:47:47] Completed: Copying file /Contents/MSBuild/Sdks/Microsoft.NET.Sdk/build/Microsoft.NET.Sdk.CSharp.props to C:\Program Files (x86)\Microsoft Visual Studio\2017\Community\MSBuild\Sdks\Microsoft.NET.Sdk\build\Microsoft.NET.Sdk.CSharp.props
[0b00:0004][2017-10-17T09:47:47] Timestamp updated for file 'C:\Program Files (x86)\Microsoft Visual Studio\2017\Community\MSBuild\Sdks\Microsoft.NET.Sdk\build\Microsoft.NET.Sdk.CSharp.props'.
[0b00:0004][2017-10-17T09:47:47] Processing file /Contents/MSBuild/Sdks/Microsoft.NET.Sdk/build/Microsoft.NET.Sdk.CSharp.targets
[0b00:0004][2017-10-17T09:47:47] Started: Copying file /Contents/MSBuild/Sdks/Microsoft.NET.Sdk/build/Microsoft.NET.Sdk.CSharp.targets to C:\Program Files (x86)\Microsoft Visual Studio\2017\Community\MSBuild\Sdks\Microsoft.NET.Sdk\build\Microsoft.NET.Sdk.CSharp.targets
[0b00:0004][2017-10-17T09:47:47] Completed: Copying file /Contents/MSBuild/Sdks/Microsoft.NET.Sdk/build/Microsoft.NET.Sdk.CSharp.targets to C:\Program Files (x86)\Microsoft Visual Studio\2017\Community\MSBuild\Sdks\Microsoft.NET.Sdk\build\Microsoft.NET.Sdk.CSharp.targets
[0b00:0004][2017-10-17T09:47:47] Timestamp updated for file 'C:\Program Files (x86)\Microsoft Visual Studio\2017\Community\MSBuild\Sdks\Microsoft.NET.Sdk\build\Microsoft.NET.Sdk.CSharp.targets'.
[0b00:0004][2017-10-17T09:47:47] Processing file /Contents/MSBuild/Sdks/Microsoft.NET.Sdk/build/Microsoft.NET.Sdk.DefaultItems.props
[0b00:0004][2017-10-17T09:47:47] Started: Copying file /Contents/MSBuild/Sdks/Microsoft.NET.Sdk/build/Microsoft.NET.Sdk.DefaultItems.props to C:\Program Files (x86)\Microsoft Visual Studio\2017\Community\MSBuild\Sdks\Microsoft.NET.Sdk\build\Microsoft.NET.Sdk.DefaultItems.props
[0b00:0004][2017-10-17T09:47:47] Completed: Copying file /Contents/MSBuild/Sdks/Microsoft.NET.Sdk/build/Microsoft.NET.Sdk.DefaultItems.props to C:\Program Files (x86)\Microsoft Visual Studio\2017\Community\MSBuild\Sdks\Microsoft.NET.Sdk\build\Microsoft.NET.Sdk.DefaultItems.props
[0b00:0004][2017-10-17T09:47:47] Timestamp updated for file 'C:\Program Files (x86)\Microsoft Visual Studio\2017\Community\MSBuild\Sdks\Microsoft.NET.Sdk\build\Microsoft.NET.Sdk.DefaultItems.props'.
[0b00:0004][2017-10-17T09:47:47] Processing file /Contents/MSBuild/Sdks/Microsoft.NET.Sdk/build/Microsoft.NET.Sdk.DefaultItems.targets
[0b00:0004][2017-10-17T09:47:47] Started: Copying file /Contents/MSBuild/Sdks/Microsoft.NET.Sdk/build/Microsoft.NET.Sdk.DefaultItems.targets to C:\Program Files (x86)\Microsoft Visual Studio\2017\Community\MSBuild\Sdks\Microsoft.NET.Sdk\build\Microsoft.NET.Sdk.DefaultItems.targets
[0b00:0004][2017-10-17T09:47:47] Completed: Copying file /Contents/MSBuild/Sdks/Microsoft.NET.Sdk/build/Microsoft.NET.Sdk.DefaultItems.targets to C:\Program Files (x86)\Microsoft Visual Studio\2017\Community\MSBuild\Sdks\Microsoft.NET.Sdk\build\Microsoft.NET.Sdk.DefaultItems.targets
[0b00:0004][2017-10-17T09:47:47] Timestamp updated for file 'C:\Program Files (x86)\Microsoft Visual Studio\2017\Community\MSBuild\Sdks\Microsoft.NET.Sdk\build\Microsoft.NET.Sdk.DefaultItems.targets'.
[0b00:0004][2017-10-17T09:47:47] Processing file /Contents/MSBuild/Sdks/Microsoft.NET.Sdk/build/Microsoft.NET.Sdk.FSharp.props
[0b00:0004][2017-10-17T09:47:47] Started: Copying file /Contents/MSBuild/Sdks/Microsoft.NET.Sdk/build/Microsoft.NET.Sdk.FSharp.props to C:\Program Files (x86)\Microsoft Visual Studio\2017\Community\MSBuild\Sdks\Microsoft.NET.Sdk\build\Microsoft.NET.Sdk.FSharp.props
[0b00:0004][2017-10-17T09:47:47] Completed: Copying file /Contents/MSBuild/Sdks/Microsoft.NET.Sdk/build/Microsoft.NET.Sdk.FSharp.props to C:\Program Files (x86)\Microsoft Visual Studio\2017\Community\MSBuild\Sdks\Microsoft.NET.Sdk\build\Microsoft.NET.Sdk.FSharp.props
[0b00:0004][2017-10-17T09:47:47] Timestamp updated for file 'C:\Program Files (x86)\Microsoft Visual Studio\2017\Community\MSBuild\Sdks\Microsoft.NET.Sdk\build\Microsoft.NET.Sdk.FSharp.props'.
[0b00:0004][2017-10-17T09:47:47] Processing file /Contents/MSBuild/Sdks/Microsoft.NET.Sdk/build/Microsoft.NET.Sdk.FSharp.targets
[0b00:0004][2017-10-17T09:47:47] Started: Copying file /Contents/MSBuild/Sdks/Microsoft.NET.Sdk/build/Microsoft.NET.Sdk.FSharp.targets to C:\Program Files (x86)\Microsoft Visual Studio\2017\Community\MSBuild\Sdks\Microsoft.NET.Sdk\build\Microsoft.NET.Sdk.FSharp.targets
[0b00:0004][2017-10-17T09:47:47] Completed: Copying file /Contents/MSBuild/Sdks/Microsoft.NET.Sdk/build/Microsoft.NET.Sdk.FSharp.targets to C:\Program Files (x86)\Microsoft Visual Studio\2017\Community\MSBuild\Sdks\Microsoft.NET.Sdk\build\Microsoft.NET.Sdk.FSharp.targets
[0b00:0004][2017-10-17T09:47:47] Timestamp updated for file 'C:\Program Files (x86)\Microsoft Visual Studio\2017\Community\MSBuild\Sdks\Microsoft.NET.Sdk\build\Microsoft.NET.Sdk.FSharp.targets'.
[0b00:0004][2017-10-17T09:47:47] Processing file /Contents/MSBuild/Sdks/Microsoft.NET.Sdk/build/Microsoft.NET.Sdk.props
[0b00:0004][2017-10-17T09:47:47] Started: Copying file /Contents/MSBuild/Sdks/Microsoft.NET.Sdk/build/Microsoft.NET.Sdk.props to C:\Program Files (x86)\Microsoft Visual Studio\2017\Community\MSBuild\Sdks\Microsoft.NET.Sdk\build\Microsoft.NET.Sdk.props
[0b00:0004][2017-10-17T09:47:47] Completed: Copying file /Contents/MSBuild/Sdks/Microsoft.NET.Sdk/build/Microsoft.NET.Sdk.props to C:\Program Files (x86)\Microsoft Visual Studio\2017\Community\MSBuild\Sdks\Microsoft.NET.Sdk\build\Microsoft.NET.Sdk.props
[0b00:0004][2017-10-17T09:47:47] Timestamp updated for file 'C:\Program Files (x86)\Microsoft Visual Studio\2017\Community\MSBuild\Sdks\Microsoft.NET.Sdk\build\Microsoft.NET.Sdk.props'.
[0b00:0004][2017-10-17T09:47:47] Processing file /Contents/MSBuild/Sdks/Microsoft.NET.Sdk/build/Microsoft.NET.Sdk.targets
[0b00:0004][2017-10-17T09:47:47] Started: Copying file /Contents/MSBuild/Sdks/Microsoft.NET.Sdk/build/Microsoft.NET.Sdk.targets to C:\Program Files (x86)\Microsoft Visual Studio\2017\Community\MSBuild\Sdks\Microsoft.NET.Sdk\build\Microsoft.NET.Sdk.targets
[0b00:0004][2017-10-17T09:47:47] Completed: Copying file /Contents/MSBuild/Sdks/Microsoft.NET.Sdk/build/Microsoft.NET.Sdk.targets to C:\Program Files (x86)\Microsoft Visual Studio\2017\Community\MSBuild\Sdks\Microsoft.NET.Sdk\build\Microsoft.NET.Sdk.targets
[0b00:0004][2017-10-17T09:47:47] Timestamp updated for file 'C:\Program Files (x86)\Microsoft Visual Studio\2017\Community\MSBuild\Sdks\Microsoft.NET.Sdk\build\Microsoft.NET.Sdk.targets'.
[0b00:0004][2017-10-17T09:47:47] Processing file /Contents/MSBuild/Sdks/Microsoft.NET.Sdk/build/Microsoft.NET.Sdk.VisualBasic.props
[0b00:0004][2017-10-17T09:47:47] Started: Copying file /Contents/MSBuild/Sdks/Microsoft.NET.Sdk/build/Microsoft.NET.Sdk.VisualBasic.props to C:\Program Files (x86)\Microsoft Visual Studio\2017\Community\MSBuild\Sdks\Microsoft.NET.Sdk\build\Microsoft.NET.Sdk.VisualBasic.props
[0b00:0004][2017-10-17T09:47:47] Completed: Copying file /Contents/MSBuild/Sdks/Microsoft.NET.Sdk/build/Microsoft.NET.Sdk.VisualBasic.props to C:\Program Files (x86)\Microsoft Visual Studio\2017\Community\MSBuild\Sdks\Microsoft.NET.Sdk\build\Microsoft.NET.Sdk.VisualBasic.props
[0b00:0004][2017-10-17T09:47:47] Timestamp updated for file 'C:\Program Files (x86)\Microsoft Visual Studio\2017\Community\MSBuild\Sdks\Microsoft.NET.Sdk\build\Microsoft.NET.Sdk.VisualBasic.props'.
[0b00:0004][2017-10-17T09:47:47] Processing file /Contents/MSBuild/Sdks/Microsoft.NET.Sdk/build/Microsoft.NET.Sdk.VisualBasic.targets
[0b00:0004][2017-10-17T09:47:47] Started: Copying file /Contents/MSBuild/Sdks/Microsoft.NET.Sdk/build/Microsoft.NET.Sdk.VisualBasic.targets to C:\Program Files (x86)\Microsoft Visual Studio\2017\Community\MSBuild\Sdks\Microsoft.NET.Sdk\build\Microsoft.NET.Sdk.VisualBasic.targets
[0b00:0004][2017-10-17T09:47:47] Completed: Copying file /Contents/MSBuild/Sdks/Microsoft.NET.Sdk/build/Microsoft.NET.Sdk.VisualBasic.targets to C:\Program Files (x86)\Microsoft Visual Studio\2017\Community\MSBuild\Sdks\Microsoft.NET.Sdk\build\Microsoft.NET.Sdk.VisualBasic.targets
[0b00:0004][2017-10-17T09:47:47] Timestamp updated for file 'C:\Program Files (x86)\Microsoft Visual Studio\2017\Community\MSBuild\Sdks\Microsoft.NET.Sdk\build\Microsoft.NET.Sdk.VisualBasic.targets'.
[0b00:0004][2017-10-17T09:47:47] Processing file /Contents/MSBuild/Sdks/Microsoft.NET.Sdk/build/Microsoft.NET.SupportedTargetFrameworks.props
[0b00:0004][2017-10-17T09:47:47] Started: Copying file /Contents/MSBuild/Sdks/Microsoft.NET.Sdk/build/Microsoft.NET.SupportedTargetFrameworks.props to C:\Program Files (x86)\Microsoft Visual Studio\2017\Community\MSBuild\Sdks\Microsoft.NET.Sdk\build\Microsoft.NET.SupportedTargetFrameworks.props
[0b00:0004][2017-10-17T09:47:47] Completed: Copying file /Contents/MSBuild/Sdks/Microsoft.NET.Sdk/build/Microsoft.NET.SupportedTargetFrameworks.props to C:\Program Files (x86)\Microsoft Visual Studio\2017\Community\MSBuild\Sdks\Microsoft.NET.Sdk\build\Microsoft.NET.SupportedTargetFrameworks.props
[0b00:0004][2017-10-17T09:47:47] Timestamp updated for file 'C:\Program Files (x86)\Microsoft Visual Studio\2017\Community\MSBuild\Sdks\Microsoft.NET.Sdk\build\Microsoft.NET.SupportedTargetFrameworks.props'.
[0b00:0004][2017-10-17T09:47:47] Processing file /Contents/MSBuild/Sdks/Microsoft.NET.Sdk/build/Microsoft.NET.TargetFrameworkInference.targets
[0b00:0004][2017-10-17T09:47:47] Started: Copying file /Contents/MSBuild/Sdks/Microsoft.NET.Sdk/build/Microsoft.NET.TargetFrameworkInference.targets to C:\Program Files (x86)\Microsoft Visual Studio\2017\Community\MSBuild\Sdks\Microsoft.NET.Sdk\build\Microsoft.NET.TargetFrameworkInference.targets
[0b00:0004][2017-10-17T09:47:47] Completed: Copying file /Contents/MSBuild/Sdks/Microsoft.NET.Sdk/build/Microsoft.NET.TargetFrameworkInference.targets to C:\Program Files (x86)\Microsoft Visual Studio\2017\Community\MSBuild\Sdks\Microsoft.NET.Sdk\build\Microsoft.NET.TargetFrameworkInference.targets
[0b00:0004][2017-10-17T09:47:47] Timestamp updated for file 'C:\Program Files (x86)\Microsoft Visual Studio\2017\Community\MSBuild\Sdks\Microsoft.NET.Sdk\build\Microsoft.NET.TargetFrameworkInference.targets'.
[0b00:0004][2017-10-17T09:47:47] Processing file /Contents/MSBuild/Sdks/Microsoft.NET.Sdk/build/Microsoft.PackageDependencyResolution.targets
[0b00:0004][2017-10-17T09:47:47] Started: Copying file /Contents/MSBuild/Sdks/Microsoft.NET.Sdk/build/Microsoft.PackageDependencyResolution.targets to C:\Program Files (x86)\Microsoft Visual Studio\2017\Community\MSBuild\Sdks\Microsoft.NET.Sdk\build\Microsoft.PackageDependencyResolution.targets
[0b00:0004][2017-10-17T09:47:47] Completed: Copying file /Contents/MSBuild/Sdks/Microsoft.NET.Sdk/build/Microsoft.PackageDependencyResolution.targets to C:\Program Files (x86)\Microsoft Visual Studio\2017\Community\MSBuild\Sdks\Microsoft.NET.Sdk\build\Microsoft.PackageDependencyResolution.targets
[0b00:0004][2017-10-17T09:47:47] Timestamp updated for file 'C:\Program Files (x86)\Microsoft Visual Studio\2017\Community\MSBuild\Sdks\Microsoft.NET.Sdk\build\Microsoft.PackageDependencyResolution.targets'.
[0b00:0004][2017-10-17T09:47:47] Processing file /Contents/MSBuild/Sdks/Microsoft.NET.Sdk/buildCrossTargeting/Microsoft.NET.Sdk.targets
[0b00:0004][2017-10-17T09:47:47] Started: Copying file /Contents/MSBuild/Sdks/Microsoft.NET.Sdk/buildCrossTargeting/Microsoft.NET.Sdk.targets to C:\Program Files (x86)\Microsoft Visual Studio\2017\Community\MSBuild\Sdks\Microsoft.NET.Sdk\buildCrossTargeting\Microsoft.NET.Sdk.targets
[0b00:0004][2017-10-17T09:47:47] Completed: Copying file /Contents/MSBuild/Sdks/Microsoft.NET.Sdk/buildCrossTargeting/Microsoft.NET.Sdk.targets to C:\Program Files (x86)\Microsoft Visual Studio\2017\Community\MSBuild\Sdks\Microsoft.NET.Sdk\buildCrossTargeting\Microsoft.NET.Sdk.targets
[0b00:0004][2017-10-17T09:47:47] Timestamp updated for file 'C:\Program Files (x86)\Microsoft Visual Studio\2017\Community\MSBuild\Sdks\Microsoft.NET.Sdk\buildCrossTargeting\Microsoft.NET.Sdk.targets'.
[0b00:0004][2017-10-17T09:47:47] Processing file /Contents/MSBuild/Sdks/Microsoft.NET.Sdk/Sdk/Sdk.props
[0b00:0004][2017-10-17T09:47:47] Started: Copying file /Contents/MSBuild/Sdks/Microsoft.NET.Sdk/Sdk/Sdk.props to C:\Program Files (x86)\Microsoft Visual Studio\2017\Community\MSBuild\Sdks\Microsoft.NET.Sdk\Sdk\Sdk.props
[0b00:0004][2017-10-17T09:47:47] Completed: Copying file /Contents/MSBuild/Sdks/Microsoft.NET.Sdk/Sdk/Sdk.props to C:\Program Files (x86)\Microsoft Visual Studio\2017\Community\MSBuild\Sdks\Microsoft.NET.Sdk\Sdk\Sdk.props
[0b00:0004][2017-10-17T09:47:47] Timestamp updated for file 'C:\Program Files (x86)\Microsoft Visual Studio\2017\Community\MSBuild\Sdks\Microsoft.NET.Sdk\Sdk\Sdk.props'.
[0b00:0004][2017-10-17T09:47:47] Processing file /Contents/MSBuild/Sdks/Microsoft.NET.Sdk/Sdk/Sdk.targets
[0b00:0004][2017-10-17T09:47:47] Started: Copying file /Contents/MSBuild/Sdks/Microsoft.NET.Sdk/Sdk/Sdk.targets to C:\Program Files (x86)\Microsoft Visual Studio\2017\Community\MSBuild\Sdks\Microsoft.NET.Sdk\Sdk\Sdk.targets
[0b00:0004][2017-10-17T09:47:47] Completed: Copying file /Contents/MSBuild/Sdks/Microsoft.NET.Sdk/Sdk/Sdk.targets to C:\Program Files (x86)\Microsoft Visual Studio\2017\Community\MSBuild\Sdks\Microsoft.NET.Sdk\Sdk\Sdk.targets
[0b00:0004][2017-10-17T09:47:47] Timestamp updated for file 'C:\Program Files (x86)\Microsoft Visual Studio\2017\Community\MSBuild\Sdks\Microsoft.NET.Sdk\Sdk\Sdk.targets'.
[0b00:0004][2017-10-17T09:47:47] Processing file /Contents/MSBuild/Sdks/Microsoft.NET.Sdk/tools/net46/cs/Microsoft.NET.Build.Tasks.resources.dll
[0b00:0004][2017-10-17T09:47:47] Started: Copying file /Contents/MSBuild/Sdks/Microsoft.NET.Sdk/tools/net46/cs/Microsoft.NET.Build.Tasks.resources.dll to C:\Program Files (x86)\Microsoft Visual Studio\2017\Community\MSBuild\Sdks\Microsoft.NET.Sdk\tools\net46\cs\Microsoft.NET.Build.Tasks.resources.dll
[0b00:0004][2017-10-17T09:47:47] Completed: Copying file /Contents/MSBuild/Sdks/Microsoft.NET.Sdk/tools/net46/cs/Microsoft.NET.Build.Tasks.resources.dll to C:\Program Files (x86)\Microsoft Visual Studio\2017\Community\MSBuild\Sdks\Microsoft.NET.Sdk\tools\net46\cs\Microsoft.NET.Build.Tasks.resources.dll
[0b00:0004][2017-10-17T09:47:47] Timestamp updated for file 'C:\Program Files (x86)\Microsoft Visual Studio\2017\Community\MSBuild\Sdks\Microsoft.NET.Sdk\tools\net46\cs\Microsoft.NET.Build.Tasks.resources.dll'.
[0b00:0004][2017-10-17T09:47:47] Processing file /Contents/MSBuild/Sdks/Microsoft.NET.Sdk/tools/net46/de/Microsoft.NET.Build.Tasks.resources.dll
[0b00:0004][2017-10-17T09:47:47] Started: Copying file /Contents/MSBuild/Sdks/Microsoft.NET.Sdk/tools/net46/de/Microsoft.NET.Build.Tasks.resources.dll to C:\Program Files (x86)\Microsoft Visual Studio\2017\Community\MSBuild\Sdks\Microsoft.NET.Sdk\tools\net46\de\Microsoft.NET.Build.Tasks.resources.dll
[0b00:0004][2017-10-17T09:47:47] Completed: Copying file /Contents/MSBuild/Sdks/Microsoft.NET.Sdk/tools/net46/de/Microsoft.NET.Build.Tasks.resources.dll to C:\Program Files (x86)\Microsoft Visual Studio\2017\Community\MSBuild\Sdks\Microsoft.NET.Sdk\tools\net46\de\Microsoft.NET.Build.Tasks.resources.dll
[0b00:0004][2017-10-17T09:47:47] Timestamp updated for file 'C:\Program Files (x86)\Microsoft Visual Studio\2017\Community\MSBuild\Sdks\Microsoft.NET.Sdk\tools\net46\de\Microsoft.NET.Build.Tasks.resources.dll'.
[0b00:0004][2017-10-17T09:47:47] Processing file /Contents/MSBuild/Sdks/Microsoft.NET.Sdk/tools/net46/es/Microsoft.NET.Build.Tasks.resources.dll
[0b00:0004][2017-10-17T09:47:47] Started: Copying file /Contents/MSBuild/Sdks/Microsoft.NET.Sdk/tools/net46/es/Microsoft.NET.Build.Tasks.resources.dll to C:\Program Files (x86)\Microsoft Visual Studio\2017\Community\MSBuild\Sdks\Microsoft.NET.Sdk\tools\net46\es\Microsoft.NET.Build.Tasks.resources.dll
[0b00:0004][2017-10-17T09:47:47] Completed: Copying file /Contents/MSBuild/Sdks/Microsoft.NET.Sdk/tools/net46/es/Microsoft.NET.Build.Tasks.resources.dll to C:\Program Files (x86)\Microsoft Visual Studio\2017\Community\MSBuild\Sdks\Microsoft.NET.Sdk\tools\net46\es\Microsoft.NET.Build.Tasks.resources.dll
[0b00:0004][2017-10-17T09:47:47] Timestamp updated for file 'C:\Program Files (x86)\Microsoft Visual Studio\2017\Community\MSBuild\Sdks\Microsoft.NET.Sdk\tools\net46\es\Microsoft.NET.Build.Tasks.resources.dll'.
[0b00:0004][2017-10-17T09:47:47] Processing file /Contents/MSBuild/Sdks/Microsoft.NET.Sdk/tools/net46/fr/Microsoft.NET.Build.Tasks.resources.dll
[0b00:0004][2017-10-17T09:47:47] Started: Copying file /Contents/MSBuild/Sdks/Microsoft.NET.Sdk/tools/net46/fr/Microsoft.NET.Build.Tasks.resources.dll to C:\Program Files (x86)\Microsoft Visual Studio\2017\Community\MSBuild\Sdks\Microsoft.NET.Sdk\tools\net46\fr\Microsoft.NET.Build.Tasks.resources.dll
[0b00:0004][2017-10-17T09:47:47] Completed: Copying file /Contents/MSBuild/Sdks/Microsoft.NET.Sdk/tools/net46/fr/Microsoft.NET.Build.Tasks.resources.dll to C:\Program Files (x86)\Microsoft Visual Studio\2017\Community\MSBuild\Sdks\Microsoft.NET.Sdk\tools\net46\fr\Microsoft.NET.Build.Tasks.resources.dll
[0b00:0004][2017-10-17T09:47:47] Timestamp updated for file 'C:\Program Files (x86)\Microsoft Visual Studio\2017\Community\MSBuild\Sdks\Microsoft.NET.Sdk\tools\net46\fr\Microsoft.NET.Build.Tasks.resources.dll'.
[0b00:0004][2017-10-17T09:47:47] Processing file /Contents/MSBuild/Sdks/Microsoft.NET.Sdk/tools/net46/it/Microsoft.NET.Build.Tasks.resources.dll
[0b00:0004][2017-10-17T09:47:47] Started: Copying file /Contents/MSBuild/Sdks/Microsoft.NET.Sdk/tools/net46/it/Microsoft.NET.Build.Tasks.resources.dll to C:\Program Files (x86)\Microsoft Visual Studio\2017\Community\MSBuild\Sdks\Microsoft.NET.Sdk\tools\net46\it\Microsoft.NET.Build.Tasks.resources.dll
[0b00:0004][2017-10-17T09:47:47] Completed: Copying file /Contents/MSBuild/Sdks/Microsoft.NET.Sdk/tools/net46/it/Microsoft.NET.Build.Tasks.resources.dll to C:\Program Files (x86)\Microsoft Visual Studio\2017\Community\MSBuild\Sdks\Microsoft.NET.Sdk\tools\net46\it\Microsoft.NET.Build.Tasks.resources.dll
[0b00:0004][2017-10-17T09:47:47] Timestamp updated for file 'C:\Program Files (x86)\Microsoft Visual Studio\2017\Community\MSBuild\Sdks\Microsoft.NET.Sdk\tools\net46\it\Microsoft.NET.Build.Tasks.resources.dll'.
[0b00:0004][2017-10-17T09:47:47] Processing file /Contents/MSBuild/Sdks/Microsoft.NET.Sdk/tools/net46/ja/Microsoft.NET.Build.Tasks.resources.dll
[0b00:0004][2017-10-17T09:47:47] Started: Copying file /Contents/MSBuild/Sdks/Microsoft.NET.Sdk/tools/net46/ja/Microsoft.NET.Build.Tasks.resources.dll to C:\Program Files (x86)\Microsoft Visual Studio\2017\Community\MSBuild\Sdks\Microsoft.NET.Sdk\tools\net46\ja\Microsoft.NET.Build.Tasks.resources.dll
[0b00:0004][2017-10-17T09:47:47] Completed: Copying file /Contents/MSBuild/Sdks/Microsoft.NET.Sdk/tools/net46/ja/Microsoft.NET.Build.Tasks.resources.dll to C:\Program Files (x86)\Microsoft Visual Studio\2017\Community\MSBuild\Sdks\Microsoft.NET.Sdk\tools\net46\ja\Microsoft.NET.Build.Tasks.resources.dll
[0b00:0004][2017-10-17T09:47:47] Timestamp updated for file 'C:\Program Files (x86)\Microsoft Visual Studio\2017\Community\MSBuild\Sdks\Microsoft.NET.Sdk\tools\net46\ja\Microsoft.NET.Build.Tasks.resources.dll'.
[0b00:0004][2017-10-17T09:47:47] Processing file /Contents/MSBuild/Sdks/Microsoft.NET.Sdk/tools/net46/ko/Microsoft.NET.Build.Tasks.resources.dll
[0b00:0004][2017-10-17T09:47:47] Started: Copying file /Contents/MSBuild/Sdks/Microsoft.NET.Sdk/tools/net46/ko/Microsoft.NET.Build.Tasks.resources.dll to C:\Program Files (x86)\Microsoft Visual Studio\2017\Community\MSBuild\Sdks\Microsoft.NET.Sdk\tools\net46\ko\Microsoft.NET.Build.Tasks.resources.dll
[0b00:0004][2017-10-17T09:47:47] Completed: Copying file /Contents/MSBuild/Sdks/Microsoft.NET.Sdk/tools/net46/ko/Microsoft.NET.Build.Tasks.resources.dll to C:\Program Files (x86)\Microsoft Visual Studio\2017\Community\MSBuild\Sdks\Microsoft.NET.Sdk\tools\net46\ko\Microsoft.NET.Build.Tasks.resources.dll
[0b00:0004][2017-10-17T09:47:47] Timestamp updated for file 'C:\Program Files (x86)\Microsoft Visual Studio\2017\Community\MSBuild\Sdks\Microsoft.NET.Sdk\tools\net46\ko\Microsoft.NET.Build.Tasks.resources.dll'.
[0b00:0004][2017-10-17T09:47:47] Processing file /Contents/MSBuild/Sdks/Microsoft.NET.Sdk/tools/net46/Microsoft.DotNet.PlatformAbstractions.dll
[0b00:0004][2017-10-17T09:47:47] Started: Copying file /Contents/MSBuild/Sdks/Microsoft.NET.Sdk/tools/net46/Microsoft.DotNet.PlatformAbstractions.dll to C:\Program Files (x86)\Microsoft Visual Studio\2017\Community\MSBuild\Sdks\Microsoft.NET.Sdk\tools\net46\Microsoft.DotNet.PlatformAbstractions.dll
[0b00:0004][2017-10-17T09:47:47] Completed: Copying file /Contents/MSBuild/Sdks/Microsoft.NET.Sdk/tools/net46/Microsoft.DotNet.PlatformAbstractions.dll to C:\Program Files (x86)\Microsoft Visual Studio\2017\Community\MSBuild\Sdks\Microsoft.NET.Sdk\tools\net46\Microsoft.DotNet.PlatformAbstractions.dll
[0b00:0004][2017-10-17T09:47:47] Timestamp updated for file 'C:\Program Files (x86)\Microsoft Visual Studio\2017\Community\MSBuild\Sdks\Microsoft.NET.Sdk\tools\net46\Microsoft.DotNet.PlatformAbstractions.dll'.
[0b00:0004][2017-10-17T09:47:47] Processing file /Contents/MSBuild/Sdks/Microsoft.NET.Sdk/tools/net46/Microsoft.Extensions.DependencyModel.dll
[0b00:0004][2017-10-17T09:47:47] Started: Copying file /Contents/MSBuild/Sdks/Microsoft.NET.Sdk/tools/net46/Microsoft.Extensions.DependencyModel.dll to C:\Program Files (x86)\Microsoft Visual Studio\2017\Community\MSBuild\Sdks\Microsoft.NET.Sdk\tools\net46\Microsoft.Extensions.DependencyModel.dll
[0b00:0004][2017-10-17T09:47:47] Completed: Copying file /Contents/MSBuild/Sdks/Microsoft.NET.Sdk/tools/net46/Microsoft.Extensions.DependencyModel.dll to C:\Program Files (x86)\Microsoft Visual Studio\2017\Community\MSBuild\Sdks\Microsoft.NET.Sdk\tools\net46\Microsoft.Extensions.DependencyModel.dll
[0b00:0004][2017-10-17T09:47:47] Timestamp updated for file 'C:\Program Files (x86)\Microsoft Visual Studio\2017\Community\MSBuild\Sdks\Microsoft.NET.Sdk\tools\net46\Microsoft.Extensions.DependencyModel.dll'.
[0b00:0004][2017-10-17T09:47:47] Processing file /Contents/MSBuild/Sdks/Microsoft.NET.Sdk/tools/net46/Microsoft.NET.Build.Tasks.dll
[0b00:0004][2017-10-17T09:47:47] Started: Copying file /Contents/MSBuild/Sdks/Microsoft.NET.Sdk/tools/net46/Microsoft.NET.Build.Tasks.dll to C:\Program Files (x86)\Microsoft Visual Studio\2017\Community\MSBuild\Sdks\Microsoft.NET.Sdk\tools\net46\Microsoft.NET.Build.Tasks.dll
[0b00:0004][2017-10-17T09:47:47] Completed: Copying file /Contents/MSBuild/Sdks/Microsoft.NET.Sdk/tools/net46/Microsoft.NET.Build.Tasks.dll to C:\Program Files (x86)\Microsoft Visual Studio\2017\Community\MSBuild\Sdks\Microsoft.NET.Sdk\tools\net46\Microsoft.NET.Build.Tasks.dll
[0b00:0004][2017-10-17T09:47:47] Timestamp updated for file 'C:\Program Files (x86)\Microsoft Visual Studio\2017\Community\MSBuild\Sdks\Microsoft.NET.Sdk\tools\net46\Microsoft.NET.Build.Tasks.dll'.
[0b00:0004][2017-10-17T09:47:47] Processing file /Contents/MSBuild/Sdks/Microsoft.NET.Sdk/tools/net46/Newtonsoft.Json.6.0.4/Newtonsoft.Json.dll
[0b00:0004][2017-10-17T09:47:47] Started: Copying file /Contents/MSBuild/Sdks/Microsoft.NET.Sdk/tools/net46/Newtonsoft.Json.6.0.4/Newtonsoft.Json.dll to C:\Program Files (x86)\Microsoft Visual Studio\2017\Community\MSBuild\Sdks\Microsoft.NET.Sdk\tools\net46\Newtonsoft.Json.6.0.4\Newtonsoft.Json.dll
[0b00:0004][2017-10-17T09:47:47] Completed: Copying file /Contents/MSBuild/Sdks/Microsoft.NET.Sdk/tools/net46/Newtonsoft.Json.6.0.4/Newtonsoft.Json.dll to C:\Program Files (x86)\Microsoft Visual Studio\2017\Community\MSBuild\Sdks\Microsoft.NET.Sdk\tools\net46\Newtonsoft.Json.6.0.4\Newtonsoft.Json.dll
[0b00:0004][2017-10-17T09:47:47] Timestamp updated for file 'C:\Program Files (x86)\Microsoft Visual Studio\2017\Community\MSBuild\Sdks\Microsoft.NET.Sdk\tools\net46\Newtonsoft.Json.6.0.4\Newtonsoft.Json.dll'.
[0b00:0004][2017-10-17T09:47:47] Processing file /Contents/MSBuild/Sdks/Microsoft.NET.Sdk/tools/net46/Newtonsoft.Json.dll
[0b00:0004][2017-10-17T09:47:47] Started: Copying file /Contents/MSBuild/Sdks/Microsoft.NET.Sdk/tools/net46/Newtonsoft.Json.dll to C:\Program Files (x86)\Microsoft Visual Studio\2017\Community\MSBuild\Sdks\Microsoft.NET.Sdk\tools\net46\Newtonsoft.Json.dll
[0b00:0004][2017-10-17T09:47:47] Completed: Copying file /Contents/MSBuild/Sdks/Microsoft.NET.Sdk/tools/net46/Newtonsoft.Json.dll to C:\Program Files (x86)\Microsoft Visual Studio\2017\Community\MSBuild\Sdks\Microsoft.NET.Sdk\tools\net46\Newtonsoft.Json.dll
[0b00:0004][2017-10-17T09:47:47] Timestamp updated for file 'C:\Program Files (x86)\Microsoft Visual Studio\2017\Community\MSBuild\Sdks\Microsoft.NET.Sdk\tools\net46\Newtonsoft.Json.dll'.
[0b00:0004][2017-10-17T09:47:47] Processing file /Contents/MSBuild/Sdks/Microsoft.NET.Sdk/tools/net46/NuGet.Common.dll
[0b00:0004][2017-10-17T09:47:47] Started: Copying file /Contents/MSBuild/Sdks/Microsoft.NET.Sdk/tools/net46/NuGet.Common.dll to C:\Program Files (x86)\Microsoft Visual Studio\2017\Community\MSBuild\Sdks\Microsoft.NET.Sdk\tools\net46\NuGet.Common.dll
[0b00:0004][2017-10-17T09:47:47] Completed: Copying file /Contents/MSBuild/Sdks/Microsoft.NET.Sdk/tools/net46/NuGet.Common.dll to C:\Program Files (x86)\Microsoft Visual Studio\2017\Community\MSBuild\Sdks\Microsoft.NET.Sdk\tools\net46\NuGet.Common.dll
[0b00:0004][2017-10-17T09:47:47] Timestamp updated for file 'C:\Program Files (x86)\Microsoft Visual Studio\2017\Community\MSBuild\Sdks\Microsoft.NET.Sdk\tools\net46\NuGet.Common.dll'.
[0b00:0004][2017-10-17T09:47:47] Processing file /Contents/MSBuild/Sdks/Microsoft.NET.Sdk/tools/net46/NuGet.Configuration.dll
[0b00:0004][2017-10-17T09:47:47] Started: Copying file /Contents/MSBuild/Sdks/Microsoft.NET.Sdk/tools/net46/NuGet.Configuration.dll to C:\Program Files (x86)\Microsoft Visual Studio\2017\Community\MSBuild\Sdks\Microsoft.NET.Sdk\tools\net46\NuGet.Configuration.dll
[0b00:0004][2017-10-17T09:47:47] Completed: Copying file /Contents/MSBuild/Sdks/Microsoft.NET.Sdk/tools/net46/NuGet.Configuration.dll to C:\Program Files (x86)\Microsoft Visual Studio\2017\Community\MSBuild\Sdks\Microsoft.NET.Sdk\tools\net46\NuGet.Configuration.dll
[0b00:0004][2017-10-17T09:47:47] Timestamp updated for file 'C:\Program Files (x86)\Microsoft Visual Studio\2017\Community\MSBuild\Sdks\Microsoft.NET.Sdk\tools\net46\NuGet.Configuration.dll'.
[0b00:0004][2017-10-17T09:47:47] Processing file /Contents/MSBuild/Sdks/Microsoft.NET.Sdk/tools/net46/NuGet.DependencyResolver.Core.dll
[0b00:0004][2017-10-17T09:47:47] Started: Copying file /Contents/MSBuild/Sdks/Microsoft.NET.Sdk/tools/net46/NuGet.DependencyResolver.Core.dll to C:\Program Files (x86)\Microsoft Visual Studio\2017\Community\MSBuild\Sdks\Microsoft.NET.Sdk\tools\net46\NuGet.DependencyResolver.Core.dll
[0b00:0004][2017-10-17T09:47:47] Completed: Copying file /Contents/MSBuild/Sdks/Microsoft.NET.Sdk/tools/net46/NuGet.DependencyResolver.Core.dll to C:\Program Files (x86)\Microsoft Visual Studio\2017\Community\MSBuild\Sdks\Microsoft.NET.Sdk\tools\net46\NuGet.DependencyResolver.Core.dll
[0b00:0004][2017-10-17T09:47:47] Timestamp updated for file 'C:\Program Files (x86)\Microsoft Visual Studio\2017\Community\MSBuild\Sdks\Microsoft.NET.Sdk\tools\net46\NuGet.DependencyResolver.Core.dll'.
[0b00:0004][2017-10-17T09:47:47] Processing file /Contents/MSBuild/Sdks/Microsoft.NET.Sdk/tools/net46/NuGet.Frameworks.dll
[0b00:0004][2017-10-17T09:47:47] Started: Copying file /Contents/MSBuild/Sdks/Microsoft.NET.Sdk/tools/net46/NuGet.Frameworks.dll to C:\Program Files (x86)\Microsoft Visual Studio\2017\Community\MSBuild\Sdks\Microsoft.NET.Sdk\tools\net46\NuGet.Frameworks.dll
[0b00:0004][2017-10-17T09:47:47] Completed: Copying file /Contents/MSBuild/Sdks/Microsoft.NET.Sdk/tools/net46/NuGet.Frameworks.dll to C:\Program Files (x86)\Microsoft Visual Studio\2017\Community\MSBuild\Sdks\Microsoft.NET.Sdk\tools\net46\NuGet.Frameworks.dll
[0b00:0004][2017-10-17T09:47:47] Timestamp updated for file 'C:\Program Files (x86)\Microsoft Visual Studio\2017\Community\MSBuild\Sdks\Microsoft.NET.Sdk\tools\net46\NuGet.Frameworks.dll'.
[0b00:0004][2017-10-17T09:47:47] Processing file /Contents/MSBuild/Sdks/Microsoft.NET.Sdk/tools/net46/NuGet.LibraryModel.dll
[0b00:0004][2017-10-17T09:47:47] Started: Copying file /Contents/MSBuild/Sdks/Microsoft.NET.Sdk/tools/net46/NuGet.LibraryModel.dll to C:\Program Files (x86)\Microsoft Visual Studio\2017\Community\MSBuild\Sdks\Microsoft.NET.Sdk\tools\net46\NuGet.LibraryModel.dll
[0b00:0004][2017-10-17T09:47:47] Completed: Copying file /Contents/MSBuild/Sdks/Microsoft.NET.Sdk/tools/net46/NuGet.LibraryModel.dll to C:\Program Files (x86)\Microsoft Visual Studio\2017\Community\MSBuild\Sdks\Microsoft.NET.Sdk\tools\net46\NuGet.LibraryModel.dll
[0b00:0004][2017-10-17T09:47:47] Timestamp updated for file 'C:\Program Files (x86)\Microsoft Visual Studio\2017\Community\MSBuild\Sdks\Microsoft.NET.Sdk\tools\net46\NuGet.LibraryModel.dll'.
[0b00:0004][2017-10-17T09:47:47] Processing file /Contents/MSBuild/Sdks/Microsoft.NET.Sdk/tools/net46/NuGet.Packaging.Core.dll
[0b00:0004][2017-10-17T09:47:47] Started: Copying file /Contents/MSBuild/Sdks/Microsoft.NET.Sdk/tools/net46/NuGet.Packaging.Core.dll to C:\Program Files (x86)\Microsoft Visual Studio\2017\Community\MSBuild\Sdks\Microsoft.NET.Sdk\tools\net46\NuGet.Packaging.Core.dll
[0b00:0004][2017-10-17T09:47:47] Completed: Copying file /Contents/MSBuild/Sdks/Microsoft.NET.Sdk/tools/net46/NuGet.Packaging.Core.dll to C:\Program Files (x86)\Microsoft Visual Studio\2017\Community\MSBuild\Sdks\Microsoft.NET.Sdk\tools\net46\NuGet.Packaging.Core.dll
[0b00:0004][2017-10-17T09:47:47] Timestamp updated for file 'C:\Program Files (x86)\Microsoft Visual Studio\2017\Community\MSBuild\Sdks\Microsoft.NET.Sdk\tools\net46\NuGet.Packaging.Core.dll'.
[0b00:0004][2017-10-17T09:47:47] Processing file /Contents/MSBuild/Sdks/Microsoft.NET.Sdk/tools/net46/NuGet.Packaging.dll
[0b00:0004][2017-10-17T09:47:47] Started: Copying file /Contents/MSBuild/Sdks/Microsoft.NET.Sdk/tools/net46/NuGet.Packaging.dll to C:\Program Files (x86)\Microsoft Visual Studio\2017\Community\MSBuild\Sdks\Microsoft.NET.Sdk\tools\net46\NuGet.Packaging.dll
[0b00:0004][2017-10-17T09:47:47] Completed: Copying file /Contents/MSBuild/Sdks/Microsoft.NET.Sdk/tools/net46/NuGet.Packaging.dll to C:\Program Files (x86)\Microsoft Visual Studio\2017\Community\MSBuild\Sdks\Microsoft.NET.Sdk\tools\net46\NuGet.Packaging.dll
[0b00:0004][2017-10-17T09:47:47] Timestamp updated for file 'C:\Program Files (x86)\Microsoft Visual Studio\2017\Community\MSBuild\Sdks\Microsoft.NET.Sdk\tools\net46\NuGet.Packaging.dll'.
[0b00:0004][2017-10-17T09:47:47] Processing file /Contents/MSBuild/Sdks/Microsoft.NET.Sdk/tools/net46/NuGet.ProjectModel.dll
[0b00:0004][2017-10-17T09:47:47] Started: Copying file /Contents/MSBuild/Sdks/Microsoft.NET.Sdk/tools/net46/NuGet.ProjectModel.dll to C:\Program Files (x86)\Microsoft Visual Studio\2017\Community\MSBuild\Sdks\Microsoft.NET.Sdk\tools\net46\NuGet.ProjectModel.dll
[0b00:0004][2017-10-17T09:47:47] Completed: Copying file /Contents/MSBuild/Sdks/Microsoft.NET.Sdk/tools/net46/NuGet.ProjectModel.dll to C:\Program Files (x86)\Microsoft Visual Studio\2017\Community\MSBuild\Sdks\Microsoft.NET.Sdk\tools\net46\NuGet.ProjectModel.dll
[0b00:0004][2017-10-17T09:47:47] Timestamp updated for file 'C:\Program Files (x86)\Microsoft Visual Studio\2017\Community\MSBuild\Sdks\Microsoft.NET.Sdk\tools\net46\NuGet.ProjectModel.dll'.
[0b00:0004][2017-10-17T09:47:47] Processing file /Contents/MSBuild/Sdks/Microsoft.NET.Sdk/tools/net46/NuGet.Protocol.dll
[0b00:0004][2017-10-17T09:47:47] Started: Copying file /Contents/MSBuild/Sdks/Microsoft.NET.Sdk/tools/net46/NuGet.Protocol.dll to C:\Program Files (x86)\Microsoft Visual Studio\2017\Community\MSBuild\Sdks\Microsoft.NET.Sdk\tools\net46\NuGet.Protocol.dll
[0b00:0004][2017-10-17T09:47:47] Completed: Copying file /Contents/MSBuild/Sdks/Microsoft.NET.Sdk/tools/net46/NuGet.Protocol.dll to C:\Program Files (x86)\Microsoft Visual Studio\2017\Community\MSBuild\Sdks\Microsoft.NET.Sdk\tools\net46\NuGet.Protocol.dll
[0b00:0004][2017-10-17T09:47:47] Timestamp updated for file 'C:\Program Files (x86)\Microsoft Visual Studio\2017\Community\MSBuild\Sdks\Microsoft.NET.Sdk\tools\net46\NuGet.Protocol.dll'.
[0b00:0004][2017-10-17T09:47:47] Processing file /Contents/MSBuild/Sdks/Microsoft.NET.Sdk/tools/net46/NuGet.Versioning.dll
[0b00:0004][2017-10-17T09:47:47] Started: Copying file /Contents/MSBuild/Sdks/Microsoft.NET.Sdk/tools/net46/NuGet.Versioning.dll to C:\Program Files (x86)\Microsoft Visual Studio\2017\Community\MSBuild\Sdks\Microsoft.NET.Sdk\tools\net46\NuGet.Versioning.dll
[0b00:0004][2017-10-17T09:47:47] Completed: Copying file /Contents/MSBuild/Sdks/Microsoft.NET.Sdk/tools/net46/NuGet.Versioning.dll to C:\Program Files (x86)\Microsoft Visual Studio\2017\Community\MSBuild\Sdks\Microsoft.NET.Sdk\tools\net46\NuGet.Versioning.dll
[0b00:0004][2017-10-17T09:47:47] Timestamp updated for file 'C:\Program Files (x86)\Microsoft Visual Studio\2017\Community\MSBuild\Sdks\Microsoft.NET.Sdk\tools\net46\NuGet.Versioning.dll'.
[0b00:0004][2017-10-17T09:47:47] Processing file /Contents/MSBuild/Sdks/Microsoft.NET.Sdk/tools/net46/pl/Microsoft.NET.Build.Tasks.resources.dll
[0b00:0004][2017-10-17T09:47:47] Started: Copying file /Contents/MSBuild/Sdks/Microsoft.NET.Sdk/tools/net46/pl/Microsoft.NET.Build.Tasks.resources.dll to C:\Program Files (x86)\Microsoft Visual Studio\2017\Community\MSBuild\Sdks\Microsoft.NET.Sdk\tools\net46\pl\Microsoft.NET.Build.Tasks.resources.dll
[0b00:0004][2017-10-17T09:47:47] Completed: Copying file /Contents/MSBuild/Sdks/Microsoft.NET.Sdk/tools/net46/pl/Microsoft.NET.Build.Tasks.resources.dll to C:\Program Files (x86)\Microsoft Visual Studio\2017\Community\MSBuild\Sdks\Microsoft.NET.Sdk\tools\net46\pl\Microsoft.NET.Build.Tasks.resources.dll
[0b00:0004][2017-10-17T09:47:47] Timestamp updated for file 'C:\Program Files (x86)\Microsoft Visual Studio\2017\Community\MSBuild\Sdks\Microsoft.NET.Sdk\tools\net46\pl\Microsoft.NET.Build.Tasks.resources.dll'.
[0b00:0004][2017-10-17T09:47:47] Processing file /Contents/MSBuild/Sdks/Microsoft.NET.Sdk/tools/net46/pt-BR/Microsoft.NET.Build.Tasks.resources.dll
[0b00:0004][2017-10-17T09:47:47] Started: Copying file /Contents/MSBuild/Sdks/Microsoft.NET.Sdk/tools/net46/pt-BR/Microsoft.NET.Build.Tasks.resources.dll to C:\Program Files (x86)\Microsoft Visual Studio\2017\Community\MSBuild\Sdks\Microsoft.NET.Sdk\tools\net46\pt-BR\Microsoft.NET.Build.Tasks.resources.dll
[0b00:0004][2017-10-17T09:47:47] Completed: Copying file /Contents/MSBuild/Sdks/Microsoft.NET.Sdk/tools/net46/pt-BR/Microsoft.NET.Build.Tasks.resources.dll to C:\Program Files (x86)\Microsoft Visual Studio\2017\Community\MSBuild\Sdks\Microsoft.NET.Sdk\tools\net46\pt-BR\Microsoft.NET.Build.Tasks.resources.dll
[0b00:0004][2017-10-17T09:47:47] Timestamp updated for file 'C:\Program Files (x86)\Microsoft Visual Studio\2017\Community\MSBuild\Sdks\Microsoft.NET.Sdk\tools\net46\pt-BR\Microsoft.NET.Build.Tasks.resources.dll'.
[0b00:0004][2017-10-17T09:47:47] Processing file /Contents/MSBuild/Sdks/Microsoft.NET.Sdk/tools/net46/ru/Microsoft.NET.Build.Tasks.resources.dll
[0b00:0004][2017-10-17T09:47:47] Started: Copying file /Contents/MSBuild/Sdks/Microsoft.NET.Sdk/tools/net46/ru/Microsoft.NET.Build.Tasks.resources.dll to C:\Program Files (x86)\Microsoft Visual Studio\2017\Community\MSBuild\Sdks\Microsoft.NET.Sdk\tools\net46\ru\Microsoft.NET.Build.Tasks.resources.dll
[0b00:0004][2017-10-17T09:47:47] Completed: Copying file /Contents/MSBuild/Sdks/Microsoft.NET.Sdk/tools/net46/ru/Microsoft.NET.Build.Tasks.resources.dll to C:\Program Files (x86)\Microsoft Visual Studio\2017\Community\MSBuild\Sdks\Microsoft.NET.Sdk\tools\net46\ru\Microsoft.NET.Build.Tasks.resources.dll
[0b00:0004][2017-10-17T09:47:47] Timestamp updated for file 'C:\Program Files (x86)\Microsoft Visual Studio\2017\Community\MSBuild\Sdks\Microsoft.NET.Sdk\tools\net46\ru\Microsoft.NET.Build.Tasks.resources.dll'.
[0b00:0004][2017-10-17T09:47:47] Processing file /Contents/MSBuild/Sdks/Microsoft.NET.Sdk/tools/net46/System.Console.dll
[0b00:0004][2017-10-17T09:47:47] Started: Copying file /Contents/MSBuild/Sdks/Microsoft.NET.Sdk/tools/net46/System.Console.dll to C:\Program Files (x86)\Microsoft Visual Studio\2017\Community\MSBuild\Sdks\Microsoft.NET.Sdk\tools\net46\System.Console.dll
[0b00:0004][2017-10-17T09:47:47] Completed: Copying file /Contents/MSBuild/Sdks/Microsoft.NET.Sdk/tools/net46/System.Console.dll to C:\Program Files (x86)\Microsoft Visual Studio\2017\Community\MSBuild\Sdks\Microsoft.NET.Sdk\tools\net46\System.Console.dll
[0b00:0004][2017-10-17T09:47:47] Timestamp updated for file 'C:\Program Files (x86)\Microsoft Visual Studio\2017\Community\MSBuild\Sdks\Microsoft.NET.Sdk\tools\net46\System.Console.dll'.
[0b00:0004][2017-10-17T09:47:47] Processing file /Contents/MSBuild/Sdks/Microsoft.NET.Sdk/tools/net46/System.Diagnostics.Process.dll
[0b00:0004][2017-10-17T09:47:47] Started: Copying file /Contents/MSBuild/Sdks/Microsoft.NET.Sdk/tools/net46/System.Diagnostics.Process.dll to C:\Program Files (x86)\Microsoft Visual Studio\2017\Community\MSBuild\Sdks\Microsoft.NET.Sdk\tools\net46\System.Diagnostics.Process.dll
[0b00:0004][2017-10-17T09:47:47] Completed: Copying file /Contents/MSBuild/Sdks/Microsoft.NET.Sdk/tools/net46/System.Diagnostics.Process.dll to C:\Program Files (x86)\Microsoft Visual Studio\2017\Community\MSBuild\Sdks\Microsoft.NET.Sdk\tools\net46\System.Diagnostics.Process.dll
[0b00:0004][2017-10-17T09:47:47] Timestamp updated for file 'C:\Program Files (x86)\Microsoft Visual Studio\2017\Community\MSBuild\Sdks\Microsoft.NET.Sdk\tools\net46\System.Diagnostics.Process.dll'.
[0b00:0004][2017-10-17T09:47:47] Processing file /Contents/MSBuild/Sdks/Microsoft.NET.Sdk/tools/net46/System.IO.FileSystem.dll
[0b00:0004][2017-10-17T09:47:47] Started: Copying file /Contents/MSBuild/Sdks/Microsoft.NET.Sdk/tools/net46/System.IO.FileSystem.dll to C:\Program Files (x86)\Microsoft Visual Studio\2017\Community\MSBuild\Sdks\Microsoft.NET.Sdk\tools\net46\System.IO.FileSystem.dll
[0b00:0004][2017-10-17T09:47:47] Completed: Copying file /Contents/MSBuild/Sdks/Microsoft.NET.Sdk/tools/net46/System.IO.FileSystem.dll to C:\Program Files (x86)\Microsoft Visual Studio\2017\Community\MSBuild\Sdks\Microsoft.NET.Sdk\tools\net46\System.IO.FileSystem.dll
[0b00:0004][2017-10-17T09:47:47] Timestamp updated for file 'C:\Program Files (x86)\Microsoft Visual Studio\2017\Community\MSBuild\Sdks\Microsoft.NET.Sdk\tools\net46\System.IO.FileSystem.dll'.
[0b00:0004][2017-10-17T09:47:47] Processing file /Contents/MSBuild/Sdks/Microsoft.NET.Sdk/tools/net46/System.IO.FileSystem.Primitives.dll
[0b00:0004][2017-10-17T09:47:47] Started: Copying file /Contents/MSBuild/Sdks/Microsoft.NET.Sdk/tools/net46/System.IO.FileSystem.Primitives.dll to C:\Program Files (x86)\Microsoft Visual Studio\2017\Community\MSBuild\Sdks\Microsoft.NET.Sdk\tools\net46\System.IO.FileSystem.Primitives.dll
[0b00:0004][2017-10-17T09:47:47] Completed: Copying file /Contents/MSBuild/Sdks/Microsoft.NET.Sdk/tools/net46/System.IO.FileSystem.Primitives.dll to C:\Program Files (x86)\Microsoft Visual Studio\2017\Community\MSBuild\Sdks\Microsoft.NET.Sdk\tools\net46\System.IO.FileSystem.Primitives.dll
[0b00:0004][2017-10-17T09:47:47] Timestamp updated for file 'C:\Program Files (x86)\Microsoft Visual Studio\2017\Community\MSBuild\Sdks\Microsoft.NET.Sdk\tools\net46\System.IO.FileSystem.Primitives.dll'.
[0b00:0004][2017-10-17T09:47:47] Processing file /Contents/MSBuild/Sdks/Microsoft.NET.Sdk/tools/net46/System.Runtime.InteropServices.RuntimeInformation.dll
[0b00:0004][2017-10-17T09:47:47] Started: Copying file /Contents/MSBuild/Sdks/Microsoft.NET.Sdk/tools/net46/System.Runtime.InteropServices.RuntimeInformation.dll to C:\Program Files (x86)\Microsoft Visual Studio\2017\Community\MSBuild\Sdks\Microsoft.NET.Sdk\tools\net46\System.Runtime.InteropServices.RuntimeInformation.dll
[0b00:0004][2017-10-17T09:47:47] Completed: Copying file /Contents/MSBuild/Sdks/Microsoft.NET.Sdk/tools/net46/System.Runtime.InteropServices.RuntimeInformation.dll to C:\Program Files (x86)\Microsoft Visual Studio\2017\Community\MSBuild\Sdks\Microsoft.NET.Sdk\tools\net46\System.Runtime.InteropServices.RuntimeInformation.dll
[0b00:0004][2017-10-17T09:47:47] Timestamp updated for file 'C:\Program Files (x86)\Microsoft Visual Studio\2017\Community\MSBuild\Sdks\Microsoft.NET.Sdk\tools\net46\System.Runtime.InteropServices.RuntimeInformation.dll'.
[0b00:0004][2017-10-17T09:47:47] Processing file /Contents/MSBuild/Sdks/Microsoft.NET.Sdk/tools/net46/System.Security.Claims.dll
[0b00:0004][2017-10-17T09:47:47] Started: Copying file /Contents/MSBuild/Sdks/Microsoft.NET.Sdk/tools/net46/System.Security.Claims.dll to C:\Program Files (x86)\Microsoft Visual Studio\2017\Community\MSBuild\Sdks\Microsoft.NET.Sdk\tools\net46\System.Security.Claims.dll
[0b00:0004][2017-10-17T09:47:47] Completed: Copying file /Contents/MSBuild/Sdks/Microsoft.NET.Sdk/tools/net46/System.Security.Claims.dll to C:\Program Files (x86)\Microsoft Visual Studio\2017\Community\MSBuild\Sdks\Microsoft.NET.Sdk\tools\net46\System.Security.Claims.dll
[0b00:0004][2017-10-17T09:47:47] Timestamp updated for file 'C:\Program Files (x86)\Microsoft Visual Studio\2017\Community\MSBuild\Sdks\Microsoft.NET.Sdk\tools\net46\System.Security.Claims.dll'.
[0b00:0004][2017-10-17T09:47:47] Processing file /Contents/MSBuild/Sdks/Microsoft.NET.Sdk/tools/net46/System.Security.Principal.Windows.dll
[0b00:0004][2017-10-17T09:47:47] Started: Copying file /Contents/MSBuild/Sdks/Microsoft.NET.Sdk/tools/net46/System.Security.Principal.Windows.dll to C:\Program Files (x86)\Microsoft Visual Studio\2017\Community\MSBuild\Sdks\Microsoft.NET.Sdk\tools\net46\System.Security.Principal.Windows.dll
[0b00:0004][2017-10-17T09:47:47] Completed: Copying file /Contents/MSBuild/Sdks/Microsoft.NET.Sdk/tools/net46/System.Security.Principal.Windows.dll to C:\Program Files (x86)\Microsoft Visual Studio\2017\Community\MSBuild\Sdks\Microsoft.NET.Sdk\tools\net46\System.Security.Principal.Windows.dll
[0b00:0004][2017-10-17T09:47:47] Timestamp updated for file 'C:\Program Files (x86)\Microsoft Visual Studio\2017\Community\MSBuild\Sdks\Microsoft.NET.Sdk\tools\net46\System.Security.Principal.Windows.dll'.
[0b00:0004][2017-10-17T09:47:47] Processing file /Contents/MSBuild/Sdks/Microsoft.NET.Sdk/tools/net46/System.Threading.Thread.dll
[0b00:0004][2017-10-17T09:47:47] Started: Copying file /Contents/MSBuild/Sdks/Microsoft.NET.Sdk/tools/net46/System.Threading.Thread.dll to C:\Program Files (x86)\Microsoft Visual Studio\2017\Community\MSBuild\Sdks\Microsoft.NET.Sdk\tools\net46\System.Threading.Thread.dll
[0b00:0004][2017-10-17T09:47:47] Completed: Copying file /Contents/MSBuild/Sdks/Microsoft.NET.Sdk/tools/net46/System.Threading.Thread.dll to C:\Program Files (x86)\Microsoft Visual Studio\2017\Community\MSBuild\Sdks\Microsoft.NET.Sdk\tools\net46\System.Threading.Thread.dll
[0b00:0004][2017-10-17T09:47:47] Timestamp updated for file 'C:\Program Files (x86)\Microsoft Visual Studio\2017\Community\MSBuild\Sdks\Microsoft.NET.Sdk\tools\net46\System.Threading.Thread.dll'.
[0b00:0004][2017-10-17T09:47:47] Processing file /Contents/MSBuild/Sdks/Microsoft.NET.Sdk/tools/net46/System.Xml.ReaderWriter.dll
[0b00:0004][2017-10-17T09:47:47] Started: Copying file /Contents/MSBuild/Sdks/Microsoft.NET.Sdk/tools/net46/System.Xml.ReaderWriter.dll to C:\Program Files (x86)\Microsoft Visual Studio\2017\Community\MSBuild\Sdks\Microsoft.NET.Sdk\tools\net46\System.Xml.ReaderWriter.dll
[0b00:0004][2017-10-17T09:47:47] Completed: Copying file /Contents/MSBuild/Sdks/Microsoft.NET.Sdk/tools/net46/System.Xml.ReaderWriter.dll to C:\Program Files (x86)\Microsoft Visual Studio\2017\Community\MSBuild\Sdks\Microsoft.NET.Sdk\tools\net46\System.Xml.ReaderWriter.dll
[0b00:0004][2017-10-17T09:47:47] Timestamp updated for file 'C:\Program Files (x86)\Microsoft Visual Studio\2017\Community\MSBuild\Sdks\Microsoft.NET.Sdk\tools\net46\System.Xml.ReaderWriter.dll'.
[0b00:0004][2017-10-17T09:47:47] Processing file /Contents/MSBuild/Sdks/Microsoft.NET.Sdk/tools/net46/System.Xml.XmlDocument.dll
[0b00:0004][2017-10-17T09:47:47] Started: Copying file /Contents/MSBuild/Sdks/Microsoft.NET.Sdk/tools/net46/System.Xml.XmlDocument.dll to C:\Program Files (x86)\Microsoft Visual Studio\2017\Community\MSBuild\Sdks\Microsoft.NET.Sdk\tools\net46\System.Xml.XmlDocument.dll
[0b00:0004][2017-10-17T09:47:47] Completed: Copying file /Contents/MSBuild/Sdks/Microsoft.NET.Sdk/tools/net46/System.Xml.XmlDocument.dll to C:\Program Files (x86)\Microsoft Visual Studio\2017\Community\MSBuild\Sdks\Microsoft.NET.Sdk\tools\net46\System.Xml.XmlDocument.dll
[0b00:0004][2017-10-17T09:47:47] Timestamp updated for file 'C:\Program Files (x86)\Microsoft Visual Studio\2017\Community\MSBuild\Sdks\Microsoft.NET.Sdk\tools\net46\System.Xml.XmlDocument.dll'.
[0b00:0004][2017-10-17T09:47:47] Processing file /Contents/MSBuild/Sdks/Microsoft.NET.Sdk/tools/net46/tr/Microsoft.NET.Build.Tasks.resources.dll
[0b00:0004][2017-10-17T09:47:47] Started: Copying file /Contents/MSBuild/Sdks/Microsoft.NET.Sdk/tools/net46/tr/Microsoft.NET.Build.Tasks.resources.dll to C:\Program Files (x86)\Microsoft Visual Studio\2017\Community\MSBuild\Sdks\Microsoft.NET.Sdk\tools\net46\tr\Microsoft.NET.Build.Tasks.resources.dll
[0b00:0004][2017-10-17T09:47:47] Completed: Copying file /Contents/MSBuild/Sdks/Microsoft.NET.Sdk/tools/net46/tr/Microsoft.NET.Build.Tasks.resources.dll to C:\Program Files (x86)\Microsoft Visual Studio\2017\Community\MSBuild\Sdks\Microsoft.NET.Sdk\tools\net46\tr\Microsoft.NET.Build.Tasks.resources.dll
[0b00:0004][2017-10-17T09:47:47] Timestamp updated for file 'C:\Program Files (x86)\Microsoft Visual Studio\2017\Community\MSBuild\Sdks\Microsoft.NET.Sdk\tools\net46\tr\Microsoft.NET.Build.Tasks.resources.dll'.
[0b00:0004][2017-10-17T09:47:47] Processing file /Contents/MSBuild/Sdks/Microsoft.NET.Sdk/tools/net46/zh-Hans/Microsoft.NET.Build.Tasks.resources.dll
[0b00:0004][2017-10-17T09:47:47] Started: Copying file /Contents/MSBuild/Sdks/Microsoft.NET.Sdk/tools/net46/zh-Hans/Microsoft.NET.Build.Tasks.resources.dll to C:\Program Files (x86)\Microsoft Visual Studio\2017\Community\MSBuild\Sdks\Microsoft.NET.Sdk\tools\net46\zh-Hans\Microsoft.NET.Build.Tasks.resources.dll
[0b00:0004][2017-10-17T09:47:47] Completed: Copying file /Contents/MSBuild/Sdks/Microsoft.NET.Sdk/tools/net46/zh-Hans/Microsoft.NET.Build.Tasks.resources.dll to C:\Program Files (x86)\Microsoft Visual Studio\2017\Community\MSBuild\Sdks\Microsoft.NET.Sdk\tools\net46\zh-Hans\Microsoft.NET.Build.Tasks.resources.dll
[0b00:0004][2017-10-17T09:47:47] Timestamp updated for file 'C:\Program Files (x86)\Microsoft Visual Studio\2017\Community\MSBuild\Sdks\Microsoft.NET.Sdk\tools\net46\zh-Hans\Microsoft.NET.Build.Tasks.resources.dll'.
[0b00:0004][2017-10-17T09:47:47] Processing file /Contents/MSBuild/Sdks/Microsoft.NET.Sdk/tools/net46/zh-Hant/Microsoft.NET.Build.Tasks.resources.dll
[0b00:0004][2017-10-17T09:47:47] Started: Copying file /Contents/MSBuild/Sdks/Microsoft.NET.Sdk/tools/net46/zh-Hant/Microsoft.NET.Build.Tasks.resources.dll to C:\Program Files (x86)\Microsoft Visual Studio\2017\Community\MSBuild\Sdks\Microsoft.NET.Sdk\tools\net46\zh-Hant\Microsoft.NET.Build.Tasks.resources.dll
[0b00:0004][2017-10-17T09:47:47] Completed: Copying file /Contents/MSBuild/Sdks/Microsoft.NET.Sdk/tools/net46/zh-Hant/Microsoft.NET.Build.Tasks.resources.dll to C:\Program Files (x86)\Microsoft Visual Studio\2017\Community\MSBuild\Sdks\Microsoft.NET.Sdk\tools\net46\zh-Hant\Microsoft.NET.Build.Tasks.resources.dll
[0b00:0004][2017-10-17T09:47:47] Timestamp updated for file 'C:\Program Files (x86)\Microsoft Visual Studio\2017\Community\MSBuild\Sdks\Microsoft.NET.Sdk\tools\net46\zh-Hant\Microsoft.NET.Build.Tasks.resources.dll'.
[0b00:0004][2017-10-17T09:47:47] Processing file /Contents/MSBuild/Sdks/Microsoft.NET.Sdk/tools/netcoreapp1.0/cs/Microsoft.NET.Build.Tasks.resources.dll
[0b00:0004][2017-10-17T09:47:47] Started: Copying file /Contents/MSBuild/Sdks/Microsoft.NET.Sdk/tools/netcoreapp1.0/cs/Microsoft.NET.Build.Tasks.resources.dll to C:\Program Files (x86)\Microsoft Visual Studio\2017\Community\MSBuild\Sdks\Microsoft.NET.Sdk\tools\netcoreapp1.0\cs\Microsoft.NET.Build.Tasks.resources.dll
[0b00:0004][2017-10-17T09:47:47] Completed: Copying file /Contents/MSBuild/Sdks/Microsoft.NET.Sdk/tools/netcoreapp1.0/cs/Microsoft.NET.Build.Tasks.resources.dll to C:\Program Files (x86)\Microsoft Visual Studio\2017\Community\MSBuild\Sdks\Microsoft.NET.Sdk\tools\netcoreapp1.0\cs\Microsoft.NET.Build.Tasks.resources.dll
[0b00:0004][2017-10-17T09:47:47] Timestamp updated for file 'C:\Program Files (x86)\Microsoft Visual Studio\2017\Community\MSBuild\Sdks\Microsoft.NET.Sdk\tools\netcoreapp1.0\cs\Microsoft.NET.Build.Tasks.resources.dll'.
[0b00:0004][2017-10-17T09:47:47] Processing file /Contents/MSBuild/Sdks/Microsoft.NET.Sdk/tools/netcoreapp1.0/de/Microsoft.NET.Build.Tasks.resources.dll
[0b00:0004][2017-10-17T09:47:47] Started: Copying file /Contents/MSBuild/Sdks/Microsoft.NET.Sdk/tools/netcoreapp1.0/de/Microsoft.NET.Build.Tasks.resources.dll to C:\Program Files (x86)\Microsoft Visual Studio\2017\Community\MSBuild\Sdks\Microsoft.NET.Sdk\tools\netcoreapp1.0\de\Microsoft.NET.Build.Tasks.resources.dll
[0b00:0004][2017-10-17T09:47:47] Completed: Copying file /Contents/MSBuild/Sdks/Microsoft.NET.Sdk/tools/netcoreapp1.0/de/Microsoft.NET.Build.Tasks.resources.dll to C:\Program Files (x86)\Microsoft Visual Studio\2017\Community\MSBuild\Sdks\Microsoft.NET.Sdk\tools\netcoreapp1.0\de\Microsoft.NET.Build.Tasks.resources.dll
[0b00:0004][2017-10-17T09:47:47] Timestamp updated for file 'C:\Program Files (x86)\Microsoft Visual Studio\2017\Community\MSBuild\Sdks\Microsoft.NET.Sdk\tools\netcoreapp1.0\de\Microsoft.NET.Build.Tasks.resources.dll'.
[0b00:0004][2017-10-17T09:47:47] Processing file /Contents/MSBuild/Sdks/Microsoft.NET.Sdk/tools/netcoreapp1.0/es/Microsoft.NET.Build.Tasks.resources.dll
[0b00:0004][2017-10-17T09:47:47] Started: Copying file /Contents/MSBuild/Sdks/Microsoft.NET.Sdk/tools/netcoreapp1.0/es/Microsoft.NET.Build.Tasks.resources.dll to C:\Program Files (x86)\Microsoft Visual Studio\2017\Community\MSBuild\Sdks\Microsoft.NET.Sdk\tools\netcoreapp1.0\es\Microsoft.NET.Build.Tasks.resources.dll
[0b00:0004][2017-10-17T09:47:47] Completed: Copying file /Contents/MSBuild/Sdks/Microsoft.NET.Sdk/tools/netcoreapp1.0/es/Microsoft.NET.Build.Tasks.resources.dll to C:\Program Files (x86)\Microsoft Visual Studio\2017\Community\MSBuild\Sdks\Microsoft.NET.Sdk\tools\netcoreapp1.0\es\Microsoft.NET.Build.Tasks.resources.dll
[0b00:0004][2017-10-17T09:47:47] Timestamp updated for file 'C:\Program Files (x86)\Microsoft Visual Studio\2017\Community\MSBuild\Sdks\Microsoft.NET.Sdk\tools\netcoreapp1.0\es\Microsoft.NET.Build.Tasks.resources.dll'.
[0b00:0004][2017-10-17T09:47:47] Processing file /Contents/MSBuild/Sdks/Microsoft.NET.Sdk/tools/netcoreapp1.0/fr/Microsoft.NET.Build.Tasks.resources.dll
[0b00:0004][2017-10-17T09:47:47] Started: Copying file /Contents/MSBuild/Sdks/Microsoft.NET.Sdk/tools/netcoreapp1.0/fr/Microsoft.NET.Build.Tasks.resources.dll to C:\Program Files (x86)\Microsoft Visual Studio\2017\Community\MSBuild\Sdks\Microsoft.NET.Sdk\tools\netcoreapp1.0\fr\Microsoft.NET.Build.Tasks.resources.dll
[0b00:0004][2017-10-17T09:47:47] Completed: Copying file /Contents/MSBuild/Sdks/Microsoft.NET.Sdk/tools/netcoreapp1.0/fr/Microsoft.NET.Build.Tasks.resources.dll to C:\Program Files (x86)\Microsoft Visual Studio\2017\Community\MSBuild\Sdks\Microsoft.NET.Sdk\tools\netcoreapp1.0\fr\Microsoft.NET.Build.Tasks.resources.dll
[0b00:0004][2017-10-17T09:47:47] Timestamp updated for file 'C:\Program Files (x86)\Microsoft Visual Studio\2017\Community\MSBuild\Sdks\Microsoft.NET.Sdk\tools\netcoreapp1.0\fr\Microsoft.NET.Build.Tasks.resources.dll'.
[0b00:0004][2017-10-17T09:47:47] Processing file /Contents/MSBuild/Sdks/Microsoft.NET.Sdk/tools/netcoreapp1.0/it/Microsoft.NET.Build.Tasks.resources.dll
[0b00:0004][2017-10-17T09:47:47] Started: Copying file /Contents/MSBuild/Sdks/Microsoft.NET.Sdk/tools/netcoreapp1.0/it/Microsoft.NET.Build.Tasks.resources.dll to C:\Program Files (x86)\Microsoft Visual Studio\2017\Community\MSBuild\Sdks\Microsoft.NET.Sdk\tools\netcoreapp1.0\it\Microsoft.NET.Build.Tasks.resources.dll
[0b00:0004][2017-10-17T09:47:47] Completed: Copying file /Contents/MSBuild/Sdks/Microsoft.NET.Sdk/tools/netcoreapp1.0/it/Microsoft.NET.Build.Tasks.resources.dll to C:\Program Files (x86)\Microsoft Visual Studio\2017\Community\MSBuild\Sdks\Microsoft.NET.Sdk\tools\netcoreapp1.0\it\Microsoft.NET.Build.Tasks.resources.dll
[0b00:0004][2017-10-17T09:47:47] Timestamp updated for file 'C:\Program Files (x86)\Microsoft Visual Studio\2017\Community\MSBuild\Sdks\Microsoft.NET.Sdk\tools\netcoreapp1.0\it\Microsoft.NET.Build.Tasks.resources.dll'.
[0b00:0004][2017-10-17T09:47:47] Processing file /Contents/MSBuild/Sdks/Microsoft.NET.Sdk/tools/netcoreapp1.0/ja/Microsoft.NET.Build.Tasks.resources.dll
[0b00:0004][2017-10-17T09:47:47] Started: Copying file /Contents/MSBuild/Sdks/Microsoft.NET.Sdk/tools/netcoreapp1.0/ja/Microsoft.NET.Build.Tasks.resources.dll to C:\Program Files (x86)\Microsoft Visual Studio\2017\Community\MSBuild\Sdks\Microsoft.NET.Sdk\tools\netcoreapp1.0\ja\Microsoft.NET.Build.Tasks.resources.dll
[0b00:0004][2017-10-17T09:47:47] Completed: Copying file /Contents/MSBuild/Sdks/Microsoft.NET.Sdk/tools/netcoreapp1.0/ja/Microsoft.NET.Build.Tasks.resources.dll to C:\Program Files (x86)\Microsoft Visual Studio\2017\Community\MSBuild\Sdks\Microsoft.NET.Sdk\tools\netcoreapp1.0\ja\Microsoft.NET.Build.Tasks.resources.dll
[0b00:0004][2017-10-17T09:47:47] Timestamp updated for file 'C:\Program Files (x86)\Microsoft Visual Studio\2017\Community\MSBuild\Sdks\Microsoft.NET.Sdk\tools\netcoreapp1.0\ja\Microsoft.NET.Build.Tasks.resources.dll'.
[0b00:0004][2017-10-17T09:47:47] Processing file /Contents/MSBuild/Sdks/Microsoft.NET.Sdk/tools/netcoreapp1.0/ko/Microsoft.NET.Build.Tasks.resources.dll
[0b00:0004][2017-10-17T09:47:47] Started: Copying file /Contents/MSBuild/Sdks/Microsoft.NET.Sdk/tools/netcoreapp1.0/ko/Microsoft.NET.Build.Tasks.resources.dll to C:\Program Files (x86)\Microsoft Visual Studio\2017\Community\MSBuild\Sdks\Microsoft.NET.Sdk\tools\netcoreapp1.0\ko\Microsoft.NET.Build.Tasks.resources.dll
[0b00:0004][2017-10-17T09:47:47] Completed: Copying file /Contents/MSBuild/Sdks/Microsoft.NET.Sdk/tools/netcoreapp1.0/ko/Microsoft.NET.Build.Tasks.resources.dll to C:\Program Files (x86)\Microsoft Visual Studio\2017\Community\MSBuild\Sdks\Microsoft.NET.Sdk\tools\netcoreapp1.0\ko\Microsoft.NET.Build.Tasks.resources.dll
[0b00:0004][2017-10-17T09:47:47] Timestamp updated for file 'C:\Program Files (x86)\Microsoft Visual Studio\2017\Community\MSBuild\Sdks\Microsoft.NET.Sdk\tools\netcoreapp1.0\ko\Microsoft.NET.Build.Tasks.resources.dll'.
[0b00:0004][2017-10-17T09:47:47] Processing file /Contents/MSBuild/Sdks/Microsoft.NET.Sdk/tools/netcoreapp1.0/Microsoft.DotNet.PlatformAbstractions.dll
[0b00:0004][2017-10-17T09:47:47] Started: Copying file /Contents/MSBuild/Sdks/Microsoft.NET.Sdk/tools/netcoreapp1.0/Microsoft.DotNet.PlatformAbstractions.dll to C:\Program Files (x86)\Microsoft Visual Studio\2017\Community\MSBuild\Sdks\Microsoft.NET.Sdk\tools\netcoreapp1.0\Microsoft.DotNet.PlatformAbstractions.dll
[0b00:0004][2017-10-17T09:47:47] Completed: Copying file /Contents/MSBuild/Sdks/Microsoft.NET.Sdk/tools/netcoreapp1.0/Microsoft.DotNet.PlatformAbstractions.dll to C:\Program Files (x86)\Microsoft Visual Studio\2017\Community\MSBuild\Sdks\Microsoft.NET.Sdk\tools\netcoreapp1.0\Microsoft.DotNet.PlatformAbstractions.dll
[0b00:0004][2017-10-17T09:47:47] Timestamp updated for file 'C:\Program Files (x86)\Microsoft Visual Studio\2017\Community\MSBuild\Sdks\Microsoft.NET.Sdk\tools\netcoreapp1.0\Microsoft.DotNet.PlatformAbstractions.dll'.
[0b00:0004][2017-10-17T09:47:47] Processing file /Contents/MSBuild/Sdks/Microsoft.NET.Sdk/tools/netcoreapp1.0/Microsoft.Extensions.DependencyModel.dll
[0b00:0004][2017-10-17T09:47:47] Started: Copying file /Contents/MSBuild/Sdks/Microsoft.NET.Sdk/tools/netcoreapp1.0/Microsoft.Extensions.DependencyModel.dll to C:\Program Files (x86)\Microsoft Visual Studio\2017\Community\MSBuild\Sdks\Microsoft.NET.Sdk\tools\netcoreapp1.0\Microsoft.Extensions.DependencyModel.dll
[0b00:0004][2017-10-17T09:47:47] Completed: Copying file /Contents/MSBuild/Sdks/Microsoft.NET.Sdk/tools/netcoreapp1.0/Microsoft.Extensions.DependencyModel.dll to C:\Program Files (x86)\Microsoft Visual Studio\2017\Community\MSBuild\Sdks\Microsoft.NET.Sdk\tools\netcoreapp1.0\Microsoft.Extensions.DependencyModel.dll
[0b00:0004][2017-10-17T09:47:47] Timestamp updated for file 'C:\Program Files (x86)\Microsoft Visual Studio\2017\Community\MSBuild\Sdks\Microsoft.NET.Sdk\tools\netcoreapp1.0\Microsoft.Extensions.DependencyModel.dll'.
[0b00:0004][2017-10-17T09:47:47] Processing file /Contents/MSBuild/Sdks/Microsoft.NET.Sdk/tools/netcoreapp1.0/Microsoft.NET.Build.Tasks.dll
[0b00:0004][2017-10-17T09:47:47] Started: Copying file /Contents/MSBuild/Sdks/Microsoft.NET.Sdk/tools/netcoreapp1.0/Microsoft.NET.Build.Tasks.dll to C:\Program Files (x86)\Microsoft Visual Studio\2017\Community\MSBuild\Sdks\Microsoft.NET.Sdk\tools\netcoreapp1.0\Microsoft.NET.Build.Tasks.dll
[0b00:0004][2017-10-17T09:47:47] Completed: Copying file /Contents/MSBuild/Sdks/Microsoft.NET.Sdk/tools/netcoreapp1.0/Microsoft.NET.Build.Tasks.dll to C:\Program Files (x86)\Microsoft Visual Studio\2017\Community\MSBuild\Sdks\Microsoft.NET.Sdk\tools\netcoreapp1.0\Microsoft.NET.Build.Tasks.dll
[0b00:0004][2017-10-17T09:47:47] Timestamp updated for file 'C:\Program Files (x86)\Microsoft Visual Studio\2017\Community\MSBuild\Sdks\Microsoft.NET.Sdk\tools\netcoreapp1.0\Microsoft.NET.Build.Tasks.dll'.
[0b00:0004][2017-10-17T09:47:47] Processing file /Contents/MSBuild/Sdks/Microsoft.NET.Sdk/tools/netcoreapp1.0/Newtonsoft.Json.dll
[0b00:0004][2017-10-17T09:47:47] Started: Copying file /Contents/MSBuild/Sdks/Microsoft.NET.Sdk/tools/netcoreapp1.0/Newtonsoft.Json.dll to C:\Program Files (x86)\Microsoft Visual Studio\2017\Community\MSBuild\Sdks\Microsoft.NET.Sdk\tools\netcoreapp1.0\Newtonsoft.Json.dll
[0b00:0004][2017-10-17T09:47:47] Completed: Copying file /Contents/MSBuild/Sdks/Microsoft.NET.Sdk/tools/netcoreapp1.0/Newtonsoft.Json.dll to C:\Program Files (x86)\Microsoft Visual Studio\2017\Community\MSBuild\Sdks\Microsoft.NET.Sdk\tools\netcoreapp1.0\Newtonsoft.Json.dll
[0b00:0004][2017-10-17T09:47:47] Timestamp updated for file 'C:\Program Files (x86)\Microsoft Visual Studio\2017\Community\MSBuild\Sdks\Microsoft.NET.Sdk\tools\netcoreapp1.0\Newtonsoft.Json.dll'.
[0b00:0004][2017-10-17T09:47:47] Processing file /Contents/MSBuild/Sdks/Microsoft.NET.Sdk/tools/netcoreapp1.0/NuGet.Common.dll
[0b00:0004][2017-10-17T09:47:47] Started: Copying file /Contents/MSBuild/Sdks/Microsoft.NET.Sdk/tools/netcoreapp1.0/NuGet.Common.dll to C:\Program Files (x86)\Microsoft Visual Studio\2017\Community\MSBuild\Sdks\Microsoft.NET.Sdk\tools\netcoreapp1.0\NuGet.Common.dll
[0b00:0004][2017-10-17T09:47:47] Completed: Copying file /Contents/MSBuild/Sdks/Microsoft.NET.Sdk/tools/netcoreapp1.0/NuGet.Common.dll to C:\Program Files (x86)\Microsoft Visual Studio\2017\Community\MSBuild\Sdks\Microsoft.NET.Sdk\tools\netcoreapp1.0\NuGet.Common.dll
[0b00:0004][2017-10-17T09:47:47] Timestamp updated for file 'C:\Program Files (x86)\Microsoft Visual Studio\2017\Community\MSBuild\Sdks\Microsoft.NET.Sdk\tools\netcoreapp1.0\NuGet.Common.dll'.
[0b00:0004][2017-10-17T09:47:47] Processing file /Contents/MSBuild/Sdks/Microsoft.NET.Sdk/tools/netcoreapp1.0/NuGet.Configuration.dll
[0b00:0004][2017-10-17T09:47:47] Started: Copying file /Contents/MSBuild/Sdks/Microsoft.NET.Sdk/tools/netcoreapp1.0/NuGet.Configuration.dll to C:\Program Files (x86)\Microsoft Visual Studio\2017\Community\MSBuild\Sdks\Microsoft.NET.Sdk\tools\netcoreapp1.0\NuGet.Configuration.dll
[0b00:0004][2017-10-17T09:47:47] Completed: Copying file /Contents/MSBuild/Sdks/Microsoft.NET.Sdk/tools/netcoreapp1.0/NuGet.Configuration.dll to C:\Program Files (x86)\Microsoft Visual Studio\2017\Community\MSBuild\Sdks\Microsoft.NET.Sdk\tools\netcoreapp1.0\NuGet.Configuration.dll
[0b00:0004][2017-10-17T09:47:47] Timestamp updated for file 'C:\Program Files (x86)\Microsoft Visual Studio\2017\Community\MSBuild\Sdks\Microsoft.NET.Sdk\tools\netcoreapp1.0\NuGet.Configuration.dll'.
[0b00:0004][2017-10-17T09:47:47] Processing file /Contents/MSBuild/Sdks/Microsoft.NET.Sdk/tools/netcoreapp1.0/NuGet.DependencyResolver.Core.dll
[0b00:0004][2017-10-17T09:47:47] Started: Copying file /Contents/MSBuild/Sdks/Microsoft.NET.Sdk/tools/netcoreapp1.0/NuGet.DependencyResolver.Core.dll to C:\Program Files (x86)\Microsoft Visual Studio\2017\Community\MSBuild\Sdks\Microsoft.NET.Sdk\tools\netcoreapp1.0\NuGet.DependencyResolver.Core.dll
[0b00:0004][2017-10-17T09:47:47] Completed: Copying file /Contents/MSBuild/Sdks/Microsoft.NET.Sdk/tools/netcoreapp1.0/NuGet.DependencyResolver.Core.dll to C:\Program Files (x86)\Microsoft Visual Studio\2017\Community\MSBuild\Sdks\Microsoft.NET.Sdk\tools\netcoreapp1.0\NuGet.DependencyResolver.Core.dll
[0b00:0004][2017-10-17T09:47:47] Timestamp updated for file 'C:\Program Files (x86)\Microsoft Visual Studio\2017\Community\MSBuild\Sdks\Microsoft.NET.Sdk\tools\netcoreapp1.0\NuGet.DependencyResolver.Core.dll'.
[0b00:0004][2017-10-17T09:47:47] Processing file /Contents/MSBuild/Sdks/Microsoft.NET.Sdk/tools/netcoreapp1.0/NuGet.Frameworks.dll
[0b00:0004][2017-10-17T09:47:47] Started: Copying file /Contents/MSBuild/Sdks/Microsoft.NET.Sdk/tools/netcoreapp1.0/NuGet.Frameworks.dll to C:\Program Files (x86)\Microsoft Visual Studio\2017\Community\MSBuild\Sdks\Microsoft.NET.Sdk\tools\netcoreapp1.0\NuGet.Frameworks.dll
[0b00:0004][2017-10-17T09:47:47] Completed: Copying file /Contents/MSBuild/Sdks/Microsoft.NET.Sdk/tools/netcoreapp1.0/NuGet.Frameworks.dll to C:\Program Files (x86)\Microsoft Visual Studio\2017\Community\MSBuild\Sdks\Microsoft.NET.Sdk\tools\netcoreapp1.0\NuGet.Frameworks.dll
[0b00:0004][2017-10-17T09:47:47] Timestamp updated for file 'C:\Program Files (x86)\Microsoft Visual Studio\2017\Community\MSBuild\Sdks\Microsoft.NET.Sdk\tools\netcoreapp1.0\NuGet.Frameworks.dll'.
[0b00:0004][2017-10-17T09:47:47] Processing file /Contents/MSBuild/Sdks/Microsoft.NET.Sdk/tools/netcoreapp1.0/NuGet.LibraryModel.dll
[0b00:0004][2017-10-17T09:47:47] Started: Copying file /Contents/MSBuild/Sdks/Microsoft.NET.Sdk/tools/netcoreapp1.0/NuGet.LibraryModel.dll to C:\Program Files (x86)\Microsoft Visual Studio\2017\Community\MSBuild\Sdks\Microsoft.NET.Sdk\tools\netcoreapp1.0\NuGet.LibraryModel.dll
[0b00:0004][2017-10-17T09:47:47] Completed: Copying file /Contents/MSBuild/Sdks/Microsoft.NET.Sdk/tools/netcoreapp1.0/NuGet.LibraryModel.dll to C:\Program Files (x86)\Microsoft Visual Studio\2017\Community\MSBuild\Sdks\Microsoft.NET.Sdk\tools\netcoreapp1.0\NuGet.LibraryModel.dll
[0b00:0004][2017-10-17T09:47:47] Timestamp updated for file 'C:\Program Files (x86)\Microsoft Visual Studio\2017\Community\MSBuild\Sdks\Microsoft.NET.Sdk\tools\netcoreapp1.0\NuGet.LibraryModel.dll'.
[0b00:0004][2017-10-17T09:47:47] Processing file /Contents/MSBuild/Sdks/Microsoft.NET.Sdk/tools/netcoreapp1.0/NuGet.Packaging.Core.dll
[0b00:0004][2017-10-17T09:47:47] Started: Copying file /Contents/MSBuild/Sdks/Microsoft.NET.Sdk/tools/netcoreapp1.0/NuGet.Packaging.Core.dll to C:\Program Files (x86)\Microsoft Visual Studio\2017\Community\MSBuild\Sdks\Microsoft.NET.Sdk\tools\netcoreapp1.0\NuGet.Packaging.Core.dll
[0b00:0004][2017-10-17T09:47:47] Completed: Copying file /Contents/MSBuild/Sdks/Microsoft.NET.Sdk/tools/netcoreapp1.0/NuGet.Packaging.Core.dll to C:\Program Files (x86)\Microsoft Visual Studio\2017\Community\MSBuild\Sdks\Microsoft.NET.Sdk\tools\netcoreapp1.0\NuGet.Packaging.Core.dll
[0b00:0004][2017-10-17T09:47:47] Timestamp updated for file 'C:\Program Files (x86)\Microsoft Visual Studio\2017\Community\MSBuild\Sdks\Microsoft.NET.Sdk\tools\netcoreapp1.0\NuGet.Packaging.Core.dll'.
[0b00:0004][2017-10-17T09:47:47] Processing file /Contents/MSBuild/Sdks/Microsoft.NET.Sdk/tools/netcoreapp1.0/NuGet.Packaging.dll
[0b00:0004][2017-10-17T09:47:47] Started: Copying file /Contents/MSBuild/Sdks/Microsoft.NET.Sdk/tools/netcoreapp1.0/NuGet.Packaging.dll to C:\Program Files (x86)\Microsoft Visual Studio\2017\Community\MSBuild\Sdks\Microsoft.NET.Sdk\tools\netcoreapp1.0\NuGet.Packaging.dll
[0b00:0004][2017-10-17T09:47:48] Completed: Copying file /Contents/MSBuild/Sdks/Microsoft.NET.Sdk/tools/netcoreapp1.0/NuGet.Packaging.dll to C:\Program Files (x86)\Microsoft Visual Studio\2017\Community\MSBuild\Sdks\Microsoft.NET.Sdk\tools\netcoreapp1.0\NuGet.Packaging.dll
[0b00:0004][2017-10-17T09:47:48] Timestamp updated for file 'C:\Program Files (x86)\Microsoft Visual Studio\2017\Community\MSBuild\Sdks\Microsoft.NET.Sdk\tools\netcoreapp1.0\NuGet.Packaging.dll'.
[0b00:0004][2017-10-17T09:47:48] Processing file /Contents/MSBuild/Sdks/Microsoft.NET.Sdk/tools/netcoreapp1.0/NuGet.ProjectModel.dll
[0b00:0004][2017-10-17T09:47:48] Started: Copying file /Contents/MSBuild/Sdks/Microsoft.NET.Sdk/tools/netcoreapp1.0/NuGet.ProjectModel.dll to C:\Program Files (x86)\Microsoft Visual Studio\2017\Community\MSBuild\Sdks\Microsoft.NET.Sdk\tools\netcoreapp1.0\NuGet.ProjectModel.dll
[0b00:0004][2017-10-17T09:47:48] Completed: Copying file /Contents/MSBuild/Sdks/Microsoft.NET.Sdk/tools/netcoreapp1.0/NuGet.ProjectModel.dll to C:\Program Files (x86)\Microsoft Visual Studio\2017\Community\MSBuild\Sdks\Microsoft.NET.Sdk\tools\netcoreapp1.0\NuGet.ProjectModel.dll
[0b00:0004][2017-10-17T09:47:48] Timestamp updated for file 'C:\Program Files (x86)\Microsoft Visual Studio\2017\Community\MSBuild\Sdks\Microsoft.NET.Sdk\tools\netcoreapp1.0\NuGet.ProjectModel.dll'.
[0b00:0004][2017-10-17T09:47:48] Processing file /Contents/MSBuild/Sdks/Microsoft.NET.Sdk/tools/netcoreapp1.0/NuGet.Protocol.dll
[0b00:0004][2017-10-17T09:47:48] Started: Copying file /Contents/MSBuild/Sdks/Microsoft.NET.Sdk/tools/netcoreapp1.0/NuGet.Protocol.dll to C:\Program Files (x86)\Microsoft Visual Studio\2017\Community\MSBuild\Sdks\Microsoft.NET.Sdk\tools\netcoreapp1.0\NuGet.Protocol.dll
[0b00:0004][2017-10-17T09:47:48] Completed: Copying file /Contents/MSBuild/Sdks/Microsoft.NET.Sdk/tools/netcoreapp1.0/NuGet.Protocol.dll to C:\Program Files (x86)\Microsoft Visual Studio\2017\Community\MSBuild\Sdks\Microsoft.NET.Sdk\tools\netcoreapp1.0\NuGet.Protocol.dll
[0b00:0004][2017-10-17T09:47:48] Timestamp updated for file 'C:\Program Files (x86)\Microsoft Visual Studio\2017\Community\MSBuild\Sdks\Microsoft.NET.Sdk\tools\netcoreapp1.0\NuGet.Protocol.dll'.
[0b00:0004][2017-10-17T09:47:48] Processing file /Contents/MSBuild/Sdks/Microsoft.NET.Sdk/tools/netcoreapp1.0/NuGet.Versioning.dll
[0b00:0004][2017-10-17T09:47:48] Started: Copying file /Contents/MSBuild/Sdks/Microsoft.NET.Sdk/tools/netcoreapp1.0/NuGet.Versioning.dll to C:\Program Files (x86)\Microsoft Visual Studio\2017\Community\MSBuild\Sdks\Microsoft.NET.Sdk\tools\netcoreapp1.0\NuGet.Versioning.dll
[0b00:0004][2017-10-17T09:47:48] Completed: Copying file /Contents/MSBuild/Sdks/Microsoft.NET.Sdk/tools/netcoreapp1.0/NuGet.Versioning.dll to C:\Program Files (x86)\Microsoft Visual Studio\2017\Community\MSBuild\Sdks\Microsoft.NET.Sdk\tools\netcoreapp1.0\NuGet.Versioning.dll
[0b00:0004][2017-10-17T09:47:48] Timestamp updated for file 'C:\Program Files (x86)\Microsoft Visual Studio\2017\Community\MSBuild\Sdks\Microsoft.NET.Sdk\tools\netcoreapp1.0\NuGet.Versioning.dll'.
[0b00:0004][2017-10-17T09:47:48] Processing file /Contents/MSBuild/Sdks/Microsoft.NET.Sdk/tools/netcoreapp1.0/pl/Microsoft.NET.Build.Tasks.resources.dll
[0b00:0004][2017-10-17T09:47:48] Started: Copying file /Contents/MSBuild/Sdks/Microsoft.NET.Sdk/tools/netcoreapp1.0/pl/Microsoft.NET.Build.Tasks.resources.dll to C:\Program Files (x86)\Microsoft Visual Studio\2017\Community\MSBuild\Sdks\Microsoft.NET.Sdk\tools\netcoreapp1.0\pl\Microsoft.NET.Build.Tasks.resources.dll
[0b00:0004][2017-10-17T09:47:48] Completed: Copying file /Contents/MSBuild/Sdks/Microsoft.NET.Sdk/tools/netcoreapp1.0/pl/Microsoft.NET.Build.Tasks.resources.dll to C:\Program Files (x86)\Microsoft Visual Studio\2017\Community\MSBuild\Sdks\Microsoft.NET.Sdk\tools\netcoreapp1.0\pl\Microsoft.NET.Build.Tasks.resources.dll
[0b00:0004][2017-10-17T09:47:48] Timestamp updated for file 'C:\Program Files (x86)\Microsoft Visual Studio\2017\Community\MSBuild\Sdks\Microsoft.NET.Sdk\tools\netcoreapp1.0\pl\Microsoft.NET.Build.Tasks.resources.dll'.
[0b00:0004][2017-10-17T09:47:48] Processing file /Contents/MSBuild/Sdks/Microsoft.NET.Sdk/tools/netcoreapp1.0/pt-BR/Microsoft.NET.Build.Tasks.resources.dll
[0b00:0004][2017-10-17T09:47:48] Started: Copying file /Contents/MSBuild/Sdks/Microsoft.NET.Sdk/tools/netcoreapp1.0/pt-BR/Microsoft.NET.Build.Tasks.resources.dll to C:\Program Files (x86)\Microsoft Visual Studio\2017\Community\MSBuild\Sdks\Microsoft.NET.Sdk\tools\netcoreapp1.0\pt-BR\Microsoft.NET.Build.Tasks.resources.dll
[0b00:0004][2017-10-17T09:47:48] Completed: Copying file /Contents/MSBuild/Sdks/Microsoft.NET.Sdk/tools/netcoreapp1.0/pt-BR/Microsoft.NET.Build.Tasks.resources.dll to C:\Program Files (x86)\Microsoft Visual Studio\2017\Community\MSBuild\Sdks\Microsoft.NET.Sdk\tools\netcoreapp1.0\pt-BR\Microsoft.NET.Build.Tasks.resources.dll
[0b00:0004][2017-10-17T09:47:48] Timestamp updated for file 'C:\Program Files (x86)\Microsoft Visual Studio\2017\Community\MSBuild\Sdks\Microsoft.NET.Sdk\tools\netcoreapp1.0\pt-BR\Microsoft.NET.Build.Tasks.resources.dll'.
[0b00:0004][2017-10-17T09:47:48] Processing file /Contents/MSBuild/Sdks/Microsoft.NET.Sdk/tools/netcoreapp1.0/ru/Microsoft.NET.Build.Tasks.resources.dll
[0b00:0004][2017-10-17T09:47:48] Started: Copying file /Contents/MSBuild/Sdks/Microsoft.NET.Sdk/tools/netcoreapp1.0/ru/Microsoft.NET.Build.Tasks.resources.dll to C:\Program Files (x86)\Microsoft Visual Studio\2017\Community\MSBuild\Sdks\Microsoft.NET.Sdk\tools\netcoreapp1.0\ru\Microsoft.NET.Build.Tasks.resources.dll
[0b00:0004][2017-10-17T09:47:48] Completed: Copying file /Contents/MSBuild/Sdks/Microsoft.NET.Sdk/tools/netcoreapp1.0/ru/Microsoft.NET.Build.Tasks.resources.dll to C:\Program Files (x86)\Microsoft Visual Studio\2017\Community\MSBuild\Sdks\Microsoft.NET.Sdk\tools\netcoreapp1.0\ru\Microsoft.NET.Build.Tasks.resources.dll
[0b00:0004][2017-10-17T09:47:48] Timestamp updated for file 'C:\Program Files (x86)\Microsoft Visual Studio\2017\Community\MSBuild\Sdks\Microsoft.NET.Sdk\tools\netcoreapp1.0\ru\Microsoft.NET.Build.Tasks.resources.dll'.
[0b00:0004][2017-10-17T09:47:48] Processing file /Contents/MSBuild/Sdks/Microsoft.NET.Sdk/tools/netcoreapp1.0/System.Runtime.Serialization.Primitives.dll
[0b00:0004][2017-10-17T09:47:48] Started: Copying file /Contents/MSBuild/Sdks/Microsoft.NET.Sdk/tools/netcoreapp1.0/System.Runtime.Serialization.Primitives.dll to C:\Program Files (x86)\Microsoft Visual Studio\2017\Community\MSBuild\Sdks\Microsoft.NET.Sdk\tools\netcoreapp1.0\System.Runtime.Serialization.Primitives.dll
[0b00:0004][2017-10-17T09:47:48] Completed: Copying file /Contents/MSBuild/Sdks/Microsoft.NET.Sdk/tools/netcoreapp1.0/System.Runtime.Serialization.Primitives.dll to C:\Program Files (x86)\Microsoft Visual Studio\2017\Community\MSBuild\Sdks\Microsoft.NET.Sdk\tools\netcoreapp1.0\System.Runtime.Serialization.Primitives.dll
[0b00:0004][2017-10-17T09:47:48] Timestamp updated for file 'C:\Program Files (x86)\Microsoft Visual Studio\2017\Community\MSBuild\Sdks\Microsoft.NET.Sdk\tools\netcoreapp1.0\System.Runtime.Serialization.Primitives.dll'.
[0b00:0004][2017-10-17T09:47:48] Processing file /Contents/MSBuild/Sdks/Microsoft.NET.Sdk/tools/netcoreapp1.0/tr/Microsoft.NET.Build.Tasks.resources.dll
[0b00:0004][2017-10-17T09:47:48] Started: Copying file /Contents/MSBuild/Sdks/Microsoft.NET.Sdk/tools/netcoreapp1.0/tr/Microsoft.NET.Build.Tasks.resources.dll to C:\Program Files (x86)\Microsoft Visual Studio\2017\Community\MSBuild\Sdks\Microsoft.NET.Sdk\tools\netcoreapp1.0\tr\Microsoft.NET.Build.Tasks.resources.dll
[0b00:0004][2017-10-17T09:47:48] Completed: Copying file /Contents/MSBuild/Sdks/Microsoft.NET.Sdk/tools/netcoreapp1.0/tr/Microsoft.NET.Build.Tasks.resources.dll to C:\Program Files (x86)\Microsoft Visual Studio\2017\Community\MSBuild\Sdks\Microsoft.NET.Sdk\tools\netcoreapp1.0\tr\Microsoft.NET.Build.Tasks.resources.dll
[0b00:0004][2017-10-17T09:47:48] Timestamp updated for file 'C:\Program Files (x86)\Microsoft Visual Studio\2017\Community\MSBuild\Sdks\Microsoft.NET.Sdk\tools\netcoreapp1.0\tr\Microsoft.NET.Build.Tasks.resources.dll'.
[0b00:0004][2017-10-17T09:47:48] Processing file /Contents/MSBuild/Sdks/Microsoft.NET.Sdk/tools/netcoreapp1.0/zh-Hans/Microsoft.NET.Build.Tasks.resources.dll
[0b00:0004][2017-10-17T09:47:48] Started: Copying file /Contents/MSBuild/Sdks/Microsoft.NET.Sdk/tools/netcoreapp1.0/zh-Hans/Microsoft.NET.Build.Tasks.resources.dll to C:\Program Files (x86)\Microsoft Visual Studio\2017\Community\MSBuild\Sdks\Microsoft.NET.Sdk\tools\netcoreapp1.0\zh-Hans\Microsoft.NET.Build.Tasks.resources.dll
[0b00:0004][2017-10-17T09:47:48] Completed: Copying file /Contents/MSBuild/Sdks/Microsoft.NET.Sdk/tools/netcoreapp1.0/zh-Hans/Microsoft.NET.Build.Tasks.resources.dll to C:\Program Files (x86)\Microsoft Visual Studio\2017\Community\MSBuild\Sdks\Microsoft.NET.Sdk\tools\netcoreapp1.0\zh-Hans\Microsoft.NET.Build.Tasks.resources.dll
[0b00:0004][2017-10-17T09:47:48] Timestamp updated for file 'C:\Program Files (x86)\Microsoft Visual Studio\2017\Community\MSBuild\Sdks\Microsoft.NET.Sdk\tools\netcoreapp1.0\zh-Hans\Microsoft.NET.Build.Tasks.resources.dll'.
[0b00:0004][2017-10-17T09:47:48] Processing file /Contents/MSBuild/Sdks/Microsoft.NET.Sdk/tools/netcoreapp1.0/zh-Hant/Microsoft.NET.Build.Tasks.resources.dll
[0b00:0004][2017-10-17T09:47:48] Started: Copying file /Contents/MSBuild/Sdks/Microsoft.NET.Sdk/tools/netcoreapp1.0/zh-Hant/Microsoft.NET.Build.Tasks.resources.dll to C:\Program Files (x86)\Microsoft Visual Studio\2017\Community\MSBuild\Sdks\Microsoft.NET.Sdk\tools\netcoreapp1.0\zh-Hant\Microsoft.NET.Build.Tasks.resources.dll
[0b00:0004][2017-10-17T09:47:48] Completed: Copying file /Contents/MSBuild/Sdks/Microsoft.NET.Sdk/tools/netcoreapp1.0/zh-Hant/Microsoft.NET.Build.Tasks.resources.dll to C:\Program Files (x86)\Microsoft Visual Studio\2017\Community\MSBuild\Sdks\Microsoft.NET.Sdk\tools\netcoreapp1.0\zh-Hant\Microsoft.NET.Build.Tasks.resources.dll
[0b00:0004][2017-10-17T09:47:48] Timestamp updated for file 'C:\Program Files (x86)\Microsoft Visual Studio\2017\Community\MSBuild\Sdks\Microsoft.NET.Sdk\tools\netcoreapp1.0\zh-Hant\Microsoft.NET.Build.Tasks.resources.dll'.
[0b00:0004][2017-10-17T09:47:48] Package executed successfully. Return code: 0
