[0b00:0004][2017-10-17T09:46:30] Opening the package for processing
[0b00:0004][2017-10-17T09:46:30] Using package payload to get the embedded manifest
[0b00:0004][2017-10-17T09:46:30] Getting list of files within the package
[0b00:0004][2017-10-17T09:46:30] Processing file /Contents/Common7/IDE/PrivateAssemblies/Microsoft.VisualStudio.Enterprise.AspNetHelper.dll
[0b00:0004][2017-10-17T09:46:30] Started: Copying file /Contents/Common7/IDE/PrivateAssemblies/Microsoft.VisualStudio.Enterprise.AspNetHelper.dll to C:\Program Files (x86)\Microsoft Visual Studio\2017\Community\Common7\IDE\PrivateAssemblies\Microsoft.VisualStudio.Enterprise.AspNetHelper.dll
[0b00:0004][2017-10-17T09:46:30] Completed: Copying file /Contents/Common7/IDE/PrivateAssemblies/Microsoft.VisualStudio.Enterprise.AspNetHelper.dll to C:\Program Files (x86)\Microsoft Visual Studio\2017\Community\Common7\IDE\PrivateAssemblies\Microsoft.VisualStudio.Enterprise.AspNetHelper.dll
[0b00:0004][2017-10-17T09:46:30] Timestamp updated for file 'C:\Program Files (x86)\Microsoft Visual Studio\2017\Community\Common7\IDE\PrivateAssemblies\Microsoft.VisualStudio.Enterprise.AspNetHelper.dll'.
[0b00:0004][2017-10-17T09:46:30] Processing file /Contents/Common7/IDE/PublicAssemblies/VsWebSite.Interop.dll
[0b00:0004][2017-10-17T09:46:30] Started: Copying file /Contents/Common7/IDE/PublicAssemblies/VsWebSite.Interop.dll to C:\Program Files (x86)\Microsoft Visual Studio\2017\Community\Common7\IDE\PublicAssemblies\VsWebSite.Interop.dll
[0b00:0004][2017-10-17T09:46:30] Completed: Copying file /Contents/Common7/IDE/PublicAssemblies/VsWebSite.Interop.dll to C:\Program Files (x86)\Microsoft Visual Studio\2017\Community\Common7\IDE\PublicAssemblies\VsWebSite.Interop.dll
[0b00:0004][2017-10-17T09:46:30] Timestamp updated for file 'C:\Program Files (x86)\Microsoft Visual Studio\2017\Community\Common7\IDE\PublicAssemblies\VsWebSite.Interop.dll'.
[0b00:0004][2017-10-17T09:46:30] Processing file /Contents/Common7/IDE/PublicAssemblies/VsWebSite.Interop100.dll
[0b00:0004][2017-10-17T09:46:30] Started: Copying file /Contents/Common7/IDE/PublicAssemblies/VsWebSite.Interop100.dll to C:\Program Files (x86)\Microsoft Visual Studio\2017\Community\Common7\IDE\PublicAssemblies\VsWebSite.Interop100.dll
[0b00:0004][2017-10-17T09:46:30] Completed: Copying file /Contents/Common7/IDE/PublicAssemblies/VsWebSite.Interop100.dll to C:\Program Files (x86)\Microsoft Visual Studio\2017\Community\Common7\IDE\PublicAssemblies\VsWebSite.Interop100.dll
[0b00:0004][2017-10-17T09:46:30] Timestamp updated for file 'C:\Program Files (x86)\Microsoft Visual Studio\2017\Community\Common7\IDE\PublicAssemblies\VsWebSite.Interop100.dll'.
[0b00:0004][2017-10-17T09:46:30] Processing file /Contents/Common7/IDE/PublicAssemblies/VsWebSite.Interop90.dll
[0b00:0004][2017-10-17T09:46:30] Started: Copying file /Contents/Common7/IDE/PublicAssemblies/VsWebSite.Interop90.dll to C:\Program Files (x86)\Microsoft Visual Studio\2017\Community\Common7\IDE\PublicAssemblies\VsWebSite.Interop90.dll
[0b00:0004][2017-10-17T09:46:30] Completed: Copying file /Contents/Common7/IDE/PublicAssemblies/VsWebSite.Interop90.dll to C:\Program Files (x86)\Microsoft Visual Studio\2017\Community\Common7\IDE\PublicAssemblies\VsWebSite.Interop90.dll
[0b00:0004][2017-10-17T09:46:30] Timestamp updated for file 'C:\Program Files (x86)\Microsoft Visual Studio\2017\Community\Common7\IDE\PublicAssemblies\VsWebSite.Interop90.dll'.
[0b00:0004][2017-10-17T09:46:30] Package executed successfully. Return code: 0
