[0b00:0004][2017-10-17T09:47:54] Opening the package for processing
[0b00:0004][2017-10-17T09:47:54] Using package payload to get the embedded manifest
[0b00:0004][2017-10-17T09:47:54] Getting list of files within the package
[0b00:0004][2017-10-17T09:47:54] Processing file /Contents/Common7/IDE/PublicAssemblies/Microsoft.VisualStudio.TextTemplating.15.0.dll
[0b00:0004][2017-10-17T09:47:54] Started: Copying file /Contents/Common7/IDE/PublicAssemblies/Microsoft.VisualStudio.TextTemplating.15.0.dll to C:\Program Files (x86)\Microsoft Visual Studio\2017\Community\Common7\IDE\PublicAssemblies\Microsoft.VisualStudio.TextTemplating.15.0.dll
[0b00:0004][2017-10-17T09:47:54] Completed: Copying file /Contents/Common7/IDE/PublicAssemblies/Microsoft.VisualStudio.TextTemplating.15.0.dll to C:\Program Files (x86)\Microsoft Visual Studio\2017\Community\Common7\IDE\PublicAssemblies\Microsoft.VisualStudio.TextTemplating.15.0.dll
[0b00:0004][2017-10-17T09:47:54] Timestamp updated for file 'C:\Program Files (x86)\Microsoft Visual Studio\2017\Community\Common7\IDE\PublicAssemblies\Microsoft.VisualStudio.TextTemplating.15.0.dll'.
[0b00:0004][2017-10-17T09:47:54] Queueing C:\Program Files (x86)\Microsoft Visual Studio\2017\Community\Common7\IDE\PublicAssemblies\Microsoft.VisualStudio.TextTemplating.15.0.dll for X86 ngen
[0b00:0004][2017-10-17T09:47:54] Successfully queued file '/Contents/Common7/IDE/PublicAssemblies/Microsoft.VisualStudio.TextTemplating.15.0.dll' for ngen
[0b00:0004][2017-10-17T09:47:54] Processing file /Contents/Common7/IDE/PublicAssemblies/Microsoft.VisualStudio.TextTemplating.Interfaces.10.0.dll
[0b00:0004][2017-10-17T09:47:54] Started: Copying file /Contents/Common7/IDE/PublicAssemblies/Microsoft.VisualStudio.TextTemplating.Interfaces.10.0.dll to C:\Program Files (x86)\Microsoft Visual Studio\2017\Community\Common7\IDE\PublicAssemblies\Microsoft.VisualStudio.TextTemplating.Interfaces.10.0.dll
[0b00:0004][2017-10-17T09:47:54] Completed: Copying file /Contents/Common7/IDE/PublicAssemblies/Microsoft.VisualStudio.TextTemplating.Interfaces.10.0.dll to C:\Program Files (x86)\Microsoft Visual Studio\2017\Community\Common7\IDE\PublicAssemblies\Microsoft.VisualStudio.TextTemplating.Interfaces.10.0.dll
[0b00:0004][2017-10-17T09:47:54] Timestamp updated for file 'C:\Program Files (x86)\Microsoft Visual Studio\2017\Community\Common7\IDE\PublicAssemblies\Microsoft.VisualStudio.TextTemplating.Interfaces.10.0.dll'.
[0b00:0004][2017-10-17T09:47:54] Queueing C:\Program Files (x86)\Microsoft Visual Studio\2017\Community\Common7\IDE\PublicAssemblies\Microsoft.VisualStudio.TextTemplating.Interfaces.10.0.dll for X86 ngen
[0b00:0004][2017-10-17T09:47:54] Successfully queued file '/Contents/Common7/IDE/PublicAssemblies/Microsoft.VisualStudio.TextTemplating.Interfaces.10.0.dll' for ngen
[0b00:0004][2017-10-17T09:47:54] Processing file /Contents/Common7/IDE/PublicAssemblies/Microsoft.VisualStudio.TextTemplating.Interfaces.11.0.dll
[0b00:0004][2017-10-17T09:47:54] Started: Copying file /Contents/Common7/IDE/PublicAssemblies/Microsoft.VisualStudio.TextTemplating.Interfaces.11.0.dll to C:\Program Files (x86)\Microsoft Visual Studio\2017\Community\Common7\IDE\PublicAssemblies\Microsoft.VisualStudio.TextTemplating.Interfaces.11.0.dll
[0b00:0004][2017-10-17T09:47:54] Completed: Copying file /Contents/Common7/IDE/PublicAssemblies/Microsoft.VisualStudio.TextTemplating.Interfaces.11.0.dll to C:\Program Files (x86)\Microsoft Visual Studio\2017\Community\Common7\IDE\PublicAssemblies\Microsoft.VisualStudio.TextTemplating.Interfaces.11.0.dll
[0b00:0004][2017-10-17T09:47:54] Timestamp updated for file 'C:\Program Files (x86)\Microsoft Visual Studio\2017\Community\Common7\IDE\PublicAssemblies\Microsoft.VisualStudio.TextTemplating.Interfaces.11.0.dll'.
[0b00:0004][2017-10-17T09:47:54] Queueing C:\Program Files (x86)\Microsoft Visual Studio\2017\Community\Common7\IDE\PublicAssemblies\Microsoft.VisualStudio.TextTemplating.Interfaces.11.0.dll for X86 ngen
[0b00:0004][2017-10-17T09:47:54] Successfully queued file '/Contents/Common7/IDE/PublicAssemblies/Microsoft.VisualStudio.TextTemplating.Interfaces.11.0.dll' for ngen
[0b00:0004][2017-10-17T09:47:54] Processing file /Contents/Common7/IDE/TextTemplate.ico
[0b00:0004][2017-10-17T09:47:54] Started: Copying file /Contents/Common7/IDE/TextTemplate.ico to C:\Program Files (x86)\Microsoft Visual Studio\2017\Community\Common7\IDE\TextTemplate.ico
[0b00:0004][2017-10-17T09:47:54] Completed: Copying file /Contents/Common7/IDE/TextTemplate.ico to C:\Program Files (x86)\Microsoft Visual Studio\2017\Community\Common7\IDE\TextTemplate.ico
[0b00:0004][2017-10-17T09:47:54] Timestamp updated for file 'C:\Program Files (x86)\Microsoft Visual Studio\2017\Community\Common7\IDE\TextTemplate.ico'.
[0b00:0004][2017-10-17T09:47:54] Processing file /Contents/Common7/IDE/TextTransform.exe
[0b00:0004][2017-10-17T09:47:54] Started: Copying file /Contents/Common7/IDE/TextTransform.exe to C:\Program Files (x86)\Microsoft Visual Studio\2017\Community\Common7\IDE\TextTransform.exe
[0b00:0004][2017-10-17T09:47:54] Completed: Copying file /Contents/Common7/IDE/TextTransform.exe to C:\Program Files (x86)\Microsoft Visual Studio\2017\Community\Common7\IDE\TextTransform.exe
[0b00:0004][2017-10-17T09:47:54] Timestamp updated for file 'C:\Program Files (x86)\Microsoft Visual Studio\2017\Community\Common7\IDE\TextTransform.exe'.
[0b00:0004][2017-10-17T09:47:54] Processing file /Contents/Common7/IDE/TextTransform.exe.config
[0b00:0004][2017-10-17T09:47:54] Started: Copying file /Contents/Common7/IDE/TextTransform.exe.config to C:\Program Files (x86)\Microsoft Visual Studio\2017\Community\Common7\IDE\TextTransform.exe.config
[0b00:0004][2017-10-17T09:47:54] Completed: Copying file /Contents/Common7/IDE/TextTransform.exe.config to C:\Program Files (x86)\Microsoft Visual Studio\2017\Community\Common7\IDE\TextTransform.exe.config
[0b00:0004][2017-10-17T09:47:54] Timestamp updated for file 'C:\Program Files (x86)\Microsoft Visual Studio\2017\Community\Common7\IDE\TextTransform.exe.config'.
[0b00:0004][2017-10-17T09:47:54] Package executed successfully. Return code: 0
