[0b00:0004][2017-10-17T09:46:38] Opening the package for processing
[0b00:0004][2017-10-17T09:46:38] Using package payload to get the embedded manifest
[0b00:0004][2017-10-17T09:46:38] Getting list of files within the package
[0b00:0004][2017-10-17T09:46:38] Processing file /Contents/Common7/IDE/CommonExtensions/Platform/Debugger/CoreCLRDebugEngine.pkgdef
[0b00:0004][2017-10-17T09:46:38] Started: Copying file /Contents/Common7/IDE/CommonExtensions/Platform/Debugger/CoreCLRDebugEngine.pkgdef to C:\Program Files (x86)\Microsoft Visual Studio\2017\Community\Common7\IDE\CommonExtensions\Platform\Debugger\CoreCLRDebugEngine.pkgdef
[0b00:0004][2017-10-17T09:46:38] Completed: Copying file /Contents/Common7/IDE/CommonExtensions/Platform/Debugger/CoreCLRDebugEngine.pkgdef to C:\Program Files (x86)\Microsoft Visual Studio\2017\Community\Common7\IDE\CommonExtensions\Platform\Debugger\CoreCLRDebugEngine.pkgdef
[0b00:0004][2017-10-17T09:46:38] Timestamp updated for file 'C:\Program Files (x86)\Microsoft Visual Studio\2017\Community\Common7\IDE\CommonExtensions\Platform\Debugger\CoreCLRDebugEngine.pkgdef'.
[0b00:0004][2017-10-17T09:46:38] Processing file /Contents/Common7/IDE/CommonExtensions/Platform/Debugger/DotNetDebugger.pkgdef
[0b00:0004][2017-10-17T09:46:38] Started: Copying file /Contents/Common7/IDE/CommonExtensions/Platform/Debugger/DotNetDebugger.pkgdef to C:\Program Files (x86)\Microsoft Visual Studio\2017\Community\Common7\IDE\CommonExtensions\Platform\Debugger\DotNetDebugger.pkgdef
[0b00:0004][2017-10-17T09:46:38] Completed: Copying file /Contents/Common7/IDE/CommonExtensions/Platform/Debugger/DotNetDebugger.pkgdef to C:\Program Files (x86)\Microsoft Visual Studio\2017\Community\Common7\IDE\CommonExtensions\Platform\Debugger\DotNetDebugger.pkgdef
[0b00:0004][2017-10-17T09:46:38] Timestamp updated for file 'C:\Program Files (x86)\Microsoft Visual Studio\2017\Community\Common7\IDE\CommonExtensions\Platform\Debugger\DotNetDebugger.pkgdef'.
[0b00:0004][2017-10-17T09:46:38] Processing file /Contents/Common7/IDE/CommonExtensions/Platform/Debugger/SHMetapdb.pkgdef
[0b00:0004][2017-10-17T09:46:38] Started: Copying file /Contents/Common7/IDE/CommonExtensions/Platform/Debugger/SHMetapdb.pkgdef to C:\Program Files (x86)\Microsoft Visual Studio\2017\Community\Common7\IDE\CommonExtensions\Platform\Debugger\SHMetapdb.pkgdef
[0b00:0004][2017-10-17T09:46:38] Completed: Copying file /Contents/Common7/IDE/CommonExtensions/Platform/Debugger/SHMetapdb.pkgdef to C:\Program Files (x86)\Microsoft Visual Studio\2017\Community\Common7\IDE\CommonExtensions\Platform\Debugger\SHMetapdb.pkgdef
[0b00:0004][2017-10-17T09:46:38] Timestamp updated for file 'C:\Program Files (x86)\Microsoft Visual Studio\2017\Community\Common7\IDE\CommonExtensions\Platform\Debugger\SHMetapdb.pkgdef'.
[0b00:0004][2017-10-17T09:46:38] Processing file /Contents/Common7/IDE/CommonExtensions/Platform/Debugger/VCSharp_EE_Registry_Keys_23307.pkgdef
[0b00:0004][2017-10-17T09:46:38] Started: Copying file /Contents/Common7/IDE/CommonExtensions/Platform/Debugger/VCSharp_EE_Registry_Keys_23307.pkgdef to C:\Program Files (x86)\Microsoft Visual Studio\2017\Community\Common7\IDE\CommonExtensions\Platform\Debugger\VCSharp_EE_Registry_Keys_23307.pkgdef
[0b00:0004][2017-10-17T09:46:38] Completed: Copying file /Contents/Common7/IDE/CommonExtensions/Platform/Debugger/VCSharp_EE_Registry_Keys_23307.pkgdef to C:\Program Files (x86)\Microsoft Visual Studio\2017\Community\Common7\IDE\CommonExtensions\Platform\Debugger\VCSharp_EE_Registry_Keys_23307.pkgdef
[0b00:0004][2017-10-17T09:46:38] Timestamp updated for file 'C:\Program Files (x86)\Microsoft Visual Studio\2017\Community\Common7\IDE\CommonExtensions\Platform\Debugger\VCSharp_EE_Registry_Keys_23307.pkgdef'.
[0b00:0004][2017-10-17T09:46:38] Processing file /Contents/Common7/IDE/PrivateAssemblies/Microsoft.VisualStudio.Debugger.Metadata.dll
[0b00:0004][2017-10-17T09:46:38] Started: Copying file /Contents/Common7/IDE/PrivateAssemblies/Microsoft.VisualStudio.Debugger.Metadata.dll to C:\Program Files (x86)\Microsoft Visual Studio\2017\Community\Common7\IDE\PrivateAssemblies\Microsoft.VisualStudio.Debugger.Metadata.dll
[0b00:0004][2017-10-17T09:46:38] Completed: Copying file /Contents/Common7/IDE/PrivateAssemblies/Microsoft.VisualStudio.Debugger.Metadata.dll to C:\Program Files (x86)\Microsoft Visual Studio\2017\Community\Common7\IDE\PrivateAssemblies\Microsoft.VisualStudio.Debugger.Metadata.dll
[0b00:0004][2017-10-17T09:46:38] Timestamp updated for file 'C:\Program Files (x86)\Microsoft Visual Studio\2017\Community\Common7\IDE\PrivateAssemblies\Microsoft.VisualStudio.Debugger.Metadata.dll'.
[0b00:0004][2017-10-17T09:46:38] Queueing C:\Program Files (x86)\Microsoft Visual Studio\2017\Community\Common7\IDE\PrivateAssemblies\Microsoft.VisualStudio.Debugger.Metadata.dll for X86 ngen
[0b00:0004][2017-10-17T09:46:38] Successfully queued file '/Contents/Common7/IDE/PrivateAssemblies/Microsoft.VisualStudio.Debugger.Metadata.dll' for ngen
[0b00:0004][2017-10-17T09:46:38] Processing file /Contents/Common7/IDE/PrivateAssemblies/Microsoft.VisualStudio.vil.dll
[0b00:0004][2017-10-17T09:46:38] Started: Copying file /Contents/Common7/IDE/PrivateAssemblies/Microsoft.VisualStudio.vil.dll to C:\Program Files (x86)\Microsoft Visual Studio\2017\Community\Common7\IDE\PrivateAssemblies\Microsoft.VisualStudio.vil.dll
[0b00:0004][2017-10-17T09:46:38] Completed: Copying file /Contents/Common7/IDE/PrivateAssemblies/Microsoft.VisualStudio.vil.dll to C:\Program Files (x86)\Microsoft Visual Studio\2017\Community\Common7\IDE\PrivateAssemblies\Microsoft.VisualStudio.vil.dll
[0b00:0004][2017-10-17T09:46:38] Timestamp updated for file 'C:\Program Files (x86)\Microsoft Visual Studio\2017\Community\Common7\IDE\PrivateAssemblies\Microsoft.VisualStudio.vil.dll'.
[0b00:0004][2017-10-17T09:46:38] Queueing C:\Program Files (x86)\Microsoft Visual Studio\2017\Community\Common7\IDE\PrivateAssemblies\Microsoft.VisualStudio.vil.dll for X86 ngen
[0b00:0004][2017-10-17T09:46:38] Successfully queued file '/Contents/Common7/IDE/PrivateAssemblies/Microsoft.VisualStudio.vil.dll' for ngen
[0b00:0004][2017-10-17T09:46:38] Processing file /Contents/Common7/IDE/PrivateAssemblies/Microsoft.VisualStudio.vil.host.dll
[0b00:0004][2017-10-17T09:46:38] Started: Copying file /Contents/Common7/IDE/PrivateAssemblies/Microsoft.VisualStudio.vil.host.dll to C:\Program Files (x86)\Microsoft Visual Studio\2017\Community\Common7\IDE\PrivateAssemblies\Microsoft.VisualStudio.vil.host.dll
[0b00:0004][2017-10-17T09:46:38] Completed: Copying file /Contents/Common7/IDE/PrivateAssemblies/Microsoft.VisualStudio.vil.host.dll to C:\Program Files (x86)\Microsoft Visual Studio\2017\Community\Common7\IDE\PrivateAssemblies\Microsoft.VisualStudio.vil.host.dll
[0b00:0004][2017-10-17T09:46:38] Timestamp updated for file 'C:\Program Files (x86)\Microsoft Visual Studio\2017\Community\Common7\IDE\PrivateAssemblies\Microsoft.VisualStudio.vil.host.dll'.
[0b00:0004][2017-10-17T09:46:38] Queueing C:\Program Files (x86)\Microsoft Visual Studio\2017\Community\Common7\IDE\PrivateAssemblies\Microsoft.VisualStudio.vil.host.dll for X86 ngen
[0b00:0004][2017-10-17T09:46:38] Successfully queued file '/Contents/Common7/IDE/PrivateAssemblies/Microsoft.VisualStudio.vil.host.dll' for ngen
[0b00:0004][2017-10-17T09:46:38] Processing file /Contents/Common7/IDE/PrivateAssemblies/Runtime/Microsoft.VisualStudio.Debugger.Runtime.dll
[0b00:0004][2017-10-17T09:46:38] Started: Copying file /Contents/Common7/IDE/PrivateAssemblies/Runtime/Microsoft.VisualStudio.Debugger.Runtime.dll to C:\Program Files (x86)\Microsoft Visual Studio\2017\Community\Common7\IDE\PrivateAssemblies\Runtime\Microsoft.VisualStudio.Debugger.Runtime.dll
[0b00:0004][2017-10-17T09:46:38] Completed: Copying file /Contents/Common7/IDE/PrivateAssemblies/Runtime/Microsoft.VisualStudio.Debugger.Runtime.dll to C:\Program Files (x86)\Microsoft Visual Studio\2017\Community\Common7\IDE\PrivateAssemblies\Runtime\Microsoft.VisualStudio.Debugger.Runtime.dll
[0b00:0004][2017-10-17T09:46:38] Timestamp updated for file 'C:\Program Files (x86)\Microsoft Visual Studio\2017\Community\Common7\IDE\PrivateAssemblies\Runtime\Microsoft.VisualStudio.Debugger.Runtime.dll'.
[0b00:0004][2017-10-17T09:46:38] Processing file /Contents/Common7/IDE/PrivateAssemblies/Runtime/Microsoft.VisualStudio.Debugger.Runtime.Impl.dll
[0b00:0004][2017-10-17T09:46:38] Started: Copying file /Contents/Common7/IDE/PrivateAssemblies/Runtime/Microsoft.VisualStudio.Debugger.Runtime.Impl.dll to C:\Program Files (x86)\Microsoft Visual Studio\2017\Community\Common7\IDE\PrivateAssemblies\Runtime\Microsoft.VisualStudio.Debugger.Runtime.Impl.dll
[0b00:0004][2017-10-17T09:46:38] Completed: Copying file /Contents/Common7/IDE/PrivateAssemblies/Runtime/Microsoft.VisualStudio.Debugger.Runtime.Impl.dll to C:\Program Files (x86)\Microsoft Visual Studio\2017\Community\Common7\IDE\PrivateAssemblies\Runtime\Microsoft.VisualStudio.Debugger.Runtime.Impl.dll
[0b00:0004][2017-10-17T09:46:38] Timestamp updated for file 'C:\Program Files (x86)\Microsoft Visual Studio\2017\Community\Common7\IDE\PrivateAssemblies\Runtime\Microsoft.VisualStudio.Debugger.Runtime.Impl.dll'.
[0b00:0004][2017-10-17T09:46:38] Processing file /Contents/Common7/IDE/PublicAssemblies/Microsoft.VisualStudio.DebuggerVisualizers.dll
[0b00:0004][2017-10-17T09:46:38] Started: Copying file /Contents/Common7/IDE/PublicAssemblies/Microsoft.VisualStudio.DebuggerVisualizers.dll to C:\Program Files (x86)\Microsoft Visual Studio\2017\Community\Common7\IDE\PublicAssemblies\Microsoft.VisualStudio.DebuggerVisualizers.dll
[0b00:0004][2017-10-17T09:46:38] Completed: Copying file /Contents/Common7/IDE/PublicAssemblies/Microsoft.VisualStudio.DebuggerVisualizers.dll to C:\Program Files (x86)\Microsoft Visual Studio\2017\Community\Common7\IDE\PublicAssemblies\Microsoft.VisualStudio.DebuggerVisualizers.dll
[0b00:0004][2017-10-17T09:46:38] Timestamp updated for file 'C:\Program Files (x86)\Microsoft Visual Studio\2017\Community\Common7\IDE\PublicAssemblies\Microsoft.VisualStudio.DebuggerVisualizers.dll'.
[0b00:0004][2017-10-17T09:46:38] Processing file /Contents/Common7/IDE/ReferenceAssemblies/v2.0/Microsoft.VisualStudio.DebuggerVisualizers.dll
[0b00:0004][2017-10-17T09:46:38] Started: Copying file /Contents/Common7/IDE/ReferenceAssemblies/v2.0/Microsoft.VisualStudio.DebuggerVisualizers.dll to C:\Program Files (x86)\Microsoft Visual Studio\2017\Community\Common7\IDE\ReferenceAssemblies\v2.0\Microsoft.VisualStudio.DebuggerVisualizers.dll
[0b00:0004][2017-10-17T09:46:38] Completed: Copying file /Contents/Common7/IDE/ReferenceAssemblies/v2.0/Microsoft.VisualStudio.DebuggerVisualizers.dll to C:\Program Files (x86)\Microsoft Visual Studio\2017\Community\Common7\IDE\ReferenceAssemblies\v2.0\Microsoft.VisualStudio.DebuggerVisualizers.dll
[0b00:0004][2017-10-17T09:46:38] Timestamp updated for file 'C:\Program Files (x86)\Microsoft Visual Studio\2017\Community\Common7\IDE\ReferenceAssemblies\v2.0\Microsoft.VisualStudio.DebuggerVisualizers.dll'.
[0b00:0004][2017-10-17T09:46:38] Processing file /Contents/Common7/Packages/Debugger/cpde.dll
[0b00:0004][2017-10-17T09:46:38] Started: Copying file /Contents/Common7/Packages/Debugger/cpde.dll to C:\Program Files (x86)\Microsoft Visual Studio\2017\Community\Common7\Packages\Debugger\cpde.dll
[0b00:0004][2017-10-17T09:46:38] Completed: Copying file /Contents/Common7/Packages/Debugger/cpde.dll to C:\Program Files (x86)\Microsoft Visual Studio\2017\Community\Common7\Packages\Debugger\cpde.dll
[0b00:0004][2017-10-17T09:46:38] Timestamp updated for file 'C:\Program Files (x86)\Microsoft Visual Studio\2017\Community\Common7\Packages\Debugger\cpde.dll'.
[0b00:0004][2017-10-17T09:46:38] Processing file /Contents/Common7/Packages/Debugger/cscompee.dll
[0b00:0004][2017-10-17T09:46:38] Started: Copying file /Contents/Common7/Packages/Debugger/cscompee.dll to C:\Program Files (x86)\Microsoft Visual Studio\2017\Community\Common7\Packages\Debugger\cscompee.dll
[0b00:0004][2017-10-17T09:46:38] Completed: Copying file /Contents/Common7/Packages/Debugger/cscompee.dll to C:\Program Files (x86)\Microsoft Visual Studio\2017\Community\Common7\Packages\Debugger\cscompee.dll
[0b00:0004][2017-10-17T09:46:38] Timestamp updated for file 'C:\Program Files (x86)\Microsoft Visual Studio\2017\Community\Common7\Packages\Debugger\cscompee.dll'.
[0b00:0004][2017-10-17T09:46:38] Processing file /Contents/Common7/Packages/Debugger/dbgshim.dll
[0b00:0004][2017-10-17T09:46:38] Started: Copying file /Contents/Common7/Packages/Debugger/dbgshim.dll to C:\Program Files (x86)\Microsoft Visual Studio\2017\Community\Common7\Packages\Debugger\dbgshim.dll
[0b00:0004][2017-10-17T09:46:38] Completed: Copying file /Contents/Common7/Packages/Debugger/dbgshim.dll to C:\Program Files (x86)\Microsoft Visual Studio\2017\Community\Common7\Packages\Debugger\dbgshim.dll
[0b00:0004][2017-10-17T09:46:38] Timestamp updated for file 'C:\Program Files (x86)\Microsoft Visual Studio\2017\Community\Common7\Packages\Debugger\dbgshim.dll'.
[0b00:0004][2017-10-17T09:46:38] Processing file /Contents/Common7/Packages/Debugger/MCppEE.dll
[0b00:0004][2017-10-17T09:46:38] Started: Copying file /Contents/Common7/Packages/Debugger/MCppEE.dll to C:\Program Files (x86)\Microsoft Visual Studio\2017\Community\Common7\Packages\Debugger\MCppEE.dll
[0b00:0004][2017-10-17T09:46:38] Completed: Copying file /Contents/Common7/Packages/Debugger/MCppEE.dll to C:\Program Files (x86)\Microsoft Visual Studio\2017\Community\Common7\Packages\Debugger\MCppEE.dll
[0b00:0004][2017-10-17T09:46:38] Timestamp updated for file 'C:\Program Files (x86)\Microsoft Visual Studio\2017\Community\Common7\Packages\Debugger\MCppEE.dll'.
[0b00:0004][2017-10-17T09:46:38] Processing file /Contents/Common7/Packages/Debugger/MCppEE.vsdconfig
[0b00:0004][2017-10-17T09:46:38] Started: Copying file /Contents/Common7/Packages/Debugger/MCppEE.vsdconfig to C:\Program Files (x86)\Microsoft Visual Studio\2017\Community\Common7\Packages\Debugger\MCppEE.vsdconfig
[0b00:0004][2017-10-17T09:46:38] Completed: Copying file /Contents/Common7/Packages/Debugger/MCppEE.vsdconfig to C:\Program Files (x86)\Microsoft Visual Studio\2017\Community\Common7\Packages\Debugger\MCppEE.vsdconfig
[0b00:0004][2017-10-17T09:46:38] Timestamp updated for file 'C:\Program Files (x86)\Microsoft Visual Studio\2017\Community\Common7\Packages\Debugger\MCppEE.vsdconfig'.
[0b00:0004][2017-10-17T09:46:38] Processing file /Contents/Common7/Packages/Debugger/shmetapdb.dll
[0b00:0004][2017-10-17T09:46:38] Started: Copying file /Contents/Common7/Packages/Debugger/shmetapdb.dll to C:\Program Files (x86)\Microsoft Visual Studio\2017\Community\Common7\Packages\Debugger\shmetapdb.dll
[0b00:0004][2017-10-17T09:46:38] Completed: Copying file /Contents/Common7/Packages/Debugger/shmetapdb.dll to C:\Program Files (x86)\Microsoft Visual Studio\2017\Community\Common7\Packages\Debugger\shmetapdb.dll
[0b00:0004][2017-10-17T09:46:38] Timestamp updated for file 'C:\Program Files (x86)\Microsoft Visual Studio\2017\Community\Common7\Packages\Debugger\shmetapdb.dll'.
[0b00:0004][2017-10-17T09:46:38] Processing file /Contents/Common7/Packages/Debugger/Visualizers/Microsoft.VisualStudio.Debugger.DataSetVisualizer.dll
[0b00:0004][2017-10-17T09:46:38] Started: Copying file /Contents/Common7/Packages/Debugger/Visualizers/Microsoft.VisualStudio.Debugger.DataSetVisualizer.dll to C:\Program Files (x86)\Microsoft Visual Studio\2017\Community\Common7\Packages\Debugger\Visualizers\Microsoft.VisualStudio.Debugger.DataSetVisualizer.dll
[0b00:0004][2017-10-17T09:46:38] Completed: Copying file /Contents/Common7/Packages/Debugger/Visualizers/Microsoft.VisualStudio.Debugger.DataSetVisualizer.dll to C:\Program Files (x86)\Microsoft Visual Studio\2017\Community\Common7\Packages\Debugger\Visualizers\Microsoft.VisualStudio.Debugger.DataSetVisualizer.dll
[0b00:0004][2017-10-17T09:46:38] Timestamp updated for file 'C:\Program Files (x86)\Microsoft Visual Studio\2017\Community\Common7\Packages\Debugger\Visualizers\Microsoft.VisualStudio.Debugger.DataSetVisualizer.dll'.
[0b00:0004][2017-10-17T09:46:38] Processing file /Contents/Common7/Packages/Debugger/Visualizers/Microsoft.VisualStudio.Debugger.WpfTreeVisualizer.dll
[0b00:0004][2017-10-17T09:46:38] Started: Copying file /Contents/Common7/Packages/Debugger/Visualizers/Microsoft.VisualStudio.Debugger.WpfTreeVisualizer.dll to C:\Program Files (x86)\Microsoft Visual Studio\2017\Community\Common7\Packages\Debugger\Visualizers\Microsoft.VisualStudio.Debugger.WpfTreeVisualizer.dll
[0b00:0004][2017-10-17T09:46:38] Completed: Copying file /Contents/Common7/Packages/Debugger/Visualizers/Microsoft.VisualStudio.Debugger.WpfTreeVisualizer.dll to C:\Program Files (x86)\Microsoft Visual Studio\2017\Community\Common7\Packages\Debugger\Visualizers\Microsoft.VisualStudio.Debugger.WpfTreeVisualizer.dll
[0b00:0004][2017-10-17T09:46:38] Timestamp updated for file 'C:\Program Files (x86)\Microsoft Visual Studio\2017\Community\Common7\Packages\Debugger\Visualizers\Microsoft.VisualStudio.Debugger.WpfTreeVisualizer.dll'.
[0b00:0004][2017-10-17T09:46:38] Processing file /Contents/Common7/Packages/Debugger/Visualizers/Microsoft.VisualStudio.DebuggerVisualizers.dll
[0b00:0004][2017-10-17T09:46:38] Started: Copying file /Contents/Common7/Packages/Debugger/Visualizers/Microsoft.VisualStudio.DebuggerVisualizers.dll to C:\Program Files (x86)\Microsoft Visual Studio\2017\Community\Common7\Packages\Debugger\Visualizers\Microsoft.VisualStudio.DebuggerVisualizers.dll
[0b00:0004][2017-10-17T09:46:38] Completed: Copying file /Contents/Common7/Packages/Debugger/Visualizers/Microsoft.VisualStudio.DebuggerVisualizers.dll to C:\Program Files (x86)\Microsoft Visual Studio\2017\Community\Common7\Packages\Debugger\Visualizers\Microsoft.VisualStudio.DebuggerVisualizers.dll
[0b00:0004][2017-10-17T09:46:38] Timestamp updated for file 'C:\Program Files (x86)\Microsoft Visual Studio\2017\Community\Common7\Packages\Debugger\Visualizers\Microsoft.VisualStudio.DebuggerVisualizers.dll'.
[0b00:0004][2017-10-17T09:46:38] Processing file /Contents/Common7/Packages/Debugger/Visualizers/Microsoft.VisualStudio.Diagnostics.Common.dll
[0b00:0004][2017-10-17T09:46:38] Started: Copying file /Contents/Common7/Packages/Debugger/Visualizers/Microsoft.VisualStudio.Diagnostics.Common.dll to C:\Program Files (x86)\Microsoft Visual Studio\2017\Community\Common7\Packages\Debugger\Visualizers\Microsoft.VisualStudio.Diagnostics.Common.dll
[0b00:0004][2017-10-17T09:46:38] Completed: Copying file /Contents/Common7/Packages/Debugger/Visualizers/Microsoft.VisualStudio.Diagnostics.Common.dll to C:\Program Files (x86)\Microsoft Visual Studio\2017\Community\Common7\Packages\Debugger\Visualizers\Microsoft.VisualStudio.Diagnostics.Common.dll
[0b00:0004][2017-10-17T09:46:38] Timestamp updated for file 'C:\Program Files (x86)\Microsoft Visual Studio\2017\Community\Common7\Packages\Debugger\Visualizers\Microsoft.VisualStudio.Diagnostics.Common.dll'.
[0b00:0004][2017-10-17T09:46:38] Processing file /Contents/Common7/Packages/Debugger/Visualizers/Original/autoexp.cs
[0b00:0004][2017-10-17T09:46:38] Started: Copying file /Contents/Common7/Packages/Debugger/Visualizers/Original/autoexp.cs to C:\Program Files (x86)\Microsoft Visual Studio\2017\Community\Common7\Packages\Debugger\Visualizers\Original\autoexp.cs
[0b00:0004][2017-10-17T09:46:38] Completed: Copying file /Contents/Common7/Packages/Debugger/Visualizers/Original/autoexp.cs to C:\Program Files (x86)\Microsoft Visual Studio\2017\Community\Common7\Packages\Debugger\Visualizers\Original\autoexp.cs
[0b00:0004][2017-10-17T09:46:38] Timestamp updated for file 'C:\Program Files (x86)\Microsoft Visual Studio\2017\Community\Common7\Packages\Debugger\Visualizers\Original\autoexp.cs'.
[0b00:0004][2017-10-17T09:46:38] Processing file /Contents/Common7/Packages/Debugger/Visualizers/Original/autoexp.dll
[0b00:0004][2017-10-17T09:46:38] Started: Copying file /Contents/Common7/Packages/Debugger/Visualizers/Original/autoexp.dll to C:\Program Files (x86)\Microsoft Visual Studio\2017\Community\Common7\Packages\Debugger\Visualizers\Original\autoexp.dll
[0b00:0004][2017-10-17T09:46:38] Completed: Copying file /Contents/Common7/Packages/Debugger/Visualizers/Original/autoexp.dll to C:\Program Files (x86)\Microsoft Visual Studio\2017\Community\Common7\Packages\Debugger\Visualizers\Original\autoexp.dll
[0b00:0004][2017-10-17T09:46:38] Timestamp updated for file 'C:\Program Files (x86)\Microsoft Visual Studio\2017\Community\Common7\Packages\Debugger\Visualizers\Original\autoexp.dll'.
[0b00:0004][2017-10-17T09:46:38] Package executed successfully. Return code: 0
