[0b00:0004][2017-10-17T09:46:21] Opening the package for processing
[0b00:0004][2017-10-17T09:46:21] Using package payload to get the embedded manifest
[0b00:0004][2017-10-17T09:46:21] Getting list of files within the package
[0b00:0004][2017-10-17T09:46:21] Processing file /Contents/Common7/IDE/CommonExtensions/Microsoft/Architecture%20Tools/GraphProviderPackage/extension.vsixmanifest
[0b00:0004][2017-10-17T09:46:21] Started: Copying file /Contents/Common7/IDE/CommonExtensions/Microsoft/Architecture%20Tools/GraphProviderPackage/extension.vsixmanifest to C:\Program Files (x86)\Microsoft Visual Studio\2017\Community\Common7\IDE\CommonExtensions\Microsoft\Architecture Tools\GraphProviderPackage\extension.vsixmanifest
[0b00:0004][2017-10-17T09:46:21] Completed: Copying file /Contents/Common7/IDE/CommonExtensions/Microsoft/Architecture%20Tools/GraphProviderPackage/extension.vsixmanifest to C:\Program Files (x86)\Microsoft Visual Studio\2017\Community\Common7\IDE\CommonExtensions\Microsoft\Architecture Tools\GraphProviderPackage\extension.vsixmanifest
[0b00:0004][2017-10-17T09:46:21] Timestamp updated for file 'C:\Program Files (x86)\Microsoft Visual Studio\2017\Community\Common7\IDE\CommonExtensions\Microsoft\Architecture Tools\GraphProviderPackage\extension.vsixmanifest'.
[0b00:0004][2017-10-17T09:46:21] Processing file /Contents/Common7/IDE/CommonExtensions/Microsoft/Architecture%20Tools/GraphProviderPackage/GraphProviderPackage.pkgdef
[0b00:0004][2017-10-17T09:46:21] Started: Copying file /Contents/Common7/IDE/CommonExtensions/Microsoft/Architecture%20Tools/GraphProviderPackage/GraphProviderPackage.pkgdef to C:\Program Files (x86)\Microsoft Visual Studio\2017\Community\Common7\IDE\CommonExtensions\Microsoft\Architecture Tools\GraphProviderPackage\GraphProviderPackage.pkgdef
[0b00:0004][2017-10-17T09:46:21] Completed: Copying file /Contents/Common7/IDE/CommonExtensions/Microsoft/Architecture%20Tools/GraphProviderPackage/GraphProviderPackage.pkgdef to C:\Program Files (x86)\Microsoft Visual Studio\2017\Community\Common7\IDE\CommonExtensions\Microsoft\Architecture Tools\GraphProviderPackage\GraphProviderPackage.pkgdef
[0b00:0004][2017-10-17T09:46:21] Timestamp updated for file 'C:\Program Files (x86)\Microsoft Visual Studio\2017\Community\Common7\IDE\CommonExtensions\Microsoft\Architecture Tools\GraphProviderPackage\GraphProviderPackage.pkgdef'.
[0b00:0004][2017-10-17T09:46:21] Processing file /Contents/Common7/IDE/CommonExtensions/Microsoft/Architecture%20Tools/GraphProviderPackage/Microsoft.VisualStudio.GraphProviderPackage.dll
[0b00:0004][2017-10-17T09:46:21] Started: Copying file /Contents/Common7/IDE/CommonExtensions/Microsoft/Architecture%20Tools/GraphProviderPackage/Microsoft.VisualStudio.GraphProviderPackage.dll to C:\Program Files (x86)\Microsoft Visual Studio\2017\Community\Common7\IDE\CommonExtensions\Microsoft\Architecture Tools\GraphProviderPackage\Microsoft.VisualStudio.GraphProviderPackage.dll
[0b00:0004][2017-10-17T09:46:21] Completed: Copying file /Contents/Common7/IDE/CommonExtensions/Microsoft/Architecture%20Tools/GraphProviderPackage/Microsoft.VisualStudio.GraphProviderPackage.dll to C:\Program Files (x86)\Microsoft Visual Studio\2017\Community\Common7\IDE\CommonExtensions\Microsoft\Architecture Tools\GraphProviderPackage\Microsoft.VisualStudio.GraphProviderPackage.dll
[0b00:0004][2017-10-17T09:46:21] Timestamp updated for file 'C:\Program Files (x86)\Microsoft Visual Studio\2017\Community\Common7\IDE\CommonExtensions\Microsoft\Architecture Tools\GraphProviderPackage\Microsoft.VisualStudio.GraphProviderPackage.dll'.
[0b00:0004][2017-10-17T09:46:21] Queueing C:\Program Files (x86)\Microsoft Visual Studio\2017\Community\Common7\IDE\CommonExtensions\Microsoft\Architecture Tools\GraphProviderPackage\Microsoft.VisualStudio.GraphProviderPackage.dll for X86 ngen
[0b00:0004][2017-10-17T09:46:21] Successfully queued file '/Contents/Common7/IDE/CommonExtensions/Microsoft/Architecture Tools/GraphProviderPackage/Microsoft.VisualStudio.GraphProviderPackage.dll' for ngen
[0b00:0004][2017-10-17T09:46:21] Processing file /Contents/Common7/IDE/CommonExtensions/Microsoft/Architecture%20Tools/GraphProviderPackage/Microsoft.VisualStudio.GraphProviderPackage.pkgdef
[0b00:0004][2017-10-17T09:46:21] Started: Copying file /Contents/Common7/IDE/CommonExtensions/Microsoft/Architecture%20Tools/GraphProviderPackage/Microsoft.VisualStudio.GraphProviderPackage.pkgdef to C:\Program Files (x86)\Microsoft Visual Studio\2017\Community\Common7\IDE\CommonExtensions\Microsoft\Architecture Tools\GraphProviderPackage\Microsoft.VisualStudio.GraphProviderPackage.pkgdef
[0b00:0004][2017-10-17T09:46:21] Completed: Copying file /Contents/Common7/IDE/CommonExtensions/Microsoft/Architecture%20Tools/GraphProviderPackage/Microsoft.VisualStudio.GraphProviderPackage.pkgdef to C:\Program Files (x86)\Microsoft Visual Studio\2017\Community\Common7\IDE\CommonExtensions\Microsoft\Architecture Tools\GraphProviderPackage\Microsoft.VisualStudio.GraphProviderPackage.pkgdef
[0b00:0004][2017-10-17T09:46:21] Timestamp updated for file 'C:\Program Files (x86)\Microsoft Visual Studio\2017\Community\Common7\IDE\CommonExtensions\Microsoft\Architecture Tools\GraphProviderPackage\Microsoft.VisualStudio.GraphProviderPackage.pkgdef'.
[0b00:0004][2017-10-17T09:46:21] Processing file /Contents/Common7/IDE/CommonExtensions/Microsoft/Architecture%20Tools/GraphProviderPackage/Microsoft.VisualStudio.Progression.CodeSchema.dll
[0b00:0004][2017-10-17T09:46:21] Started: Copying file /Contents/Common7/IDE/CommonExtensions/Microsoft/Architecture%20Tools/GraphProviderPackage/Microsoft.VisualStudio.Progression.CodeSchema.dll to C:\Program Files (x86)\Microsoft Visual Studio\2017\Community\Common7\IDE\CommonExtensions\Microsoft\Architecture Tools\GraphProviderPackage\Microsoft.VisualStudio.Progression.CodeSchema.dll
[0b00:0004][2017-10-17T09:46:21] Completed: Copying file /Contents/Common7/IDE/CommonExtensions/Microsoft/Architecture%20Tools/GraphProviderPackage/Microsoft.VisualStudio.Progression.CodeSchema.dll to C:\Program Files (x86)\Microsoft Visual Studio\2017\Community\Common7\IDE\CommonExtensions\Microsoft\Architecture Tools\GraphProviderPackage\Microsoft.VisualStudio.Progression.CodeSchema.dll
[0b00:0004][2017-10-17T09:46:21] Timestamp updated for file 'C:\Program Files (x86)\Microsoft Visual Studio\2017\Community\Common7\IDE\CommonExtensions\Microsoft\Architecture Tools\GraphProviderPackage\Microsoft.VisualStudio.Progression.CodeSchema.dll'.
[0b00:0004][2017-10-17T09:46:21] Queueing C:\Program Files (x86)\Microsoft Visual Studio\2017\Community\Common7\IDE\CommonExtensions\Microsoft\Architecture Tools\GraphProviderPackage\Microsoft.VisualStudio.Progression.CodeSchema.dll for X86 ngen
[0b00:0004][2017-10-17T09:46:21] Successfully queued file '/Contents/Common7/IDE/CommonExtensions/Microsoft/Architecture Tools/GraphProviderPackage/Microsoft.VisualStudio.Progression.CodeSchema.dll' for ngen
[0b00:0004][2017-10-17T09:46:21] Processing file /Contents/Common7/IDE/CommonExtensions/Microsoft/Architecture%20Tools/GraphProviderPackage/Microsoft.VisualStudio.Progression.Common.dll
[0b00:0004][2017-10-17T09:46:21] Started: Copying file /Contents/Common7/IDE/CommonExtensions/Microsoft/Architecture%20Tools/GraphProviderPackage/Microsoft.VisualStudio.Progression.Common.dll to C:\Program Files (x86)\Microsoft Visual Studio\2017\Community\Common7\IDE\CommonExtensions\Microsoft\Architecture Tools\GraphProviderPackage\Microsoft.VisualStudio.Progression.Common.dll
[0b00:0004][2017-10-17T09:46:21] Completed: Copying file /Contents/Common7/IDE/CommonExtensions/Microsoft/Architecture%20Tools/GraphProviderPackage/Microsoft.VisualStudio.Progression.Common.dll to C:\Program Files (x86)\Microsoft Visual Studio\2017\Community\Common7\IDE\CommonExtensions\Microsoft\Architecture Tools\GraphProviderPackage\Microsoft.VisualStudio.Progression.Common.dll
[0b00:0004][2017-10-17T09:46:21] Timestamp updated for file 'C:\Program Files (x86)\Microsoft Visual Studio\2017\Community\Common7\IDE\CommonExtensions\Microsoft\Architecture Tools\GraphProviderPackage\Microsoft.VisualStudio.Progression.Common.dll'.
[0b00:0004][2017-10-17T09:46:21] Queueing C:\Program Files (x86)\Microsoft Visual Studio\2017\Community\Common7\IDE\CommonExtensions\Microsoft\Architecture Tools\GraphProviderPackage\Microsoft.VisualStudio.Progression.Common.dll for X86 ngen
[0b00:0004][2017-10-17T09:46:21] Successfully queued file '/Contents/Common7/IDE/CommonExtensions/Microsoft/Architecture Tools/GraphProviderPackage/Microsoft.VisualStudio.Progression.Common.dll' for ngen
[0b00:0004][2017-10-17T09:46:21] Processing file /Contents/Common7/IDE/CommonExtensions/Microsoft/Architecture%20Tools/GraphProviderPackage/Microsoft.VisualStudio.Progression.DataManager.dll
[0b00:0004][2017-10-17T09:46:21] Started: Copying file /Contents/Common7/IDE/CommonExtensions/Microsoft/Architecture%20Tools/GraphProviderPackage/Microsoft.VisualStudio.Progression.DataManager.dll to C:\Program Files (x86)\Microsoft Visual Studio\2017\Community\Common7\IDE\CommonExtensions\Microsoft\Architecture Tools\GraphProviderPackage\Microsoft.VisualStudio.Progression.DataManager.dll
[0b00:0004][2017-10-17T09:46:21] Completed: Copying file /Contents/Common7/IDE/CommonExtensions/Microsoft/Architecture%20Tools/GraphProviderPackage/Microsoft.VisualStudio.Progression.DataManager.dll to C:\Program Files (x86)\Microsoft Visual Studio\2017\Community\Common7\IDE\CommonExtensions\Microsoft\Architecture Tools\GraphProviderPackage\Microsoft.VisualStudio.Progression.DataManager.dll
[0b00:0004][2017-10-17T09:46:21] Timestamp updated for file 'C:\Program Files (x86)\Microsoft Visual Studio\2017\Community\Common7\IDE\CommonExtensions\Microsoft\Architecture Tools\GraphProviderPackage\Microsoft.VisualStudio.Progression.DataManager.dll'.
[0b00:0004][2017-10-17T09:46:21] Queueing C:\Program Files (x86)\Microsoft Visual Studio\2017\Community\Common7\IDE\CommonExtensions\Microsoft\Architecture Tools\GraphProviderPackage\Microsoft.VisualStudio.Progression.DataManager.dll for X86 ngen
[0b00:0004][2017-10-17T09:46:21] Successfully queued file '/Contents/Common7/IDE/CommonExtensions/Microsoft/Architecture Tools/GraphProviderPackage/Microsoft.VisualStudio.Progression.DataManager.dll' for ngen
[0b00:0004][2017-10-17T09:46:21] Processing file /Contents/Common7/IDE/CommonExtensions/Microsoft/Architecture%20Tools/GraphProviderPackage/Microsoft.VisualStudio.Progression.Interfaces.dll
[0b00:0004][2017-10-17T09:46:21] Started: Copying file /Contents/Common7/IDE/CommonExtensions/Microsoft/Architecture%20Tools/GraphProviderPackage/Microsoft.VisualStudio.Progression.Interfaces.dll to C:\Program Files (x86)\Microsoft Visual Studio\2017\Community\Common7\IDE\CommonExtensions\Microsoft\Architecture Tools\GraphProviderPackage\Microsoft.VisualStudio.Progression.Interfaces.dll
[0b00:0004][2017-10-17T09:46:21] Completed: Copying file /Contents/Common7/IDE/CommonExtensions/Microsoft/Architecture%20Tools/GraphProviderPackage/Microsoft.VisualStudio.Progression.Interfaces.dll to C:\Program Files (x86)\Microsoft Visual Studio\2017\Community\Common7\IDE\CommonExtensions\Microsoft\Architecture Tools\GraphProviderPackage\Microsoft.VisualStudio.Progression.Interfaces.dll
[0b00:0004][2017-10-17T09:46:21] Timestamp updated for file 'C:\Program Files (x86)\Microsoft Visual Studio\2017\Community\Common7\IDE\CommonExtensions\Microsoft\Architecture Tools\GraphProviderPackage\Microsoft.VisualStudio.Progression.Interfaces.dll'.
[0b00:0004][2017-10-17T09:46:21] Queueing C:\Program Files (x86)\Microsoft Visual Studio\2017\Community\Common7\IDE\CommonExtensions\Microsoft\Architecture Tools\GraphProviderPackage\Microsoft.VisualStudio.Progression.Interfaces.dll for X86 ngen
[0b00:0004][2017-10-17T09:46:21] Successfully queued file '/Contents/Common7/IDE/CommonExtensions/Microsoft/Architecture Tools/GraphProviderPackage/Microsoft.VisualStudio.Progression.Interfaces.dll' for ngen
[0b00:0004][2017-10-17T09:46:21] Processing file /Contents/Common7/IDE/CommonExtensions/Microsoft/Architecture%20Tools/Providers/ManagedProvider/extension.vsixmanifest
[0b00:0004][2017-10-17T09:46:21] Started: Copying file /Contents/Common7/IDE/CommonExtensions/Microsoft/Architecture%20Tools/Providers/ManagedProvider/extension.vsixmanifest to C:\Program Files (x86)\Microsoft Visual Studio\2017\Community\Common7\IDE\CommonExtensions\Microsoft\Architecture Tools\Providers\ManagedProvider\extension.vsixmanifest
[0b00:0004][2017-10-17T09:46:21] Completed: Copying file /Contents/Common7/IDE/CommonExtensions/Microsoft/Architecture%20Tools/Providers/ManagedProvider/extension.vsixmanifest to C:\Program Files (x86)\Microsoft Visual Studio\2017\Community\Common7\IDE\CommonExtensions\Microsoft\Architecture Tools\Providers\ManagedProvider\extension.vsixmanifest
[0b00:0004][2017-10-17T09:46:21] Timestamp updated for file 'C:\Program Files (x86)\Microsoft Visual Studio\2017\Community\Common7\IDE\CommonExtensions\Microsoft\Architecture Tools\Providers\ManagedProvider\extension.vsixmanifest'.
[0b00:0004][2017-10-17T09:46:21] Processing file /Contents/Common7/IDE/CommonExtensions/Microsoft/Architecture%20Tools/Providers/ManagedProvider/Microsoft.VisualStudio.Progression.ManagedProvider.dll
[0b00:0004][2017-10-17T09:46:21] Started: Copying file /Contents/Common7/IDE/CommonExtensions/Microsoft/Architecture%20Tools/Providers/ManagedProvider/Microsoft.VisualStudio.Progression.ManagedProvider.dll to C:\Program Files (x86)\Microsoft Visual Studio\2017\Community\Common7\IDE\CommonExtensions\Microsoft\Architecture Tools\Providers\ManagedProvider\Microsoft.VisualStudio.Progression.ManagedProvider.dll
[0b00:0004][2017-10-17T09:46:21] Completed: Copying file /Contents/Common7/IDE/CommonExtensions/Microsoft/Architecture%20Tools/Providers/ManagedProvider/Microsoft.VisualStudio.Progression.ManagedProvider.dll to C:\Program Files (x86)\Microsoft Visual Studio\2017\Community\Common7\IDE\CommonExtensions\Microsoft\Architecture Tools\Providers\ManagedProvider\Microsoft.VisualStudio.Progression.ManagedProvider.dll
[0b00:0004][2017-10-17T09:46:21] Timestamp updated for file 'C:\Program Files (x86)\Microsoft Visual Studio\2017\Community\Common7\IDE\CommonExtensions\Microsoft\Architecture Tools\Providers\ManagedProvider\Microsoft.VisualStudio.Progression.ManagedProvider.dll'.
[0b00:0004][2017-10-17T09:46:21] Queueing C:\Program Files (x86)\Microsoft Visual Studio\2017\Community\Common7\IDE\CommonExtensions\Microsoft\Architecture Tools\Providers\ManagedProvider\Microsoft.VisualStudio.Progression.ManagedProvider.dll for X86 ngen
[0b00:0004][2017-10-17T09:46:21] Successfully queued file '/Contents/Common7/IDE/CommonExtensions/Microsoft/Architecture Tools/Providers/ManagedProvider/Microsoft.VisualStudio.Progression.ManagedProvider.dll' for ngen
[0b00:0004][2017-10-17T09:46:21] Processing file /Contents/Common7/IDE/CommonExtensions/Microsoft/Architecture%20Tools/Providers/Solution/extension.vsixmanifest
[0b00:0004][2017-10-17T09:46:21] Started: Copying file /Contents/Common7/IDE/CommonExtensions/Microsoft/Architecture%20Tools/Providers/Solution/extension.vsixmanifest to C:\Program Files (x86)\Microsoft Visual Studio\2017\Community\Common7\IDE\CommonExtensions\Microsoft\Architecture Tools\Providers\Solution\extension.vsixmanifest
[0b00:0004][2017-10-17T09:46:21] Completed: Copying file /Contents/Common7/IDE/CommonExtensions/Microsoft/Architecture%20Tools/Providers/Solution/extension.vsixmanifest to C:\Program Files (x86)\Microsoft Visual Studio\2017\Community\Common7\IDE\CommonExtensions\Microsoft\Architecture Tools\Providers\Solution\extension.vsixmanifest
[0b00:0004][2017-10-17T09:46:21] Timestamp updated for file 'C:\Program Files (x86)\Microsoft Visual Studio\2017\Community\Common7\IDE\CommonExtensions\Microsoft\Architecture Tools\Providers\Solution\extension.vsixmanifest'.
[0b00:0004][2017-10-17T09:46:21] Processing file /Contents/Common7/IDE/CommonExtensions/Microsoft/Architecture%20Tools/Providers/Solution/Microsoft.VisualStudio.Progression.VSProvider.dll
[0b00:0004][2017-10-17T09:46:21] Started: Copying file /Contents/Common7/IDE/CommonExtensions/Microsoft/Architecture%20Tools/Providers/Solution/Microsoft.VisualStudio.Progression.VSProvider.dll to C:\Program Files (x86)\Microsoft Visual Studio\2017\Community\Common7\IDE\CommonExtensions\Microsoft\Architecture Tools\Providers\Solution\Microsoft.VisualStudio.Progression.VSProvider.dll
[0b00:0004][2017-10-17T09:46:21] Completed: Copying file /Contents/Common7/IDE/CommonExtensions/Microsoft/Architecture%20Tools/Providers/Solution/Microsoft.VisualStudio.Progression.VSProvider.dll to C:\Program Files (x86)\Microsoft Visual Studio\2017\Community\Common7\IDE\CommonExtensions\Microsoft\Architecture Tools\Providers\Solution\Microsoft.VisualStudio.Progression.VSProvider.dll
[0b00:0004][2017-10-17T09:46:21] Timestamp updated for file 'C:\Program Files (x86)\Microsoft Visual Studio\2017\Community\Common7\IDE\CommonExtensions\Microsoft\Architecture Tools\Providers\Solution\Microsoft.VisualStudio.Progression.VSProvider.dll'.
[0b00:0004][2017-10-17T09:46:21] Queueing C:\Program Files (x86)\Microsoft Visual Studio\2017\Community\Common7\IDE\CommonExtensions\Microsoft\Architecture Tools\Providers\Solution\Microsoft.VisualStudio.Progression.VSProvider.dll for X86 ngen
[0b00:0004][2017-10-17T09:46:21] Successfully queued file '/Contents/Common7/IDE/CommonExtensions/Microsoft/Architecture Tools/Providers/Solution/Microsoft.VisualStudio.Progression.VSProvider.dll' for ngen
[0b00:0004][2017-10-17T09:46:21] Processing file /Contents/Common7/IDE/PrivateAssemblies/Microsoft.VisualStudio.ArchitectureTools.PEReader.dll
[0b00:0004][2017-10-17T09:46:21] Started: Copying file /Contents/Common7/IDE/PrivateAssemblies/Microsoft.VisualStudio.ArchitectureTools.PEReader.dll to C:\Program Files (x86)\Microsoft Visual Studio\2017\Community\Common7\IDE\PrivateAssemblies\Microsoft.VisualStudio.ArchitectureTools.PEReader.dll
[0b00:0004][2017-10-17T09:46:21] Completed: Copying file /Contents/Common7/IDE/PrivateAssemblies/Microsoft.VisualStudio.ArchitectureTools.PEReader.dll to C:\Program Files (x86)\Microsoft Visual Studio\2017\Community\Common7\IDE\PrivateAssemblies\Microsoft.VisualStudio.ArchitectureTools.PEReader.dll
[0b00:0004][2017-10-17T09:46:21] Timestamp updated for file 'C:\Program Files (x86)\Microsoft Visual Studio\2017\Community\Common7\IDE\PrivateAssemblies\Microsoft.VisualStudio.ArchitectureTools.PEReader.dll'.
[0b00:0004][2017-10-17T09:46:21] Queueing C:\Program Files (x86)\Microsoft Visual Studio\2017\Community\Common7\IDE\PrivateAssemblies\Microsoft.VisualStudio.ArchitectureTools.PEReader.dll for X86 ngen
[0b00:0004][2017-10-17T09:46:21] Successfully queued file '/Contents/Common7/IDE/PrivateAssemblies/Microsoft.VisualStudio.ArchitectureTools.PEReader.dll' for ngen
[0b00:0004][2017-10-17T09:46:21] Package executed successfully. Return code: 0
