[0b00:0004][2017-10-17T09:48:33] Opening the package for processing
[0b00:0004][2017-10-17T09:48:33] Using package payload to get the embedded manifest
[0b00:0004][2017-10-17T09:48:33] Getting list of files within the package
[0b00:0004][2017-10-17T09:48:33] Processing file /catalog.json
[0b00:0004][2017-10-17T09:48:33] Started: Copying file /catalog.json to C:\Program Files (x86)\Microsoft Visual Studio\2017\Community\Common7\IDE\Extensions\ils1rduy.dci\catalog.json
[0b00:0004][2017-10-17T09:48:33] Completed: Copying file /catalog.json to C:\Program Files (x86)\Microsoft Visual Studio\2017\Community\Common7\IDE\Extensions\ils1rduy.dci\catalog.json
[0b00:0004][2017-10-17T09:48:33] Timestamp updated for file 'C:\Program Files (x86)\Microsoft Visual Studio\2017\Community\Common7\IDE\Extensions\ils1rduy.dci\catalog.json'.
[0b00:0004][2017-10-17T09:48:33] Processing file /extension.vsixmanifest
[0b00:0004][2017-10-17T09:48:33] Started: Copying file /extension.vsixmanifest to C:\Program Files (x86)\Microsoft Visual Studio\2017\Community\Common7\IDE\Extensions\ils1rduy.dci\extension.vsixmanifest
[0b00:0004][2017-10-17T09:48:33] Completed: Copying file /extension.vsixmanifest to C:\Program Files (x86)\Microsoft Visual Studio\2017\Community\Common7\IDE\Extensions\ils1rduy.dci\extension.vsixmanifest
[0b00:0004][2017-10-17T09:48:33] Timestamp updated for file 'C:\Program Files (x86)\Microsoft Visual Studio\2017\Community\Common7\IDE\Extensions\ils1rduy.dci\extension.vsixmanifest'.
[0b00:0004][2017-10-17T09:48:33] Processing file /manifest.json
[0b00:0004][2017-10-17T09:48:33] Started: Copying file /manifest.json to C:\Program Files (x86)\Microsoft Visual Studio\2017\Community\Common7\IDE\Extensions\ils1rduy.dci\manifest.json
[0b00:0004][2017-10-17T09:48:33] Completed: Copying file /manifest.json to C:\Program Files (x86)\Microsoft Visual Studio\2017\Community\Common7\IDE\Extensions\ils1rduy.dci\manifest.json
[0b00:0004][2017-10-17T09:48:33] Timestamp updated for file 'C:\Program Files (x86)\Microsoft Visual Studio\2017\Community\Common7\IDE\Extensions\ils1rduy.dci\manifest.json'.
[0b00:0004][2017-10-17T09:48:33] Processing file /ProjectTemplates/templateManifest0.1033.vstman
[0b00:0004][2017-10-17T09:48:33] Started: Copying file /ProjectTemplates/templateManifest0.1033.vstman to C:\Program Files (x86)\Microsoft Visual Studio\2017\Community\Common7\IDE\Extensions\ils1rduy.dci\ProjectTemplates\templateManifest0.1033.vstman
[0b00:0004][2017-10-17T09:48:33] Completed: Copying file /ProjectTemplates/templateManifest0.1033.vstman to C:\Program Files (x86)\Microsoft Visual Studio\2017\Community\Common7\IDE\Extensions\ils1rduy.dci\ProjectTemplates\templateManifest0.1033.vstman
[0b00:0004][2017-10-17T09:48:33] Timestamp updated for file 'C:\Program Files (x86)\Microsoft Visual Studio\2017\Community\Common7\IDE\Extensions\ils1rduy.dci\ProjectTemplates\templateManifest0.1033.vstman'.
[0b00:0004][2017-10-17T09:48:33] Processing file /ProjectTemplates/VisualBasic/.NET%20Core/1033/ClassLibrary/ClassLibrary.vstemplate
[0b00:0004][2017-10-17T09:48:33] Started: Copying file /ProjectTemplates/VisualBasic/.NET%20Core/1033/ClassLibrary/ClassLibrary.vstemplate to C:\Program Files (x86)\Microsoft Visual Studio\2017\Community\Common7\IDE\Extensions\ils1rduy.dci\ProjectTemplates\VisualBasic\.NET Core\1033\ClassLibrary\ClassLibrary.vstemplate
[0b00:0004][2017-10-17T09:48:33] Completed: Copying file /ProjectTemplates/VisualBasic/.NET%20Core/1033/ClassLibrary/ClassLibrary.vstemplate to C:\Program Files (x86)\Microsoft Visual Studio\2017\Community\Common7\IDE\Extensions\ils1rduy.dci\ProjectTemplates\VisualBasic\.NET Core\1033\ClassLibrary\ClassLibrary.vstemplate
[0b00:0004][2017-10-17T09:48:33] Timestamp updated for file 'C:\Program Files (x86)\Microsoft Visual Studio\2017\Community\Common7\IDE\Extensions\ils1rduy.dci\ProjectTemplates\VisualBasic\.NET Core\1033\ClassLibrary\ClassLibrary.vstemplate'.
[0b00:0004][2017-10-17T09:48:33] Processing file /ProjectTemplates/VisualBasic/.NET%20Core/1033/ConsoleApplication/ConsoleApplication.png
[0b00:0004][2017-10-17T09:48:33] Started: Copying file /ProjectTemplates/VisualBasic/.NET%20Core/1033/ConsoleApplication/ConsoleApplication.png to C:\Program Files (x86)\Microsoft Visual Studio\2017\Community\Common7\IDE\Extensions\ils1rduy.dci\ProjectTemplates\VisualBasic\.NET Core\1033\ConsoleApplication\ConsoleApplication.png
[0b00:0004][2017-10-17T09:48:33] Completed: Copying file /ProjectTemplates/VisualBasic/.NET%20Core/1033/ConsoleApplication/ConsoleApplication.png to C:\Program Files (x86)\Microsoft Visual Studio\2017\Community\Common7\IDE\Extensions\ils1rduy.dci\ProjectTemplates\VisualBasic\.NET Core\1033\ConsoleApplication\ConsoleApplication.png
[0b00:0004][2017-10-17T09:48:33] Timestamp updated for file 'C:\Program Files (x86)\Microsoft Visual Studio\2017\Community\Common7\IDE\Extensions\ils1rduy.dci\ProjectTemplates\VisualBasic\.NET Core\1033\ConsoleApplication\ConsoleApplication.png'.
[0b00:0004][2017-10-17T09:48:33] Processing file /ProjectTemplates/VisualBasic/.NET%20Core/1033/ConsoleApplication/ConsoleApplication.vstemplate
[0b00:0004][2017-10-17T09:48:33] Started: Copying file /ProjectTemplates/VisualBasic/.NET%20Core/1033/ConsoleApplication/ConsoleApplication.vstemplate to C:\Program Files (x86)\Microsoft Visual Studio\2017\Community\Common7\IDE\Extensions\ils1rduy.dci\ProjectTemplates\VisualBasic\.NET Core\1033\ConsoleApplication\ConsoleApplication.vstemplate
[0b00:0004][2017-10-17T09:48:33] Completed: Copying file /ProjectTemplates/VisualBasic/.NET%20Core/1033/ConsoleApplication/ConsoleApplication.vstemplate to C:\Program Files (x86)\Microsoft Visual Studio\2017\Community\Common7\IDE\Extensions\ils1rduy.dci\ProjectTemplates\VisualBasic\.NET Core\1033\ConsoleApplication\ConsoleApplication.vstemplate
[0b00:0004][2017-10-17T09:48:33] Timestamp updated for file 'C:\Program Files (x86)\Microsoft Visual Studio\2017\Community\Common7\IDE\Extensions\ils1rduy.dci\ProjectTemplates\VisualBasic\.NET Core\1033\ConsoleApplication\ConsoleApplication.vstemplate'.
[0b00:0004][2017-10-17T09:48:33] Package executed successfully. Return code: 0
