[0b00:0004][2017-10-17T09:45:48] Opening the package for processing
[0b00:0004][2017-10-17T09:45:48] Using package payload to get the embedded manifest
[0b00:0004][2017-10-17T09:45:48] Getting list of files within the package
[0b00:0004][2017-10-17T09:45:48] Processing file /Contents/Common7/IDE/CommonExtensions/Platform/Microsoft.VisualStudio.MinShell.Interop.pkgdef
[0b00:0004][2017-10-17T09:45:48] Started: Copying file /Contents/Common7/IDE/CommonExtensions/Platform/Microsoft.VisualStudio.MinShell.Interop.pkgdef to C:\Program Files (x86)\Microsoft Visual Studio\2017\Community\Common7\IDE\CommonExtensions\Platform\Microsoft.VisualStudio.MinShell.Interop.pkgdef
[0b00:0004][2017-10-17T09:45:48] Completed: Copying file /Contents/Common7/IDE/CommonExtensions/Platform/Microsoft.VisualStudio.MinShell.Interop.pkgdef to C:\Program Files (x86)\Microsoft Visual Studio\2017\Community\Common7\IDE\CommonExtensions\Platform\Microsoft.VisualStudio.MinShell.Interop.pkgdef
[0b00:0004][2017-10-17T09:45:48] Timestamp updated for file 'C:\Program Files (x86)\Microsoft Visual Studio\2017\Community\Common7\IDE\CommonExtensions\Platform\Microsoft.VisualStudio.MinShell.Interop.pkgdef'.
[0b00:0004][2017-10-17T09:45:48] Processing file /Contents/Common7/IDE/PrivateAssemblies/Interop/Microsoft.VisualStudio.Shell.Interop.8.0.dll
[0b00:0004][2017-10-17T09:45:48] Started: Copying file /Contents/Common7/IDE/PrivateAssemblies/Interop/Microsoft.VisualStudio.Shell.Interop.8.0.dll to C:\Program Files (x86)\Microsoft Visual Studio\2017\Community\Common7\IDE\PrivateAssemblies\Interop\Microsoft.VisualStudio.Shell.Interop.8.0.dll
[0b00:0004][2017-10-17T09:45:48] Completed: Copying file /Contents/Common7/IDE/PrivateAssemblies/Interop/Microsoft.VisualStudio.Shell.Interop.8.0.dll to C:\Program Files (x86)\Microsoft Visual Studio\2017\Community\Common7\IDE\PrivateAssemblies\Interop\Microsoft.VisualStudio.Shell.Interop.8.0.dll
[0b00:0004][2017-10-17T09:45:48] Timestamp updated for file 'C:\Program Files (x86)\Microsoft Visual Studio\2017\Community\Common7\IDE\PrivateAssemblies\Interop\Microsoft.VisualStudio.Shell.Interop.8.0.dll'.
[0b00:0004][2017-10-17T09:45:48] Processing file /Contents/Common7/IDE/PrivateAssemblies/System.Design.VisualStudio.15.0.dll
[0b00:0004][2017-10-17T09:45:48] Started: Copying file /Contents/Common7/IDE/PrivateAssemblies/System.Design.VisualStudio.15.0.dll to C:\Program Files (x86)\Microsoft Visual Studio\2017\Community\Common7\IDE\PrivateAssemblies\System.Design.VisualStudio.15.0.dll
[0b00:0004][2017-10-17T09:45:48] Completed: Copying file /Contents/Common7/IDE/PrivateAssemblies/System.Design.VisualStudio.15.0.dll to C:\Program Files (x86)\Microsoft Visual Studio\2017\Community\Common7\IDE\PrivateAssemblies\System.Design.VisualStudio.15.0.dll
[0b00:0004][2017-10-17T09:45:48] Timestamp updated for file 'C:\Program Files (x86)\Microsoft Visual Studio\2017\Community\Common7\IDE\PrivateAssemblies\System.Design.VisualStudio.15.0.dll'.
[0b00:0004][2017-10-17T09:45:48] Processing file /Contents/Common7/IDE/PrivateAssemblies/System.Web.DynamicData.VisualStudio.15.0.dll
[0b00:0004][2017-10-17T09:45:48] Started: Copying file /Contents/Common7/IDE/PrivateAssemblies/System.Web.DynamicData.VisualStudio.15.0.dll to C:\Program Files (x86)\Microsoft Visual Studio\2017\Community\Common7\IDE\PrivateAssemblies\System.Web.DynamicData.VisualStudio.15.0.dll
[0b00:0004][2017-10-17T09:45:48] Completed: Copying file /Contents/Common7/IDE/PrivateAssemblies/System.Web.DynamicData.VisualStudio.15.0.dll to C:\Program Files (x86)\Microsoft Visual Studio\2017\Community\Common7\IDE\PrivateAssemblies\System.Web.DynamicData.VisualStudio.15.0.dll
[0b00:0004][2017-10-17T09:45:48] Timestamp updated for file 'C:\Program Files (x86)\Microsoft Visual Studio\2017\Community\Common7\IDE\PrivateAssemblies\System.Web.DynamicData.VisualStudio.15.0.dll'.
[0b00:0004][2017-10-17T09:45:48] Processing file /Contents/Common7/IDE/PrivateAssemblies/System.Web.Extensions.Design.VisualStudio.15.0.dll
[0b00:0004][2017-10-17T09:45:48] Started: Copying file /Contents/Common7/IDE/PrivateAssemblies/System.Web.Extensions.Design.VisualStudio.15.0.dll to C:\Program Files (x86)\Microsoft Visual Studio\2017\Community\Common7\IDE\PrivateAssemblies\System.Web.Extensions.Design.VisualStudio.15.0.dll
[0b00:0004][2017-10-17T09:45:48] Completed: Copying file /Contents/Common7/IDE/PrivateAssemblies/System.Web.Extensions.Design.VisualStudio.15.0.dll to C:\Program Files (x86)\Microsoft Visual Studio\2017\Community\Common7\IDE\PrivateAssemblies\System.Web.Extensions.Design.VisualStudio.15.0.dll
[0b00:0004][2017-10-17T09:45:48] Timestamp updated for file 'C:\Program Files (x86)\Microsoft Visual Studio\2017\Community\Common7\IDE\PrivateAssemblies\System.Web.Extensions.Design.VisualStudio.15.0.dll'.
[0b00:0004][2017-10-17T09:45:48] Processing file /Contents/Common7/IDE/PrivateAssemblies/System.Web.Extensions.VisualStudio.15.0.dll
[0b00:0004][2017-10-17T09:45:48] Started: Copying file /Contents/Common7/IDE/PrivateAssemblies/System.Web.Extensions.VisualStudio.15.0.dll to C:\Program Files (x86)\Microsoft Visual Studio\2017\Community\Common7\IDE\PrivateAssemblies\System.Web.Extensions.VisualStudio.15.0.dll
[0b00:0004][2017-10-17T09:45:48] Completed: Copying file /Contents/Common7/IDE/PrivateAssemblies/System.Web.Extensions.VisualStudio.15.0.dll to C:\Program Files (x86)\Microsoft Visual Studio\2017\Community\Common7\IDE\PrivateAssemblies\System.Web.Extensions.VisualStudio.15.0.dll
[0b00:0004][2017-10-17T09:45:48] Timestamp updated for file 'C:\Program Files (x86)\Microsoft Visual Studio\2017\Community\Common7\IDE\PrivateAssemblies\System.Web.Extensions.VisualStudio.15.0.dll'.
[0b00:0004][2017-10-17T09:45:48] Processing file /Contents/Common7/IDE/PrivateAssemblies/System.Web.VisualStudio.15.0.dll
[0b00:0004][2017-10-17T09:45:48] Started: Copying file /Contents/Common7/IDE/PrivateAssemblies/System.Web.VisualStudio.15.0.dll to C:\Program Files (x86)\Microsoft Visual Studio\2017\Community\Common7\IDE\PrivateAssemblies\System.Web.VisualStudio.15.0.dll
[0b00:0004][2017-10-17T09:45:48] Completed: Copying file /Contents/Common7/IDE/PrivateAssemblies/System.Web.VisualStudio.15.0.dll to C:\Program Files (x86)\Microsoft Visual Studio\2017\Community\Common7\IDE\PrivateAssemblies\System.Web.VisualStudio.15.0.dll
[0b00:0004][2017-10-17T09:45:48] Timestamp updated for file 'C:\Program Files (x86)\Microsoft Visual Studio\2017\Community\Common7\IDE\PrivateAssemblies\System.Web.VisualStudio.15.0.dll'.
[0b00:0004][2017-10-17T09:45:48] Processing file /Contents/Common7/IDE/PublicAssemblies/envdte.dll
[0b00:0004][2017-10-17T09:45:48] Started: Copying file /Contents/Common7/IDE/PublicAssemblies/envdte.dll to C:\Program Files (x86)\Microsoft Visual Studio\2017\Community\Common7\IDE\PublicAssemblies\envdte.dll
[0b00:0004][2017-10-17T09:45:48] Completed: Copying file /Contents/Common7/IDE/PublicAssemblies/envdte.dll to C:\Program Files (x86)\Microsoft Visual Studio\2017\Community\Common7\IDE\PublicAssemblies\envdte.dll
[0b00:0004][2017-10-17T09:45:48] Timestamp updated for file 'C:\Program Files (x86)\Microsoft Visual Studio\2017\Community\Common7\IDE\PublicAssemblies\envdte.dll'.
[0b00:0004][2017-10-17T09:45:48] Processing file /Contents/Common7/IDE/PublicAssemblies/envdte100.dll
[0b00:0004][2017-10-17T09:45:48] Started: Copying file /Contents/Common7/IDE/PublicAssemblies/envdte100.dll to C:\Program Files (x86)\Microsoft Visual Studio\2017\Community\Common7\IDE\PublicAssemblies\envdte100.dll
[0b00:0004][2017-10-17T09:45:48] Completed: Copying file /Contents/Common7/IDE/PublicAssemblies/envdte100.dll to C:\Program Files (x86)\Microsoft Visual Studio\2017\Community\Common7\IDE\PublicAssemblies\envdte100.dll
[0b00:0004][2017-10-17T09:45:48] Timestamp updated for file 'C:\Program Files (x86)\Microsoft Visual Studio\2017\Community\Common7\IDE\PublicAssemblies\envdte100.dll'.
[0b00:0004][2017-10-17T09:45:48] Processing file /Contents/Common7/IDE/PublicAssemblies/envdte80.dll
[0b00:0004][2017-10-17T09:45:48] Started: Copying file /Contents/Common7/IDE/PublicAssemblies/envdte80.dll to C:\Program Files (x86)\Microsoft Visual Studio\2017\Community\Common7\IDE\PublicAssemblies\envdte80.dll
[0b00:0004][2017-10-17T09:45:48] Completed: Copying file /Contents/Common7/IDE/PublicAssemblies/envdte80.dll to C:\Program Files (x86)\Microsoft Visual Studio\2017\Community\Common7\IDE\PublicAssemblies\envdte80.dll
[0b00:0004][2017-10-17T09:45:48] Timestamp updated for file 'C:\Program Files (x86)\Microsoft Visual Studio\2017\Community\Common7\IDE\PublicAssemblies\envdte80.dll'.
[0b00:0004][2017-10-17T09:45:48] Processing file /Contents/Common7/IDE/PublicAssemblies/envdte90.dll
[0b00:0004][2017-10-17T09:45:48] Started: Copying file /Contents/Common7/IDE/PublicAssemblies/envdte90.dll to C:\Program Files (x86)\Microsoft Visual Studio\2017\Community\Common7\IDE\PublicAssemblies\envdte90.dll
[0b00:0004][2017-10-17T09:45:48] Completed: Copying file /Contents/Common7/IDE/PublicAssemblies/envdte90.dll to C:\Program Files (x86)\Microsoft Visual Studio\2017\Community\Common7\IDE\PublicAssemblies\envdte90.dll
[0b00:0004][2017-10-17T09:45:48] Timestamp updated for file 'C:\Program Files (x86)\Microsoft Visual Studio\2017\Community\Common7\IDE\PublicAssemblies\envdte90.dll'.
[0b00:0004][2017-10-17T09:45:48] Processing file /Contents/Common7/IDE/PublicAssemblies/envdte90a.dll
[0b00:0004][2017-10-17T09:45:48] Started: Copying file /Contents/Common7/IDE/PublicAssemblies/envdte90a.dll to C:\Program Files (x86)\Microsoft Visual Studio\2017\Community\Common7\IDE\PublicAssemblies\envdte90a.dll
[0b00:0004][2017-10-17T09:45:48] Completed: Copying file /Contents/Common7/IDE/PublicAssemblies/envdte90a.dll to C:\Program Files (x86)\Microsoft Visual Studio\2017\Community\Common7\IDE\PublicAssemblies\envdte90a.dll
[0b00:0004][2017-10-17T09:45:48] Timestamp updated for file 'C:\Program Files (x86)\Microsoft Visual Studio\2017\Community\Common7\IDE\PublicAssemblies\envdte90a.dll'.
[0b00:0004][2017-10-17T09:45:48] Processing file /Contents/Common7/IDE/PublicAssemblies/Microsoft.MSXML.dll
[0b00:0004][2017-10-17T09:45:48] Started: Copying file /Contents/Common7/IDE/PublicAssemblies/Microsoft.MSXML.dll to C:\Program Files (x86)\Microsoft Visual Studio\2017\Community\Common7\IDE\PublicAssemblies\Microsoft.MSXML.dll
[0b00:0004][2017-10-17T09:45:48] Completed: Copying file /Contents/Common7/IDE/PublicAssemblies/Microsoft.MSXML.dll to C:\Program Files (x86)\Microsoft Visual Studio\2017\Community\Common7\IDE\PublicAssemblies\Microsoft.MSXML.dll
[0b00:0004][2017-10-17T09:45:48] Timestamp updated for file 'C:\Program Files (x86)\Microsoft Visual Studio\2017\Community\Common7\IDE\PublicAssemblies\Microsoft.MSXML.dll'.
[0b00:0004][2017-10-17T09:45:48] Processing file /Contents/Common7/IDE/PublicAssemblies/Microsoft.VisualStudio.CommandBars.dll
[0b00:0004][2017-10-17T09:45:48] Started: Copying file /Contents/Common7/IDE/PublicAssemblies/Microsoft.VisualStudio.CommandBars.dll to C:\Program Files (x86)\Microsoft Visual Studio\2017\Community\Common7\IDE\PublicAssemblies\Microsoft.VisualStudio.CommandBars.dll
[0b00:0004][2017-10-17T09:45:48] Completed: Copying file /Contents/Common7/IDE/PublicAssemblies/Microsoft.VisualStudio.CommandBars.dll to C:\Program Files (x86)\Microsoft Visual Studio\2017\Community\Common7\IDE\PublicAssemblies\Microsoft.VisualStudio.CommandBars.dll
[0b00:0004][2017-10-17T09:45:48] Timestamp updated for file 'C:\Program Files (x86)\Microsoft Visual Studio\2017\Community\Common7\IDE\PublicAssemblies\Microsoft.VisualStudio.CommandBars.dll'.
[0b00:0004][2017-10-17T09:45:48] Processing file /Contents/Common7/IDE/PublicAssemblies/Microsoft.VisualStudio.OLE.Interop.dll
[0b00:0004][2017-10-17T09:45:48] Started: Copying file /Contents/Common7/IDE/PublicAssemblies/Microsoft.VisualStudio.OLE.Interop.dll to C:\Program Files (x86)\Microsoft Visual Studio\2017\Community\Common7\IDE\PublicAssemblies\Microsoft.VisualStudio.OLE.Interop.dll
[0b00:0004][2017-10-17T09:45:48] Completed: Copying file /Contents/Common7/IDE/PublicAssemblies/Microsoft.VisualStudio.OLE.Interop.dll to C:\Program Files (x86)\Microsoft Visual Studio\2017\Community\Common7\IDE\PublicAssemblies\Microsoft.VisualStudio.OLE.Interop.dll
[0b00:0004][2017-10-17T09:45:48] Timestamp updated for file 'C:\Program Files (x86)\Microsoft Visual Studio\2017\Community\Common7\IDE\PublicAssemblies\Microsoft.VisualStudio.OLE.Interop.dll'.
[0b00:0004][2017-10-17T09:45:48] Processing file /Contents/Common7/IDE/PublicAssemblies/Microsoft.VisualStudio.ProjectAggregator.dll
[0b00:0004][2017-10-17T09:45:48] Started: Copying file /Contents/Common7/IDE/PublicAssemblies/Microsoft.VisualStudio.ProjectAggregator.dll to C:\Program Files (x86)\Microsoft Visual Studio\2017\Community\Common7\IDE\PublicAssemblies\Microsoft.VisualStudio.ProjectAggregator.dll
[0b00:0004][2017-10-17T09:45:48] Completed: Copying file /Contents/Common7/IDE/PublicAssemblies/Microsoft.VisualStudio.ProjectAggregator.dll to C:\Program Files (x86)\Microsoft Visual Studio\2017\Community\Common7\IDE\PublicAssemblies\Microsoft.VisualStudio.ProjectAggregator.dll
[0b00:0004][2017-10-17T09:45:48] Timestamp updated for file 'C:\Program Files (x86)\Microsoft Visual Studio\2017\Community\Common7\IDE\PublicAssemblies\Microsoft.VisualStudio.ProjectAggregator.dll'.
[0b00:0004][2017-10-17T09:45:48] Processing file /Contents/Common7/IDE/PublicAssemblies/Microsoft.VisualStudio.Shell.Interop.10.0.dll
[0b00:0004][2017-10-17T09:45:48] Started: Copying file /Contents/Common7/IDE/PublicAssemblies/Microsoft.VisualStudio.Shell.Interop.10.0.dll to C:\Program Files (x86)\Microsoft Visual Studio\2017\Community\Common7\IDE\PublicAssemblies\Microsoft.VisualStudio.Shell.Interop.10.0.dll
[0b00:0004][2017-10-17T09:45:48] Completed: Copying file /Contents/Common7/IDE/PublicAssemblies/Microsoft.VisualStudio.Shell.Interop.10.0.dll to C:\Program Files (x86)\Microsoft Visual Studio\2017\Community\Common7\IDE\PublicAssemblies\Microsoft.VisualStudio.Shell.Interop.10.0.dll
[0b00:0004][2017-10-17T09:45:48] Timestamp updated for file 'C:\Program Files (x86)\Microsoft Visual Studio\2017\Community\Common7\IDE\PublicAssemblies\Microsoft.VisualStudio.Shell.Interop.10.0.dll'.
[0b00:0004][2017-10-17T09:45:48] Processing file /Contents/Common7/IDE/PublicAssemblies/Microsoft.VisualStudio.Shell.Interop.11.0.dll
[0b00:0004][2017-10-17T09:45:48] Started: Copying file /Contents/Common7/IDE/PublicAssemblies/Microsoft.VisualStudio.Shell.Interop.11.0.dll to C:\Program Files (x86)\Microsoft Visual Studio\2017\Community\Common7\IDE\PublicAssemblies\Microsoft.VisualStudio.Shell.Interop.11.0.dll
[0b00:0004][2017-10-17T09:45:48] Completed: Copying file /Contents/Common7/IDE/PublicAssemblies/Microsoft.VisualStudio.Shell.Interop.11.0.dll to C:\Program Files (x86)\Microsoft Visual Studio\2017\Community\Common7\IDE\PublicAssemblies\Microsoft.VisualStudio.Shell.Interop.11.0.dll
[0b00:0004][2017-10-17T09:45:48] Timestamp updated for file 'C:\Program Files (x86)\Microsoft Visual Studio\2017\Community\Common7\IDE\PublicAssemblies\Microsoft.VisualStudio.Shell.Interop.11.0.dll'.
[0b00:0004][2017-10-17T09:45:48] Processing file /Contents/Common7/IDE/PublicAssemblies/Microsoft.VisualStudio.Shell.Interop.12.0.dll
[0b00:0004][2017-10-17T09:45:48] Started: Copying file /Contents/Common7/IDE/PublicAssemblies/Microsoft.VisualStudio.Shell.Interop.12.0.dll to C:\Program Files (x86)\Microsoft Visual Studio\2017\Community\Common7\IDE\PublicAssemblies\Microsoft.VisualStudio.Shell.Interop.12.0.dll
[0b00:0004][2017-10-17T09:45:48] Completed: Copying file /Contents/Common7/IDE/PublicAssemblies/Microsoft.VisualStudio.Shell.Interop.12.0.dll to C:\Program Files (x86)\Microsoft Visual Studio\2017\Community\Common7\IDE\PublicAssemblies\Microsoft.VisualStudio.Shell.Interop.12.0.dll
[0b00:0004][2017-10-17T09:45:48] Timestamp updated for file 'C:\Program Files (x86)\Microsoft Visual Studio\2017\Community\Common7\IDE\PublicAssemblies\Microsoft.VisualStudio.Shell.Interop.12.0.dll'.
[0b00:0004][2017-10-17T09:45:48] Processing file /Contents/Common7/IDE/PublicAssemblies/Microsoft.VisualStudio.Shell.Interop.8.0.dll
[0b00:0004][2017-10-17T09:45:48] Started: Copying file /Contents/Common7/IDE/PublicAssemblies/Microsoft.VisualStudio.Shell.Interop.8.0.dll to C:\Program Files (x86)\Microsoft Visual Studio\2017\Community\Common7\IDE\PublicAssemblies\Microsoft.VisualStudio.Shell.Interop.8.0.dll
[0b00:0004][2017-10-17T09:45:48] Completed: Copying file /Contents/Common7/IDE/PublicAssemblies/Microsoft.VisualStudio.Shell.Interop.8.0.dll to C:\Program Files (x86)\Microsoft Visual Studio\2017\Community\Common7\IDE\PublicAssemblies\Microsoft.VisualStudio.Shell.Interop.8.0.dll
[0b00:0004][2017-10-17T09:45:48] Timestamp updated for file 'C:\Program Files (x86)\Microsoft Visual Studio\2017\Community\Common7\IDE\PublicAssemblies\Microsoft.VisualStudio.Shell.Interop.8.0.dll'.
[0b00:0004][2017-10-17T09:45:48] Processing file /Contents/Common7/IDE/PublicAssemblies/Microsoft.VisualStudio.Shell.Interop.9.0.dll
[0b00:0004][2017-10-17T09:45:48] Started: Copying file /Contents/Common7/IDE/PublicAssemblies/Microsoft.VisualStudio.Shell.Interop.9.0.dll to C:\Program Files (x86)\Microsoft Visual Studio\2017\Community\Common7\IDE\PublicAssemblies\Microsoft.VisualStudio.Shell.Interop.9.0.dll
[0b00:0004][2017-10-17T09:45:48] Completed: Copying file /Contents/Common7/IDE/PublicAssemblies/Microsoft.VisualStudio.Shell.Interop.9.0.dll to C:\Program Files (x86)\Microsoft Visual Studio\2017\Community\Common7\IDE\PublicAssemblies\Microsoft.VisualStudio.Shell.Interop.9.0.dll
[0b00:0004][2017-10-17T09:45:48] Timestamp updated for file 'C:\Program Files (x86)\Microsoft Visual Studio\2017\Community\Common7\IDE\PublicAssemblies\Microsoft.VisualStudio.Shell.Interop.9.0.dll'.
[0b00:0004][2017-10-17T09:45:48] Processing file /Contents/Common7/IDE/PublicAssemblies/Microsoft.VisualStudio.Shell.Interop.dll
[0b00:0004][2017-10-17T09:45:48] Started: Copying file /Contents/Common7/IDE/PublicAssemblies/Microsoft.VisualStudio.Shell.Interop.dll to C:\Program Files (x86)\Microsoft Visual Studio\2017\Community\Common7\IDE\PublicAssemblies\Microsoft.VisualStudio.Shell.Interop.dll
[0b00:0004][2017-10-17T09:45:48] Completed: Copying file /Contents/Common7/IDE/PublicAssemblies/Microsoft.VisualStudio.Shell.Interop.dll to C:\Program Files (x86)\Microsoft Visual Studio\2017\Community\Common7\IDE\PublicAssemblies\Microsoft.VisualStudio.Shell.Interop.dll
[0b00:0004][2017-10-17T09:45:48] Timestamp updated for file 'C:\Program Files (x86)\Microsoft Visual Studio\2017\Community\Common7\IDE\PublicAssemblies\Microsoft.VisualStudio.Shell.Interop.dll'.
[0b00:0004][2017-10-17T09:45:48] Processing file /Contents/Common7/IDE/PublicAssemblies/Microsoft.VisualStudio.TextManager.Interop.10.0.dll
[0b00:0004][2017-10-17T09:45:48] Started: Copying file /Contents/Common7/IDE/PublicAssemblies/Microsoft.VisualStudio.TextManager.Interop.10.0.dll to C:\Program Files (x86)\Microsoft Visual Studio\2017\Community\Common7\IDE\PublicAssemblies\Microsoft.VisualStudio.TextManager.Interop.10.0.dll
[0b00:0004][2017-10-17T09:45:48] Completed: Copying file /Contents/Common7/IDE/PublicAssemblies/Microsoft.VisualStudio.TextManager.Interop.10.0.dll to C:\Program Files (x86)\Microsoft Visual Studio\2017\Community\Common7\IDE\PublicAssemblies\Microsoft.VisualStudio.TextManager.Interop.10.0.dll
[0b00:0004][2017-10-17T09:45:48] Timestamp updated for file 'C:\Program Files (x86)\Microsoft Visual Studio\2017\Community\Common7\IDE\PublicAssemblies\Microsoft.VisualStudio.TextManager.Interop.10.0.dll'.
[0b00:0004][2017-10-17T09:45:48] Processing file /Contents/Common7/IDE/PublicAssemblies/Microsoft.VisualStudio.TextManager.Interop.11.0.dll
[0b00:0004][2017-10-17T09:45:48] Started: Copying file /Contents/Common7/IDE/PublicAssemblies/Microsoft.VisualStudio.TextManager.Interop.11.0.dll to C:\Program Files (x86)\Microsoft Visual Studio\2017\Community\Common7\IDE\PublicAssemblies\Microsoft.VisualStudio.TextManager.Interop.11.0.dll
[0b00:0004][2017-10-17T09:45:48] Completed: Copying file /Contents/Common7/IDE/PublicAssemblies/Microsoft.VisualStudio.TextManager.Interop.11.0.dll to C:\Program Files (x86)\Microsoft Visual Studio\2017\Community\Common7\IDE\PublicAssemblies\Microsoft.VisualStudio.TextManager.Interop.11.0.dll
[0b00:0004][2017-10-17T09:45:48] Timestamp updated for file 'C:\Program Files (x86)\Microsoft Visual Studio\2017\Community\Common7\IDE\PublicAssemblies\Microsoft.VisualStudio.TextManager.Interop.11.0.dll'.
[0b00:0004][2017-10-17T09:45:48] Processing file /Contents/Common7/IDE/PublicAssemblies/Microsoft.VisualStudio.TextManager.Interop.12.0.dll
[0b00:0004][2017-10-17T09:45:48] Started: Copying file /Contents/Common7/IDE/PublicAssemblies/Microsoft.VisualStudio.TextManager.Interop.12.0.dll to C:\Program Files (x86)\Microsoft Visual Studio\2017\Community\Common7\IDE\PublicAssemblies\Microsoft.VisualStudio.TextManager.Interop.12.0.dll
[0b00:0004][2017-10-17T09:45:48] Completed: Copying file /Contents/Common7/IDE/PublicAssemblies/Microsoft.VisualStudio.TextManager.Interop.12.0.dll to C:\Program Files (x86)\Microsoft Visual Studio\2017\Community\Common7\IDE\PublicAssemblies\Microsoft.VisualStudio.TextManager.Interop.12.0.dll
[0b00:0004][2017-10-17T09:45:48] Timestamp updated for file 'C:\Program Files (x86)\Microsoft Visual Studio\2017\Community\Common7\IDE\PublicAssemblies\Microsoft.VisualStudio.TextManager.Interop.12.0.dll'.
[0b00:0004][2017-10-17T09:45:48] Processing file /Contents/Common7/IDE/PublicAssemblies/Microsoft.VisualStudio.TextManager.Interop.8.0.dll
[0b00:0004][2017-10-17T09:45:48] Started: Copying file /Contents/Common7/IDE/PublicAssemblies/Microsoft.VisualStudio.TextManager.Interop.8.0.dll to C:\Program Files (x86)\Microsoft Visual Studio\2017\Community\Common7\IDE\PublicAssemblies\Microsoft.VisualStudio.TextManager.Interop.8.0.dll
[0b00:0004][2017-10-17T09:45:48] Completed: Copying file /Contents/Common7/IDE/PublicAssemblies/Microsoft.VisualStudio.TextManager.Interop.8.0.dll to C:\Program Files (x86)\Microsoft Visual Studio\2017\Community\Common7\IDE\PublicAssemblies\Microsoft.VisualStudio.TextManager.Interop.8.0.dll
[0b00:0004][2017-10-17T09:45:48] Timestamp updated for file 'C:\Program Files (x86)\Microsoft Visual Studio\2017\Community\Common7\IDE\PublicAssemblies\Microsoft.VisualStudio.TextManager.Interop.8.0.dll'.
[0b00:0004][2017-10-17T09:45:48] Processing file /Contents/Common7/IDE/PublicAssemblies/Microsoft.VisualStudio.TextManager.Interop.9.0.dll
[0b00:0004][2017-10-17T09:45:48] Started: Copying file /Contents/Common7/IDE/PublicAssemblies/Microsoft.VisualStudio.TextManager.Interop.9.0.dll to C:\Program Files (x86)\Microsoft Visual Studio\2017\Community\Common7\IDE\PublicAssemblies\Microsoft.VisualStudio.TextManager.Interop.9.0.dll
[0b00:0004][2017-10-17T09:45:48] Completed: Copying file /Contents/Common7/IDE/PublicAssemblies/Microsoft.VisualStudio.TextManager.Interop.9.0.dll to C:\Program Files (x86)\Microsoft Visual Studio\2017\Community\Common7\IDE\PublicAssemblies\Microsoft.VisualStudio.TextManager.Interop.9.0.dll
[0b00:0004][2017-10-17T09:45:48] Timestamp updated for file 'C:\Program Files (x86)\Microsoft Visual Studio\2017\Community\Common7\IDE\PublicAssemblies\Microsoft.VisualStudio.TextManager.Interop.9.0.dll'.
[0b00:0004][2017-10-17T09:45:48] Processing file /Contents/Common7/IDE/PublicAssemblies/Microsoft.VisualStudio.TextManager.Interop.dll
[0b00:0004][2017-10-17T09:45:48] Started: Copying file /Contents/Common7/IDE/PublicAssemblies/Microsoft.VisualStudio.TextManager.Interop.dll to C:\Program Files (x86)\Microsoft Visual Studio\2017\Community\Common7\IDE\PublicAssemblies\Microsoft.VisualStudio.TextManager.Interop.dll
[0b00:0004][2017-10-17T09:45:48] Completed: Copying file /Contents/Common7/IDE/PublicAssemblies/Microsoft.VisualStudio.TextManager.Interop.dll to C:\Program Files (x86)\Microsoft Visual Studio\2017\Community\Common7\IDE\PublicAssemblies\Microsoft.VisualStudio.TextManager.Interop.dll
[0b00:0004][2017-10-17T09:45:48] Timestamp updated for file 'C:\Program Files (x86)\Microsoft Visual Studio\2017\Community\Common7\IDE\PublicAssemblies\Microsoft.VisualStudio.TextManager.Interop.dll'.
[0b00:0004][2017-10-17T09:45:48] Processing file /Contents/Common7/IDE/PublicAssemblies/Microsoft.VisualStudio.VSHelp.dll
[0b00:0004][2017-10-17T09:45:48] Started: Copying file /Contents/Common7/IDE/PublicAssemblies/Microsoft.VisualStudio.VSHelp.dll to C:\Program Files (x86)\Microsoft Visual Studio\2017\Community\Common7\IDE\PublicAssemblies\Microsoft.VisualStudio.VSHelp.dll
[0b00:0004][2017-10-17T09:45:48] Completed: Copying file /Contents/Common7/IDE/PublicAssemblies/Microsoft.VisualStudio.VSHelp.dll to C:\Program Files (x86)\Microsoft Visual Studio\2017\Community\Common7\IDE\PublicAssemblies\Microsoft.VisualStudio.VSHelp.dll
[0b00:0004][2017-10-17T09:45:48] Timestamp updated for file 'C:\Program Files (x86)\Microsoft Visual Studio\2017\Community\Common7\IDE\PublicAssemblies\Microsoft.VisualStudio.VSHelp.dll'.
[0b00:0004][2017-10-17T09:45:48] Processing file /Contents/Common7/IDE/PublicAssemblies/Microsoft.VisualStudio.VSHelp80.dll
[0b00:0004][2017-10-17T09:45:48] Started: Copying file /Contents/Common7/IDE/PublicAssemblies/Microsoft.VisualStudio.VSHelp80.dll to C:\Program Files (x86)\Microsoft Visual Studio\2017\Community\Common7\IDE\PublicAssemblies\Microsoft.VisualStudio.VSHelp80.dll
[0b00:0004][2017-10-17T09:45:48] Completed: Copying file /Contents/Common7/IDE/PublicAssemblies/Microsoft.VisualStudio.VSHelp80.dll to C:\Program Files (x86)\Microsoft Visual Studio\2017\Community\Common7\IDE\PublicAssemblies\Microsoft.VisualStudio.VSHelp80.dll
[0b00:0004][2017-10-17T09:45:48] Timestamp updated for file 'C:\Program Files (x86)\Microsoft Visual Studio\2017\Community\Common7\IDE\PublicAssemblies\Microsoft.VisualStudio.VSHelp80.dll'.
[0b00:0004][2017-10-17T09:45:48] Processing file /Contents/Common7/IDE/PublicAssemblies/stdole.dll
[0b00:0004][2017-10-17T09:45:48] Started: Copying file /Contents/Common7/IDE/PublicAssemblies/stdole.dll to C:\Program Files (x86)\Microsoft Visual Studio\2017\Community\Common7\IDE\PublicAssemblies\stdole.dll
[0b00:0004][2017-10-17T09:45:48] Completed: Copying file /Contents/Common7/IDE/PublicAssemblies/stdole.dll to C:\Program Files (x86)\Microsoft Visual Studio\2017\Community\Common7\IDE\PublicAssemblies\stdole.dll
[0b00:0004][2017-10-17T09:45:48] Timestamp updated for file 'C:\Program Files (x86)\Microsoft Visual Studio\2017\Community\Common7\IDE\PublicAssemblies\stdole.dll'.
[0b00:0004][2017-10-17T09:45:48] Processing file /Contents/Common7/IDE/PublicAssemblies/VSLangProj.dll
[0b00:0004][2017-10-17T09:45:48] Started: Copying file /Contents/Common7/IDE/PublicAssemblies/VSLangProj.dll to C:\Program Files (x86)\Microsoft Visual Studio\2017\Community\Common7\IDE\PublicAssemblies\VSLangProj.dll
[0b00:0004][2017-10-17T09:45:48] Completed: Copying file /Contents/Common7/IDE/PublicAssemblies/VSLangProj.dll to C:\Program Files (x86)\Microsoft Visual Studio\2017\Community\Common7\IDE\PublicAssemblies\VSLangProj.dll
[0b00:0004][2017-10-17T09:45:48] Timestamp updated for file 'C:\Program Files (x86)\Microsoft Visual Studio\2017\Community\Common7\IDE\PublicAssemblies\VSLangProj.dll'.
[0b00:0004][2017-10-17T09:45:48] Processing file /Contents/Common7/IDE/PublicAssemblies/VSLangProj100.dll
[0b00:0004][2017-10-17T09:45:48] Started: Copying file /Contents/Common7/IDE/PublicAssemblies/VSLangProj100.dll to C:\Program Files (x86)\Microsoft Visual Studio\2017\Community\Common7\IDE\PublicAssemblies\VSLangProj100.dll
[0b00:0004][2017-10-17T09:45:48] Completed: Copying file /Contents/Common7/IDE/PublicAssemblies/VSLangProj100.dll to C:\Program Files (x86)\Microsoft Visual Studio\2017\Community\Common7\IDE\PublicAssemblies\VSLangProj100.dll
[0b00:0004][2017-10-17T09:45:48] Timestamp updated for file 'C:\Program Files (x86)\Microsoft Visual Studio\2017\Community\Common7\IDE\PublicAssemblies\VSLangProj100.dll'.
[0b00:0004][2017-10-17T09:45:48] Processing file /Contents/Common7/IDE/PublicAssemblies/VSLangProj110.dll
[0b00:0004][2017-10-17T09:45:48] Started: Copying file /Contents/Common7/IDE/PublicAssemblies/VSLangProj110.dll to C:\Program Files (x86)\Microsoft Visual Studio\2017\Community\Common7\IDE\PublicAssemblies\VSLangProj110.dll
[0b00:0004][2017-10-17T09:45:48] Completed: Copying file /Contents/Common7/IDE/PublicAssemblies/VSLangProj110.dll to C:\Program Files (x86)\Microsoft Visual Studio\2017\Community\Common7\IDE\PublicAssemblies\VSLangProj110.dll
[0b00:0004][2017-10-17T09:45:48] Timestamp updated for file 'C:\Program Files (x86)\Microsoft Visual Studio\2017\Community\Common7\IDE\PublicAssemblies\VSLangProj110.dll'.
[0b00:0004][2017-10-17T09:45:48] Processing file /Contents/Common7/IDE/PublicAssemblies/VSLangProj140.dll
[0b00:0004][2017-10-17T09:45:48] Started: Copying file /Contents/Common7/IDE/PublicAssemblies/VSLangProj140.dll to C:\Program Files (x86)\Microsoft Visual Studio\2017\Community\Common7\IDE\PublicAssemblies\VSLangProj140.dll
[0b00:0004][2017-10-17T09:45:48] Completed: Copying file /Contents/Common7/IDE/PublicAssemblies/VSLangProj140.dll to C:\Program Files (x86)\Microsoft Visual Studio\2017\Community\Common7\IDE\PublicAssemblies\VSLangProj140.dll
[0b00:0004][2017-10-17T09:45:48] Timestamp updated for file 'C:\Program Files (x86)\Microsoft Visual Studio\2017\Community\Common7\IDE\PublicAssemblies\VSLangProj140.dll'.
[0b00:0004][2017-10-17T09:45:48] Processing file /Contents/Common7/IDE/PublicAssemblies/VSLangProj2.dll
[0b00:0004][2017-10-17T09:45:48] Started: Copying file /Contents/Common7/IDE/PublicAssemblies/VSLangProj2.dll to C:\Program Files (x86)\Microsoft Visual Studio\2017\Community\Common7\IDE\PublicAssemblies\VSLangProj2.dll
[0b00:0004][2017-10-17T09:45:48] Completed: Copying file /Contents/Common7/IDE/PublicAssemblies/VSLangProj2.dll to C:\Program Files (x86)\Microsoft Visual Studio\2017\Community\Common7\IDE\PublicAssemblies\VSLangProj2.dll
[0b00:0004][2017-10-17T09:45:48] Timestamp updated for file 'C:\Program Files (x86)\Microsoft Visual Studio\2017\Community\Common7\IDE\PublicAssemblies\VSLangProj2.dll'.
[0b00:0004][2017-10-17T09:45:48] Processing file /Contents/Common7/IDE/PublicAssemblies/VSLangProj80.dll
[0b00:0004][2017-10-17T09:45:48] Started: Copying file /Contents/Common7/IDE/PublicAssemblies/VSLangProj80.dll to C:\Program Files (x86)\Microsoft Visual Studio\2017\Community\Common7\IDE\PublicAssemblies\VSLangProj80.dll
[0b00:0004][2017-10-17T09:45:48] Completed: Copying file /Contents/Common7/IDE/PublicAssemblies/VSLangProj80.dll to C:\Program Files (x86)\Microsoft Visual Studio\2017\Community\Common7\IDE\PublicAssemblies\VSLangProj80.dll
[0b00:0004][2017-10-17T09:45:48] Timestamp updated for file 'C:\Program Files (x86)\Microsoft Visual Studio\2017\Community\Common7\IDE\PublicAssemblies\VSLangProj80.dll'.
[0b00:0004][2017-10-17T09:45:48] Processing file /Contents/Common7/IDE/PublicAssemblies/VSLangProj90.dll
[0b00:0004][2017-10-17T09:45:48] Started: Copying file /Contents/Common7/IDE/PublicAssemblies/VSLangProj90.dll to C:\Program Files (x86)\Microsoft Visual Studio\2017\Community\Common7\IDE\PublicAssemblies\VSLangProj90.dll
[0b00:0004][2017-10-17T09:45:48] Completed: Copying file /Contents/Common7/IDE/PublicAssemblies/VSLangProj90.dll to C:\Program Files (x86)\Microsoft Visual Studio\2017\Community\Common7\IDE\PublicAssemblies\VSLangProj90.dll
[0b00:0004][2017-10-17T09:45:48] Timestamp updated for file 'C:\Program Files (x86)\Microsoft Visual Studio\2017\Community\Common7\IDE\PublicAssemblies\VSLangProj90.dll'.
[0b00:0004][2017-10-17T09:45:48] Package executed successfully. Return code: 0
