[0b00:0004][2017-10-17T09:47:38] Opening the package for processing
[0b00:0004][2017-10-17T09:47:38] Using package payload to get the embedded manifest
[0b00:0004][2017-10-17T09:47:38] Getting list of files within the package
[0b00:0004][2017-10-17T09:47:38] Processing file /Contents/Common7/IDE/Extensions/Microsoft/Web%20Tools%20Azure/Microsoft.Azure.Graph.RBAC.dll
[0b00:0004][2017-10-17T09:47:38] Started: Copying file /Contents/Common7/IDE/Extensions/Microsoft/Web%20Tools%20Azure/Microsoft.Azure.Graph.RBAC.dll to C:\Program Files (x86)\Microsoft Visual Studio\2017\Community\Common7\IDE\Extensions\Microsoft\Web Tools Azure\Microsoft.Azure.Graph.RBAC.dll
[0b00:0004][2017-10-17T09:47:38] Completed: Copying file /Contents/Common7/IDE/Extensions/Microsoft/Web%20Tools%20Azure/Microsoft.Azure.Graph.RBAC.dll to C:\Program Files (x86)\Microsoft Visual Studio\2017\Community\Common7\IDE\Extensions\Microsoft\Web Tools Azure\Microsoft.Azure.Graph.RBAC.dll
[0b00:0004][2017-10-17T09:47:38] Timestamp updated for file 'C:\Program Files (x86)\Microsoft Visual Studio\2017\Community\Common7\IDE\Extensions\Microsoft\Web Tools Azure\Microsoft.Azure.Graph.RBAC.dll'.
[0b00:0004][2017-10-17T09:47:38] Processing file /Contents/Common7/IDE/Extensions/Microsoft/Web%20Tools%20Azure/Microsoft.Rest.ClientRuntime.Azure.dll
[0b00:0004][2017-10-17T09:47:38] Started: Copying file /Contents/Common7/IDE/Extensions/Microsoft/Web%20Tools%20Azure/Microsoft.Rest.ClientRuntime.Azure.dll to C:\Program Files (x86)\Microsoft Visual Studio\2017\Community\Common7\IDE\Extensions\Microsoft\Web Tools Azure\Microsoft.Rest.ClientRuntime.Azure.dll
[0b00:0004][2017-10-17T09:47:38] Completed: Copying file /Contents/Common7/IDE/Extensions/Microsoft/Web%20Tools%20Azure/Microsoft.Rest.ClientRuntime.Azure.dll to C:\Program Files (x86)\Microsoft Visual Studio\2017\Community\Common7\IDE\Extensions\Microsoft\Web Tools Azure\Microsoft.Rest.ClientRuntime.Azure.dll
[0b00:0004][2017-10-17T09:47:38] Timestamp updated for file 'C:\Program Files (x86)\Microsoft Visual Studio\2017\Community\Common7\IDE\Extensions\Microsoft\Web Tools Azure\Microsoft.Rest.ClientRuntime.Azure.dll'.
[0b00:0004][2017-10-17T09:47:38] Processing file /Contents/Common7/IDE/Extensions/Microsoft/Web%20Tools%20Azure/Microsoft.Rest.ClientRuntime.dll
[0b00:0004][2017-10-17T09:47:38] Started: Copying file /Contents/Common7/IDE/Extensions/Microsoft/Web%20Tools%20Azure/Microsoft.Rest.ClientRuntime.dll to C:\Program Files (x86)\Microsoft Visual Studio\2017\Community\Common7\IDE\Extensions\Microsoft\Web Tools Azure\Microsoft.Rest.ClientRuntime.dll
[0b00:0004][2017-10-17T09:47:38] Completed: Copying file /Contents/Common7/IDE/Extensions/Microsoft/Web%20Tools%20Azure/Microsoft.Rest.ClientRuntime.dll to C:\Program Files (x86)\Microsoft Visual Studio\2017\Community\Common7\IDE\Extensions\Microsoft\Web Tools Azure\Microsoft.Rest.ClientRuntime.dll
[0b00:0004][2017-10-17T09:47:38] Timestamp updated for file 'C:\Program Files (x86)\Microsoft Visual Studio\2017\Community\Common7\IDE\Extensions\Microsoft\Web Tools Azure\Microsoft.Rest.ClientRuntime.dll'.
[0b00:0004][2017-10-17T09:47:38] Processing file /Contents/Common7/IDE/Extensions/Microsoft/Web%20Tools%20Azure/Microsoft.VisualStudio.Web.Azure.Common.pkgdef
[0b00:0004][2017-10-17T09:47:38] Started: Copying file /Contents/Common7/IDE/Extensions/Microsoft/Web%20Tools%20Azure/Microsoft.VisualStudio.Web.Azure.Common.pkgdef to C:\Program Files (x86)\Microsoft Visual Studio\2017\Community\Common7\IDE\Extensions\Microsoft\Web Tools Azure\Microsoft.VisualStudio.Web.Azure.Common.pkgdef
[0b00:0004][2017-10-17T09:47:38] Completed: Copying file /Contents/Common7/IDE/Extensions/Microsoft/Web%20Tools%20Azure/Microsoft.VisualStudio.Web.Azure.Common.pkgdef to C:\Program Files (x86)\Microsoft Visual Studio\2017\Community\Common7\IDE\Extensions\Microsoft\Web Tools Azure\Microsoft.VisualStudio.Web.Azure.Common.pkgdef
[0b00:0004][2017-10-17T09:47:38] Timestamp updated for file 'C:\Program Files (x86)\Microsoft Visual Studio\2017\Community\Common7\IDE\Extensions\Microsoft\Web Tools Azure\Microsoft.VisualStudio.Web.Azure.Common.pkgdef'.
[0b00:0004][2017-10-17T09:47:38] Processing file /Contents/Common7/IDE/Extensions/Microsoft/Web%20Tools%20Azure/Microsoft.VisualStudio.Web.Azure.ContainerRegistry.dll
[0b00:0004][2017-10-17T09:47:38] Started: Copying file /Contents/Common7/IDE/Extensions/Microsoft/Web%20Tools%20Azure/Microsoft.VisualStudio.Web.Azure.ContainerRegistry.dll to C:\Program Files (x86)\Microsoft Visual Studio\2017\Community\Common7\IDE\Extensions\Microsoft\Web Tools Azure\Microsoft.VisualStudio.Web.Azure.ContainerRegistry.dll
[0b00:0004][2017-10-17T09:47:38] Completed: Copying file /Contents/Common7/IDE/Extensions/Microsoft/Web%20Tools%20Azure/Microsoft.VisualStudio.Web.Azure.ContainerRegistry.dll to C:\Program Files (x86)\Microsoft Visual Studio\2017\Community\Common7\IDE\Extensions\Microsoft\Web Tools Azure\Microsoft.VisualStudio.Web.Azure.ContainerRegistry.dll
[0b00:0004][2017-10-17T09:47:38] Timestamp updated for file 'C:\Program Files (x86)\Microsoft Visual Studio\2017\Community\Common7\IDE\Extensions\Microsoft\Web Tools Azure\Microsoft.VisualStudio.Web.Azure.ContainerRegistry.dll'.
[0b00:0004][2017-10-17T09:47:38] Processing file /Contents/Common7/IDE/Extensions/Microsoft/Web%20Tools%20Azure/Microsoft.VisualStudio.Web.WindowsAzure.CommonContracts.dll
[0b00:0004][2017-10-17T09:47:38] Started: Copying file /Contents/Common7/IDE/Extensions/Microsoft/Web%20Tools%20Azure/Microsoft.VisualStudio.Web.WindowsAzure.CommonContracts.dll to C:\Program Files (x86)\Microsoft Visual Studio\2017\Community\Common7\IDE\Extensions\Microsoft\Web Tools Azure\Microsoft.VisualStudio.Web.WindowsAzure.CommonContracts.dll
[0b00:0004][2017-10-17T09:47:38] Completed: Copying file /Contents/Common7/IDE/Extensions/Microsoft/Web%20Tools%20Azure/Microsoft.VisualStudio.Web.WindowsAzure.CommonContracts.dll to C:\Program Files (x86)\Microsoft Visual Studio\2017\Community\Common7\IDE\Extensions\Microsoft\Web Tools Azure\Microsoft.VisualStudio.Web.WindowsAzure.CommonContracts.dll
[0b00:0004][2017-10-17T09:47:38] Timestamp updated for file 'C:\Program Files (x86)\Microsoft Visual Studio\2017\Community\Common7\IDE\Extensions\Microsoft\Web Tools Azure\Microsoft.VisualStudio.Web.WindowsAzure.CommonContracts.dll'.
[0b00:0004][2017-10-17T09:47:38] Processing file /Contents/Common7/IDE/Extensions/Microsoft/Web%20Tools%20Azure/Microsoft.VisualStudio.Web.WindowsAzure.CommonUI.dll
[0b00:0004][2017-10-17T09:47:38] Started: Copying file /Contents/Common7/IDE/Extensions/Microsoft/Web%20Tools%20Azure/Microsoft.VisualStudio.Web.WindowsAzure.CommonUI.dll to C:\Program Files (x86)\Microsoft Visual Studio\2017\Community\Common7\IDE\Extensions\Microsoft\Web Tools Azure\Microsoft.VisualStudio.Web.WindowsAzure.CommonUI.dll
[0b00:0004][2017-10-17T09:47:38] Completed: Copying file /Contents/Common7/IDE/Extensions/Microsoft/Web%20Tools%20Azure/Microsoft.VisualStudio.Web.WindowsAzure.CommonUI.dll to C:\Program Files (x86)\Microsoft Visual Studio\2017\Community\Common7\IDE\Extensions\Microsoft\Web Tools Azure\Microsoft.VisualStudio.Web.WindowsAzure.CommonUI.dll
[0b00:0004][2017-10-17T09:47:38] Timestamp updated for file 'C:\Program Files (x86)\Microsoft Visual Studio\2017\Community\Common7\IDE\Extensions\Microsoft\Web Tools Azure\Microsoft.VisualStudio.Web.WindowsAzure.CommonUI.dll'.
[0b00:0004][2017-10-17T09:47:38] Processing file /Contents/Common7/IDE/Extensions/Microsoft/Web%20Tools%20Azure/Microsoft.VisualStudio.Web.WindowsAzure.JsonLogic.dll
[0b00:0004][2017-10-17T09:47:38] Started: Copying file /Contents/Common7/IDE/Extensions/Microsoft/Web%20Tools%20Azure/Microsoft.VisualStudio.Web.WindowsAzure.JsonLogic.dll to C:\Program Files (x86)\Microsoft Visual Studio\2017\Community\Common7\IDE\Extensions\Microsoft\Web Tools Azure\Microsoft.VisualStudio.Web.WindowsAzure.JsonLogic.dll
[0b00:0004][2017-10-17T09:47:38] Completed: Copying file /Contents/Common7/IDE/Extensions/Microsoft/Web%20Tools%20Azure/Microsoft.VisualStudio.Web.WindowsAzure.JsonLogic.dll to C:\Program Files (x86)\Microsoft Visual Studio\2017\Community\Common7\IDE\Extensions\Microsoft\Web Tools Azure\Microsoft.VisualStudio.Web.WindowsAzure.JsonLogic.dll
[0b00:0004][2017-10-17T09:47:38] Timestamp updated for file 'C:\Program Files (x86)\Microsoft Visual Studio\2017\Community\Common7\IDE\Extensions\Microsoft\Web Tools Azure\Microsoft.VisualStudio.Web.WindowsAzure.JsonLogic.dll'.
[0b00:0004][2017-10-17T09:47:38] Processing file /Contents/Common7/IDE/Extensions/Microsoft/Web%20Tools%20Azure/Microsoft.VisualStudio.Web.WindowsAzure.Provisioning.dll
[0b00:0004][2017-10-17T09:47:38] Started: Copying file /Contents/Common7/IDE/Extensions/Microsoft/Web%20Tools%20Azure/Microsoft.VisualStudio.Web.WindowsAzure.Provisioning.dll to C:\Program Files (x86)\Microsoft Visual Studio\2017\Community\Common7\IDE\Extensions\Microsoft\Web Tools Azure\Microsoft.VisualStudio.Web.WindowsAzure.Provisioning.dll
[0b00:0004][2017-10-17T09:47:38] Completed: Copying file /Contents/Common7/IDE/Extensions/Microsoft/Web%20Tools%20Azure/Microsoft.VisualStudio.Web.WindowsAzure.Provisioning.dll to C:\Program Files (x86)\Microsoft Visual Studio\2017\Community\Common7\IDE\Extensions\Microsoft\Web Tools Azure\Microsoft.VisualStudio.Web.WindowsAzure.Provisioning.dll
[0b00:0004][2017-10-17T09:47:38] Timestamp updated for file 'C:\Program Files (x86)\Microsoft Visual Studio\2017\Community\Common7\IDE\Extensions\Microsoft\Web Tools Azure\Microsoft.VisualStudio.Web.WindowsAzure.Provisioning.dll'.
[0b00:0004][2017-10-17T09:47:38] Processing file /Contents/Common7/IDE/Extensions/Microsoft/Web%20Tools%20Azure/Microsoft.VisualStudio.Web.WindowsAzure.ShellInteractions.dll
[0b00:0004][2017-10-17T09:47:38] Started: Copying file /Contents/Common7/IDE/Extensions/Microsoft/Web%20Tools%20Azure/Microsoft.VisualStudio.Web.WindowsAzure.ShellInteractions.dll to C:\Program Files (x86)\Microsoft Visual Studio\2017\Community\Common7\IDE\Extensions\Microsoft\Web Tools Azure\Microsoft.VisualStudio.Web.WindowsAzure.ShellInteractions.dll
[0b00:0004][2017-10-17T09:47:38] Completed: Copying file /Contents/Common7/IDE/Extensions/Microsoft/Web%20Tools%20Azure/Microsoft.VisualStudio.Web.WindowsAzure.ShellInteractions.dll to C:\Program Files (x86)\Microsoft Visual Studio\2017\Community\Common7\IDE\Extensions\Microsoft\Web Tools Azure\Microsoft.VisualStudio.Web.WindowsAzure.ShellInteractions.dll
[0b00:0004][2017-10-17T09:47:38] Timestamp updated for file 'C:\Program Files (x86)\Microsoft Visual Studio\2017\Community\Common7\IDE\Extensions\Microsoft\Web Tools Azure\Microsoft.VisualStudio.Web.WindowsAzure.ShellInteractions.dll'.
[0b00:0004][2017-10-17T09:47:38] Processing file /Contents/Common7/IDE/Extensions/Microsoft/Web%20Tools%20Azure/Microsoft.VisualStudio.WindowsAzure.MicrosoftSql.dll
[0b00:0004][2017-10-17T09:47:38] Started: Copying file /Contents/Common7/IDE/Extensions/Microsoft/Web%20Tools%20Azure/Microsoft.VisualStudio.WindowsAzure.MicrosoftSql.dll to C:\Program Files (x86)\Microsoft Visual Studio\2017\Community\Common7\IDE\Extensions\Microsoft\Web Tools Azure\Microsoft.VisualStudio.WindowsAzure.MicrosoftSql.dll
[0b00:0004][2017-10-17T09:47:38] Completed: Copying file /Contents/Common7/IDE/Extensions/Microsoft/Web%20Tools%20Azure/Microsoft.VisualStudio.WindowsAzure.MicrosoftSql.dll to C:\Program Files (x86)\Microsoft Visual Studio\2017\Community\Common7\IDE\Extensions\Microsoft\Web Tools Azure\Microsoft.VisualStudio.WindowsAzure.MicrosoftSql.dll
[0b00:0004][2017-10-17T09:47:38] Timestamp updated for file 'C:\Program Files (x86)\Microsoft Visual Studio\2017\Community\Common7\IDE\Extensions\Microsoft\Web Tools Azure\Microsoft.VisualStudio.WindowsAzure.MicrosoftSql.dll'.
[0b00:0004][2017-10-17T09:47:38] Processing file /Contents/Common7/IDE/Extensions/Microsoft/Web%20Tools%20Azure/Microsoft.VisualStudio.WindowsAzure.MicrosoftWeb.dll
[0b00:0004][2017-10-17T09:47:38] Started: Copying file /Contents/Common7/IDE/Extensions/Microsoft/Web%20Tools%20Azure/Microsoft.VisualStudio.WindowsAzure.MicrosoftWeb.dll to C:\Program Files (x86)\Microsoft Visual Studio\2017\Community\Common7\IDE\Extensions\Microsoft\Web Tools Azure\Microsoft.VisualStudio.WindowsAzure.MicrosoftWeb.dll
[0b00:0004][2017-10-17T09:47:38] Completed: Copying file /Contents/Common7/IDE/Extensions/Microsoft/Web%20Tools%20Azure/Microsoft.VisualStudio.WindowsAzure.MicrosoftWeb.dll to C:\Program Files (x86)\Microsoft Visual Studio\2017\Community\Common7\IDE\Extensions\Microsoft\Web Tools Azure\Microsoft.VisualStudio.WindowsAzure.MicrosoftWeb.dll
[0b00:0004][2017-10-17T09:47:38] Timestamp updated for file 'C:\Program Files (x86)\Microsoft Visual Studio\2017\Community\Common7\IDE\Extensions\Microsoft\Web Tools Azure\Microsoft.VisualStudio.WindowsAzure.MicrosoftWeb.dll'.
[0b00:0004][2017-10-17T09:47:38] Processing file /Contents/Common7/IDE/Extensions/Microsoft/Web%20Tools%20Azure/Microsoft.VisualStudio.WindowsAzure.Storage.dll
[0b00:0004][2017-10-17T09:47:38] Started: Copying file /Contents/Common7/IDE/Extensions/Microsoft/Web%20Tools%20Azure/Microsoft.VisualStudio.WindowsAzure.Storage.dll to C:\Program Files (x86)\Microsoft Visual Studio\2017\Community\Common7\IDE\Extensions\Microsoft\Web Tools Azure\Microsoft.VisualStudio.WindowsAzure.Storage.dll
[0b00:0004][2017-10-17T09:47:38] Completed: Copying file /Contents/Common7/IDE/Extensions/Microsoft/Web%20Tools%20Azure/Microsoft.VisualStudio.WindowsAzure.Storage.dll to C:\Program Files (x86)\Microsoft Visual Studio\2017\Community\Common7\IDE\Extensions\Microsoft\Web Tools Azure\Microsoft.VisualStudio.WindowsAzure.Storage.dll
[0b00:0004][2017-10-17T09:47:38] Timestamp updated for file 'C:\Program Files (x86)\Microsoft Visual Studio\2017\Community\Common7\IDE\Extensions\Microsoft\Web Tools Azure\Microsoft.VisualStudio.WindowsAzure.Storage.dll'.
[0b00:0004][2017-10-17T09:47:38] Processing file /Contents/Common7/IDE/Extensions/Microsoft/Web%20Tools%20Azure/Microsoft.WindowsAzure.Client.Contracts.2.8.dll
[0b00:0004][2017-10-17T09:47:38] Started: Copying file /Contents/Common7/IDE/Extensions/Microsoft/Web%20Tools%20Azure/Microsoft.WindowsAzure.Client.Contracts.2.8.dll to C:\Program Files (x86)\Microsoft Visual Studio\2017\Community\Common7\IDE\Extensions\Microsoft\Web Tools Azure\Microsoft.WindowsAzure.Client.Contracts.2.8.dll
[0b00:0004][2017-10-17T09:47:38] Completed: Copying file /Contents/Common7/IDE/Extensions/Microsoft/Web%20Tools%20Azure/Microsoft.WindowsAzure.Client.Contracts.2.8.dll to C:\Program Files (x86)\Microsoft Visual Studio\2017\Community\Common7\IDE\Extensions\Microsoft\Web Tools Azure\Microsoft.WindowsAzure.Client.Contracts.2.8.dll
[0b00:0004][2017-10-17T09:47:38] Timestamp updated for file 'C:\Program Files (x86)\Microsoft Visual Studio\2017\Community\Common7\IDE\Extensions\Microsoft\Web Tools Azure\Microsoft.WindowsAzure.Client.Contracts.2.8.dll'.
[0b00:0004][2017-10-17T09:47:38] Processing file /Contents/Common7/IDE/Extensions/Microsoft/Web%20Tools%20Azure/Microsoft.WindowsAzure.Client.dll
[0b00:0004][2017-10-17T09:47:38] Started: Copying file /Contents/Common7/IDE/Extensions/Microsoft/Web%20Tools%20Azure/Microsoft.WindowsAzure.Client.dll to C:\Program Files (x86)\Microsoft Visual Studio\2017\Community\Common7\IDE\Extensions\Microsoft\Web Tools Azure\Microsoft.WindowsAzure.Client.dll
[0b00:0004][2017-10-17T09:47:38] Completed: Copying file /Contents/Common7/IDE/Extensions/Microsoft/Web%20Tools%20Azure/Microsoft.WindowsAzure.Client.dll to C:\Program Files (x86)\Microsoft Visual Studio\2017\Community\Common7\IDE\Extensions\Microsoft\Web Tools Azure\Microsoft.WindowsAzure.Client.dll
[0b00:0004][2017-10-17T09:47:38] Timestamp updated for file 'C:\Program Files (x86)\Microsoft Visual Studio\2017\Community\Common7\IDE\Extensions\Microsoft\Web Tools Azure\Microsoft.WindowsAzure.Client.dll'.
[0b00:0004][2017-10-17T09:47:38] Processing file /Contents/Common7/IDE/Extensions/Microsoft/Web%20Tools%20Azure/Microsoft.WindowsAzure.Client.MicrosoftWeb.dll
[0b00:0004][2017-10-17T09:47:38] Started: Copying file /Contents/Common7/IDE/Extensions/Microsoft/Web%20Tools%20Azure/Microsoft.WindowsAzure.Client.MicrosoftWeb.dll to C:\Program Files (x86)\Microsoft Visual Studio\2017\Community\Common7\IDE\Extensions\Microsoft\Web Tools Azure\Microsoft.WindowsAzure.Client.MicrosoftWeb.dll
[0b00:0004][2017-10-17T09:47:38] Completed: Copying file /Contents/Common7/IDE/Extensions/Microsoft/Web%20Tools%20Azure/Microsoft.WindowsAzure.Client.MicrosoftWeb.dll to C:\Program Files (x86)\Microsoft Visual Studio\2017\Community\Common7\IDE\Extensions\Microsoft\Web Tools Azure\Microsoft.WindowsAzure.Client.MicrosoftWeb.dll
[0b00:0004][2017-10-17T09:47:38] Timestamp updated for file 'C:\Program Files (x86)\Microsoft Visual Studio\2017\Community\Common7\IDE\Extensions\Microsoft\Web Tools Azure\Microsoft.WindowsAzure.Client.MicrosoftWeb.dll'.
[0b00:0004][2017-10-17T09:47:38] Processing file /Contents/Common7/IDE/Extensions/Microsoft/Web%20Tools%20Azure/ThirdPartyNotices.rtf
[0b00:0004][2017-10-17T09:47:38] Started: Copying file /Contents/Common7/IDE/Extensions/Microsoft/Web%20Tools%20Azure/ThirdPartyNotices.rtf to C:\Program Files (x86)\Microsoft Visual Studio\2017\Community\Common7\IDE\Extensions\Microsoft\Web Tools Azure\ThirdPartyNotices.rtf
[0b00:0004][2017-10-17T09:47:38] Completed: Copying file /Contents/Common7/IDE/Extensions/Microsoft/Web%20Tools%20Azure/ThirdPartyNotices.rtf to C:\Program Files (x86)\Microsoft Visual Studio\2017\Community\Common7\IDE\Extensions\Microsoft\Web Tools Azure\ThirdPartyNotices.rtf
[0b00:0004][2017-10-17T09:47:38] Timestamp updated for file 'C:\Program Files (x86)\Microsoft Visual Studio\2017\Community\Common7\IDE\Extensions\Microsoft\Web Tools Azure\ThirdPartyNotices.rtf'.
[0b00:0004][2017-10-17T09:47:38] Package executed successfully. Return code: 0
