[0b00:0004][2017-10-17T09:47:54] Opening the package for processing
[0b00:0004][2017-10-17T09:47:54] Using package payload to get the embedded manifest
[0b00:0004][2017-10-17T09:47:54] Getting list of files within the package
[0b00:0004][2017-10-17T09:47:54] Processing file /Contents/MSBuild/Microsoft/VisualStudio/v15.0/TextTemplating/Microsoft.TextTemplating.Build.Tasks.dll
[0b00:0004][2017-10-17T09:47:54] Started: Copying file /Contents/MSBuild/Microsoft/VisualStudio/v15.0/TextTemplating/Microsoft.TextTemplating.Build.Tasks.dll to C:\Program Files (x86)\Microsoft Visual Studio\2017\Community\MSBuild\Microsoft\VisualStudio\v15.0\TextTemplating\Microsoft.TextTemplating.Build.Tasks.dll
[0b00:0004][2017-10-17T09:47:54] Completed: Copying file /Contents/MSBuild/Microsoft/VisualStudio/v15.0/TextTemplating/Microsoft.TextTemplating.Build.Tasks.dll to C:\Program Files (x86)\Microsoft Visual Studio\2017\Community\MSBuild\Microsoft\VisualStudio\v15.0\TextTemplating\Microsoft.TextTemplating.Build.Tasks.dll
[0b00:0004][2017-10-17T09:47:54] Timestamp updated for file 'C:\Program Files (x86)\Microsoft Visual Studio\2017\Community\MSBuild\Microsoft\VisualStudio\v15.0\TextTemplating\Microsoft.TextTemplating.Build.Tasks.dll'.
[0b00:0004][2017-10-17T09:47:54] Processing file /Contents/MSBuild/Microsoft/VisualStudio/v15.0/TextTemplating/Microsoft.TextTemplating.targets
[0b00:0004][2017-10-17T09:47:54] Started: Copying file /Contents/MSBuild/Microsoft/VisualStudio/v15.0/TextTemplating/Microsoft.TextTemplating.targets to C:\Program Files (x86)\Microsoft Visual Studio\2017\Community\MSBuild\Microsoft\VisualStudio\v15.0\TextTemplating\Microsoft.TextTemplating.targets
[0b00:0004][2017-10-17T09:47:54] Completed: Copying file /Contents/MSBuild/Microsoft/VisualStudio/v15.0/TextTemplating/Microsoft.TextTemplating.targets to C:\Program Files (x86)\Microsoft Visual Studio\2017\Community\MSBuild\Microsoft\VisualStudio\v15.0\TextTemplating\Microsoft.TextTemplating.targets
[0b00:0004][2017-10-17T09:47:54] Timestamp updated for file 'C:\Program Files (x86)\Microsoft Visual Studio\2017\Community\MSBuild\Microsoft\VisualStudio\v15.0\TextTemplating\Microsoft.TextTemplating.targets'.
[0b00:0004][2017-10-17T09:47:54] Processing file /Contents/MSBuild/Microsoft/VisualStudio/v15.0/TextTemplating/Microsoft.VisualStudio.TextTemplating.15.0.dll
[0b00:0004][2017-10-17T09:47:54] Started: Copying file /Contents/MSBuild/Microsoft/VisualStudio/v15.0/TextTemplating/Microsoft.VisualStudio.TextTemplating.15.0.dll to C:\Program Files (x86)\Microsoft Visual Studio\2017\Community\MSBuild\Microsoft\VisualStudio\v15.0\TextTemplating\Microsoft.VisualStudio.TextTemplating.15.0.dll
[0b00:0004][2017-10-17T09:47:54] Completed: Copying file /Contents/MSBuild/Microsoft/VisualStudio/v15.0/TextTemplating/Microsoft.VisualStudio.TextTemplating.15.0.dll to C:\Program Files (x86)\Microsoft Visual Studio\2017\Community\MSBuild\Microsoft\VisualStudio\v15.0\TextTemplating\Microsoft.VisualStudio.TextTemplating.15.0.dll
[0b00:0004][2017-10-17T09:47:54] Timestamp updated for file 'C:\Program Files (x86)\Microsoft Visual Studio\2017\Community\MSBuild\Microsoft\VisualStudio\v15.0\TextTemplating\Microsoft.VisualStudio.TextTemplating.15.0.dll'.
[0b00:0004][2017-10-17T09:47:54] Queueing C:\Program Files (x86)\Microsoft Visual Studio\2017\Community\MSBuild\Microsoft\VisualStudio\v15.0\TextTemplating\Microsoft.VisualStudio.TextTemplating.15.0.dll for X86 ngen
[0b00:0004][2017-10-17T09:47:54] Successfully queued file '/Contents/MSBuild/Microsoft/VisualStudio/v15.0/TextTemplating/Microsoft.VisualStudio.TextTemplating.15.0.dll' for ngen
[0b00:0004][2017-10-17T09:47:54] Processing file /Contents/MSBuild/Microsoft/VisualStudio/v15.0/TextTemplating/Microsoft.VisualStudio.TextTemplating.Interfaces.10.0.dll
[0b00:0004][2017-10-17T09:47:54] Started: Copying file /Contents/MSBuild/Microsoft/VisualStudio/v15.0/TextTemplating/Microsoft.VisualStudio.TextTemplating.Interfaces.10.0.dll to C:\Program Files (x86)\Microsoft Visual Studio\2017\Community\MSBuild\Microsoft\VisualStudio\v15.0\TextTemplating\Microsoft.VisualStudio.TextTemplating.Interfaces.10.0.dll
[0b00:0004][2017-10-17T09:47:54] Completed: Copying file /Contents/MSBuild/Microsoft/VisualStudio/v15.0/TextTemplating/Microsoft.VisualStudio.TextTemplating.Interfaces.10.0.dll to C:\Program Files (x86)\Microsoft Visual Studio\2017\Community\MSBuild\Microsoft\VisualStudio\v15.0\TextTemplating\Microsoft.VisualStudio.TextTemplating.Interfaces.10.0.dll
[0b00:0004][2017-10-17T09:47:54] Timestamp updated for file 'C:\Program Files (x86)\Microsoft Visual Studio\2017\Community\MSBuild\Microsoft\VisualStudio\v15.0\TextTemplating\Microsoft.VisualStudio.TextTemplating.Interfaces.10.0.dll'.
[0b00:0004][2017-10-17T09:47:54] Queueing C:\Program Files (x86)\Microsoft Visual Studio\2017\Community\MSBuild\Microsoft\VisualStudio\v15.0\TextTemplating\Microsoft.VisualStudio.TextTemplating.Interfaces.10.0.dll for X86 ngen
[0b00:0004][2017-10-17T09:47:54] Successfully queued file '/Contents/MSBuild/Microsoft/VisualStudio/v15.0/TextTemplating/Microsoft.VisualStudio.TextTemplating.Interfaces.10.0.dll' for ngen
[0b00:0004][2017-10-17T09:47:54] Processing file /Contents/MSBuild/Microsoft/VisualStudio/v15.0/TextTemplating/Microsoft.VisualStudio.TextTemplating.Interfaces.11.0.dll
[0b00:0004][2017-10-17T09:47:54] Started: Copying file /Contents/MSBuild/Microsoft/VisualStudio/v15.0/TextTemplating/Microsoft.VisualStudio.TextTemplating.Interfaces.11.0.dll to C:\Program Files (x86)\Microsoft Visual Studio\2017\Community\MSBuild\Microsoft\VisualStudio\v15.0\TextTemplating\Microsoft.VisualStudio.TextTemplating.Interfaces.11.0.dll
[0b00:0004][2017-10-17T09:47:54] Completed: Copying file /Contents/MSBuild/Microsoft/VisualStudio/v15.0/TextTemplating/Microsoft.VisualStudio.TextTemplating.Interfaces.11.0.dll to C:\Program Files (x86)\Microsoft Visual Studio\2017\Community\MSBuild\Microsoft\VisualStudio\v15.0\TextTemplating\Microsoft.VisualStudio.TextTemplating.Interfaces.11.0.dll
[0b00:0004][2017-10-17T09:47:54] Timestamp updated for file 'C:\Program Files (x86)\Microsoft Visual Studio\2017\Community\MSBuild\Microsoft\VisualStudio\v15.0\TextTemplating\Microsoft.VisualStudio.TextTemplating.Interfaces.11.0.dll'.
[0b00:0004][2017-10-17T09:47:54] Queueing C:\Program Files (x86)\Microsoft Visual Studio\2017\Community\MSBuild\Microsoft\VisualStudio\v15.0\TextTemplating\Microsoft.VisualStudio.TextTemplating.Interfaces.11.0.dll for X86 ngen
[0b00:0004][2017-10-17T09:47:54] Successfully queued file '/Contents/MSBuild/Microsoft/VisualStudio/v15.0/TextTemplating/Microsoft.VisualStudio.TextTemplating.Interfaces.11.0.dll' for ngen
[0b00:0004][2017-10-17T09:47:54] Processing file /Contents/MSBuild/Microsoft/VisualStudio/v15.0/TextTemplating/Microsoft.VisualStudio.TextTemplating.Sdk.Host.15.0.dll
[0b00:0004][2017-10-17T09:47:54] Started: Copying file /Contents/MSBuild/Microsoft/VisualStudio/v15.0/TextTemplating/Microsoft.VisualStudio.TextTemplating.Sdk.Host.15.0.dll to C:\Program Files (x86)\Microsoft Visual Studio\2017\Community\MSBuild\Microsoft\VisualStudio\v15.0\TextTemplating\Microsoft.VisualStudio.TextTemplating.Sdk.Host.15.0.dll
[0b00:0004][2017-10-17T09:47:54] Completed: Copying file /Contents/MSBuild/Microsoft/VisualStudio/v15.0/TextTemplating/Microsoft.VisualStudio.TextTemplating.Sdk.Host.15.0.dll to C:\Program Files (x86)\Microsoft Visual Studio\2017\Community\MSBuild\Microsoft\VisualStudio\v15.0\TextTemplating\Microsoft.VisualStudio.TextTemplating.Sdk.Host.15.0.dll
[0b00:0004][2017-10-17T09:47:54] Timestamp updated for file 'C:\Program Files (x86)\Microsoft Visual Studio\2017\Community\MSBuild\Microsoft\VisualStudio\v15.0\TextTemplating\Microsoft.VisualStudio.TextTemplating.Sdk.Host.15.0.dll'.
[0b00:0004][2017-10-17T09:47:54] Queueing C:\Program Files (x86)\Microsoft Visual Studio\2017\Community\MSBuild\Microsoft\VisualStudio\v15.0\TextTemplating\Microsoft.VisualStudio.TextTemplating.Sdk.Host.15.0.dll for X86 ngen
[0b00:0004][2017-10-17T09:47:54] Successfully queued file '/Contents/MSBuild/Microsoft/VisualStudio/v15.0/TextTemplating/Microsoft.VisualStudio.TextTemplating.Sdk.Host.15.0.dll' for ngen
[0b00:0004][2017-10-17T09:47:54] Package executed successfully. Return code: 0
