[0b00:0004][2017-10-17T09:46:23] Opening the package for processing
[0b00:0004][2017-10-17T09:46:23] Using package payload to get the embedded manifest
[0b00:0004][2017-10-17T09:46:23] Getting list of files within the package
[0b00:0004][2017-10-17T09:46:23] Processing file /Contents/Common7/IDE/CommonExtensions/Microsoft/External%20Tools/UtilsPreReq/GuidGen.pkgdef
[0b00:0004][2017-10-17T09:46:23] Started: Copying file /Contents/Common7/IDE/CommonExtensions/Microsoft/External%20Tools/UtilsPreReq/GuidGen.pkgdef to C:\Program Files (x86)\Microsoft Visual Studio\2017\Community\Common7\IDE\CommonExtensions\Microsoft\External Tools\UtilsPreReq\GuidGen.pkgdef
[0b00:0004][2017-10-17T09:46:23] Completed: Copying file /Contents/Common7/IDE/CommonExtensions/Microsoft/External%20Tools/UtilsPreReq/GuidGen.pkgdef to C:\Program Files (x86)\Microsoft Visual Studio\2017\Community\Common7\IDE\CommonExtensions\Microsoft\External Tools\UtilsPreReq\GuidGen.pkgdef
[0b00:0004][2017-10-17T09:46:23] Timestamp updated for file 'C:\Program Files (x86)\Microsoft Visual Studio\2017\Community\Common7\IDE\CommonExtensions\Microsoft\External Tools\UtilsPreReq\GuidGen.pkgdef'.
[0b00:0004][2017-10-17T09:46:23] Processing file /Contents/Common7/Tools/api-ms-win-crt-convert-l1-1-0.dll
[0b00:0004][2017-10-17T09:46:23] Started: Copying file /Contents/Common7/Tools/api-ms-win-crt-convert-l1-1-0.dll to C:\Program Files (x86)\Microsoft Visual Studio\2017\Community\Common7\Tools\api-ms-win-crt-convert-l1-1-0.dll
[0b00:0004][2017-10-17T09:46:23] Completed: Copying file /Contents/Common7/Tools/api-ms-win-crt-convert-l1-1-0.dll to C:\Program Files (x86)\Microsoft Visual Studio\2017\Community\Common7\Tools\api-ms-win-crt-convert-l1-1-0.dll
[0b00:0004][2017-10-17T09:46:23] Timestamp updated for file 'C:\Program Files (x86)\Microsoft Visual Studio\2017\Community\Common7\Tools\api-ms-win-crt-convert-l1-1-0.dll'.
[0b00:0004][2017-10-17T09:46:23] Processing file /Contents/Common7/Tools/api-ms-win-crt-filesystem-l1-1-0.dll
[0b00:0004][2017-10-17T09:46:23] Started: Copying file /Contents/Common7/Tools/api-ms-win-crt-filesystem-l1-1-0.dll to C:\Program Files (x86)\Microsoft Visual Studio\2017\Community\Common7\Tools\api-ms-win-crt-filesystem-l1-1-0.dll
[0b00:0004][2017-10-17T09:46:23] Completed: Copying file /Contents/Common7/Tools/api-ms-win-crt-filesystem-l1-1-0.dll to C:\Program Files (x86)\Microsoft Visual Studio\2017\Community\Common7\Tools\api-ms-win-crt-filesystem-l1-1-0.dll
[0b00:0004][2017-10-17T09:46:23] Timestamp updated for file 'C:\Program Files (x86)\Microsoft Visual Studio\2017\Community\Common7\Tools\api-ms-win-crt-filesystem-l1-1-0.dll'.
[0b00:0004][2017-10-17T09:46:23] Processing file /Contents/Common7/Tools/api-ms-win-crt-heap-l1-1-0.dll
[0b00:0004][2017-10-17T09:46:23] Started: Copying file /Contents/Common7/Tools/api-ms-win-crt-heap-l1-1-0.dll to C:\Program Files (x86)\Microsoft Visual Studio\2017\Community\Common7\Tools\api-ms-win-crt-heap-l1-1-0.dll
[0b00:0004][2017-10-17T09:46:23] Completed: Copying file /Contents/Common7/Tools/api-ms-win-crt-heap-l1-1-0.dll to C:\Program Files (x86)\Microsoft Visual Studio\2017\Community\Common7\Tools\api-ms-win-crt-heap-l1-1-0.dll
[0b00:0004][2017-10-17T09:46:23] Timestamp updated for file 'C:\Program Files (x86)\Microsoft Visual Studio\2017\Community\Common7\Tools\api-ms-win-crt-heap-l1-1-0.dll'.
[0b00:0004][2017-10-17T09:46:23] Processing file /Contents/Common7/Tools/api-ms-win-crt-locale-l1-1-0.dll
[0b00:0004][2017-10-17T09:46:23] Started: Copying file /Contents/Common7/Tools/api-ms-win-crt-locale-l1-1-0.dll to C:\Program Files (x86)\Microsoft Visual Studio\2017\Community\Common7\Tools\api-ms-win-crt-locale-l1-1-0.dll
[0b00:0004][2017-10-17T09:46:23] Completed: Copying file /Contents/Common7/Tools/api-ms-win-crt-locale-l1-1-0.dll to C:\Program Files (x86)\Microsoft Visual Studio\2017\Community\Common7\Tools\api-ms-win-crt-locale-l1-1-0.dll
[0b00:0004][2017-10-17T09:46:23] Timestamp updated for file 'C:\Program Files (x86)\Microsoft Visual Studio\2017\Community\Common7\Tools\api-ms-win-crt-locale-l1-1-0.dll'.
[0b00:0004][2017-10-17T09:46:23] Processing file /Contents/Common7/Tools/api-ms-win-crt-math-l1-1-0.dll
[0b00:0004][2017-10-17T09:46:23] Started: Copying file /Contents/Common7/Tools/api-ms-win-crt-math-l1-1-0.dll to C:\Program Files (x86)\Microsoft Visual Studio\2017\Community\Common7\Tools\api-ms-win-crt-math-l1-1-0.dll
[0b00:0004][2017-10-17T09:46:23] Completed: Copying file /Contents/Common7/Tools/api-ms-win-crt-math-l1-1-0.dll to C:\Program Files (x86)\Microsoft Visual Studio\2017\Community\Common7\Tools\api-ms-win-crt-math-l1-1-0.dll
[0b00:0004][2017-10-17T09:46:23] Timestamp updated for file 'C:\Program Files (x86)\Microsoft Visual Studio\2017\Community\Common7\Tools\api-ms-win-crt-math-l1-1-0.dll'.
[0b00:0004][2017-10-17T09:46:23] Processing file /Contents/Common7/Tools/api-ms-win-crt-multibyte-l1-1-0.dll
[0b00:0004][2017-10-17T09:46:23] Started: Copying file /Contents/Common7/Tools/api-ms-win-crt-multibyte-l1-1-0.dll to C:\Program Files (x86)\Microsoft Visual Studio\2017\Community\Common7\Tools\api-ms-win-crt-multibyte-l1-1-0.dll
[0b00:0004][2017-10-17T09:46:23] Completed: Copying file /Contents/Common7/Tools/api-ms-win-crt-multibyte-l1-1-0.dll to C:\Program Files (x86)\Microsoft Visual Studio\2017\Community\Common7\Tools\api-ms-win-crt-multibyte-l1-1-0.dll
[0b00:0004][2017-10-17T09:46:23] Timestamp updated for file 'C:\Program Files (x86)\Microsoft Visual Studio\2017\Community\Common7\Tools\api-ms-win-crt-multibyte-l1-1-0.dll'.
[0b00:0004][2017-10-17T09:46:23] Processing file /Contents/Common7/Tools/api-ms-win-crt-runtime-l1-1-0.dll
[0b00:0004][2017-10-17T09:46:23] Started: Copying file /Contents/Common7/Tools/api-ms-win-crt-runtime-l1-1-0.dll to C:\Program Files (x86)\Microsoft Visual Studio\2017\Community\Common7\Tools\api-ms-win-crt-runtime-l1-1-0.dll
[0b00:0004][2017-10-17T09:46:23] Completed: Copying file /Contents/Common7/Tools/api-ms-win-crt-runtime-l1-1-0.dll to C:\Program Files (x86)\Microsoft Visual Studio\2017\Community\Common7\Tools\api-ms-win-crt-runtime-l1-1-0.dll
[0b00:0004][2017-10-17T09:46:23] Timestamp updated for file 'C:\Program Files (x86)\Microsoft Visual Studio\2017\Community\Common7\Tools\api-ms-win-crt-runtime-l1-1-0.dll'.
[0b00:0004][2017-10-17T09:46:23] Processing file /Contents/Common7/Tools/api-ms-win-crt-stdio-l1-1-0.dll
[0b00:0004][2017-10-17T09:46:23] Started: Copying file /Contents/Common7/Tools/api-ms-win-crt-stdio-l1-1-0.dll to C:\Program Files (x86)\Microsoft Visual Studio\2017\Community\Common7\Tools\api-ms-win-crt-stdio-l1-1-0.dll
[0b00:0004][2017-10-17T09:46:23] Completed: Copying file /Contents/Common7/Tools/api-ms-win-crt-stdio-l1-1-0.dll to C:\Program Files (x86)\Microsoft Visual Studio\2017\Community\Common7\Tools\api-ms-win-crt-stdio-l1-1-0.dll
[0b00:0004][2017-10-17T09:46:23] Timestamp updated for file 'C:\Program Files (x86)\Microsoft Visual Studio\2017\Community\Common7\Tools\api-ms-win-crt-stdio-l1-1-0.dll'.
[0b00:0004][2017-10-17T09:46:23] Processing file /Contents/Common7/Tools/api-ms-win-crt-string-l1-1-0.dll
[0b00:0004][2017-10-17T09:46:23] Started: Copying file /Contents/Common7/Tools/api-ms-win-crt-string-l1-1-0.dll to C:\Program Files (x86)\Microsoft Visual Studio\2017\Community\Common7\Tools\api-ms-win-crt-string-l1-1-0.dll
[0b00:0004][2017-10-17T09:46:23] Completed: Copying file /Contents/Common7/Tools/api-ms-win-crt-string-l1-1-0.dll to C:\Program Files (x86)\Microsoft Visual Studio\2017\Community\Common7\Tools\api-ms-win-crt-string-l1-1-0.dll
[0b00:0004][2017-10-17T09:46:23] Timestamp updated for file 'C:\Program Files (x86)\Microsoft Visual Studio\2017\Community\Common7\Tools\api-ms-win-crt-string-l1-1-0.dll'.
[0b00:0004][2017-10-17T09:46:23] Processing file /Contents/Common7/Tools/api-ms-win-crt-time-l1-1-0.dll
[0b00:0004][2017-10-17T09:46:23] Started: Copying file /Contents/Common7/Tools/api-ms-win-crt-time-l1-1-0.dll to C:\Program Files (x86)\Microsoft Visual Studio\2017\Community\Common7\Tools\api-ms-win-crt-time-l1-1-0.dll
[0b00:0004][2017-10-17T09:46:23] Completed: Copying file /Contents/Common7/Tools/api-ms-win-crt-time-l1-1-0.dll to C:\Program Files (x86)\Microsoft Visual Studio\2017\Community\Common7\Tools\api-ms-win-crt-time-l1-1-0.dll
[0b00:0004][2017-10-17T09:46:23] Timestamp updated for file 'C:\Program Files (x86)\Microsoft Visual Studio\2017\Community\Common7\Tools\api-ms-win-crt-time-l1-1-0.dll'.
[0b00:0004][2017-10-17T09:46:23] Processing file /Contents/Common7/Tools/api-ms-win-crt-utility-l1-1-0.dll
[0b00:0004][2017-10-17T09:46:23] Started: Copying file /Contents/Common7/Tools/api-ms-win-crt-utility-l1-1-0.dll to C:\Program Files (x86)\Microsoft Visual Studio\2017\Community\Common7\Tools\api-ms-win-crt-utility-l1-1-0.dll
[0b00:0004][2017-10-17T09:46:23] Completed: Copying file /Contents/Common7/Tools/api-ms-win-crt-utility-l1-1-0.dll to C:\Program Files (x86)\Microsoft Visual Studio\2017\Community\Common7\Tools\api-ms-win-crt-utility-l1-1-0.dll
[0b00:0004][2017-10-17T09:46:23] Timestamp updated for file 'C:\Program Files (x86)\Microsoft Visual Studio\2017\Community\Common7\Tools\api-ms-win-crt-utility-l1-1-0.dll'.
[0b00:0004][2017-10-17T09:46:23] Processing file /Contents/Common7/Tools/mfc140chs.dll
[0b00:0004][2017-10-17T09:46:23] Started: Copying file /Contents/Common7/Tools/mfc140chs.dll to C:\Program Files (x86)\Microsoft Visual Studio\2017\Community\Common7\Tools\mfc140chs.dll
[0b00:0004][2017-10-17T09:46:23] Completed: Copying file /Contents/Common7/Tools/mfc140chs.dll to C:\Program Files (x86)\Microsoft Visual Studio\2017\Community\Common7\Tools\mfc140chs.dll
[0b00:0004][2017-10-17T09:46:23] Timestamp updated for file 'C:\Program Files (x86)\Microsoft Visual Studio\2017\Community\Common7\Tools\mfc140chs.dll'.
[0b00:0004][2017-10-17T09:46:23] Processing file /Contents/Common7/Tools/mfc140cht.dll
[0b00:0004][2017-10-17T09:46:23] Started: Copying file /Contents/Common7/Tools/mfc140cht.dll to C:\Program Files (x86)\Microsoft Visual Studio\2017\Community\Common7\Tools\mfc140cht.dll
[0b00:0004][2017-10-17T09:46:23] Completed: Copying file /Contents/Common7/Tools/mfc140cht.dll to C:\Program Files (x86)\Microsoft Visual Studio\2017\Community\Common7\Tools\mfc140cht.dll
[0b00:0004][2017-10-17T09:46:23] Timestamp updated for file 'C:\Program Files (x86)\Microsoft Visual Studio\2017\Community\Common7\Tools\mfc140cht.dll'.
[0b00:0004][2017-10-17T09:46:23] Processing file /Contents/Common7/Tools/mfc140deu.dll
[0b00:0004][2017-10-17T09:46:23] Started: Copying file /Contents/Common7/Tools/mfc140deu.dll to C:\Program Files (x86)\Microsoft Visual Studio\2017\Community\Common7\Tools\mfc140deu.dll
[0b00:0004][2017-10-17T09:46:23] Completed: Copying file /Contents/Common7/Tools/mfc140deu.dll to C:\Program Files (x86)\Microsoft Visual Studio\2017\Community\Common7\Tools\mfc140deu.dll
[0b00:0004][2017-10-17T09:46:23] Timestamp updated for file 'C:\Program Files (x86)\Microsoft Visual Studio\2017\Community\Common7\Tools\mfc140deu.dll'.
[0b00:0004][2017-10-17T09:46:23] Processing file /Contents/Common7/Tools/mfc140enu.dll
[0b00:0004][2017-10-17T09:46:23] Started: Copying file /Contents/Common7/Tools/mfc140enu.dll to C:\Program Files (x86)\Microsoft Visual Studio\2017\Community\Common7\Tools\mfc140enu.dll
[0b00:0004][2017-10-17T09:46:23] Completed: Copying file /Contents/Common7/Tools/mfc140enu.dll to C:\Program Files (x86)\Microsoft Visual Studio\2017\Community\Common7\Tools\mfc140enu.dll
[0b00:0004][2017-10-17T09:46:23] Timestamp updated for file 'C:\Program Files (x86)\Microsoft Visual Studio\2017\Community\Common7\Tools\mfc140enu.dll'.
[0b00:0004][2017-10-17T09:46:23] Processing file /Contents/Common7/Tools/mfc140esn.dll
[0b00:0004][2017-10-17T09:46:23] Started: Copying file /Contents/Common7/Tools/mfc140esn.dll to C:\Program Files (x86)\Microsoft Visual Studio\2017\Community\Common7\Tools\mfc140esn.dll
[0b00:0004][2017-10-17T09:46:23] Completed: Copying file /Contents/Common7/Tools/mfc140esn.dll to C:\Program Files (x86)\Microsoft Visual Studio\2017\Community\Common7\Tools\mfc140esn.dll
[0b00:0004][2017-10-17T09:46:23] Timestamp updated for file 'C:\Program Files (x86)\Microsoft Visual Studio\2017\Community\Common7\Tools\mfc140esn.dll'.
[0b00:0004][2017-10-17T09:46:23] Processing file /Contents/Common7/Tools/mfc140fra.dll
[0b00:0004][2017-10-17T09:46:23] Started: Copying file /Contents/Common7/Tools/mfc140fra.dll to C:\Program Files (x86)\Microsoft Visual Studio\2017\Community\Common7\Tools\mfc140fra.dll
[0b00:0004][2017-10-17T09:46:23] Completed: Copying file /Contents/Common7/Tools/mfc140fra.dll to C:\Program Files (x86)\Microsoft Visual Studio\2017\Community\Common7\Tools\mfc140fra.dll
[0b00:0004][2017-10-17T09:46:23] Timestamp updated for file 'C:\Program Files (x86)\Microsoft Visual Studio\2017\Community\Common7\Tools\mfc140fra.dll'.
[0b00:0004][2017-10-17T09:46:23] Processing file /Contents/Common7/Tools/mfc140ita.dll
[0b00:0004][2017-10-17T09:46:23] Started: Copying file /Contents/Common7/Tools/mfc140ita.dll to C:\Program Files (x86)\Microsoft Visual Studio\2017\Community\Common7\Tools\mfc140ita.dll
[0b00:0004][2017-10-17T09:46:23] Completed: Copying file /Contents/Common7/Tools/mfc140ita.dll to C:\Program Files (x86)\Microsoft Visual Studio\2017\Community\Common7\Tools\mfc140ita.dll
[0b00:0004][2017-10-17T09:46:23] Timestamp updated for file 'C:\Program Files (x86)\Microsoft Visual Studio\2017\Community\Common7\Tools\mfc140ita.dll'.
[0b00:0004][2017-10-17T09:46:23] Processing file /Contents/Common7/Tools/mfc140jpn.dll
[0b00:0004][2017-10-17T09:46:23] Started: Copying file /Contents/Common7/Tools/mfc140jpn.dll to C:\Program Files (x86)\Microsoft Visual Studio\2017\Community\Common7\Tools\mfc140jpn.dll
[0b00:0004][2017-10-17T09:46:23] Completed: Copying file /Contents/Common7/Tools/mfc140jpn.dll to C:\Program Files (x86)\Microsoft Visual Studio\2017\Community\Common7\Tools\mfc140jpn.dll
[0b00:0004][2017-10-17T09:46:23] Timestamp updated for file 'C:\Program Files (x86)\Microsoft Visual Studio\2017\Community\Common7\Tools\mfc140jpn.dll'.
[0b00:0004][2017-10-17T09:46:23] Processing file /Contents/Common7/Tools/mfc140kor.dll
[0b00:0004][2017-10-17T09:46:23] Started: Copying file /Contents/Common7/Tools/mfc140kor.dll to C:\Program Files (x86)\Microsoft Visual Studio\2017\Community\Common7\Tools\mfc140kor.dll
[0b00:0004][2017-10-17T09:46:23] Completed: Copying file /Contents/Common7/Tools/mfc140kor.dll to C:\Program Files (x86)\Microsoft Visual Studio\2017\Community\Common7\Tools\mfc140kor.dll
[0b00:0004][2017-10-17T09:46:23] Timestamp updated for file 'C:\Program Files (x86)\Microsoft Visual Studio\2017\Community\Common7\Tools\mfc140kor.dll'.
[0b00:0004][2017-10-17T09:46:23] Processing file /Contents/Common7/Tools/mfc140rus.dll
[0b00:0004][2017-10-17T09:46:23] Started: Copying file /Contents/Common7/Tools/mfc140rus.dll to C:\Program Files (x86)\Microsoft Visual Studio\2017\Community\Common7\Tools\mfc140rus.dll
[0b00:0004][2017-10-17T09:46:23] Completed: Copying file /Contents/Common7/Tools/mfc140rus.dll to C:\Program Files (x86)\Microsoft Visual Studio\2017\Community\Common7\Tools\mfc140rus.dll
[0b00:0004][2017-10-17T09:46:23] Timestamp updated for file 'C:\Program Files (x86)\Microsoft Visual Studio\2017\Community\Common7\Tools\mfc140rus.dll'.
[0b00:0004][2017-10-17T09:46:23] Processing file /Contents/Common7/Tools/mfc140u.dll
[0b00:0004][2017-10-17T09:46:23] Started: Copying file /Contents/Common7/Tools/mfc140u.dll to C:\Program Files (x86)\Microsoft Visual Studio\2017\Community\Common7\Tools\mfc140u.dll
[0b00:0004][2017-10-17T09:46:23] Completed: Copying file /Contents/Common7/Tools/mfc140u.dll to C:\Program Files (x86)\Microsoft Visual Studio\2017\Community\Common7\Tools\mfc140u.dll
[0b00:0004][2017-10-17T09:46:23] Timestamp updated for file 'C:\Program Files (x86)\Microsoft Visual Studio\2017\Community\Common7\Tools\mfc140u.dll'.
[0b00:0004][2017-10-17T09:46:23] Processing file /Contents/Common7/Tools/ucrtbase.dll
[0b00:0004][2017-10-17T09:46:23] Started: Copying file /Contents/Common7/Tools/ucrtbase.dll to C:\Program Files (x86)\Microsoft Visual Studio\2017\Community\Common7\Tools\ucrtbase.dll
[0b00:0004][2017-10-17T09:46:23] Completed: Copying file /Contents/Common7/Tools/ucrtbase.dll to C:\Program Files (x86)\Microsoft Visual Studio\2017\Community\Common7\Tools\ucrtbase.dll
[0b00:0004][2017-10-17T09:46:23] Timestamp updated for file 'C:\Program Files (x86)\Microsoft Visual Studio\2017\Community\Common7\Tools\ucrtbase.dll'.
[0b00:0004][2017-10-17T09:46:23] Processing file /Contents/Common7/Tools/vcruntime140.dll
[0b00:0004][2017-10-17T09:46:23] Started: Copying file /Contents/Common7/Tools/vcruntime140.dll to C:\Program Files (x86)\Microsoft Visual Studio\2017\Community\Common7\Tools\vcruntime140.dll
[0b00:0004][2017-10-17T09:46:23] Completed: Copying file /Contents/Common7/Tools/vcruntime140.dll to C:\Program Files (x86)\Microsoft Visual Studio\2017\Community\Common7\Tools\vcruntime140.dll
[0b00:0004][2017-10-17T09:46:23] Timestamp updated for file 'C:\Program Files (x86)\Microsoft Visual Studio\2017\Community\Common7\Tools\vcruntime140.dll'.
[0b00:0004][2017-10-17T09:46:23] Package executed successfully. Return code: 0
