[0b00:0004][2017-10-17T09:49:36] Opening the package for processing
[0b00:0004][2017-10-17T09:49:36] Using package payload to get the embedded manifest
[0b00:0004][2017-10-17T09:49:36] Getting list of files within the package
[0b00:0004][2017-10-17T09:49:36] Processing file /Contents/Common7/IDE/ItemTemplates/CSharp/Web/1033/HTMLPage/HTMLPage.html
[0b00:0004][2017-10-17T09:49:36] Started: Copying file /Contents/Common7/IDE/ItemTemplates/CSharp/Web/1033/HTMLPage/HTMLPage.html to C:\Program Files (x86)\Microsoft Visual Studio\2017\Community\Common7\IDE\ItemTemplates\CSharp\Web\1033\HTMLPage\HTMLPage.html
[0b00:0004][2017-10-17T09:49:36] Completed: Copying file /Contents/Common7/IDE/ItemTemplates/CSharp/Web/1033/HTMLPage/HTMLPage.html to C:\Program Files (x86)\Microsoft Visual Studio\2017\Community\Common7\IDE\ItemTemplates\CSharp\Web\1033\HTMLPage\HTMLPage.html
[0b00:0004][2017-10-17T09:49:36] Timestamp updated for file 'C:\Program Files (x86)\Microsoft Visual Studio\2017\Community\Common7\IDE\ItemTemplates\CSharp\Web\1033\HTMLPage\HTMLPage.html'.
[0b00:0004][2017-10-17T09:49:36] Processing file /Contents/Common7/IDE/ItemTemplates/CSharp/Web/1033/HTMLPage/HTMLPage.vstemplate
[0b00:0004][2017-10-17T09:49:36] Started: Copying file /Contents/Common7/IDE/ItemTemplates/CSharp/Web/1033/HTMLPage/HTMLPage.vstemplate to C:\Program Files (x86)\Microsoft Visual Studio\2017\Community\Common7\IDE\ItemTemplates\CSharp\Web\1033\HTMLPage\HTMLPage.vstemplate
[0b00:0004][2017-10-17T09:49:36] Completed: Copying file /Contents/Common7/IDE/ItemTemplates/CSharp/Web/1033/HTMLPage/HTMLPage.vstemplate to C:\Program Files (x86)\Microsoft Visual Studio\2017\Community\Common7\IDE\ItemTemplates\CSharp\Web\1033\HTMLPage\HTMLPage.vstemplate
[0b00:0004][2017-10-17T09:49:36] Timestamp updated for file 'C:\Program Files (x86)\Microsoft Visual Studio\2017\Community\Common7\IDE\ItemTemplates\CSharp\Web\1033\HTMLPage\HTMLPage.vstemplate'.
[0b00:0004][2017-10-17T09:49:36] Processing file /Contents/Common7/IDE/ItemTemplates/CSharp/Web/1033/JScript/JScript.js
[0b00:0004][2017-10-17T09:49:36] Started: Copying file /Contents/Common7/IDE/ItemTemplates/CSharp/Web/1033/JScript/JScript.js to C:\Program Files (x86)\Microsoft Visual Studio\2017\Community\Common7\IDE\ItemTemplates\CSharp\Web\1033\JScript\JScript.js
[0b00:0004][2017-10-17T09:49:36] Completed: Copying file /Contents/Common7/IDE/ItemTemplates/CSharp/Web/1033/JScript/JScript.js to C:\Program Files (x86)\Microsoft Visual Studio\2017\Community\Common7\IDE\ItemTemplates\CSharp\Web\1033\JScript\JScript.js
[0b00:0004][2017-10-17T09:49:36] Timestamp updated for file 'C:\Program Files (x86)\Microsoft Visual Studio\2017\Community\Common7\IDE\ItemTemplates\CSharp\Web\1033\JScript\JScript.js'.
[0b00:0004][2017-10-17T09:49:36] Processing file /Contents/Common7/IDE/ItemTemplates/CSharp/Web/1033/JScript/JScript.vstemplate
[0b00:0004][2017-10-17T09:49:36] Started: Copying file /Contents/Common7/IDE/ItemTemplates/CSharp/Web/1033/JScript/JScript.vstemplate to C:\Program Files (x86)\Microsoft Visual Studio\2017\Community\Common7\IDE\ItemTemplates\CSharp\Web\1033\JScript\JScript.vstemplate
[0b00:0004][2017-10-17T09:49:36] Completed: Copying file /Contents/Common7/IDE/ItemTemplates/CSharp/Web/1033/JScript/JScript.vstemplate to C:\Program Files (x86)\Microsoft Visual Studio\2017\Community\Common7\IDE\ItemTemplates\CSharp\Web\1033\JScript\JScript.vstemplate
[0b00:0004][2017-10-17T09:49:36] Timestamp updated for file 'C:\Program Files (x86)\Microsoft Visual Studio\2017\Community\Common7\IDE\ItemTemplates\CSharp\Web\1033\JScript\JScript.vstemplate'.
[0b00:0004][2017-10-17T09:49:36] Processing file /Contents/Common7/IDE/ItemTemplates/CSharp/Web/1033/StyleSheet/Stylesheet.css
[0b00:0004][2017-10-17T09:49:36] Started: Copying file /Contents/Common7/IDE/ItemTemplates/CSharp/Web/1033/StyleSheet/Stylesheet.css to C:\Program Files (x86)\Microsoft Visual Studio\2017\Community\Common7\IDE\ItemTemplates\CSharp\Web\1033\StyleSheet\Stylesheet.css
[0b00:0004][2017-10-17T09:49:36] Completed: Copying file /Contents/Common7/IDE/ItemTemplates/CSharp/Web/1033/StyleSheet/Stylesheet.css to C:\Program Files (x86)\Microsoft Visual Studio\2017\Community\Common7\IDE\ItemTemplates\CSharp\Web\1033\StyleSheet\Stylesheet.css
[0b00:0004][2017-10-17T09:49:36] Timestamp updated for file 'C:\Program Files (x86)\Microsoft Visual Studio\2017\Community\Common7\IDE\ItemTemplates\CSharp\Web\1033\StyleSheet\Stylesheet.css'.
[0b00:0004][2017-10-17T09:49:36] Processing file /Contents/Common7/IDE/ItemTemplates/CSharp/Web/1033/StyleSheet/Stylesheet.vstemplate
[0b00:0004][2017-10-17T09:49:36] Started: Copying file /Contents/Common7/IDE/ItemTemplates/CSharp/Web/1033/StyleSheet/Stylesheet.vstemplate to C:\Program Files (x86)\Microsoft Visual Studio\2017\Community\Common7\IDE\ItemTemplates\CSharp\Web\1033\StyleSheet\Stylesheet.vstemplate
[0b00:0004][2017-10-17T09:49:36] Completed: Copying file /Contents/Common7/IDE/ItemTemplates/CSharp/Web/1033/StyleSheet/Stylesheet.vstemplate to C:\Program Files (x86)\Microsoft Visual Studio\2017\Community\Common7\IDE\ItemTemplates\CSharp\Web\1033\StyleSheet\Stylesheet.vstemplate
[0b00:0004][2017-10-17T09:49:36] Timestamp updated for file 'C:\Program Files (x86)\Microsoft Visual Studio\2017\Community\Common7\IDE\ItemTemplates\CSharp\Web\1033\StyleSheet\Stylesheet.vstemplate'.
[0b00:0004][2017-10-17T09:49:36] Processing file /Contents/Common7/IDE/ItemTemplates/CSharp/Web/Web%20Forms/1033/WebCustomControl/WebCustomControl.cs
[0b00:0004][2017-10-17T09:49:36] Started: Copying file /Contents/Common7/IDE/ItemTemplates/CSharp/Web/Web%20Forms/1033/WebCustomControl/WebCustomControl.cs to C:\Program Files (x86)\Microsoft Visual Studio\2017\Community\Common7\IDE\ItemTemplates\CSharp\Web\Web Forms\1033\WebCustomControl\WebCustomControl.cs
[0b00:0004][2017-10-17T09:49:36] Completed: Copying file /Contents/Common7/IDE/ItemTemplates/CSharp/Web/Web%20Forms/1033/WebCustomControl/WebCustomControl.cs to C:\Program Files (x86)\Microsoft Visual Studio\2017\Community\Common7\IDE\ItemTemplates\CSharp\Web\Web Forms\1033\WebCustomControl\WebCustomControl.cs
[0b00:0004][2017-10-17T09:49:36] Timestamp updated for file 'C:\Program Files (x86)\Microsoft Visual Studio\2017\Community\Common7\IDE\ItemTemplates\CSharp\Web\Web Forms\1033\WebCustomControl\WebCustomControl.cs'.
[0b00:0004][2017-10-17T09:49:36] Processing file /Contents/Common7/IDE/ItemTemplates/CSharp/Web/Web%20Forms/1033/WebCustomControl/WebCustomControl.vstemplate
[0b00:0004][2017-10-17T09:49:36] Started: Copying file /Contents/Common7/IDE/ItemTemplates/CSharp/Web/Web%20Forms/1033/WebCustomControl/WebCustomControl.vstemplate to C:\Program Files (x86)\Microsoft Visual Studio\2017\Community\Common7\IDE\ItemTemplates\CSharp\Web\Web Forms\1033\WebCustomControl\WebCustomControl.vstemplate
[0b00:0004][2017-10-17T09:49:36] Completed: Copying file /Contents/Common7/IDE/ItemTemplates/CSharp/Web/Web%20Forms/1033/WebCustomControl/WebCustomControl.vstemplate to C:\Program Files (x86)\Microsoft Visual Studio\2017\Community\Common7\IDE\ItemTemplates\CSharp\Web\Web Forms\1033\WebCustomControl\WebCustomControl.vstemplate
[0b00:0004][2017-10-17T09:49:36] Timestamp updated for file 'C:\Program Files (x86)\Microsoft Visual Studio\2017\Community\Common7\IDE\ItemTemplates\CSharp\Web\Web Forms\1033\WebCustomControl\WebCustomControl.vstemplate'.
[0b00:0004][2017-10-17T09:49:36] Processing file /contents/Common7/IDE/ItemTemplates/Microsoft.VisualStudio.Templates.CS.ManagedWeb.Resources.en-US.Item..vstman
[0b00:0004][2017-10-17T09:49:36] Started: Copying file /contents/Common7/IDE/ItemTemplates/Microsoft.VisualStudio.Templates.CS.ManagedWeb.Resources.en-US.Item..vstman to C:\Program Files (x86)\Microsoft Visual Studio\2017\Community\Common7\IDE\ItemTemplates\Microsoft.VisualStudio.Templates.CS.ManagedWeb.Resources.en-US.Item..vstman
[0b00:0004][2017-10-17T09:49:36] Completed: Copying file /contents/Common7/IDE/ItemTemplates/Microsoft.VisualStudio.Templates.CS.ManagedWeb.Resources.en-US.Item..vstman to C:\Program Files (x86)\Microsoft Visual Studio\2017\Community\Common7\IDE\ItemTemplates\Microsoft.VisualStudio.Templates.CS.ManagedWeb.Resources.en-US.Item..vstman
[0b00:0004][2017-10-17T09:49:36] Timestamp updated for file 'C:\Program Files (x86)\Microsoft Visual Studio\2017\Community\Common7\IDE\ItemTemplates\Microsoft.VisualStudio.Templates.CS.ManagedWeb.Resources.en-US.Item..vstman'.
[0b00:0004][2017-10-17T09:49:36] Package executed successfully. Return code: 0
