[0b00:0004][2017-10-17T09:46:40] Opening the package for processing
[0b00:0004][2017-10-17T09:46:40] Using package payload to get the embedded manifest
[0b00:0004][2017-10-17T09:46:40] Getting list of files within the package
[0b00:0004][2017-10-17T09:46:40] Processing file /Contents/MSBuild/15.0/Imports/Microsoft.Common.Props/ImportBefore/Microsoft.NuGet.ImportBefore.props
[0b00:0004][2017-10-17T09:46:40] Started: Copying file /Contents/MSBuild/15.0/Imports/Microsoft.Common.Props/ImportBefore/Microsoft.NuGet.ImportBefore.props to C:\Program Files (x86)\Microsoft Visual Studio\2017\Community\MSBuild\15.0\Imports\Microsoft.Common.Props\ImportBefore\Microsoft.NuGet.ImportBefore.props
[0b00:0004][2017-10-17T09:46:40] Completed: Copying file /Contents/MSBuild/15.0/Imports/Microsoft.Common.Props/ImportBefore/Microsoft.NuGet.ImportBefore.props to C:\Program Files (x86)\Microsoft Visual Studio\2017\Community\MSBuild\15.0\Imports\Microsoft.Common.Props\ImportBefore\Microsoft.NuGet.ImportBefore.props
[0b00:0004][2017-10-17T09:46:40] Timestamp updated for file 'C:\Program Files (x86)\Microsoft Visual Studio\2017\Community\MSBuild\15.0\Imports\Microsoft.Common.Props\ImportBefore\Microsoft.NuGet.ImportBefore.props'.
[0b00:0004][2017-10-17T09:46:40] Processing file /Contents/MSBuild/15.0/Microsoft.Common.Targets/ImportAfter/Microsoft.NuGet.ImportAfter.targets
[0b00:0004][2017-10-17T09:46:40] Started: Copying file /Contents/MSBuild/15.0/Microsoft.Common.Targets/ImportAfter/Microsoft.NuGet.ImportAfter.targets to C:\Program Files (x86)\Microsoft Visual Studio\2017\Community\MSBuild\15.0\Microsoft.Common.Targets\ImportAfter\Microsoft.NuGet.ImportAfter.targets
[0b00:0004][2017-10-17T09:46:40] Completed: Copying file /Contents/MSBuild/15.0/Microsoft.Common.Targets/ImportAfter/Microsoft.NuGet.ImportAfter.targets to C:\Program Files (x86)\Microsoft Visual Studio\2017\Community\MSBuild\15.0\Microsoft.Common.Targets\ImportAfter\Microsoft.NuGet.ImportAfter.targets
[0b00:0004][2017-10-17T09:46:40] Timestamp updated for file 'C:\Program Files (x86)\Microsoft Visual Studio\2017\Community\MSBuild\15.0\Microsoft.Common.Targets\ImportAfter\Microsoft.NuGet.ImportAfter.targets'.
[0b00:0004][2017-10-17T09:46:40] Processing file /Contents/MSBuild/15.0/SolutionFile/ImportAfter/Microsoft.NuGet.Solution.ImportAfter.targets
[0b00:0004][2017-10-17T09:46:40] Started: Copying file /Contents/MSBuild/15.0/SolutionFile/ImportAfter/Microsoft.NuGet.Solution.ImportAfter.targets to C:\Program Files (x86)\Microsoft Visual Studio\2017\Community\MSBuild\15.0\SolutionFile\ImportAfter\Microsoft.NuGet.Solution.ImportAfter.targets
[0b00:0004][2017-10-17T09:46:40] Completed: Copying file /Contents/MSBuild/15.0/SolutionFile/ImportAfter/Microsoft.NuGet.Solution.ImportAfter.targets to C:\Program Files (x86)\Microsoft Visual Studio\2017\Community\MSBuild\15.0\SolutionFile\ImportAfter\Microsoft.NuGet.Solution.ImportAfter.targets
[0b00:0004][2017-10-17T09:46:40] Timestamp updated for file 'C:\Program Files (x86)\Microsoft Visual Studio\2017\Community\MSBuild\15.0\SolutionFile\ImportAfter\Microsoft.NuGet.Solution.ImportAfter.targets'.
[0b00:0004][2017-10-17T09:46:40] Processing file /Contents/MSBuild/Microsoft/NuGet/15.0/Microsoft.NuGet.Build.Tasks.dll
[0b00:0004][2017-10-17T09:46:40] Started: Copying file /Contents/MSBuild/Microsoft/NuGet/15.0/Microsoft.NuGet.Build.Tasks.dll to C:\Program Files (x86)\Microsoft Visual Studio\2017\Community\MSBuild\Microsoft\NuGet\15.0\Microsoft.NuGet.Build.Tasks.dll
[0b00:0004][2017-10-17T09:46:40] Completed: Copying file /Contents/MSBuild/Microsoft/NuGet/15.0/Microsoft.NuGet.Build.Tasks.dll to C:\Program Files (x86)\Microsoft Visual Studio\2017\Community\MSBuild\Microsoft\NuGet\15.0\Microsoft.NuGet.Build.Tasks.dll
[0b00:0004][2017-10-17T09:46:40] Timestamp updated for file 'C:\Program Files (x86)\Microsoft Visual Studio\2017\Community\MSBuild\Microsoft\NuGet\15.0\Microsoft.NuGet.Build.Tasks.dll'.
[0b00:0004][2017-10-17T09:46:40] Processing file /Contents/MSBuild/Microsoft/NuGet/15.0/Microsoft.NuGet.props
[0b00:0004][2017-10-17T09:46:40] Started: Copying file /Contents/MSBuild/Microsoft/NuGet/15.0/Microsoft.NuGet.props to C:\Program Files (x86)\Microsoft Visual Studio\2017\Community\MSBuild\Microsoft\NuGet\15.0\Microsoft.NuGet.props
[0b00:0004][2017-10-17T09:46:40] Completed: Copying file /Contents/MSBuild/Microsoft/NuGet/15.0/Microsoft.NuGet.props to C:\Program Files (x86)\Microsoft Visual Studio\2017\Community\MSBuild\Microsoft\NuGet\15.0\Microsoft.NuGet.props
[0b00:0004][2017-10-17T09:46:40] Timestamp updated for file 'C:\Program Files (x86)\Microsoft Visual Studio\2017\Community\MSBuild\Microsoft\NuGet\15.0\Microsoft.NuGet.props'.
[0b00:0004][2017-10-17T09:46:40] Processing file /Contents/MSBuild/Microsoft/NuGet/15.0/Microsoft.NuGet.targets
[0b00:0004][2017-10-17T09:46:40] Started: Copying file /Contents/MSBuild/Microsoft/NuGet/15.0/Microsoft.NuGet.targets to C:\Program Files (x86)\Microsoft Visual Studio\2017\Community\MSBuild\Microsoft\NuGet\15.0\Microsoft.NuGet.targets
[0b00:0004][2017-10-17T09:46:40] Completed: Copying file /Contents/MSBuild/Microsoft/NuGet/15.0/Microsoft.NuGet.targets to C:\Program Files (x86)\Microsoft Visual Studio\2017\Community\MSBuild\Microsoft\NuGet\15.0\Microsoft.NuGet.targets
[0b00:0004][2017-10-17T09:46:40] Timestamp updated for file 'C:\Program Files (x86)\Microsoft Visual Studio\2017\Community\MSBuild\Microsoft\NuGet\15.0\Microsoft.NuGet.targets'.
[0b00:0004][2017-10-17T09:46:40] Processing file /Contents/MSBuild/Microsoft/NuGet/15.0/Newtonsoft.Json.dll
[0b00:0004][2017-10-17T09:46:40] Started: Copying file /Contents/MSBuild/Microsoft/NuGet/15.0/Newtonsoft.Json.dll to C:\Program Files (x86)\Microsoft Visual Studio\2017\Community\MSBuild\Microsoft\NuGet\15.0\Newtonsoft.Json.dll
[0b00:0004][2017-10-17T09:46:40] Completed: Copying file /Contents/MSBuild/Microsoft/NuGet/15.0/Newtonsoft.Json.dll to C:\Program Files (x86)\Microsoft Visual Studio\2017\Community\MSBuild\Microsoft\NuGet\15.0\Newtonsoft.Json.dll
[0b00:0004][2017-10-17T09:46:40] Timestamp updated for file 'C:\Program Files (x86)\Microsoft Visual Studio\2017\Community\MSBuild\Microsoft\NuGet\15.0\Newtonsoft.Json.dll'.
[0b00:0004][2017-10-17T09:46:40] Package executed successfully. Return code: 0
