[0b00:0004][2017-10-17T09:47:48] Opening the package for processing
[0b00:0004][2017-10-17T09:47:48] Using package payload to get the embedded manifest
[0b00:0004][2017-10-17T09:47:48] Getting list of files within the package
[0b00:0004][2017-10-17T09:47:48] Processing file /catalog.json
[0b00:0004][2017-10-17T09:47:48] Started: Copying file /catalog.json to C:\Program Files (x86)\Microsoft Visual Studio\2017\Community\Common7\IDE\Extensions\hcd3gfkh.3ao\catalog.json
[0b00:0004][2017-10-17T09:47:48] Completed: Copying file /catalog.json to C:\Program Files (x86)\Microsoft Visual Studio\2017\Community\Common7\IDE\Extensions\hcd3gfkh.3ao\catalog.json
[0b00:0004][2017-10-17T09:47:48] Timestamp updated for file 'C:\Program Files (x86)\Microsoft Visual Studio\2017\Community\Common7\IDE\Extensions\hcd3gfkh.3ao\catalog.json'.
[0b00:0004][2017-10-17T09:47:48] Processing file /cs/Microsoft.VisualStudio.ProjectSystem.CSharp.VS.resources.dll
[0b00:0004][2017-10-17T09:47:48] Started: Copying file /cs/Microsoft.VisualStudio.ProjectSystem.CSharp.VS.resources.dll to C:\Program Files (x86)\Microsoft Visual Studio\2017\Community\Common7\IDE\Extensions\hcd3gfkh.3ao\cs\Microsoft.VisualStudio.ProjectSystem.CSharp.VS.resources.dll
[0b00:0004][2017-10-17T09:47:48] Completed: Copying file /cs/Microsoft.VisualStudio.ProjectSystem.CSharp.VS.resources.dll to C:\Program Files (x86)\Microsoft Visual Studio\2017\Community\Common7\IDE\Extensions\hcd3gfkh.3ao\cs\Microsoft.VisualStudio.ProjectSystem.CSharp.VS.resources.dll
[0b00:0004][2017-10-17T09:47:48] Timestamp updated for file 'C:\Program Files (x86)\Microsoft Visual Studio\2017\Community\Common7\IDE\Extensions\hcd3gfkh.3ao\cs\Microsoft.VisualStudio.ProjectSystem.CSharp.VS.resources.dll'.
[0b00:0004][2017-10-17T09:47:48] Processing file /cs/Microsoft.VisualStudio.ProjectSystem.FSharp.VS.resources.dll
[0b00:0004][2017-10-17T09:47:48] Started: Copying file /cs/Microsoft.VisualStudio.ProjectSystem.FSharp.VS.resources.dll to C:\Program Files (x86)\Microsoft Visual Studio\2017\Community\Common7\IDE\Extensions\hcd3gfkh.3ao\cs\Microsoft.VisualStudio.ProjectSystem.FSharp.VS.resources.dll
[0b00:0004][2017-10-17T09:47:48] Completed: Copying file /cs/Microsoft.VisualStudio.ProjectSystem.FSharp.VS.resources.dll to C:\Program Files (x86)\Microsoft Visual Studio\2017\Community\Common7\IDE\Extensions\hcd3gfkh.3ao\cs\Microsoft.VisualStudio.ProjectSystem.FSharp.VS.resources.dll
[0b00:0004][2017-10-17T09:47:48] Timestamp updated for file 'C:\Program Files (x86)\Microsoft Visual Studio\2017\Community\Common7\IDE\Extensions\hcd3gfkh.3ao\cs\Microsoft.VisualStudio.ProjectSystem.FSharp.VS.resources.dll'.
[0b00:0004][2017-10-17T09:47:48] Processing file /cs/Microsoft.VisualStudio.ProjectSystem.Managed.resources.dll
[0b00:0004][2017-10-17T09:47:48] Started: Copying file /cs/Microsoft.VisualStudio.ProjectSystem.Managed.resources.dll to C:\Program Files (x86)\Microsoft Visual Studio\2017\Community\Common7\IDE\Extensions\hcd3gfkh.3ao\cs\Microsoft.VisualStudio.ProjectSystem.Managed.resources.dll
[0b00:0004][2017-10-17T09:47:48] Completed: Copying file /cs/Microsoft.VisualStudio.ProjectSystem.Managed.resources.dll to C:\Program Files (x86)\Microsoft Visual Studio\2017\Community\Common7\IDE\Extensions\hcd3gfkh.3ao\cs\Microsoft.VisualStudio.ProjectSystem.Managed.resources.dll
[0b00:0004][2017-10-17T09:47:48] Timestamp updated for file 'C:\Program Files (x86)\Microsoft Visual Studio\2017\Community\Common7\IDE\Extensions\hcd3gfkh.3ao\cs\Microsoft.VisualStudio.ProjectSystem.Managed.resources.dll'.
[0b00:0004][2017-10-17T09:47:48] Processing file /cs/Microsoft.VisualStudio.ProjectSystem.Managed.VS.resources.dll
[0b00:0004][2017-10-17T09:47:48] Started: Copying file /cs/Microsoft.VisualStudio.ProjectSystem.Managed.VS.resources.dll to C:\Program Files (x86)\Microsoft Visual Studio\2017\Community\Common7\IDE\Extensions\hcd3gfkh.3ao\cs\Microsoft.VisualStudio.ProjectSystem.Managed.VS.resources.dll
[0b00:0004][2017-10-17T09:47:48] Completed: Copying file /cs/Microsoft.VisualStudio.ProjectSystem.Managed.VS.resources.dll to C:\Program Files (x86)\Microsoft Visual Studio\2017\Community\Common7\IDE\Extensions\hcd3gfkh.3ao\cs\Microsoft.VisualStudio.ProjectSystem.Managed.VS.resources.dll
[0b00:0004][2017-10-17T09:47:48] Timestamp updated for file 'C:\Program Files (x86)\Microsoft Visual Studio\2017\Community\Common7\IDE\Extensions\hcd3gfkh.3ao\cs\Microsoft.VisualStudio.ProjectSystem.Managed.VS.resources.dll'.
[0b00:0004][2017-10-17T09:47:48] Processing file /cs/Microsoft.VisualStudio.ProjectSystem.VisualBasic.VS.resources.dll
[0b00:0004][2017-10-17T09:47:48] Started: Copying file /cs/Microsoft.VisualStudio.ProjectSystem.VisualBasic.VS.resources.dll to C:\Program Files (x86)\Microsoft Visual Studio\2017\Community\Common7\IDE\Extensions\hcd3gfkh.3ao\cs\Microsoft.VisualStudio.ProjectSystem.VisualBasic.VS.resources.dll
[0b00:0004][2017-10-17T09:47:48] Completed: Copying file /cs/Microsoft.VisualStudio.ProjectSystem.VisualBasic.VS.resources.dll to C:\Program Files (x86)\Microsoft Visual Studio\2017\Community\Common7\IDE\Extensions\hcd3gfkh.3ao\cs\Microsoft.VisualStudio.ProjectSystem.VisualBasic.VS.resources.dll
[0b00:0004][2017-10-17T09:47:48] Timestamp updated for file 'C:\Program Files (x86)\Microsoft Visual Studio\2017\Community\Common7\IDE\Extensions\hcd3gfkh.3ao\cs\Microsoft.VisualStudio.ProjectSystem.VisualBasic.VS.resources.dll'.
[0b00:0004][2017-10-17T09:47:48] Processing file /de/Microsoft.VisualStudio.ProjectSystem.CSharp.VS.resources.dll
[0b00:0004][2017-10-17T09:47:48] Started: Copying file /de/Microsoft.VisualStudio.ProjectSystem.CSharp.VS.resources.dll to C:\Program Files (x86)\Microsoft Visual Studio\2017\Community\Common7\IDE\Extensions\hcd3gfkh.3ao\de\Microsoft.VisualStudio.ProjectSystem.CSharp.VS.resources.dll
[0b00:0004][2017-10-17T09:47:48] Completed: Copying file /de/Microsoft.VisualStudio.ProjectSystem.CSharp.VS.resources.dll to C:\Program Files (x86)\Microsoft Visual Studio\2017\Community\Common7\IDE\Extensions\hcd3gfkh.3ao\de\Microsoft.VisualStudio.ProjectSystem.CSharp.VS.resources.dll
[0b00:0004][2017-10-17T09:47:48] Timestamp updated for file 'C:\Program Files (x86)\Microsoft Visual Studio\2017\Community\Common7\IDE\Extensions\hcd3gfkh.3ao\de\Microsoft.VisualStudio.ProjectSystem.CSharp.VS.resources.dll'.
[0b00:0004][2017-10-17T09:47:48] Processing file /de/Microsoft.VisualStudio.ProjectSystem.FSharp.VS.resources.dll
[0b00:0004][2017-10-17T09:47:48] Started: Copying file /de/Microsoft.VisualStudio.ProjectSystem.FSharp.VS.resources.dll to C:\Program Files (x86)\Microsoft Visual Studio\2017\Community\Common7\IDE\Extensions\hcd3gfkh.3ao\de\Microsoft.VisualStudio.ProjectSystem.FSharp.VS.resources.dll
[0b00:0004][2017-10-17T09:47:48] Completed: Copying file /de/Microsoft.VisualStudio.ProjectSystem.FSharp.VS.resources.dll to C:\Program Files (x86)\Microsoft Visual Studio\2017\Community\Common7\IDE\Extensions\hcd3gfkh.3ao\de\Microsoft.VisualStudio.ProjectSystem.FSharp.VS.resources.dll
[0b00:0004][2017-10-17T09:47:48] Timestamp updated for file 'C:\Program Files (x86)\Microsoft Visual Studio\2017\Community\Common7\IDE\Extensions\hcd3gfkh.3ao\de\Microsoft.VisualStudio.ProjectSystem.FSharp.VS.resources.dll'.
[0b00:0004][2017-10-17T09:47:48] Processing file /de/Microsoft.VisualStudio.ProjectSystem.Managed.resources.dll
[0b00:0004][2017-10-17T09:47:48] Started: Copying file /de/Microsoft.VisualStudio.ProjectSystem.Managed.resources.dll to C:\Program Files (x86)\Microsoft Visual Studio\2017\Community\Common7\IDE\Extensions\hcd3gfkh.3ao\de\Microsoft.VisualStudio.ProjectSystem.Managed.resources.dll
[0b00:0004][2017-10-17T09:47:48] Completed: Copying file /de/Microsoft.VisualStudio.ProjectSystem.Managed.resources.dll to C:\Program Files (x86)\Microsoft Visual Studio\2017\Community\Common7\IDE\Extensions\hcd3gfkh.3ao\de\Microsoft.VisualStudio.ProjectSystem.Managed.resources.dll
[0b00:0004][2017-10-17T09:47:48] Timestamp updated for file 'C:\Program Files (x86)\Microsoft Visual Studio\2017\Community\Common7\IDE\Extensions\hcd3gfkh.3ao\de\Microsoft.VisualStudio.ProjectSystem.Managed.resources.dll'.
[0b00:0004][2017-10-17T09:47:48] Processing file /de/Microsoft.VisualStudio.ProjectSystem.Managed.VS.resources.dll
[0b00:0004][2017-10-17T09:47:48] Started: Copying file /de/Microsoft.VisualStudio.ProjectSystem.Managed.VS.resources.dll to C:\Program Files (x86)\Microsoft Visual Studio\2017\Community\Common7\IDE\Extensions\hcd3gfkh.3ao\de\Microsoft.VisualStudio.ProjectSystem.Managed.VS.resources.dll
[0b00:0004][2017-10-17T09:47:48] Completed: Copying file /de/Microsoft.VisualStudio.ProjectSystem.Managed.VS.resources.dll to C:\Program Files (x86)\Microsoft Visual Studio\2017\Community\Common7\IDE\Extensions\hcd3gfkh.3ao\de\Microsoft.VisualStudio.ProjectSystem.Managed.VS.resources.dll
[0b00:0004][2017-10-17T09:47:48] Timestamp updated for file 'C:\Program Files (x86)\Microsoft Visual Studio\2017\Community\Common7\IDE\Extensions\hcd3gfkh.3ao\de\Microsoft.VisualStudio.ProjectSystem.Managed.VS.resources.dll'.
[0b00:0004][2017-10-17T09:47:48] Processing file /de/Microsoft.VisualStudio.ProjectSystem.VisualBasic.VS.resources.dll
[0b00:0004][2017-10-17T09:47:48] Started: Copying file /de/Microsoft.VisualStudio.ProjectSystem.VisualBasic.VS.resources.dll to C:\Program Files (x86)\Microsoft Visual Studio\2017\Community\Common7\IDE\Extensions\hcd3gfkh.3ao\de\Microsoft.VisualStudio.ProjectSystem.VisualBasic.VS.resources.dll
[0b00:0004][2017-10-17T09:47:48] Completed: Copying file /de/Microsoft.VisualStudio.ProjectSystem.VisualBasic.VS.resources.dll to C:\Program Files (x86)\Microsoft Visual Studio\2017\Community\Common7\IDE\Extensions\hcd3gfkh.3ao\de\Microsoft.VisualStudio.ProjectSystem.VisualBasic.VS.resources.dll
[0b00:0004][2017-10-17T09:47:48] Timestamp updated for file 'C:\Program Files (x86)\Microsoft Visual Studio\2017\Community\Common7\IDE\Extensions\hcd3gfkh.3ao\de\Microsoft.VisualStudio.ProjectSystem.VisualBasic.VS.resources.dll'.
[0b00:0004][2017-10-17T09:47:48] Processing file /es/Microsoft.VisualStudio.ProjectSystem.CSharp.VS.resources.dll
[0b00:0004][2017-10-17T09:47:48] Started: Copying file /es/Microsoft.VisualStudio.ProjectSystem.CSharp.VS.resources.dll to C:\Program Files (x86)\Microsoft Visual Studio\2017\Community\Common7\IDE\Extensions\hcd3gfkh.3ao\es\Microsoft.VisualStudio.ProjectSystem.CSharp.VS.resources.dll
[0b00:0004][2017-10-17T09:47:48] Completed: Copying file /es/Microsoft.VisualStudio.ProjectSystem.CSharp.VS.resources.dll to C:\Program Files (x86)\Microsoft Visual Studio\2017\Community\Common7\IDE\Extensions\hcd3gfkh.3ao\es\Microsoft.VisualStudio.ProjectSystem.CSharp.VS.resources.dll
[0b00:0004][2017-10-17T09:47:48] Timestamp updated for file 'C:\Program Files (x86)\Microsoft Visual Studio\2017\Community\Common7\IDE\Extensions\hcd3gfkh.3ao\es\Microsoft.VisualStudio.ProjectSystem.CSharp.VS.resources.dll'.
[0b00:0004][2017-10-17T09:47:48] Processing file /es/Microsoft.VisualStudio.ProjectSystem.FSharp.VS.resources.dll
[0b00:0004][2017-10-17T09:47:48] Started: Copying file /es/Microsoft.VisualStudio.ProjectSystem.FSharp.VS.resources.dll to C:\Program Files (x86)\Microsoft Visual Studio\2017\Community\Common7\IDE\Extensions\hcd3gfkh.3ao\es\Microsoft.VisualStudio.ProjectSystem.FSharp.VS.resources.dll
[0b00:0004][2017-10-17T09:47:48] Completed: Copying file /es/Microsoft.VisualStudio.ProjectSystem.FSharp.VS.resources.dll to C:\Program Files (x86)\Microsoft Visual Studio\2017\Community\Common7\IDE\Extensions\hcd3gfkh.3ao\es\Microsoft.VisualStudio.ProjectSystem.FSharp.VS.resources.dll
[0b00:0004][2017-10-17T09:47:48] Timestamp updated for file 'C:\Program Files (x86)\Microsoft Visual Studio\2017\Community\Common7\IDE\Extensions\hcd3gfkh.3ao\es\Microsoft.VisualStudio.ProjectSystem.FSharp.VS.resources.dll'.
[0b00:0004][2017-10-17T09:47:48] Processing file /es/Microsoft.VisualStudio.ProjectSystem.Managed.resources.dll
[0b00:0004][2017-10-17T09:47:48] Started: Copying file /es/Microsoft.VisualStudio.ProjectSystem.Managed.resources.dll to C:\Program Files (x86)\Microsoft Visual Studio\2017\Community\Common7\IDE\Extensions\hcd3gfkh.3ao\es\Microsoft.VisualStudio.ProjectSystem.Managed.resources.dll
[0b00:0004][2017-10-17T09:47:48] Completed: Copying file /es/Microsoft.VisualStudio.ProjectSystem.Managed.resources.dll to C:\Program Files (x86)\Microsoft Visual Studio\2017\Community\Common7\IDE\Extensions\hcd3gfkh.3ao\es\Microsoft.VisualStudio.ProjectSystem.Managed.resources.dll
[0b00:0004][2017-10-17T09:47:48] Timestamp updated for file 'C:\Program Files (x86)\Microsoft Visual Studio\2017\Community\Common7\IDE\Extensions\hcd3gfkh.3ao\es\Microsoft.VisualStudio.ProjectSystem.Managed.resources.dll'.
[0b00:0004][2017-10-17T09:47:48] Processing file /es/Microsoft.VisualStudio.ProjectSystem.Managed.VS.resources.dll
[0b00:0004][2017-10-17T09:47:48] Started: Copying file /es/Microsoft.VisualStudio.ProjectSystem.Managed.VS.resources.dll to C:\Program Files (x86)\Microsoft Visual Studio\2017\Community\Common7\IDE\Extensions\hcd3gfkh.3ao\es\Microsoft.VisualStudio.ProjectSystem.Managed.VS.resources.dll
[0b00:0004][2017-10-17T09:47:48] Completed: Copying file /es/Microsoft.VisualStudio.ProjectSystem.Managed.VS.resources.dll to C:\Program Files (x86)\Microsoft Visual Studio\2017\Community\Common7\IDE\Extensions\hcd3gfkh.3ao\es\Microsoft.VisualStudio.ProjectSystem.Managed.VS.resources.dll
[0b00:0004][2017-10-17T09:47:48] Timestamp updated for file 'C:\Program Files (x86)\Microsoft Visual Studio\2017\Community\Common7\IDE\Extensions\hcd3gfkh.3ao\es\Microsoft.VisualStudio.ProjectSystem.Managed.VS.resources.dll'.
[0b00:0004][2017-10-17T09:47:48] Processing file /es/Microsoft.VisualStudio.ProjectSystem.VisualBasic.VS.resources.dll
[0b00:0004][2017-10-17T09:47:48] Started: Copying file /es/Microsoft.VisualStudio.ProjectSystem.VisualBasic.VS.resources.dll to C:\Program Files (x86)\Microsoft Visual Studio\2017\Community\Common7\IDE\Extensions\hcd3gfkh.3ao\es\Microsoft.VisualStudio.ProjectSystem.VisualBasic.VS.resources.dll
[0b00:0004][2017-10-17T09:47:48] Completed: Copying file /es/Microsoft.VisualStudio.ProjectSystem.VisualBasic.VS.resources.dll to C:\Program Files (x86)\Microsoft Visual Studio\2017\Community\Common7\IDE\Extensions\hcd3gfkh.3ao\es\Microsoft.VisualStudio.ProjectSystem.VisualBasic.VS.resources.dll
[0b00:0004][2017-10-17T09:47:48] Timestamp updated for file 'C:\Program Files (x86)\Microsoft Visual Studio\2017\Community\Common7\IDE\Extensions\hcd3gfkh.3ao\es\Microsoft.VisualStudio.ProjectSystem.VisualBasic.VS.resources.dll'.
[0b00:0004][2017-10-17T09:47:48] Processing file /extension.vsixmanifest
[0b00:0004][2017-10-17T09:47:48] Started: Copying file /extension.vsixmanifest to C:\Program Files (x86)\Microsoft Visual Studio\2017\Community\Common7\IDE\Extensions\hcd3gfkh.3ao\extension.vsixmanifest
[0b00:0004][2017-10-17T09:47:48] Completed: Copying file /extension.vsixmanifest to C:\Program Files (x86)\Microsoft Visual Studio\2017\Community\Common7\IDE\Extensions\hcd3gfkh.3ao\extension.vsixmanifest
[0b00:0004][2017-10-17T09:47:48] Timestamp updated for file 'C:\Program Files (x86)\Microsoft Visual Studio\2017\Community\Common7\IDE\Extensions\hcd3gfkh.3ao\extension.vsixmanifest'.
[0b00:0004][2017-10-17T09:47:48] Processing file /fr/Microsoft.VisualStudio.ProjectSystem.CSharp.VS.resources.dll
[0b00:0004][2017-10-17T09:47:48] Started: Copying file /fr/Microsoft.VisualStudio.ProjectSystem.CSharp.VS.resources.dll to C:\Program Files (x86)\Microsoft Visual Studio\2017\Community\Common7\IDE\Extensions\hcd3gfkh.3ao\fr\Microsoft.VisualStudio.ProjectSystem.CSharp.VS.resources.dll
[0b00:0004][2017-10-17T09:47:48] Completed: Copying file /fr/Microsoft.VisualStudio.ProjectSystem.CSharp.VS.resources.dll to C:\Program Files (x86)\Microsoft Visual Studio\2017\Community\Common7\IDE\Extensions\hcd3gfkh.3ao\fr\Microsoft.VisualStudio.ProjectSystem.CSharp.VS.resources.dll
[0b00:0004][2017-10-17T09:47:48] Timestamp updated for file 'C:\Program Files (x86)\Microsoft Visual Studio\2017\Community\Common7\IDE\Extensions\hcd3gfkh.3ao\fr\Microsoft.VisualStudio.ProjectSystem.CSharp.VS.resources.dll'.
[0b00:0004][2017-10-17T09:47:48] Processing file /fr/Microsoft.VisualStudio.ProjectSystem.FSharp.VS.resources.dll
[0b00:0004][2017-10-17T09:47:48] Started: Copying file /fr/Microsoft.VisualStudio.ProjectSystem.FSharp.VS.resources.dll to C:\Program Files (x86)\Microsoft Visual Studio\2017\Community\Common7\IDE\Extensions\hcd3gfkh.3ao\fr\Microsoft.VisualStudio.ProjectSystem.FSharp.VS.resources.dll
[0b00:0004][2017-10-17T09:47:48] Completed: Copying file /fr/Microsoft.VisualStudio.ProjectSystem.FSharp.VS.resources.dll to C:\Program Files (x86)\Microsoft Visual Studio\2017\Community\Common7\IDE\Extensions\hcd3gfkh.3ao\fr\Microsoft.VisualStudio.ProjectSystem.FSharp.VS.resources.dll
[0b00:0004][2017-10-17T09:47:48] Timestamp updated for file 'C:\Program Files (x86)\Microsoft Visual Studio\2017\Community\Common7\IDE\Extensions\hcd3gfkh.3ao\fr\Microsoft.VisualStudio.ProjectSystem.FSharp.VS.resources.dll'.
[0b00:0004][2017-10-17T09:47:48] Processing file /fr/Microsoft.VisualStudio.ProjectSystem.Managed.resources.dll
[0b00:0004][2017-10-17T09:47:48] Started: Copying file /fr/Microsoft.VisualStudio.ProjectSystem.Managed.resources.dll to C:\Program Files (x86)\Microsoft Visual Studio\2017\Community\Common7\IDE\Extensions\hcd3gfkh.3ao\fr\Microsoft.VisualStudio.ProjectSystem.Managed.resources.dll
[0b00:0004][2017-10-17T09:47:48] Completed: Copying file /fr/Microsoft.VisualStudio.ProjectSystem.Managed.resources.dll to C:\Program Files (x86)\Microsoft Visual Studio\2017\Community\Common7\IDE\Extensions\hcd3gfkh.3ao\fr\Microsoft.VisualStudio.ProjectSystem.Managed.resources.dll
[0b00:0004][2017-10-17T09:47:48] Timestamp updated for file 'C:\Program Files (x86)\Microsoft Visual Studio\2017\Community\Common7\IDE\Extensions\hcd3gfkh.3ao\fr\Microsoft.VisualStudio.ProjectSystem.Managed.resources.dll'.
[0b00:0004][2017-10-17T09:47:48] Processing file /fr/Microsoft.VisualStudio.ProjectSystem.Managed.VS.resources.dll
[0b00:0004][2017-10-17T09:47:48] Started: Copying file /fr/Microsoft.VisualStudio.ProjectSystem.Managed.VS.resources.dll to C:\Program Files (x86)\Microsoft Visual Studio\2017\Community\Common7\IDE\Extensions\hcd3gfkh.3ao\fr\Microsoft.VisualStudio.ProjectSystem.Managed.VS.resources.dll
[0b00:0004][2017-10-17T09:47:48] Completed: Copying file /fr/Microsoft.VisualStudio.ProjectSystem.Managed.VS.resources.dll to C:\Program Files (x86)\Microsoft Visual Studio\2017\Community\Common7\IDE\Extensions\hcd3gfkh.3ao\fr\Microsoft.VisualStudio.ProjectSystem.Managed.VS.resources.dll
[0b00:0004][2017-10-17T09:47:48] Timestamp updated for file 'C:\Program Files (x86)\Microsoft Visual Studio\2017\Community\Common7\IDE\Extensions\hcd3gfkh.3ao\fr\Microsoft.VisualStudio.ProjectSystem.Managed.VS.resources.dll'.
[0b00:0004][2017-10-17T09:47:48] Processing file /fr/Microsoft.VisualStudio.ProjectSystem.VisualBasic.VS.resources.dll
[0b00:0004][2017-10-17T09:47:48] Started: Copying file /fr/Microsoft.VisualStudio.ProjectSystem.VisualBasic.VS.resources.dll to C:\Program Files (x86)\Microsoft Visual Studio\2017\Community\Common7\IDE\Extensions\hcd3gfkh.3ao\fr\Microsoft.VisualStudio.ProjectSystem.VisualBasic.VS.resources.dll
[0b00:0004][2017-10-17T09:47:48] Completed: Copying file /fr/Microsoft.VisualStudio.ProjectSystem.VisualBasic.VS.resources.dll to C:\Program Files (x86)\Microsoft Visual Studio\2017\Community\Common7\IDE\Extensions\hcd3gfkh.3ao\fr\Microsoft.VisualStudio.ProjectSystem.VisualBasic.VS.resources.dll
[0b00:0004][2017-10-17T09:47:48] Timestamp updated for file 'C:\Program Files (x86)\Microsoft Visual Studio\2017\Community\Common7\IDE\Extensions\hcd3gfkh.3ao\fr\Microsoft.VisualStudio.ProjectSystem.VisualBasic.VS.resources.dll'.
[0b00:0004][2017-10-17T09:47:48] Processing file /it/Microsoft.VisualStudio.ProjectSystem.CSharp.VS.resources.dll
[0b00:0004][2017-10-17T09:47:48] Started: Copying file /it/Microsoft.VisualStudio.ProjectSystem.CSharp.VS.resources.dll to C:\Program Files (x86)\Microsoft Visual Studio\2017\Community\Common7\IDE\Extensions\hcd3gfkh.3ao\it\Microsoft.VisualStudio.ProjectSystem.CSharp.VS.resources.dll
[0b00:0004][2017-10-17T09:47:48] Completed: Copying file /it/Microsoft.VisualStudio.ProjectSystem.CSharp.VS.resources.dll to C:\Program Files (x86)\Microsoft Visual Studio\2017\Community\Common7\IDE\Extensions\hcd3gfkh.3ao\it\Microsoft.VisualStudio.ProjectSystem.CSharp.VS.resources.dll
[0b00:0004][2017-10-17T09:47:48] Timestamp updated for file 'C:\Program Files (x86)\Microsoft Visual Studio\2017\Community\Common7\IDE\Extensions\hcd3gfkh.3ao\it\Microsoft.VisualStudio.ProjectSystem.CSharp.VS.resources.dll'.
[0b00:0004][2017-10-17T09:47:48] Processing file /it/Microsoft.VisualStudio.ProjectSystem.FSharp.VS.resources.dll
[0b00:0004][2017-10-17T09:47:48] Started: Copying file /it/Microsoft.VisualStudio.ProjectSystem.FSharp.VS.resources.dll to C:\Program Files (x86)\Microsoft Visual Studio\2017\Community\Common7\IDE\Extensions\hcd3gfkh.3ao\it\Microsoft.VisualStudio.ProjectSystem.FSharp.VS.resources.dll
[0b00:0004][2017-10-17T09:47:48] Completed: Copying file /it/Microsoft.VisualStudio.ProjectSystem.FSharp.VS.resources.dll to C:\Program Files (x86)\Microsoft Visual Studio\2017\Community\Common7\IDE\Extensions\hcd3gfkh.3ao\it\Microsoft.VisualStudio.ProjectSystem.FSharp.VS.resources.dll
[0b00:0004][2017-10-17T09:47:48] Timestamp updated for file 'C:\Program Files (x86)\Microsoft Visual Studio\2017\Community\Common7\IDE\Extensions\hcd3gfkh.3ao\it\Microsoft.VisualStudio.ProjectSystem.FSharp.VS.resources.dll'.
[0b00:0004][2017-10-17T09:47:48] Processing file /it/Microsoft.VisualStudio.ProjectSystem.Managed.resources.dll
[0b00:0004][2017-10-17T09:47:48] Started: Copying file /it/Microsoft.VisualStudio.ProjectSystem.Managed.resources.dll to C:\Program Files (x86)\Microsoft Visual Studio\2017\Community\Common7\IDE\Extensions\hcd3gfkh.3ao\it\Microsoft.VisualStudio.ProjectSystem.Managed.resources.dll
[0b00:0004][2017-10-17T09:47:48] Completed: Copying file /it/Microsoft.VisualStudio.ProjectSystem.Managed.resources.dll to C:\Program Files (x86)\Microsoft Visual Studio\2017\Community\Common7\IDE\Extensions\hcd3gfkh.3ao\it\Microsoft.VisualStudio.ProjectSystem.Managed.resources.dll
[0b00:0004][2017-10-17T09:47:48] Timestamp updated for file 'C:\Program Files (x86)\Microsoft Visual Studio\2017\Community\Common7\IDE\Extensions\hcd3gfkh.3ao\it\Microsoft.VisualStudio.ProjectSystem.Managed.resources.dll'.
[0b00:0004][2017-10-17T09:47:48] Processing file /it/Microsoft.VisualStudio.ProjectSystem.Managed.VS.resources.dll
[0b00:0004][2017-10-17T09:47:48] Started: Copying file /it/Microsoft.VisualStudio.ProjectSystem.Managed.VS.resources.dll to C:\Program Files (x86)\Microsoft Visual Studio\2017\Community\Common7\IDE\Extensions\hcd3gfkh.3ao\it\Microsoft.VisualStudio.ProjectSystem.Managed.VS.resources.dll
[0b00:0004][2017-10-17T09:47:48] Completed: Copying file /it/Microsoft.VisualStudio.ProjectSystem.Managed.VS.resources.dll to C:\Program Files (x86)\Microsoft Visual Studio\2017\Community\Common7\IDE\Extensions\hcd3gfkh.3ao\it\Microsoft.VisualStudio.ProjectSystem.Managed.VS.resources.dll
[0b00:0004][2017-10-17T09:47:48] Timestamp updated for file 'C:\Program Files (x86)\Microsoft Visual Studio\2017\Community\Common7\IDE\Extensions\hcd3gfkh.3ao\it\Microsoft.VisualStudio.ProjectSystem.Managed.VS.resources.dll'.
[0b00:0004][2017-10-17T09:47:48] Processing file /it/Microsoft.VisualStudio.ProjectSystem.VisualBasic.VS.resources.dll
[0b00:0004][2017-10-17T09:47:48] Started: Copying file /it/Microsoft.VisualStudio.ProjectSystem.VisualBasic.VS.resources.dll to C:\Program Files (x86)\Microsoft Visual Studio\2017\Community\Common7\IDE\Extensions\hcd3gfkh.3ao\it\Microsoft.VisualStudio.ProjectSystem.VisualBasic.VS.resources.dll
[0b00:0004][2017-10-17T09:47:48] Completed: Copying file /it/Microsoft.VisualStudio.ProjectSystem.VisualBasic.VS.resources.dll to C:\Program Files (x86)\Microsoft Visual Studio\2017\Community\Common7\IDE\Extensions\hcd3gfkh.3ao\it\Microsoft.VisualStudio.ProjectSystem.VisualBasic.VS.resources.dll
[0b00:0004][2017-10-17T09:47:48] Timestamp updated for file 'C:\Program Files (x86)\Microsoft Visual Studio\2017\Community\Common7\IDE\Extensions\hcd3gfkh.3ao\it\Microsoft.VisualStudio.ProjectSystem.VisualBasic.VS.resources.dll'.
[0b00:0004][2017-10-17T09:47:48] Processing file /ja/Microsoft.VisualStudio.ProjectSystem.CSharp.VS.resources.dll
[0b00:0004][2017-10-17T09:47:48] Started: Copying file /ja/Microsoft.VisualStudio.ProjectSystem.CSharp.VS.resources.dll to C:\Program Files (x86)\Microsoft Visual Studio\2017\Community\Common7\IDE\Extensions\hcd3gfkh.3ao\ja\Microsoft.VisualStudio.ProjectSystem.CSharp.VS.resources.dll
[0b00:0004][2017-10-17T09:47:48] Completed: Copying file /ja/Microsoft.VisualStudio.ProjectSystem.CSharp.VS.resources.dll to C:\Program Files (x86)\Microsoft Visual Studio\2017\Community\Common7\IDE\Extensions\hcd3gfkh.3ao\ja\Microsoft.VisualStudio.ProjectSystem.CSharp.VS.resources.dll
[0b00:0004][2017-10-17T09:47:48] Timestamp updated for file 'C:\Program Files (x86)\Microsoft Visual Studio\2017\Community\Common7\IDE\Extensions\hcd3gfkh.3ao\ja\Microsoft.VisualStudio.ProjectSystem.CSharp.VS.resources.dll'.
[0b00:0004][2017-10-17T09:47:48] Processing file /ja/Microsoft.VisualStudio.ProjectSystem.FSharp.VS.resources.dll
[0b00:0004][2017-10-17T09:47:48] Started: Copying file /ja/Microsoft.VisualStudio.ProjectSystem.FSharp.VS.resources.dll to C:\Program Files (x86)\Microsoft Visual Studio\2017\Community\Common7\IDE\Extensions\hcd3gfkh.3ao\ja\Microsoft.VisualStudio.ProjectSystem.FSharp.VS.resources.dll
[0b00:0004][2017-10-17T09:47:48] Completed: Copying file /ja/Microsoft.VisualStudio.ProjectSystem.FSharp.VS.resources.dll to C:\Program Files (x86)\Microsoft Visual Studio\2017\Community\Common7\IDE\Extensions\hcd3gfkh.3ao\ja\Microsoft.VisualStudio.ProjectSystem.FSharp.VS.resources.dll
[0b00:0004][2017-10-17T09:47:48] Timestamp updated for file 'C:\Program Files (x86)\Microsoft Visual Studio\2017\Community\Common7\IDE\Extensions\hcd3gfkh.3ao\ja\Microsoft.VisualStudio.ProjectSystem.FSharp.VS.resources.dll'.
[0b00:0004][2017-10-17T09:47:48] Processing file /ja/Microsoft.VisualStudio.ProjectSystem.Managed.resources.dll
[0b00:0004][2017-10-17T09:47:48] Started: Copying file /ja/Microsoft.VisualStudio.ProjectSystem.Managed.resources.dll to C:\Program Files (x86)\Microsoft Visual Studio\2017\Community\Common7\IDE\Extensions\hcd3gfkh.3ao\ja\Microsoft.VisualStudio.ProjectSystem.Managed.resources.dll
[0b00:0004][2017-10-17T09:47:48] Completed: Copying file /ja/Microsoft.VisualStudio.ProjectSystem.Managed.resources.dll to C:\Program Files (x86)\Microsoft Visual Studio\2017\Community\Common7\IDE\Extensions\hcd3gfkh.3ao\ja\Microsoft.VisualStudio.ProjectSystem.Managed.resources.dll
[0b00:0004][2017-10-17T09:47:48] Timestamp updated for file 'C:\Program Files (x86)\Microsoft Visual Studio\2017\Community\Common7\IDE\Extensions\hcd3gfkh.3ao\ja\Microsoft.VisualStudio.ProjectSystem.Managed.resources.dll'.
[0b00:0004][2017-10-17T09:47:48] Processing file /ja/Microsoft.VisualStudio.ProjectSystem.Managed.VS.resources.dll
[0b00:0004][2017-10-17T09:47:48] Started: Copying file /ja/Microsoft.VisualStudio.ProjectSystem.Managed.VS.resources.dll to C:\Program Files (x86)\Microsoft Visual Studio\2017\Community\Common7\IDE\Extensions\hcd3gfkh.3ao\ja\Microsoft.VisualStudio.ProjectSystem.Managed.VS.resources.dll
[0b00:0004][2017-10-17T09:47:48] Completed: Copying file /ja/Microsoft.VisualStudio.ProjectSystem.Managed.VS.resources.dll to C:\Program Files (x86)\Microsoft Visual Studio\2017\Community\Common7\IDE\Extensions\hcd3gfkh.3ao\ja\Microsoft.VisualStudio.ProjectSystem.Managed.VS.resources.dll
[0b00:0004][2017-10-17T09:47:48] Timestamp updated for file 'C:\Program Files (x86)\Microsoft Visual Studio\2017\Community\Common7\IDE\Extensions\hcd3gfkh.3ao\ja\Microsoft.VisualStudio.ProjectSystem.Managed.VS.resources.dll'.
[0b00:0004][2017-10-17T09:47:48] Processing file /ja/Microsoft.VisualStudio.ProjectSystem.VisualBasic.VS.resources.dll
[0b00:0004][2017-10-17T09:47:48] Started: Copying file /ja/Microsoft.VisualStudio.ProjectSystem.VisualBasic.VS.resources.dll to C:\Program Files (x86)\Microsoft Visual Studio\2017\Community\Common7\IDE\Extensions\hcd3gfkh.3ao\ja\Microsoft.VisualStudio.ProjectSystem.VisualBasic.VS.resources.dll
[0b00:0004][2017-10-17T09:47:48] Completed: Copying file /ja/Microsoft.VisualStudio.ProjectSystem.VisualBasic.VS.resources.dll to C:\Program Files (x86)\Microsoft Visual Studio\2017\Community\Common7\IDE\Extensions\hcd3gfkh.3ao\ja\Microsoft.VisualStudio.ProjectSystem.VisualBasic.VS.resources.dll
[0b00:0004][2017-10-17T09:47:48] Timestamp updated for file 'C:\Program Files (x86)\Microsoft Visual Studio\2017\Community\Common7\IDE\Extensions\hcd3gfkh.3ao\ja\Microsoft.VisualStudio.ProjectSystem.VisualBasic.VS.resources.dll'.
[0b00:0004][2017-10-17T09:47:48] Processing file /ko/Microsoft.VisualStudio.ProjectSystem.CSharp.VS.resources.dll
[0b00:0004][2017-10-17T09:47:48] Started: Copying file /ko/Microsoft.VisualStudio.ProjectSystem.CSharp.VS.resources.dll to C:\Program Files (x86)\Microsoft Visual Studio\2017\Community\Common7\IDE\Extensions\hcd3gfkh.3ao\ko\Microsoft.VisualStudio.ProjectSystem.CSharp.VS.resources.dll
[0b00:0004][2017-10-17T09:47:48] Completed: Copying file /ko/Microsoft.VisualStudio.ProjectSystem.CSharp.VS.resources.dll to C:\Program Files (x86)\Microsoft Visual Studio\2017\Community\Common7\IDE\Extensions\hcd3gfkh.3ao\ko\Microsoft.VisualStudio.ProjectSystem.CSharp.VS.resources.dll
[0b00:0004][2017-10-17T09:47:48] Timestamp updated for file 'C:\Program Files (x86)\Microsoft Visual Studio\2017\Community\Common7\IDE\Extensions\hcd3gfkh.3ao\ko\Microsoft.VisualStudio.ProjectSystem.CSharp.VS.resources.dll'.
[0b00:0004][2017-10-17T09:47:48] Processing file /ko/Microsoft.VisualStudio.ProjectSystem.FSharp.VS.resources.dll
[0b00:0004][2017-10-17T09:47:48] Started: Copying file /ko/Microsoft.VisualStudio.ProjectSystem.FSharp.VS.resources.dll to C:\Program Files (x86)\Microsoft Visual Studio\2017\Community\Common7\IDE\Extensions\hcd3gfkh.3ao\ko\Microsoft.VisualStudio.ProjectSystem.FSharp.VS.resources.dll
[0b00:0004][2017-10-17T09:47:48] Completed: Copying file /ko/Microsoft.VisualStudio.ProjectSystem.FSharp.VS.resources.dll to C:\Program Files (x86)\Microsoft Visual Studio\2017\Community\Common7\IDE\Extensions\hcd3gfkh.3ao\ko\Microsoft.VisualStudio.ProjectSystem.FSharp.VS.resources.dll
[0b00:0004][2017-10-17T09:47:48] Timestamp updated for file 'C:\Program Files (x86)\Microsoft Visual Studio\2017\Community\Common7\IDE\Extensions\hcd3gfkh.3ao\ko\Microsoft.VisualStudio.ProjectSystem.FSharp.VS.resources.dll'.
[0b00:0004][2017-10-17T09:47:48] Processing file /ko/Microsoft.VisualStudio.ProjectSystem.Managed.resources.dll
[0b00:0004][2017-10-17T09:47:48] Started: Copying file /ko/Microsoft.VisualStudio.ProjectSystem.Managed.resources.dll to C:\Program Files (x86)\Microsoft Visual Studio\2017\Community\Common7\IDE\Extensions\hcd3gfkh.3ao\ko\Microsoft.VisualStudio.ProjectSystem.Managed.resources.dll
[0b00:0004][2017-10-17T09:47:48] Completed: Copying file /ko/Microsoft.VisualStudio.ProjectSystem.Managed.resources.dll to C:\Program Files (x86)\Microsoft Visual Studio\2017\Community\Common7\IDE\Extensions\hcd3gfkh.3ao\ko\Microsoft.VisualStudio.ProjectSystem.Managed.resources.dll
[0b00:0004][2017-10-17T09:47:48] Timestamp updated for file 'C:\Program Files (x86)\Microsoft Visual Studio\2017\Community\Common7\IDE\Extensions\hcd3gfkh.3ao\ko\Microsoft.VisualStudio.ProjectSystem.Managed.resources.dll'.
[0b00:0004][2017-10-17T09:47:48] Processing file /ko/Microsoft.VisualStudio.ProjectSystem.Managed.VS.resources.dll
[0b00:0004][2017-10-17T09:47:48] Started: Copying file /ko/Microsoft.VisualStudio.ProjectSystem.Managed.VS.resources.dll to C:\Program Files (x86)\Microsoft Visual Studio\2017\Community\Common7\IDE\Extensions\hcd3gfkh.3ao\ko\Microsoft.VisualStudio.ProjectSystem.Managed.VS.resources.dll
[0b00:0004][2017-10-17T09:47:48] Completed: Copying file /ko/Microsoft.VisualStudio.ProjectSystem.Managed.VS.resources.dll to C:\Program Files (x86)\Microsoft Visual Studio\2017\Community\Common7\IDE\Extensions\hcd3gfkh.3ao\ko\Microsoft.VisualStudio.ProjectSystem.Managed.VS.resources.dll
[0b00:0004][2017-10-17T09:47:48] Timestamp updated for file 'C:\Program Files (x86)\Microsoft Visual Studio\2017\Community\Common7\IDE\Extensions\hcd3gfkh.3ao\ko\Microsoft.VisualStudio.ProjectSystem.Managed.VS.resources.dll'.
[0b00:0004][2017-10-17T09:47:48] Processing file /ko/Microsoft.VisualStudio.ProjectSystem.VisualBasic.VS.resources.dll
[0b00:0004][2017-10-17T09:47:48] Started: Copying file /ko/Microsoft.VisualStudio.ProjectSystem.VisualBasic.VS.resources.dll to C:\Program Files (x86)\Microsoft Visual Studio\2017\Community\Common7\IDE\Extensions\hcd3gfkh.3ao\ko\Microsoft.VisualStudio.ProjectSystem.VisualBasic.VS.resources.dll
[0b00:0004][2017-10-17T09:47:48] Completed: Copying file /ko/Microsoft.VisualStudio.ProjectSystem.VisualBasic.VS.resources.dll to C:\Program Files (x86)\Microsoft Visual Studio\2017\Community\Common7\IDE\Extensions\hcd3gfkh.3ao\ko\Microsoft.VisualStudio.ProjectSystem.VisualBasic.VS.resources.dll
[0b00:0004][2017-10-17T09:47:48] Timestamp updated for file 'C:\Program Files (x86)\Microsoft Visual Studio\2017\Community\Common7\IDE\Extensions\hcd3gfkh.3ao\ko\Microsoft.VisualStudio.ProjectSystem.VisualBasic.VS.resources.dll'.
[0b00:0004][2017-10-17T09:47:48] Processing file /ManagedImages.imagemanifest
[0b00:0004][2017-10-17T09:47:48] Started: Copying file /ManagedImages.imagemanifest to C:\Program Files (x86)\Microsoft Visual Studio\2017\Community\Common7\IDE\Extensions\hcd3gfkh.3ao\ManagedImages.imagemanifest
[0b00:0004][2017-10-17T09:47:48] Completed: Copying file /ManagedImages.imagemanifest to C:\Program Files (x86)\Microsoft Visual Studio\2017\Community\Common7\IDE\Extensions\hcd3gfkh.3ao\ManagedImages.imagemanifest
[0b00:0004][2017-10-17T09:47:48] Timestamp updated for file 'C:\Program Files (x86)\Microsoft Visual Studio\2017\Community\Common7\IDE\Extensions\hcd3gfkh.3ao\ManagedImages.imagemanifest'.
[0b00:0004][2017-10-17T09:47:48] Processing file /manifest.json
[0b00:0004][2017-10-17T09:47:48] Started: Copying file /manifest.json to C:\Program Files (x86)\Microsoft Visual Studio\2017\Community\Common7\IDE\Extensions\hcd3gfkh.3ao\manifest.json
[0b00:0004][2017-10-17T09:47:48] Completed: Copying file /manifest.json to C:\Program Files (x86)\Microsoft Visual Studio\2017\Community\Common7\IDE\Extensions\hcd3gfkh.3ao\manifest.json
[0b00:0004][2017-10-17T09:47:48] Timestamp updated for file 'C:\Program Files (x86)\Microsoft Visual Studio\2017\Community\Common7\IDE\Extensions\hcd3gfkh.3ao\manifest.json'.
[0b00:0004][2017-10-17T09:47:48] Processing file /Microsoft.VisualStudio.ProjectSystem.CSharp.dll
[0b00:0004][2017-10-17T09:47:48] Started: Copying file /Microsoft.VisualStudio.ProjectSystem.CSharp.dll to C:\Program Files (x86)\Microsoft Visual Studio\2017\Community\Common7\IDE\Extensions\hcd3gfkh.3ao\Microsoft.VisualStudio.ProjectSystem.CSharp.dll
[0b00:0004][2017-10-17T09:47:48] Completed: Copying file /Microsoft.VisualStudio.ProjectSystem.CSharp.dll to C:\Program Files (x86)\Microsoft Visual Studio\2017\Community\Common7\IDE\Extensions\hcd3gfkh.3ao\Microsoft.VisualStudio.ProjectSystem.CSharp.dll
[0b00:0004][2017-10-17T09:47:48] Timestamp updated for file 'C:\Program Files (x86)\Microsoft Visual Studio\2017\Community\Common7\IDE\Extensions\hcd3gfkh.3ao\Microsoft.VisualStudio.ProjectSystem.CSharp.dll'.
[0b00:0004][2017-10-17T09:47:48] Processing file /Microsoft.VisualStudio.ProjectSystem.CSharp.VS.dll
[0b00:0004][2017-10-17T09:47:48] Started: Copying file /Microsoft.VisualStudio.ProjectSystem.CSharp.VS.dll to C:\Program Files (x86)\Microsoft Visual Studio\2017\Community\Common7\IDE\Extensions\hcd3gfkh.3ao\Microsoft.VisualStudio.ProjectSystem.CSharp.VS.dll
[0b00:0004][2017-10-17T09:47:48] Completed: Copying file /Microsoft.VisualStudio.ProjectSystem.CSharp.VS.dll to C:\Program Files (x86)\Microsoft Visual Studio\2017\Community\Common7\IDE\Extensions\hcd3gfkh.3ao\Microsoft.VisualStudio.ProjectSystem.CSharp.VS.dll
[0b00:0004][2017-10-17T09:47:48] Timestamp updated for file 'C:\Program Files (x86)\Microsoft Visual Studio\2017\Community\Common7\IDE\Extensions\hcd3gfkh.3ao\Microsoft.VisualStudio.ProjectSystem.CSharp.VS.dll'.
[0b00:0004][2017-10-17T09:47:48] Processing file /Microsoft.VisualStudio.ProjectSystem.CSharp.VS.pkgdef
[0b00:0004][2017-10-17T09:47:48] Started: Copying file /Microsoft.VisualStudio.ProjectSystem.CSharp.VS.pkgdef to C:\Program Files (x86)\Microsoft Visual Studio\2017\Community\Common7\IDE\Extensions\hcd3gfkh.3ao\Microsoft.VisualStudio.ProjectSystem.CSharp.VS.pkgdef
[0b00:0004][2017-10-17T09:47:48] Completed: Copying file /Microsoft.VisualStudio.ProjectSystem.CSharp.VS.pkgdef to C:\Program Files (x86)\Microsoft Visual Studio\2017\Community\Common7\IDE\Extensions\hcd3gfkh.3ao\Microsoft.VisualStudio.ProjectSystem.CSharp.VS.pkgdef
[0b00:0004][2017-10-17T09:47:48] Timestamp updated for file 'C:\Program Files (x86)\Microsoft Visual Studio\2017\Community\Common7\IDE\Extensions\hcd3gfkh.3ao\Microsoft.VisualStudio.ProjectSystem.CSharp.VS.pkgdef'.
[0b00:0004][2017-10-17T09:47:48] Processing file /Microsoft.VisualStudio.ProjectSystem.FSharp.dll
[0b00:0004][2017-10-17T09:47:48] Started: Copying file /Microsoft.VisualStudio.ProjectSystem.FSharp.dll to C:\Program Files (x86)\Microsoft Visual Studio\2017\Community\Common7\IDE\Extensions\hcd3gfkh.3ao\Microsoft.VisualStudio.ProjectSystem.FSharp.dll
[0b00:0004][2017-10-17T09:47:48] Completed: Copying file /Microsoft.VisualStudio.ProjectSystem.FSharp.dll to C:\Program Files (x86)\Microsoft Visual Studio\2017\Community\Common7\IDE\Extensions\hcd3gfkh.3ao\Microsoft.VisualStudio.ProjectSystem.FSharp.dll
[0b00:0004][2017-10-17T09:47:48] Timestamp updated for file 'C:\Program Files (x86)\Microsoft Visual Studio\2017\Community\Common7\IDE\Extensions\hcd3gfkh.3ao\Microsoft.VisualStudio.ProjectSystem.FSharp.dll'.
[0b00:0004][2017-10-17T09:47:48] Processing file /Microsoft.VisualStudio.ProjectSystem.FSharp.VS.dll
[0b00:0004][2017-10-17T09:47:48] Started: Copying file /Microsoft.VisualStudio.ProjectSystem.FSharp.VS.dll to C:\Program Files (x86)\Microsoft Visual Studio\2017\Community\Common7\IDE\Extensions\hcd3gfkh.3ao\Microsoft.VisualStudio.ProjectSystem.FSharp.VS.dll
[0b00:0004][2017-10-17T09:47:48] Completed: Copying file /Microsoft.VisualStudio.ProjectSystem.FSharp.VS.dll to C:\Program Files (x86)\Microsoft Visual Studio\2017\Community\Common7\IDE\Extensions\hcd3gfkh.3ao\Microsoft.VisualStudio.ProjectSystem.FSharp.VS.dll
[0b00:0004][2017-10-17T09:47:48] Timestamp updated for file 'C:\Program Files (x86)\Microsoft Visual Studio\2017\Community\Common7\IDE\Extensions\hcd3gfkh.3ao\Microsoft.VisualStudio.ProjectSystem.FSharp.VS.dll'.
[0b00:0004][2017-10-17T09:47:48] Processing file /Microsoft.VisualStudio.ProjectSystem.FSharp.VS.pkgdef
[0b00:0004][2017-10-17T09:47:48] Started: Copying file /Microsoft.VisualStudio.ProjectSystem.FSharp.VS.pkgdef to C:\Program Files (x86)\Microsoft Visual Studio\2017\Community\Common7\IDE\Extensions\hcd3gfkh.3ao\Microsoft.VisualStudio.ProjectSystem.FSharp.VS.pkgdef
[0b00:0004][2017-10-17T09:47:48] Completed: Copying file /Microsoft.VisualStudio.ProjectSystem.FSharp.VS.pkgdef to C:\Program Files (x86)\Microsoft Visual Studio\2017\Community\Common7\IDE\Extensions\hcd3gfkh.3ao\Microsoft.VisualStudio.ProjectSystem.FSharp.VS.pkgdef
[0b00:0004][2017-10-17T09:47:48] Timestamp updated for file 'C:\Program Files (x86)\Microsoft Visual Studio\2017\Community\Common7\IDE\Extensions\hcd3gfkh.3ao\Microsoft.VisualStudio.ProjectSystem.FSharp.VS.pkgdef'.
[0b00:0004][2017-10-17T09:47:48] Processing file /Microsoft.VisualStudio.ProjectSystem.Managed.dll
[0b00:0004][2017-10-17T09:47:48] Started: Copying file /Microsoft.VisualStudio.ProjectSystem.Managed.dll to C:\Program Files (x86)\Microsoft Visual Studio\2017\Community\Common7\IDE\Extensions\hcd3gfkh.3ao\Microsoft.VisualStudio.ProjectSystem.Managed.dll
[0b00:0004][2017-10-17T09:47:48] Completed: Copying file /Microsoft.VisualStudio.ProjectSystem.Managed.dll to C:\Program Files (x86)\Microsoft Visual Studio\2017\Community\Common7\IDE\Extensions\hcd3gfkh.3ao\Microsoft.VisualStudio.ProjectSystem.Managed.dll
[0b00:0004][2017-10-17T09:47:48] Timestamp updated for file 'C:\Program Files (x86)\Microsoft Visual Studio\2017\Community\Common7\IDE\Extensions\hcd3gfkh.3ao\Microsoft.VisualStudio.ProjectSystem.Managed.dll'.
[0b00:0004][2017-10-17T09:47:48] Processing file /Microsoft.VisualStudio.ProjectSystem.Managed.VS.dll
[0b00:0004][2017-10-17T09:47:48] Started: Copying file /Microsoft.VisualStudio.ProjectSystem.Managed.VS.dll to C:\Program Files (x86)\Microsoft Visual Studio\2017\Community\Common7\IDE\Extensions\hcd3gfkh.3ao\Microsoft.VisualStudio.ProjectSystem.Managed.VS.dll
[0b00:0004][2017-10-17T09:47:48] Completed: Copying file /Microsoft.VisualStudio.ProjectSystem.Managed.VS.dll to C:\Program Files (x86)\Microsoft Visual Studio\2017\Community\Common7\IDE\Extensions\hcd3gfkh.3ao\Microsoft.VisualStudio.ProjectSystem.Managed.VS.dll
[0b00:0004][2017-10-17T09:47:48] Timestamp updated for file 'C:\Program Files (x86)\Microsoft Visual Studio\2017\Community\Common7\IDE\Extensions\hcd3gfkh.3ao\Microsoft.VisualStudio.ProjectSystem.Managed.VS.dll'.
[0b00:0004][2017-10-17T09:47:48] Processing file /Microsoft.VisualStudio.ProjectSystem.Managed.VS.pkgdef
[0b00:0004][2017-10-17T09:47:48] Started: Copying file /Microsoft.VisualStudio.ProjectSystem.Managed.VS.pkgdef to C:\Program Files (x86)\Microsoft Visual Studio\2017\Community\Common7\IDE\Extensions\hcd3gfkh.3ao\Microsoft.VisualStudio.ProjectSystem.Managed.VS.pkgdef
[0b00:0004][2017-10-17T09:47:48] Completed: Copying file /Microsoft.VisualStudio.ProjectSystem.Managed.VS.pkgdef to C:\Program Files (x86)\Microsoft Visual Studio\2017\Community\Common7\IDE\Extensions\hcd3gfkh.3ao\Microsoft.VisualStudio.ProjectSystem.Managed.VS.pkgdef
[0b00:0004][2017-10-17T09:47:48] Timestamp updated for file 'C:\Program Files (x86)\Microsoft Visual Studio\2017\Community\Common7\IDE\Extensions\hcd3gfkh.3ao\Microsoft.VisualStudio.ProjectSystem.Managed.VS.pkgdef'.
[0b00:0004][2017-10-17T09:47:48] Processing file /Microsoft.VisualStudio.ProjectSystem.VisualBasic.dll
[0b00:0004][2017-10-17T09:47:48] Started: Copying file /Microsoft.VisualStudio.ProjectSystem.VisualBasic.dll to C:\Program Files (x86)\Microsoft Visual Studio\2017\Community\Common7\IDE\Extensions\hcd3gfkh.3ao\Microsoft.VisualStudio.ProjectSystem.VisualBasic.dll
[0b00:0004][2017-10-17T09:47:48] Completed: Copying file /Microsoft.VisualStudio.ProjectSystem.VisualBasic.dll to C:\Program Files (x86)\Microsoft Visual Studio\2017\Community\Common7\IDE\Extensions\hcd3gfkh.3ao\Microsoft.VisualStudio.ProjectSystem.VisualBasic.dll
[0b00:0004][2017-10-17T09:47:48] Timestamp updated for file 'C:\Program Files (x86)\Microsoft Visual Studio\2017\Community\Common7\IDE\Extensions\hcd3gfkh.3ao\Microsoft.VisualStudio.ProjectSystem.VisualBasic.dll'.
[0b00:0004][2017-10-17T09:47:48] Processing file /Microsoft.VisualStudio.ProjectSystem.VisualBasic.VS.dll
[0b00:0004][2017-10-17T09:47:48] Started: Copying file /Microsoft.VisualStudio.ProjectSystem.VisualBasic.VS.dll to C:\Program Files (x86)\Microsoft Visual Studio\2017\Community\Common7\IDE\Extensions\hcd3gfkh.3ao\Microsoft.VisualStudio.ProjectSystem.VisualBasic.VS.dll
[0b00:0004][2017-10-17T09:47:48] Completed: Copying file /Microsoft.VisualStudio.ProjectSystem.VisualBasic.VS.dll to C:\Program Files (x86)\Microsoft Visual Studio\2017\Community\Common7\IDE\Extensions\hcd3gfkh.3ao\Microsoft.VisualStudio.ProjectSystem.VisualBasic.VS.dll
[0b00:0004][2017-10-17T09:47:48] Timestamp updated for file 'C:\Program Files (x86)\Microsoft Visual Studio\2017\Community\Common7\IDE\Extensions\hcd3gfkh.3ao\Microsoft.VisualStudio.ProjectSystem.VisualBasic.VS.dll'.
[0b00:0004][2017-10-17T09:47:48] Processing file /Microsoft.VisualStudio.ProjectSystem.VisualBasic.VS.pkgdef
[0b00:0004][2017-10-17T09:47:48] Started: Copying file /Microsoft.VisualStudio.ProjectSystem.VisualBasic.VS.pkgdef to C:\Program Files (x86)\Microsoft Visual Studio\2017\Community\Common7\IDE\Extensions\hcd3gfkh.3ao\Microsoft.VisualStudio.ProjectSystem.VisualBasic.VS.pkgdef
[0b00:0004][2017-10-17T09:47:48] Completed: Copying file /Microsoft.VisualStudio.ProjectSystem.VisualBasic.VS.pkgdef to C:\Program Files (x86)\Microsoft Visual Studio\2017\Community\Common7\IDE\Extensions\hcd3gfkh.3ao\Microsoft.VisualStudio.ProjectSystem.VisualBasic.VS.pkgdef
[0b00:0004][2017-10-17T09:47:48] Timestamp updated for file 'C:\Program Files (x86)\Microsoft Visual Studio\2017\Community\Common7\IDE\Extensions\hcd3gfkh.3ao\Microsoft.VisualStudio.ProjectSystem.VisualBasic.VS.pkgdef'.
[0b00:0004][2017-10-17T09:47:48] Processing file /pl/Microsoft.VisualStudio.ProjectSystem.CSharp.VS.resources.dll
[0b00:0004][2017-10-17T09:47:48] Started: Copying file /pl/Microsoft.VisualStudio.ProjectSystem.CSharp.VS.resources.dll to C:\Program Files (x86)\Microsoft Visual Studio\2017\Community\Common7\IDE\Extensions\hcd3gfkh.3ao\pl\Microsoft.VisualStudio.ProjectSystem.CSharp.VS.resources.dll
[0b00:0004][2017-10-17T09:47:48] Completed: Copying file /pl/Microsoft.VisualStudio.ProjectSystem.CSharp.VS.resources.dll to C:\Program Files (x86)\Microsoft Visual Studio\2017\Community\Common7\IDE\Extensions\hcd3gfkh.3ao\pl\Microsoft.VisualStudio.ProjectSystem.CSharp.VS.resources.dll
[0b00:0004][2017-10-17T09:47:48] Timestamp updated for file 'C:\Program Files (x86)\Microsoft Visual Studio\2017\Community\Common7\IDE\Extensions\hcd3gfkh.3ao\pl\Microsoft.VisualStudio.ProjectSystem.CSharp.VS.resources.dll'.
[0b00:0004][2017-10-17T09:47:48] Processing file /pl/Microsoft.VisualStudio.ProjectSystem.FSharp.VS.resources.dll
[0b00:0004][2017-10-17T09:47:48] Started: Copying file /pl/Microsoft.VisualStudio.ProjectSystem.FSharp.VS.resources.dll to C:\Program Files (x86)\Microsoft Visual Studio\2017\Community\Common7\IDE\Extensions\hcd3gfkh.3ao\pl\Microsoft.VisualStudio.ProjectSystem.FSharp.VS.resources.dll
[0b00:0004][2017-10-17T09:47:48] Completed: Copying file /pl/Microsoft.VisualStudio.ProjectSystem.FSharp.VS.resources.dll to C:\Program Files (x86)\Microsoft Visual Studio\2017\Community\Common7\IDE\Extensions\hcd3gfkh.3ao\pl\Microsoft.VisualStudio.ProjectSystem.FSharp.VS.resources.dll
[0b00:0004][2017-10-17T09:47:48] Timestamp updated for file 'C:\Program Files (x86)\Microsoft Visual Studio\2017\Community\Common7\IDE\Extensions\hcd3gfkh.3ao\pl\Microsoft.VisualStudio.ProjectSystem.FSharp.VS.resources.dll'.
[0b00:0004][2017-10-17T09:47:48] Processing file /pl/Microsoft.VisualStudio.ProjectSystem.Managed.resources.dll
[0b00:0004][2017-10-17T09:47:48] Started: Copying file /pl/Microsoft.VisualStudio.ProjectSystem.Managed.resources.dll to C:\Program Files (x86)\Microsoft Visual Studio\2017\Community\Common7\IDE\Extensions\hcd3gfkh.3ao\pl\Microsoft.VisualStudio.ProjectSystem.Managed.resources.dll
[0b00:0004][2017-10-17T09:47:48] Completed: Copying file /pl/Microsoft.VisualStudio.ProjectSystem.Managed.resources.dll to C:\Program Files (x86)\Microsoft Visual Studio\2017\Community\Common7\IDE\Extensions\hcd3gfkh.3ao\pl\Microsoft.VisualStudio.ProjectSystem.Managed.resources.dll
[0b00:0004][2017-10-17T09:47:48] Timestamp updated for file 'C:\Program Files (x86)\Microsoft Visual Studio\2017\Community\Common7\IDE\Extensions\hcd3gfkh.3ao\pl\Microsoft.VisualStudio.ProjectSystem.Managed.resources.dll'.
[0b00:0004][2017-10-17T09:47:48] Processing file /pl/Microsoft.VisualStudio.ProjectSystem.Managed.VS.resources.dll
[0b00:0004][2017-10-17T09:47:48] Started: Copying file /pl/Microsoft.VisualStudio.ProjectSystem.Managed.VS.resources.dll to C:\Program Files (x86)\Microsoft Visual Studio\2017\Community\Common7\IDE\Extensions\hcd3gfkh.3ao\pl\Microsoft.VisualStudio.ProjectSystem.Managed.VS.resources.dll
[0b00:0004][2017-10-17T09:47:48] Completed: Copying file /pl/Microsoft.VisualStudio.ProjectSystem.Managed.VS.resources.dll to C:\Program Files (x86)\Microsoft Visual Studio\2017\Community\Common7\IDE\Extensions\hcd3gfkh.3ao\pl\Microsoft.VisualStudio.ProjectSystem.Managed.VS.resources.dll
[0b00:0004][2017-10-17T09:47:48] Timestamp updated for file 'C:\Program Files (x86)\Microsoft Visual Studio\2017\Community\Common7\IDE\Extensions\hcd3gfkh.3ao\pl\Microsoft.VisualStudio.ProjectSystem.Managed.VS.resources.dll'.
[0b00:0004][2017-10-17T09:47:48] Processing file /pl/Microsoft.VisualStudio.ProjectSystem.VisualBasic.VS.resources.dll
[0b00:0004][2017-10-17T09:47:48] Started: Copying file /pl/Microsoft.VisualStudio.ProjectSystem.VisualBasic.VS.resources.dll to C:\Program Files (x86)\Microsoft Visual Studio\2017\Community\Common7\IDE\Extensions\hcd3gfkh.3ao\pl\Microsoft.VisualStudio.ProjectSystem.VisualBasic.VS.resources.dll
[0b00:0004][2017-10-17T09:47:48] Completed: Copying file /pl/Microsoft.VisualStudio.ProjectSystem.VisualBasic.VS.resources.dll to C:\Program Files (x86)\Microsoft Visual Studio\2017\Community\Common7\IDE\Extensions\hcd3gfkh.3ao\pl\Microsoft.VisualStudio.ProjectSystem.VisualBasic.VS.resources.dll
[0b00:0004][2017-10-17T09:47:48] Timestamp updated for file 'C:\Program Files (x86)\Microsoft Visual Studio\2017\Community\Common7\IDE\Extensions\hcd3gfkh.3ao\pl\Microsoft.VisualStudio.ProjectSystem.VisualBasic.VS.resources.dll'.
[0b00:0004][2017-10-17T09:47:48] Processing file /ProjectSelectors.pkgdef
[0b00:0004][2017-10-17T09:47:48] Started: Copying file /ProjectSelectors.pkgdef to C:\Program Files (x86)\Microsoft Visual Studio\2017\Community\Common7\IDE\Extensions\hcd3gfkh.3ao\ProjectSelectors.pkgdef
[0b00:0004][2017-10-17T09:47:48] Completed: Copying file /ProjectSelectors.pkgdef to C:\Program Files (x86)\Microsoft Visual Studio\2017\Community\Common7\IDE\Extensions\hcd3gfkh.3ao\ProjectSelectors.pkgdef
[0b00:0004][2017-10-17T09:47:48] Timestamp updated for file 'C:\Program Files (x86)\Microsoft Visual Studio\2017\Community\Common7\IDE\Extensions\hcd3gfkh.3ao\ProjectSelectors.pkgdef'.
[0b00:0004][2017-10-17T09:47:48] Processing file /ProjectSystem.pkgdef
[0b00:0004][2017-10-17T09:47:48] Started: Copying file /ProjectSystem.pkgdef to C:\Program Files (x86)\Microsoft Visual Studio\2017\Community\Common7\IDE\Extensions\hcd3gfkh.3ao\ProjectSystem.pkgdef
[0b00:0004][2017-10-17T09:47:48] Completed: Copying file /ProjectSystem.pkgdef to C:\Program Files (x86)\Microsoft Visual Studio\2017\Community\Common7\IDE\Extensions\hcd3gfkh.3ao\ProjectSystem.pkgdef
[0b00:0004][2017-10-17T09:47:48] Timestamp updated for file 'C:\Program Files (x86)\Microsoft Visual Studio\2017\Community\Common7\IDE\Extensions\hcd3gfkh.3ao\ProjectSystem.pkgdef'.
[0b00:0004][2017-10-17T09:47:48] Processing file /pt-BR/Microsoft.VisualStudio.ProjectSystem.CSharp.VS.resources.dll
[0b00:0004][2017-10-17T09:47:48] Started: Copying file /pt-BR/Microsoft.VisualStudio.ProjectSystem.CSharp.VS.resources.dll to C:\Program Files (x86)\Microsoft Visual Studio\2017\Community\Common7\IDE\Extensions\hcd3gfkh.3ao\pt-BR\Microsoft.VisualStudio.ProjectSystem.CSharp.VS.resources.dll
[0b00:0004][2017-10-17T09:47:48] Completed: Copying file /pt-BR/Microsoft.VisualStudio.ProjectSystem.CSharp.VS.resources.dll to C:\Program Files (x86)\Microsoft Visual Studio\2017\Community\Common7\IDE\Extensions\hcd3gfkh.3ao\pt-BR\Microsoft.VisualStudio.ProjectSystem.CSharp.VS.resources.dll
[0b00:0004][2017-10-17T09:47:48] Timestamp updated for file 'C:\Program Files (x86)\Microsoft Visual Studio\2017\Community\Common7\IDE\Extensions\hcd3gfkh.3ao\pt-BR\Microsoft.VisualStudio.ProjectSystem.CSharp.VS.resources.dll'.
[0b00:0004][2017-10-17T09:47:48] Processing file /pt-BR/Microsoft.VisualStudio.ProjectSystem.FSharp.VS.resources.dll
[0b00:0004][2017-10-17T09:47:48] Started: Copying file /pt-BR/Microsoft.VisualStudio.ProjectSystem.FSharp.VS.resources.dll to C:\Program Files (x86)\Microsoft Visual Studio\2017\Community\Common7\IDE\Extensions\hcd3gfkh.3ao\pt-BR\Microsoft.VisualStudio.ProjectSystem.FSharp.VS.resources.dll
[0b00:0004][2017-10-17T09:47:48] Completed: Copying file /pt-BR/Microsoft.VisualStudio.ProjectSystem.FSharp.VS.resources.dll to C:\Program Files (x86)\Microsoft Visual Studio\2017\Community\Common7\IDE\Extensions\hcd3gfkh.3ao\pt-BR\Microsoft.VisualStudio.ProjectSystem.FSharp.VS.resources.dll
[0b00:0004][2017-10-17T09:47:48] Timestamp updated for file 'C:\Program Files (x86)\Microsoft Visual Studio\2017\Community\Common7\IDE\Extensions\hcd3gfkh.3ao\pt-BR\Microsoft.VisualStudio.ProjectSystem.FSharp.VS.resources.dll'.
[0b00:0004][2017-10-17T09:47:48] Processing file /pt-BR/Microsoft.VisualStudio.ProjectSystem.Managed.resources.dll
[0b00:0004][2017-10-17T09:47:48] Started: Copying file /pt-BR/Microsoft.VisualStudio.ProjectSystem.Managed.resources.dll to C:\Program Files (x86)\Microsoft Visual Studio\2017\Community\Common7\IDE\Extensions\hcd3gfkh.3ao\pt-BR\Microsoft.VisualStudio.ProjectSystem.Managed.resources.dll
[0b00:0004][2017-10-17T09:47:48] Completed: Copying file /pt-BR/Microsoft.VisualStudio.ProjectSystem.Managed.resources.dll to C:\Program Files (x86)\Microsoft Visual Studio\2017\Community\Common7\IDE\Extensions\hcd3gfkh.3ao\pt-BR\Microsoft.VisualStudio.ProjectSystem.Managed.resources.dll
[0b00:0004][2017-10-17T09:47:48] Timestamp updated for file 'C:\Program Files (x86)\Microsoft Visual Studio\2017\Community\Common7\IDE\Extensions\hcd3gfkh.3ao\pt-BR\Microsoft.VisualStudio.ProjectSystem.Managed.resources.dll'.
[0b00:0004][2017-10-17T09:47:48] Processing file /pt-BR/Microsoft.VisualStudio.ProjectSystem.Managed.VS.resources.dll
[0b00:0004][2017-10-17T09:47:48] Started: Copying file /pt-BR/Microsoft.VisualStudio.ProjectSystem.Managed.VS.resources.dll to C:\Program Files (x86)\Microsoft Visual Studio\2017\Community\Common7\IDE\Extensions\hcd3gfkh.3ao\pt-BR\Microsoft.VisualStudio.ProjectSystem.Managed.VS.resources.dll
[0b00:0004][2017-10-17T09:47:48] Completed: Copying file /pt-BR/Microsoft.VisualStudio.ProjectSystem.Managed.VS.resources.dll to C:\Program Files (x86)\Microsoft Visual Studio\2017\Community\Common7\IDE\Extensions\hcd3gfkh.3ao\pt-BR\Microsoft.VisualStudio.ProjectSystem.Managed.VS.resources.dll
[0b00:0004][2017-10-17T09:47:48] Timestamp updated for file 'C:\Program Files (x86)\Microsoft Visual Studio\2017\Community\Common7\IDE\Extensions\hcd3gfkh.3ao\pt-BR\Microsoft.VisualStudio.ProjectSystem.Managed.VS.resources.dll'.
[0b00:0004][2017-10-17T09:47:48] Processing file /pt-BR/Microsoft.VisualStudio.ProjectSystem.VisualBasic.VS.resources.dll
[0b00:0004][2017-10-17T09:47:48] Started: Copying file /pt-BR/Microsoft.VisualStudio.ProjectSystem.VisualBasic.VS.resources.dll to C:\Program Files (x86)\Microsoft Visual Studio\2017\Community\Common7\IDE\Extensions\hcd3gfkh.3ao\pt-BR\Microsoft.VisualStudio.ProjectSystem.VisualBasic.VS.resources.dll
[0b00:0004][2017-10-17T09:47:48] Completed: Copying file /pt-BR/Microsoft.VisualStudio.ProjectSystem.VisualBasic.VS.resources.dll to C:\Program Files (x86)\Microsoft Visual Studio\2017\Community\Common7\IDE\Extensions\hcd3gfkh.3ao\pt-BR\Microsoft.VisualStudio.ProjectSystem.VisualBasic.VS.resources.dll
[0b00:0004][2017-10-17T09:47:48] Timestamp updated for file 'C:\Program Files (x86)\Microsoft Visual Studio\2017\Community\Common7\IDE\Extensions\hcd3gfkh.3ao\pt-BR\Microsoft.VisualStudio.ProjectSystem.VisualBasic.VS.resources.dll'.
[0b00:0004][2017-10-17T09:47:48] Processing file /ru/Microsoft.VisualStudio.ProjectSystem.CSharp.VS.resources.dll
[0b00:0004][2017-10-17T09:47:48] Started: Copying file /ru/Microsoft.VisualStudio.ProjectSystem.CSharp.VS.resources.dll to C:\Program Files (x86)\Microsoft Visual Studio\2017\Community\Common7\IDE\Extensions\hcd3gfkh.3ao\ru\Microsoft.VisualStudio.ProjectSystem.CSharp.VS.resources.dll
[0b00:0004][2017-10-17T09:47:48] Completed: Copying file /ru/Microsoft.VisualStudio.ProjectSystem.CSharp.VS.resources.dll to C:\Program Files (x86)\Microsoft Visual Studio\2017\Community\Common7\IDE\Extensions\hcd3gfkh.3ao\ru\Microsoft.VisualStudio.ProjectSystem.CSharp.VS.resources.dll
[0b00:0004][2017-10-17T09:47:48] Timestamp updated for file 'C:\Program Files (x86)\Microsoft Visual Studio\2017\Community\Common7\IDE\Extensions\hcd3gfkh.3ao\ru\Microsoft.VisualStudio.ProjectSystem.CSharp.VS.resources.dll'.
[0b00:0004][2017-10-17T09:47:48] Processing file /ru/Microsoft.VisualStudio.ProjectSystem.FSharp.VS.resources.dll
[0b00:0004][2017-10-17T09:47:48] Started: Copying file /ru/Microsoft.VisualStudio.ProjectSystem.FSharp.VS.resources.dll to C:\Program Files (x86)\Microsoft Visual Studio\2017\Community\Common7\IDE\Extensions\hcd3gfkh.3ao\ru\Microsoft.VisualStudio.ProjectSystem.FSharp.VS.resources.dll
[0b00:0004][2017-10-17T09:47:48] Completed: Copying file /ru/Microsoft.VisualStudio.ProjectSystem.FSharp.VS.resources.dll to C:\Program Files (x86)\Microsoft Visual Studio\2017\Community\Common7\IDE\Extensions\hcd3gfkh.3ao\ru\Microsoft.VisualStudio.ProjectSystem.FSharp.VS.resources.dll
[0b00:0004][2017-10-17T09:47:48] Timestamp updated for file 'C:\Program Files (x86)\Microsoft Visual Studio\2017\Community\Common7\IDE\Extensions\hcd3gfkh.3ao\ru\Microsoft.VisualStudio.ProjectSystem.FSharp.VS.resources.dll'.
[0b00:0004][2017-10-17T09:47:48] Processing file /ru/Microsoft.VisualStudio.ProjectSystem.Managed.resources.dll
[0b00:0004][2017-10-17T09:47:48] Started: Copying file /ru/Microsoft.VisualStudio.ProjectSystem.Managed.resources.dll to C:\Program Files (x86)\Microsoft Visual Studio\2017\Community\Common7\IDE\Extensions\hcd3gfkh.3ao\ru\Microsoft.VisualStudio.ProjectSystem.Managed.resources.dll
[0b00:0004][2017-10-17T09:47:48] Completed: Copying file /ru/Microsoft.VisualStudio.ProjectSystem.Managed.resources.dll to C:\Program Files (x86)\Microsoft Visual Studio\2017\Community\Common7\IDE\Extensions\hcd3gfkh.3ao\ru\Microsoft.VisualStudio.ProjectSystem.Managed.resources.dll
[0b00:0004][2017-10-17T09:47:48] Timestamp updated for file 'C:\Program Files (x86)\Microsoft Visual Studio\2017\Community\Common7\IDE\Extensions\hcd3gfkh.3ao\ru\Microsoft.VisualStudio.ProjectSystem.Managed.resources.dll'.
[0b00:0004][2017-10-17T09:47:48] Processing file /ru/Microsoft.VisualStudio.ProjectSystem.Managed.VS.resources.dll
[0b00:0004][2017-10-17T09:47:48] Started: Copying file /ru/Microsoft.VisualStudio.ProjectSystem.Managed.VS.resources.dll to C:\Program Files (x86)\Microsoft Visual Studio\2017\Community\Common7\IDE\Extensions\hcd3gfkh.3ao\ru\Microsoft.VisualStudio.ProjectSystem.Managed.VS.resources.dll
[0b00:0004][2017-10-17T09:47:48] Completed: Copying file /ru/Microsoft.VisualStudio.ProjectSystem.Managed.VS.resources.dll to C:\Program Files (x86)\Microsoft Visual Studio\2017\Community\Common7\IDE\Extensions\hcd3gfkh.3ao\ru\Microsoft.VisualStudio.ProjectSystem.Managed.VS.resources.dll
[0b00:0004][2017-10-17T09:47:48] Timestamp updated for file 'C:\Program Files (x86)\Microsoft Visual Studio\2017\Community\Common7\IDE\Extensions\hcd3gfkh.3ao\ru\Microsoft.VisualStudio.ProjectSystem.Managed.VS.resources.dll'.
[0b00:0004][2017-10-17T09:47:48] Processing file /ru/Microsoft.VisualStudio.ProjectSystem.VisualBasic.VS.resources.dll
[0b00:0004][2017-10-17T09:47:48] Started: Copying file /ru/Microsoft.VisualStudio.ProjectSystem.VisualBasic.VS.resources.dll to C:\Program Files (x86)\Microsoft Visual Studio\2017\Community\Common7\IDE\Extensions\hcd3gfkh.3ao\ru\Microsoft.VisualStudio.ProjectSystem.VisualBasic.VS.resources.dll
[0b00:0004][2017-10-17T09:47:48] Completed: Copying file /ru/Microsoft.VisualStudio.ProjectSystem.VisualBasic.VS.resources.dll to C:\Program Files (x86)\Microsoft Visual Studio\2017\Community\Common7\IDE\Extensions\hcd3gfkh.3ao\ru\Microsoft.VisualStudio.ProjectSystem.VisualBasic.VS.resources.dll
[0b00:0004][2017-10-17T09:47:48] Timestamp updated for file 'C:\Program Files (x86)\Microsoft Visual Studio\2017\Community\Common7\IDE\Extensions\hcd3gfkh.3ao\ru\Microsoft.VisualStudio.ProjectSystem.VisualBasic.VS.resources.dll'.
[0b00:0004][2017-10-17T09:47:48] Processing file /tr/Microsoft.VisualStudio.ProjectSystem.CSharp.VS.resources.dll
[0b00:0004][2017-10-17T09:47:48] Started: Copying file /tr/Microsoft.VisualStudio.ProjectSystem.CSharp.VS.resources.dll to C:\Program Files (x86)\Microsoft Visual Studio\2017\Community\Common7\IDE\Extensions\hcd3gfkh.3ao\tr\Microsoft.VisualStudio.ProjectSystem.CSharp.VS.resources.dll
[0b00:0004][2017-10-17T09:47:48] Completed: Copying file /tr/Microsoft.VisualStudio.ProjectSystem.CSharp.VS.resources.dll to C:\Program Files (x86)\Microsoft Visual Studio\2017\Community\Common7\IDE\Extensions\hcd3gfkh.3ao\tr\Microsoft.VisualStudio.ProjectSystem.CSharp.VS.resources.dll
[0b00:0004][2017-10-17T09:47:48] Timestamp updated for file 'C:\Program Files (x86)\Microsoft Visual Studio\2017\Community\Common7\IDE\Extensions\hcd3gfkh.3ao\tr\Microsoft.VisualStudio.ProjectSystem.CSharp.VS.resources.dll'.
[0b00:0004][2017-10-17T09:47:48] Processing file /tr/Microsoft.VisualStudio.ProjectSystem.FSharp.VS.resources.dll
[0b00:0004][2017-10-17T09:47:48] Started: Copying file /tr/Microsoft.VisualStudio.ProjectSystem.FSharp.VS.resources.dll to C:\Program Files (x86)\Microsoft Visual Studio\2017\Community\Common7\IDE\Extensions\hcd3gfkh.3ao\tr\Microsoft.VisualStudio.ProjectSystem.FSharp.VS.resources.dll
[0b00:0004][2017-10-17T09:47:48] Completed: Copying file /tr/Microsoft.VisualStudio.ProjectSystem.FSharp.VS.resources.dll to C:\Program Files (x86)\Microsoft Visual Studio\2017\Community\Common7\IDE\Extensions\hcd3gfkh.3ao\tr\Microsoft.VisualStudio.ProjectSystem.FSharp.VS.resources.dll
[0b00:0004][2017-10-17T09:47:48] Timestamp updated for file 'C:\Program Files (x86)\Microsoft Visual Studio\2017\Community\Common7\IDE\Extensions\hcd3gfkh.3ao\tr\Microsoft.VisualStudio.ProjectSystem.FSharp.VS.resources.dll'.
[0b00:0004][2017-10-17T09:47:48] Processing file /tr/Microsoft.VisualStudio.ProjectSystem.Managed.resources.dll
[0b00:0004][2017-10-17T09:47:48] Started: Copying file /tr/Microsoft.VisualStudio.ProjectSystem.Managed.resources.dll to C:\Program Files (x86)\Microsoft Visual Studio\2017\Community\Common7\IDE\Extensions\hcd3gfkh.3ao\tr\Microsoft.VisualStudio.ProjectSystem.Managed.resources.dll
[0b00:0004][2017-10-17T09:47:48] Completed: Copying file /tr/Microsoft.VisualStudio.ProjectSystem.Managed.resources.dll to C:\Program Files (x86)\Microsoft Visual Studio\2017\Community\Common7\IDE\Extensions\hcd3gfkh.3ao\tr\Microsoft.VisualStudio.ProjectSystem.Managed.resources.dll
[0b00:0004][2017-10-17T09:47:48] Timestamp updated for file 'C:\Program Files (x86)\Microsoft Visual Studio\2017\Community\Common7\IDE\Extensions\hcd3gfkh.3ao\tr\Microsoft.VisualStudio.ProjectSystem.Managed.resources.dll'.
[0b00:0004][2017-10-17T09:47:48] Processing file /tr/Microsoft.VisualStudio.ProjectSystem.Managed.VS.resources.dll
[0b00:0004][2017-10-17T09:47:48] Started: Copying file /tr/Microsoft.VisualStudio.ProjectSystem.Managed.VS.resources.dll to C:\Program Files (x86)\Microsoft Visual Studio\2017\Community\Common7\IDE\Extensions\hcd3gfkh.3ao\tr\Microsoft.VisualStudio.ProjectSystem.Managed.VS.resources.dll
[0b00:0004][2017-10-17T09:47:48] Completed: Copying file /tr/Microsoft.VisualStudio.ProjectSystem.Managed.VS.resources.dll to C:\Program Files (x86)\Microsoft Visual Studio\2017\Community\Common7\IDE\Extensions\hcd3gfkh.3ao\tr\Microsoft.VisualStudio.ProjectSystem.Managed.VS.resources.dll
[0b00:0004][2017-10-17T09:47:48] Timestamp updated for file 'C:\Program Files (x86)\Microsoft Visual Studio\2017\Community\Common7\IDE\Extensions\hcd3gfkh.3ao\tr\Microsoft.VisualStudio.ProjectSystem.Managed.VS.resources.dll'.
[0b00:0004][2017-10-17T09:47:48] Processing file /tr/Microsoft.VisualStudio.ProjectSystem.VisualBasic.VS.resources.dll
[0b00:0004][2017-10-17T09:47:48] Started: Copying file /tr/Microsoft.VisualStudio.ProjectSystem.VisualBasic.VS.resources.dll to C:\Program Files (x86)\Microsoft Visual Studio\2017\Community\Common7\IDE\Extensions\hcd3gfkh.3ao\tr\Microsoft.VisualStudio.ProjectSystem.VisualBasic.VS.resources.dll
[0b00:0004][2017-10-17T09:47:48] Completed: Copying file /tr/Microsoft.VisualStudio.ProjectSystem.VisualBasic.VS.resources.dll to C:\Program Files (x86)\Microsoft Visual Studio\2017\Community\Common7\IDE\Extensions\hcd3gfkh.3ao\tr\Microsoft.VisualStudio.ProjectSystem.VisualBasic.VS.resources.dll
[0b00:0004][2017-10-17T09:47:48] Timestamp updated for file 'C:\Program Files (x86)\Microsoft Visual Studio\2017\Community\Common7\IDE\Extensions\hcd3gfkh.3ao\tr\Microsoft.VisualStudio.ProjectSystem.VisualBasic.VS.resources.dll'.
[0b00:0004][2017-10-17T09:47:48] Processing file /zh-Hans/Microsoft.VisualStudio.ProjectSystem.CSharp.VS.resources.dll
[0b00:0004][2017-10-17T09:47:48] Started: Copying file /zh-Hans/Microsoft.VisualStudio.ProjectSystem.CSharp.VS.resources.dll to C:\Program Files (x86)\Microsoft Visual Studio\2017\Community\Common7\IDE\Extensions\hcd3gfkh.3ao\zh-Hans\Microsoft.VisualStudio.ProjectSystem.CSharp.VS.resources.dll
[0b00:0004][2017-10-17T09:47:48] Completed: Copying file /zh-Hans/Microsoft.VisualStudio.ProjectSystem.CSharp.VS.resources.dll to C:\Program Files (x86)\Microsoft Visual Studio\2017\Community\Common7\IDE\Extensions\hcd3gfkh.3ao\zh-Hans\Microsoft.VisualStudio.ProjectSystem.CSharp.VS.resources.dll
[0b00:0004][2017-10-17T09:47:48] Timestamp updated for file 'C:\Program Files (x86)\Microsoft Visual Studio\2017\Community\Common7\IDE\Extensions\hcd3gfkh.3ao\zh-Hans\Microsoft.VisualStudio.ProjectSystem.CSharp.VS.resources.dll'.
[0b00:0004][2017-10-17T09:47:48] Processing file /zh-Hans/Microsoft.VisualStudio.ProjectSystem.FSharp.VS.resources.dll
[0b00:0004][2017-10-17T09:47:48] Started: Copying file /zh-Hans/Microsoft.VisualStudio.ProjectSystem.FSharp.VS.resources.dll to C:\Program Files (x86)\Microsoft Visual Studio\2017\Community\Common7\IDE\Extensions\hcd3gfkh.3ao\zh-Hans\Microsoft.VisualStudio.ProjectSystem.FSharp.VS.resources.dll
[0b00:0004][2017-10-17T09:47:48] Completed: Copying file /zh-Hans/Microsoft.VisualStudio.ProjectSystem.FSharp.VS.resources.dll to C:\Program Files (x86)\Microsoft Visual Studio\2017\Community\Common7\IDE\Extensions\hcd3gfkh.3ao\zh-Hans\Microsoft.VisualStudio.ProjectSystem.FSharp.VS.resources.dll
[0b00:0004][2017-10-17T09:47:48] Timestamp updated for file 'C:\Program Files (x86)\Microsoft Visual Studio\2017\Community\Common7\IDE\Extensions\hcd3gfkh.3ao\zh-Hans\Microsoft.VisualStudio.ProjectSystem.FSharp.VS.resources.dll'.
[0b00:0004][2017-10-17T09:47:48] Processing file /zh-Hans/Microsoft.VisualStudio.ProjectSystem.Managed.resources.dll
[0b00:0004][2017-10-17T09:47:48] Started: Copying file /zh-Hans/Microsoft.VisualStudio.ProjectSystem.Managed.resources.dll to C:\Program Files (x86)\Microsoft Visual Studio\2017\Community\Common7\IDE\Extensions\hcd3gfkh.3ao\zh-Hans\Microsoft.VisualStudio.ProjectSystem.Managed.resources.dll
[0b00:0004][2017-10-17T09:47:48] Completed: Copying file /zh-Hans/Microsoft.VisualStudio.ProjectSystem.Managed.resources.dll to C:\Program Files (x86)\Microsoft Visual Studio\2017\Community\Common7\IDE\Extensions\hcd3gfkh.3ao\zh-Hans\Microsoft.VisualStudio.ProjectSystem.Managed.resources.dll
[0b00:0004][2017-10-17T09:47:48] Timestamp updated for file 'C:\Program Files (x86)\Microsoft Visual Studio\2017\Community\Common7\IDE\Extensions\hcd3gfkh.3ao\zh-Hans\Microsoft.VisualStudio.ProjectSystem.Managed.resources.dll'.
[0b00:0004][2017-10-17T09:47:48] Processing file /zh-Hans/Microsoft.VisualStudio.ProjectSystem.Managed.VS.resources.dll
[0b00:0004][2017-10-17T09:47:48] Started: Copying file /zh-Hans/Microsoft.VisualStudio.ProjectSystem.Managed.VS.resources.dll to C:\Program Files (x86)\Microsoft Visual Studio\2017\Community\Common7\IDE\Extensions\hcd3gfkh.3ao\zh-Hans\Microsoft.VisualStudio.ProjectSystem.Managed.VS.resources.dll
[0b00:0004][2017-10-17T09:47:48] Completed: Copying file /zh-Hans/Microsoft.VisualStudio.ProjectSystem.Managed.VS.resources.dll to C:\Program Files (x86)\Microsoft Visual Studio\2017\Community\Common7\IDE\Extensions\hcd3gfkh.3ao\zh-Hans\Microsoft.VisualStudio.ProjectSystem.Managed.VS.resources.dll
[0b00:0004][2017-10-17T09:47:48] Timestamp updated for file 'C:\Program Files (x86)\Microsoft Visual Studio\2017\Community\Common7\IDE\Extensions\hcd3gfkh.3ao\zh-Hans\Microsoft.VisualStudio.ProjectSystem.Managed.VS.resources.dll'.
[0b00:0004][2017-10-17T09:47:48] Processing file /zh-Hans/Microsoft.VisualStudio.ProjectSystem.VisualBasic.VS.resources.dll
[0b00:0004][2017-10-17T09:47:48] Started: Copying file /zh-Hans/Microsoft.VisualStudio.ProjectSystem.VisualBasic.VS.resources.dll to C:\Program Files (x86)\Microsoft Visual Studio\2017\Community\Common7\IDE\Extensions\hcd3gfkh.3ao\zh-Hans\Microsoft.VisualStudio.ProjectSystem.VisualBasic.VS.resources.dll
[0b00:0004][2017-10-17T09:47:48] Completed: Copying file /zh-Hans/Microsoft.VisualStudio.ProjectSystem.VisualBasic.VS.resources.dll to C:\Program Files (x86)\Microsoft Visual Studio\2017\Community\Common7\IDE\Extensions\hcd3gfkh.3ao\zh-Hans\Microsoft.VisualStudio.ProjectSystem.VisualBasic.VS.resources.dll
[0b00:0004][2017-10-17T09:47:48] Timestamp updated for file 'C:\Program Files (x86)\Microsoft Visual Studio\2017\Community\Common7\IDE\Extensions\hcd3gfkh.3ao\zh-Hans\Microsoft.VisualStudio.ProjectSystem.VisualBasic.VS.resources.dll'.
[0b00:0004][2017-10-17T09:47:48] Processing file /zh-Hant/Microsoft.VisualStudio.ProjectSystem.CSharp.VS.resources.dll
[0b00:0004][2017-10-17T09:47:48] Started: Copying file /zh-Hant/Microsoft.VisualStudio.ProjectSystem.CSharp.VS.resources.dll to C:\Program Files (x86)\Microsoft Visual Studio\2017\Community\Common7\IDE\Extensions\hcd3gfkh.3ao\zh-Hant\Microsoft.VisualStudio.ProjectSystem.CSharp.VS.resources.dll
[0b00:0004][2017-10-17T09:47:48] Completed: Copying file /zh-Hant/Microsoft.VisualStudio.ProjectSystem.CSharp.VS.resources.dll to C:\Program Files (x86)\Microsoft Visual Studio\2017\Community\Common7\IDE\Extensions\hcd3gfkh.3ao\zh-Hant\Microsoft.VisualStudio.ProjectSystem.CSharp.VS.resources.dll
[0b00:0004][2017-10-17T09:47:48] Timestamp updated for file 'C:\Program Files (x86)\Microsoft Visual Studio\2017\Community\Common7\IDE\Extensions\hcd3gfkh.3ao\zh-Hant\Microsoft.VisualStudio.ProjectSystem.CSharp.VS.resources.dll'.
[0b00:0004][2017-10-17T09:47:48] Processing file /zh-Hant/Microsoft.VisualStudio.ProjectSystem.FSharp.VS.resources.dll
[0b00:0004][2017-10-17T09:47:48] Started: Copying file /zh-Hant/Microsoft.VisualStudio.ProjectSystem.FSharp.VS.resources.dll to C:\Program Files (x86)\Microsoft Visual Studio\2017\Community\Common7\IDE\Extensions\hcd3gfkh.3ao\zh-Hant\Microsoft.VisualStudio.ProjectSystem.FSharp.VS.resources.dll
[0b00:0004][2017-10-17T09:47:48] Completed: Copying file /zh-Hant/Microsoft.VisualStudio.ProjectSystem.FSharp.VS.resources.dll to C:\Program Files (x86)\Microsoft Visual Studio\2017\Community\Common7\IDE\Extensions\hcd3gfkh.3ao\zh-Hant\Microsoft.VisualStudio.ProjectSystem.FSharp.VS.resources.dll
[0b00:0004][2017-10-17T09:47:48] Timestamp updated for file 'C:\Program Files (x86)\Microsoft Visual Studio\2017\Community\Common7\IDE\Extensions\hcd3gfkh.3ao\zh-Hant\Microsoft.VisualStudio.ProjectSystem.FSharp.VS.resources.dll'.
[0b00:0004][2017-10-17T09:47:48] Processing file /zh-Hant/Microsoft.VisualStudio.ProjectSystem.Managed.resources.dll
[0b00:0004][2017-10-17T09:47:48] Started: Copying file /zh-Hant/Microsoft.VisualStudio.ProjectSystem.Managed.resources.dll to C:\Program Files (x86)\Microsoft Visual Studio\2017\Community\Common7\IDE\Extensions\hcd3gfkh.3ao\zh-Hant\Microsoft.VisualStudio.ProjectSystem.Managed.resources.dll
[0b00:0004][2017-10-17T09:47:48] Completed: Copying file /zh-Hant/Microsoft.VisualStudio.ProjectSystem.Managed.resources.dll to C:\Program Files (x86)\Microsoft Visual Studio\2017\Community\Common7\IDE\Extensions\hcd3gfkh.3ao\zh-Hant\Microsoft.VisualStudio.ProjectSystem.Managed.resources.dll
[0b00:0004][2017-10-17T09:47:48] Timestamp updated for file 'C:\Program Files (x86)\Microsoft Visual Studio\2017\Community\Common7\IDE\Extensions\hcd3gfkh.3ao\zh-Hant\Microsoft.VisualStudio.ProjectSystem.Managed.resources.dll'.
[0b00:0004][2017-10-17T09:47:48] Processing file /zh-Hant/Microsoft.VisualStudio.ProjectSystem.Managed.VS.resources.dll
[0b00:0004][2017-10-17T09:47:48] Started: Copying file /zh-Hant/Microsoft.VisualStudio.ProjectSystem.Managed.VS.resources.dll to C:\Program Files (x86)\Microsoft Visual Studio\2017\Community\Common7\IDE\Extensions\hcd3gfkh.3ao\zh-Hant\Microsoft.VisualStudio.ProjectSystem.Managed.VS.resources.dll
[0b00:0004][2017-10-17T09:47:48] Completed: Copying file /zh-Hant/Microsoft.VisualStudio.ProjectSystem.Managed.VS.resources.dll to C:\Program Files (x86)\Microsoft Visual Studio\2017\Community\Common7\IDE\Extensions\hcd3gfkh.3ao\zh-Hant\Microsoft.VisualStudio.ProjectSystem.Managed.VS.resources.dll
[0b00:0004][2017-10-17T09:47:48] Timestamp updated for file 'C:\Program Files (x86)\Microsoft Visual Studio\2017\Community\Common7\IDE\Extensions\hcd3gfkh.3ao\zh-Hant\Microsoft.VisualStudio.ProjectSystem.Managed.VS.resources.dll'.
[0b00:0004][2017-10-17T09:47:48] Processing file /zh-Hant/Microsoft.VisualStudio.ProjectSystem.VisualBasic.VS.resources.dll
[0b00:0004][2017-10-17T09:47:48] Started: Copying file /zh-Hant/Microsoft.VisualStudio.ProjectSystem.VisualBasic.VS.resources.dll to C:\Program Files (x86)\Microsoft Visual Studio\2017\Community\Common7\IDE\Extensions\hcd3gfkh.3ao\zh-Hant\Microsoft.VisualStudio.ProjectSystem.VisualBasic.VS.resources.dll
[0b00:0004][2017-10-17T09:47:48] Completed: Copying file /zh-Hant/Microsoft.VisualStudio.ProjectSystem.VisualBasic.VS.resources.dll to C:\Program Files (x86)\Microsoft Visual Studio\2017\Community\Common7\IDE\Extensions\hcd3gfkh.3ao\zh-Hant\Microsoft.VisualStudio.ProjectSystem.VisualBasic.VS.resources.dll
[0b00:0004][2017-10-17T09:47:48] Timestamp updated for file 'C:\Program Files (x86)\Microsoft Visual Studio\2017\Community\Common7\IDE\Extensions\hcd3gfkh.3ao\zh-Hant\Microsoft.VisualStudio.ProjectSystem.VisualBasic.VS.resources.dll'.
[0b00:0004][2017-10-17T09:47:48] Package executed successfully. Return code: 0
