[0b00:0004][2017-10-17T09:47:11] Opening the package for processing
[0b00:0004][2017-10-17T09:47:11] Using package payload to get the embedded manifest
[0b00:0004][2017-10-17T09:47:11] Getting list of files within the package
[0b00:0004][2017-10-17T09:47:11] Processing file /Contents/MSBuild/Microsoft/Portable/Microsoft.Portable.Core.props
[0b00:0004][2017-10-17T09:47:11] Started: Copying file /Contents/MSBuild/Microsoft/Portable/Microsoft.Portable.Core.props to C:\Program Files (x86)\Microsoft Visual Studio\2017\Community\MSBuild\Microsoft\Portable\Microsoft.Portable.Core.props
[0b00:0004][2017-10-17T09:47:11] Completed: Copying file /Contents/MSBuild/Microsoft/Portable/Microsoft.Portable.Core.props to C:\Program Files (x86)\Microsoft Visual Studio\2017\Community\MSBuild\Microsoft\Portable\Microsoft.Portable.Core.props
[0b00:0004][2017-10-17T09:47:11] Timestamp updated for file 'C:\Program Files (x86)\Microsoft Visual Studio\2017\Community\MSBuild\Microsoft\Portable\Microsoft.Portable.Core.props'.
[0b00:0004][2017-10-17T09:47:11] Processing file /Contents/MSBuild/Microsoft/Portable/Microsoft.Portable.Core.targets
[0b00:0004][2017-10-17T09:47:11] Started: Copying file /Contents/MSBuild/Microsoft/Portable/Microsoft.Portable.Core.targets to C:\Program Files (x86)\Microsoft Visual Studio\2017\Community\MSBuild\Microsoft\Portable\Microsoft.Portable.Core.targets
[0b00:0004][2017-10-17T09:47:11] Completed: Copying file /Contents/MSBuild/Microsoft/Portable/Microsoft.Portable.Core.targets to C:\Program Files (x86)\Microsoft Visual Studio\2017\Community\MSBuild\Microsoft\Portable\Microsoft.Portable.Core.targets
[0b00:0004][2017-10-17T09:47:11] Timestamp updated for file 'C:\Program Files (x86)\Microsoft Visual Studio\2017\Community\MSBuild\Microsoft\Portable\Microsoft.Portable.Core.targets'.
[0b00:0004][2017-10-17T09:47:11] Processing file /Contents/MSBuild/Microsoft/Portable/v4.0/Microsoft.Portable.Common.targets
[0b00:0004][2017-10-17T09:47:11] Started: Copying file /Contents/MSBuild/Microsoft/Portable/v4.0/Microsoft.Portable.Common.targets to C:\Program Files (x86)\Microsoft Visual Studio\2017\Community\MSBuild\Microsoft\Portable\v4.0\Microsoft.Portable.Common.targets
[0b00:0004][2017-10-17T09:47:11] Completed: Copying file /Contents/MSBuild/Microsoft/Portable/v4.0/Microsoft.Portable.Common.targets to C:\Program Files (x86)\Microsoft Visual Studio\2017\Community\MSBuild\Microsoft\Portable\v4.0\Microsoft.Portable.Common.targets
[0b00:0004][2017-10-17T09:47:11] Timestamp updated for file 'C:\Program Files (x86)\Microsoft Visual Studio\2017\Community\MSBuild\Microsoft\Portable\v4.0\Microsoft.Portable.Common.targets'.
[0b00:0004][2017-10-17T09:47:11] Processing file /Contents/MSBuild/Microsoft/Portable/v4.0/Microsoft.Portable.CSharp.targets
[0b00:0004][2017-10-17T09:47:11] Started: Copying file /Contents/MSBuild/Microsoft/Portable/v4.0/Microsoft.Portable.CSharp.targets to C:\Program Files (x86)\Microsoft Visual Studio\2017\Community\MSBuild\Microsoft\Portable\v4.0\Microsoft.Portable.CSharp.targets
[0b00:0004][2017-10-17T09:47:11] Completed: Copying file /Contents/MSBuild/Microsoft/Portable/v4.0/Microsoft.Portable.CSharp.targets to C:\Program Files (x86)\Microsoft Visual Studio\2017\Community\MSBuild\Microsoft\Portable\v4.0\Microsoft.Portable.CSharp.targets
[0b00:0004][2017-10-17T09:47:11] Timestamp updated for file 'C:\Program Files (x86)\Microsoft Visual Studio\2017\Community\MSBuild\Microsoft\Portable\v4.0\Microsoft.Portable.CSharp.targets'.
[0b00:0004][2017-10-17T09:47:11] Processing file /Contents/MSBuild/Microsoft/Portable/v4.0/Microsoft.Portable.VisualBasic.targets
[0b00:0004][2017-10-17T09:47:11] Started: Copying file /Contents/MSBuild/Microsoft/Portable/v4.0/Microsoft.Portable.VisualBasic.targets to C:\Program Files (x86)\Microsoft Visual Studio\2017\Community\MSBuild\Microsoft\Portable\v4.0\Microsoft.Portable.VisualBasic.targets
[0b00:0004][2017-10-17T09:47:11] Completed: Copying file /Contents/MSBuild/Microsoft/Portable/v4.0/Microsoft.Portable.VisualBasic.targets to C:\Program Files (x86)\Microsoft Visual Studio\2017\Community\MSBuild\Microsoft\Portable\v4.0\Microsoft.Portable.VisualBasic.targets
[0b00:0004][2017-10-17T09:47:11] Timestamp updated for file 'C:\Program Files (x86)\Microsoft Visual Studio\2017\Community\MSBuild\Microsoft\Portable\v4.0\Microsoft.Portable.VisualBasic.targets'.
[0b00:0004][2017-10-17T09:47:11] Processing file /Contents/MSBuild/Microsoft/Portable/v4.5/Microsoft.Portable.Common.targets
[0b00:0004][2017-10-17T09:47:11] Started: Copying file /Contents/MSBuild/Microsoft/Portable/v4.5/Microsoft.Portable.Common.targets to C:\Program Files (x86)\Microsoft Visual Studio\2017\Community\MSBuild\Microsoft\Portable\v4.5\Microsoft.Portable.Common.targets
[0b00:0004][2017-10-17T09:47:11] Completed: Copying file /Contents/MSBuild/Microsoft/Portable/v4.5/Microsoft.Portable.Common.targets to C:\Program Files (x86)\Microsoft Visual Studio\2017\Community\MSBuild\Microsoft\Portable\v4.5\Microsoft.Portable.Common.targets
[0b00:0004][2017-10-17T09:47:11] Timestamp updated for file 'C:\Program Files (x86)\Microsoft Visual Studio\2017\Community\MSBuild\Microsoft\Portable\v4.5\Microsoft.Portable.Common.targets'.
[0b00:0004][2017-10-17T09:47:11] Processing file /Contents/MSBuild/Microsoft/Portable/v4.5/Microsoft.Portable.CSharp.targets
[0b00:0004][2017-10-17T09:47:11] Started: Copying file /Contents/MSBuild/Microsoft/Portable/v4.5/Microsoft.Portable.CSharp.targets to C:\Program Files (x86)\Microsoft Visual Studio\2017\Community\MSBuild\Microsoft\Portable\v4.5\Microsoft.Portable.CSharp.targets
[0b00:0004][2017-10-17T09:47:11] Completed: Copying file /Contents/MSBuild/Microsoft/Portable/v4.5/Microsoft.Portable.CSharp.targets to C:\Program Files (x86)\Microsoft Visual Studio\2017\Community\MSBuild\Microsoft\Portable\v4.5\Microsoft.Portable.CSharp.targets
[0b00:0004][2017-10-17T09:47:11] Timestamp updated for file 'C:\Program Files (x86)\Microsoft Visual Studio\2017\Community\MSBuild\Microsoft\Portable\v4.5\Microsoft.Portable.CSharp.targets'.
[0b00:0004][2017-10-17T09:47:11] Processing file /Contents/MSBuild/Microsoft/Portable/v4.5/Microsoft.Portable.VisualBasic.targets
[0b00:0004][2017-10-17T09:47:11] Started: Copying file /Contents/MSBuild/Microsoft/Portable/v4.5/Microsoft.Portable.VisualBasic.targets to C:\Program Files (x86)\Microsoft Visual Studio\2017\Community\MSBuild\Microsoft\Portable\v4.5\Microsoft.Portable.VisualBasic.targets
[0b00:0004][2017-10-17T09:47:11] Completed: Copying file /Contents/MSBuild/Microsoft/Portable/v4.5/Microsoft.Portable.VisualBasic.targets to C:\Program Files (x86)\Microsoft Visual Studio\2017\Community\MSBuild\Microsoft\Portable\v4.5\Microsoft.Portable.VisualBasic.targets
[0b00:0004][2017-10-17T09:47:11] Timestamp updated for file 'C:\Program Files (x86)\Microsoft Visual Studio\2017\Community\MSBuild\Microsoft\Portable\v4.5\Microsoft.Portable.VisualBasic.targets'.
[0b00:0004][2017-10-17T09:47:11] Processing file /Contents/MSBuild/Microsoft/Portable/v4.6/Microsoft.Portable.Common.targets
[0b00:0004][2017-10-17T09:47:11] Started: Copying file /Contents/MSBuild/Microsoft/Portable/v4.6/Microsoft.Portable.Common.targets to C:\Program Files (x86)\Microsoft Visual Studio\2017\Community\MSBuild\Microsoft\Portable\v4.6\Microsoft.Portable.Common.targets
[0b00:0004][2017-10-17T09:47:11] Completed: Copying file /Contents/MSBuild/Microsoft/Portable/v4.6/Microsoft.Portable.Common.targets to C:\Program Files (x86)\Microsoft Visual Studio\2017\Community\MSBuild\Microsoft\Portable\v4.6\Microsoft.Portable.Common.targets
[0b00:0004][2017-10-17T09:47:11] Timestamp updated for file 'C:\Program Files (x86)\Microsoft Visual Studio\2017\Community\MSBuild\Microsoft\Portable\v4.6\Microsoft.Portable.Common.targets'.
[0b00:0004][2017-10-17T09:47:11] Processing file /Contents/MSBuild/Microsoft/Portable/v4.6/Microsoft.Portable.CSharp.targets
[0b00:0004][2017-10-17T09:47:11] Started: Copying file /Contents/MSBuild/Microsoft/Portable/v4.6/Microsoft.Portable.CSharp.targets to C:\Program Files (x86)\Microsoft Visual Studio\2017\Community\MSBuild\Microsoft\Portable\v4.6\Microsoft.Portable.CSharp.targets
[0b00:0004][2017-10-17T09:47:11] Completed: Copying file /Contents/MSBuild/Microsoft/Portable/v4.6/Microsoft.Portable.CSharp.targets to C:\Program Files (x86)\Microsoft Visual Studio\2017\Community\MSBuild\Microsoft\Portable\v4.6\Microsoft.Portable.CSharp.targets
[0b00:0004][2017-10-17T09:47:11] Timestamp updated for file 'C:\Program Files (x86)\Microsoft Visual Studio\2017\Community\MSBuild\Microsoft\Portable\v4.6\Microsoft.Portable.CSharp.targets'.
[0b00:0004][2017-10-17T09:47:11] Processing file /Contents/MSBuild/Microsoft/Portable/v4.6/Microsoft.Portable.VisualBasic.targets
[0b00:0004][2017-10-17T09:47:11] Started: Copying file /Contents/MSBuild/Microsoft/Portable/v4.6/Microsoft.Portable.VisualBasic.targets to C:\Program Files (x86)\Microsoft Visual Studio\2017\Community\MSBuild\Microsoft\Portable\v4.6\Microsoft.Portable.VisualBasic.targets
[0b00:0004][2017-10-17T09:47:11] Completed: Copying file /Contents/MSBuild/Microsoft/Portable/v4.6/Microsoft.Portable.VisualBasic.targets to C:\Program Files (x86)\Microsoft Visual Studio\2017\Community\MSBuild\Microsoft\Portable\v4.6\Microsoft.Portable.VisualBasic.targets
[0b00:0004][2017-10-17T09:47:11] Timestamp updated for file 'C:\Program Files (x86)\Microsoft Visual Studio\2017\Community\MSBuild\Microsoft\Portable\v4.6\Microsoft.Portable.VisualBasic.targets'.
[0b00:0004][2017-10-17T09:47:11] Processing file /Contents/MSBuild/Microsoft/Portable/v5.0/Microsoft.Portable.Common.targets
[0b00:0004][2017-10-17T09:47:11] Started: Copying file /Contents/MSBuild/Microsoft/Portable/v5.0/Microsoft.Portable.Common.targets to C:\Program Files (x86)\Microsoft Visual Studio\2017\Community\MSBuild\Microsoft\Portable\v5.0\Microsoft.Portable.Common.targets
[0b00:0004][2017-10-17T09:47:11] Completed: Copying file /Contents/MSBuild/Microsoft/Portable/v5.0/Microsoft.Portable.Common.targets to C:\Program Files (x86)\Microsoft Visual Studio\2017\Community\MSBuild\Microsoft\Portable\v5.0\Microsoft.Portable.Common.targets
[0b00:0004][2017-10-17T09:47:11] Timestamp updated for file 'C:\Program Files (x86)\Microsoft Visual Studio\2017\Community\MSBuild\Microsoft\Portable\v5.0\Microsoft.Portable.Common.targets'.
[0b00:0004][2017-10-17T09:47:11] Processing file /Contents/MSBuild/Microsoft/Portable/v5.0/Microsoft.Portable.CSharp.targets
[0b00:0004][2017-10-17T09:47:11] Started: Copying file /Contents/MSBuild/Microsoft/Portable/v5.0/Microsoft.Portable.CSharp.targets to C:\Program Files (x86)\Microsoft Visual Studio\2017\Community\MSBuild\Microsoft\Portable\v5.0\Microsoft.Portable.CSharp.targets
[0b00:0004][2017-10-17T09:47:11] Completed: Copying file /Contents/MSBuild/Microsoft/Portable/v5.0/Microsoft.Portable.CSharp.targets to C:\Program Files (x86)\Microsoft Visual Studio\2017\Community\MSBuild\Microsoft\Portable\v5.0\Microsoft.Portable.CSharp.targets
[0b00:0004][2017-10-17T09:47:11] Timestamp updated for file 'C:\Program Files (x86)\Microsoft Visual Studio\2017\Community\MSBuild\Microsoft\Portable\v5.0\Microsoft.Portable.CSharp.targets'.
[0b00:0004][2017-10-17T09:47:11] Processing file /Contents/MSBuild/Microsoft/Portable/v5.0/Microsoft.Portable.VisualBasic.targets
[0b00:0004][2017-10-17T09:47:11] Started: Copying file /Contents/MSBuild/Microsoft/Portable/v5.0/Microsoft.Portable.VisualBasic.targets to C:\Program Files (x86)\Microsoft Visual Studio\2017\Community\MSBuild\Microsoft\Portable\v5.0\Microsoft.Portable.VisualBasic.targets
[0b00:0004][2017-10-17T09:47:11] Completed: Copying file /Contents/MSBuild/Microsoft/Portable/v5.0/Microsoft.Portable.VisualBasic.targets to C:\Program Files (x86)\Microsoft Visual Studio\2017\Community\MSBuild\Microsoft\Portable\v5.0\Microsoft.Portable.VisualBasic.targets
[0b00:0004][2017-10-17T09:47:11] Timestamp updated for file 'C:\Program Files (x86)\Microsoft Visual Studio\2017\Community\MSBuild\Microsoft\Portable\v5.0\Microsoft.Portable.VisualBasic.targets'.
[0b00:0004][2017-10-17T09:47:11] Processing file /Contents/MSBuild/Microsoft/Portable/VisualStudio/v15.0/Microsoft.Portable.CurrentVersion.props
[0b00:0004][2017-10-17T09:47:11] Started: Copying file /Contents/MSBuild/Microsoft/Portable/VisualStudio/v15.0/Microsoft.Portable.CurrentVersion.props to C:\Program Files (x86)\Microsoft Visual Studio\2017\Community\MSBuild\Microsoft\Portable\VisualStudio\v15.0\Microsoft.Portable.CurrentVersion.props
[0b00:0004][2017-10-17T09:47:11] Completed: Copying file /Contents/MSBuild/Microsoft/Portable/VisualStudio/v15.0/Microsoft.Portable.CurrentVersion.props to C:\Program Files (x86)\Microsoft Visual Studio\2017\Community\MSBuild\Microsoft\Portable\VisualStudio\v15.0\Microsoft.Portable.CurrentVersion.props
[0b00:0004][2017-10-17T09:47:11] Timestamp updated for file 'C:\Program Files (x86)\Microsoft Visual Studio\2017\Community\MSBuild\Microsoft\Portable\VisualStudio\v15.0\Microsoft.Portable.CurrentVersion.props'.
[0b00:0004][2017-10-17T09:47:11] Processing file /Contents/MSBuild/Microsoft/Portable/VisualStudio/v15.0/Microsoft.Portable.CurrentVersion.targets
[0b00:0004][2017-10-17T09:47:11] Started: Copying file /Contents/MSBuild/Microsoft/Portable/VisualStudio/v15.0/Microsoft.Portable.CurrentVersion.targets to C:\Program Files (x86)\Microsoft Visual Studio\2017\Community\MSBuild\Microsoft\Portable\VisualStudio\v15.0\Microsoft.Portable.CurrentVersion.targets
[0b00:0004][2017-10-17T09:47:11] Completed: Copying file /Contents/MSBuild/Microsoft/Portable/VisualStudio/v15.0/Microsoft.Portable.CurrentVersion.targets to C:\Program Files (x86)\Microsoft Visual Studio\2017\Community\MSBuild\Microsoft\Portable\VisualStudio\v15.0\Microsoft.Portable.CurrentVersion.targets
[0b00:0004][2017-10-17T09:47:11] Timestamp updated for file 'C:\Program Files (x86)\Microsoft Visual Studio\2017\Community\MSBuild\Microsoft\Portable\VisualStudio\v15.0\Microsoft.Portable.CurrentVersion.targets'.
[0b00:0004][2017-10-17T09:47:11] Processing file /Contents/MSBuild/Microsoft/Portable/VisualStudio/v15.0/Microsoft.VisualStudio.PortableLibrary.Build.Tasks.dll
[0b00:0004][2017-10-17T09:47:11] Started: Copying file /Contents/MSBuild/Microsoft/Portable/VisualStudio/v15.0/Microsoft.VisualStudio.PortableLibrary.Build.Tasks.dll to C:\Program Files (x86)\Microsoft Visual Studio\2017\Community\MSBuild\Microsoft\Portable\VisualStudio\v15.0\Microsoft.VisualStudio.PortableLibrary.Build.Tasks.dll
[0b00:0004][2017-10-17T09:47:11] Completed: Copying file /Contents/MSBuild/Microsoft/Portable/VisualStudio/v15.0/Microsoft.VisualStudio.PortableLibrary.Build.Tasks.dll to C:\Program Files (x86)\Microsoft Visual Studio\2017\Community\MSBuild\Microsoft\Portable\VisualStudio\v15.0\Microsoft.VisualStudio.PortableLibrary.Build.Tasks.dll
[0b00:0004][2017-10-17T09:47:11] Timestamp updated for file 'C:\Program Files (x86)\Microsoft Visual Studio\2017\Community\MSBuild\Microsoft\Portable\VisualStudio\v15.0\Microsoft.VisualStudio.PortableLibrary.Build.Tasks.dll'.
[0b00:0004][2017-10-17T09:47:11] Package executed successfully. Return code: 0
