[0b00:0004][2017-10-17T09:46:39] Opening the package for processing
[0b00:0004][2017-10-17T09:46:39] Using package payload to get the embedded manifest
[0b00:0004][2017-10-17T09:46:39] Getting list of files within the package
[0b00:0004][2017-10-17T09:46:39] Processing file /Contents/Common7/IDE/CommonExtensions/Microsoft/WindowsXamlFlavor/Microsoft.VisualStudio.Windows.UI.Xaml.Project.dll
[0b00:0004][2017-10-17T09:46:39] Started: Copying file /Contents/Common7/IDE/CommonExtensions/Microsoft/WindowsXamlFlavor/Microsoft.VisualStudio.Windows.UI.Xaml.Project.dll to C:\Program Files (x86)\Microsoft Visual Studio\2017\Community\Common7\IDE\CommonExtensions\Microsoft\WindowsXamlFlavor\Microsoft.VisualStudio.Windows.UI.Xaml.Project.dll
[0b00:0004][2017-10-17T09:46:39] Completed: Copying file /Contents/Common7/IDE/CommonExtensions/Microsoft/WindowsXamlFlavor/Microsoft.VisualStudio.Windows.UI.Xaml.Project.dll to C:\Program Files (x86)\Microsoft Visual Studio\2017\Community\Common7\IDE\CommonExtensions\Microsoft\WindowsXamlFlavor\Microsoft.VisualStudio.Windows.UI.Xaml.Project.dll
[0b00:0004][2017-10-17T09:46:39] Timestamp updated for file 'C:\Program Files (x86)\Microsoft Visual Studio\2017\Community\Common7\IDE\CommonExtensions\Microsoft\WindowsXamlFlavor\Microsoft.VisualStudio.Windows.UI.Xaml.Project.dll'.
[0b00:0004][2017-10-17T09:46:39] Processing file /Contents/Common7/IDE/CommonExtensions/Microsoft/WindowsXamlFlavor/Microsoft.VisualStudio.Windows.UI.Xaml.Project.pkgdef
[0b00:0004][2017-10-17T09:46:39] Started: Copying file /Contents/Common7/IDE/CommonExtensions/Microsoft/WindowsXamlFlavor/Microsoft.VisualStudio.Windows.UI.Xaml.Project.pkgdef to C:\Program Files (x86)\Microsoft Visual Studio\2017\Community\Common7\IDE\CommonExtensions\Microsoft\WindowsXamlFlavor\Microsoft.VisualStudio.Windows.UI.Xaml.Project.pkgdef
[0b00:0004][2017-10-17T09:46:39] Completed: Copying file /Contents/Common7/IDE/CommonExtensions/Microsoft/WindowsXamlFlavor/Microsoft.VisualStudio.Windows.UI.Xaml.Project.pkgdef to C:\Program Files (x86)\Microsoft Visual Studio\2017\Community\Common7\IDE\CommonExtensions\Microsoft\WindowsXamlFlavor\Microsoft.VisualStudio.Windows.UI.Xaml.Project.pkgdef
[0b00:0004][2017-10-17T09:46:39] Timestamp updated for file 'C:\Program Files (x86)\Microsoft Visual Studio\2017\Community\Common7\IDE\CommonExtensions\Microsoft\WindowsXamlFlavor\Microsoft.VisualStudio.Windows.UI.Xaml.Project.pkgdef'.
[0b00:0004][2017-10-17T09:46:39] Processing file /Contents/Common7/IDE/Extensions/Community/CodeSharing_shproj_Ext_Reg_AppId_VisualStudio.pkgdef
[0b00:0004][2017-10-17T09:46:39] Started: Copying file /Contents/Common7/IDE/Extensions/Community/CodeSharing_shproj_Ext_Reg_AppId_VisualStudio.pkgdef to C:\Program Files (x86)\Microsoft Visual Studio\2017\Community\Common7\IDE\Extensions\Community\CodeSharing_shproj_Ext_Reg_AppId_VisualStudio.pkgdef
[0b00:0004][2017-10-17T09:46:39] Completed: Copying file /Contents/Common7/IDE/Extensions/Community/CodeSharing_shproj_Ext_Reg_AppId_VisualStudio.pkgdef to C:\Program Files (x86)\Microsoft Visual Studio\2017\Community\Common7\IDE\Extensions\Community\CodeSharing_shproj_Ext_Reg_AppId_VisualStudio.pkgdef
[0b00:0004][2017-10-17T09:46:39] Timestamp updated for file 'C:\Program Files (x86)\Microsoft Visual Studio\2017\Community\Common7\IDE\Extensions\Community\CodeSharing_shproj_Ext_Reg_AppId_VisualStudio.pkgdef'.
[0b00:0004][2017-10-17T09:46:39] Processing file /Contents/Common7/IDE/Extensions/Community/Detection_Keys_Reg.pkgdef
[0b00:0004][2017-10-17T09:46:39] Started: Copying file /Contents/Common7/IDE/Extensions/Community/Detection_Keys_Reg.pkgdef to C:\Program Files (x86)\Microsoft Visual Studio\2017\Community\Common7\IDE\Extensions\Community\Detection_Keys_Reg.pkgdef
[0b00:0004][2017-10-17T09:46:39] Completed: Copying file /Contents/Common7/IDE/Extensions/Community/Detection_Keys_Reg.pkgdef to C:\Program Files (x86)\Microsoft Visual Studio\2017\Community\Common7\IDE\Extensions\Community\Detection_Keys_Reg.pkgdef
[0b00:0004][2017-10-17T09:46:39] Timestamp updated for file 'C:\Program Files (x86)\Microsoft Visual Studio\2017\Community\Common7\IDE\Extensions\Community\Detection_Keys_Reg.pkgdef'.
[0b00:0004][2017-10-17T09:46:39] Processing file /Contents/Common7/IDE/Extensions/Community/DirProj_Reg_Common_10256.3643236F_FC70_11D3_A536_0090278A1BB8.pkgdef
[0b00:0004][2017-10-17T09:46:39] Started: Copying file /Contents/Common7/IDE/Extensions/Community/DirProj_Reg_Common_10256.3643236F_FC70_11D3_A536_0090278A1BB8.pkgdef to C:\Program Files (x86)\Microsoft Visual Studio\2017\Community\Common7\IDE\Extensions\Community\DirProj_Reg_Common_10256.3643236F_FC70_11D3_A536_0090278A1BB8.pkgdef
[0b00:0004][2017-10-17T09:46:39] Completed: Copying file /Contents/Common7/IDE/Extensions/Community/DirProj_Reg_Common_10256.3643236F_FC70_11D3_A536_0090278A1BB8.pkgdef to C:\Program Files (x86)\Microsoft Visual Studio\2017\Community\Common7\IDE\Extensions\Community\DirProj_Reg_Common_10256.3643236F_FC70_11D3_A536_0090278A1BB8.pkgdef
[0b00:0004][2017-10-17T09:46:39] Timestamp updated for file 'C:\Program Files (x86)\Microsoft Visual Studio\2017\Community\Common7\IDE\Extensions\Community\DirProj_Reg_Common_10256.3643236F_FC70_11D3_A536_0090278A1BB8.pkgdef'.
[0b00:0004][2017-10-17T09:46:39] Processing file /Contents/Common7/IDE/Extensions/Community/HTML_Editor_Reg_for_VS_4090.3643236F_FC70_11D3_A536_0090278A1BB8.pkgdef
[0b00:0004][2017-10-17T09:46:39] Started: Copying file /Contents/Common7/IDE/Extensions/Community/HTML_Editor_Reg_for_VS_4090.3643236F_FC70_11D3_A536_0090278A1BB8.pkgdef to C:\Program Files (x86)\Microsoft Visual Studio\2017\Community\Common7\IDE\Extensions\Community\HTML_Editor_Reg_for_VS_4090.3643236F_FC70_11D3_A536_0090278A1BB8.pkgdef
[0b00:0004][2017-10-17T09:46:39] Completed: Copying file /Contents/Common7/IDE/Extensions/Community/HTML_Editor_Reg_for_VS_4090.3643236F_FC70_11D3_A536_0090278A1BB8.pkgdef to C:\Program Files (x86)\Microsoft Visual Studio\2017\Community\Common7\IDE\Extensions\Community\HTML_Editor_Reg_for_VS_4090.3643236F_FC70_11D3_A536_0090278A1BB8.pkgdef
[0b00:0004][2017-10-17T09:46:39] Timestamp updated for file 'C:\Program Files (x86)\Microsoft Visual Studio\2017\Community\Common7\IDE\Extensions\Community\HTML_Editor_Reg_for_VS_4090.3643236F_FC70_11D3_A536_0090278A1BB8.pkgdef'.
[0b00:0004][2017-10-17T09:46:39] Processing file /Contents/Common7/IDE/Extensions/Community/MSVB7_Registration_for_VB_3609.3643236F_FC70_11D3_A536_0090278A1BB8.pkgdef
[0b00:0004][2017-10-17T09:46:39] Started: Copying file /Contents/Common7/IDE/Extensions/Community/MSVB7_Registration_for_VB_3609.3643236F_FC70_11D3_A536_0090278A1BB8.pkgdef to C:\Program Files (x86)\Microsoft Visual Studio\2017\Community\Common7\IDE\Extensions\Community\MSVB7_Registration_for_VB_3609.3643236F_FC70_11D3_A536_0090278A1BB8.pkgdef
[0b00:0004][2017-10-17T09:46:39] Completed: Copying file /Contents/Common7/IDE/Extensions/Community/MSVB7_Registration_for_VB_3609.3643236F_FC70_11D3_A536_0090278A1BB8.pkgdef to C:\Program Files (x86)\Microsoft Visual Studio\2017\Community\Common7\IDE\Extensions\Community\MSVB7_Registration_for_VB_3609.3643236F_FC70_11D3_A536_0090278A1BB8.pkgdef
[0b00:0004][2017-10-17T09:46:39] Timestamp updated for file 'C:\Program Files (x86)\Microsoft Visual Studio\2017\Community\Common7\IDE\Extensions\Community\MSVB7_Registration_for_VB_3609.3643236F_FC70_11D3_A536_0090278A1BB8.pkgdef'.
[0b00:0004][2017-10-17T09:46:39] Processing file /Contents/Common7/IDE/Extensions/Community/MSVB7_Snippets_Registration_39641.3643236F_FC70_11D3_A536_0090278A1BB8.pkgdef
[0b00:0004][2017-10-17T09:46:39] Started: Copying file /Contents/Common7/IDE/Extensions/Community/MSVB7_Snippets_Registration_39641.3643236F_FC70_11D3_A536_0090278A1BB8.pkgdef to C:\Program Files (x86)\Microsoft Visual Studio\2017\Community\Common7\IDE\Extensions\Community\MSVB7_Snippets_Registration_39641.3643236F_FC70_11D3_A536_0090278A1BB8.pkgdef
[0b00:0004][2017-10-17T09:46:39] Completed: Copying file /Contents/Common7/IDE/Extensions/Community/MSVB7_Snippets_Registration_39641.3643236F_FC70_11D3_A536_0090278A1BB8.pkgdef to C:\Program Files (x86)\Microsoft Visual Studio\2017\Community\Common7\IDE\Extensions\Community\MSVB7_Snippets_Registration_39641.3643236F_FC70_11D3_A536_0090278A1BB8.pkgdef
[0b00:0004][2017-10-17T09:46:39] Timestamp updated for file 'C:\Program Files (x86)\Microsoft Visual Studio\2017\Community\Common7\IDE\Extensions\Community\MSVB7_Snippets_Registration_39641.3643236F_FC70_11D3_A536_0090278A1BB8.pkgdef'.
[0b00:0004][2017-10-17T09:46:39] Processing file /Contents/Common7/IDE/Extensions/Community/Pro_SKU_License_Key_7238.3643236F_FC70_11D3_A536_0090278A1BB8.pkgdef
[0b00:0004][2017-10-17T09:46:39] Started: Copying file /Contents/Common7/IDE/Extensions/Community/Pro_SKU_License_Key_7238.3643236F_FC70_11D3_A536_0090278A1BB8.pkgdef to C:\Program Files (x86)\Microsoft Visual Studio\2017\Community\Common7\IDE\Extensions\Community\Pro_SKU_License_Key_7238.3643236F_FC70_11D3_A536_0090278A1BB8.pkgdef
[0b00:0004][2017-10-17T09:46:39] Completed: Copying file /Contents/Common7/IDE/Extensions/Community/Pro_SKU_License_Key_7238.3643236F_FC70_11D3_A536_0090278A1BB8.pkgdef to C:\Program Files (x86)\Microsoft Visual Studio\2017\Community\Common7\IDE\Extensions\Community\Pro_SKU_License_Key_7238.3643236F_FC70_11D3_A536_0090278A1BB8.pkgdef
[0b00:0004][2017-10-17T09:46:39] Timestamp updated for file 'C:\Program Files (x86)\Microsoft Visual Studio\2017\Community\Common7\IDE\Extensions\Community\Pro_SKU_License_Key_7238.3643236F_FC70_11D3_A536_0090278A1BB8.pkgdef'.
[0b00:0004][2017-10-17T09:46:39] Processing file /Contents/Common7/IDE/Extensions/Community/Razor_Registry_Component_x86.pkgdef
[0b00:0004][2017-10-17T09:46:39] Started: Copying file /Contents/Common7/IDE/Extensions/Community/Razor_Registry_Component_x86.pkgdef to C:\Program Files (x86)\Microsoft Visual Studio\2017\Community\Common7\IDE\Extensions\Community\Razor_Registry_Component_x86.pkgdef
[0b00:0004][2017-10-17T09:46:39] Completed: Copying file /Contents/Common7/IDE/Extensions/Community/Razor_Registry_Component_x86.pkgdef to C:\Program Files (x86)\Microsoft Visual Studio\2017\Community\Common7\IDE\Extensions\Community\Razor_Registry_Component_x86.pkgdef
[0b00:0004][2017-10-17T09:46:39] Timestamp updated for file 'C:\Program Files (x86)\Microsoft Visual Studio\2017\Community\Common7\IDE\Extensions\Community\Razor_Registry_Component_x86.pkgdef'.
[0b00:0004][2017-10-17T09:46:39] Processing file /Contents/Common7/IDE/Extensions/Community/ResW_FileExtension_Registration.pkgdef
[0b00:0004][2017-10-17T09:46:39] Started: Copying file /Contents/Common7/IDE/Extensions/Community/ResW_FileExtension_Registration.pkgdef to C:\Program Files (x86)\Microsoft Visual Studio\2017\Community\Common7\IDE\Extensions\Community\ResW_FileExtension_Registration.pkgdef
[0b00:0004][2017-10-17T09:46:39] Completed: Copying file /Contents/Common7/IDE/Extensions/Community/ResW_FileExtension_Registration.pkgdef to C:\Program Files (x86)\Microsoft Visual Studio\2017\Community\Common7\IDE\Extensions\Community\ResW_FileExtension_Registration.pkgdef
[0b00:0004][2017-10-17T09:46:39] Timestamp updated for file 'C:\Program Files (x86)\Microsoft Visual Studio\2017\Community\Common7\IDE\Extensions\Community\ResW_FileExtension_Registration.pkgdef'.
[0b00:0004][2017-10-17T09:46:39] Processing file /Contents/Common7/IDE/Extensions/Community/Silverlight_SL4_Reg_x86.3643236F_FC70_11D3_A536_0090278A1BB8.pkgdef
[0b00:0004][2017-10-17T09:46:39] Started: Copying file /Contents/Common7/IDE/Extensions/Community/Silverlight_SL4_Reg_x86.3643236F_FC70_11D3_A536_0090278A1BB8.pkgdef to C:\Program Files (x86)\Microsoft Visual Studio\2017\Community\Common7\IDE\Extensions\Community\Silverlight_SL4_Reg_x86.3643236F_FC70_11D3_A536_0090278A1BB8.pkgdef
[0b00:0004][2017-10-17T09:46:39] Completed: Copying file /Contents/Common7/IDE/Extensions/Community/Silverlight_SL4_Reg_x86.3643236F_FC70_11D3_A536_0090278A1BB8.pkgdef to C:\Program Files (x86)\Microsoft Visual Studio\2017\Community\Common7\IDE\Extensions\Community\Silverlight_SL4_Reg_x86.3643236F_FC70_11D3_A536_0090278A1BB8.pkgdef
[0b00:0004][2017-10-17T09:46:39] Timestamp updated for file 'C:\Program Files (x86)\Microsoft Visual Studio\2017\Community\Common7\IDE\Extensions\Community\Silverlight_SL4_Reg_x86.3643236F_FC70_11D3_A536_0090278A1BB8.pkgdef'.
[0b00:0004][2017-10-17T09:46:39] Processing file /Contents/Common7/IDE/Extensions/Community/SxS.MSVSEditors_Reg_VS_27145.3643236F_FC70_11D3_A536_0090278A1BB8.pkgdef
[0b00:0004][2017-10-17T09:46:39] Started: Copying file /Contents/Common7/IDE/Extensions/Community/SxS.MSVSEditors_Reg_VS_27145.3643236F_FC70_11D3_A536_0090278A1BB8.pkgdef to C:\Program Files (x86)\Microsoft Visual Studio\2017\Community\Common7\IDE\Extensions\Community\SxS.MSVSEditors_Reg_VS_27145.3643236F_FC70_11D3_A536_0090278A1BB8.pkgdef
[0b00:0004][2017-10-17T09:46:39] Completed: Copying file /Contents/Common7/IDE/Extensions/Community/SxS.MSVSEditors_Reg_VS_27145.3643236F_FC70_11D3_A536_0090278A1BB8.pkgdef to C:\Program Files (x86)\Microsoft Visual Studio\2017\Community\Common7\IDE\Extensions\Community\SxS.MSVSEditors_Reg_VS_27145.3643236F_FC70_11D3_A536_0090278A1BB8.pkgdef
[0b00:0004][2017-10-17T09:46:39] Timestamp updated for file 'C:\Program Files (x86)\Microsoft Visual Studio\2017\Community\Common7\IDE\Extensions\Community\SxS.MSVSEditors_Reg_VS_27145.3643236F_FC70_11D3_A536_0090278A1BB8.pkgdef'.
[0b00:0004][2017-10-17T09:46:39] Processing file /Contents/Common7/IDE/Extensions/Community/TLBINF32_Reg_VS_5752.3643236F_FC70_11D3_A536_0090278A1BB8.pkgdef
[0b00:0004][2017-10-17T09:46:39] Started: Copying file /Contents/Common7/IDE/Extensions/Community/TLBINF32_Reg_VS_5752.3643236F_FC70_11D3_A536_0090278A1BB8.pkgdef to C:\Program Files (x86)\Microsoft Visual Studio\2017\Community\Common7\IDE\Extensions\Community\TLBINF32_Reg_VS_5752.3643236F_FC70_11D3_A536_0090278A1BB8.pkgdef
[0b00:0004][2017-10-17T09:46:39] Completed: Copying file /Contents/Common7/IDE/Extensions/Community/TLBINF32_Reg_VS_5752.3643236F_FC70_11D3_A536_0090278A1BB8.pkgdef to C:\Program Files (x86)\Microsoft Visual Studio\2017\Community\Common7\IDE\Extensions\Community\TLBINF32_Reg_VS_5752.3643236F_FC70_11D3_A536_0090278A1BB8.pkgdef
[0b00:0004][2017-10-17T09:46:39] Timestamp updated for file 'C:\Program Files (x86)\Microsoft Visual Studio\2017\Community\Common7\IDE\Extensions\Community\TLBINF32_Reg_VS_5752.3643236F_FC70_11D3_A536_0090278A1BB8.pkgdef'.
[0b00:0004][2017-10-17T09:46:39] Processing file /Contents/Common7/IDE/Extensions/Community/VB7to8DL_DLL_Reg_27312.3643236F_FC70_11D3_A536_0090278A1BB8.pkgdef
[0b00:0004][2017-10-17T09:46:39] Started: Copying file /Contents/Common7/IDE/Extensions/Community/VB7to8DL_DLL_Reg_27312.3643236F_FC70_11D3_A536_0090278A1BB8.pkgdef to C:\Program Files (x86)\Microsoft Visual Studio\2017\Community\Common7\IDE\Extensions\Community\VB7to8DL_DLL_Reg_27312.3643236F_FC70_11D3_A536_0090278A1BB8.pkgdef
[0b00:0004][2017-10-17T09:46:39] Completed: Copying file /Contents/Common7/IDE/Extensions/Community/VB7to8DL_DLL_Reg_27312.3643236F_FC70_11D3_A536_0090278A1BB8.pkgdef to C:\Program Files (x86)\Microsoft Visual Studio\2017\Community\Common7\IDE\Extensions\Community\VB7to8DL_DLL_Reg_27312.3643236F_FC70_11D3_A536_0090278A1BB8.pkgdef
[0b00:0004][2017-10-17T09:46:39] Timestamp updated for file 'C:\Program Files (x86)\Microsoft Visual Studio\2017\Community\Common7\IDE\Extensions\Community\VB7to8DL_DLL_Reg_27312.3643236F_FC70_11D3_A536_0090278A1BB8.pkgdef'.
[0b00:0004][2017-10-17T09:46:39] Processing file /Contents/Common7/IDE/Extensions/Community/VB_Debug_Registration_x86.8E110D54_B611_4106_AA24_D1D63302A114.pkgdef
[0b00:0004][2017-10-17T09:46:39] Started: Copying file /Contents/Common7/IDE/Extensions/Community/VB_Debug_Registration_x86.8E110D54_B611_4106_AA24_D1D63302A114.pkgdef to C:\Program Files (x86)\Microsoft Visual Studio\2017\Community\Common7\IDE\Extensions\Community\VB_Debug_Registration_x86.8E110D54_B611_4106_AA24_D1D63302A114.pkgdef
[0b00:0004][2017-10-17T09:46:39] Completed: Copying file /Contents/Common7/IDE/Extensions/Community/VB_Debug_Registration_x86.8E110D54_B611_4106_AA24_D1D63302A114.pkgdef to C:\Program Files (x86)\Microsoft Visual Studio\2017\Community\Common7\IDE\Extensions\Community\VB_Debug_Registration_x86.8E110D54_B611_4106_AA24_D1D63302A114.pkgdef
[0b00:0004][2017-10-17T09:46:39] Timestamp updated for file 'C:\Program Files (x86)\Microsoft Visual Studio\2017\Community\Common7\IDE\Extensions\Community\VB_Debug_Registration_x86.8E110D54_B611_4106_AA24_D1D63302A114.pkgdef'.
[0b00:0004][2017-10-17T09:46:39] Processing file /Contents/Common7/IDE/Extensions/Community/VB_Install_Dir_Registry_Entry_1882.3643236F_FC70_11D3_A536_0090278A1BB8.pkgdef
[0b00:0004][2017-10-17T09:46:39] Started: Copying file /Contents/Common7/IDE/Extensions/Community/VB_Install_Dir_Registry_Entry_1882.3643236F_FC70_11D3_A536_0090278A1BB8.pkgdef to C:\Program Files (x86)\Microsoft Visual Studio\2017\Community\Common7\IDE\Extensions\Community\VB_Install_Dir_Registry_Entry_1882.3643236F_FC70_11D3_A536_0090278A1BB8.pkgdef
[0b00:0004][2017-10-17T09:46:39] Completed: Copying file /Contents/Common7/IDE/Extensions/Community/VB_Install_Dir_Registry_Entry_1882.3643236F_FC70_11D3_A536_0090278A1BB8.pkgdef to C:\Program Files (x86)\Microsoft Visual Studio\2017\Community\Common7\IDE\Extensions\Community\VB_Install_Dir_Registry_Entry_1882.3643236F_FC70_11D3_A536_0090278A1BB8.pkgdef
[0b00:0004][2017-10-17T09:46:39] Timestamp updated for file 'C:\Program Files (x86)\Microsoft Visual Studio\2017\Community\Common7\IDE\Extensions\Community\VB_Install_Dir_Registry_Entry_1882.3643236F_FC70_11D3_A536_0090278A1BB8.pkgdef'.
[0b00:0004][2017-10-17T09:46:39] Processing file /Contents/Common7/IDE/Extensions/Community/VB_Project_Package_745_____x86.3643236F_FC70_11D3_A536_0090278A1BB8.pkgdef
[0b00:0004][2017-10-17T09:46:39] Started: Copying file /Contents/Common7/IDE/Extensions/Community/VB_Project_Package_745_____x86.3643236F_FC70_11D3_A536_0090278A1BB8.pkgdef to C:\Program Files (x86)\Microsoft Visual Studio\2017\Community\Common7\IDE\Extensions\Community\VB_Project_Package_745_____x86.3643236F_FC70_11D3_A536_0090278A1BB8.pkgdef
[0b00:0004][2017-10-17T09:46:39] Completed: Copying file /Contents/Common7/IDE/Extensions/Community/VB_Project_Package_745_____x86.3643236F_FC70_11D3_A536_0090278A1BB8.pkgdef to C:\Program Files (x86)\Microsoft Visual Studio\2017\Community\Common7\IDE\Extensions\Community\VB_Project_Package_745_____x86.3643236F_FC70_11D3_A536_0090278A1BB8.pkgdef
[0b00:0004][2017-10-17T09:46:39] Timestamp updated for file 'C:\Program Files (x86)\Microsoft Visual Studio\2017\Community\Common7\IDE\Extensions\Community\VB_Project_Package_745_____x86.3643236F_FC70_11D3_A536_0090278A1BB8.pkgdef'.
[0b00:0004][2017-10-17T09:46:39] Processing file /Contents/Common7/IDE/Extensions/Community/VB_Project_Reg_VS_26699.3643236F_FC70_11D3_A536_0090278A1BB8.pkgdef
[0b00:0004][2017-10-17T09:46:39] Started: Copying file /Contents/Common7/IDE/Extensions/Community/VB_Project_Reg_VS_26699.3643236F_FC70_11D3_A536_0090278A1BB8.pkgdef to C:\Program Files (x86)\Microsoft Visual Studio\2017\Community\Common7\IDE\Extensions\Community\VB_Project_Reg_VS_26699.3643236F_FC70_11D3_A536_0090278A1BB8.pkgdef
[0b00:0004][2017-10-17T09:46:39] Completed: Copying file /Contents/Common7/IDE/Extensions/Community/VB_Project_Reg_VS_26699.3643236F_FC70_11D3_A536_0090278A1BB8.pkgdef to C:\Program Files (x86)\Microsoft Visual Studio\2017\Community\Common7\IDE\Extensions\Community\VB_Project_Reg_VS_26699.3643236F_FC70_11D3_A536_0090278A1BB8.pkgdef
[0b00:0004][2017-10-17T09:46:39] Timestamp updated for file 'C:\Program Files (x86)\Microsoft Visual Studio\2017\Community\Common7\IDE\Extensions\Community\VB_Project_Reg_VS_26699.3643236F_FC70_11D3_A536_0090278A1BB8.pkgdef'.
[0b00:0004][2017-10-17T09:46:39] Processing file /Contents/Common7/IDE/Extensions/Community/VB_Project_Reg_VS_26699b.3643236F_FC70_11D3_A536_0090278A1BB8.pkgdef
[0b00:0004][2017-10-17T09:46:39] Started: Copying file /Contents/Common7/IDE/Extensions/Community/VB_Project_Reg_VS_26699b.3643236F_FC70_11D3_A536_0090278A1BB8.pkgdef to C:\Program Files (x86)\Microsoft Visual Studio\2017\Community\Common7\IDE\Extensions\Community\VB_Project_Reg_VS_26699b.3643236F_FC70_11D3_A536_0090278A1BB8.pkgdef
[0b00:0004][2017-10-17T09:46:39] Completed: Copying file /Contents/Common7/IDE/Extensions/Community/VB_Project_Reg_VS_26699b.3643236F_FC70_11D3_A536_0090278A1BB8.pkgdef to C:\Program Files (x86)\Microsoft Visual Studio\2017\Community\Common7\IDE\Extensions\Community\VB_Project_Reg_VS_26699b.3643236F_FC70_11D3_A536_0090278A1BB8.pkgdef
[0b00:0004][2017-10-17T09:46:39] Timestamp updated for file 'C:\Program Files (x86)\Microsoft Visual Studio\2017\Community\Common7\IDE\Extensions\Community\VB_Project_Reg_VS_26699b.3643236F_FC70_11D3_A536_0090278A1BB8.pkgdef'.
[0b00:0004][2017-10-17T09:46:39] Processing file /Contents/Common7/IDE/Extensions/Community/VB_Project_Reg_VS_26704.3643236F_FC70_11D3_A536_0090278A1BB8.pkgdef
[0b00:0004][2017-10-17T09:46:39] Started: Copying file /Contents/Common7/IDE/Extensions/Community/VB_Project_Reg_VS_26704.3643236F_FC70_11D3_A536_0090278A1BB8.pkgdef to C:\Program Files (x86)\Microsoft Visual Studio\2017\Community\Common7\IDE\Extensions\Community\VB_Project_Reg_VS_26704.3643236F_FC70_11D3_A536_0090278A1BB8.pkgdef
[0b00:0004][2017-10-17T09:46:39] Completed: Copying file /Contents/Common7/IDE/Extensions/Community/VB_Project_Reg_VS_26704.3643236F_FC70_11D3_A536_0090278A1BB8.pkgdef to C:\Program Files (x86)\Microsoft Visual Studio\2017\Community\Common7\IDE\Extensions\Community\VB_Project_Reg_VS_26704.3643236F_FC70_11D3_A536_0090278A1BB8.pkgdef
[0b00:0004][2017-10-17T09:46:39] Timestamp updated for file 'C:\Program Files (x86)\Microsoft Visual Studio\2017\Community\Common7\IDE\Extensions\Community\VB_Project_Reg_VS_26704.3643236F_FC70_11D3_A536_0090278A1BB8.pkgdef'.
[0b00:0004][2017-10-17T09:46:39] Processing file /Contents/Common7/IDE/Extensions/Community/VCSharp_Proj_System_Reg_26672.3643236F_FC70_11D3_A536_0090278A1BB8.pkgdef
[0b00:0004][2017-10-17T09:46:39] Started: Copying file /Contents/Common7/IDE/Extensions/Community/VCSharp_Proj_System_Reg_26672.3643236F_FC70_11D3_A536_0090278A1BB8.pkgdef to C:\Program Files (x86)\Microsoft Visual Studio\2017\Community\Common7\IDE\Extensions\Community\VCSharp_Proj_System_Reg_26672.3643236F_FC70_11D3_A536_0090278A1BB8.pkgdef
[0b00:0004][2017-10-17T09:46:39] Completed: Copying file /Contents/Common7/IDE/Extensions/Community/VCSharp_Proj_System_Reg_26672.3643236F_FC70_11D3_A536_0090278A1BB8.pkgdef to C:\Program Files (x86)\Microsoft Visual Studio\2017\Community\Common7\IDE\Extensions\Community\VCSharp_Proj_System_Reg_26672.3643236F_FC70_11D3_A536_0090278A1BB8.pkgdef
[0b00:0004][2017-10-17T09:46:39] Timestamp updated for file 'C:\Program Files (x86)\Microsoft Visual Studio\2017\Community\Common7\IDE\Extensions\Community\VCSharp_Proj_System_Reg_26672.3643236F_FC70_11D3_A536_0090278A1BB8.pkgdef'.
[0b00:0004][2017-10-17T09:46:39] Processing file /Contents/Common7/IDE/Extensions/Community/VS_Diagnostics_IntelliTraceShell_Component.pkgdef
[0b00:0004][2017-10-17T09:46:39] Started: Copying file /Contents/Common7/IDE/Extensions/Community/VS_Diagnostics_IntelliTraceShell_Component.pkgdef to C:\Program Files (x86)\Microsoft Visual Studio\2017\Community\Common7\IDE\Extensions\Community\VS_Diagnostics_IntelliTraceShell_Component.pkgdef
[0b00:0004][2017-10-17T09:46:39] Completed: Copying file /Contents/Common7/IDE/Extensions/Community/VS_Diagnostics_IntelliTraceShell_Component.pkgdef to C:\Program Files (x86)\Microsoft Visual Studio\2017\Community\Common7\IDE\Extensions\Community\VS_Diagnostics_IntelliTraceShell_Component.pkgdef
[0b00:0004][2017-10-17T09:46:39] Timestamp updated for file 'C:\Program Files (x86)\Microsoft Visual Studio\2017\Community\Common7\IDE\Extensions\Community\VS_Diagnostics_IntelliTraceShell_Component.pkgdef'.
[0b00:0004][2017-10-17T09:46:39] Processing file /Contents/Common7/IDE/Extensions/Community/VS_LangPackRegistry_FirstLangPackInfo.pkgdef
[0b00:0004][2017-10-17T09:46:39] Started: Copying file /Contents/Common7/IDE/Extensions/Community/VS_LangPackRegistry_FirstLangPackInfo.pkgdef to C:\Program Files (x86)\Microsoft Visual Studio\2017\Community\Common7\IDE\Extensions\Community\VS_LangPackRegistry_FirstLangPackInfo.pkgdef
[0b00:0004][2017-10-17T09:46:39] Completed: Copying file /Contents/Common7/IDE/Extensions/Community/VS_LangPackRegistry_FirstLangPackInfo.pkgdef to C:\Program Files (x86)\Microsoft Visual Studio\2017\Community\Common7\IDE\Extensions\Community\VS_LangPackRegistry_FirstLangPackInfo.pkgdef
[0b00:0004][2017-10-17T09:46:39] Timestamp updated for file 'C:\Program Files (x86)\Microsoft Visual Studio\2017\Community\Common7\IDE\Extensions\Community\VS_LangPackRegistry_FirstLangPackInfo.pkgdef'.
[0b00:0004][2017-10-17T09:46:39] Processing file /Contents/Common7/IDE/Extensions/Community/VS_SCC_EMP_Reg_for_VS_8486.3643236F_FC70_11D3_A536_0090278A1BB8.pkgdef
[0b00:0004][2017-10-17T09:46:39] Started: Copying file /Contents/Common7/IDE/Extensions/Community/VS_SCC_EMP_Reg_for_VS_8486.3643236F_FC70_11D3_A536_0090278A1BB8.pkgdef to C:\Program Files (x86)\Microsoft Visual Studio\2017\Community\Common7\IDE\Extensions\Community\VS_SCC_EMP_Reg_for_VS_8486.3643236F_FC70_11D3_A536_0090278A1BB8.pkgdef
[0b00:0004][2017-10-17T09:46:39] Completed: Copying file /Contents/Common7/IDE/Extensions/Community/VS_SCC_EMP_Reg_for_VS_8486.3643236F_FC70_11D3_A536_0090278A1BB8.pkgdef to C:\Program Files (x86)\Microsoft Visual Studio\2017\Community\Common7\IDE\Extensions\Community\VS_SCC_EMP_Reg_for_VS_8486.3643236F_FC70_11D3_A536_0090278A1BB8.pkgdef
[0b00:0004][2017-10-17T09:46:39] Timestamp updated for file 'C:\Program Files (x86)\Microsoft Visual Studio\2017\Community\Common7\IDE\Extensions\Community\VS_SCC_EMP_Reg_for_VS_8486.3643236F_FC70_11D3_A536_0090278A1BB8.pkgdef'.
[0b00:0004][2017-10-17T09:46:39] Processing file /Contents/Common7/IDE/Extensions/Community/VS_SCC_Integration_Core_Registry_for_VS_3560.3643236F_FC70_11D3_A536_0090278A1BB8.pkgdef
[0b00:0004][2017-10-17T09:46:39] Started: Copying file /Contents/Common7/IDE/Extensions/Community/VS_SCC_Integration_Core_Registry_for_VS_3560.3643236F_FC70_11D3_A536_0090278A1BB8.pkgdef to C:\Program Files (x86)\Microsoft Visual Studio\2017\Community\Common7\IDE\Extensions\Community\VS_SCC_Integration_Core_Registry_for_VS_3560.3643236F_FC70_11D3_A536_0090278A1BB8.pkgdef
[0b00:0004][2017-10-17T09:46:39] Completed: Copying file /Contents/Common7/IDE/Extensions/Community/VS_SCC_Integration_Core_Registry_for_VS_3560.3643236F_FC70_11D3_A536_0090278A1BB8.pkgdef to C:\Program Files (x86)\Microsoft Visual Studio\2017\Community\Common7\IDE\Extensions\Community\VS_SCC_Integration_Core_Registry_for_VS_3560.3643236F_FC70_11D3_A536_0090278A1BB8.pkgdef
[0b00:0004][2017-10-17T09:46:39] Timestamp updated for file 'C:\Program Files (x86)\Microsoft Visual Studio\2017\Community\Common7\IDE\Extensions\Community\VS_SCC_Integration_Core_Registry_for_VS_3560.3643236F_FC70_11D3_A536_0090278A1BB8.pkgdef'.
[0b00:0004][2017-10-17T09:46:39] Processing file /Contents/Common7/IDE/Extensions/Community/VS_SCC_TeamCore_Reg_for_VS_4694.3643236F_FC70_11D3_A536_0090278A1BB8.pkgdef
[0b00:0004][2017-10-17T09:46:39] Started: Copying file /Contents/Common7/IDE/Extensions/Community/VS_SCC_TeamCore_Reg_for_VS_4694.3643236F_FC70_11D3_A536_0090278A1BB8.pkgdef to C:\Program Files (x86)\Microsoft Visual Studio\2017\Community\Common7\IDE\Extensions\Community\VS_SCC_TeamCore_Reg_for_VS_4694.3643236F_FC70_11D3_A536_0090278A1BB8.pkgdef
[0b00:0004][2017-10-17T09:46:39] Completed: Copying file /Contents/Common7/IDE/Extensions/Community/VS_SCC_TeamCore_Reg_for_VS_4694.3643236F_FC70_11D3_A536_0090278A1BB8.pkgdef to C:\Program Files (x86)\Microsoft Visual Studio\2017\Community\Common7\IDE\Extensions\Community\VS_SCC_TeamCore_Reg_for_VS_4694.3643236F_FC70_11D3_A536_0090278A1BB8.pkgdef
[0b00:0004][2017-10-17T09:46:39] Timestamp updated for file 'C:\Program Files (x86)\Microsoft Visual Studio\2017\Community\Common7\IDE\Extensions\Community\VS_SCC_TeamCore_Reg_for_VS_4694.3643236F_FC70_11D3_A536_0090278A1BB8.pkgdef'.
[0b00:0004][2017-10-17T09:46:39] Processing file /Contents/Common7/IDE/Extensions/Community/XmlEditor_Shared_Reg.3643236F_FC70_11D3_A536_0090278A1BB8.pkgdef
[0b00:0004][2017-10-17T09:46:39] Started: Copying file /Contents/Common7/IDE/Extensions/Community/XmlEditor_Shared_Reg.3643236F_FC70_11D3_A536_0090278A1BB8.pkgdef to C:\Program Files (x86)\Microsoft Visual Studio\2017\Community\Common7\IDE\Extensions\Community\XmlEditor_Shared_Reg.3643236F_FC70_11D3_A536_0090278A1BB8.pkgdef
[0b00:0004][2017-10-17T09:46:39] Completed: Copying file /Contents/Common7/IDE/Extensions/Community/XmlEditor_Shared_Reg.3643236F_FC70_11D3_A536_0090278A1BB8.pkgdef to C:\Program Files (x86)\Microsoft Visual Studio\2017\Community\Common7\IDE\Extensions\Community\XmlEditor_Shared_Reg.3643236F_FC70_11D3_A536_0090278A1BB8.pkgdef
[0b00:0004][2017-10-17T09:46:39] Timestamp updated for file 'C:\Program Files (x86)\Microsoft Visual Studio\2017\Community\Common7\IDE\Extensions\Community\XmlEditor_Shared_Reg.3643236F_FC70_11D3_A536_0090278A1BB8.pkgdef'.
[0b00:0004][2017-10-17T09:46:39] Processing file /contents/Common7/IDE/ItemTemplates/Microsoft.VisualStudio.Community.Extra.Item..vstman
[0b00:0004][2017-10-17T09:46:39] Started: Copying file /contents/Common7/IDE/ItemTemplates/Microsoft.VisualStudio.Community.Extra.Item..vstman to C:\Program Files (x86)\Microsoft Visual Studio\2017\Community\Common7\IDE\ItemTemplates\Microsoft.VisualStudio.Community.Extra.Item..vstman
[0b00:0004][2017-10-17T09:46:39] Completed: Copying file /contents/Common7/IDE/ItemTemplates/Microsoft.VisualStudio.Community.Extra.Item..vstman to C:\Program Files (x86)\Microsoft Visual Studio\2017\Community\Common7\IDE\ItemTemplates\Microsoft.VisualStudio.Community.Extra.Item..vstman
[0b00:0004][2017-10-17T09:46:39] Timestamp updated for file 'C:\Program Files (x86)\Microsoft Visual Studio\2017\Community\Common7\IDE\ItemTemplates\Microsoft.VisualStudio.Community.Extra.Item..vstman'.
[0b00:0004][2017-10-17T09:46:39] Processing file /Contents/Common7/IDE/ItemTemplates/RulesetTemplates.vstman
[0b00:0004][2017-10-17T09:46:39] Started: Copying file /Contents/Common7/IDE/ItemTemplates/RulesetTemplates.vstman to C:\Program Files (x86)\Microsoft Visual Studio\2017\Community\Common7\IDE\ItemTemplates\RulesetTemplates.vstman
[0b00:0004][2017-10-17T09:46:39] Completed: Copying file /Contents/Common7/IDE/ItemTemplates/RulesetTemplates.vstman to C:\Program Files (x86)\Microsoft Visual Studio\2017\Community\Common7\IDE\ItemTemplates\RulesetTemplates.vstman
[0b00:0004][2017-10-17T09:46:39] Timestamp updated for file 'C:\Program Files (x86)\Microsoft Visual Studio\2017\Community\Common7\IDE\ItemTemplates\RulesetTemplates.vstman'.
[0b00:0004][2017-10-17T09:46:39] Processing file /Contents/Common7/IDE/ItemTemplates/VC/Windows%20Store/Windows%20Store.vstdir
[0b00:0004][2017-10-17T09:46:39] Started: Copying file /Contents/Common7/IDE/ItemTemplates/VC/Windows%20Store/Windows%20Store.vstdir to C:\Program Files (x86)\Microsoft Visual Studio\2017\Community\Common7\IDE\ItemTemplates\VC\Windows Store\Windows Store.vstdir
[0b00:0004][2017-10-17T09:46:39] Completed: Copying file /Contents/Common7/IDE/ItemTemplates/VC/Windows%20Store/Windows%20Store.vstdir to C:\Program Files (x86)\Microsoft Visual Studio\2017\Community\Common7\IDE\ItemTemplates\VC\Windows Store\Windows Store.vstdir
[0b00:0004][2017-10-17T09:46:39] Timestamp updated for file 'C:\Program Files (x86)\Microsoft Visual Studio\2017\Community\Common7\IDE\ItemTemplates\VC\Windows Store\Windows Store.vstdir'.
[0b00:0004][2017-10-17T09:46:39] Processing file /Contents/Common7/IDE/PrivateAssemblies/Microsoft.DiaSymReader.PortablePdb.dll
[0b00:0004][2017-10-17T09:46:39] Started: Copying file /Contents/Common7/IDE/PrivateAssemblies/Microsoft.DiaSymReader.PortablePdb.dll to C:\Program Files (x86)\Microsoft Visual Studio\2017\Community\Common7\IDE\PrivateAssemblies\Microsoft.DiaSymReader.PortablePdb.dll
[0b00:0004][2017-10-17T09:46:39] Completed: Copying file /Contents/Common7/IDE/PrivateAssemblies/Microsoft.DiaSymReader.PortablePdb.dll to C:\Program Files (x86)\Microsoft Visual Studio\2017\Community\Common7\IDE\PrivateAssemblies\Microsoft.DiaSymReader.PortablePdb.dll
[0b00:0004][2017-10-17T09:46:39] Timestamp updated for file 'C:\Program Files (x86)\Microsoft Visual Studio\2017\Community\Common7\IDE\PrivateAssemblies\Microsoft.DiaSymReader.PortablePdb.dll'.
[0b00:0004][2017-10-17T09:46:39] Processing file /Contents/Common7/IDE/Profiles/JavaScript.vssettings
[0b00:0004][2017-10-17T09:46:39] Started: Copying file /Contents/Common7/IDE/Profiles/JavaScript.vssettings to C:\Program Files (x86)\Microsoft Visual Studio\2017\Community\Common7\IDE\Profiles\JavaScript.vssettings
[0b00:0004][2017-10-17T09:46:39] Completed: Copying file /Contents/Common7/IDE/Profiles/JavaScript.vssettings to C:\Program Files (x86)\Microsoft Visual Studio\2017\Community\Common7\IDE\Profiles\JavaScript.vssettings
[0b00:0004][2017-10-17T09:46:39] Timestamp updated for file 'C:\Program Files (x86)\Microsoft Visual Studio\2017\Community\Common7\IDE\Profiles\JavaScript.vssettings'.
[0b00:0004][2017-10-17T09:46:39] Processing file /contents/Common7/IDE/ProjectTemplates/Microsoft.VisualStudio.Community.Extra.Project..vstman
[0b00:0004][2017-10-17T09:46:39] Started: Copying file /contents/Common7/IDE/ProjectTemplates/Microsoft.VisualStudio.Community.Extra.Project..vstman to C:\Program Files (x86)\Microsoft Visual Studio\2017\Community\Common7\IDE\ProjectTemplates\Microsoft.VisualStudio.Community.Extra.Project..vstman
[0b00:0004][2017-10-17T09:46:39] Completed: Copying file /contents/Common7/IDE/ProjectTemplates/Microsoft.VisualStudio.Community.Extra.Project..vstman to C:\Program Files (x86)\Microsoft Visual Studio\2017\Community\Common7\IDE\ProjectTemplates\Microsoft.VisualStudio.Community.Extra.Project..vstman
[0b00:0004][2017-10-17T09:46:39] Timestamp updated for file 'C:\Program Files (x86)\Microsoft Visual Studio\2017\Community\Common7\IDE\ProjectTemplates\Microsoft.VisualStudio.Community.Extra.Project..vstman'.
[0b00:0004][2017-10-17T09:46:39] Processing file /Contents/Common7/IDE/ProjectTemplates/VC/Windows%20Root/Store%20Apps/Universal%20Apps/SharedApps.VSTDIR
[0b00:0004][2017-10-17T09:46:39] Started: Copying file /Contents/Common7/IDE/ProjectTemplates/VC/Windows%20Root/Store%20Apps/Universal%20Apps/SharedApps.VSTDIR to C:\Program Files (x86)\Microsoft Visual Studio\2017\Community\Common7\IDE\ProjectTemplates\VC\Windows Root\Store Apps\Universal Apps\SharedApps.VSTDIR
[0b00:0004][2017-10-17T09:46:39] Completed: Copying file /Contents/Common7/IDE/ProjectTemplates/VC/Windows%20Root/Store%20Apps/Universal%20Apps/SharedApps.VSTDIR to C:\Program Files (x86)\Microsoft Visual Studio\2017\Community\Common7\IDE\ProjectTemplates\VC\Windows Root\Store Apps\Universal Apps\SharedApps.VSTDIR
[0b00:0004][2017-10-17T09:46:39] Timestamp updated for file 'C:\Program Files (x86)\Microsoft Visual Studio\2017\Community\Common7\IDE\ProjectTemplates\VC\Windows Root\Store Apps\Universal Apps\SharedApps.VSTDIR'.
[0b00:0004][2017-10-17T09:46:39] Processing file /Contents/Common7/IDE/ProjectTemplates/VC/Windows%20Root/Store%20Apps/Windows%20Store/WindowsStore.vstdir
[0b00:0004][2017-10-17T09:46:39] Started: Copying file /Contents/Common7/IDE/ProjectTemplates/VC/Windows%20Root/Store%20Apps/Windows%20Store/WindowsStore.vstdir to C:\Program Files (x86)\Microsoft Visual Studio\2017\Community\Common7\IDE\ProjectTemplates\VC\Windows Root\Store Apps\Windows Store\WindowsStore.vstdir
[0b00:0004][2017-10-17T09:46:39] Completed: Copying file /Contents/Common7/IDE/ProjectTemplates/VC/Windows%20Root/Store%20Apps/Windows%20Store/WindowsStore.vstdir to C:\Program Files (x86)\Microsoft Visual Studio\2017\Community\Common7\IDE\ProjectTemplates\VC\Windows Root\Store Apps\Windows Store\WindowsStore.vstdir
[0b00:0004][2017-10-17T09:46:39] Timestamp updated for file 'C:\Program Files (x86)\Microsoft Visual Studio\2017\Community\Common7\IDE\ProjectTemplates\VC\Windows Root\Store Apps\Windows Store\WindowsStore.vstdir'.
[0b00:0004][2017-10-17T09:46:39] Processing file /Contents/Common7/IDE/ProjectTemplates/VC/Windows%20Root/Store%20Apps/WindowsDevices.VSTDIR
[0b00:0004][2017-10-17T09:46:39] Started: Copying file /Contents/Common7/IDE/ProjectTemplates/VC/Windows%20Root/Store%20Apps/WindowsDevices.VSTDIR to C:\Program Files (x86)\Microsoft Visual Studio\2017\Community\Common7\IDE\ProjectTemplates\VC\Windows Root\Store Apps\WindowsDevices.VSTDIR
[0b00:0004][2017-10-17T09:46:39] Completed: Copying file /Contents/Common7/IDE/ProjectTemplates/VC/Windows%20Root/Store%20Apps/WindowsDevices.VSTDIR to C:\Program Files (x86)\Microsoft Visual Studio\2017\Community\Common7\IDE\ProjectTemplates\VC\Windows Root\Store Apps\WindowsDevices.VSTDIR
[0b00:0004][2017-10-17T09:46:39] Timestamp updated for file 'C:\Program Files (x86)\Microsoft Visual Studio\2017\Community\Common7\IDE\ProjectTemplates\VC\Windows Root\Store Apps\WindowsDevices.VSTDIR'.
[0b00:0004][2017-10-17T09:46:39] Processing file /Contents/Common7/IDE/ProjectTemplates/VC/Windows%20Root/WindowsRoot.VSTDIR
[0b00:0004][2017-10-17T09:46:39] Started: Copying file /Contents/Common7/IDE/ProjectTemplates/VC/Windows%20Root/WindowsRoot.VSTDIR to C:\Program Files (x86)\Microsoft Visual Studio\2017\Community\Common7\IDE\ProjectTemplates\VC\Windows Root\WindowsRoot.VSTDIR
[0b00:0004][2017-10-17T09:46:39] Completed: Copying file /Contents/Common7/IDE/ProjectTemplates/VC/Windows%20Root/WindowsRoot.VSTDIR to C:\Program Files (x86)\Microsoft Visual Studio\2017\Community\Common7\IDE\ProjectTemplates\VC\Windows Root\WindowsRoot.VSTDIR
[0b00:0004][2017-10-17T09:46:39] Timestamp updated for file 'C:\Program Files (x86)\Microsoft Visual Studio\2017\Community\Common7\IDE\ProjectTemplates\VC\Windows Root\WindowsRoot.VSTDIR'.
[0b00:0004][2017-10-17T09:46:39] Processing file /Contents/Common7/IDE/Remote%20Debugger/x64/vbdebug.dll
[0b00:0004][2017-10-17T09:46:39] Started: Copying file /Contents/Common7/IDE/Remote%20Debugger/x64/vbdebug.dll to C:\Program Files (x86)\Microsoft Visual Studio\2017\Community\Common7\IDE\Remote Debugger\x64\vbdebug.dll
[0b00:0004][2017-10-17T09:46:39] Completed: Copying file /Contents/Common7/IDE/Remote%20Debugger/x64/vbdebug.dll to C:\Program Files (x86)\Microsoft Visual Studio\2017\Community\Common7\IDE\Remote Debugger\x64\vbdebug.dll
[0b00:0004][2017-10-17T09:46:39] Timestamp updated for file 'C:\Program Files (x86)\Microsoft Visual Studio\2017\Community\Common7\IDE\Remote Debugger\x64\vbdebug.dll'.
[0b00:0004][2017-10-17T09:46:39] Processing file /Contents/Common7/IDE/Remote%20Debugger/x86/vbdebug.dll
[0b00:0004][2017-10-17T09:46:39] Started: Copying file /Contents/Common7/IDE/Remote%20Debugger/x86/vbdebug.dll to C:\Program Files (x86)\Microsoft Visual Studio\2017\Community\Common7\IDE\Remote Debugger\x86\vbdebug.dll
[0b00:0004][2017-10-17T09:46:39] Completed: Copying file /Contents/Common7/IDE/Remote%20Debugger/x86/vbdebug.dll to C:\Program Files (x86)\Microsoft Visual Studio\2017\Community\Common7\IDE\Remote Debugger\x86\vbdebug.dll
[0b00:0004][2017-10-17T09:46:39] Timestamp updated for file 'C:\Program Files (x86)\Microsoft Visual Studio\2017\Community\Common7\IDE\Remote Debugger\x86\vbdebug.dll'.
[0b00:0004][2017-10-17T09:46:39] Processing file /Contents/Common7/IDE/vb7to8.exe
[0b00:0004][2017-10-17T09:46:39] Started: Copying file /Contents/Common7/IDE/vb7to8.exe to C:\Program Files (x86)\Microsoft Visual Studio\2017\Community\Common7\IDE\vb7to8.exe
[0b00:0004][2017-10-17T09:46:39] Completed: Copying file /Contents/Common7/IDE/vb7to8.exe to C:\Program Files (x86)\Microsoft Visual Studio\2017\Community\Common7\IDE\vb7to8.exe
[0b00:0004][2017-10-17T09:46:39] Timestamp updated for file 'C:\Program Files (x86)\Microsoft Visual Studio\2017\Community\Common7\IDE\vb7to8.exe'.
[0b00:0004][2017-10-17T09:46:39] Processing file /Contents/Common7/IDE/vb7to8DL.dll
[0b00:0004][2017-10-17T09:46:39] Started: Copying file /Contents/Common7/IDE/vb7to8DL.dll to C:\Program Files (x86)\Microsoft Visual Studio\2017\Community\Common7\IDE\vb7to8DL.dll
[0b00:0004][2017-10-17T09:46:39] Completed: Copying file /Contents/Common7/IDE/vb7to8DL.dll to C:\Program Files (x86)\Microsoft Visual Studio\2017\Community\Common7\IDE\vb7to8DL.dll
[0b00:0004][2017-10-17T09:46:39] Timestamp updated for file 'C:\Program Files (x86)\Microsoft Visual Studio\2017\Community\Common7\IDE\vb7to8DL.dll'.
[0b00:0004][2017-10-17T09:46:39] Processing file /Contents/Common7/IDE/vbdebug.dll
[0b00:0004][2017-10-17T09:46:39] Started: Copying file /Contents/Common7/IDE/vbdebug.dll to C:\Program Files (x86)\Microsoft Visual Studio\2017\Community\Common7\IDE\vbdebug.dll
[0b00:0004][2017-10-17T09:46:39] Completed: Copying file /Contents/Common7/IDE/vbdebug.dll to C:\Program Files (x86)\Microsoft Visual Studio\2017\Community\Common7\IDE\vbdebug.dll
[0b00:0004][2017-10-17T09:46:39] Timestamp updated for file 'C:\Program Files (x86)\Microsoft Visual Studio\2017\Community\Common7\IDE\vbdebug.dll'.
[0b00:0004][2017-10-17T09:46:39] Processing file /Contents/VB/Bin/msvbprj.dll
[0b00:0004][2017-10-17T09:46:39] Started: Copying file /Contents/VB/Bin/msvbprj.dll to C:\Program Files (x86)\Microsoft Visual Studio\2017\Community\VB\Bin\msvbprj.dll
[0b00:0004][2017-10-17T09:46:39] Completed: Copying file /Contents/VB/Bin/msvbprj.dll to C:\Program Files (x86)\Microsoft Visual Studio\2017\Community\VB\Bin\msvbprj.dll
[0b00:0004][2017-10-17T09:46:39] Timestamp updated for file 'C:\Program Files (x86)\Microsoft Visual Studio\2017\Community\VB\Bin\msvbprj.dll'.
[0b00:0004][2017-10-17T09:46:39] Package executed successfully. Return code: 0
