[0b00:0004][2017-10-17T09:49:42] Opening the package for processing
[0b00:0004][2017-10-17T09:49:42] Using package payload to get the embedded manifest
[0b00:0004][2017-10-17T09:49:42] Getting list of files within the package
[0b00:0004][2017-10-17T09:49:42] Processing file /Contents/Common7/IDE/ItemTemplates/AspNetCore/AspNetCore.vstdir
[0b00:0004][2017-10-17T09:49:42] Started: Copying file /Contents/Common7/IDE/ItemTemplates/AspNetCore/AspNetCore.vstdir to C:\Program Files (x86)\Microsoft Visual Studio\2017\Community\Common7\IDE\ItemTemplates\AspNetCore\AspNetCore.vstdir
[0b00:0004][2017-10-17T09:49:42] Completed: Copying file /Contents/Common7/IDE/ItemTemplates/AspNetCore/AspNetCore.vstdir to C:\Program Files (x86)\Microsoft Visual Studio\2017\Community\Common7\IDE\ItemTemplates\AspNetCore\AspNetCore.vstdir
[0b00:0004][2017-10-17T09:49:42] Timestamp updated for file 'C:\Program Files (x86)\Microsoft Visual Studio\2017\Community\Common7\IDE\ItemTemplates\AspNetCore\AspNetCore.vstdir'.
[0b00:0004][2017-10-17T09:49:42] Processing file /Contents/Common7/IDE/ItemTemplates/AspNetCore/Code/1033/AssemblyInfo/AssemblyInfo.cs
[0b00:0004][2017-10-17T09:49:42] Started: Copying file /Contents/Common7/IDE/ItemTemplates/AspNetCore/Code/1033/AssemblyInfo/AssemblyInfo.cs to C:\Program Files (x86)\Microsoft Visual Studio\2017\Community\Common7\IDE\ItemTemplates\AspNetCore\Code\1033\AssemblyInfo\AssemblyInfo.cs
[0b00:0004][2017-10-17T09:49:42] Completed: Copying file /Contents/Common7/IDE/ItemTemplates/AspNetCore/Code/1033/AssemblyInfo/AssemblyInfo.cs to C:\Program Files (x86)\Microsoft Visual Studio\2017\Community\Common7\IDE\ItemTemplates\AspNetCore\Code\1033\AssemblyInfo\AssemblyInfo.cs
[0b00:0004][2017-10-17T09:49:42] Timestamp updated for file 'C:\Program Files (x86)\Microsoft Visual Studio\2017\Community\Common7\IDE\ItemTemplates\AspNetCore\Code\1033\AssemblyInfo\AssemblyInfo.cs'.
[0b00:0004][2017-10-17T09:49:42] Processing file /Contents/Common7/IDE/ItemTemplates/AspNetCore/Code/1033/AssemblyInfo/AssemblyInfo.vstemplate
[0b00:0004][2017-10-17T09:49:42] Started: Copying file /Contents/Common7/IDE/ItemTemplates/AspNetCore/Code/1033/AssemblyInfo/AssemblyInfo.vstemplate to C:\Program Files (x86)\Microsoft Visual Studio\2017\Community\Common7\IDE\ItemTemplates\AspNetCore\Code\1033\AssemblyInfo\AssemblyInfo.vstemplate
[0b00:0004][2017-10-17T09:49:42] Completed: Copying file /Contents/Common7/IDE/ItemTemplates/AspNetCore/Code/1033/AssemblyInfo/AssemblyInfo.vstemplate to C:\Program Files (x86)\Microsoft Visual Studio\2017\Community\Common7\IDE\ItemTemplates\AspNetCore\Code\1033\AssemblyInfo\AssemblyInfo.vstemplate
[0b00:0004][2017-10-17T09:49:42] Timestamp updated for file 'C:\Program Files (x86)\Microsoft Visual Studio\2017\Community\Common7\IDE\ItemTemplates\AspNetCore\Code\1033\AssemblyInfo\AssemblyInfo.vstemplate'.
[0b00:0004][2017-10-17T09:49:42] Processing file /Contents/Common7/IDE/ItemTemplates/AspNetCore/Code/1033/Class/Class.cs
[0b00:0004][2017-10-17T09:49:42] Started: Copying file /Contents/Common7/IDE/ItemTemplates/AspNetCore/Code/1033/Class/Class.cs to C:\Program Files (x86)\Microsoft Visual Studio\2017\Community\Common7\IDE\ItemTemplates\AspNetCore\Code\1033\Class\Class.cs
[0b00:0004][2017-10-17T09:49:42] Completed: Copying file /Contents/Common7/IDE/ItemTemplates/AspNetCore/Code/1033/Class/Class.cs to C:\Program Files (x86)\Microsoft Visual Studio\2017\Community\Common7\IDE\ItemTemplates\AspNetCore\Code\1033\Class\Class.cs
[0b00:0004][2017-10-17T09:49:42] Timestamp updated for file 'C:\Program Files (x86)\Microsoft Visual Studio\2017\Community\Common7\IDE\ItemTemplates\AspNetCore\Code\1033\Class\Class.cs'.
[0b00:0004][2017-10-17T09:49:42] Processing file /Contents/Common7/IDE/ItemTemplates/AspNetCore/Code/1033/Class/Class.vstemplate
[0b00:0004][2017-10-17T09:49:42] Started: Copying file /Contents/Common7/IDE/ItemTemplates/AspNetCore/Code/1033/Class/Class.vstemplate to C:\Program Files (x86)\Microsoft Visual Studio\2017\Community\Common7\IDE\ItemTemplates\AspNetCore\Code\1033\Class\Class.vstemplate
[0b00:0004][2017-10-17T09:49:42] Completed: Copying file /Contents/Common7/IDE/ItemTemplates/AspNetCore/Code/1033/Class/Class.vstemplate to C:\Program Files (x86)\Microsoft Visual Studio\2017\Community\Common7\IDE\ItemTemplates\AspNetCore\Code\1033\Class\Class.vstemplate
[0b00:0004][2017-10-17T09:49:42] Timestamp updated for file 'C:\Program Files (x86)\Microsoft Visual Studio\2017\Community\Common7\IDE\ItemTemplates\AspNetCore\Code\1033\Class\Class.vstemplate'.
[0b00:0004][2017-10-17T09:49:42] Processing file /Contents/Common7/IDE/ItemTemplates/AspNetCore/Code/1033/Interface/Interface.cs
[0b00:0004][2017-10-17T09:49:42] Started: Copying file /Contents/Common7/IDE/ItemTemplates/AspNetCore/Code/1033/Interface/Interface.cs to C:\Program Files (x86)\Microsoft Visual Studio\2017\Community\Common7\IDE\ItemTemplates\AspNetCore\Code\1033\Interface\Interface.cs
[0b00:0004][2017-10-17T09:49:42] Completed: Copying file /Contents/Common7/IDE/ItemTemplates/AspNetCore/Code/1033/Interface/Interface.cs to C:\Program Files (x86)\Microsoft Visual Studio\2017\Community\Common7\IDE\ItemTemplates\AspNetCore\Code\1033\Interface\Interface.cs
[0b00:0004][2017-10-17T09:49:42] Timestamp updated for file 'C:\Program Files (x86)\Microsoft Visual Studio\2017\Community\Common7\IDE\ItemTemplates\AspNetCore\Code\1033\Interface\Interface.cs'.
[0b00:0004][2017-10-17T09:49:42] Processing file /Contents/Common7/IDE/ItemTemplates/AspNetCore/Code/1033/Interface/Interface.vstemplate
[0b00:0004][2017-10-17T09:49:42] Started: Copying file /Contents/Common7/IDE/ItemTemplates/AspNetCore/Code/1033/Interface/Interface.vstemplate to C:\Program Files (x86)\Microsoft Visual Studio\2017\Community\Common7\IDE\ItemTemplates\AspNetCore\Code\1033\Interface\Interface.vstemplate
[0b00:0004][2017-10-17T09:49:42] Completed: Copying file /Contents/Common7/IDE/ItemTemplates/AspNetCore/Code/1033/Interface/Interface.vstemplate to C:\Program Files (x86)\Microsoft Visual Studio\2017\Community\Common7\IDE\ItemTemplates\AspNetCore\Code\1033\Interface\Interface.vstemplate
[0b00:0004][2017-10-17T09:49:42] Timestamp updated for file 'C:\Program Files (x86)\Microsoft Visual Studio\2017\Community\Common7\IDE\ItemTemplates\AspNetCore\Code\1033\Interface\Interface.vstemplate'.
[0b00:0004][2017-10-17T09:49:42] Processing file /Contents/Common7/IDE/ItemTemplates/AspNetCore/Code/1033/Resource/Resource.resx
[0b00:0004][2017-10-17T09:49:42] Started: Copying file /Contents/Common7/IDE/ItemTemplates/AspNetCore/Code/1033/Resource/Resource.resx to C:\Program Files (x86)\Microsoft Visual Studio\2017\Community\Common7\IDE\ItemTemplates\AspNetCore\Code\1033\Resource\Resource.resx
[0b00:0004][2017-10-17T09:49:42] Completed: Copying file /Contents/Common7/IDE/ItemTemplates/AspNetCore/Code/1033/Resource/Resource.resx to C:\Program Files (x86)\Microsoft Visual Studio\2017\Community\Common7\IDE\ItemTemplates\AspNetCore\Code\1033\Resource\Resource.resx
[0b00:0004][2017-10-17T09:49:42] Timestamp updated for file 'C:\Program Files (x86)\Microsoft Visual Studio\2017\Community\Common7\IDE\ItemTemplates\AspNetCore\Code\1033\Resource\Resource.resx'.
[0b00:0004][2017-10-17T09:49:42] Processing file /Contents/Common7/IDE/ItemTemplates/AspNetCore/Code/1033/Resource/Resource.vstemplate
[0b00:0004][2017-10-17T09:49:42] Started: Copying file /Contents/Common7/IDE/ItemTemplates/AspNetCore/Code/1033/Resource/Resource.vstemplate to C:\Program Files (x86)\Microsoft Visual Studio\2017\Community\Common7\IDE\ItemTemplates\AspNetCore\Code\1033\Resource\Resource.vstemplate
[0b00:0004][2017-10-17T09:49:42] Completed: Copying file /Contents/Common7/IDE/ItemTemplates/AspNetCore/Code/1033/Resource/Resource.vstemplate to C:\Program Files (x86)\Microsoft Visual Studio\2017\Community\Common7\IDE\ItemTemplates\AspNetCore\Code\1033\Resource\Resource.vstemplate
[0b00:0004][2017-10-17T09:49:42] Timestamp updated for file 'C:\Program Files (x86)\Microsoft Visual Studio\2017\Community\Common7\IDE\ItemTemplates\AspNetCore\Code\1033\Resource\Resource.vstemplate'.
[0b00:0004][2017-10-17T09:49:42] Processing file /Contents/Common7/IDE/ItemTemplates/AspNetCore/Code/Code.vstdir
[0b00:0004][2017-10-17T09:49:42] Started: Copying file /Contents/Common7/IDE/ItemTemplates/AspNetCore/Code/Code.vstdir to C:\Program Files (x86)\Microsoft Visual Studio\2017\Community\Common7\IDE\ItemTemplates\AspNetCore\Code\Code.vstdir
[0b00:0004][2017-10-17T09:49:42] Completed: Copying file /Contents/Common7/IDE/ItemTemplates/AspNetCore/Code/Code.vstdir to C:\Program Files (x86)\Microsoft Visual Studio\2017\Community\Common7\IDE\ItemTemplates\AspNetCore\Code\Code.vstdir
[0b00:0004][2017-10-17T09:49:42] Timestamp updated for file 'C:\Program Files (x86)\Microsoft Visual Studio\2017\Community\Common7\IDE\ItemTemplates\AspNetCore\Code\Code.vstdir'.
[0b00:0004][2017-10-17T09:49:42] Processing file /Contents/Common7/IDE/ItemTemplates/AspNetCore/General/1033/TextFile/TextFile.txt
[0b00:0004][2017-10-17T09:49:42] Started: Copying file /Contents/Common7/IDE/ItemTemplates/AspNetCore/General/1033/TextFile/TextFile.txt to C:\Program Files (x86)\Microsoft Visual Studio\2017\Community\Common7\IDE\ItemTemplates\AspNetCore\General\1033\TextFile\TextFile.txt
[0b00:0004][2017-10-17T09:49:42] Completed: Copying file /Contents/Common7/IDE/ItemTemplates/AspNetCore/General/1033/TextFile/TextFile.txt to C:\Program Files (x86)\Microsoft Visual Studio\2017\Community\Common7\IDE\ItemTemplates\AspNetCore\General\1033\TextFile\TextFile.txt
[0b00:0004][2017-10-17T09:49:42] Timestamp updated for file 'C:\Program Files (x86)\Microsoft Visual Studio\2017\Community\Common7\IDE\ItemTemplates\AspNetCore\General\1033\TextFile\TextFile.txt'.
[0b00:0004][2017-10-17T09:49:42] Processing file /Contents/Common7/IDE/ItemTemplates/AspNetCore/General/1033/TextFile/TextFile.vstemplate
[0b00:0004][2017-10-17T09:49:42] Started: Copying file /Contents/Common7/IDE/ItemTemplates/AspNetCore/General/1033/TextFile/TextFile.vstemplate to C:\Program Files (x86)\Microsoft Visual Studio\2017\Community\Common7\IDE\ItemTemplates\AspNetCore\General\1033\TextFile\TextFile.vstemplate
[0b00:0004][2017-10-17T09:49:42] Completed: Copying file /Contents/Common7/IDE/ItemTemplates/AspNetCore/General/1033/TextFile/TextFile.vstemplate to C:\Program Files (x86)\Microsoft Visual Studio\2017\Community\Common7\IDE\ItemTemplates\AspNetCore\General\1033\TextFile\TextFile.vstemplate
[0b00:0004][2017-10-17T09:49:42] Timestamp updated for file 'C:\Program Files (x86)\Microsoft Visual Studio\2017\Community\Common7\IDE\ItemTemplates\AspNetCore\General\1033\TextFile\TextFile.vstemplate'.
[0b00:0004][2017-10-17T09:49:42] Processing file /Contents/Common7/IDE/ItemTemplates/AspNetCore/General/General.vstdir
[0b00:0004][2017-10-17T09:49:42] Started: Copying file /Contents/Common7/IDE/ItemTemplates/AspNetCore/General/General.vstdir to C:\Program Files (x86)\Microsoft Visual Studio\2017\Community\Common7\IDE\ItemTemplates\AspNetCore\General\General.vstdir
[0b00:0004][2017-10-17T09:49:42] Completed: Copying file /Contents/Common7/IDE/ItemTemplates/AspNetCore/General/General.vstdir to C:\Program Files (x86)\Microsoft Visual Studio\2017\Community\Common7\IDE\ItemTemplates\AspNetCore\General\General.vstdir
[0b00:0004][2017-10-17T09:49:42] Timestamp updated for file 'C:\Program Files (x86)\Microsoft Visual Studio\2017\Community\Common7\IDE\ItemTemplates\AspNetCore\General\General.vstdir'.
[0b00:0004][2017-10-17T09:49:42] Processing file /Contents/Common7/IDE/ItemTemplates/AspNetCore/Web/ASP.NET/1033/Middleware/Middleware.cs
[0b00:0004][2017-10-17T09:49:42] Started: Copying file /Contents/Common7/IDE/ItemTemplates/AspNetCore/Web/ASP.NET/1033/Middleware/Middleware.cs to C:\Program Files (x86)\Microsoft Visual Studio\2017\Community\Common7\IDE\ItemTemplates\AspNetCore\Web\ASP.NET\1033\Middleware\Middleware.cs
[0b00:0004][2017-10-17T09:49:42] Completed: Copying file /Contents/Common7/IDE/ItemTemplates/AspNetCore/Web/ASP.NET/1033/Middleware/Middleware.cs to C:\Program Files (x86)\Microsoft Visual Studio\2017\Community\Common7\IDE\ItemTemplates\AspNetCore\Web\ASP.NET\1033\Middleware\Middleware.cs
[0b00:0004][2017-10-17T09:49:42] Timestamp updated for file 'C:\Program Files (x86)\Microsoft Visual Studio\2017\Community\Common7\IDE\ItemTemplates\AspNetCore\Web\ASP.NET\1033\Middleware\Middleware.cs'.
[0b00:0004][2017-10-17T09:49:42] Processing file /Contents/Common7/IDE/ItemTemplates/AspNetCore/Web/ASP.NET/1033/Middleware/Middleware.vstemplate
[0b00:0004][2017-10-17T09:49:42] Started: Copying file /Contents/Common7/IDE/ItemTemplates/AspNetCore/Web/ASP.NET/1033/Middleware/Middleware.vstemplate to C:\Program Files (x86)\Microsoft Visual Studio\2017\Community\Common7\IDE\ItemTemplates\AspNetCore\Web\ASP.NET\1033\Middleware\Middleware.vstemplate
[0b00:0004][2017-10-17T09:49:42] Completed: Copying file /Contents/Common7/IDE/ItemTemplates/AspNetCore/Web/ASP.NET/1033/Middleware/Middleware.vstemplate to C:\Program Files (x86)\Microsoft Visual Studio\2017\Community\Common7\IDE\ItemTemplates\AspNetCore\Web\ASP.NET\1033\Middleware\Middleware.vstemplate
[0b00:0004][2017-10-17T09:49:42] Timestamp updated for file 'C:\Program Files (x86)\Microsoft Visual Studio\2017\Community\Common7\IDE\ItemTemplates\AspNetCore\Web\ASP.NET\1033\Middleware\Middleware.vstemplate'.
[0b00:0004][2017-10-17T09:49:42] Processing file /Contents/Common7/IDE/ItemTemplates/AspNetCore/Web/ASP.NET/1033/MvcController/Controller.cs
[0b00:0004][2017-10-17T09:49:42] Started: Copying file /Contents/Common7/IDE/ItemTemplates/AspNetCore/Web/ASP.NET/1033/MvcController/Controller.cs to C:\Program Files (x86)\Microsoft Visual Studio\2017\Community\Common7\IDE\ItemTemplates\AspNetCore\Web\ASP.NET\1033\MvcController\Controller.cs
[0b00:0004][2017-10-17T09:49:42] Completed: Copying file /Contents/Common7/IDE/ItemTemplates/AspNetCore/Web/ASP.NET/1033/MvcController/Controller.cs to C:\Program Files (x86)\Microsoft Visual Studio\2017\Community\Common7\IDE\ItemTemplates\AspNetCore\Web\ASP.NET\1033\MvcController\Controller.cs
[0b00:0004][2017-10-17T09:49:42] Timestamp updated for file 'C:\Program Files (x86)\Microsoft Visual Studio\2017\Community\Common7\IDE\ItemTemplates\AspNetCore\Web\ASP.NET\1033\MvcController\Controller.cs'.
[0b00:0004][2017-10-17T09:49:42] Processing file /Contents/Common7/IDE/ItemTemplates/AspNetCore/Web/ASP.NET/1033/MvcController/MvcController.vstemplate
[0b00:0004][2017-10-17T09:49:42] Started: Copying file /Contents/Common7/IDE/ItemTemplates/AspNetCore/Web/ASP.NET/1033/MvcController/MvcController.vstemplate to C:\Program Files (x86)\Microsoft Visual Studio\2017\Community\Common7\IDE\ItemTemplates\AspNetCore\Web\ASP.NET\1033\MvcController\MvcController.vstemplate
[0b00:0004][2017-10-17T09:49:42] Completed: Copying file /Contents/Common7/IDE/ItemTemplates/AspNetCore/Web/ASP.NET/1033/MvcController/MvcController.vstemplate to C:\Program Files (x86)\Microsoft Visual Studio\2017\Community\Common7\IDE\ItemTemplates\AspNetCore\Web\ASP.NET\1033\MvcController\MvcController.vstemplate
[0b00:0004][2017-10-17T09:49:42] Timestamp updated for file 'C:\Program Files (x86)\Microsoft Visual Studio\2017\Community\Common7\IDE\ItemTemplates\AspNetCore\Web\ASP.NET\1033\MvcController\MvcController.vstemplate'.
[0b00:0004][2017-10-17T09:49:42] Processing file /Contents/Common7/IDE/ItemTemplates/AspNetCore/Web/ASP.NET/1033/MvcLayout/MvcLayout.vstemplate
[0b00:0004][2017-10-17T09:49:42] Started: Copying file /Contents/Common7/IDE/ItemTemplates/AspNetCore/Web/ASP.NET/1033/MvcLayout/MvcLayout.vstemplate to C:\Program Files (x86)\Microsoft Visual Studio\2017\Community\Common7\IDE\ItemTemplates\AspNetCore\Web\ASP.NET\1033\MvcLayout\MvcLayout.vstemplate
[0b00:0004][2017-10-17T09:49:42] Completed: Copying file /Contents/Common7/IDE/ItemTemplates/AspNetCore/Web/ASP.NET/1033/MvcLayout/MvcLayout.vstemplate to C:\Program Files (x86)\Microsoft Visual Studio\2017\Community\Common7\IDE\ItemTemplates\AspNetCore\Web\ASP.NET\1033\MvcLayout\MvcLayout.vstemplate
[0b00:0004][2017-10-17T09:49:42] Timestamp updated for file 'C:\Program Files (x86)\Microsoft Visual Studio\2017\Community\Common7\IDE\ItemTemplates\AspNetCore\Web\ASP.NET\1033\MvcLayout\MvcLayout.vstemplate'.
[0b00:0004][2017-10-17T09:49:42] Processing file /Contents/Common7/IDE/ItemTemplates/AspNetCore/Web/ASP.NET/1033/MvcLayout/_Layout.cshtml
[0b00:0004][2017-10-17T09:49:42] Started: Copying file /Contents/Common7/IDE/ItemTemplates/AspNetCore/Web/ASP.NET/1033/MvcLayout/_Layout.cshtml to C:\Program Files (x86)\Microsoft Visual Studio\2017\Community\Common7\IDE\ItemTemplates\AspNetCore\Web\ASP.NET\1033\MvcLayout\_Layout.cshtml
[0b00:0004][2017-10-17T09:49:42] Completed: Copying file /Contents/Common7/IDE/ItemTemplates/AspNetCore/Web/ASP.NET/1033/MvcLayout/_Layout.cshtml to C:\Program Files (x86)\Microsoft Visual Studio\2017\Community\Common7\IDE\ItemTemplates\AspNetCore\Web\ASP.NET\1033\MvcLayout\_Layout.cshtml
[0b00:0004][2017-10-17T09:49:42] Timestamp updated for file 'C:\Program Files (x86)\Microsoft Visual Studio\2017\Community\Common7\IDE\ItemTemplates\AspNetCore\Web\ASP.NET\1033\MvcLayout\_Layout.cshtml'.
[0b00:0004][2017-10-17T09:49:42] Processing file /Contents/Common7/IDE/ItemTemplates/AspNetCore/Web/ASP.NET/1033/MvcView/MvcView.vstemplate
[0b00:0004][2017-10-17T09:49:42] Started: Copying file /Contents/Common7/IDE/ItemTemplates/AspNetCore/Web/ASP.NET/1033/MvcView/MvcView.vstemplate to C:\Program Files (x86)\Microsoft Visual Studio\2017\Community\Common7\IDE\ItemTemplates\AspNetCore\Web\ASP.NET\1033\MvcView\MvcView.vstemplate
[0b00:0004][2017-10-17T09:49:42] Completed: Copying file /Contents/Common7/IDE/ItemTemplates/AspNetCore/Web/ASP.NET/1033/MvcView/MvcView.vstemplate to C:\Program Files (x86)\Microsoft Visual Studio\2017\Community\Common7\IDE\ItemTemplates\AspNetCore\Web\ASP.NET\1033\MvcView\MvcView.vstemplate
[0b00:0004][2017-10-17T09:49:42] Timestamp updated for file 'C:\Program Files (x86)\Microsoft Visual Studio\2017\Community\Common7\IDE\ItemTemplates\AspNetCore\Web\ASP.NET\1033\MvcView\MvcView.vstemplate'.
[0b00:0004][2017-10-17T09:49:42] Processing file /Contents/Common7/IDE/ItemTemplates/AspNetCore/Web/ASP.NET/1033/MvcView/View.cshtml
[0b00:0004][2017-10-17T09:49:42] Started: Copying file /Contents/Common7/IDE/ItemTemplates/AspNetCore/Web/ASP.NET/1033/MvcView/View.cshtml to C:\Program Files (x86)\Microsoft Visual Studio\2017\Community\Common7\IDE\ItemTemplates\AspNetCore\Web\ASP.NET\1033\MvcView\View.cshtml
[0b00:0004][2017-10-17T09:49:42] Completed: Copying file /Contents/Common7/IDE/ItemTemplates/AspNetCore/Web/ASP.NET/1033/MvcView/View.cshtml to C:\Program Files (x86)\Microsoft Visual Studio\2017\Community\Common7\IDE\ItemTemplates\AspNetCore\Web\ASP.NET\1033\MvcView\View.cshtml
[0b00:0004][2017-10-17T09:49:42] Timestamp updated for file 'C:\Program Files (x86)\Microsoft Visual Studio\2017\Community\Common7\IDE\ItemTemplates\AspNetCore\Web\ASP.NET\1033\MvcView\View.cshtml'.
[0b00:0004][2017-10-17T09:49:42] Processing file /Contents/Common7/IDE/ItemTemplates/AspNetCore/Web/ASP.NET/1033/MvcViewImports/MvcViewImports.vstemplate
[0b00:0004][2017-10-17T09:49:42] Started: Copying file /Contents/Common7/IDE/ItemTemplates/AspNetCore/Web/ASP.NET/1033/MvcViewImports/MvcViewImports.vstemplate to C:\Program Files (x86)\Microsoft Visual Studio\2017\Community\Common7\IDE\ItemTemplates\AspNetCore\Web\ASP.NET\1033\MvcViewImports\MvcViewImports.vstemplate
[0b00:0004][2017-10-17T09:49:42] Completed: Copying file /Contents/Common7/IDE/ItemTemplates/AspNetCore/Web/ASP.NET/1033/MvcViewImports/MvcViewImports.vstemplate to C:\Program Files (x86)\Microsoft Visual Studio\2017\Community\Common7\IDE\ItemTemplates\AspNetCore\Web\ASP.NET\1033\MvcViewImports\MvcViewImports.vstemplate
[0b00:0004][2017-10-17T09:49:42] Timestamp updated for file 'C:\Program Files (x86)\Microsoft Visual Studio\2017\Community\Common7\IDE\ItemTemplates\AspNetCore\Web\ASP.NET\1033\MvcViewImports\MvcViewImports.vstemplate'.
[0b00:0004][2017-10-17T09:49:42] Processing file /Contents/Common7/IDE/ItemTemplates/AspNetCore/Web/ASP.NET/1033/MvcViewImports/_ViewImports.cshtml
[0b00:0004][2017-10-17T09:49:42] Started: Copying file /Contents/Common7/IDE/ItemTemplates/AspNetCore/Web/ASP.NET/1033/MvcViewImports/_ViewImports.cshtml to C:\Program Files (x86)\Microsoft Visual Studio\2017\Community\Common7\IDE\ItemTemplates\AspNetCore\Web\ASP.NET\1033\MvcViewImports\_ViewImports.cshtml
[0b00:0004][2017-10-17T09:49:42] Completed: Copying file /Contents/Common7/IDE/ItemTemplates/AspNetCore/Web/ASP.NET/1033/MvcViewImports/_ViewImports.cshtml to C:\Program Files (x86)\Microsoft Visual Studio\2017\Community\Common7\IDE\ItemTemplates\AspNetCore\Web\ASP.NET\1033\MvcViewImports\_ViewImports.cshtml
[0b00:0004][2017-10-17T09:49:42] Timestamp updated for file 'C:\Program Files (x86)\Microsoft Visual Studio\2017\Community\Common7\IDE\ItemTemplates\AspNetCore\Web\ASP.NET\1033\MvcViewImports\_ViewImports.cshtml'.
[0b00:0004][2017-10-17T09:49:42] Processing file /Contents/Common7/IDE/ItemTemplates/AspNetCore/Web/ASP.NET/1033/MvcViewStart/MvcViewStart.vstemplate
[0b00:0004][2017-10-17T09:49:42] Started: Copying file /Contents/Common7/IDE/ItemTemplates/AspNetCore/Web/ASP.NET/1033/MvcViewStart/MvcViewStart.vstemplate to C:\Program Files (x86)\Microsoft Visual Studio\2017\Community\Common7\IDE\ItemTemplates\AspNetCore\Web\ASP.NET\1033\MvcViewStart\MvcViewStart.vstemplate
[0b00:0004][2017-10-17T09:49:42] Completed: Copying file /Contents/Common7/IDE/ItemTemplates/AspNetCore/Web/ASP.NET/1033/MvcViewStart/MvcViewStart.vstemplate to C:\Program Files (x86)\Microsoft Visual Studio\2017\Community\Common7\IDE\ItemTemplates\AspNetCore\Web\ASP.NET\1033\MvcViewStart\MvcViewStart.vstemplate
[0b00:0004][2017-10-17T09:49:42] Timestamp updated for file 'C:\Program Files (x86)\Microsoft Visual Studio\2017\Community\Common7\IDE\ItemTemplates\AspNetCore\Web\ASP.NET\1033\MvcViewStart\MvcViewStart.vstemplate'.
[0b00:0004][2017-10-17T09:49:42] Processing file /Contents/Common7/IDE/ItemTemplates/AspNetCore/Web/ASP.NET/1033/MvcViewStart/_ViewStart.cshtml
[0b00:0004][2017-10-17T09:49:42] Started: Copying file /Contents/Common7/IDE/ItemTemplates/AspNetCore/Web/ASP.NET/1033/MvcViewStart/_ViewStart.cshtml to C:\Program Files (x86)\Microsoft Visual Studio\2017\Community\Common7\IDE\ItemTemplates\AspNetCore\Web\ASP.NET\1033\MvcViewStart\_ViewStart.cshtml
[0b00:0004][2017-10-17T09:49:42] Completed: Copying file /Contents/Common7/IDE/ItemTemplates/AspNetCore/Web/ASP.NET/1033/MvcViewStart/_ViewStart.cshtml to C:\Program Files (x86)\Microsoft Visual Studio\2017\Community\Common7\IDE\ItemTemplates\AspNetCore\Web\ASP.NET\1033\MvcViewStart\_ViewStart.cshtml
[0b00:0004][2017-10-17T09:49:42] Timestamp updated for file 'C:\Program Files (x86)\Microsoft Visual Studio\2017\Community\Common7\IDE\ItemTemplates\AspNetCore\Web\ASP.NET\1033\MvcViewStart\_ViewStart.cshtml'.
[0b00:0004][2017-10-17T09:49:42] Processing file /Contents/Common7/IDE/ItemTemplates/AspNetCore/Web/ASP.NET/1033/RazorPageWithModel/RazorPageWithModel.vstemplate
[0b00:0004][2017-10-17T09:49:42] Started: Copying file /Contents/Common7/IDE/ItemTemplates/AspNetCore/Web/ASP.NET/1033/RazorPageWithModel/RazorPageWithModel.vstemplate to C:\Program Files (x86)\Microsoft Visual Studio\2017\Community\Common7\IDE\ItemTemplates\AspNetCore\Web\ASP.NET\1033\RazorPageWithModel\RazorPageWithModel.vstemplate
[0b00:0004][2017-10-17T09:49:42] Completed: Copying file /Contents/Common7/IDE/ItemTemplates/AspNetCore/Web/ASP.NET/1033/RazorPageWithModel/RazorPageWithModel.vstemplate to C:\Program Files (x86)\Microsoft Visual Studio\2017\Community\Common7\IDE\ItemTemplates\AspNetCore\Web\ASP.NET\1033\RazorPageWithModel\RazorPageWithModel.vstemplate
[0b00:0004][2017-10-17T09:49:42] Timestamp updated for file 'C:\Program Files (x86)\Microsoft Visual Studio\2017\Community\Common7\IDE\ItemTemplates\AspNetCore\Web\ASP.NET\1033\RazorPageWithModel\RazorPageWithModel.vstemplate'.
[0b00:0004][2017-10-17T09:49:42] Processing file /Contents/Common7/IDE/ItemTemplates/AspNetCore/Web/ASP.NET/1033/StartupClass/Startup.cs
[0b00:0004][2017-10-17T09:49:42] Started: Copying file /Contents/Common7/IDE/ItemTemplates/AspNetCore/Web/ASP.NET/1033/StartupClass/Startup.cs to C:\Program Files (x86)\Microsoft Visual Studio\2017\Community\Common7\IDE\ItemTemplates\AspNetCore\Web\ASP.NET\1033\StartupClass\Startup.cs
[0b00:0004][2017-10-17T09:49:42] Completed: Copying file /Contents/Common7/IDE/ItemTemplates/AspNetCore/Web/ASP.NET/1033/StartupClass/Startup.cs to C:\Program Files (x86)\Microsoft Visual Studio\2017\Community\Common7\IDE\ItemTemplates\AspNetCore\Web\ASP.NET\1033\StartupClass\Startup.cs
[0b00:0004][2017-10-17T09:49:42] Timestamp updated for file 'C:\Program Files (x86)\Microsoft Visual Studio\2017\Community\Common7\IDE\ItemTemplates\AspNetCore\Web\ASP.NET\1033\StartupClass\Startup.cs'.
[0b00:0004][2017-10-17T09:49:42] Processing file /Contents/Common7/IDE/ItemTemplates/AspNetCore/Web/ASP.NET/1033/StartupClass/Startup.vstemplate
[0b00:0004][2017-10-17T09:49:42] Started: Copying file /Contents/Common7/IDE/ItemTemplates/AspNetCore/Web/ASP.NET/1033/StartupClass/Startup.vstemplate to C:\Program Files (x86)\Microsoft Visual Studio\2017\Community\Common7\IDE\ItemTemplates\AspNetCore\Web\ASP.NET\1033\StartupClass\Startup.vstemplate
[0b00:0004][2017-10-17T09:49:42] Completed: Copying file /Contents/Common7/IDE/ItemTemplates/AspNetCore/Web/ASP.NET/1033/StartupClass/Startup.vstemplate to C:\Program Files (x86)\Microsoft Visual Studio\2017\Community\Common7\IDE\ItemTemplates\AspNetCore\Web\ASP.NET\1033\StartupClass\Startup.vstemplate
[0b00:0004][2017-10-17T09:49:42] Timestamp updated for file 'C:\Program Files (x86)\Microsoft Visual Studio\2017\Community\Common7\IDE\ItemTemplates\AspNetCore\Web\ASP.NET\1033\StartupClass\Startup.vstemplate'.
[0b00:0004][2017-10-17T09:49:42] Processing file /Contents/Common7/IDE/ItemTemplates/AspNetCore/Web/ASP.NET/1033/TagHelper/TagHelper.cs
[0b00:0004][2017-10-17T09:49:42] Started: Copying file /Contents/Common7/IDE/ItemTemplates/AspNetCore/Web/ASP.NET/1033/TagHelper/TagHelper.cs to C:\Program Files (x86)\Microsoft Visual Studio\2017\Community\Common7\IDE\ItemTemplates\AspNetCore\Web\ASP.NET\1033\TagHelper\TagHelper.cs
[0b00:0004][2017-10-17T09:49:42] Completed: Copying file /Contents/Common7/IDE/ItemTemplates/AspNetCore/Web/ASP.NET/1033/TagHelper/TagHelper.cs to C:\Program Files (x86)\Microsoft Visual Studio\2017\Community\Common7\IDE\ItemTemplates\AspNetCore\Web\ASP.NET\1033\TagHelper\TagHelper.cs
[0b00:0004][2017-10-17T09:49:42] Timestamp updated for file 'C:\Program Files (x86)\Microsoft Visual Studio\2017\Community\Common7\IDE\ItemTemplates\AspNetCore\Web\ASP.NET\1033\TagHelper\TagHelper.cs'.
[0b00:0004][2017-10-17T09:49:42] Processing file /Contents/Common7/IDE/ItemTemplates/AspNetCore/Web/ASP.NET/1033/TagHelper/TagHelper.vstemplate
[0b00:0004][2017-10-17T09:49:42] Started: Copying file /Contents/Common7/IDE/ItemTemplates/AspNetCore/Web/ASP.NET/1033/TagHelper/TagHelper.vstemplate to C:\Program Files (x86)\Microsoft Visual Studio\2017\Community\Common7\IDE\ItemTemplates\AspNetCore\Web\ASP.NET\1033\TagHelper\TagHelper.vstemplate
[0b00:0004][2017-10-17T09:49:42] Completed: Copying file /Contents/Common7/IDE/ItemTemplates/AspNetCore/Web/ASP.NET/1033/TagHelper/TagHelper.vstemplate to C:\Program Files (x86)\Microsoft Visual Studio\2017\Community\Common7\IDE\ItemTemplates\AspNetCore\Web\ASP.NET\1033\TagHelper\TagHelper.vstemplate
[0b00:0004][2017-10-17T09:49:42] Timestamp updated for file 'C:\Program Files (x86)\Microsoft Visual Studio\2017\Community\Common7\IDE\ItemTemplates\AspNetCore\Web\ASP.NET\1033\TagHelper\TagHelper.vstemplate'.
[0b00:0004][2017-10-17T09:49:42] Processing file /Contents/Common7/IDE/ItemTemplates/AspNetCore/Web/ASP.NET/1033/WebApiController/Controller.cs
[0b00:0004][2017-10-17T09:49:42] Started: Copying file /Contents/Common7/IDE/ItemTemplates/AspNetCore/Web/ASP.NET/1033/WebApiController/Controller.cs to C:\Program Files (x86)\Microsoft Visual Studio\2017\Community\Common7\IDE\ItemTemplates\AspNetCore\Web\ASP.NET\1033\WebApiController\Controller.cs
[0b00:0004][2017-10-17T09:49:42] Completed: Copying file /Contents/Common7/IDE/ItemTemplates/AspNetCore/Web/ASP.NET/1033/WebApiController/Controller.cs to C:\Program Files (x86)\Microsoft Visual Studio\2017\Community\Common7\IDE\ItemTemplates\AspNetCore\Web\ASP.NET\1033\WebApiController\Controller.cs
[0b00:0004][2017-10-17T09:49:42] Timestamp updated for file 'C:\Program Files (x86)\Microsoft Visual Studio\2017\Community\Common7\IDE\ItemTemplates\AspNetCore\Web\ASP.NET\1033\WebApiController\Controller.cs'.
[0b00:0004][2017-10-17T09:49:42] Processing file /Contents/Common7/IDE/ItemTemplates/AspNetCore/Web/ASP.NET/1033/WebApiController/WebApiController.vstemplate
[0b00:0004][2017-10-17T09:49:42] Started: Copying file /Contents/Common7/IDE/ItemTemplates/AspNetCore/Web/ASP.NET/1033/WebApiController/WebApiController.vstemplate to C:\Program Files (x86)\Microsoft Visual Studio\2017\Community\Common7\IDE\ItemTemplates\AspNetCore\Web\ASP.NET\1033\WebApiController\WebApiController.vstemplate
[0b00:0004][2017-10-17T09:49:42] Completed: Copying file /Contents/Common7/IDE/ItemTemplates/AspNetCore/Web/ASP.NET/1033/WebApiController/WebApiController.vstemplate to C:\Program Files (x86)\Microsoft Visual Studio\2017\Community\Common7\IDE\ItemTemplates\AspNetCore\Web\ASP.NET\1033\WebApiController\WebApiController.vstemplate
[0b00:0004][2017-10-17T09:49:42] Timestamp updated for file 'C:\Program Files (x86)\Microsoft Visual Studio\2017\Community\Common7\IDE\ItemTemplates\AspNetCore\Web\ASP.NET\1033\WebApiController\WebApiController.vstemplate'.
[0b00:0004][2017-10-17T09:49:42] Processing file /Contents/Common7/IDE/ItemTemplates/AspNetCore/Web/ASP.NET/1033/WebConfig/web.config
[0b00:0004][2017-10-17T09:49:42] Started: Copying file /Contents/Common7/IDE/ItemTemplates/AspNetCore/Web/ASP.NET/1033/WebConfig/web.config to C:\Program Files (x86)\Microsoft Visual Studio\2017\Community\Common7\IDE\ItemTemplates\AspNetCore\Web\ASP.NET\1033\WebConfig\web.config
[0b00:0004][2017-10-17T09:49:42] Completed: Copying file /Contents/Common7/IDE/ItemTemplates/AspNetCore/Web/ASP.NET/1033/WebConfig/web.config to C:\Program Files (x86)\Microsoft Visual Studio\2017\Community\Common7\IDE\ItemTemplates\AspNetCore\Web\ASP.NET\1033\WebConfig\web.config
[0b00:0004][2017-10-17T09:49:42] Timestamp updated for file 'C:\Program Files (x86)\Microsoft Visual Studio\2017\Community\Common7\IDE\ItemTemplates\AspNetCore\Web\ASP.NET\1033\WebConfig\web.config'.
[0b00:0004][2017-10-17T09:49:42] Processing file /Contents/Common7/IDE/ItemTemplates/AspNetCore/Web/ASP.NET/1033/WebConfig/WebConfig.vstemplate
[0b00:0004][2017-10-17T09:49:42] Started: Copying file /Contents/Common7/IDE/ItemTemplates/AspNetCore/Web/ASP.NET/1033/WebConfig/WebConfig.vstemplate to C:\Program Files (x86)\Microsoft Visual Studio\2017\Community\Common7\IDE\ItemTemplates\AspNetCore\Web\ASP.NET\1033\WebConfig\WebConfig.vstemplate
[0b00:0004][2017-10-17T09:49:42] Completed: Copying file /Contents/Common7/IDE/ItemTemplates/AspNetCore/Web/ASP.NET/1033/WebConfig/WebConfig.vstemplate to C:\Program Files (x86)\Microsoft Visual Studio\2017\Community\Common7\IDE\ItemTemplates\AspNetCore\Web\ASP.NET\1033\WebConfig\WebConfig.vstemplate
[0b00:0004][2017-10-17T09:49:42] Timestamp updated for file 'C:\Program Files (x86)\Microsoft Visual Studio\2017\Community\Common7\IDE\ItemTemplates\AspNetCore\Web\ASP.NET\1033\WebConfig\WebConfig.vstemplate'.
[0b00:0004][2017-10-17T09:49:42] Processing file /Contents/Common7/IDE/ItemTemplates/AspNetCore/Web/ASP.NET/AspNet.vstdir
[0b00:0004][2017-10-17T09:49:42] Started: Copying file /Contents/Common7/IDE/ItemTemplates/AspNetCore/Web/ASP.NET/AspNet.vstdir to C:\Program Files (x86)\Microsoft Visual Studio\2017\Community\Common7\IDE\ItemTemplates\AspNetCore\Web\ASP.NET\AspNet.vstdir
[0b00:0004][2017-10-17T09:49:42] Completed: Copying file /Contents/Common7/IDE/ItemTemplates/AspNetCore/Web/ASP.NET/AspNet.vstdir to C:\Program Files (x86)\Microsoft Visual Studio\2017\Community\Common7\IDE\ItemTemplates\AspNetCore\Web\ASP.NET\AspNet.vstdir
[0b00:0004][2017-10-17T09:49:42] Timestamp updated for file 'C:\Program Files (x86)\Microsoft Visual Studio\2017\Community\Common7\IDE\ItemTemplates\AspNetCore\Web\ASP.NET\AspNet.vstdir'.
[0b00:0004][2017-10-17T09:49:42] Processing file /Contents/Common7/IDE/ItemTemplates/AspNetCore/Web/Content/1033/HTMLPage/HTMLPage.html
[0b00:0004][2017-10-17T09:49:42] Started: Copying file /Contents/Common7/IDE/ItemTemplates/AspNetCore/Web/Content/1033/HTMLPage/HTMLPage.html to C:\Program Files (x86)\Microsoft Visual Studio\2017\Community\Common7\IDE\ItemTemplates\AspNetCore\Web\Content\1033\HTMLPage\HTMLPage.html
[0b00:0004][2017-10-17T09:49:42] Completed: Copying file /Contents/Common7/IDE/ItemTemplates/AspNetCore/Web/Content/1033/HTMLPage/HTMLPage.html to C:\Program Files (x86)\Microsoft Visual Studio\2017\Community\Common7\IDE\ItemTemplates\AspNetCore\Web\Content\1033\HTMLPage\HTMLPage.html
[0b00:0004][2017-10-17T09:49:42] Timestamp updated for file 'C:\Program Files (x86)\Microsoft Visual Studio\2017\Community\Common7\IDE\ItemTemplates\AspNetCore\Web\Content\1033\HTMLPage\HTMLPage.html'.
[0b00:0004][2017-10-17T09:49:42] Processing file /Contents/Common7/IDE/ItemTemplates/AspNetCore/Web/Content/1033/HTMLPage/HTMLPage.vstemplate
[0b00:0004][2017-10-17T09:49:42] Started: Copying file /Contents/Common7/IDE/ItemTemplates/AspNetCore/Web/Content/1033/HTMLPage/HTMLPage.vstemplate to C:\Program Files (x86)\Microsoft Visual Studio\2017\Community\Common7\IDE\ItemTemplates\AspNetCore\Web\Content\1033\HTMLPage\HTMLPage.vstemplate
[0b00:0004][2017-10-17T09:49:42] Completed: Copying file /Contents/Common7/IDE/ItemTemplates/AspNetCore/Web/Content/1033/HTMLPage/HTMLPage.vstemplate to C:\Program Files (x86)\Microsoft Visual Studio\2017\Community\Common7\IDE\ItemTemplates\AspNetCore\Web\Content\1033\HTMLPage\HTMLPage.vstemplate
[0b00:0004][2017-10-17T09:49:42] Timestamp updated for file 'C:\Program Files (x86)\Microsoft Visual Studio\2017\Community\Common7\IDE\ItemTemplates\AspNetCore\Web\Content\1033\HTMLPage\HTMLPage.vstemplate'.
[0b00:0004][2017-10-17T09:49:42] Processing file /Contents/Common7/IDE/ItemTemplates/AspNetCore/Web/Content/1033/StyleSheet/StyleSheet.css
[0b00:0004][2017-10-17T09:49:42] Started: Copying file /Contents/Common7/IDE/ItemTemplates/AspNetCore/Web/Content/1033/StyleSheet/StyleSheet.css to C:\Program Files (x86)\Microsoft Visual Studio\2017\Community\Common7\IDE\ItemTemplates\AspNetCore\Web\Content\1033\StyleSheet\StyleSheet.css
[0b00:0004][2017-10-17T09:49:42] Completed: Copying file /Contents/Common7/IDE/ItemTemplates/AspNetCore/Web/Content/1033/StyleSheet/StyleSheet.css to C:\Program Files (x86)\Microsoft Visual Studio\2017\Community\Common7\IDE\ItemTemplates\AspNetCore\Web\Content\1033\StyleSheet\StyleSheet.css
[0b00:0004][2017-10-17T09:49:42] Timestamp updated for file 'C:\Program Files (x86)\Microsoft Visual Studio\2017\Community\Common7\IDE\ItemTemplates\AspNetCore\Web\Content\1033\StyleSheet\StyleSheet.css'.
[0b00:0004][2017-10-17T09:49:42] Processing file /Contents/Common7/IDE/ItemTemplates/AspNetCore/Web/Content/1033/StyleSheet/StyleSheet.vstemplate
[0b00:0004][2017-10-17T09:49:42] Started: Copying file /Contents/Common7/IDE/ItemTemplates/AspNetCore/Web/Content/1033/StyleSheet/StyleSheet.vstemplate to C:\Program Files (x86)\Microsoft Visual Studio\2017\Community\Common7\IDE\ItemTemplates\AspNetCore\Web\Content\1033\StyleSheet\StyleSheet.vstemplate
[0b00:0004][2017-10-17T09:49:42] Completed: Copying file /Contents/Common7/IDE/ItemTemplates/AspNetCore/Web/Content/1033/StyleSheet/StyleSheet.vstemplate to C:\Program Files (x86)\Microsoft Visual Studio\2017\Community\Common7\IDE\ItemTemplates\AspNetCore\Web\Content\1033\StyleSheet\StyleSheet.vstemplate
[0b00:0004][2017-10-17T09:49:42] Timestamp updated for file 'C:\Program Files (x86)\Microsoft Visual Studio\2017\Community\Common7\IDE\ItemTemplates\AspNetCore\Web\Content\1033\StyleSheet\StyleSheet.vstemplate'.
[0b00:0004][2017-10-17T09:49:42] Processing file /Contents/Common7/IDE/ItemTemplates/AspNetCore/Web/Content/1033/StyleSheetLess/StyleSheet.less
[0b00:0004][2017-10-17T09:49:42] Started: Copying file /Contents/Common7/IDE/ItemTemplates/AspNetCore/Web/Content/1033/StyleSheetLess/StyleSheet.less to C:\Program Files (x86)\Microsoft Visual Studio\2017\Community\Common7\IDE\ItemTemplates\AspNetCore\Web\Content\1033\StyleSheetLess\StyleSheet.less
[0b00:0004][2017-10-17T09:49:42] Completed: Copying file /Contents/Common7/IDE/ItemTemplates/AspNetCore/Web/Content/1033/StyleSheetLess/StyleSheet.less to C:\Program Files (x86)\Microsoft Visual Studio\2017\Community\Common7\IDE\ItemTemplates\AspNetCore\Web\Content\1033\StyleSheetLess\StyleSheet.less
[0b00:0004][2017-10-17T09:49:42] Timestamp updated for file 'C:\Program Files (x86)\Microsoft Visual Studio\2017\Community\Common7\IDE\ItemTemplates\AspNetCore\Web\Content\1033\StyleSheetLess\StyleSheet.less'.
[0b00:0004][2017-10-17T09:49:42] Processing file /Contents/Common7/IDE/ItemTemplates/AspNetCore/Web/Content/1033/StyleSheetLess/StyleSheetLess.vstemplate
[0b00:0004][2017-10-17T09:49:42] Started: Copying file /Contents/Common7/IDE/ItemTemplates/AspNetCore/Web/Content/1033/StyleSheetLess/StyleSheetLess.vstemplate to C:\Program Files (x86)\Microsoft Visual Studio\2017\Community\Common7\IDE\ItemTemplates\AspNetCore\Web\Content\1033\StyleSheetLess\StyleSheetLess.vstemplate
[0b00:0004][2017-10-17T09:49:42] Completed: Copying file /Contents/Common7/IDE/ItemTemplates/AspNetCore/Web/Content/1033/StyleSheetLess/StyleSheetLess.vstemplate to C:\Program Files (x86)\Microsoft Visual Studio\2017\Community\Common7\IDE\ItemTemplates\AspNetCore\Web\Content\1033\StyleSheetLess\StyleSheetLess.vstemplate
[0b00:0004][2017-10-17T09:49:42] Timestamp updated for file 'C:\Program Files (x86)\Microsoft Visual Studio\2017\Community\Common7\IDE\ItemTemplates\AspNetCore\Web\Content\1033\StyleSheetLess\StyleSheetLess.vstemplate'.
[0b00:0004][2017-10-17T09:49:42] Processing file /Contents/Common7/IDE/ItemTemplates/AspNetCore/Web/Content/1033/StyleSheetScss/StyleSheet.scss
[0b00:0004][2017-10-17T09:49:42] Started: Copying file /Contents/Common7/IDE/ItemTemplates/AspNetCore/Web/Content/1033/StyleSheetScss/StyleSheet.scss to C:\Program Files (x86)\Microsoft Visual Studio\2017\Community\Common7\IDE\ItemTemplates\AspNetCore\Web\Content\1033\StyleSheetScss\StyleSheet.scss
[0b00:0004][2017-10-17T09:49:42] Completed: Copying file /Contents/Common7/IDE/ItemTemplates/AspNetCore/Web/Content/1033/StyleSheetScss/StyleSheet.scss to C:\Program Files (x86)\Microsoft Visual Studio\2017\Community\Common7\IDE\ItemTemplates\AspNetCore\Web\Content\1033\StyleSheetScss\StyleSheet.scss
[0b00:0004][2017-10-17T09:49:42] Timestamp updated for file 'C:\Program Files (x86)\Microsoft Visual Studio\2017\Community\Common7\IDE\ItemTemplates\AspNetCore\Web\Content\1033\StyleSheetScss\StyleSheet.scss'.
[0b00:0004][2017-10-17T09:49:42] Processing file /Contents/Common7/IDE/ItemTemplates/AspNetCore/Web/Content/1033/StyleSheetScss/StyleSheetScss.vstemplate
[0b00:0004][2017-10-17T09:49:42] Started: Copying file /Contents/Common7/IDE/ItemTemplates/AspNetCore/Web/Content/1033/StyleSheetScss/StyleSheetScss.vstemplate to C:\Program Files (x86)\Microsoft Visual Studio\2017\Community\Common7\IDE\ItemTemplates\AspNetCore\Web\Content\1033\StyleSheetScss\StyleSheetScss.vstemplate
[0b00:0004][2017-10-17T09:49:42] Completed: Copying file /Contents/Common7/IDE/ItemTemplates/AspNetCore/Web/Content/1033/StyleSheetScss/StyleSheetScss.vstemplate to C:\Program Files (x86)\Microsoft Visual Studio\2017\Community\Common7\IDE\ItemTemplates\AspNetCore\Web\Content\1033\StyleSheetScss\StyleSheetScss.vstemplate
[0b00:0004][2017-10-17T09:49:42] Timestamp updated for file 'C:\Program Files (x86)\Microsoft Visual Studio\2017\Community\Common7\IDE\ItemTemplates\AspNetCore\Web\Content\1033\StyleSheetScss\StyleSheetScss.vstemplate'.
[0b00:0004][2017-10-17T09:49:42] Processing file /Contents/Common7/IDE/ItemTemplates/AspNetCore/Web/Content/Content.vstdir
[0b00:0004][2017-10-17T09:49:42] Started: Copying file /Contents/Common7/IDE/ItemTemplates/AspNetCore/Web/Content/Content.vstdir to C:\Program Files (x86)\Microsoft Visual Studio\2017\Community\Common7\IDE\ItemTemplates\AspNetCore\Web\Content\Content.vstdir
[0b00:0004][2017-10-17T09:49:42] Completed: Copying file /Contents/Common7/IDE/ItemTemplates/AspNetCore/Web/Content/Content.vstdir to C:\Program Files (x86)\Microsoft Visual Studio\2017\Community\Common7\IDE\ItemTemplates\AspNetCore\Web\Content\Content.vstdir
[0b00:0004][2017-10-17T09:49:42] Timestamp updated for file 'C:\Program Files (x86)\Microsoft Visual Studio\2017\Community\Common7\IDE\ItemTemplates\AspNetCore\Web\Content\Content.vstdir'.
[0b00:0004][2017-10-17T09:49:42] Processing file /Contents/Common7/IDE/ItemTemplates/AspNetCore/Web/General/1033/AppSettings/appsettings.json
[0b00:0004][2017-10-17T09:49:42] Started: Copying file /Contents/Common7/IDE/ItemTemplates/AspNetCore/Web/General/1033/AppSettings/appsettings.json to C:\Program Files (x86)\Microsoft Visual Studio\2017\Community\Common7\IDE\ItemTemplates\AspNetCore\Web\General\1033\AppSettings\appsettings.json
[0b00:0004][2017-10-17T09:49:42] Completed: Copying file /Contents/Common7/IDE/ItemTemplates/AspNetCore/Web/General/1033/AppSettings/appsettings.json to C:\Program Files (x86)\Microsoft Visual Studio\2017\Community\Common7\IDE\ItemTemplates\AspNetCore\Web\General\1033\AppSettings\appsettings.json
[0b00:0004][2017-10-17T09:49:42] Timestamp updated for file 'C:\Program Files (x86)\Microsoft Visual Studio\2017\Community\Common7\IDE\ItemTemplates\AspNetCore\Web\General\1033\AppSettings\appsettings.json'.
[0b00:0004][2017-10-17T09:49:42] Processing file /Contents/Common7/IDE/ItemTemplates/AspNetCore/Web/General/1033/AppSettings/AppSettings.vstemplate
[0b00:0004][2017-10-17T09:49:42] Started: Copying file /Contents/Common7/IDE/ItemTemplates/AspNetCore/Web/General/1033/AppSettings/AppSettings.vstemplate to C:\Program Files (x86)\Microsoft Visual Studio\2017\Community\Common7\IDE\ItemTemplates\AspNetCore\Web\General\1033\AppSettings\AppSettings.vstemplate
[0b00:0004][2017-10-17T09:49:42] Completed: Copying file /Contents/Common7/IDE/ItemTemplates/AspNetCore/Web/General/1033/AppSettings/AppSettings.vstemplate to C:\Program Files (x86)\Microsoft Visual Studio\2017\Community\Common7\IDE\ItemTemplates\AspNetCore\Web\General\1033\AppSettings\AppSettings.vstemplate
[0b00:0004][2017-10-17T09:49:42] Timestamp updated for file 'C:\Program Files (x86)\Microsoft Visual Studio\2017\Community\Common7\IDE\ItemTemplates\AspNetCore\Web\General\1033\AppSettings\AppSettings.vstemplate'.
[0b00:0004][2017-10-17T09:49:42] Processing file /Contents/Common7/IDE/ItemTemplates/AspNetCore/Web/General/1033/BowerJson/bower.json
[0b00:0004][2017-10-17T09:49:42] Started: Copying file /Contents/Common7/IDE/ItemTemplates/AspNetCore/Web/General/1033/BowerJson/bower.json to C:\Program Files (x86)\Microsoft Visual Studio\2017\Community\Common7\IDE\ItemTemplates\AspNetCore\Web\General\1033\BowerJson\bower.json
[0b00:0004][2017-10-17T09:49:42] Completed: Copying file /Contents/Common7/IDE/ItemTemplates/AspNetCore/Web/General/1033/BowerJson/bower.json to C:\Program Files (x86)\Microsoft Visual Studio\2017\Community\Common7\IDE\ItemTemplates\AspNetCore\Web\General\1033\BowerJson\bower.json
[0b00:0004][2017-10-17T09:49:42] Timestamp updated for file 'C:\Program Files (x86)\Microsoft Visual Studio\2017\Community\Common7\IDE\ItemTemplates\AspNetCore\Web\General\1033\BowerJson\bower.json'.
[0b00:0004][2017-10-17T09:49:42] Processing file /Contents/Common7/IDE/ItemTemplates/AspNetCore/Web/General/1033/BowerJson/BowerJson.vstemplate
[0b00:0004][2017-10-17T09:49:42] Started: Copying file /Contents/Common7/IDE/ItemTemplates/AspNetCore/Web/General/1033/BowerJson/BowerJson.vstemplate to C:\Program Files (x86)\Microsoft Visual Studio\2017\Community\Common7\IDE\ItemTemplates\AspNetCore\Web\General\1033\BowerJson\BowerJson.vstemplate
[0b00:0004][2017-10-17T09:49:42] Completed: Copying file /Contents/Common7/IDE/ItemTemplates/AspNetCore/Web/General/1033/BowerJson/BowerJson.vstemplate to C:\Program Files (x86)\Microsoft Visual Studio\2017\Community\Common7\IDE\ItemTemplates\AspNetCore\Web\General\1033\BowerJson\BowerJson.vstemplate
[0b00:0004][2017-10-17T09:49:42] Timestamp updated for file 'C:\Program Files (x86)\Microsoft Visual Studio\2017\Community\Common7\IDE\ItemTemplates\AspNetCore\Web\General\1033\BowerJson\BowerJson.vstemplate'.
[0b00:0004][2017-10-17T09:49:42] Processing file /Contents/Common7/IDE/ItemTemplates/AspNetCore/Web/General/1033/BowerJson/bowerrc
[0b00:0004][2017-10-17T09:49:42] Started: Copying file /Contents/Common7/IDE/ItemTemplates/AspNetCore/Web/General/1033/BowerJson/bowerrc to C:\Program Files (x86)\Microsoft Visual Studio\2017\Community\Common7\IDE\ItemTemplates\AspNetCore\Web\General\1033\BowerJson\bowerrc
[0b00:0004][2017-10-17T09:49:42] Completed: Copying file /Contents/Common7/IDE/ItemTemplates/AspNetCore/Web/General/1033/BowerJson/bowerrc to C:\Program Files (x86)\Microsoft Visual Studio\2017\Community\Common7\IDE\ItemTemplates\AspNetCore\Web\General\1033\BowerJson\bowerrc
[0b00:0004][2017-10-17T09:49:42] Timestamp updated for file 'C:\Program Files (x86)\Microsoft Visual Studio\2017\Community\Common7\IDE\ItemTemplates\AspNetCore\Web\General\1033\BowerJson\bowerrc'.
[0b00:0004][2017-10-17T09:49:42] Processing file /Contents/Common7/IDE/ItemTemplates/AspNetCore/Web/General/1033/Gruntfile/Gruntfile.js
[0b00:0004][2017-10-17T09:49:42] Started: Copying file /Contents/Common7/IDE/ItemTemplates/AspNetCore/Web/General/1033/Gruntfile/Gruntfile.js to C:\Program Files (x86)\Microsoft Visual Studio\2017\Community\Common7\IDE\ItemTemplates\AspNetCore\Web\General\1033\Gruntfile\Gruntfile.js
[0b00:0004][2017-10-17T09:49:42] Completed: Copying file /Contents/Common7/IDE/ItemTemplates/AspNetCore/Web/General/1033/Gruntfile/Gruntfile.js to C:\Program Files (x86)\Microsoft Visual Studio\2017\Community\Common7\IDE\ItemTemplates\AspNetCore\Web\General\1033\Gruntfile\Gruntfile.js
[0b00:0004][2017-10-17T09:49:42] Timestamp updated for file 'C:\Program Files (x86)\Microsoft Visual Studio\2017\Community\Common7\IDE\ItemTemplates\AspNetCore\Web\General\1033\Gruntfile\Gruntfile.js'.
[0b00:0004][2017-10-17T09:49:42] Processing file /Contents/Common7/IDE/ItemTemplates/AspNetCore/Web/General/1033/Gruntfile/Gruntfile.vstemplate
[0b00:0004][2017-10-17T09:49:42] Started: Copying file /Contents/Common7/IDE/ItemTemplates/AspNetCore/Web/General/1033/Gruntfile/Gruntfile.vstemplate to C:\Program Files (x86)\Microsoft Visual Studio\2017\Community\Common7\IDE\ItemTemplates\AspNetCore\Web\General\1033\Gruntfile\Gruntfile.vstemplate
[0b00:0004][2017-10-17T09:49:42] Completed: Copying file /Contents/Common7/IDE/ItemTemplates/AspNetCore/Web/General/1033/Gruntfile/Gruntfile.vstemplate to C:\Program Files (x86)\Microsoft Visual Studio\2017\Community\Common7\IDE\ItemTemplates\AspNetCore\Web\General\1033\Gruntfile\Gruntfile.vstemplate
[0b00:0004][2017-10-17T09:49:42] Timestamp updated for file 'C:\Program Files (x86)\Microsoft Visual Studio\2017\Community\Common7\IDE\ItemTemplates\AspNetCore\Web\General\1033\Gruntfile\Gruntfile.vstemplate'.
[0b00:0004][2017-10-17T09:49:42] Processing file /Contents/Common7/IDE/ItemTemplates/AspNetCore/Web/General/1033/Gulpfile/Gulpfile.js
[0b00:0004][2017-10-17T09:49:42] Started: Copying file /Contents/Common7/IDE/ItemTemplates/AspNetCore/Web/General/1033/Gulpfile/Gulpfile.js to C:\Program Files (x86)\Microsoft Visual Studio\2017\Community\Common7\IDE\ItemTemplates\AspNetCore\Web\General\1033\Gulpfile\Gulpfile.js
[0b00:0004][2017-10-17T09:49:42] Completed: Copying file /Contents/Common7/IDE/ItemTemplates/AspNetCore/Web/General/1033/Gulpfile/Gulpfile.js to C:\Program Files (x86)\Microsoft Visual Studio\2017\Community\Common7\IDE\ItemTemplates\AspNetCore\Web\General\1033\Gulpfile\Gulpfile.js
[0b00:0004][2017-10-17T09:49:42] Timestamp updated for file 'C:\Program Files (x86)\Microsoft Visual Studio\2017\Community\Common7\IDE\ItemTemplates\AspNetCore\Web\General\1033\Gulpfile\Gulpfile.js'.
[0b00:0004][2017-10-17T09:49:42] Processing file /Contents/Common7/IDE/ItemTemplates/AspNetCore/Web/General/1033/Gulpfile/Gulpfile.vstemplate
[0b00:0004][2017-10-17T09:49:42] Started: Copying file /Contents/Common7/IDE/ItemTemplates/AspNetCore/Web/General/1033/Gulpfile/Gulpfile.vstemplate to C:\Program Files (x86)\Microsoft Visual Studio\2017\Community\Common7\IDE\ItemTemplates\AspNetCore\Web\General\1033\Gulpfile\Gulpfile.vstemplate
[0b00:0004][2017-10-17T09:49:42] Completed: Copying file /Contents/Common7/IDE/ItemTemplates/AspNetCore/Web/General/1033/Gulpfile/Gulpfile.vstemplate to C:\Program Files (x86)\Microsoft Visual Studio\2017\Community\Common7\IDE\ItemTemplates\AspNetCore\Web\General\1033\Gulpfile\Gulpfile.vstemplate
[0b00:0004][2017-10-17T09:49:42] Timestamp updated for file 'C:\Program Files (x86)\Microsoft Visual Studio\2017\Community\Common7\IDE\ItemTemplates\AspNetCore\Web\General\1033\Gulpfile\Gulpfile.vstemplate'.
[0b00:0004][2017-10-17T09:49:42] Processing file /Contents/Common7/IDE/ItemTemplates/AspNetCore/Web/General/1033/JSON/json.json
[0b00:0004][2017-10-17T09:49:42] Started: Copying file /Contents/Common7/IDE/ItemTemplates/AspNetCore/Web/General/1033/JSON/json.json to C:\Program Files (x86)\Microsoft Visual Studio\2017\Community\Common7\IDE\ItemTemplates\AspNetCore\Web\General\1033\JSON\json.json
[0b00:0004][2017-10-17T09:49:42] Completed: Copying file /Contents/Common7/IDE/ItemTemplates/AspNetCore/Web/General/1033/JSON/json.json to C:\Program Files (x86)\Microsoft Visual Studio\2017\Community\Common7\IDE\ItemTemplates\AspNetCore\Web\General\1033\JSON\json.json
[0b00:0004][2017-10-17T09:49:42] Timestamp updated for file 'C:\Program Files (x86)\Microsoft Visual Studio\2017\Community\Common7\IDE\ItemTemplates\AspNetCore\Web\General\1033\JSON\json.json'.
[0b00:0004][2017-10-17T09:49:42] Processing file /Contents/Common7/IDE/ItemTemplates/AspNetCore/Web/General/1033/JSON/Json.vstemplate
[0b00:0004][2017-10-17T09:49:42] Started: Copying file /Contents/Common7/IDE/ItemTemplates/AspNetCore/Web/General/1033/JSON/Json.vstemplate to C:\Program Files (x86)\Microsoft Visual Studio\2017\Community\Common7\IDE\ItemTemplates\AspNetCore\Web\General\1033\JSON\Json.vstemplate
[0b00:0004][2017-10-17T09:49:42] Completed: Copying file /Contents/Common7/IDE/ItemTemplates/AspNetCore/Web/General/1033/JSON/Json.vstemplate to C:\Program Files (x86)\Microsoft Visual Studio\2017\Community\Common7\IDE\ItemTemplates\AspNetCore\Web\General\1033\JSON\Json.vstemplate
[0b00:0004][2017-10-17T09:49:42] Timestamp updated for file 'C:\Program Files (x86)\Microsoft Visual Studio\2017\Community\Common7\IDE\ItemTemplates\AspNetCore\Web\General\1033\JSON\Json.vstemplate'.
[0b00:0004][2017-10-17T09:49:42] Processing file /Contents/Common7/IDE/ItemTemplates/AspNetCore/Web/General/1033/JSONSchema/json-schema.json
[0b00:0004][2017-10-17T09:49:42] Started: Copying file /Contents/Common7/IDE/ItemTemplates/AspNetCore/Web/General/1033/JSONSchema/json-schema.json to C:\Program Files (x86)\Microsoft Visual Studio\2017\Community\Common7\IDE\ItemTemplates\AspNetCore\Web\General\1033\JSONSchema\json-schema.json
[0b00:0004][2017-10-17T09:49:42] Completed: Copying file /Contents/Common7/IDE/ItemTemplates/AspNetCore/Web/General/1033/JSONSchema/json-schema.json to C:\Program Files (x86)\Microsoft Visual Studio\2017\Community\Common7\IDE\ItemTemplates\AspNetCore\Web\General\1033\JSONSchema\json-schema.json
[0b00:0004][2017-10-17T09:49:42] Timestamp updated for file 'C:\Program Files (x86)\Microsoft Visual Studio\2017\Community\Common7\IDE\ItemTemplates\AspNetCore\Web\General\1033\JSONSchema\json-schema.json'.
[0b00:0004][2017-10-17T09:49:42] Processing file /Contents/Common7/IDE/ItemTemplates/AspNetCore/Web/General/1033/JSONSchema/JsonSchema.vstemplate
[0b00:0004][2017-10-17T09:49:42] Started: Copying file /Contents/Common7/IDE/ItemTemplates/AspNetCore/Web/General/1033/JSONSchema/JsonSchema.vstemplate to C:\Program Files (x86)\Microsoft Visual Studio\2017\Community\Common7\IDE\ItemTemplates\AspNetCore\Web\General\1033\JSONSchema\JsonSchema.vstemplate
[0b00:0004][2017-10-17T09:49:42] Completed: Copying file /Contents/Common7/IDE/ItemTemplates/AspNetCore/Web/General/1033/JSONSchema/JsonSchema.vstemplate to C:\Program Files (x86)\Microsoft Visual Studio\2017\Community\Common7\IDE\ItemTemplates\AspNetCore\Web\General\1033\JSONSchema\JsonSchema.vstemplate
[0b00:0004][2017-10-17T09:49:42] Timestamp updated for file 'C:\Program Files (x86)\Microsoft Visual Studio\2017\Community\Common7\IDE\ItemTemplates\AspNetCore\Web\General\1033\JSONSchema\JsonSchema.vstemplate'.
[0b00:0004][2017-10-17T09:49:42] Processing file /Contents/Common7/IDE/ItemTemplates/AspNetCore/Web/General/1033/PackageJson/package.json
[0b00:0004][2017-10-17T09:49:42] Started: Copying file /Contents/Common7/IDE/ItemTemplates/AspNetCore/Web/General/1033/PackageJson/package.json to C:\Program Files (x86)\Microsoft Visual Studio\2017\Community\Common7\IDE\ItemTemplates\AspNetCore\Web\General\1033\PackageJson\package.json
[0b00:0004][2017-10-17T09:49:42] Completed: Copying file /Contents/Common7/IDE/ItemTemplates/AspNetCore/Web/General/1033/PackageJson/package.json to C:\Program Files (x86)\Microsoft Visual Studio\2017\Community\Common7\IDE\ItemTemplates\AspNetCore\Web\General\1033\PackageJson\package.json
[0b00:0004][2017-10-17T09:49:42] Timestamp updated for file 'C:\Program Files (x86)\Microsoft Visual Studio\2017\Community\Common7\IDE\ItemTemplates\AspNetCore\Web\General\1033\PackageJson\package.json'.
[0b00:0004][2017-10-17T09:49:42] Processing file /Contents/Common7/IDE/ItemTemplates/AspNetCore/Web/General/1033/PackageJson/PackageJson.vstemplate
[0b00:0004][2017-10-17T09:49:42] Started: Copying file /Contents/Common7/IDE/ItemTemplates/AspNetCore/Web/General/1033/PackageJson/PackageJson.vstemplate to C:\Program Files (x86)\Microsoft Visual Studio\2017\Community\Common7\IDE\ItemTemplates\AspNetCore\Web\General\1033\PackageJson\PackageJson.vstemplate
[0b00:0004][2017-10-17T09:49:42] Completed: Copying file /Contents/Common7/IDE/ItemTemplates/AspNetCore/Web/General/1033/PackageJson/PackageJson.vstemplate to C:\Program Files (x86)\Microsoft Visual Studio\2017\Community\Common7\IDE\ItemTemplates\AspNetCore\Web\General\1033\PackageJson\PackageJson.vstemplate
[0b00:0004][2017-10-17T09:49:42] Timestamp updated for file 'C:\Program Files (x86)\Microsoft Visual Studio\2017\Community\Common7\IDE\ItemTemplates\AspNetCore\Web\General\1033\PackageJson\PackageJson.vstemplate'.
[0b00:0004][2017-10-17T09:49:42] Processing file /Contents/Common7/IDE/ItemTemplates/AspNetCore/Web/General/1033/XmlFile/XmlFile.vstemplate
[0b00:0004][2017-10-17T09:49:42] Started: Copying file /Contents/Common7/IDE/ItemTemplates/AspNetCore/Web/General/1033/XmlFile/XmlFile.vstemplate to C:\Program Files (x86)\Microsoft Visual Studio\2017\Community\Common7\IDE\ItemTemplates\AspNetCore\Web\General\1033\XmlFile\XmlFile.vstemplate
[0b00:0004][2017-10-17T09:49:42] Completed: Copying file /Contents/Common7/IDE/ItemTemplates/AspNetCore/Web/General/1033/XmlFile/XmlFile.vstemplate to C:\Program Files (x86)\Microsoft Visual Studio\2017\Community\Common7\IDE\ItemTemplates\AspNetCore\Web\General\1033\XmlFile\XmlFile.vstemplate
[0b00:0004][2017-10-17T09:49:42] Timestamp updated for file 'C:\Program Files (x86)\Microsoft Visual Studio\2017\Community\Common7\IDE\ItemTemplates\AspNetCore\Web\General\1033\XmlFile\XmlFile.vstemplate'.
[0b00:0004][2017-10-17T09:49:42] Processing file /Contents/Common7/IDE/ItemTemplates/AspNetCore/Web/General/1033/XmlFile/XmlFile.xml
[0b00:0004][2017-10-17T09:49:42] Started: Copying file /Contents/Common7/IDE/ItemTemplates/AspNetCore/Web/General/1033/XmlFile/XmlFile.xml to C:\Program Files (x86)\Microsoft Visual Studio\2017\Community\Common7\IDE\ItemTemplates\AspNetCore\Web\General\1033\XmlFile\XmlFile.xml
[0b00:0004][2017-10-17T09:49:42] Completed: Copying file /Contents/Common7/IDE/ItemTemplates/AspNetCore/Web/General/1033/XmlFile/XmlFile.xml to C:\Program Files (x86)\Microsoft Visual Studio\2017\Community\Common7\IDE\ItemTemplates\AspNetCore\Web\General\1033\XmlFile\XmlFile.xml
[0b00:0004][2017-10-17T09:49:42] Timestamp updated for file 'C:\Program Files (x86)\Microsoft Visual Studio\2017\Community\Common7\IDE\ItemTemplates\AspNetCore\Web\General\1033\XmlFile\XmlFile.xml'.
[0b00:0004][2017-10-17T09:49:42] Processing file /Contents/Common7/IDE/ItemTemplates/AspNetCore/Web/General/General.vstdir
[0b00:0004][2017-10-17T09:49:42] Started: Copying file /Contents/Common7/IDE/ItemTemplates/AspNetCore/Web/General/General.vstdir to C:\Program Files (x86)\Microsoft Visual Studio\2017\Community\Common7\IDE\ItemTemplates\AspNetCore\Web\General\General.vstdir
[0b00:0004][2017-10-17T09:49:42] Completed: Copying file /Contents/Common7/IDE/ItemTemplates/AspNetCore/Web/General/General.vstdir to C:\Program Files (x86)\Microsoft Visual Studio\2017\Community\Common7\IDE\ItemTemplates\AspNetCore\Web\General\General.vstdir
[0b00:0004][2017-10-17T09:49:42] Timestamp updated for file 'C:\Program Files (x86)\Microsoft Visual Studio\2017\Community\Common7\IDE\ItemTemplates\AspNetCore\Web\General\General.vstdir'.
[0b00:0004][2017-10-17T09:49:42] Processing file /Contents/Common7/IDE/ItemTemplates/AspNetCore/Web/Scripts/1033/AngularControllerAs/AngularControllerAs.vstemplate
[0b00:0004][2017-10-17T09:49:42] Started: Copying file /Contents/Common7/IDE/ItemTemplates/AspNetCore/Web/Scripts/1033/AngularControllerAs/AngularControllerAs.vstemplate to C:\Program Files (x86)\Microsoft Visual Studio\2017\Community\Common7\IDE\ItemTemplates\AspNetCore\Web\Scripts\1033\AngularControllerAs\AngularControllerAs.vstemplate
[0b00:0004][2017-10-17T09:49:42] Completed: Copying file /Contents/Common7/IDE/ItemTemplates/AspNetCore/Web/Scripts/1033/AngularControllerAs/AngularControllerAs.vstemplate to C:\Program Files (x86)\Microsoft Visual Studio\2017\Community\Common7\IDE\ItemTemplates\AspNetCore\Web\Scripts\1033\AngularControllerAs\AngularControllerAs.vstemplate
[0b00:0004][2017-10-17T09:49:42] Timestamp updated for file 'C:\Program Files (x86)\Microsoft Visual Studio\2017\Community\Common7\IDE\ItemTemplates\AspNetCore\Web\Scripts\1033\AngularControllerAs\AngularControllerAs.vstemplate'.
[0b00:0004][2017-10-17T09:49:42] Processing file /Contents/Common7/IDE/ItemTemplates/AspNetCore/Web/Scripts/1033/AngularControllerAs/controller.js
[0b00:0004][2017-10-17T09:49:42] Started: Copying file /Contents/Common7/IDE/ItemTemplates/AspNetCore/Web/Scripts/1033/AngularControllerAs/controller.js to C:\Program Files (x86)\Microsoft Visual Studio\2017\Community\Common7\IDE\ItemTemplates\AspNetCore\Web\Scripts\1033\AngularControllerAs\controller.js
[0b00:0004][2017-10-17T09:49:42] Completed: Copying file /Contents/Common7/IDE/ItemTemplates/AspNetCore/Web/Scripts/1033/AngularControllerAs/controller.js to C:\Program Files (x86)\Microsoft Visual Studio\2017\Community\Common7\IDE\ItemTemplates\AspNetCore\Web\Scripts\1033\AngularControllerAs\controller.js
[0b00:0004][2017-10-17T09:49:42] Timestamp updated for file 'C:\Program Files (x86)\Microsoft Visual Studio\2017\Community\Common7\IDE\ItemTemplates\AspNetCore\Web\Scripts\1033\AngularControllerAs\controller.js'.
[0b00:0004][2017-10-17T09:49:42] Processing file /Contents/Common7/IDE/ItemTemplates/AspNetCore/Web/Scripts/1033/AngularControllerAs/icon.png
[0b00:0004][2017-10-17T09:49:42] Started: Copying file /Contents/Common7/IDE/ItemTemplates/AspNetCore/Web/Scripts/1033/AngularControllerAs/icon.png to C:\Program Files (x86)\Microsoft Visual Studio\2017\Community\Common7\IDE\ItemTemplates\AspNetCore\Web\Scripts\1033\AngularControllerAs\icon.png
[0b00:0004][2017-10-17T09:49:42] Completed: Copying file /Contents/Common7/IDE/ItemTemplates/AspNetCore/Web/Scripts/1033/AngularControllerAs/icon.png to C:\Program Files (x86)\Microsoft Visual Studio\2017\Community\Common7\IDE\ItemTemplates\AspNetCore\Web\Scripts\1033\AngularControllerAs\icon.png
[0b00:0004][2017-10-17T09:49:42] Timestamp updated for file 'C:\Program Files (x86)\Microsoft Visual Studio\2017\Community\Common7\IDE\ItemTemplates\AspNetCore\Web\Scripts\1033\AngularControllerAs\icon.png'.
[0b00:0004][2017-10-17T09:49:42] Processing file /Contents/Common7/IDE/ItemTemplates/AspNetCore/Web/Scripts/1033/AngularControllerUsingScope/AngularControllerUsingScope.vstemplate
[0b00:0004][2017-10-17T09:49:42] Started: Copying file /Contents/Common7/IDE/ItemTemplates/AspNetCore/Web/Scripts/1033/AngularControllerUsingScope/AngularControllerUsingScope.vstemplate to C:\Program Files (x86)\Microsoft Visual Studio\2017\Community\Common7\IDE\ItemTemplates\AspNetCore\Web\Scripts\1033\AngularControllerUsingScope\AngularControllerUsingScope.vstemplate
[0b00:0004][2017-10-17T09:49:42] Completed: Copying file /Contents/Common7/IDE/ItemTemplates/AspNetCore/Web/Scripts/1033/AngularControllerUsingScope/AngularControllerUsingScope.vstemplate to C:\Program Files (x86)\Microsoft Visual Studio\2017\Community\Common7\IDE\ItemTemplates\AspNetCore\Web\Scripts\1033\AngularControllerUsingScope\AngularControllerUsingScope.vstemplate
[0b00:0004][2017-10-17T09:49:42] Timestamp updated for file 'C:\Program Files (x86)\Microsoft Visual Studio\2017\Community\Common7\IDE\ItemTemplates\AspNetCore\Web\Scripts\1033\AngularControllerUsingScope\AngularControllerUsingScope.vstemplate'.
[0b00:0004][2017-10-17T09:49:42] Processing file /Contents/Common7/IDE/ItemTemplates/AspNetCore/Web/Scripts/1033/AngularControllerUsingScope/controller.js
[0b00:0004][2017-10-17T09:49:42] Started: Copying file /Contents/Common7/IDE/ItemTemplates/AspNetCore/Web/Scripts/1033/AngularControllerUsingScope/controller.js to C:\Program Files (x86)\Microsoft Visual Studio\2017\Community\Common7\IDE\ItemTemplates\AspNetCore\Web\Scripts\1033\AngularControllerUsingScope\controller.js
[0b00:0004][2017-10-17T09:49:42] Completed: Copying file /Contents/Common7/IDE/ItemTemplates/AspNetCore/Web/Scripts/1033/AngularControllerUsingScope/controller.js to C:\Program Files (x86)\Microsoft Visual Studio\2017\Community\Common7\IDE\ItemTemplates\AspNetCore\Web\Scripts\1033\AngularControllerUsingScope\controller.js
[0b00:0004][2017-10-17T09:49:42] Timestamp updated for file 'C:\Program Files (x86)\Microsoft Visual Studio\2017\Community\Common7\IDE\ItemTemplates\AspNetCore\Web\Scripts\1033\AngularControllerUsingScope\controller.js'.
[0b00:0004][2017-10-17T09:49:42] Processing file /Contents/Common7/IDE/ItemTemplates/AspNetCore/Web/Scripts/1033/AngularControllerUsingScope/icon.png
[0b00:0004][2017-10-17T09:49:42] Started: Copying file /Contents/Common7/IDE/ItemTemplates/AspNetCore/Web/Scripts/1033/AngularControllerUsingScope/icon.png to C:\Program Files (x86)\Microsoft Visual Studio\2017\Community\Common7\IDE\ItemTemplates\AspNetCore\Web\Scripts\1033\AngularControllerUsingScope\icon.png
[0b00:0004][2017-10-17T09:49:42] Completed: Copying file /Contents/Common7/IDE/ItemTemplates/AspNetCore/Web/Scripts/1033/AngularControllerUsingScope/icon.png to C:\Program Files (x86)\Microsoft Visual Studio\2017\Community\Common7\IDE\ItemTemplates\AspNetCore\Web\Scripts\1033\AngularControllerUsingScope\icon.png
[0b00:0004][2017-10-17T09:49:42] Timestamp updated for file 'C:\Program Files (x86)\Microsoft Visual Studio\2017\Community\Common7\IDE\ItemTemplates\AspNetCore\Web\Scripts\1033\AngularControllerUsingScope\icon.png'.
[0b00:0004][2017-10-17T09:49:42] Processing file /Contents/Common7/IDE/ItemTemplates/AspNetCore/Web/Scripts/1033/AngularDirective/AngularDirective.vstemplate
[0b00:0004][2017-10-17T09:49:42] Started: Copying file /Contents/Common7/IDE/ItemTemplates/AspNetCore/Web/Scripts/1033/AngularDirective/AngularDirective.vstemplate to C:\Program Files (x86)\Microsoft Visual Studio\2017\Community\Common7\IDE\ItemTemplates\AspNetCore\Web\Scripts\1033\AngularDirective\AngularDirective.vstemplate
[0b00:0004][2017-10-17T09:49:42] Completed: Copying file /Contents/Common7/IDE/ItemTemplates/AspNetCore/Web/Scripts/1033/AngularDirective/AngularDirective.vstemplate to C:\Program Files (x86)\Microsoft Visual Studio\2017\Community\Common7\IDE\ItemTemplates\AspNetCore\Web\Scripts\1033\AngularDirective\AngularDirective.vstemplate
[0b00:0004][2017-10-17T09:49:42] Timestamp updated for file 'C:\Program Files (x86)\Microsoft Visual Studio\2017\Community\Common7\IDE\ItemTemplates\AspNetCore\Web\Scripts\1033\AngularDirective\AngularDirective.vstemplate'.
[0b00:0004][2017-10-17T09:49:42] Processing file /Contents/Common7/IDE/ItemTemplates/AspNetCore/Web/Scripts/1033/AngularDirective/directive.js
[0b00:0004][2017-10-17T09:49:42] Started: Copying file /Contents/Common7/IDE/ItemTemplates/AspNetCore/Web/Scripts/1033/AngularDirective/directive.js to C:\Program Files (x86)\Microsoft Visual Studio\2017\Community\Common7\IDE\ItemTemplates\AspNetCore\Web\Scripts\1033\AngularDirective\directive.js
[0b00:0004][2017-10-17T09:49:42] Completed: Copying file /Contents/Common7/IDE/ItemTemplates/AspNetCore/Web/Scripts/1033/AngularDirective/directive.js to C:\Program Files (x86)\Microsoft Visual Studio\2017\Community\Common7\IDE\ItemTemplates\AspNetCore\Web\Scripts\1033\AngularDirective\directive.js
[0b00:0004][2017-10-17T09:49:42] Timestamp updated for file 'C:\Program Files (x86)\Microsoft Visual Studio\2017\Community\Common7\IDE\ItemTemplates\AspNetCore\Web\Scripts\1033\AngularDirective\directive.js'.
[0b00:0004][2017-10-17T09:49:42] Processing file /Contents/Common7/IDE/ItemTemplates/AspNetCore/Web/Scripts/1033/AngularDirective/icon.png
[0b00:0004][2017-10-17T09:49:42] Started: Copying file /Contents/Common7/IDE/ItemTemplates/AspNetCore/Web/Scripts/1033/AngularDirective/icon.png to C:\Program Files (x86)\Microsoft Visual Studio\2017\Community\Common7\IDE\ItemTemplates\AspNetCore\Web\Scripts\1033\AngularDirective\icon.png
[0b00:0004][2017-10-17T09:49:42] Completed: Copying file /Contents/Common7/IDE/ItemTemplates/AspNetCore/Web/Scripts/1033/AngularDirective/icon.png to C:\Program Files (x86)\Microsoft Visual Studio\2017\Community\Common7\IDE\ItemTemplates\AspNetCore\Web\Scripts\1033\AngularDirective\icon.png
[0b00:0004][2017-10-17T09:49:42] Timestamp updated for file 'C:\Program Files (x86)\Microsoft Visual Studio\2017\Community\Common7\IDE\ItemTemplates\AspNetCore\Web\Scripts\1033\AngularDirective\icon.png'.
[0b00:0004][2017-10-17T09:49:42] Processing file /Contents/Common7/IDE/ItemTemplates/AspNetCore/Web/Scripts/1033/AngularFactory/AngularFactory.vstemplate
[0b00:0004][2017-10-17T09:49:42] Started: Copying file /Contents/Common7/IDE/ItemTemplates/AspNetCore/Web/Scripts/1033/AngularFactory/AngularFactory.vstemplate to C:\Program Files (x86)\Microsoft Visual Studio\2017\Community\Common7\IDE\ItemTemplates\AspNetCore\Web\Scripts\1033\AngularFactory\AngularFactory.vstemplate
[0b00:0004][2017-10-17T09:49:42] Completed: Copying file /Contents/Common7/IDE/ItemTemplates/AspNetCore/Web/Scripts/1033/AngularFactory/AngularFactory.vstemplate to C:\Program Files (x86)\Microsoft Visual Studio\2017\Community\Common7\IDE\ItemTemplates\AspNetCore\Web\Scripts\1033\AngularFactory\AngularFactory.vstemplate
[0b00:0004][2017-10-17T09:49:42] Timestamp updated for file 'C:\Program Files (x86)\Microsoft Visual Studio\2017\Community\Common7\IDE\ItemTemplates\AspNetCore\Web\Scripts\1033\AngularFactory\AngularFactory.vstemplate'.
[0b00:0004][2017-10-17T09:49:42] Processing file /Contents/Common7/IDE/ItemTemplates/AspNetCore/Web/Scripts/1033/AngularFactory/factory.js
[0b00:0004][2017-10-17T09:49:42] Started: Copying file /Contents/Common7/IDE/ItemTemplates/AspNetCore/Web/Scripts/1033/AngularFactory/factory.js to C:\Program Files (x86)\Microsoft Visual Studio\2017\Community\Common7\IDE\ItemTemplates\AspNetCore\Web\Scripts\1033\AngularFactory\factory.js
[0b00:0004][2017-10-17T09:49:42] Completed: Copying file /Contents/Common7/IDE/ItemTemplates/AspNetCore/Web/Scripts/1033/AngularFactory/factory.js to C:\Program Files (x86)\Microsoft Visual Studio\2017\Community\Common7\IDE\ItemTemplates\AspNetCore\Web\Scripts\1033\AngularFactory\factory.js
[0b00:0004][2017-10-17T09:49:42] Timestamp updated for file 'C:\Program Files (x86)\Microsoft Visual Studio\2017\Community\Common7\IDE\ItemTemplates\AspNetCore\Web\Scripts\1033\AngularFactory\factory.js'.
[0b00:0004][2017-10-17T09:49:42] Processing file /Contents/Common7/IDE/ItemTemplates/AspNetCore/Web/Scripts/1033/AngularFactory/icon.png
[0b00:0004][2017-10-17T09:49:42] Started: Copying file /Contents/Common7/IDE/ItemTemplates/AspNetCore/Web/Scripts/1033/AngularFactory/icon.png to C:\Program Files (x86)\Microsoft Visual Studio\2017\Community\Common7\IDE\ItemTemplates\AspNetCore\Web\Scripts\1033\AngularFactory\icon.png
[0b00:0004][2017-10-17T09:49:42] Completed: Copying file /Contents/Common7/IDE/ItemTemplates/AspNetCore/Web/Scripts/1033/AngularFactory/icon.png to C:\Program Files (x86)\Microsoft Visual Studio\2017\Community\Common7\IDE\ItemTemplates\AspNetCore\Web\Scripts\1033\AngularFactory\icon.png
[0b00:0004][2017-10-17T09:49:42] Timestamp updated for file 'C:\Program Files (x86)\Microsoft Visual Studio\2017\Community\Common7\IDE\ItemTemplates\AspNetCore\Web\Scripts\1033\AngularFactory\icon.png'.
[0b00:0004][2017-10-17T09:49:42] Processing file /Contents/Common7/IDE/ItemTemplates/AspNetCore/Web/Scripts/1033/AngularModule/AngularModule.vstemplate
[0b00:0004][2017-10-17T09:49:42] Started: Copying file /Contents/Common7/IDE/ItemTemplates/AspNetCore/Web/Scripts/1033/AngularModule/AngularModule.vstemplate to C:\Program Files (x86)\Microsoft Visual Studio\2017\Community\Common7\IDE\ItemTemplates\AspNetCore\Web\Scripts\1033\AngularModule\AngularModule.vstemplate
[0b00:0004][2017-10-17T09:49:42] Completed: Copying file /Contents/Common7/IDE/ItemTemplates/AspNetCore/Web/Scripts/1033/AngularModule/AngularModule.vstemplate to C:\Program Files (x86)\Microsoft Visual Studio\2017\Community\Common7\IDE\ItemTemplates\AspNetCore\Web\Scripts\1033\AngularModule\AngularModule.vstemplate
[0b00:0004][2017-10-17T09:49:42] Timestamp updated for file 'C:\Program Files (x86)\Microsoft Visual Studio\2017\Community\Common7\IDE\ItemTemplates\AspNetCore\Web\Scripts\1033\AngularModule\AngularModule.vstemplate'.
[0b00:0004][2017-10-17T09:49:42] Processing file /Contents/Common7/IDE/ItemTemplates/AspNetCore/Web/Scripts/1033/AngularModule/icon.png
[0b00:0004][2017-10-17T09:49:42] Started: Copying file /Contents/Common7/IDE/ItemTemplates/AspNetCore/Web/Scripts/1033/AngularModule/icon.png to C:\Program Files (x86)\Microsoft Visual Studio\2017\Community\Common7\IDE\ItemTemplates\AspNetCore\Web\Scripts\1033\AngularModule\icon.png
[0b00:0004][2017-10-17T09:49:42] Completed: Copying file /Contents/Common7/IDE/ItemTemplates/AspNetCore/Web/Scripts/1033/AngularModule/icon.png to C:\Program Files (x86)\Microsoft Visual Studio\2017\Community\Common7\IDE\ItemTemplates\AspNetCore\Web\Scripts\1033\AngularModule\icon.png
[0b00:0004][2017-10-17T09:49:42] Timestamp updated for file 'C:\Program Files (x86)\Microsoft Visual Studio\2017\Community\Common7\IDE\ItemTemplates\AspNetCore\Web\Scripts\1033\AngularModule\icon.png'.
[0b00:0004][2017-10-17T09:49:42] Processing file /Contents/Common7/IDE/ItemTemplates/AspNetCore/Web/Scripts/1033/AngularModule/module.js
[0b00:0004][2017-10-17T09:49:42] Started: Copying file /Contents/Common7/IDE/ItemTemplates/AspNetCore/Web/Scripts/1033/AngularModule/module.js to C:\Program Files (x86)\Microsoft Visual Studio\2017\Community\Common7\IDE\ItemTemplates\AspNetCore\Web\Scripts\1033\AngularModule\module.js
[0b00:0004][2017-10-17T09:49:42] Completed: Copying file /Contents/Common7/IDE/ItemTemplates/AspNetCore/Web/Scripts/1033/AngularModule/module.js to C:\Program Files (x86)\Microsoft Visual Studio\2017\Community\Common7\IDE\ItemTemplates\AspNetCore\Web\Scripts\1033\AngularModule\module.js
[0b00:0004][2017-10-17T09:49:42] Timestamp updated for file 'C:\Program Files (x86)\Microsoft Visual Studio\2017\Community\Common7\IDE\ItemTemplates\AspNetCore\Web\Scripts\1033\AngularModule\module.js'.
[0b00:0004][2017-10-17T09:49:42] Processing file /Contents/Common7/IDE/ItemTemplates/AspNetCore/Web/Scripts/1033/CoffeeScript/CoffeeScript.coffee
[0b00:0004][2017-10-17T09:49:42] Started: Copying file /Contents/Common7/IDE/ItemTemplates/AspNetCore/Web/Scripts/1033/CoffeeScript/CoffeeScript.coffee to C:\Program Files (x86)\Microsoft Visual Studio\2017\Community\Common7\IDE\ItemTemplates\AspNetCore\Web\Scripts\1033\CoffeeScript\CoffeeScript.coffee
[0b00:0004][2017-10-17T09:49:42] Completed: Copying file /Contents/Common7/IDE/ItemTemplates/AspNetCore/Web/Scripts/1033/CoffeeScript/CoffeeScript.coffee to C:\Program Files (x86)\Microsoft Visual Studio\2017\Community\Common7\IDE\ItemTemplates\AspNetCore\Web\Scripts\1033\CoffeeScript\CoffeeScript.coffee
[0b00:0004][2017-10-17T09:49:42] Timestamp updated for file 'C:\Program Files (x86)\Microsoft Visual Studio\2017\Community\Common7\IDE\ItemTemplates\AspNetCore\Web\Scripts\1033\CoffeeScript\CoffeeScript.coffee'.
[0b00:0004][2017-10-17T09:49:42] Processing file /Contents/Common7/IDE/ItemTemplates/AspNetCore/Web/Scripts/1033/CoffeeScript/CoffeeScript.vstemplate
[0b00:0004][2017-10-17T09:49:42] Started: Copying file /Contents/Common7/IDE/ItemTemplates/AspNetCore/Web/Scripts/1033/CoffeeScript/CoffeeScript.vstemplate to C:\Program Files (x86)\Microsoft Visual Studio\2017\Community\Common7\IDE\ItemTemplates\AspNetCore\Web\Scripts\1033\CoffeeScript\CoffeeScript.vstemplate
[0b00:0004][2017-10-17T09:49:42] Completed: Copying file /Contents/Common7/IDE/ItemTemplates/AspNetCore/Web/Scripts/1033/CoffeeScript/CoffeeScript.vstemplate to C:\Program Files (x86)\Microsoft Visual Studio\2017\Community\Common7\IDE\ItemTemplates\AspNetCore\Web\Scripts\1033\CoffeeScript\CoffeeScript.vstemplate
[0b00:0004][2017-10-17T09:49:42] Timestamp updated for file 'C:\Program Files (x86)\Microsoft Visual Studio\2017\Community\Common7\IDE\ItemTemplates\AspNetCore\Web\Scripts\1033\CoffeeScript\CoffeeScript.vstemplate'.
[0b00:0004][2017-10-17T09:49:42] Processing file /Contents/Common7/IDE/ItemTemplates/AspNetCore/Web/Scripts/1033/JScript/JScript.js
[0b00:0004][2017-10-17T09:49:42] Started: Copying file /Contents/Common7/IDE/ItemTemplates/AspNetCore/Web/Scripts/1033/JScript/JScript.js to C:\Program Files (x86)\Microsoft Visual Studio\2017\Community\Common7\IDE\ItemTemplates\AspNetCore\Web\Scripts\1033\JScript\JScript.js
[0b00:0004][2017-10-17T09:49:42] Completed: Copying file /Contents/Common7/IDE/ItemTemplates/AspNetCore/Web/Scripts/1033/JScript/JScript.js to C:\Program Files (x86)\Microsoft Visual Studio\2017\Community\Common7\IDE\ItemTemplates\AspNetCore\Web\Scripts\1033\JScript\JScript.js
[0b00:0004][2017-10-17T09:49:42] Timestamp updated for file 'C:\Program Files (x86)\Microsoft Visual Studio\2017\Community\Common7\IDE\ItemTemplates\AspNetCore\Web\Scripts\1033\JScript\JScript.js'.
[0b00:0004][2017-10-17T09:49:42] Processing file /Contents/Common7/IDE/ItemTemplates/AspNetCore/Web/Scripts/1033/JScript/JScript.vstemplate
[0b00:0004][2017-10-17T09:49:42] Started: Copying file /Contents/Common7/IDE/ItemTemplates/AspNetCore/Web/Scripts/1033/JScript/JScript.vstemplate to C:\Program Files (x86)\Microsoft Visual Studio\2017\Community\Common7\IDE\ItemTemplates\AspNetCore\Web\Scripts\1033\JScript\JScript.vstemplate
[0b00:0004][2017-10-17T09:49:42] Completed: Copying file /Contents/Common7/IDE/ItemTemplates/AspNetCore/Web/Scripts/1033/JScript/JScript.vstemplate to C:\Program Files (x86)\Microsoft Visual Studio\2017\Community\Common7\IDE\ItemTemplates\AspNetCore\Web\Scripts\1033\JScript\JScript.vstemplate
[0b00:0004][2017-10-17T09:49:42] Timestamp updated for file 'C:\Program Files (x86)\Microsoft Visual Studio\2017\Community\Common7\IDE\ItemTemplates\AspNetCore\Web\Scripts\1033\JScript\JScript.vstemplate'.
[0b00:0004][2017-10-17T09:49:42] Processing file /Contents/Common7/IDE/ItemTemplates/AspNetCore/Web/Scripts/1033/JSX/jsx.jsx
[0b00:0004][2017-10-17T09:49:42] Started: Copying file /Contents/Common7/IDE/ItemTemplates/AspNetCore/Web/Scripts/1033/JSX/jsx.jsx to C:\Program Files (x86)\Microsoft Visual Studio\2017\Community\Common7\IDE\ItemTemplates\AspNetCore\Web\Scripts\1033\JSX\jsx.jsx
[0b00:0004][2017-10-17T09:49:42] Completed: Copying file /Contents/Common7/IDE/ItemTemplates/AspNetCore/Web/Scripts/1033/JSX/jsx.jsx to C:\Program Files (x86)\Microsoft Visual Studio\2017\Community\Common7\IDE\ItemTemplates\AspNetCore\Web\Scripts\1033\JSX\jsx.jsx
[0b00:0004][2017-10-17T09:49:42] Timestamp updated for file 'C:\Program Files (x86)\Microsoft Visual Studio\2017\Community\Common7\IDE\ItemTemplates\AspNetCore\Web\Scripts\1033\JSX\jsx.jsx'.
[0b00:0004][2017-10-17T09:49:42] Processing file /Contents/Common7/IDE/ItemTemplates/AspNetCore/Web/Scripts/1033/JSX/jsx.vstemplate
[0b00:0004][2017-10-17T09:49:42] Started: Copying file /Contents/Common7/IDE/ItemTemplates/AspNetCore/Web/Scripts/1033/JSX/jsx.vstemplate to C:\Program Files (x86)\Microsoft Visual Studio\2017\Community\Common7\IDE\ItemTemplates\AspNetCore\Web\Scripts\1033\JSX\jsx.vstemplate
[0b00:0004][2017-10-17T09:49:42] Completed: Copying file /Contents/Common7/IDE/ItemTemplates/AspNetCore/Web/Scripts/1033/JSX/jsx.vstemplate to C:\Program Files (x86)\Microsoft Visual Studio\2017\Community\Common7\IDE\ItemTemplates\AspNetCore\Web\Scripts\1033\JSX\jsx.vstemplate
[0b00:0004][2017-10-17T09:49:42] Timestamp updated for file 'C:\Program Files (x86)\Microsoft Visual Studio\2017\Community\Common7\IDE\ItemTemplates\AspNetCore\Web\Scripts\1033\JSX\jsx.vstemplate'.
[0b00:0004][2017-10-17T09:49:42] Processing file /Contents/Common7/IDE/ItemTemplates/AspNetCore/Web/Scripts/Scripts.vstdir
[0b00:0004][2017-10-17T09:49:42] Started: Copying file /Contents/Common7/IDE/ItemTemplates/AspNetCore/Web/Scripts/Scripts.vstdir to C:\Program Files (x86)\Microsoft Visual Studio\2017\Community\Common7\IDE\ItemTemplates\AspNetCore\Web\Scripts\Scripts.vstdir
[0b00:0004][2017-10-17T09:49:42] Completed: Copying file /Contents/Common7/IDE/ItemTemplates/AspNetCore/Web/Scripts/Scripts.vstdir to C:\Program Files (x86)\Microsoft Visual Studio\2017\Community\Common7\IDE\ItemTemplates\AspNetCore\Web\Scripts\Scripts.vstdir
[0b00:0004][2017-10-17T09:49:42] Timestamp updated for file 'C:\Program Files (x86)\Microsoft Visual Studio\2017\Community\Common7\IDE\ItemTemplates\AspNetCore\Web\Scripts\Scripts.vstdir'.
[0b00:0004][2017-10-17T09:49:42] Processing file /Contents/Common7/IDE/ItemTemplates/AspNetCore/Web/Web.vstdir
[0b00:0004][2017-10-17T09:49:42] Started: Copying file /Contents/Common7/IDE/ItemTemplates/AspNetCore/Web/Web.vstdir to C:\Program Files (x86)\Microsoft Visual Studio\2017\Community\Common7\IDE\ItemTemplates\AspNetCore\Web\Web.vstdir
[0b00:0004][2017-10-17T09:49:42] Completed: Copying file /Contents/Common7/IDE/ItemTemplates/AspNetCore/Web/Web.vstdir to C:\Program Files (x86)\Microsoft Visual Studio\2017\Community\Common7\IDE\ItemTemplates\AspNetCore\Web\Web.vstdir
[0b00:0004][2017-10-17T09:49:42] Timestamp updated for file 'C:\Program Files (x86)\Microsoft Visual Studio\2017\Community\Common7\IDE\ItemTemplates\AspNetCore\Web\Web.vstdir'.
[0b00:0004][2017-10-17T09:49:42] Processing file /contents/Common7/IDE/ItemTemplates/Microsoft.VisualStudio.WebToolsExtensions.DotNet.ItemTemplates.Item..vstman
[0b00:0004][2017-10-17T09:49:42] Started: Copying file /contents/Common7/IDE/ItemTemplates/Microsoft.VisualStudio.WebToolsExtensions.DotNet.ItemTemplates.Item..vstman to C:\Program Files (x86)\Microsoft Visual Studio\2017\Community\Common7\IDE\ItemTemplates\Microsoft.VisualStudio.WebToolsExtensions.DotNet.ItemTemplates.Item..vstman
[0b00:0004][2017-10-17T09:49:42] Completed: Copying file /contents/Common7/IDE/ItemTemplates/Microsoft.VisualStudio.WebToolsExtensions.DotNet.ItemTemplates.Item..vstman to C:\Program Files (x86)\Microsoft Visual Studio\2017\Community\Common7\IDE\ItemTemplates\Microsoft.VisualStudio.WebToolsExtensions.DotNet.ItemTemplates.Item..vstman
[0b00:0004][2017-10-17T09:49:42] Timestamp updated for file 'C:\Program Files (x86)\Microsoft Visual Studio\2017\Community\Common7\IDE\ItemTemplates\Microsoft.VisualStudio.WebToolsExtensions.DotNet.ItemTemplates.Item..vstman'.
[0b00:0004][2017-10-17T09:49:42] Package executed successfully. Return code: 0
