[0b00:0004][2017-10-17T09:47:59] Opening the package for processing
[0b00:0004][2017-10-17T09:47:59] Using package payload to get the embedded manifest
[0b00:0004][2017-10-17T09:47:59] Getting list of files within the package
[0b00:0004][2017-10-17T09:47:59] Processing file /Contents/Common7/IDE/Extensions/Microsoft/Modeling/15.0/DslRuntimeRegistry_x86.pkgdef
[0b00:0004][2017-10-17T09:47:59] Started: Copying file /Contents/Common7/IDE/Extensions/Microsoft/Modeling/15.0/DslRuntimeRegistry_x86.pkgdef to C:\Program Files (x86)\Microsoft Visual Studio\2017\Community\Common7\IDE\Extensions\Microsoft\Modeling\15.0\DslRuntimeRegistry_x86.pkgdef
[0b00:0004][2017-10-17T09:47:59] Completed: Copying file /Contents/Common7/IDE/Extensions/Microsoft/Modeling/15.0/DslRuntimeRegistry_x86.pkgdef to C:\Program Files (x86)\Microsoft Visual Studio\2017\Community\Common7\IDE\Extensions\Microsoft\Modeling\15.0\DslRuntimeRegistry_x86.pkgdef
[0b00:0004][2017-10-17T09:47:59] Timestamp updated for file 'C:\Program Files (x86)\Microsoft Visual Studio\2017\Community\Common7\IDE\Extensions\Microsoft\Modeling\15.0\DslRuntimeRegistry_x86.pkgdef'.
[0b00:0004][2017-10-17T09:47:59] Processing file /Contents/Common7/IDE/Extensions/Microsoft/Modeling/15.0/extension.vsixmanifest
[0b00:0004][2017-10-17T09:47:59] Started: Copying file /Contents/Common7/IDE/Extensions/Microsoft/Modeling/15.0/extension.vsixmanifest to C:\Program Files (x86)\Microsoft Visual Studio\2017\Community\Common7\IDE\Extensions\Microsoft\Modeling\15.0\extension.vsixmanifest
[0b00:0004][2017-10-17T09:47:59] Completed: Copying file /Contents/Common7/IDE/Extensions/Microsoft/Modeling/15.0/extension.vsixmanifest to C:\Program Files (x86)\Microsoft Visual Studio\2017\Community\Common7\IDE\Extensions\Microsoft\Modeling\15.0\extension.vsixmanifest
[0b00:0004][2017-10-17T09:47:59] Timestamp updated for file 'C:\Program Files (x86)\Microsoft Visual Studio\2017\Community\Common7\IDE\Extensions\Microsoft\Modeling\15.0\extension.vsixmanifest'.
[0b00:0004][2017-10-17T09:47:59] Processing file /Contents/Common7/IDE/Extensions/Microsoft/Modeling/15.0/Microsoft.VisualStudio.Modeling.Components.15.0.dll
[0b00:0004][2017-10-17T09:47:59] Started: Copying file /Contents/Common7/IDE/Extensions/Microsoft/Modeling/15.0/Microsoft.VisualStudio.Modeling.Components.15.0.dll to C:\Program Files (x86)\Microsoft Visual Studio\2017\Community\Common7\IDE\Extensions\Microsoft\Modeling\15.0\Microsoft.VisualStudio.Modeling.Components.15.0.dll
[0b00:0004][2017-10-17T09:47:59] Completed: Copying file /Contents/Common7/IDE/Extensions/Microsoft/Modeling/15.0/Microsoft.VisualStudio.Modeling.Components.15.0.dll to C:\Program Files (x86)\Microsoft Visual Studio\2017\Community\Common7\IDE\Extensions\Microsoft\Modeling\15.0\Microsoft.VisualStudio.Modeling.Components.15.0.dll
[0b00:0004][2017-10-17T09:47:59] Timestamp updated for file 'C:\Program Files (x86)\Microsoft Visual Studio\2017\Community\Common7\IDE\Extensions\Microsoft\Modeling\15.0\Microsoft.VisualStudio.Modeling.Components.15.0.dll'.
[0b00:0004][2017-10-17T09:47:59] Queueing C:\Program Files (x86)\Microsoft Visual Studio\2017\Community\Common7\IDE\Extensions\Microsoft\Modeling\15.0\Microsoft.VisualStudio.Modeling.Components.15.0.dll for X86 ngen
[0b00:0004][2017-10-17T09:47:59] Successfully queued file '/Contents/Common7/IDE/Extensions/Microsoft/Modeling/15.0/Microsoft.VisualStudio.Modeling.Components.15.0.dll' for ngen
[0b00:0004][2017-10-17T09:47:59] Processing file /Contents/Common7/IDE/Extensions/Microsoft/Modeling/15.0/ToolIntegration_VsModelBus_x86.pkgdef
[0b00:0004][2017-10-17T09:47:59] Started: Copying file /Contents/Common7/IDE/Extensions/Microsoft/Modeling/15.0/ToolIntegration_VsModelBus_x86.pkgdef to C:\Program Files (x86)\Microsoft Visual Studio\2017\Community\Common7\IDE\Extensions\Microsoft\Modeling\15.0\ToolIntegration_VsModelBus_x86.pkgdef
[0b00:0004][2017-10-17T09:47:59] Completed: Copying file /Contents/Common7/IDE/Extensions/Microsoft/Modeling/15.0/ToolIntegration_VsModelBus_x86.pkgdef to C:\Program Files (x86)\Microsoft Visual Studio\2017\Community\Common7\IDE\Extensions\Microsoft\Modeling\15.0\ToolIntegration_VsModelBus_x86.pkgdef
[0b00:0004][2017-10-17T09:47:59] Timestamp updated for file 'C:\Program Files (x86)\Microsoft Visual Studio\2017\Community\Common7\IDE\Extensions\Microsoft\Modeling\15.0\ToolIntegration_VsModelBus_x86.pkgdef'.
[0b00:0004][2017-10-17T09:47:59] Processing file /Contents/Common7/IDE/PrivateAssemblies/Microsoft.VisualStudio.Modeling.Sdk.15.0.dll
[0b00:0004][2017-10-17T09:47:59] Started: Copying file /Contents/Common7/IDE/PrivateAssemblies/Microsoft.VisualStudio.Modeling.Sdk.15.0.dll to C:\Program Files (x86)\Microsoft Visual Studio\2017\Community\Common7\IDE\PrivateAssemblies\Microsoft.VisualStudio.Modeling.Sdk.15.0.dll
[0b00:0004][2017-10-17T09:47:59] Completed: Copying file /Contents/Common7/IDE/PrivateAssemblies/Microsoft.VisualStudio.Modeling.Sdk.15.0.dll to C:\Program Files (x86)\Microsoft Visual Studio\2017\Community\Common7\IDE\PrivateAssemblies\Microsoft.VisualStudio.Modeling.Sdk.15.0.dll
[0b00:0004][2017-10-17T09:47:59] Timestamp updated for file 'C:\Program Files (x86)\Microsoft Visual Studio\2017\Community\Common7\IDE\PrivateAssemblies\Microsoft.VisualStudio.Modeling.Sdk.15.0.dll'.
[0b00:0004][2017-10-17T09:47:59] Queueing C:\Program Files (x86)\Microsoft Visual Studio\2017\Community\Common7\IDE\PrivateAssemblies\Microsoft.VisualStudio.Modeling.Sdk.15.0.dll for X86 ngen
[0b00:0004][2017-10-17T09:47:59] Successfully queued file '/Contents/Common7/IDE/PrivateAssemblies/Microsoft.VisualStudio.Modeling.Sdk.15.0.dll' for ngen
[0b00:0004][2017-10-17T09:47:59] Processing file /Contents/Common7/IDE/PrivateAssemblies/Microsoft.VisualStudio.Modeling.Sdk.Diagrams.15.0.dll
[0b00:0004][2017-10-17T09:47:59] Started: Copying file /Contents/Common7/IDE/PrivateAssemblies/Microsoft.VisualStudio.Modeling.Sdk.Diagrams.15.0.dll to C:\Program Files (x86)\Microsoft Visual Studio\2017\Community\Common7\IDE\PrivateAssemblies\Microsoft.VisualStudio.Modeling.Sdk.Diagrams.15.0.dll
[0b00:0004][2017-10-17T09:47:59] Completed: Copying file /Contents/Common7/IDE/PrivateAssemblies/Microsoft.VisualStudio.Modeling.Sdk.Diagrams.15.0.dll to C:\Program Files (x86)\Microsoft Visual Studio\2017\Community\Common7\IDE\PrivateAssemblies\Microsoft.VisualStudio.Modeling.Sdk.Diagrams.15.0.dll
[0b00:0004][2017-10-17T09:47:59] Timestamp updated for file 'C:\Program Files (x86)\Microsoft Visual Studio\2017\Community\Common7\IDE\PrivateAssemblies\Microsoft.VisualStudio.Modeling.Sdk.Diagrams.15.0.dll'.
[0b00:0004][2017-10-17T09:47:59] Queueing C:\Program Files (x86)\Microsoft Visual Studio\2017\Community\Common7\IDE\PrivateAssemblies\Microsoft.VisualStudio.Modeling.Sdk.Diagrams.15.0.dll for X86 ngen
[0b00:0004][2017-10-17T09:47:59] Successfully queued file '/Contents/Common7/IDE/PrivateAssemblies/Microsoft.VisualStudio.Modeling.Sdk.Diagrams.15.0.dll' for ngen
[0b00:0004][2017-10-17T09:47:59] Processing file /Contents/Common7/IDE/PrivateAssemblies/Microsoft.VisualStudio.Modeling.Sdk.Shell.15.0.dll
[0b00:0004][2017-10-17T09:47:59] Started: Copying file /Contents/Common7/IDE/PrivateAssemblies/Microsoft.VisualStudio.Modeling.Sdk.Shell.15.0.dll to C:\Program Files (x86)\Microsoft Visual Studio\2017\Community\Common7\IDE\PrivateAssemblies\Microsoft.VisualStudio.Modeling.Sdk.Shell.15.0.dll
[0b00:0004][2017-10-17T09:47:59] Completed: Copying file /Contents/Common7/IDE/PrivateAssemblies/Microsoft.VisualStudio.Modeling.Sdk.Shell.15.0.dll to C:\Program Files (x86)\Microsoft Visual Studio\2017\Community\Common7\IDE\PrivateAssemblies\Microsoft.VisualStudio.Modeling.Sdk.Shell.15.0.dll
[0b00:0004][2017-10-17T09:47:59] Timestamp updated for file 'C:\Program Files (x86)\Microsoft Visual Studio\2017\Community\Common7\IDE\PrivateAssemblies\Microsoft.VisualStudio.Modeling.Sdk.Shell.15.0.dll'.
[0b00:0004][2017-10-17T09:47:59] Queueing C:\Program Files (x86)\Microsoft Visual Studio\2017\Community\Common7\IDE\PrivateAssemblies\Microsoft.VisualStudio.Modeling.Sdk.Shell.15.0.dll for X86 ngen
[0b00:0004][2017-10-17T09:47:59] Successfully queued file '/Contents/Common7/IDE/PrivateAssemblies/Microsoft.VisualStudio.Modeling.Sdk.Shell.15.0.dll' for ngen
[0b00:0004][2017-10-17T09:47:59] Processing file /Contents/Common7/IDE/PublicAssemblies/Microsoft.VisualStudio.Modeling.SDK.Integration.15.0.dll
[0b00:0004][2017-10-17T09:47:59] Started: Copying file /Contents/Common7/IDE/PublicAssemblies/Microsoft.VisualStudio.Modeling.SDK.Integration.15.0.dll to C:\Program Files (x86)\Microsoft Visual Studio\2017\Community\Common7\IDE\PublicAssemblies\Microsoft.VisualStudio.Modeling.SDK.Integration.15.0.dll
[0b00:0004][2017-10-17T09:47:59] Completed: Copying file /Contents/Common7/IDE/PublicAssemblies/Microsoft.VisualStudio.Modeling.SDK.Integration.15.0.dll to C:\Program Files (x86)\Microsoft Visual Studio\2017\Community\Common7\IDE\PublicAssemblies\Microsoft.VisualStudio.Modeling.SDK.Integration.15.0.dll
[0b00:0004][2017-10-17T09:47:59] Timestamp updated for file 'C:\Program Files (x86)\Microsoft Visual Studio\2017\Community\Common7\IDE\PublicAssemblies\Microsoft.VisualStudio.Modeling.SDK.Integration.15.0.dll'.
[0b00:0004][2017-10-17T09:47:59] Queueing C:\Program Files (x86)\Microsoft Visual Studio\2017\Community\Common7\IDE\PublicAssemblies\Microsoft.VisualStudio.Modeling.SDK.Integration.15.0.dll for X86 ngen
[0b00:0004][2017-10-17T09:47:59] Successfully queued file '/Contents/Common7/IDE/PublicAssemblies/Microsoft.VisualStudio.Modeling.SDK.Integration.15.0.dll' for ngen
[0b00:0004][2017-10-17T09:47:59] Processing file /Contents/Common7/IDE/PublicAssemblies/Microsoft.VisualStudio.Modeling.SDK.Integration.Shell.15.0.dll
[0b00:0004][2017-10-17T09:47:59] Started: Copying file /Contents/Common7/IDE/PublicAssemblies/Microsoft.VisualStudio.Modeling.SDK.Integration.Shell.15.0.dll to C:\Program Files (x86)\Microsoft Visual Studio\2017\Community\Common7\IDE\PublicAssemblies\Microsoft.VisualStudio.Modeling.SDK.Integration.Shell.15.0.dll
[0b00:0004][2017-10-17T09:47:59] Completed: Copying file /Contents/Common7/IDE/PublicAssemblies/Microsoft.VisualStudio.Modeling.SDK.Integration.Shell.15.0.dll to C:\Program Files (x86)\Microsoft Visual Studio\2017\Community\Common7\IDE\PublicAssemblies\Microsoft.VisualStudio.Modeling.SDK.Integration.Shell.15.0.dll
[0b00:0004][2017-10-17T09:47:59] Timestamp updated for file 'C:\Program Files (x86)\Microsoft Visual Studio\2017\Community\Common7\IDE\PublicAssemblies\Microsoft.VisualStudio.Modeling.SDK.Integration.Shell.15.0.dll'.
[0b00:0004][2017-10-17T09:47:59] Queueing C:\Program Files (x86)\Microsoft Visual Studio\2017\Community\Common7\IDE\PublicAssemblies\Microsoft.VisualStudio.Modeling.SDK.Integration.Shell.15.0.dll for X86 ngen
[0b00:0004][2017-10-17T09:47:59] Successfully queued file '/Contents/Common7/IDE/PublicAssemblies/Microsoft.VisualStudio.Modeling.SDK.Integration.Shell.15.0.dll' for ngen
[0b00:0004][2017-10-17T09:47:59] Processing file /Contents/Common7/IDE/PublicAssemblies/Microsoft.VisualStudio.TextTemplating.Modeling.15.0.dll
[0b00:0004][2017-10-17T09:47:59] Started: Copying file /Contents/Common7/IDE/PublicAssemblies/Microsoft.VisualStudio.TextTemplating.Modeling.15.0.dll to C:\Program Files (x86)\Microsoft Visual Studio\2017\Community\Common7\IDE\PublicAssemblies\Microsoft.VisualStudio.TextTemplating.Modeling.15.0.dll
[0b00:0004][2017-10-17T09:47:59] Completed: Copying file /Contents/Common7/IDE/PublicAssemblies/Microsoft.VisualStudio.TextTemplating.Modeling.15.0.dll to C:\Program Files (x86)\Microsoft Visual Studio\2017\Community\Common7\IDE\PublicAssemblies\Microsoft.VisualStudio.TextTemplating.Modeling.15.0.dll
[0b00:0004][2017-10-17T09:47:59] Timestamp updated for file 'C:\Program Files (x86)\Microsoft Visual Studio\2017\Community\Common7\IDE\PublicAssemblies\Microsoft.VisualStudio.TextTemplating.Modeling.15.0.dll'.
[0b00:0004][2017-10-17T09:47:59] Queueing C:\Program Files (x86)\Microsoft Visual Studio\2017\Community\Common7\IDE\PublicAssemblies\Microsoft.VisualStudio.TextTemplating.Modeling.15.0.dll for X86 ngen
[0b00:0004][2017-10-17T09:47:59] Successfully queued file '/Contents/Common7/IDE/PublicAssemblies/Microsoft.VisualStudio.TextTemplating.Modeling.15.0.dll' for ngen
[0b00:0004][2017-10-17T09:47:59] Processing file /Contents/Xml/Schemas/CoreDesignSurfaceDomainModel.xsd
[0b00:0004][2017-10-17T09:47:59] Started: Copying file /Contents/Xml/Schemas/CoreDesignSurfaceDomainModel.xsd to C:\Program Files (x86)\Microsoft Visual Studio\2017\Community\Xml\Schemas\CoreDesignSurfaceDomainModel.xsd
[0b00:0004][2017-10-17T09:47:59] Completed: Copying file /Contents/Xml/Schemas/CoreDesignSurfaceDomainModel.xsd to C:\Program Files (x86)\Microsoft Visual Studio\2017\Community\Xml\Schemas\CoreDesignSurfaceDomainModel.xsd
[0b00:0004][2017-10-17T09:47:59] Timestamp updated for file 'C:\Program Files (x86)\Microsoft Visual Studio\2017\Community\Xml\Schemas\CoreDesignSurfaceDomainModel.xsd'.
[0b00:0004][2017-10-17T09:47:59] Processing file /Contents/Xml/Schemas/CoreDomainModel.xsd
[0b00:0004][2017-10-17T09:47:59] Started: Copying file /Contents/Xml/Schemas/CoreDomainModel.xsd to C:\Program Files (x86)\Microsoft Visual Studio\2017\Community\Xml\Schemas\CoreDomainModel.xsd
[0b00:0004][2017-10-17T09:47:59] Completed: Copying file /Contents/Xml/Schemas/CoreDomainModel.xsd to C:\Program Files (x86)\Microsoft Visual Studio\2017\Community\Xml\Schemas\CoreDomainModel.xsd
[0b00:0004][2017-10-17T09:47:59] Timestamp updated for file 'C:\Program Files (x86)\Microsoft Visual Studio\2017\Community\Xml\Schemas\CoreDomainModel.xsd'.
[0b00:0004][2017-10-17T09:47:59] Package executed successfully. Return code: 0
