[0b00:0004][2017-10-17T09:46:33] Opening the package for processing
[0b00:0004][2017-10-17T09:46:33] Using package payload to get the embedded manifest
[0b00:0004][2017-10-17T09:46:33] Getting list of files within the package
[0b00:0004][2017-10-17T09:46:33] Processing file /Contents/Common7/IDE/CommonExtensions/Microsoft/ClientDiagnostics/en/Microsoft.VisualStudio.ClientDiagnostics.resources.dll
[0b00:0004][2017-10-17T09:46:33] Started: Copying file /Contents/Common7/IDE/CommonExtensions/Microsoft/ClientDiagnostics/en/Microsoft.VisualStudio.ClientDiagnostics.resources.dll to C:\Program Files (x86)\Microsoft Visual Studio\2017\Community\Common7\IDE\CommonExtensions\Microsoft\ClientDiagnostics\en\Microsoft.VisualStudio.ClientDiagnostics.resources.dll
[0b00:0004][2017-10-17T09:46:33] Completed: Copying file /Contents/Common7/IDE/CommonExtensions/Microsoft/ClientDiagnostics/en/Microsoft.VisualStudio.ClientDiagnostics.resources.dll to C:\Program Files (x86)\Microsoft Visual Studio\2017\Community\Common7\IDE\CommonExtensions\Microsoft\ClientDiagnostics\en\Microsoft.VisualStudio.ClientDiagnostics.resources.dll
[0b00:0004][2017-10-17T09:46:33] Timestamp updated for file 'C:\Program Files (x86)\Microsoft Visual Studio\2017\Community\Common7\IDE\CommonExtensions\Microsoft\ClientDiagnostics\en\Microsoft.VisualStudio.ClientDiagnostics.resources.dll'.
[0b00:0004][2017-10-17T09:46:33] Processing file /Contents/Common7/IDE/CommonExtensions/Microsoft/ClientDiagnostics/MemoryProfiler/DataModel/1033/MemoryProfilerAnalyzerui.dll
[0b00:0004][2017-10-17T09:46:33] Started: Copying file /Contents/Common7/IDE/CommonExtensions/Microsoft/ClientDiagnostics/MemoryProfiler/DataModel/1033/MemoryProfilerAnalyzerui.dll to C:\Program Files (x86)\Microsoft Visual Studio\2017\Community\Common7\IDE\CommonExtensions\Microsoft\ClientDiagnostics\MemoryProfiler\DataModel\1033\MemoryProfilerAnalyzerui.dll
[0b00:0004][2017-10-17T09:46:33] Completed: Copying file /Contents/Common7/IDE/CommonExtensions/Microsoft/ClientDiagnostics/MemoryProfiler/DataModel/1033/MemoryProfilerAnalyzerui.dll to C:\Program Files (x86)\Microsoft Visual Studio\2017\Community\Common7\IDE\CommonExtensions\Microsoft\ClientDiagnostics\MemoryProfiler\DataModel\1033\MemoryProfilerAnalyzerui.dll
[0b00:0004][2017-10-17T09:46:33] Timestamp updated for file 'C:\Program Files (x86)\Microsoft Visual Studio\2017\Community\Common7\IDE\CommonExtensions\Microsoft\ClientDiagnostics\MemoryProfiler\DataModel\1033\MemoryProfilerAnalyzerui.dll'.
[0b00:0004][2017-10-17T09:46:33] Processing file /Contents/Common7/IDE/CommonExtensions/Microsoft/ClientDiagnostics/MemoryProfiler/en/Microsoft.VisualStudio.MemoryProfiler.resources.dll
[0b00:0004][2017-10-17T09:46:33] Started: Copying file /Contents/Common7/IDE/CommonExtensions/Microsoft/ClientDiagnostics/MemoryProfiler/en/Microsoft.VisualStudio.MemoryProfiler.resources.dll to C:\Program Files (x86)\Microsoft Visual Studio\2017\Community\Common7\IDE\CommonExtensions\Microsoft\ClientDiagnostics\MemoryProfiler\en\Microsoft.VisualStudio.MemoryProfiler.resources.dll
[0b00:0004][2017-10-17T09:46:33] Completed: Copying file /Contents/Common7/IDE/CommonExtensions/Microsoft/ClientDiagnostics/MemoryProfiler/en/Microsoft.VisualStudio.MemoryProfiler.resources.dll to C:\Program Files (x86)\Microsoft Visual Studio\2017\Community\Common7\IDE\CommonExtensions\Microsoft\ClientDiagnostics\MemoryProfiler\en\Microsoft.VisualStudio.MemoryProfiler.resources.dll
[0b00:0004][2017-10-17T09:46:33] Timestamp updated for file 'C:\Program Files (x86)\Microsoft Visual Studio\2017\Community\Common7\IDE\CommonExtensions\Microsoft\ClientDiagnostics\MemoryProfiler\en\Microsoft.VisualStudio.MemoryProfiler.resources.dll'.
[0b00:0004][2017-10-17T09:46:33] Processing file /Contents/Common7/IDE/CommonExtensions/Microsoft/ClientDiagnostics/MemoryProfiler/Views/Collection/Resources/Resources.en.resx
[0b00:0004][2017-10-17T09:46:33] Started: Copying file /Contents/Common7/IDE/CommonExtensions/Microsoft/ClientDiagnostics/MemoryProfiler/Views/Collection/Resources/Resources.en.resx to C:\Program Files (x86)\Microsoft Visual Studio\2017\Community\Common7\IDE\CommonExtensions\Microsoft\ClientDiagnostics\MemoryProfiler\Views\Collection\Resources\Resources.en.resx
[0b00:0004][2017-10-17T09:46:33] Completed: Copying file /Contents/Common7/IDE/CommonExtensions/Microsoft/ClientDiagnostics/MemoryProfiler/Views/Collection/Resources/Resources.en.resx to C:\Program Files (x86)\Microsoft Visual Studio\2017\Community\Common7\IDE\CommonExtensions\Microsoft\ClientDiagnostics\MemoryProfiler\Views\Collection\Resources\Resources.en.resx
[0b00:0004][2017-10-17T09:46:33] Timestamp updated for file 'C:\Program Files (x86)\Microsoft Visual Studio\2017\Community\Common7\IDE\CommonExtensions\Microsoft\ClientDiagnostics\MemoryProfiler\Views\Collection\Resources\Resources.en.resx'.
[0b00:0004][2017-10-17T09:46:33] Processing file /Contents/Common7/IDE/CommonExtensions/Microsoft/ClientDiagnostics/MemoryProfiler/Views/Details/Resources/Resources.en.resx
[0b00:0004][2017-10-17T09:46:33] Started: Copying file /Contents/Common7/IDE/CommonExtensions/Microsoft/ClientDiagnostics/MemoryProfiler/Views/Details/Resources/Resources.en.resx to C:\Program Files (x86)\Microsoft Visual Studio\2017\Community\Common7\IDE\CommonExtensions\Microsoft\ClientDiagnostics\MemoryProfiler\Views\Details\Resources\Resources.en.resx
[0b00:0004][2017-10-17T09:46:33] Completed: Copying file /Contents/Common7/IDE/CommonExtensions/Microsoft/ClientDiagnostics/MemoryProfiler/Views/Details/Resources/Resources.en.resx to C:\Program Files (x86)\Microsoft Visual Studio\2017\Community\Common7\IDE\CommonExtensions\Microsoft\ClientDiagnostics\MemoryProfiler\Views\Details\Resources\Resources.en.resx
[0b00:0004][2017-10-17T09:46:33] Timestamp updated for file 'C:\Program Files (x86)\Microsoft Visual Studio\2017\Community\Common7\IDE\CommonExtensions\Microsoft\ClientDiagnostics\MemoryProfiler\Views\Details\Resources\Resources.en.resx'.
[0b00:0004][2017-10-17T09:46:33] Processing file /Contents/Common7/IDE/CommonExtensions/Microsoft/ClientDiagnostics/MemoryProfiler/Views/Summary/Resources/Resources.en.resx
[0b00:0004][2017-10-17T09:46:33] Started: Copying file /Contents/Common7/IDE/CommonExtensions/Microsoft/ClientDiagnostics/MemoryProfiler/Views/Summary/Resources/Resources.en.resx to C:\Program Files (x86)\Microsoft Visual Studio\2017\Community\Common7\IDE\CommonExtensions\Microsoft\ClientDiagnostics\MemoryProfiler\Views\Summary\Resources\Resources.en.resx
[0b00:0004][2017-10-17T09:46:33] Completed: Copying file /Contents/Common7/IDE/CommonExtensions/Microsoft/ClientDiagnostics/MemoryProfiler/Views/Summary/Resources/Resources.en.resx to C:\Program Files (x86)\Microsoft Visual Studio\2017\Community\Common7\IDE\CommonExtensions\Microsoft\ClientDiagnostics\MemoryProfiler\Views\Summary\Resources\Resources.en.resx
[0b00:0004][2017-10-17T09:46:33] Timestamp updated for file 'C:\Program Files (x86)\Microsoft Visual Studio\2017\Community\Common7\IDE\CommonExtensions\Microsoft\ClientDiagnostics\MemoryProfiler\Views\Summary\Resources\Resources.en.resx'.
[0b00:0004][2017-10-17T09:46:33] Processing file /Contents/Common7/IDE/CommonExtensions/Microsoft/ClientDiagnostics/MemoryProfiler/Views/UnsupportedVersion/Resources/Resources.en.resx
[0b00:0004][2017-10-17T09:46:33] Started: Copying file /Contents/Common7/IDE/CommonExtensions/Microsoft/ClientDiagnostics/MemoryProfiler/Views/UnsupportedVersion/Resources/Resources.en.resx to C:\Program Files (x86)\Microsoft Visual Studio\2017\Community\Common7\IDE\CommonExtensions\Microsoft\ClientDiagnostics\MemoryProfiler\Views\UnsupportedVersion\Resources\Resources.en.resx
[0b00:0004][2017-10-17T09:46:33] Completed: Copying file /Contents/Common7/IDE/CommonExtensions/Microsoft/ClientDiagnostics/MemoryProfiler/Views/UnsupportedVersion/Resources/Resources.en.resx to C:\Program Files (x86)\Microsoft Visual Studio\2017\Community\Common7\IDE\CommonExtensions\Microsoft\ClientDiagnostics\MemoryProfiler\Views\UnsupportedVersion\Resources\Resources.en.resx
[0b00:0004][2017-10-17T09:46:33] Timestamp updated for file 'C:\Program Files (x86)\Microsoft Visual Studio\2017\Community\Common7\IDE\CommonExtensions\Microsoft\ClientDiagnostics\MemoryProfiler\Views\UnsupportedVersion\Resources\Resources.en.resx'.
[0b00:0004][2017-10-17T09:46:33] Processing file /Contents/Common7/IDE/CommonExtensions/Platform/DiagnosticsHub/1033/MemoryProfilerInfoSourceui.dll
[0b00:0004][2017-10-17T09:46:33] Started: Copying file /Contents/Common7/IDE/CommonExtensions/Platform/DiagnosticsHub/1033/MemoryProfilerInfoSourceui.dll to C:\Program Files (x86)\Microsoft Visual Studio\2017\Community\Common7\IDE\CommonExtensions\Platform\DiagnosticsHub\1033\MemoryProfilerInfoSourceui.dll
[0b00:0004][2017-10-17T09:46:33] Completed: Copying file /Contents/Common7/IDE/CommonExtensions/Platform/DiagnosticsHub/1033/MemoryProfilerInfoSourceui.dll to C:\Program Files (x86)\Microsoft Visual Studio\2017\Community\Common7\IDE\CommonExtensions\Platform\DiagnosticsHub\1033\MemoryProfilerInfoSourceui.dll
[0b00:0004][2017-10-17T09:46:33] Timestamp updated for file 'C:\Program Files (x86)\Microsoft Visual Studio\2017\Community\Common7\IDE\CommonExtensions\Platform\DiagnosticsHub\1033\MemoryProfilerInfoSourceui.dll'.
[0b00:0004][2017-10-17T09:46:33] Package executed successfully. Return code: 0
