[0b00:0004][2017-10-17T09:45:47] Opening the package for processing
[0b00:0004][2017-10-17T09:45:47] Using package payload to get the embedded manifest
[0b00:0004][2017-10-17T09:45:47] Getting list of files within the package
[0b00:0004][2017-10-17T09:45:47] Processing file /Contents/Common7/IDE/CommonExtensions/Microsoft/Connected/Microsoft.VisualStudio.Shell.Connected.pkgdef
[0b00:0004][2017-10-17T09:45:47] Started: Copying file /Contents/Common7/IDE/CommonExtensions/Microsoft/Connected/Microsoft.VisualStudio.Shell.Connected.pkgdef to C:\Program Files (x86)\Microsoft Visual Studio\2017\Community\Common7\IDE\CommonExtensions\Microsoft\Connected\Microsoft.VisualStudio.Shell.Connected.pkgdef
[0b00:0004][2017-10-17T09:45:47] Completed: Copying file /Contents/Common7/IDE/CommonExtensions/Microsoft/Connected/Microsoft.VisualStudio.Shell.Connected.pkgdef to C:\Program Files (x86)\Microsoft Visual Studio\2017\Community\Common7\IDE\CommonExtensions\Microsoft\Connected\Microsoft.VisualStudio.Shell.Connected.pkgdef
[0b00:0004][2017-10-17T09:45:47] Timestamp updated for file 'C:\Program Files (x86)\Microsoft Visual Studio\2017\Community\Common7\IDE\CommonExtensions\Microsoft\Connected\Microsoft.VisualStudio.Shell.Connected.pkgdef'.
[0b00:0004][2017-10-17T09:45:47] Processing file /Contents/Common7/IDE/FeedbackCollector.exe
[0b00:0004][2017-10-17T09:45:47] Started: Copying file /Contents/Common7/IDE/FeedbackCollector.exe to C:\Program Files (x86)\Microsoft Visual Studio\2017\Community\Common7\IDE\FeedbackCollector.exe
[0b00:0004][2017-10-17T09:45:47] Completed: Copying file /Contents/Common7/IDE/FeedbackCollector.exe to C:\Program Files (x86)\Microsoft Visual Studio\2017\Community\Common7\IDE\FeedbackCollector.exe
[0b00:0004][2017-10-17T09:45:47] Timestamp updated for file 'C:\Program Files (x86)\Microsoft Visual Studio\2017\Community\Common7\IDE\FeedbackCollector.exe'.
[0b00:0004][2017-10-17T09:45:47] Processing file /Contents/Common7/IDE/FeedbackCollector.exe.config
[0b00:0004][2017-10-17T09:45:47] Started: Copying file /Contents/Common7/IDE/FeedbackCollector.exe.config to C:\Program Files (x86)\Microsoft Visual Studio\2017\Community\Common7\IDE\FeedbackCollector.exe.config
[0b00:0004][2017-10-17T09:45:47] Completed: Copying file /Contents/Common7/IDE/FeedbackCollector.exe.config to C:\Program Files (x86)\Microsoft Visual Studio\2017\Community\Common7\IDE\FeedbackCollector.exe.config
[0b00:0004][2017-10-17T09:45:47] Timestamp updated for file 'C:\Program Files (x86)\Microsoft Visual Studio\2017\Community\Common7\IDE\FeedbackCollector.exe.config'.
[0b00:0004][2017-10-17T09:45:47] Processing file /Contents/Common7/IDE/PrivateAssemblies/amd64/KernelTraceControl.dll
[0b00:0004][2017-10-17T09:45:47] Started: Copying file /Contents/Common7/IDE/PrivateAssemblies/amd64/KernelTraceControl.dll to C:\Program Files (x86)\Microsoft Visual Studio\2017\Community\Common7\IDE\PrivateAssemblies\amd64\KernelTraceControl.dll
[0b00:0004][2017-10-17T09:45:47] Completed: Copying file /Contents/Common7/IDE/PrivateAssemblies/amd64/KernelTraceControl.dll to C:\Program Files (x86)\Microsoft Visual Studio\2017\Community\Common7\IDE\PrivateAssemblies\amd64\KernelTraceControl.dll
[0b00:0004][2017-10-17T09:45:47] Timestamp updated for file 'C:\Program Files (x86)\Microsoft Visual Studio\2017\Community\Common7\IDE\PrivateAssemblies\amd64\KernelTraceControl.dll'.
[0b00:0004][2017-10-17T09:45:47] Processing file /Contents/Common7/IDE/PrivateAssemblies/AxInterop.WMPLib.dll
[0b00:0004][2017-10-17T09:45:47] Started: Copying file /Contents/Common7/IDE/PrivateAssemblies/AxInterop.WMPLib.dll to C:\Program Files (x86)\Microsoft Visual Studio\2017\Community\Common7\IDE\PrivateAssemblies\AxInterop.WMPLib.dll
[0b00:0004][2017-10-17T09:45:47] Completed: Copying file /Contents/Common7/IDE/PrivateAssemblies/AxInterop.WMPLib.dll to C:\Program Files (x86)\Microsoft Visual Studio\2017\Community\Common7\IDE\PrivateAssemblies\AxInterop.WMPLib.dll
[0b00:0004][2017-10-17T09:45:47] Timestamp updated for file 'C:\Program Files (x86)\Microsoft Visual Studio\2017\Community\Common7\IDE\PrivateAssemblies\AxInterop.WMPLib.dll'.
[0b00:0004][2017-10-17T09:45:47] Processing file /Contents/Common7/IDE/PrivateAssemblies/Microsoft.Azure.ActiveDirectory.GraphClient.dll
[0b00:0004][2017-10-17T09:45:47] Started: Copying file /Contents/Common7/IDE/PrivateAssemblies/Microsoft.Azure.ActiveDirectory.GraphClient.dll to C:\Program Files (x86)\Microsoft Visual Studio\2017\Community\Common7\IDE\PrivateAssemblies\Microsoft.Azure.ActiveDirectory.GraphClient.dll
[0b00:0004][2017-10-17T09:45:47] Completed: Copying file /Contents/Common7/IDE/PrivateAssemblies/Microsoft.Azure.ActiveDirectory.GraphClient.dll to C:\Program Files (x86)\Microsoft Visual Studio\2017\Community\Common7\IDE\PrivateAssemblies\Microsoft.Azure.ActiveDirectory.GraphClient.dll
[0b00:0004][2017-10-17T09:45:47] Timestamp updated for file 'C:\Program Files (x86)\Microsoft Visual Studio\2017\Community\Common7\IDE\PrivateAssemblies\Microsoft.Azure.ActiveDirectory.GraphClient.dll'.
[0b00:0004][2017-10-17T09:45:47] Processing file /Contents/Common7/IDE/PrivateAssemblies/Microsoft.Data.Edm.dll
[0b00:0004][2017-10-17T09:45:47] Started: Copying file /Contents/Common7/IDE/PrivateAssemblies/Microsoft.Data.Edm.dll to C:\Program Files (x86)\Microsoft Visual Studio\2017\Community\Common7\IDE\PrivateAssemblies\Microsoft.Data.Edm.dll
[0b00:0004][2017-10-17T09:45:47] Completed: Copying file /Contents/Common7/IDE/PrivateAssemblies/Microsoft.Data.Edm.dll to C:\Program Files (x86)\Microsoft Visual Studio\2017\Community\Common7\IDE\PrivateAssemblies\Microsoft.Data.Edm.dll
[0b00:0004][2017-10-17T09:45:47] Timestamp updated for file 'C:\Program Files (x86)\Microsoft Visual Studio\2017\Community\Common7\IDE\PrivateAssemblies\Microsoft.Data.Edm.dll'.
[0b00:0004][2017-10-17T09:45:47] Processing file /Contents/Common7/IDE/PrivateAssemblies/Microsoft.Data.OData.dll
[0b00:0004][2017-10-17T09:45:47] Started: Copying file /Contents/Common7/IDE/PrivateAssemblies/Microsoft.Data.OData.dll to C:\Program Files (x86)\Microsoft Visual Studio\2017\Community\Common7\IDE\PrivateAssemblies\Microsoft.Data.OData.dll
[0b00:0004][2017-10-17T09:45:47] Completed: Copying file /Contents/Common7/IDE/PrivateAssemblies/Microsoft.Data.OData.dll to C:\Program Files (x86)\Microsoft Visual Studio\2017\Community\Common7\IDE\PrivateAssemblies\Microsoft.Data.OData.dll
[0b00:0004][2017-10-17T09:45:47] Timestamp updated for file 'C:\Program Files (x86)\Microsoft Visual Studio\2017\Community\Common7\IDE\PrivateAssemblies\Microsoft.Data.OData.dll'.
[0b00:0004][2017-10-17T09:45:47] Processing file /Contents/Common7/IDE/PrivateAssemblies/Microsoft.Data.Services.Client.dll
[0b00:0004][2017-10-17T09:45:47] Started: Copying file /Contents/Common7/IDE/PrivateAssemblies/Microsoft.Data.Services.Client.dll to C:\Program Files (x86)\Microsoft Visual Studio\2017\Community\Common7\IDE\PrivateAssemblies\Microsoft.Data.Services.Client.dll
[0b00:0004][2017-10-17T09:45:47] Completed: Copying file /Contents/Common7/IDE/PrivateAssemblies/Microsoft.Data.Services.Client.dll to C:\Program Files (x86)\Microsoft Visual Studio\2017\Community\Common7\IDE\PrivateAssemblies\Microsoft.Data.Services.Client.dll
[0b00:0004][2017-10-17T09:45:47] Timestamp updated for file 'C:\Program Files (x86)\Microsoft Visual Studio\2017\Community\Common7\IDE\PrivateAssemblies\Microsoft.Data.Services.Client.dll'.
[0b00:0004][2017-10-17T09:45:47] Processing file /Contents/Common7/IDE/PrivateAssemblies/Microsoft.Developer.IdentityService.Client.dll
[0b00:0004][2017-10-17T09:45:47] Started: Copying file /Contents/Common7/IDE/PrivateAssemblies/Microsoft.Developer.IdentityService.Client.dll to C:\Program Files (x86)\Microsoft Visual Studio\2017\Community\Common7\IDE\PrivateAssemblies\Microsoft.Developer.IdentityService.Client.dll
[0b00:0004][2017-10-17T09:45:47] Completed: Copying file /Contents/Common7/IDE/PrivateAssemblies/Microsoft.Developer.IdentityService.Client.dll to C:\Program Files (x86)\Microsoft Visual Studio\2017\Community\Common7\IDE\PrivateAssemblies\Microsoft.Developer.IdentityService.Client.dll
[0b00:0004][2017-10-17T09:45:47] Timestamp updated for file 'C:\Program Files (x86)\Microsoft Visual Studio\2017\Community\Common7\IDE\PrivateAssemblies\Microsoft.Developer.IdentityService.Client.dll'.
[0b00:0004][2017-10-17T09:45:47] Queueing C:\Program Files (x86)\Microsoft Visual Studio\2017\Community\Common7\IDE\PrivateAssemblies\Microsoft.Developer.IdentityService.Client.dll for X86 ngen
[0b00:0004][2017-10-17T09:45:47] Successfully queued file '/Contents/Common7/IDE/PrivateAssemblies/Microsoft.Developer.IdentityService.Client.dll' for ngen
[0b00:0004][2017-10-17T09:45:47] Processing file /Contents/Common7/IDE/PrivateAssemblies/Microsoft.Diagnostics.Tracing.TraceEvent.dll
[0b00:0004][2017-10-17T09:45:47] Started: Copying file /Contents/Common7/IDE/PrivateAssemblies/Microsoft.Diagnostics.Tracing.TraceEvent.dll to C:\Program Files (x86)\Microsoft Visual Studio\2017\Community\Common7\IDE\PrivateAssemblies\Microsoft.Diagnostics.Tracing.TraceEvent.dll
[0b00:0004][2017-10-17T09:45:47] Completed: Copying file /Contents/Common7/IDE/PrivateAssemblies/Microsoft.Diagnostics.Tracing.TraceEvent.dll to C:\Program Files (x86)\Microsoft Visual Studio\2017\Community\Common7\IDE\PrivateAssemblies\Microsoft.Diagnostics.Tracing.TraceEvent.dll
[0b00:0004][2017-10-17T09:45:47] Timestamp updated for file 'C:\Program Files (x86)\Microsoft Visual Studio\2017\Community\Common7\IDE\PrivateAssemblies\Microsoft.Diagnostics.Tracing.TraceEvent.dll'.
[0b00:0004][2017-10-17T09:45:47] Processing file /Contents/Common7/IDE/PrivateAssemblies/Microsoft.IdentityService.Clients.ActiveDirectory.dll
[0b00:0004][2017-10-17T09:45:47] Started: Copying file /Contents/Common7/IDE/PrivateAssemblies/Microsoft.IdentityService.Clients.ActiveDirectory.dll to C:\Program Files (x86)\Microsoft Visual Studio\2017\Community\Common7\IDE\PrivateAssemblies\Microsoft.IdentityService.Clients.ActiveDirectory.dll
[0b00:0004][2017-10-17T09:45:47] Completed: Copying file /Contents/Common7/IDE/PrivateAssemblies/Microsoft.IdentityService.Clients.ActiveDirectory.dll to C:\Program Files (x86)\Microsoft Visual Studio\2017\Community\Common7\IDE\PrivateAssemblies\Microsoft.IdentityService.Clients.ActiveDirectory.dll
[0b00:0004][2017-10-17T09:45:47] Timestamp updated for file 'C:\Program Files (x86)\Microsoft Visual Studio\2017\Community\Common7\IDE\PrivateAssemblies\Microsoft.IdentityService.Clients.ActiveDirectory.dll'.
[0b00:0004][2017-10-17T09:45:47] Processing file /Contents/Common7/IDE/PrivateAssemblies/Microsoft.IdentityService.Clients.ActiveDirectory.Platform.dll
[0b00:0004][2017-10-17T09:45:47] Started: Copying file /Contents/Common7/IDE/PrivateAssemblies/Microsoft.IdentityService.Clients.ActiveDirectory.Platform.dll to C:\Program Files (x86)\Microsoft Visual Studio\2017\Community\Common7\IDE\PrivateAssemblies\Microsoft.IdentityService.Clients.ActiveDirectory.Platform.dll
[0b00:0004][2017-10-17T09:45:47] Completed: Copying file /Contents/Common7/IDE/PrivateAssemblies/Microsoft.IdentityService.Clients.ActiveDirectory.Platform.dll to C:\Program Files (x86)\Microsoft Visual Studio\2017\Community\Common7\IDE\PrivateAssemblies\Microsoft.IdentityService.Clients.ActiveDirectory.Platform.dll
[0b00:0004][2017-10-17T09:45:47] Timestamp updated for file 'C:\Program Files (x86)\Microsoft Visual Studio\2017\Community\Common7\IDE\PrivateAssemblies\Microsoft.IdentityService.Clients.ActiveDirectory.Platform.dll'.
[0b00:0004][2017-10-17T09:45:47] Processing file /Contents/Common7/IDE/PrivateAssemblies/Microsoft.VisualStudio.QualityTools.CheckinPolicies.dll
[0b00:0004][2017-10-17T09:45:47] Started: Copying file /Contents/Common7/IDE/PrivateAssemblies/Microsoft.VisualStudio.QualityTools.CheckinPolicies.dll to C:\Program Files (x86)\Microsoft Visual Studio\2017\Community\Common7\IDE\PrivateAssemblies\Microsoft.VisualStudio.QualityTools.CheckinPolicies.dll
[0b00:0004][2017-10-17T09:45:47] Completed: Copying file /Contents/Common7/IDE/PrivateAssemblies/Microsoft.VisualStudio.QualityTools.CheckinPolicies.dll to C:\Program Files (x86)\Microsoft Visual Studio\2017\Community\Common7\IDE\PrivateAssemblies\Microsoft.VisualStudio.QualityTools.CheckinPolicies.dll
[0b00:0004][2017-10-17T09:45:47] Timestamp updated for file 'C:\Program Files (x86)\Microsoft Visual Studio\2017\Community\Common7\IDE\PrivateAssemblies\Microsoft.VisualStudio.QualityTools.CheckinPolicies.dll'.
[0b00:0004][2017-10-17T09:45:47] Processing file /Contents/Common7/IDE/PrivateAssemblies/Microsoft.VisualStudio.Shell.Connected.dll
[0b00:0004][2017-10-17T09:45:47] Started: Copying file /Contents/Common7/IDE/PrivateAssemblies/Microsoft.VisualStudio.Shell.Connected.dll to C:\Program Files (x86)\Microsoft Visual Studio\2017\Community\Common7\IDE\PrivateAssemblies\Microsoft.VisualStudio.Shell.Connected.dll
[0b00:0004][2017-10-17T09:45:47] Completed: Copying file /Contents/Common7/IDE/PrivateAssemblies/Microsoft.VisualStudio.Shell.Connected.dll to C:\Program Files (x86)\Microsoft Visual Studio\2017\Community\Common7\IDE\PrivateAssemblies\Microsoft.VisualStudio.Shell.Connected.dll
[0b00:0004][2017-10-17T09:45:47] Timestamp updated for file 'C:\Program Files (x86)\Microsoft Visual Studio\2017\Community\Common7\IDE\PrivateAssemblies\Microsoft.VisualStudio.Shell.Connected.dll'.
[0b00:0004][2017-10-17T09:45:47] Queueing C:\Program Files (x86)\Microsoft Visual Studio\2017\Community\Common7\IDE\PrivateAssemblies\Microsoft.VisualStudio.Shell.Connected.dll for X86 ngen
[0b00:0004][2017-10-17T09:45:47] Successfully queued file '/Contents/Common7/IDE/PrivateAssemblies/Microsoft.VisualStudio.Shell.Connected.dll' for ngen
[0b00:0004][2017-10-17T09:45:47] Processing file /Contents/Common7/IDE/PrivateAssemblies/Microsoft.VisualStudio.TestImpact.Analysis.dll
[0b00:0004][2017-10-17T09:45:47] Started: Copying file /Contents/Common7/IDE/PrivateAssemblies/Microsoft.VisualStudio.TestImpact.Analysis.dll to C:\Program Files (x86)\Microsoft Visual Studio\2017\Community\Common7\IDE\PrivateAssemblies\Microsoft.VisualStudio.TestImpact.Analysis.dll
[0b00:0004][2017-10-17T09:45:47] Completed: Copying file /Contents/Common7/IDE/PrivateAssemblies/Microsoft.VisualStudio.TestImpact.Analysis.dll to C:\Program Files (x86)\Microsoft Visual Studio\2017\Community\Common7\IDE\PrivateAssemblies\Microsoft.VisualStudio.TestImpact.Analysis.dll
[0b00:0004][2017-10-17T09:45:47] Timestamp updated for file 'C:\Program Files (x86)\Microsoft Visual Studio\2017\Community\Common7\IDE\PrivateAssemblies\Microsoft.VisualStudio.TestImpact.Analysis.dll'.
[0b00:0004][2017-10-17T09:45:47] Queueing C:\Program Files (x86)\Microsoft Visual Studio\2017\Community\Common7\IDE\PrivateAssemblies\Microsoft.VisualStudio.TestImpact.Analysis.dll for X86 ngen
[0b00:0004][2017-10-17T09:45:47] Successfully queued file '/Contents/Common7/IDE/PrivateAssemblies/Microsoft.VisualStudio.TestImpact.Analysis.dll' for ngen
[0b00:0004][2017-10-17T09:45:47] Processing file /Contents/Common7/IDE/PrivateAssemblies/Microsoft.VisualStudio.TestImpact.Common.dll
[0b00:0004][2017-10-17T09:45:47] Started: Copying file /Contents/Common7/IDE/PrivateAssemblies/Microsoft.VisualStudio.TestImpact.Common.dll to C:\Program Files (x86)\Microsoft Visual Studio\2017\Community\Common7\IDE\PrivateAssemblies\Microsoft.VisualStudio.TestImpact.Common.dll
[0b00:0004][2017-10-17T09:45:47] Completed: Copying file /Contents/Common7/IDE/PrivateAssemblies/Microsoft.VisualStudio.TestImpact.Common.dll to C:\Program Files (x86)\Microsoft Visual Studio\2017\Community\Common7\IDE\PrivateAssemblies\Microsoft.VisualStudio.TestImpact.Common.dll
[0b00:0004][2017-10-17T09:45:47] Timestamp updated for file 'C:\Program Files (x86)\Microsoft Visual Studio\2017\Community\Common7\IDE\PrivateAssemblies\Microsoft.VisualStudio.TestImpact.Common.dll'.
[0b00:0004][2017-10-17T09:45:47] Queueing C:\Program Files (x86)\Microsoft Visual Studio\2017\Community\Common7\IDE\PrivateAssemblies\Microsoft.VisualStudio.TestImpact.Common.dll for X86 ngen
[0b00:0004][2017-10-17T09:45:47] Successfully queued file '/Contents/Common7/IDE/PrivateAssemblies/Microsoft.VisualStudio.TestImpact.Common.dll' for ngen
[0b00:0004][2017-10-17T09:45:47] Processing file /Contents/Common7/IDE/PrivateAssemblies/System.Spatial.dll
[0b00:0004][2017-10-17T09:45:47] Started: Copying file /Contents/Common7/IDE/PrivateAssemblies/System.Spatial.dll to C:\Program Files (x86)\Microsoft Visual Studio\2017\Community\Common7\IDE\PrivateAssemblies\System.Spatial.dll
[0b00:0004][2017-10-17T09:45:47] Completed: Copying file /Contents/Common7/IDE/PrivateAssemblies/System.Spatial.dll to C:\Program Files (x86)\Microsoft Visual Studio\2017\Community\Common7\IDE\PrivateAssemblies\System.Spatial.dll
[0b00:0004][2017-10-17T09:45:47] Timestamp updated for file 'C:\Program Files (x86)\Microsoft Visual Studio\2017\Community\Common7\IDE\PrivateAssemblies\System.Spatial.dll'.
[0b00:0004][2017-10-17T09:45:47] Processing file /Contents/Common7/IDE/PrivateAssemblies/WMPLib.dll
[0b00:0004][2017-10-17T09:45:47] Started: Copying file /Contents/Common7/IDE/PrivateAssemblies/WMPLib.dll to C:\Program Files (x86)\Microsoft Visual Studio\2017\Community\Common7\IDE\PrivateAssemblies\WMPLib.dll
[0b00:0004][2017-10-17T09:45:47] Completed: Copying file /Contents/Common7/IDE/PrivateAssemblies/WMPLib.dll to C:\Program Files (x86)\Microsoft Visual Studio\2017\Community\Common7\IDE\PrivateAssemblies\WMPLib.dll
[0b00:0004][2017-10-17T09:45:47] Timestamp updated for file 'C:\Program Files (x86)\Microsoft Visual Studio\2017\Community\Common7\IDE\PrivateAssemblies\WMPLib.dll'.
[0b00:0004][2017-10-17T09:45:47] Processing file /Contents/Common7/IDE/PrivateAssemblies/x86/KernelTraceControl.dll
[0b00:0004][2017-10-17T09:45:47] Started: Copying file /Contents/Common7/IDE/PrivateAssemblies/x86/KernelTraceControl.dll to C:\Program Files (x86)\Microsoft Visual Studio\2017\Community\Common7\IDE\PrivateAssemblies\x86\KernelTraceControl.dll
[0b00:0004][2017-10-17T09:45:47] Completed: Copying file /Contents/Common7/IDE/PrivateAssemblies/x86/KernelTraceControl.dll to C:\Program Files (x86)\Microsoft Visual Studio\2017\Community\Common7\IDE\PrivateAssemblies\x86\KernelTraceControl.dll
[0b00:0004][2017-10-17T09:45:47] Timestamp updated for file 'C:\Program Files (x86)\Microsoft Visual Studio\2017\Community\Common7\IDE\PrivateAssemblies\x86\KernelTraceControl.dll'.
[0b00:0004][2017-10-17T09:45:47] Processing file /Contents/Common7/IDE/PrivateAssemblies/Xceed.Wpf.Controls.dll
[0b00:0004][2017-10-17T09:45:47] Started: Copying file /Contents/Common7/IDE/PrivateAssemblies/Xceed.Wpf.Controls.dll to C:\Program Files (x86)\Microsoft Visual Studio\2017\Community\Common7\IDE\PrivateAssemblies\Xceed.Wpf.Controls.dll
[0b00:0004][2017-10-17T09:45:47] Completed: Copying file /Contents/Common7/IDE/PrivateAssemblies/Xceed.Wpf.Controls.dll to C:\Program Files (x86)\Microsoft Visual Studio\2017\Community\Common7\IDE\PrivateAssemblies\Xceed.Wpf.Controls.dll
[0b00:0004][2017-10-17T09:45:47] Timestamp updated for file 'C:\Program Files (x86)\Microsoft Visual Studio\2017\Community\Common7\IDE\PrivateAssemblies\Xceed.Wpf.Controls.dll'.
[0b00:0004][2017-10-17T09:45:47] Processing file /Contents/Common7/IDE/PrivateAssemblies/Xceed.Wpf.DataGrid.dll
[0b00:0004][2017-10-17T09:45:47] Started: Copying file /Contents/Common7/IDE/PrivateAssemblies/Xceed.Wpf.DataGrid.dll to C:\Program Files (x86)\Microsoft Visual Studio\2017\Community\Common7\IDE\PrivateAssemblies\Xceed.Wpf.DataGrid.dll
[0b00:0004][2017-10-17T09:45:47] Completed: Copying file /Contents/Common7/IDE/PrivateAssemblies/Xceed.Wpf.DataGrid.dll to C:\Program Files (x86)\Microsoft Visual Studio\2017\Community\Common7\IDE\PrivateAssemblies\Xceed.Wpf.DataGrid.dll
[0b00:0004][2017-10-17T09:45:47] Timestamp updated for file 'C:\Program Files (x86)\Microsoft Visual Studio\2017\Community\Common7\IDE\PrivateAssemblies\Xceed.Wpf.DataGrid.dll'.
[0b00:0004][2017-10-17T09:45:47] Processing file /Contents/Common7/IDE/TCM.exe
[0b00:0004][2017-10-17T09:45:47] Started: Copying file /Contents/Common7/IDE/TCM.exe to C:\Program Files (x86)\Microsoft Visual Studio\2017\Community\Common7\IDE\TCM.exe
[0b00:0004][2017-10-17T09:45:47] Completed: Copying file /Contents/Common7/IDE/TCM.exe to C:\Program Files (x86)\Microsoft Visual Studio\2017\Community\Common7\IDE\TCM.exe
[0b00:0004][2017-10-17T09:45:47] Timestamp updated for file 'C:\Program Files (x86)\Microsoft Visual Studio\2017\Community\Common7\IDE\TCM.exe'.
[0b00:0004][2017-10-17T09:45:47] Processing file /Contents/Common7/IDE/TCM.exe.config
[0b00:0004][2017-10-17T09:45:47] Started: Copying file /Contents/Common7/IDE/TCM.exe.config to C:\Program Files (x86)\Microsoft Visual Studio\2017\Community\Common7\IDE\TCM.exe.config
[0b00:0004][2017-10-17T09:45:47] Completed: Copying file /Contents/Common7/IDE/TCM.exe.config to C:\Program Files (x86)\Microsoft Visual Studio\2017\Community\Common7\IDE\TCM.exe.config
[0b00:0004][2017-10-17T09:45:47] Timestamp updated for file 'C:\Program Files (x86)\Microsoft Visual Studio\2017\Community\Common7\IDE\TCM.exe.config'.
[0b00:0004][2017-10-17T09:45:47] Processing file /Contents/Common7/ServiceHub/Services/Microsoft.Developer.AccountManagement/Microsoft.Developer.AccountManagement.dll
[0b00:0004][2017-10-17T09:45:47] Started: Copying file /Contents/Common7/ServiceHub/Services/Microsoft.Developer.AccountManagement/Microsoft.Developer.AccountManagement.dll to C:\Program Files (x86)\Microsoft Visual Studio\2017\Community\Common7\ServiceHub\Services\Microsoft.Developer.AccountManagement\Microsoft.Developer.AccountManagement.dll
[0b00:0004][2017-10-17T09:45:47] Completed: Copying file /Contents/Common7/ServiceHub/Services/Microsoft.Developer.AccountManagement/Microsoft.Developer.AccountManagement.dll to C:\Program Files (x86)\Microsoft Visual Studio\2017\Community\Common7\ServiceHub\Services\Microsoft.Developer.AccountManagement\Microsoft.Developer.AccountManagement.dll
[0b00:0004][2017-10-17T09:45:47] Timestamp updated for file 'C:\Program Files (x86)\Microsoft Visual Studio\2017\Community\Common7\ServiceHub\Services\Microsoft.Developer.AccountManagement\Microsoft.Developer.AccountManagement.dll'.
[0b00:0004][2017-10-17T09:45:47] Processing file /Contents/Common7/ServiceHub/Services/Microsoft.Developer.AccountManagement/Microsoft.Developer.AccountManagement.dll.config
[0b00:0004][2017-10-17T09:45:47] Started: Copying file /Contents/Common7/ServiceHub/Services/Microsoft.Developer.AccountManagement/Microsoft.Developer.AccountManagement.dll.config to C:\Program Files (x86)\Microsoft Visual Studio\2017\Community\Common7\ServiceHub\Services\Microsoft.Developer.AccountManagement\Microsoft.Developer.AccountManagement.dll.config
[0b00:0004][2017-10-17T09:45:47] Completed: Copying file /Contents/Common7/ServiceHub/Services/Microsoft.Developer.AccountManagement/Microsoft.Developer.AccountManagement.dll.config to C:\Program Files (x86)\Microsoft Visual Studio\2017\Community\Common7\ServiceHub\Services\Microsoft.Developer.AccountManagement\Microsoft.Developer.AccountManagement.dll.config
[0b00:0004][2017-10-17T09:45:47] Timestamp updated for file 'C:\Program Files (x86)\Microsoft Visual Studio\2017\Community\Common7\ServiceHub\Services\Microsoft.Developer.AccountManagement\Microsoft.Developer.AccountManagement.dll.config'.
[0b00:0004][2017-10-17T09:45:47] Processing file /Contents/Common7/ServiceHub/Services/Microsoft.Developer.AccountManagement/Microsoft.Developer.AccountManagement.servicehub.service.json
[0b00:0004][2017-10-17T09:45:47] Started: Copying file /Contents/Common7/ServiceHub/Services/Microsoft.Developer.AccountManagement/Microsoft.Developer.AccountManagement.servicehub.service.json to C:\Program Files (x86)\Microsoft Visual Studio\2017\Community\Common7\ServiceHub\Services\Microsoft.Developer.AccountManagement\Microsoft.Developer.AccountManagement.servicehub.service.json
[0b00:0004][2017-10-17T09:45:47] Completed: Copying file /Contents/Common7/ServiceHub/Services/Microsoft.Developer.AccountManagement/Microsoft.Developer.AccountManagement.servicehub.service.json to C:\Program Files (x86)\Microsoft Visual Studio\2017\Community\Common7\ServiceHub\Services\Microsoft.Developer.AccountManagement\Microsoft.Developer.AccountManagement.servicehub.service.json
[0b00:0004][2017-10-17T09:45:47] Timestamp updated for file 'C:\Program Files (x86)\Microsoft Visual Studio\2017\Community\Common7\ServiceHub\Services\Microsoft.Developer.AccountManagement\Microsoft.Developer.AccountManagement.servicehub.service.json'.
[0b00:0004][2017-10-17T09:45:47] Processing file /Contents/Common7/ServiceHub/Services/Microsoft.Developer.IdentityService/AadAccountProviderService.servicehub.service.json
[0b00:0004][2017-10-17T09:45:47] Started: Copying file /Contents/Common7/ServiceHub/Services/Microsoft.Developer.IdentityService/AadAccountProviderService.servicehub.service.json to C:\Program Files (x86)\Microsoft Visual Studio\2017\Community\Common7\ServiceHub\Services\Microsoft.Developer.IdentityService\AadAccountProviderService.servicehub.service.json
[0b00:0004][2017-10-17T09:45:47] Completed: Copying file /Contents/Common7/ServiceHub/Services/Microsoft.Developer.IdentityService/AadAccountProviderService.servicehub.service.json to C:\Program Files (x86)\Microsoft Visual Studio\2017\Community\Common7\ServiceHub\Services\Microsoft.Developer.IdentityService\AadAccountProviderService.servicehub.service.json
[0b00:0004][2017-10-17T09:45:47] Timestamp updated for file 'C:\Program Files (x86)\Microsoft Visual Studio\2017\Community\Common7\ServiceHub\Services\Microsoft.Developer.IdentityService\AadAccountProviderService.servicehub.service.json'.
[0b00:0004][2017-10-17T09:45:47] Processing file /Contents/Common7/ServiceHub/Services/Microsoft.Developer.IdentityService/IdentityStorageService.servicehub.service.json
[0b00:0004][2017-10-17T09:45:47] Started: Copying file /Contents/Common7/ServiceHub/Services/Microsoft.Developer.IdentityService/IdentityStorageService.servicehub.service.json to C:\Program Files (x86)\Microsoft Visual Studio\2017\Community\Common7\ServiceHub\Services\Microsoft.Developer.IdentityService\IdentityStorageService.servicehub.service.json
[0b00:0004][2017-10-17T09:45:47] Completed: Copying file /Contents/Common7/ServiceHub/Services/Microsoft.Developer.IdentityService/IdentityStorageService.servicehub.service.json to C:\Program Files (x86)\Microsoft Visual Studio\2017\Community\Common7\ServiceHub\Services\Microsoft.Developer.IdentityService\IdentityStorageService.servicehub.service.json
[0b00:0004][2017-10-17T09:45:47] Timestamp updated for file 'C:\Program Files (x86)\Microsoft Visual Studio\2017\Community\Common7\ServiceHub\Services\Microsoft.Developer.IdentityService\IdentityStorageService.servicehub.service.json'.
[0b00:0004][2017-10-17T09:45:47] Processing file /Contents/Common7/ServiceHub/Services/Microsoft.Developer.IdentityService/Microsoft.Azure.ActiveDirectory.GraphClient.dll
[0b00:0004][2017-10-17T09:45:47] Started: Copying file /Contents/Common7/ServiceHub/Services/Microsoft.Developer.IdentityService/Microsoft.Azure.ActiveDirectory.GraphClient.dll to C:\Program Files (x86)\Microsoft Visual Studio\2017\Community\Common7\ServiceHub\Services\Microsoft.Developer.IdentityService\Microsoft.Azure.ActiveDirectory.GraphClient.dll
[0b00:0004][2017-10-17T09:45:47] Completed: Copying file /Contents/Common7/ServiceHub/Services/Microsoft.Developer.IdentityService/Microsoft.Azure.ActiveDirectory.GraphClient.dll to C:\Program Files (x86)\Microsoft Visual Studio\2017\Community\Common7\ServiceHub\Services\Microsoft.Developer.IdentityService\Microsoft.Azure.ActiveDirectory.GraphClient.dll
[0b00:0004][2017-10-17T09:45:47] Timestamp updated for file 'C:\Program Files (x86)\Microsoft Visual Studio\2017\Community\Common7\ServiceHub\Services\Microsoft.Developer.IdentityService\Microsoft.Azure.ActiveDirectory.GraphClient.dll'.
[0b00:0004][2017-10-17T09:45:47] Processing file /Contents/Common7/ServiceHub/Services/Microsoft.Developer.IdentityService/Microsoft.Azure.Management.ResourceManager.dll
[0b00:0004][2017-10-17T09:45:48] Started: Copying file /Contents/Common7/ServiceHub/Services/Microsoft.Developer.IdentityService/Microsoft.Azure.Management.ResourceManager.dll to C:\Program Files (x86)\Microsoft Visual Studio\2017\Community\Common7\ServiceHub\Services\Microsoft.Developer.IdentityService\Microsoft.Azure.Management.ResourceManager.dll
[0b00:0004][2017-10-17T09:45:48] Completed: Copying file /Contents/Common7/ServiceHub/Services/Microsoft.Developer.IdentityService/Microsoft.Azure.Management.ResourceManager.dll to C:\Program Files (x86)\Microsoft Visual Studio\2017\Community\Common7\ServiceHub\Services\Microsoft.Developer.IdentityService\Microsoft.Azure.Management.ResourceManager.dll
[0b00:0004][2017-10-17T09:45:48] Timestamp updated for file 'C:\Program Files (x86)\Microsoft Visual Studio\2017\Community\Common7\ServiceHub\Services\Microsoft.Developer.IdentityService\Microsoft.Azure.Management.ResourceManager.dll'.
[0b00:0004][2017-10-17T09:45:48] Processing file /Contents/Common7/ServiceHub/Services/Microsoft.Developer.IdentityService/Microsoft.Data.Edm.dll
[0b00:0004][2017-10-17T09:45:48] Started: Copying file /Contents/Common7/ServiceHub/Services/Microsoft.Developer.IdentityService/Microsoft.Data.Edm.dll to C:\Program Files (x86)\Microsoft Visual Studio\2017\Community\Common7\ServiceHub\Services\Microsoft.Developer.IdentityService\Microsoft.Data.Edm.dll
[0b00:0004][2017-10-17T09:45:48] Completed: Copying file /Contents/Common7/ServiceHub/Services/Microsoft.Developer.IdentityService/Microsoft.Data.Edm.dll to C:\Program Files (x86)\Microsoft Visual Studio\2017\Community\Common7\ServiceHub\Services\Microsoft.Developer.IdentityService\Microsoft.Data.Edm.dll
[0b00:0004][2017-10-17T09:45:48] Timestamp updated for file 'C:\Program Files (x86)\Microsoft Visual Studio\2017\Community\Common7\ServiceHub\Services\Microsoft.Developer.IdentityService\Microsoft.Data.Edm.dll'.
[0b00:0004][2017-10-17T09:45:48] Processing file /Contents/Common7/ServiceHub/Services/Microsoft.Developer.IdentityService/Microsoft.Data.OData.dll
[0b00:0004][2017-10-17T09:45:48] Started: Copying file /Contents/Common7/ServiceHub/Services/Microsoft.Developer.IdentityService/Microsoft.Data.OData.dll to C:\Program Files (x86)\Microsoft Visual Studio\2017\Community\Common7\ServiceHub\Services\Microsoft.Developer.IdentityService\Microsoft.Data.OData.dll
[0b00:0004][2017-10-17T09:45:48] Completed: Copying file /Contents/Common7/ServiceHub/Services/Microsoft.Developer.IdentityService/Microsoft.Data.OData.dll to C:\Program Files (x86)\Microsoft Visual Studio\2017\Community\Common7\ServiceHub\Services\Microsoft.Developer.IdentityService\Microsoft.Data.OData.dll
[0b00:0004][2017-10-17T09:45:48] Timestamp updated for file 'C:\Program Files (x86)\Microsoft Visual Studio\2017\Community\Common7\ServiceHub\Services\Microsoft.Developer.IdentityService\Microsoft.Data.OData.dll'.
[0b00:0004][2017-10-17T09:45:48] Processing file /Contents/Common7/ServiceHub/Services/Microsoft.Developer.IdentityService/Microsoft.Data.Services.Client.dll
[0b00:0004][2017-10-17T09:45:48] Started: Copying file /Contents/Common7/ServiceHub/Services/Microsoft.Developer.IdentityService/Microsoft.Data.Services.Client.dll to C:\Program Files (x86)\Microsoft Visual Studio\2017\Community\Common7\ServiceHub\Services\Microsoft.Developer.IdentityService\Microsoft.Data.Services.Client.dll
[0b00:0004][2017-10-17T09:45:48] Completed: Copying file /Contents/Common7/ServiceHub/Services/Microsoft.Developer.IdentityService/Microsoft.Data.Services.Client.dll to C:\Program Files (x86)\Microsoft Visual Studio\2017\Community\Common7\ServiceHub\Services\Microsoft.Developer.IdentityService\Microsoft.Data.Services.Client.dll
[0b00:0004][2017-10-17T09:45:48] Timestamp updated for file 'C:\Program Files (x86)\Microsoft Visual Studio\2017\Community\Common7\ServiceHub\Services\Microsoft.Developer.IdentityService\Microsoft.Data.Services.Client.dll'.
[0b00:0004][2017-10-17T09:45:48] Processing file /Contents/Common7/ServiceHub/Services/Microsoft.Developer.IdentityService/Microsoft.Developer.IdentityService.dll
[0b00:0004][2017-10-17T09:45:48] Started: Copying file /Contents/Common7/ServiceHub/Services/Microsoft.Developer.IdentityService/Microsoft.Developer.IdentityService.dll to C:\Program Files (x86)\Microsoft Visual Studio\2017\Community\Common7\ServiceHub\Services\Microsoft.Developer.IdentityService\Microsoft.Developer.IdentityService.dll
[0b00:0004][2017-10-17T09:45:48] Completed: Copying file /Contents/Common7/ServiceHub/Services/Microsoft.Developer.IdentityService/Microsoft.Developer.IdentityService.dll to C:\Program Files (x86)\Microsoft Visual Studio\2017\Community\Common7\ServiceHub\Services\Microsoft.Developer.IdentityService\Microsoft.Developer.IdentityService.dll
[0b00:0004][2017-10-17T09:45:48] Timestamp updated for file 'C:\Program Files (x86)\Microsoft Visual Studio\2017\Community\Common7\ServiceHub\Services\Microsoft.Developer.IdentityService\Microsoft.Developer.IdentityService.dll'.
[0b00:0004][2017-10-17T09:45:48] Processing file /Contents/Common7/ServiceHub/Services/Microsoft.Developer.IdentityService/Microsoft.Developer.IdentityService.dll.config
[0b00:0004][2017-10-17T09:45:48] Started: Copying file /Contents/Common7/ServiceHub/Services/Microsoft.Developer.IdentityService/Microsoft.Developer.IdentityService.dll.config to C:\Program Files (x86)\Microsoft Visual Studio\2017\Community\Common7\ServiceHub\Services\Microsoft.Developer.IdentityService\Microsoft.Developer.IdentityService.dll.config
[0b00:0004][2017-10-17T09:45:48] Completed: Copying file /Contents/Common7/ServiceHub/Services/Microsoft.Developer.IdentityService/Microsoft.Developer.IdentityService.dll.config to C:\Program Files (x86)\Microsoft Visual Studio\2017\Community\Common7\ServiceHub\Services\Microsoft.Developer.IdentityService\Microsoft.Developer.IdentityService.dll.config
[0b00:0004][2017-10-17T09:45:48] Timestamp updated for file 'C:\Program Files (x86)\Microsoft Visual Studio\2017\Community\Common7\ServiceHub\Services\Microsoft.Developer.IdentityService\Microsoft.Developer.IdentityService.dll.config'.
[0b00:0004][2017-10-17T09:45:48] Processing file /Contents/Common7/ServiceHub/Services/Microsoft.Developer.IdentityService/Microsoft.IdentityModel.Clients.ActiveDirectory.dll
[0b00:0004][2017-10-17T09:45:48] Started: Copying file /Contents/Common7/ServiceHub/Services/Microsoft.Developer.IdentityService/Microsoft.IdentityModel.Clients.ActiveDirectory.dll to C:\Program Files (x86)\Microsoft Visual Studio\2017\Community\Common7\ServiceHub\Services\Microsoft.Developer.IdentityService\Microsoft.IdentityModel.Clients.ActiveDirectory.dll
[0b00:0004][2017-10-17T09:45:48] Completed: Copying file /Contents/Common7/ServiceHub/Services/Microsoft.Developer.IdentityService/Microsoft.IdentityModel.Clients.ActiveDirectory.dll to C:\Program Files (x86)\Microsoft Visual Studio\2017\Community\Common7\ServiceHub\Services\Microsoft.Developer.IdentityService\Microsoft.IdentityModel.Clients.ActiveDirectory.dll
[0b00:0004][2017-10-17T09:45:48] Timestamp updated for file 'C:\Program Files (x86)\Microsoft Visual Studio\2017\Community\Common7\ServiceHub\Services\Microsoft.Developer.IdentityService\Microsoft.IdentityModel.Clients.ActiveDirectory.dll'.
[0b00:0004][2017-10-17T09:45:48] Processing file /Contents/Common7/ServiceHub/Services/Microsoft.Developer.IdentityService/Microsoft.IdentityModel.Clients.ActiveDirectory.Platform.dll
[0b00:0004][2017-10-17T09:45:48] Started: Copying file /Contents/Common7/ServiceHub/Services/Microsoft.Developer.IdentityService/Microsoft.IdentityModel.Clients.ActiveDirectory.Platform.dll to C:\Program Files (x86)\Microsoft Visual Studio\2017\Community\Common7\ServiceHub\Services\Microsoft.Developer.IdentityService\Microsoft.IdentityModel.Clients.ActiveDirectory.Platform.dll
[0b00:0004][2017-10-17T09:45:48] Completed: Copying file /Contents/Common7/ServiceHub/Services/Microsoft.Developer.IdentityService/Microsoft.IdentityModel.Clients.ActiveDirectory.Platform.dll to C:\Program Files (x86)\Microsoft Visual Studio\2017\Community\Common7\ServiceHub\Services\Microsoft.Developer.IdentityService\Microsoft.IdentityModel.Clients.ActiveDirectory.Platform.dll
[0b00:0004][2017-10-17T09:45:48] Timestamp updated for file 'C:\Program Files (x86)\Microsoft Visual Studio\2017\Community\Common7\ServiceHub\Services\Microsoft.Developer.IdentityService\Microsoft.IdentityModel.Clients.ActiveDirectory.Platform.dll'.
[0b00:0004][2017-10-17T09:45:48] Processing file /Contents/Common7/ServiceHub/Services/Microsoft.Developer.IdentityService/Microsoft.IdentityService.Clients.ActiveDirectory.dll
[0b00:0004][2017-10-17T09:45:48] Started: Copying file /Contents/Common7/ServiceHub/Services/Microsoft.Developer.IdentityService/Microsoft.IdentityService.Clients.ActiveDirectory.dll to C:\Program Files (x86)\Microsoft Visual Studio\2017\Community\Common7\ServiceHub\Services\Microsoft.Developer.IdentityService\Microsoft.IdentityService.Clients.ActiveDirectory.dll
[0b00:0004][2017-10-17T09:45:48] Completed: Copying file /Contents/Common7/ServiceHub/Services/Microsoft.Developer.IdentityService/Microsoft.IdentityService.Clients.ActiveDirectory.dll to C:\Program Files (x86)\Microsoft Visual Studio\2017\Community\Common7\ServiceHub\Services\Microsoft.Developer.IdentityService\Microsoft.IdentityService.Clients.ActiveDirectory.dll
[0b00:0004][2017-10-17T09:45:48] Timestamp updated for file 'C:\Program Files (x86)\Microsoft Visual Studio\2017\Community\Common7\ServiceHub\Services\Microsoft.Developer.IdentityService\Microsoft.IdentityService.Clients.ActiveDirectory.dll'.
[0b00:0004][2017-10-17T09:45:48] Processing file /Contents/Common7/ServiceHub/Services/Microsoft.Developer.IdentityService/Microsoft.IdentityService.Clients.ActiveDirectory.Platform.dll
[0b00:0004][2017-10-17T09:45:48] Started: Copying file /Contents/Common7/ServiceHub/Services/Microsoft.Developer.IdentityService/Microsoft.IdentityService.Clients.ActiveDirectory.Platform.dll to C:\Program Files (x86)\Microsoft Visual Studio\2017\Community\Common7\ServiceHub\Services\Microsoft.Developer.IdentityService\Microsoft.IdentityService.Clients.ActiveDirectory.Platform.dll
[0b00:0004][2017-10-17T09:45:48] Completed: Copying file /Contents/Common7/ServiceHub/Services/Microsoft.Developer.IdentityService/Microsoft.IdentityService.Clients.ActiveDirectory.Platform.dll to C:\Program Files (x86)\Microsoft Visual Studio\2017\Community\Common7\ServiceHub\Services\Microsoft.Developer.IdentityService\Microsoft.IdentityService.Clients.ActiveDirectory.Platform.dll
[0b00:0004][2017-10-17T09:45:48] Timestamp updated for file 'C:\Program Files (x86)\Microsoft Visual Studio\2017\Community\Common7\ServiceHub\Services\Microsoft.Developer.IdentityService\Microsoft.IdentityService.Clients.ActiveDirectory.Platform.dll'.
[0b00:0004][2017-10-17T09:45:48] Processing file /Contents/Common7/ServiceHub/Services/Microsoft.Developer.IdentityService/Microsoft.Rest.ClientRuntime.Azure.dll
[0b00:0004][2017-10-17T09:45:48] Started: Copying file /Contents/Common7/ServiceHub/Services/Microsoft.Developer.IdentityService/Microsoft.Rest.ClientRuntime.Azure.dll to C:\Program Files (x86)\Microsoft Visual Studio\2017\Community\Common7\ServiceHub\Services\Microsoft.Developer.IdentityService\Microsoft.Rest.ClientRuntime.Azure.dll
[0b00:0004][2017-10-17T09:45:48] Completed: Copying file /Contents/Common7/ServiceHub/Services/Microsoft.Developer.IdentityService/Microsoft.Rest.ClientRuntime.Azure.dll to C:\Program Files (x86)\Microsoft Visual Studio\2017\Community\Common7\ServiceHub\Services\Microsoft.Developer.IdentityService\Microsoft.Rest.ClientRuntime.Azure.dll
[0b00:0004][2017-10-17T09:45:48] Timestamp updated for file 'C:\Program Files (x86)\Microsoft Visual Studio\2017\Community\Common7\ServiceHub\Services\Microsoft.Developer.IdentityService\Microsoft.Rest.ClientRuntime.Azure.dll'.
[0b00:0004][2017-10-17T09:45:48] Processing file /Contents/Common7/ServiceHub/Services/Microsoft.Developer.IdentityService/Microsoft.Rest.ClientRuntime.dll
[0b00:0004][2017-10-17T09:45:48] Started: Copying file /Contents/Common7/ServiceHub/Services/Microsoft.Developer.IdentityService/Microsoft.Rest.ClientRuntime.dll to C:\Program Files (x86)\Microsoft Visual Studio\2017\Community\Common7\ServiceHub\Services\Microsoft.Developer.IdentityService\Microsoft.Rest.ClientRuntime.dll
[0b00:0004][2017-10-17T09:45:48] Completed: Copying file /Contents/Common7/ServiceHub/Services/Microsoft.Developer.IdentityService/Microsoft.Rest.ClientRuntime.dll to C:\Program Files (x86)\Microsoft Visual Studio\2017\Community\Common7\ServiceHub\Services\Microsoft.Developer.IdentityService\Microsoft.Rest.ClientRuntime.dll
[0b00:0004][2017-10-17T09:45:48] Timestamp updated for file 'C:\Program Files (x86)\Microsoft Visual Studio\2017\Community\Common7\ServiceHub\Services\Microsoft.Developer.IdentityService\Microsoft.Rest.ClientRuntime.dll'.
[0b00:0004][2017-10-17T09:45:48] Processing file /Contents/Common7/ServiceHub/Services/Microsoft.Developer.IdentityService/Microsoft.ServiceBus.dll
[0b00:0004][2017-10-17T09:45:48] Started: Copying file /Contents/Common7/ServiceHub/Services/Microsoft.Developer.IdentityService/Microsoft.ServiceBus.dll to C:\Program Files (x86)\Microsoft Visual Studio\2017\Community\Common7\ServiceHub\Services\Microsoft.Developer.IdentityService\Microsoft.ServiceBus.dll
[0b00:0004][2017-10-17T09:45:48] Completed: Copying file /Contents/Common7/ServiceHub/Services/Microsoft.Developer.IdentityService/Microsoft.ServiceBus.dll to C:\Program Files (x86)\Microsoft Visual Studio\2017\Community\Common7\ServiceHub\Services\Microsoft.Developer.IdentityService\Microsoft.ServiceBus.dll
[0b00:0004][2017-10-17T09:45:48] Timestamp updated for file 'C:\Program Files (x86)\Microsoft Visual Studio\2017\Community\Common7\ServiceHub\Services\Microsoft.Developer.IdentityService\Microsoft.ServiceBus.dll'.
[0b00:0004][2017-10-17T09:45:48] Processing file /Contents/Common7/ServiceHub/Services/Microsoft.Developer.IdentityService/Microsoft.ServiceHub.Client.dll
[0b00:0004][2017-10-17T09:45:48] Started: Copying file /Contents/Common7/ServiceHub/Services/Microsoft.Developer.IdentityService/Microsoft.ServiceHub.Client.dll to C:\Program Files (x86)\Microsoft Visual Studio\2017\Community\Common7\ServiceHub\Services\Microsoft.Developer.IdentityService\Microsoft.ServiceHub.Client.dll
[0b00:0004][2017-10-17T09:45:48] Completed: Copying file /Contents/Common7/ServiceHub/Services/Microsoft.Developer.IdentityService/Microsoft.ServiceHub.Client.dll to C:\Program Files (x86)\Microsoft Visual Studio\2017\Community\Common7\ServiceHub\Services\Microsoft.Developer.IdentityService\Microsoft.ServiceHub.Client.dll
[0b00:0004][2017-10-17T09:45:48] Timestamp updated for file 'C:\Program Files (x86)\Microsoft Visual Studio\2017\Community\Common7\ServiceHub\Services\Microsoft.Developer.IdentityService\Microsoft.ServiceHub.Client.dll'.
[0b00:0004][2017-10-17T09:45:48] Processing file /Contents/Common7/ServiceHub/Services/Microsoft.Developer.IdentityService/Microsoft.TeamFoundation.Common.dll
[0b00:0004][2017-10-17T09:45:48] Started: Copying file /Contents/Common7/ServiceHub/Services/Microsoft.Developer.IdentityService/Microsoft.TeamFoundation.Common.dll to C:\Program Files (x86)\Microsoft Visual Studio\2017\Community\Common7\ServiceHub\Services\Microsoft.Developer.IdentityService\Microsoft.TeamFoundation.Common.dll
[0b00:0004][2017-10-17T09:45:48] Completed: Copying file /Contents/Common7/ServiceHub/Services/Microsoft.Developer.IdentityService/Microsoft.TeamFoundation.Common.dll to C:\Program Files (x86)\Microsoft Visual Studio\2017\Community\Common7\ServiceHub\Services\Microsoft.Developer.IdentityService\Microsoft.TeamFoundation.Common.dll
[0b00:0004][2017-10-17T09:45:48] Timestamp updated for file 'C:\Program Files (x86)\Microsoft Visual Studio\2017\Community\Common7\ServiceHub\Services\Microsoft.Developer.IdentityService\Microsoft.TeamFoundation.Common.dll'.
[0b00:0004][2017-10-17T09:45:48] Processing file /Contents/Common7/ServiceHub/Services/Microsoft.Developer.IdentityService/Microsoft.VisualStudio.Services.Client.Interactive.dll
[0b00:0004][2017-10-17T09:45:48] Started: Copying file /Contents/Common7/ServiceHub/Services/Microsoft.Developer.IdentityService/Microsoft.VisualStudio.Services.Client.Interactive.dll to C:\Program Files (x86)\Microsoft Visual Studio\2017\Community\Common7\ServiceHub\Services\Microsoft.Developer.IdentityService\Microsoft.VisualStudio.Services.Client.Interactive.dll
[0b00:0004][2017-10-17T09:45:48] Completed: Copying file /Contents/Common7/ServiceHub/Services/Microsoft.Developer.IdentityService/Microsoft.VisualStudio.Services.Client.Interactive.dll to C:\Program Files (x86)\Microsoft Visual Studio\2017\Community\Common7\ServiceHub\Services\Microsoft.Developer.IdentityService\Microsoft.VisualStudio.Services.Client.Interactive.dll
[0b00:0004][2017-10-17T09:45:48] Timestamp updated for file 'C:\Program Files (x86)\Microsoft Visual Studio\2017\Community\Common7\ServiceHub\Services\Microsoft.Developer.IdentityService\Microsoft.VisualStudio.Services.Client.Interactive.dll'.
[0b00:0004][2017-10-17T09:45:48] Processing file /Contents/Common7/ServiceHub/Services/Microsoft.Developer.IdentityService/Microsoft.VisualStudio.Services.Common.dll
[0b00:0004][2017-10-17T09:45:48] Started: Copying file /Contents/Common7/ServiceHub/Services/Microsoft.Developer.IdentityService/Microsoft.VisualStudio.Services.Common.dll to C:\Program Files (x86)\Microsoft Visual Studio\2017\Community\Common7\ServiceHub\Services\Microsoft.Developer.IdentityService\Microsoft.VisualStudio.Services.Common.dll
[0b00:0004][2017-10-17T09:45:48] Completed: Copying file /Contents/Common7/ServiceHub/Services/Microsoft.Developer.IdentityService/Microsoft.VisualStudio.Services.Common.dll to C:\Program Files (x86)\Microsoft Visual Studio\2017\Community\Common7\ServiceHub\Services\Microsoft.Developer.IdentityService\Microsoft.VisualStudio.Services.Common.dll
[0b00:0004][2017-10-17T09:45:48] Timestamp updated for file 'C:\Program Files (x86)\Microsoft Visual Studio\2017\Community\Common7\ServiceHub\Services\Microsoft.Developer.IdentityService\Microsoft.VisualStudio.Services.Common.dll'.
[0b00:0004][2017-10-17T09:45:48] Processing file /Contents/Common7/ServiceHub/Services/Microsoft.Developer.IdentityService/Microsoft.VisualStudio.Services.WebApi.dll
[0b00:0004][2017-10-17T09:45:48] Started: Copying file /Contents/Common7/ServiceHub/Services/Microsoft.Developer.IdentityService/Microsoft.VisualStudio.Services.WebApi.dll to C:\Program Files (x86)\Microsoft Visual Studio\2017\Community\Common7\ServiceHub\Services\Microsoft.Developer.IdentityService\Microsoft.VisualStudio.Services.WebApi.dll
[0b00:0004][2017-10-17T09:45:48] Completed: Copying file /Contents/Common7/ServiceHub/Services/Microsoft.Developer.IdentityService/Microsoft.VisualStudio.Services.WebApi.dll to C:\Program Files (x86)\Microsoft Visual Studio\2017\Community\Common7\ServiceHub\Services\Microsoft.Developer.IdentityService\Microsoft.VisualStudio.Services.WebApi.dll
[0b00:0004][2017-10-17T09:45:48] Timestamp updated for file 'C:\Program Files (x86)\Microsoft Visual Studio\2017\Community\Common7\ServiceHub\Services\Microsoft.Developer.IdentityService\Microsoft.VisualStudio.Services.WebApi.dll'.
[0b00:0004][2017-10-17T09:45:48] Processing file /Contents/Common7/ServiceHub/Services/Microsoft.Developer.IdentityService/Microsoft.VisualStudio.Threading.dll
[0b00:0004][2017-10-17T09:45:48] Started: Copying file /Contents/Common7/ServiceHub/Services/Microsoft.Developer.IdentityService/Microsoft.VisualStudio.Threading.dll to C:\Program Files (x86)\Microsoft Visual Studio\2017\Community\Common7\ServiceHub\Services\Microsoft.Developer.IdentityService\Microsoft.VisualStudio.Threading.dll
[0b00:0004][2017-10-17T09:45:48] Completed: Copying file /Contents/Common7/ServiceHub/Services/Microsoft.Developer.IdentityService/Microsoft.VisualStudio.Threading.dll to C:\Program Files (x86)\Microsoft Visual Studio\2017\Community\Common7\ServiceHub\Services\Microsoft.Developer.IdentityService\Microsoft.VisualStudio.Threading.dll
[0b00:0004][2017-10-17T09:45:48] Timestamp updated for file 'C:\Program Files (x86)\Microsoft Visual Studio\2017\Community\Common7\ServiceHub\Services\Microsoft.Developer.IdentityService\Microsoft.VisualStudio.Threading.dll'.
[0b00:0004][2017-10-17T09:45:48] Processing file /Contents/Common7/ServiceHub/Services/Microsoft.Developer.IdentityService/Microsoft.VisualStudio.Validation.dll
[0b00:0004][2017-10-17T09:45:48] Started: Copying file /Contents/Common7/ServiceHub/Services/Microsoft.Developer.IdentityService/Microsoft.VisualStudio.Validation.dll to C:\Program Files (x86)\Microsoft Visual Studio\2017\Community\Common7\ServiceHub\Services\Microsoft.Developer.IdentityService\Microsoft.VisualStudio.Validation.dll
[0b00:0004][2017-10-17T09:45:48] Completed: Copying file /Contents/Common7/ServiceHub/Services/Microsoft.Developer.IdentityService/Microsoft.VisualStudio.Validation.dll to C:\Program Files (x86)\Microsoft Visual Studio\2017\Community\Common7\ServiceHub\Services\Microsoft.Developer.IdentityService\Microsoft.VisualStudio.Validation.dll
[0b00:0004][2017-10-17T09:45:48] Timestamp updated for file 'C:\Program Files (x86)\Microsoft Visual Studio\2017\Community\Common7\ServiceHub\Services\Microsoft.Developer.IdentityService\Microsoft.VisualStudio.Validation.dll'.
[0b00:0004][2017-10-17T09:45:48] Processing file /Contents/Common7/ServiceHub/Services/Microsoft.Developer.IdentityService/Newtonsoft.Json.dll
[0b00:0004][2017-10-17T09:45:48] Started: Copying file /Contents/Common7/ServiceHub/Services/Microsoft.Developer.IdentityService/Newtonsoft.Json.dll to C:\Program Files (x86)\Microsoft Visual Studio\2017\Community\Common7\ServiceHub\Services\Microsoft.Developer.IdentityService\Newtonsoft.Json.dll
[0b00:0004][2017-10-17T09:45:48] Completed: Copying file /Contents/Common7/ServiceHub/Services/Microsoft.Developer.IdentityService/Newtonsoft.Json.dll to C:\Program Files (x86)\Microsoft Visual Studio\2017\Community\Common7\ServiceHub\Services\Microsoft.Developer.IdentityService\Newtonsoft.Json.dll
[0b00:0004][2017-10-17T09:45:48] Timestamp updated for file 'C:\Program Files (x86)\Microsoft Visual Studio\2017\Community\Common7\ServiceHub\Services\Microsoft.Developer.IdentityService\Newtonsoft.Json.dll'.
[0b00:0004][2017-10-17T09:45:48] Processing file /Contents/Common7/ServiceHub/Services/Microsoft.Developer.IdentityService/StreamJsonRpc.dll
[0b00:0004][2017-10-17T09:45:48] Started: Copying file /Contents/Common7/ServiceHub/Services/Microsoft.Developer.IdentityService/StreamJsonRpc.dll to C:\Program Files (x86)\Microsoft Visual Studio\2017\Community\Common7\ServiceHub\Services\Microsoft.Developer.IdentityService\StreamJsonRpc.dll
[0b00:0004][2017-10-17T09:45:48] Completed: Copying file /Contents/Common7/ServiceHub/Services/Microsoft.Developer.IdentityService/StreamJsonRpc.dll to C:\Program Files (x86)\Microsoft Visual Studio\2017\Community\Common7\ServiceHub\Services\Microsoft.Developer.IdentityService\StreamJsonRpc.dll
[0b00:0004][2017-10-17T09:45:48] Timestamp updated for file 'C:\Program Files (x86)\Microsoft Visual Studio\2017\Community\Common7\ServiceHub\Services\Microsoft.Developer.IdentityService\StreamJsonRpc.dll'.
[0b00:0004][2017-10-17T09:45:48] Processing file /Contents/Common7/ServiceHub/Services/Microsoft.Developer.IdentityService/System.Collections.Immutable.dll
[0b00:0004][2017-10-17T09:45:48] Started: Copying file /Contents/Common7/ServiceHub/Services/Microsoft.Developer.IdentityService/System.Collections.Immutable.dll to C:\Program Files (x86)\Microsoft Visual Studio\2017\Community\Common7\ServiceHub\Services\Microsoft.Developer.IdentityService\System.Collections.Immutable.dll
[0b00:0004][2017-10-17T09:45:48] Completed: Copying file /Contents/Common7/ServiceHub/Services/Microsoft.Developer.IdentityService/System.Collections.Immutable.dll to C:\Program Files (x86)\Microsoft Visual Studio\2017\Community\Common7\ServiceHub\Services\Microsoft.Developer.IdentityService\System.Collections.Immutable.dll
[0b00:0004][2017-10-17T09:45:48] Timestamp updated for file 'C:\Program Files (x86)\Microsoft Visual Studio\2017\Community\Common7\ServiceHub\Services\Microsoft.Developer.IdentityService\System.Collections.Immutable.dll'.
[0b00:0004][2017-10-17T09:45:48] Processing file /Contents/Common7/ServiceHub/Services/Microsoft.Developer.IdentityService/System.IdentityModel.Tokens.Jwt.dll
[0b00:0004][2017-10-17T09:45:48] Started: Copying file /Contents/Common7/ServiceHub/Services/Microsoft.Developer.IdentityService/System.IdentityModel.Tokens.Jwt.dll to C:\Program Files (x86)\Microsoft Visual Studio\2017\Community\Common7\ServiceHub\Services\Microsoft.Developer.IdentityService\System.IdentityModel.Tokens.Jwt.dll
[0b00:0004][2017-10-17T09:45:48] Completed: Copying file /Contents/Common7/ServiceHub/Services/Microsoft.Developer.IdentityService/System.IdentityModel.Tokens.Jwt.dll to C:\Program Files (x86)\Microsoft Visual Studio\2017\Community\Common7\ServiceHub\Services\Microsoft.Developer.IdentityService\System.IdentityModel.Tokens.Jwt.dll
[0b00:0004][2017-10-17T09:45:48] Timestamp updated for file 'C:\Program Files (x86)\Microsoft Visual Studio\2017\Community\Common7\ServiceHub\Services\Microsoft.Developer.IdentityService\System.IdentityModel.Tokens.Jwt.dll'.
[0b00:0004][2017-10-17T09:45:48] Processing file /Contents/Common7/ServiceHub/Services/Microsoft.Developer.IdentityService/System.Net.Http.Formatting.dll
[0b00:0004][2017-10-17T09:45:48] Started: Copying file /Contents/Common7/ServiceHub/Services/Microsoft.Developer.IdentityService/System.Net.Http.Formatting.dll to C:\Program Files (x86)\Microsoft Visual Studio\2017\Community\Common7\ServiceHub\Services\Microsoft.Developer.IdentityService\System.Net.Http.Formatting.dll
[0b00:0004][2017-10-17T09:45:48] Completed: Copying file /Contents/Common7/ServiceHub/Services/Microsoft.Developer.IdentityService/System.Net.Http.Formatting.dll to C:\Program Files (x86)\Microsoft Visual Studio\2017\Community\Common7\ServiceHub\Services\Microsoft.Developer.IdentityService\System.Net.Http.Formatting.dll
[0b00:0004][2017-10-17T09:45:48] Timestamp updated for file 'C:\Program Files (x86)\Microsoft Visual Studio\2017\Community\Common7\ServiceHub\Services\Microsoft.Developer.IdentityService\System.Net.Http.Formatting.dll'.
[0b00:0004][2017-10-17T09:45:48] Processing file /Contents/Common7/ServiceHub/Services/Microsoft.Developer.IdentityService/System.Spatial.dll
[0b00:0004][2017-10-17T09:45:48] Started: Copying file /Contents/Common7/ServiceHub/Services/Microsoft.Developer.IdentityService/System.Spatial.dll to C:\Program Files (x86)\Microsoft Visual Studio\2017\Community\Common7\ServiceHub\Services\Microsoft.Developer.IdentityService\System.Spatial.dll
[0b00:0004][2017-10-17T09:45:48] Completed: Copying file /Contents/Common7/ServiceHub/Services/Microsoft.Developer.IdentityService/System.Spatial.dll to C:\Program Files (x86)\Microsoft Visual Studio\2017\Community\Common7\ServiceHub\Services\Microsoft.Developer.IdentityService\System.Spatial.dll
[0b00:0004][2017-10-17T09:45:48] Timestamp updated for file 'C:\Program Files (x86)\Microsoft Visual Studio\2017\Community\Common7\ServiceHub\Services\Microsoft.Developer.IdentityService\System.Spatial.dll'.
[0b00:0004][2017-10-17T09:45:48] Processing file /Contents/Common7/ServiceHub/Services/Microsoft.Developer.Settings/Microsoft.Developer.Settings.dll
[0b00:0004][2017-10-17T09:45:48] Started: Copying file /Contents/Common7/ServiceHub/Services/Microsoft.Developer.Settings/Microsoft.Developer.Settings.dll to C:\Program Files (x86)\Microsoft Visual Studio\2017\Community\Common7\ServiceHub\Services\Microsoft.Developer.Settings\Microsoft.Developer.Settings.dll
[0b00:0004][2017-10-17T09:45:48] Completed: Copying file /Contents/Common7/ServiceHub/Services/Microsoft.Developer.Settings/Microsoft.Developer.Settings.dll to C:\Program Files (x86)\Microsoft Visual Studio\2017\Community\Common7\ServiceHub\Services\Microsoft.Developer.Settings\Microsoft.Developer.Settings.dll
[0b00:0004][2017-10-17T09:45:48] Timestamp updated for file 'C:\Program Files (x86)\Microsoft Visual Studio\2017\Community\Common7\ServiceHub\Services\Microsoft.Developer.Settings\Microsoft.Developer.Settings.dll'.
[0b00:0004][2017-10-17T09:45:48] Queueing C:\Program Files (x86)\Microsoft Visual Studio\2017\Community\Common7\ServiceHub\Services\Microsoft.Developer.Settings\Microsoft.Developer.Settings.dll for X86 ngen
[0b00:0004][2017-10-17T09:45:48] Successfully queued file '/Contents/Common7/ServiceHub/Services/Microsoft.Developer.Settings/Microsoft.Developer.Settings.dll' for ngen
[0b00:0004][2017-10-17T09:45:48] Processing file /Contents/Common7/ServiceHub/Services/Microsoft.Developer.Settings/Microsoft.Developer.Settings.dll.config
[0b00:0004][2017-10-17T09:45:48] Started: Copying file /Contents/Common7/ServiceHub/Services/Microsoft.Developer.Settings/Microsoft.Developer.Settings.dll.config to C:\Program Files (x86)\Microsoft Visual Studio\2017\Community\Common7\ServiceHub\Services\Microsoft.Developer.Settings\Microsoft.Developer.Settings.dll.config
[0b00:0004][2017-10-17T09:45:48] Completed: Copying file /Contents/Common7/ServiceHub/Services/Microsoft.Developer.Settings/Microsoft.Developer.Settings.dll.config to C:\Program Files (x86)\Microsoft Visual Studio\2017\Community\Common7\ServiceHub\Services\Microsoft.Developer.Settings\Microsoft.Developer.Settings.dll.config
[0b00:0004][2017-10-17T09:45:48] Timestamp updated for file 'C:\Program Files (x86)\Microsoft Visual Studio\2017\Community\Common7\ServiceHub\Services\Microsoft.Developer.Settings\Microsoft.Developer.Settings.dll.config'.
[0b00:0004][2017-10-17T09:45:48] Processing file /Contents/Common7/ServiceHub/Services/Microsoft.Developer.Settings/Microsoft.Developer.Settings.servicehub.service.json
[0b00:0004][2017-10-17T09:45:48] Started: Copying file /Contents/Common7/ServiceHub/Services/Microsoft.Developer.Settings/Microsoft.Developer.Settings.servicehub.service.json to C:\Program Files (x86)\Microsoft Visual Studio\2017\Community\Common7\ServiceHub\Services\Microsoft.Developer.Settings\Microsoft.Developer.Settings.servicehub.service.json
[0b00:0004][2017-10-17T09:45:48] Completed: Copying file /Contents/Common7/ServiceHub/Services/Microsoft.Developer.Settings/Microsoft.Developer.Settings.servicehub.service.json to C:\Program Files (x86)\Microsoft Visual Studio\2017\Community\Common7\ServiceHub\Services\Microsoft.Developer.Settings\Microsoft.Developer.Settings.servicehub.service.json
[0b00:0004][2017-10-17T09:45:48] Timestamp updated for file 'C:\Program Files (x86)\Microsoft Visual Studio\2017\Community\Common7\ServiceHub\Services\Microsoft.Developer.Settings\Microsoft.Developer.Settings.servicehub.service.json'.
[0b00:0004][2017-10-17T09:45:48] Processing file /Contents/Common7/ServiceHub/Services/Microsoft.Developer.Settings/msvcr110.dll
[0b00:0004][2017-10-17T09:45:48] Started: Copying file /Contents/Common7/ServiceHub/Services/Microsoft.Developer.Settings/msvcr110.dll to C:\Program Files (x86)\Microsoft Visual Studio\2017\Community\Common7\ServiceHub\Services\Microsoft.Developer.Settings\msvcr110.dll
[0b00:0004][2017-10-17T09:45:48] Completed: Copying file /Contents/Common7/ServiceHub/Services/Microsoft.Developer.Settings/msvcr110.dll to C:\Program Files (x86)\Microsoft Visual Studio\2017\Community\Common7\ServiceHub\Services\Microsoft.Developer.Settings\msvcr110.dll
[0b00:0004][2017-10-17T09:45:48] Timestamp updated for file 'C:\Program Files (x86)\Microsoft Visual Studio\2017\Community\Common7\ServiceHub\Services\Microsoft.Developer.Settings\msvcr110.dll'.
[0b00:0004][2017-10-17T09:45:48] Processing file /Contents/Common7/ServiceHub/Services/Microsoft.Developer.Settings/SQLite-net.dll
[0b00:0004][2017-10-17T09:45:48] Started: Copying file /Contents/Common7/ServiceHub/Services/Microsoft.Developer.Settings/SQLite-net.dll to C:\Program Files (x86)\Microsoft Visual Studio\2017\Community\Common7\ServiceHub\Services\Microsoft.Developer.Settings\SQLite-net.dll
[0b00:0004][2017-10-17T09:45:48] Completed: Copying file /Contents/Common7/ServiceHub/Services/Microsoft.Developer.Settings/SQLite-net.dll to C:\Program Files (x86)\Microsoft Visual Studio\2017\Community\Common7\ServiceHub\Services\Microsoft.Developer.Settings\SQLite-net.dll
[0b00:0004][2017-10-17T09:45:48] Timestamp updated for file 'C:\Program Files (x86)\Microsoft Visual Studio\2017\Community\Common7\ServiceHub\Services\Microsoft.Developer.Settings\SQLite-net.dll'.
[0b00:0004][2017-10-17T09:45:48] Processing file /Contents/Common7/ServiceHub/Services/Microsoft.Developer.Settings/sqlite3.dll
[0b00:0004][2017-10-17T09:45:48] Started: Copying file /Contents/Common7/ServiceHub/Services/Microsoft.Developer.Settings/sqlite3.dll to C:\Program Files (x86)\Microsoft Visual Studio\2017\Community\Common7\ServiceHub\Services\Microsoft.Developer.Settings\sqlite3.dll
[0b00:0004][2017-10-17T09:45:48] Completed: Copying file /Contents/Common7/ServiceHub/Services/Microsoft.Developer.Settings/sqlite3.dll to C:\Program Files (x86)\Microsoft Visual Studio\2017\Community\Common7\ServiceHub\Services\Microsoft.Developer.Settings\sqlite3.dll
[0b00:0004][2017-10-17T09:45:48] Timestamp updated for file 'C:\Program Files (x86)\Microsoft Visual Studio\2017\Community\Common7\ServiceHub\Services\Microsoft.Developer.Settings\sqlite3.dll'.
[0b00:0004][2017-10-17T09:45:48] Processing file /Contents/Common7/ServiceHub/Services/Microsoft.Developer.Settings/SQLitePCL.raw.dll
[0b00:0004][2017-10-17T09:45:48] Started: Copying file /Contents/Common7/ServiceHub/Services/Microsoft.Developer.Settings/SQLitePCL.raw.dll to C:\Program Files (x86)\Microsoft Visual Studio\2017\Community\Common7\ServiceHub\Services\Microsoft.Developer.Settings\SQLitePCL.raw.dll
[0b00:0004][2017-10-17T09:45:48] Completed: Copying file /Contents/Common7/ServiceHub/Services/Microsoft.Developer.Settings/SQLitePCL.raw.dll to C:\Program Files (x86)\Microsoft Visual Studio\2017\Community\Common7\ServiceHub\Services\Microsoft.Developer.Settings\SQLitePCL.raw.dll
[0b00:0004][2017-10-17T09:45:48] Timestamp updated for file 'C:\Program Files (x86)\Microsoft Visual Studio\2017\Community\Common7\ServiceHub\Services\Microsoft.Developer.Settings\SQLitePCL.raw.dll'.
[0b00:0004][2017-10-17T09:45:48] Package executed successfully. Return code: 0
