[0b00:0004][2017-10-17T09:49:42] Opening the package for processing
[0b00:0004][2017-10-17T09:49:42] Using package payload to get the embedded manifest
[0b00:0004][2017-10-17T09:49:42] Getting list of files within the package
[0b00:0004][2017-10-17T09:49:42] Processing file /Contents/Common7/IDE/ProjectTemplates/CSharp/.NET%20Core/1033/WebTemplateCore/WebTemplateCore.vstemplate
[0b00:0004][2017-10-17T09:49:42] Started: Copying file /Contents/Common7/IDE/ProjectTemplates/CSharp/.NET%20Core/1033/WebTemplateCore/WebTemplateCore.vstemplate to C:\Program Files (x86)\Microsoft Visual Studio\2017\Community\Common7\IDE\ProjectTemplates\CSharp\.NET Core\1033\WebTemplateCore\WebTemplateCore.vstemplate
[0b00:0004][2017-10-17T09:49:42] Completed: Copying file /Contents/Common7/IDE/ProjectTemplates/CSharp/.NET%20Core/1033/WebTemplateCore/WebTemplateCore.vstemplate to C:\Program Files (x86)\Microsoft Visual Studio\2017\Community\Common7\IDE\ProjectTemplates\CSharp\.NET Core\1033\WebTemplateCore\WebTemplateCore.vstemplate
[0b00:0004][2017-10-17T09:49:42] Timestamp updated for file 'C:\Program Files (x86)\Microsoft Visual Studio\2017\Community\Common7\IDE\ProjectTemplates\CSharp\.NET Core\1033\WebTemplateCore\WebTemplateCore.vstemplate'.
[0b00:0004][2017-10-17T09:49:42] Processing file /Contents/Common7/IDE/ProjectTemplates/CSharp/Cloud/1033/WebTemplateCore/WebTemplateCore.vstemplate
[0b00:0004][2017-10-17T09:49:42] Started: Copying file /Contents/Common7/IDE/ProjectTemplates/CSharp/Cloud/1033/WebTemplateCore/WebTemplateCore.vstemplate to C:\Program Files (x86)\Microsoft Visual Studio\2017\Community\Common7\IDE\ProjectTemplates\CSharp\Cloud\1033\WebTemplateCore\WebTemplateCore.vstemplate
[0b00:0004][2017-10-17T09:49:42] Completed: Copying file /Contents/Common7/IDE/ProjectTemplates/CSharp/Cloud/1033/WebTemplateCore/WebTemplateCore.vstemplate to C:\Program Files (x86)\Microsoft Visual Studio\2017\Community\Common7\IDE\ProjectTemplates\CSharp\Cloud\1033\WebTemplateCore\WebTemplateCore.vstemplate
[0b00:0004][2017-10-17T09:49:42] Timestamp updated for file 'C:\Program Files (x86)\Microsoft Visual Studio\2017\Community\Common7\IDE\ProjectTemplates\CSharp\Cloud\1033\WebTemplateCore\WebTemplateCore.vstemplate'.
[0b00:0004][2017-10-17T09:49:42] Processing file /Contents/Common7/IDE/ProjectTemplates/CSharp/Web/1033/WebTemplateCore/WebTemplateCore.vstemplate
[0b00:0004][2017-10-17T09:49:42] Started: Copying file /Contents/Common7/IDE/ProjectTemplates/CSharp/Web/1033/WebTemplateCore/WebTemplateCore.vstemplate to C:\Program Files (x86)\Microsoft Visual Studio\2017\Community\Common7\IDE\ProjectTemplates\CSharp\Web\1033\WebTemplateCore\WebTemplateCore.vstemplate
[0b00:0004][2017-10-17T09:49:42] Completed: Copying file /Contents/Common7/IDE/ProjectTemplates/CSharp/Web/1033/WebTemplateCore/WebTemplateCore.vstemplate to C:\Program Files (x86)\Microsoft Visual Studio\2017\Community\Common7\IDE\ProjectTemplates\CSharp\Web\1033\WebTemplateCore\WebTemplateCore.vstemplate
[0b00:0004][2017-10-17T09:49:42] Timestamp updated for file 'C:\Program Files (x86)\Microsoft Visual Studio\2017\Community\Common7\IDE\ProjectTemplates\CSharp\Web\1033\WebTemplateCore\WebTemplateCore.vstemplate'.
[0b00:0004][2017-10-17T09:49:42] Processing file /Contents/Common7/IDE/ProjectTemplates/CSharp/Web/1033/WebTemplateCoreFullFramework/WebTemplateCoreFullFramework.vstemplate
[0b00:0004][2017-10-17T09:49:42] Started: Copying file /Contents/Common7/IDE/ProjectTemplates/CSharp/Web/1033/WebTemplateCoreFullFramework/WebTemplateCoreFullFramework.vstemplate to C:\Program Files (x86)\Microsoft Visual Studio\2017\Community\Common7\IDE\ProjectTemplates\CSharp\Web\1033\WebTemplateCoreFullFramework\WebTemplateCoreFullFramework.vstemplate
[0b00:0004][2017-10-17T09:49:42] Completed: Copying file /Contents/Common7/IDE/ProjectTemplates/CSharp/Web/1033/WebTemplateCoreFullFramework/WebTemplateCoreFullFramework.vstemplate to C:\Program Files (x86)\Microsoft Visual Studio\2017\Community\Common7\IDE\ProjectTemplates\CSharp\Web\1033\WebTemplateCoreFullFramework\WebTemplateCoreFullFramework.vstemplate
[0b00:0004][2017-10-17T09:49:42] Timestamp updated for file 'C:\Program Files (x86)\Microsoft Visual Studio\2017\Community\Common7\IDE\ProjectTemplates\CSharp\Web\1033\WebTemplateCoreFullFramework\WebTemplateCoreFullFramework.vstemplate'.
[0b00:0004][2017-10-17T09:49:42] Processing file /contents/Common7/IDE/ProjectTemplates/Microsoft.VisualStudio.WebToolsExtensions.DotNet.ProjectTemplates.Project..vstman
[0b00:0004][2017-10-17T09:49:42] Started: Copying file /contents/Common7/IDE/ProjectTemplates/Microsoft.VisualStudio.WebToolsExtensions.DotNet.ProjectTemplates.Project..vstman to C:\Program Files (x86)\Microsoft Visual Studio\2017\Community\Common7\IDE\ProjectTemplates\Microsoft.VisualStudio.WebToolsExtensions.DotNet.ProjectTemplates.Project..vstman
[0b00:0004][2017-10-17T09:49:42] Completed: Copying file /contents/Common7/IDE/ProjectTemplates/Microsoft.VisualStudio.WebToolsExtensions.DotNet.ProjectTemplates.Project..vstman to C:\Program Files (x86)\Microsoft Visual Studio\2017\Community\Common7\IDE\ProjectTemplates\Microsoft.VisualStudio.WebToolsExtensions.DotNet.ProjectTemplates.Project..vstman
[0b00:0004][2017-10-17T09:49:42] Timestamp updated for file 'C:\Program Files (x86)\Microsoft Visual Studio\2017\Community\Common7\IDE\ProjectTemplates\Microsoft.VisualStudio.WebToolsExtensions.DotNet.ProjectTemplates.Project..vstman'.
[0b00:0004][2017-10-17T09:49:42] Package executed successfully. Return code: 0
