[0b00:0004][2017-10-17T09:46:33] Opening the package for processing
[0b00:0004][2017-10-17T09:46:33] Using package payload to get the embedded manifest
[0b00:0004][2017-10-17T09:46:33] Getting list of files within the package
[0b00:0004][2017-10-17T09:46:33] Processing file /Contents/Common7/IDE/CommonExtensions/Microsoft/ClientDiagnostics/MemoryProfiler/DataModel/MemoryProfilerAnalyzer.dll
[0b00:0004][2017-10-17T09:46:33] Started: Copying file /Contents/Common7/IDE/CommonExtensions/Microsoft/ClientDiagnostics/MemoryProfiler/DataModel/MemoryProfilerAnalyzer.dll to C:\Program Files (x86)\Microsoft Visual Studio\2017\Community\Common7\IDE\CommonExtensions\Microsoft\ClientDiagnostics\MemoryProfiler\DataModel\MemoryProfilerAnalyzer.dll
[0b00:0004][2017-10-17T09:46:33] Completed: Copying file /Contents/Common7/IDE/CommonExtensions/Microsoft/ClientDiagnostics/MemoryProfiler/DataModel/MemoryProfilerAnalyzer.dll to C:\Program Files (x86)\Microsoft Visual Studio\2017\Community\Common7\IDE\CommonExtensions\Microsoft\ClientDiagnostics\MemoryProfiler\DataModel\MemoryProfilerAnalyzer.dll
[0b00:0004][2017-10-17T09:46:33] Timestamp updated for file 'C:\Program Files (x86)\Microsoft Visual Studio\2017\Community\Common7\IDE\CommonExtensions\Microsoft\ClientDiagnostics\MemoryProfiler\DataModel\MemoryProfilerAnalyzer.dll'.
[0b00:0004][2017-10-17T09:46:33] Processing file /Contents/Common7/IDE/CommonExtensions/Microsoft/ClientDiagnostics/MemoryProfiler/DataModel/msdia140.dll
[0b00:0004][2017-10-17T09:46:33] Started: Copying file /Contents/Common7/IDE/CommonExtensions/Microsoft/ClientDiagnostics/MemoryProfiler/DataModel/msdia140.dll to C:\Program Files (x86)\Microsoft Visual Studio\2017\Community\Common7\IDE\CommonExtensions\Microsoft\ClientDiagnostics\MemoryProfiler\DataModel\msdia140.dll
[0b00:0004][2017-10-17T09:46:33] Completed: Copying file /Contents/Common7/IDE/CommonExtensions/Microsoft/ClientDiagnostics/MemoryProfiler/DataModel/msdia140.dll to C:\Program Files (x86)\Microsoft Visual Studio\2017\Community\Common7\IDE\CommonExtensions\Microsoft\ClientDiagnostics\MemoryProfiler\DataModel\msdia140.dll
[0b00:0004][2017-10-17T09:46:33] Timestamp updated for file 'C:\Program Files (x86)\Microsoft Visual Studio\2017\Community\Common7\IDE\CommonExtensions\Microsoft\ClientDiagnostics\MemoryProfiler\DataModel\msdia140.dll'.
[0b00:0004][2017-10-17T09:46:33] Processing file /Contents/Team%20Tools/DiagnosticsHub/Collector/Agents/MemoryProfilerCollectionAgent.dll
[0b00:0004][2017-10-17T09:46:33] Started: Copying file /Contents/Team%20Tools/DiagnosticsHub/Collector/Agents/MemoryProfilerCollectionAgent.dll to C:\Program Files (x86)\Microsoft Visual Studio\2017\Community\Team Tools\DiagnosticsHub\Collector\Agents\MemoryProfilerCollectionAgent.dll
[0b00:0004][2017-10-17T09:46:33] Completed: Copying file /Contents/Team%20Tools/DiagnosticsHub/Collector/Agents/MemoryProfilerCollectionAgent.dll to C:\Program Files (x86)\Microsoft Visual Studio\2017\Community\Team Tools\DiagnosticsHub\Collector\Agents\MemoryProfilerCollectionAgent.dll
[0b00:0004][2017-10-17T09:46:33] Timestamp updated for file 'C:\Program Files (x86)\Microsoft Visual Studio\2017\Community\Team Tools\DiagnosticsHub\Collector\Agents\MemoryProfilerCollectionAgent.dll'.
[0b00:0004][2017-10-17T09:46:33] Processing file /Contents/Team%20Tools/DiagnosticsHub/Collector/Agents/NativeMemoryCollectionAgent.dll
[0b00:0004][2017-10-17T09:46:33] Started: Copying file /Contents/Team%20Tools/DiagnosticsHub/Collector/Agents/NativeMemoryCollectionAgent.dll to C:\Program Files (x86)\Microsoft Visual Studio\2017\Community\Team Tools\DiagnosticsHub\Collector\Agents\NativeMemoryCollectionAgent.dll
[0b00:0004][2017-10-17T09:46:33] Completed: Copying file /Contents/Team%20Tools/DiagnosticsHub/Collector/Agents/NativeMemoryCollectionAgent.dll to C:\Program Files (x86)\Microsoft Visual Studio\2017\Community\Team Tools\DiagnosticsHub\Collector\Agents\NativeMemoryCollectionAgent.dll
[0b00:0004][2017-10-17T09:46:33] Timestamp updated for file 'C:\Program Files (x86)\Microsoft Visual Studio\2017\Community\Team Tools\DiagnosticsHub\Collector\Agents\NativeMemoryCollectionAgent.dll'.
[0b00:0004][2017-10-17T09:46:33] Package executed successfully. Return code: 0
