[0b00:0004][2017-10-17T09:47:33] Opening the package for processing
[0b00:0004][2017-10-17T09:47:33] Using package payload to get the embedded manifest
[0b00:0004][2017-10-17T09:47:33] Getting list of files within the package
[0b00:0004][2017-10-17T09:47:33] Processing file /Contents/Common7/IDE/ItemTemplates/CSharp/1033/AppConfigInternal/App.config
[0b00:0004][2017-10-17T09:47:33] Started: Copying file /Contents/Common7/IDE/ItemTemplates/CSharp/1033/AppConfigInternal/App.config to C:\Program Files (x86)\Microsoft Visual Studio\2017\Community\Common7\IDE\ItemTemplates\CSharp\1033\AppConfigInternal\App.config
[0b00:0004][2017-10-17T09:47:33] Completed: Copying file /Contents/Common7/IDE/ItemTemplates/CSharp/1033/AppConfigInternal/App.config to C:\Program Files (x86)\Microsoft Visual Studio\2017\Community\Common7\IDE\ItemTemplates\CSharp\1033\AppConfigInternal\App.config
[0b00:0004][2017-10-17T09:47:33] Timestamp updated for file 'C:\Program Files (x86)\Microsoft Visual Studio\2017\Community\Common7\IDE\ItemTemplates\CSharp\1033\AppConfigInternal\App.config'.
[0b00:0004][2017-10-17T09:47:33] Processing file /Contents/Common7/IDE/ItemTemplates/CSharp/1033/AppConfigInternal/App.vstemplate
[0b00:0004][2017-10-17T09:47:33] Started: Copying file /Contents/Common7/IDE/ItemTemplates/CSharp/1033/AppConfigInternal/App.vstemplate to C:\Program Files (x86)\Microsoft Visual Studio\2017\Community\Common7\IDE\ItemTemplates\CSharp\1033\AppConfigInternal\App.vstemplate
[0b00:0004][2017-10-17T09:47:33] Completed: Copying file /Contents/Common7/IDE/ItemTemplates/CSharp/1033/AppConfigInternal/App.vstemplate to C:\Program Files (x86)\Microsoft Visual Studio\2017\Community\Common7\IDE\ItemTemplates\CSharp\1033\AppConfigInternal\App.vstemplate
[0b00:0004][2017-10-17T09:47:33] Timestamp updated for file 'C:\Program Files (x86)\Microsoft Visual Studio\2017\Community\Common7\IDE\ItemTemplates\CSharp\1033\AppConfigInternal\App.vstemplate'.
[0b00:0004][2017-10-17T09:47:33] Processing file /Contents/Common7/IDE/ItemTemplates/CSharp/Code/1033/Class/Class.cs
[0b00:0004][2017-10-17T09:47:33] Started: Copying file /Contents/Common7/IDE/ItemTemplates/CSharp/Code/1033/Class/Class.cs to C:\Program Files (x86)\Microsoft Visual Studio\2017\Community\Common7\IDE\ItemTemplates\CSharp\Code\1033\Class\Class.cs
[0b00:0004][2017-10-17T09:47:33] Completed: Copying file /Contents/Common7/IDE/ItemTemplates/CSharp/Code/1033/Class/Class.cs to C:\Program Files (x86)\Microsoft Visual Studio\2017\Community\Common7\IDE\ItemTemplates\CSharp\Code\1033\Class\Class.cs
[0b00:0004][2017-10-17T09:47:33] Timestamp updated for file 'C:\Program Files (x86)\Microsoft Visual Studio\2017\Community\Common7\IDE\ItemTemplates\CSharp\Code\1033\Class\Class.cs'.
[0b00:0004][2017-10-17T09:47:33] Processing file /Contents/Common7/IDE/ItemTemplates/CSharp/Code/1033/Class/Class.vstemplate
[0b00:0004][2017-10-17T09:47:33] Started: Copying file /Contents/Common7/IDE/ItemTemplates/CSharp/Code/1033/Class/Class.vstemplate to C:\Program Files (x86)\Microsoft Visual Studio\2017\Community\Common7\IDE\ItemTemplates\CSharp\Code\1033\Class\Class.vstemplate
[0b00:0004][2017-10-17T09:47:33] Completed: Copying file /Contents/Common7/IDE/ItemTemplates/CSharp/Code/1033/Class/Class.vstemplate to C:\Program Files (x86)\Microsoft Visual Studio\2017\Community\Common7\IDE\ItemTemplates\CSharp\Code\1033\Class\Class.vstemplate
[0b00:0004][2017-10-17T09:47:33] Timestamp updated for file 'C:\Program Files (x86)\Microsoft Visual Studio\2017\Community\Common7\IDE\ItemTemplates\CSharp\Code\1033\Class\Class.vstemplate'.
[0b00:0004][2017-10-17T09:47:33] Processing file /Contents/Common7/IDE/ItemTemplates/CSharp/Code/1033/CodeFile/CodeFile.cs
[0b00:0004][2017-10-17T09:47:33] Started: Copying file /Contents/Common7/IDE/ItemTemplates/CSharp/Code/1033/CodeFile/CodeFile.cs to C:\Program Files (x86)\Microsoft Visual Studio\2017\Community\Common7\IDE\ItemTemplates\CSharp\Code\1033\CodeFile\CodeFile.cs
[0b00:0004][2017-10-17T09:47:33] Completed: Copying file /Contents/Common7/IDE/ItemTemplates/CSharp/Code/1033/CodeFile/CodeFile.cs to C:\Program Files (x86)\Microsoft Visual Studio\2017\Community\Common7\IDE\ItemTemplates\CSharp\Code\1033\CodeFile\CodeFile.cs
[0b00:0004][2017-10-17T09:47:33] Timestamp updated for file 'C:\Program Files (x86)\Microsoft Visual Studio\2017\Community\Common7\IDE\ItemTemplates\CSharp\Code\1033\CodeFile\CodeFile.cs'.
[0b00:0004][2017-10-17T09:47:33] Processing file /Contents/Common7/IDE/ItemTemplates/CSharp/Code/1033/CodeFile/CodeFile.vstemplate
[0b00:0004][2017-10-17T09:47:33] Started: Copying file /Contents/Common7/IDE/ItemTemplates/CSharp/Code/1033/CodeFile/CodeFile.vstemplate to C:\Program Files (x86)\Microsoft Visual Studio\2017\Community\Common7\IDE\ItemTemplates\CSharp\Code\1033\CodeFile\CodeFile.vstemplate
[0b00:0004][2017-10-17T09:47:33] Completed: Copying file /Contents/Common7/IDE/ItemTemplates/CSharp/Code/1033/CodeFile/CodeFile.vstemplate to C:\Program Files (x86)\Microsoft Visual Studio\2017\Community\Common7\IDE\ItemTemplates\CSharp\Code\1033\CodeFile\CodeFile.vstemplate
[0b00:0004][2017-10-17T09:47:33] Timestamp updated for file 'C:\Program Files (x86)\Microsoft Visual Studio\2017\Community\Common7\IDE\ItemTemplates\CSharp\Code\1033\CodeFile\CodeFile.vstemplate'.
[0b00:0004][2017-10-17T09:47:33] Processing file /Contents/Common7/IDE/ItemTemplates/CSharp/Code/1033/Interface/Interface.cs
[0b00:0004][2017-10-17T09:47:33] Started: Copying file /Contents/Common7/IDE/ItemTemplates/CSharp/Code/1033/Interface/Interface.cs to C:\Program Files (x86)\Microsoft Visual Studio\2017\Community\Common7\IDE\ItemTemplates\CSharp\Code\1033\Interface\Interface.cs
[0b00:0004][2017-10-17T09:47:33] Completed: Copying file /Contents/Common7/IDE/ItemTemplates/CSharp/Code/1033/Interface/Interface.cs to C:\Program Files (x86)\Microsoft Visual Studio\2017\Community\Common7\IDE\ItemTemplates\CSharp\Code\1033\Interface\Interface.cs
[0b00:0004][2017-10-17T09:47:33] Timestamp updated for file 'C:\Program Files (x86)\Microsoft Visual Studio\2017\Community\Common7\IDE\ItemTemplates\CSharp\Code\1033\Interface\Interface.cs'.
[0b00:0004][2017-10-17T09:47:33] Processing file /Contents/Common7/IDE/ItemTemplates/CSharp/Code/1033/Interface/Interface.vstemplate
[0b00:0004][2017-10-17T09:47:33] Started: Copying file /Contents/Common7/IDE/ItemTemplates/CSharp/Code/1033/Interface/Interface.vstemplate to C:\Program Files (x86)\Microsoft Visual Studio\2017\Community\Common7\IDE\ItemTemplates\CSharp\Code\1033\Interface\Interface.vstemplate
[0b00:0004][2017-10-17T09:47:33] Completed: Copying file /Contents/Common7/IDE/ItemTemplates/CSharp/Code/1033/Interface/Interface.vstemplate to C:\Program Files (x86)\Microsoft Visual Studio\2017\Community\Common7\IDE\ItemTemplates\CSharp\Code\1033\Interface\Interface.vstemplate
[0b00:0004][2017-10-17T09:47:33] Timestamp updated for file 'C:\Program Files (x86)\Microsoft Visual Studio\2017\Community\Common7\IDE\ItemTemplates\CSharp\Code\1033\Interface\Interface.vstemplate'.
[0b00:0004][2017-10-17T09:47:33] Processing file /Contents/Common7/IDE/ItemTemplates/CSharp/Data/1033/XMLFile/XMLFile.vstemplate
[0b00:0004][2017-10-17T09:47:33] Started: Copying file /Contents/Common7/IDE/ItemTemplates/CSharp/Data/1033/XMLFile/XMLFile.vstemplate to C:\Program Files (x86)\Microsoft Visual Studio\2017\Community\Common7\IDE\ItemTemplates\CSharp\Data\1033\XMLFile\XMLFile.vstemplate
[0b00:0004][2017-10-17T09:47:33] Completed: Copying file /Contents/Common7/IDE/ItemTemplates/CSharp/Data/1033/XMLFile/XMLFile.vstemplate to C:\Program Files (x86)\Microsoft Visual Studio\2017\Community\Common7\IDE\ItemTemplates\CSharp\Data\1033\XMLFile\XMLFile.vstemplate
[0b00:0004][2017-10-17T09:47:33] Timestamp updated for file 'C:\Program Files (x86)\Microsoft Visual Studio\2017\Community\Common7\IDE\ItemTemplates\CSharp\Data\1033\XMLFile\XMLFile.vstemplate'.
[0b00:0004][2017-10-17T09:47:33] Processing file /Contents/Common7/IDE/ItemTemplates/CSharp/Data/1033/XMLFile/XMLFile.xml
[0b00:0004][2017-10-17T09:47:33] Started: Copying file /Contents/Common7/IDE/ItemTemplates/CSharp/Data/1033/XMLFile/XMLFile.xml to C:\Program Files (x86)\Microsoft Visual Studio\2017\Community\Common7\IDE\ItemTemplates\CSharp\Data\1033\XMLFile\XMLFile.xml
[0b00:0004][2017-10-17T09:47:33] Completed: Copying file /Contents/Common7/IDE/ItemTemplates/CSharp/Data/1033/XMLFile/XMLFile.xml to C:\Program Files (x86)\Microsoft Visual Studio\2017\Community\Common7\IDE\ItemTemplates\CSharp\Data\1033\XMLFile\XMLFile.xml
[0b00:0004][2017-10-17T09:47:33] Timestamp updated for file 'C:\Program Files (x86)\Microsoft Visual Studio\2017\Community\Common7\IDE\ItemTemplates\CSharp\Data\1033\XMLFile\XMLFile.xml'.
[0b00:0004][2017-10-17T09:47:33] Processing file /Contents/Common7/IDE/ItemTemplates/CSharp/Data/1033/XMLSchema/XMLSchema.vstemplate
[0b00:0004][2017-10-17T09:47:33] Started: Copying file /Contents/Common7/IDE/ItemTemplates/CSharp/Data/1033/XMLSchema/XMLSchema.vstemplate to C:\Program Files (x86)\Microsoft Visual Studio\2017\Community\Common7\IDE\ItemTemplates\CSharp\Data\1033\XMLSchema\XMLSchema.vstemplate
[0b00:0004][2017-10-17T09:47:33] Completed: Copying file /Contents/Common7/IDE/ItemTemplates/CSharp/Data/1033/XMLSchema/XMLSchema.vstemplate to C:\Program Files (x86)\Microsoft Visual Studio\2017\Community\Common7\IDE\ItemTemplates\CSharp\Data\1033\XMLSchema\XMLSchema.vstemplate
[0b00:0004][2017-10-17T09:47:33] Timestamp updated for file 'C:\Program Files (x86)\Microsoft Visual Studio\2017\Community\Common7\IDE\ItemTemplates\CSharp\Data\1033\XMLSchema\XMLSchema.vstemplate'.
[0b00:0004][2017-10-17T09:47:33] Processing file /Contents/Common7/IDE/ItemTemplates/CSharp/Data/1033/XMLSchema/XMLSchema.xsd
[0b00:0004][2017-10-17T09:47:33] Started: Copying file /Contents/Common7/IDE/ItemTemplates/CSharp/Data/1033/XMLSchema/XMLSchema.xsd to C:\Program Files (x86)\Microsoft Visual Studio\2017\Community\Common7\IDE\ItemTemplates\CSharp\Data\1033\XMLSchema\XMLSchema.xsd
[0b00:0004][2017-10-17T09:47:33] Completed: Copying file /Contents/Common7/IDE/ItemTemplates/CSharp/Data/1033/XMLSchema/XMLSchema.xsd to C:\Program Files (x86)\Microsoft Visual Studio\2017\Community\Common7\IDE\ItemTemplates\CSharp\Data\1033\XMLSchema\XMLSchema.xsd
[0b00:0004][2017-10-17T09:47:33] Timestamp updated for file 'C:\Program Files (x86)\Microsoft Visual Studio\2017\Community\Common7\IDE\ItemTemplates\CSharp\Data\1033\XMLSchema\XMLSchema.xsd'.
[0b00:0004][2017-10-17T09:47:33] Processing file /Contents/Common7/IDE/ItemTemplates/CSharp/Data/1033/XSLTFile/XSLTFile.vstemplate
[0b00:0004][2017-10-17T09:47:33] Started: Copying file /Contents/Common7/IDE/ItemTemplates/CSharp/Data/1033/XSLTFile/XSLTFile.vstemplate to C:\Program Files (x86)\Microsoft Visual Studio\2017\Community\Common7\IDE\ItemTemplates\CSharp\Data\1033\XSLTFile\XSLTFile.vstemplate
[0b00:0004][2017-10-17T09:47:33] Completed: Copying file /Contents/Common7/IDE/ItemTemplates/CSharp/Data/1033/XSLTFile/XSLTFile.vstemplate to C:\Program Files (x86)\Microsoft Visual Studio\2017\Community\Common7\IDE\ItemTemplates\CSharp\Data\1033\XSLTFile\XSLTFile.vstemplate
[0b00:0004][2017-10-17T09:47:33] Timestamp updated for file 'C:\Program Files (x86)\Microsoft Visual Studio\2017\Community\Common7\IDE\ItemTemplates\CSharp\Data\1033\XSLTFile\XSLTFile.vstemplate'.
[0b00:0004][2017-10-17T09:47:33] Processing file /Contents/Common7/IDE/ItemTemplates/CSharp/Data/1033/XSLTFile/XSLTFile.xslt
[0b00:0004][2017-10-17T09:47:33] Started: Copying file /Contents/Common7/IDE/ItemTemplates/CSharp/Data/1033/XSLTFile/XSLTFile.xslt to C:\Program Files (x86)\Microsoft Visual Studio\2017\Community\Common7\IDE\ItemTemplates\CSharp\Data\1033\XSLTFile\XSLTFile.xslt
[0b00:0004][2017-10-17T09:47:33] Completed: Copying file /Contents/Common7/IDE/ItemTemplates/CSharp/Data/1033/XSLTFile/XSLTFile.xslt to C:\Program Files (x86)\Microsoft Visual Studio\2017\Community\Common7\IDE\ItemTemplates\CSharp\Data\1033\XSLTFile\XSLTFile.xslt
[0b00:0004][2017-10-17T09:47:33] Timestamp updated for file 'C:\Program Files (x86)\Microsoft Visual Studio\2017\Community\Common7\IDE\ItemTemplates\CSharp\Data\1033\XSLTFile\XSLTFile.xslt'.
[0b00:0004][2017-10-17T09:47:33] Processing file /Contents/Common7/IDE/ItemTemplates/CSharp/General/1033/TextFile/TextFile.txt
[0b00:0004][2017-10-17T09:47:33] Started: Copying file /Contents/Common7/IDE/ItemTemplates/CSharp/General/1033/TextFile/TextFile.txt to C:\Program Files (x86)\Microsoft Visual Studio\2017\Community\Common7\IDE\ItemTemplates\CSharp\General\1033\TextFile\TextFile.txt
[0b00:0004][2017-10-17T09:47:33] Completed: Copying file /Contents/Common7/IDE/ItemTemplates/CSharp/General/1033/TextFile/TextFile.txt to C:\Program Files (x86)\Microsoft Visual Studio\2017\Community\Common7\IDE\ItemTemplates\CSharp\General\1033\TextFile\TextFile.txt
[0b00:0004][2017-10-17T09:47:33] Timestamp updated for file 'C:\Program Files (x86)\Microsoft Visual Studio\2017\Community\Common7\IDE\ItemTemplates\CSharp\General\1033\TextFile\TextFile.txt'.
[0b00:0004][2017-10-17T09:47:33] Processing file /Contents/Common7/IDE/ItemTemplates/CSharp/General/1033/TextFile/TextFile.vstemplate
[0b00:0004][2017-10-17T09:47:33] Started: Copying file /Contents/Common7/IDE/ItemTemplates/CSharp/General/1033/TextFile/TextFile.vstemplate to C:\Program Files (x86)\Microsoft Visual Studio\2017\Community\Common7\IDE\ItemTemplates\CSharp\General\1033\TextFile\TextFile.vstemplate
[0b00:0004][2017-10-17T09:47:33] Completed: Copying file /Contents/Common7/IDE/ItemTemplates/CSharp/General/1033/TextFile/TextFile.vstemplate to C:\Program Files (x86)\Microsoft Visual Studio\2017\Community\Common7\IDE\ItemTemplates\CSharp\General\1033\TextFile\TextFile.vstemplate
[0b00:0004][2017-10-17T09:47:33] Timestamp updated for file 'C:\Program Files (x86)\Microsoft Visual Studio\2017\Community\Common7\IDE\ItemTemplates\CSharp\General\1033\TextFile\TextFile.vstemplate'.
[0b00:0004][2017-10-17T09:47:33] Processing file /Contents/Common7/IDE/ItemTemplates/CSharp/General/1033/WinScript/WinScript.vstemplate
[0b00:0004][2017-10-17T09:47:33] Started: Copying file /Contents/Common7/IDE/ItemTemplates/CSharp/General/1033/WinScript/WinScript.vstemplate to C:\Program Files (x86)\Microsoft Visual Studio\2017\Community\Common7\IDE\ItemTemplates\CSharp\General\1033\WinScript\WinScript.vstemplate
[0b00:0004][2017-10-17T09:47:33] Completed: Copying file /Contents/Common7/IDE/ItemTemplates/CSharp/General/1033/WinScript/WinScript.vstemplate to C:\Program Files (x86)\Microsoft Visual Studio\2017\Community\Common7\IDE\ItemTemplates\CSharp\General\1033\WinScript\WinScript.vstemplate
[0b00:0004][2017-10-17T09:47:33] Timestamp updated for file 'C:\Program Files (x86)\Microsoft Visual Studio\2017\Community\Common7\IDE\ItemTemplates\CSharp\General\1033\WinScript\WinScript.vstemplate'.
[0b00:0004][2017-10-17T09:47:33] Processing file /Contents/Common7/IDE/ItemTemplates/CSharp/General/1033/WinScript/WinScript.wsf
[0b00:0004][2017-10-17T09:47:33] Started: Copying file /Contents/Common7/IDE/ItemTemplates/CSharp/General/1033/WinScript/WinScript.wsf to C:\Program Files (x86)\Microsoft Visual Studio\2017\Community\Common7\IDE\ItemTemplates\CSharp\General\1033\WinScript\WinScript.wsf
[0b00:0004][2017-10-17T09:47:33] Completed: Copying file /Contents/Common7/IDE/ItemTemplates/CSharp/General/1033/WinScript/WinScript.wsf to C:\Program Files (x86)\Microsoft Visual Studio\2017\Community\Common7\IDE\ItemTemplates\CSharp\General\1033\WinScript\WinScript.wsf
[0b00:0004][2017-10-17T09:47:33] Timestamp updated for file 'C:\Program Files (x86)\Microsoft Visual Studio\2017\Community\Common7\IDE\ItemTemplates\CSharp\General\1033\WinScript\WinScript.wsf'.
[0b00:0004][2017-10-17T09:47:33] Processing file /contents/Common7/IDE/ItemTemplates/Microsoft.VisualStudio.Templates.CS.Shared.Resources.en-US.Item..vstman
[0b00:0004][2017-10-17T09:47:33] Started: Copying file /contents/Common7/IDE/ItemTemplates/Microsoft.VisualStudio.Templates.CS.Shared.Resources.en-US.Item..vstman to C:\Program Files (x86)\Microsoft Visual Studio\2017\Community\Common7\IDE\ItemTemplates\Microsoft.VisualStudio.Templates.CS.Shared.Resources.en-US.Item..vstman
[0b00:0004][2017-10-17T09:47:33] Completed: Copying file /contents/Common7/IDE/ItemTemplates/Microsoft.VisualStudio.Templates.CS.Shared.Resources.en-US.Item..vstman to C:\Program Files (x86)\Microsoft Visual Studio\2017\Community\Common7\IDE\ItemTemplates\Microsoft.VisualStudio.Templates.CS.Shared.Resources.en-US.Item..vstman
[0b00:0004][2017-10-17T09:47:33] Timestamp updated for file 'C:\Program Files (x86)\Microsoft Visual Studio\2017\Community\Common7\IDE\ItemTemplates\Microsoft.VisualStudio.Templates.CS.Shared.Resources.en-US.Item..vstman'.
[0b00:0004][2017-10-17T09:47:33] Processing file /Contents/Common7/IDE/ProjectTemplates/CSharp/1033/SharedProject/SharedProject.projitems
[0b00:0004][2017-10-17T09:47:33] Started: Copying file /Contents/Common7/IDE/ProjectTemplates/CSharp/1033/SharedProject/SharedProject.projitems to C:\Program Files (x86)\Microsoft Visual Studio\2017\Community\Common7\IDE\ProjectTemplates\CSharp\1033\SharedProject\SharedProject.projitems
[0b00:0004][2017-10-17T09:47:33] Completed: Copying file /Contents/Common7/IDE/ProjectTemplates/CSharp/1033/SharedProject/SharedProject.projitems to C:\Program Files (x86)\Microsoft Visual Studio\2017\Community\Common7\IDE\ProjectTemplates\CSharp\1033\SharedProject\SharedProject.projitems
[0b00:0004][2017-10-17T09:47:33] Timestamp updated for file 'C:\Program Files (x86)\Microsoft Visual Studio\2017\Community\Common7\IDE\ProjectTemplates\CSharp\1033\SharedProject\SharedProject.projitems'.
[0b00:0004][2017-10-17T09:47:33] Processing file /Contents/Common7/IDE/ProjectTemplates/CSharp/1033/SharedProject/SharedProject.shproj
[0b00:0004][2017-10-17T09:47:33] Started: Copying file /Contents/Common7/IDE/ProjectTemplates/CSharp/1033/SharedProject/SharedProject.shproj to C:\Program Files (x86)\Microsoft Visual Studio\2017\Community\Common7\IDE\ProjectTemplates\CSharp\1033\SharedProject\SharedProject.shproj
[0b00:0004][2017-10-17T09:47:33] Completed: Copying file /Contents/Common7/IDE/ProjectTemplates/CSharp/1033/SharedProject/SharedProject.shproj to C:\Program Files (x86)\Microsoft Visual Studio\2017\Community\Common7\IDE\ProjectTemplates\CSharp\1033\SharedProject\SharedProject.shproj
[0b00:0004][2017-10-17T09:47:33] Timestamp updated for file 'C:\Program Files (x86)\Microsoft Visual Studio\2017\Community\Common7\IDE\ProjectTemplates\CSharp\1033\SharedProject\SharedProject.shproj'.
[0b00:0004][2017-10-17T09:47:33] Processing file /Contents/Common7/IDE/ProjectTemplates/CSharp/1033/SharedProject/SharedProject.vstemplate
[0b00:0004][2017-10-17T09:47:33] Started: Copying file /Contents/Common7/IDE/ProjectTemplates/CSharp/1033/SharedProject/SharedProject.vstemplate to C:\Program Files (x86)\Microsoft Visual Studio\2017\Community\Common7\IDE\ProjectTemplates\CSharp\1033\SharedProject\SharedProject.vstemplate
[0b00:0004][2017-10-17T09:47:33] Completed: Copying file /Contents/Common7/IDE/ProjectTemplates/CSharp/1033/SharedProject/SharedProject.vstemplate to C:\Program Files (x86)\Microsoft Visual Studio\2017\Community\Common7\IDE\ProjectTemplates\CSharp\1033\SharedProject\SharedProject.vstemplate
[0b00:0004][2017-10-17T09:47:33] Timestamp updated for file 'C:\Program Files (x86)\Microsoft Visual Studio\2017\Community\Common7\IDE\ProjectTemplates\CSharp\1033\SharedProject\SharedProject.vstemplate'.
[0b00:0004][2017-10-17T09:47:33] Processing file /contents/Common7/IDE/ProjectTemplates/Microsoft.VisualStudio.Templates.CS.Shared.Resources.en-US.Project..vstman
[0b00:0004][2017-10-17T09:47:33] Started: Copying file /contents/Common7/IDE/ProjectTemplates/Microsoft.VisualStudio.Templates.CS.Shared.Resources.en-US.Project..vstman to C:\Program Files (x86)\Microsoft Visual Studio\2017\Community\Common7\IDE\ProjectTemplates\Microsoft.VisualStudio.Templates.CS.Shared.Resources.en-US.Project..vstman
[0b00:0004][2017-10-17T09:47:33] Completed: Copying file /contents/Common7/IDE/ProjectTemplates/Microsoft.VisualStudio.Templates.CS.Shared.Resources.en-US.Project..vstman to C:\Program Files (x86)\Microsoft Visual Studio\2017\Community\Common7\IDE\ProjectTemplates\Microsoft.VisualStudio.Templates.CS.Shared.Resources.en-US.Project..vstman
[0b00:0004][2017-10-17T09:47:33] Timestamp updated for file 'C:\Program Files (x86)\Microsoft Visual Studio\2017\Community\Common7\IDE\ProjectTemplates\Microsoft.VisualStudio.Templates.CS.Shared.Resources.en-US.Project..vstman'.
[0b00:0004][2017-10-17T09:47:33] Package executed successfully. Return code: 0
