[0b00:0004][2017-10-17T09:46:58] Opening the package for processing
[0b00:0004][2017-10-17T09:46:58] Using package payload to get the embedded manifest
[0b00:0004][2017-10-17T09:46:58] Getting list of files within the package
[0b00:0004][2017-10-17T09:46:58] Processing file /Contents/Common7/IDE/Extensions/Microsoft/Publish/extension.vsixmanifest
[0b00:0004][2017-10-17T09:46:58] Started: Copying file /Contents/Common7/IDE/Extensions/Microsoft/Publish/extension.vsixmanifest to C:\Program Files (x86)\Microsoft Visual Studio\2017\Community\Common7\IDE\Extensions\Microsoft\Publish\extension.vsixmanifest
[0b00:0004][2017-10-17T09:46:58] Completed: Copying file /Contents/Common7/IDE/Extensions/Microsoft/Publish/extension.vsixmanifest to C:\Program Files (x86)\Microsoft Visual Studio\2017\Community\Common7\IDE\Extensions\Microsoft\Publish\extension.vsixmanifest
[0b00:0004][2017-10-17T09:46:58] Timestamp updated for file 'C:\Program Files (x86)\Microsoft Visual Studio\2017\Community\Common7\IDE\Extensions\Microsoft\Publish\extension.vsixmanifest'.
[0b00:0004][2017-10-17T09:46:58] Processing file /Contents/Common7/IDE/Extensions/Microsoft/Publish/Microsoft.VisualStudio.ApplicationCapabilities.Publish.Contracts.dll
[0b00:0004][2017-10-17T09:46:58] Started: Copying file /Contents/Common7/IDE/Extensions/Microsoft/Publish/Microsoft.VisualStudio.ApplicationCapabilities.Publish.Contracts.dll to C:\Program Files (x86)\Microsoft Visual Studio\2017\Community\Common7\IDE\Extensions\Microsoft\Publish\Microsoft.VisualStudio.ApplicationCapabilities.Publish.Contracts.dll
[0b00:0004][2017-10-17T09:46:58] Completed: Copying file /Contents/Common7/IDE/Extensions/Microsoft/Publish/Microsoft.VisualStudio.ApplicationCapabilities.Publish.Contracts.dll to C:\Program Files (x86)\Microsoft Visual Studio\2017\Community\Common7\IDE\Extensions\Microsoft\Publish\Microsoft.VisualStudio.ApplicationCapabilities.Publish.Contracts.dll
[0b00:0004][2017-10-17T09:46:58] Timestamp updated for file 'C:\Program Files (x86)\Microsoft Visual Studio\2017\Community\Common7\IDE\Extensions\Microsoft\Publish\Microsoft.VisualStudio.ApplicationCapabilities.Publish.Contracts.dll'.
[0b00:0004][2017-10-17T09:46:58] Processing file /Contents/Common7/IDE/Extensions/Microsoft/Publish/Microsoft.VisualStudio.ApplicationCapabilities.Publish.dll
[0b00:0004][2017-10-17T09:46:58] Started: Copying file /Contents/Common7/IDE/Extensions/Microsoft/Publish/Microsoft.VisualStudio.ApplicationCapabilities.Publish.dll to C:\Program Files (x86)\Microsoft Visual Studio\2017\Community\Common7\IDE\Extensions\Microsoft\Publish\Microsoft.VisualStudio.ApplicationCapabilities.Publish.dll
[0b00:0004][2017-10-17T09:46:58] Completed: Copying file /Contents/Common7/IDE/Extensions/Microsoft/Publish/Microsoft.VisualStudio.ApplicationCapabilities.Publish.dll to C:\Program Files (x86)\Microsoft Visual Studio\2017\Community\Common7\IDE\Extensions\Microsoft\Publish\Microsoft.VisualStudio.ApplicationCapabilities.Publish.dll
[0b00:0004][2017-10-17T09:46:58] Timestamp updated for file 'C:\Program Files (x86)\Microsoft Visual Studio\2017\Community\Common7\IDE\Extensions\Microsoft\Publish\Microsoft.VisualStudio.ApplicationCapabilities.Publish.dll'.
[0b00:0004][2017-10-17T09:46:58] Processing file /Contents/Common7/IDE/Extensions/Microsoft/Publish/Microsoft.VisualStudio.ApplicationCapabilities.Publish.pkgdef
[0b00:0004][2017-10-17T09:46:58] Started: Copying file /Contents/Common7/IDE/Extensions/Microsoft/Publish/Microsoft.VisualStudio.ApplicationCapabilities.Publish.pkgdef to C:\Program Files (x86)\Microsoft Visual Studio\2017\Community\Common7\IDE\Extensions\Microsoft\Publish\Microsoft.VisualStudio.ApplicationCapabilities.Publish.pkgdef
[0b00:0004][2017-10-17T09:46:58] Completed: Copying file /Contents/Common7/IDE/Extensions/Microsoft/Publish/Microsoft.VisualStudio.ApplicationCapabilities.Publish.pkgdef to C:\Program Files (x86)\Microsoft Visual Studio\2017\Community\Common7\IDE\Extensions\Microsoft\Publish\Microsoft.VisualStudio.ApplicationCapabilities.Publish.pkgdef
[0b00:0004][2017-10-17T09:46:58] Timestamp updated for file 'C:\Program Files (x86)\Microsoft Visual Studio\2017\Community\Common7\IDE\Extensions\Microsoft\Publish\Microsoft.VisualStudio.ApplicationCapabilities.Publish.pkgdef'.
[0b00:0004][2017-10-17T09:46:58] Processing file /Contents/Common7/IDE/Extensions/Microsoft/Publish/Microsoft.VisualStudio.Publish.Managed.Console.dll
[0b00:0004][2017-10-17T09:46:58] Started: Copying file /Contents/Common7/IDE/Extensions/Microsoft/Publish/Microsoft.VisualStudio.Publish.Managed.Console.dll to C:\Program Files (x86)\Microsoft Visual Studio\2017\Community\Common7\IDE\Extensions\Microsoft\Publish\Microsoft.VisualStudio.Publish.Managed.Console.dll
[0b00:0004][2017-10-17T09:46:58] Completed: Copying file /Contents/Common7/IDE/Extensions/Microsoft/Publish/Microsoft.VisualStudio.Publish.Managed.Console.dll to C:\Program Files (x86)\Microsoft Visual Studio\2017\Community\Common7\IDE\Extensions\Microsoft\Publish\Microsoft.VisualStudio.Publish.Managed.Console.dll
[0b00:0004][2017-10-17T09:46:58] Timestamp updated for file 'C:\Program Files (x86)\Microsoft Visual Studio\2017\Community\Common7\IDE\Extensions\Microsoft\Publish\Microsoft.VisualStudio.Publish.Managed.Console.dll'.
[0b00:0004][2017-10-17T09:46:58] Processing file /Contents/MSBuild/Sdks/NuGet.Build.Tasks.Pack/build/NuGet.Build.Tasks.Pack.targets
[0b00:0004][2017-10-17T09:46:58] Started: Copying file /Contents/MSBuild/Sdks/NuGet.Build.Tasks.Pack/build/NuGet.Build.Tasks.Pack.targets to C:\Program Files (x86)\Microsoft Visual Studio\2017\Community\MSBuild\Sdks\NuGet.Build.Tasks.Pack\build\NuGet.Build.Tasks.Pack.targets
[0b00:0004][2017-10-17T09:46:58] Completed: Copying file /Contents/MSBuild/Sdks/NuGet.Build.Tasks.Pack/build/NuGet.Build.Tasks.Pack.targets to C:\Program Files (x86)\Microsoft Visual Studio\2017\Community\MSBuild\Sdks\NuGet.Build.Tasks.Pack\build\NuGet.Build.Tasks.Pack.targets
[0b00:0004][2017-10-17T09:46:58] Timestamp updated for file 'C:\Program Files (x86)\Microsoft Visual Studio\2017\Community\MSBuild\Sdks\NuGet.Build.Tasks.Pack\build\NuGet.Build.Tasks.Pack.targets'.
[0b00:0004][2017-10-17T09:46:58] Processing file /Contents/MSBuild/Sdks/NuGet.Build.Tasks.Pack/buildCrossTargeting/NuGet.Build.Tasks.Pack.targets
[0b00:0004][2017-10-17T09:46:58] Started: Copying file /Contents/MSBuild/Sdks/NuGet.Build.Tasks.Pack/buildCrossTargeting/NuGet.Build.Tasks.Pack.targets to C:\Program Files (x86)\Microsoft Visual Studio\2017\Community\MSBuild\Sdks\NuGet.Build.Tasks.Pack\buildCrossTargeting\NuGet.Build.Tasks.Pack.targets
[0b00:0004][2017-10-17T09:46:58] Completed: Copying file /Contents/MSBuild/Sdks/NuGet.Build.Tasks.Pack/buildCrossTargeting/NuGet.Build.Tasks.Pack.targets to C:\Program Files (x86)\Microsoft Visual Studio\2017\Community\MSBuild\Sdks\NuGet.Build.Tasks.Pack\buildCrossTargeting\NuGet.Build.Tasks.Pack.targets
[0b00:0004][2017-10-17T09:46:58] Timestamp updated for file 'C:\Program Files (x86)\Microsoft Visual Studio\2017\Community\MSBuild\Sdks\NuGet.Build.Tasks.Pack\buildCrossTargeting\NuGet.Build.Tasks.Pack.targets'.
[0b00:0004][2017-10-17T09:46:58] Processing file /Contents/MSBuild/Sdks/NuGet.Build.Tasks.Pack/CoreCLR/cs/NuGet.Build.Tasks.Pack.resources.dll
[0b00:0004][2017-10-17T09:46:58] Started: Copying file /Contents/MSBuild/Sdks/NuGet.Build.Tasks.Pack/CoreCLR/cs/NuGet.Build.Tasks.Pack.resources.dll to C:\Program Files (x86)\Microsoft Visual Studio\2017\Community\MSBuild\Sdks\NuGet.Build.Tasks.Pack\CoreCLR\cs\NuGet.Build.Tasks.Pack.resources.dll
[0b00:0004][2017-10-17T09:46:58] Completed: Copying file /Contents/MSBuild/Sdks/NuGet.Build.Tasks.Pack/CoreCLR/cs/NuGet.Build.Tasks.Pack.resources.dll to C:\Program Files (x86)\Microsoft Visual Studio\2017\Community\MSBuild\Sdks\NuGet.Build.Tasks.Pack\CoreCLR\cs\NuGet.Build.Tasks.Pack.resources.dll
[0b00:0004][2017-10-17T09:46:58] Timestamp updated for file 'C:\Program Files (x86)\Microsoft Visual Studio\2017\Community\MSBuild\Sdks\NuGet.Build.Tasks.Pack\CoreCLR\cs\NuGet.Build.Tasks.Pack.resources.dll'.
[0b00:0004][2017-10-17T09:46:58] Processing file /Contents/MSBuild/Sdks/NuGet.Build.Tasks.Pack/CoreCLR/de/NuGet.Build.Tasks.Pack.resources.dll
[0b00:0004][2017-10-17T09:46:58] Started: Copying file /Contents/MSBuild/Sdks/NuGet.Build.Tasks.Pack/CoreCLR/de/NuGet.Build.Tasks.Pack.resources.dll to C:\Program Files (x86)\Microsoft Visual Studio\2017\Community\MSBuild\Sdks\NuGet.Build.Tasks.Pack\CoreCLR\de\NuGet.Build.Tasks.Pack.resources.dll
[0b00:0004][2017-10-17T09:46:58] Completed: Copying file /Contents/MSBuild/Sdks/NuGet.Build.Tasks.Pack/CoreCLR/de/NuGet.Build.Tasks.Pack.resources.dll to C:\Program Files (x86)\Microsoft Visual Studio\2017\Community\MSBuild\Sdks\NuGet.Build.Tasks.Pack\CoreCLR\de\NuGet.Build.Tasks.Pack.resources.dll
[0b00:0004][2017-10-17T09:46:58] Timestamp updated for file 'C:\Program Files (x86)\Microsoft Visual Studio\2017\Community\MSBuild\Sdks\NuGet.Build.Tasks.Pack\CoreCLR\de\NuGet.Build.Tasks.Pack.resources.dll'.
[0b00:0004][2017-10-17T09:46:58] Processing file /Contents/MSBuild/Sdks/NuGet.Build.Tasks.Pack/CoreCLR/es/NuGet.Build.Tasks.Pack.resources.dll
[0b00:0004][2017-10-17T09:46:58] Started: Copying file /Contents/MSBuild/Sdks/NuGet.Build.Tasks.Pack/CoreCLR/es/NuGet.Build.Tasks.Pack.resources.dll to C:\Program Files (x86)\Microsoft Visual Studio\2017\Community\MSBuild\Sdks\NuGet.Build.Tasks.Pack\CoreCLR\es\NuGet.Build.Tasks.Pack.resources.dll
[0b00:0004][2017-10-17T09:46:58] Completed: Copying file /Contents/MSBuild/Sdks/NuGet.Build.Tasks.Pack/CoreCLR/es/NuGet.Build.Tasks.Pack.resources.dll to C:\Program Files (x86)\Microsoft Visual Studio\2017\Community\MSBuild\Sdks\NuGet.Build.Tasks.Pack\CoreCLR\es\NuGet.Build.Tasks.Pack.resources.dll
[0b00:0004][2017-10-17T09:46:58] Timestamp updated for file 'C:\Program Files (x86)\Microsoft Visual Studio\2017\Community\MSBuild\Sdks\NuGet.Build.Tasks.Pack\CoreCLR\es\NuGet.Build.Tasks.Pack.resources.dll'.
[0b00:0004][2017-10-17T09:46:58] Processing file /Contents/MSBuild/Sdks/NuGet.Build.Tasks.Pack/CoreCLR/fr/NuGet.Build.Tasks.Pack.resources.dll
[0b00:0004][2017-10-17T09:46:58] Started: Copying file /Contents/MSBuild/Sdks/NuGet.Build.Tasks.Pack/CoreCLR/fr/NuGet.Build.Tasks.Pack.resources.dll to C:\Program Files (x86)\Microsoft Visual Studio\2017\Community\MSBuild\Sdks\NuGet.Build.Tasks.Pack\CoreCLR\fr\NuGet.Build.Tasks.Pack.resources.dll
[0b00:0004][2017-10-17T09:46:58] Completed: Copying file /Contents/MSBuild/Sdks/NuGet.Build.Tasks.Pack/CoreCLR/fr/NuGet.Build.Tasks.Pack.resources.dll to C:\Program Files (x86)\Microsoft Visual Studio\2017\Community\MSBuild\Sdks\NuGet.Build.Tasks.Pack\CoreCLR\fr\NuGet.Build.Tasks.Pack.resources.dll
[0b00:0004][2017-10-17T09:46:58] Timestamp updated for file 'C:\Program Files (x86)\Microsoft Visual Studio\2017\Community\MSBuild\Sdks\NuGet.Build.Tasks.Pack\CoreCLR\fr\NuGet.Build.Tasks.Pack.resources.dll'.
[0b00:0004][2017-10-17T09:46:58] Processing file /Contents/MSBuild/Sdks/NuGet.Build.Tasks.Pack/CoreCLR/it/NuGet.Build.Tasks.Pack.resources.dll
[0b00:0004][2017-10-17T09:46:58] Started: Copying file /Contents/MSBuild/Sdks/NuGet.Build.Tasks.Pack/CoreCLR/it/NuGet.Build.Tasks.Pack.resources.dll to C:\Program Files (x86)\Microsoft Visual Studio\2017\Community\MSBuild\Sdks\NuGet.Build.Tasks.Pack\CoreCLR\it\NuGet.Build.Tasks.Pack.resources.dll
[0b00:0004][2017-10-17T09:46:58] Completed: Copying file /Contents/MSBuild/Sdks/NuGet.Build.Tasks.Pack/CoreCLR/it/NuGet.Build.Tasks.Pack.resources.dll to C:\Program Files (x86)\Microsoft Visual Studio\2017\Community\MSBuild\Sdks\NuGet.Build.Tasks.Pack\CoreCLR\it\NuGet.Build.Tasks.Pack.resources.dll
[0b00:0004][2017-10-17T09:46:58] Timestamp updated for file 'C:\Program Files (x86)\Microsoft Visual Studio\2017\Community\MSBuild\Sdks\NuGet.Build.Tasks.Pack\CoreCLR\it\NuGet.Build.Tasks.Pack.resources.dll'.
[0b00:0004][2017-10-17T09:46:58] Processing file /Contents/MSBuild/Sdks/NuGet.Build.Tasks.Pack/CoreCLR/ja/NuGet.Build.Tasks.Pack.resources.dll
[0b00:0004][2017-10-17T09:46:58] Started: Copying file /Contents/MSBuild/Sdks/NuGet.Build.Tasks.Pack/CoreCLR/ja/NuGet.Build.Tasks.Pack.resources.dll to C:\Program Files (x86)\Microsoft Visual Studio\2017\Community\MSBuild\Sdks\NuGet.Build.Tasks.Pack\CoreCLR\ja\NuGet.Build.Tasks.Pack.resources.dll
[0b00:0004][2017-10-17T09:46:58] Completed: Copying file /Contents/MSBuild/Sdks/NuGet.Build.Tasks.Pack/CoreCLR/ja/NuGet.Build.Tasks.Pack.resources.dll to C:\Program Files (x86)\Microsoft Visual Studio\2017\Community\MSBuild\Sdks\NuGet.Build.Tasks.Pack\CoreCLR\ja\NuGet.Build.Tasks.Pack.resources.dll
[0b00:0004][2017-10-17T09:46:58] Timestamp updated for file 'C:\Program Files (x86)\Microsoft Visual Studio\2017\Community\MSBuild\Sdks\NuGet.Build.Tasks.Pack\CoreCLR\ja\NuGet.Build.Tasks.Pack.resources.dll'.
[0b00:0004][2017-10-17T09:46:58] Processing file /Contents/MSBuild/Sdks/NuGet.Build.Tasks.Pack/CoreCLR/ko/NuGet.Build.Tasks.Pack.resources.dll
[0b00:0004][2017-10-17T09:46:58] Started: Copying file /Contents/MSBuild/Sdks/NuGet.Build.Tasks.Pack/CoreCLR/ko/NuGet.Build.Tasks.Pack.resources.dll to C:\Program Files (x86)\Microsoft Visual Studio\2017\Community\MSBuild\Sdks\NuGet.Build.Tasks.Pack\CoreCLR\ko\NuGet.Build.Tasks.Pack.resources.dll
[0b00:0004][2017-10-17T09:46:58] Completed: Copying file /Contents/MSBuild/Sdks/NuGet.Build.Tasks.Pack/CoreCLR/ko/NuGet.Build.Tasks.Pack.resources.dll to C:\Program Files (x86)\Microsoft Visual Studio\2017\Community\MSBuild\Sdks\NuGet.Build.Tasks.Pack\CoreCLR\ko\NuGet.Build.Tasks.Pack.resources.dll
[0b00:0004][2017-10-17T09:46:58] Timestamp updated for file 'C:\Program Files (x86)\Microsoft Visual Studio\2017\Community\MSBuild\Sdks\NuGet.Build.Tasks.Pack\CoreCLR\ko\NuGet.Build.Tasks.Pack.resources.dll'.
[0b00:0004][2017-10-17T09:46:58] Processing file /Contents/MSBuild/Sdks/NuGet.Build.Tasks.Pack/CoreCLR/NuGet.Build.Tasks.Pack.dll
[0b00:0004][2017-10-17T09:46:58] Started: Copying file /Contents/MSBuild/Sdks/NuGet.Build.Tasks.Pack/CoreCLR/NuGet.Build.Tasks.Pack.dll to C:\Program Files (x86)\Microsoft Visual Studio\2017\Community\MSBuild\Sdks\NuGet.Build.Tasks.Pack\CoreCLR\NuGet.Build.Tasks.Pack.dll
[0b00:0004][2017-10-17T09:46:58] Completed: Copying file /Contents/MSBuild/Sdks/NuGet.Build.Tasks.Pack/CoreCLR/NuGet.Build.Tasks.Pack.dll to C:\Program Files (x86)\Microsoft Visual Studio\2017\Community\MSBuild\Sdks\NuGet.Build.Tasks.Pack\CoreCLR\NuGet.Build.Tasks.Pack.dll
[0b00:0004][2017-10-17T09:46:58] Timestamp updated for file 'C:\Program Files (x86)\Microsoft Visual Studio\2017\Community\MSBuild\Sdks\NuGet.Build.Tasks.Pack\CoreCLR\NuGet.Build.Tasks.Pack.dll'.
[0b00:0004][2017-10-17T09:46:58] Processing file /Contents/MSBuild/Sdks/NuGet.Build.Tasks.Pack/CoreCLR/pl/NuGet.Build.Tasks.Pack.resources.dll
[0b00:0004][2017-10-17T09:46:58] Started: Copying file /Contents/MSBuild/Sdks/NuGet.Build.Tasks.Pack/CoreCLR/pl/NuGet.Build.Tasks.Pack.resources.dll to C:\Program Files (x86)\Microsoft Visual Studio\2017\Community\MSBuild\Sdks\NuGet.Build.Tasks.Pack\CoreCLR\pl\NuGet.Build.Tasks.Pack.resources.dll
[0b00:0004][2017-10-17T09:46:58] Completed: Copying file /Contents/MSBuild/Sdks/NuGet.Build.Tasks.Pack/CoreCLR/pl/NuGet.Build.Tasks.Pack.resources.dll to C:\Program Files (x86)\Microsoft Visual Studio\2017\Community\MSBuild\Sdks\NuGet.Build.Tasks.Pack\CoreCLR\pl\NuGet.Build.Tasks.Pack.resources.dll
[0b00:0004][2017-10-17T09:46:58] Timestamp updated for file 'C:\Program Files (x86)\Microsoft Visual Studio\2017\Community\MSBuild\Sdks\NuGet.Build.Tasks.Pack\CoreCLR\pl\NuGet.Build.Tasks.Pack.resources.dll'.
[0b00:0004][2017-10-17T09:46:58] Processing file /Contents/MSBuild/Sdks/NuGet.Build.Tasks.Pack/CoreCLR/pt-BR/NuGet.Build.Tasks.Pack.resources.dll
[0b00:0004][2017-10-17T09:46:58] Started: Copying file /Contents/MSBuild/Sdks/NuGet.Build.Tasks.Pack/CoreCLR/pt-BR/NuGet.Build.Tasks.Pack.resources.dll to C:\Program Files (x86)\Microsoft Visual Studio\2017\Community\MSBuild\Sdks\NuGet.Build.Tasks.Pack\CoreCLR\pt-BR\NuGet.Build.Tasks.Pack.resources.dll
[0b00:0004][2017-10-17T09:46:58] Completed: Copying file /Contents/MSBuild/Sdks/NuGet.Build.Tasks.Pack/CoreCLR/pt-BR/NuGet.Build.Tasks.Pack.resources.dll to C:\Program Files (x86)\Microsoft Visual Studio\2017\Community\MSBuild\Sdks\NuGet.Build.Tasks.Pack\CoreCLR\pt-BR\NuGet.Build.Tasks.Pack.resources.dll
[0b00:0004][2017-10-17T09:46:58] Timestamp updated for file 'C:\Program Files (x86)\Microsoft Visual Studio\2017\Community\MSBuild\Sdks\NuGet.Build.Tasks.Pack\CoreCLR\pt-BR\NuGet.Build.Tasks.Pack.resources.dll'.
[0b00:0004][2017-10-17T09:46:58] Processing file /Contents/MSBuild/Sdks/NuGet.Build.Tasks.Pack/CoreCLR/ru/NuGet.Build.Tasks.Pack.resources.dll
[0b00:0004][2017-10-17T09:46:58] Started: Copying file /Contents/MSBuild/Sdks/NuGet.Build.Tasks.Pack/CoreCLR/ru/NuGet.Build.Tasks.Pack.resources.dll to C:\Program Files (x86)\Microsoft Visual Studio\2017\Community\MSBuild\Sdks\NuGet.Build.Tasks.Pack\CoreCLR\ru\NuGet.Build.Tasks.Pack.resources.dll
[0b00:0004][2017-10-17T09:46:58] Completed: Copying file /Contents/MSBuild/Sdks/NuGet.Build.Tasks.Pack/CoreCLR/ru/NuGet.Build.Tasks.Pack.resources.dll to C:\Program Files (x86)\Microsoft Visual Studio\2017\Community\MSBuild\Sdks\NuGet.Build.Tasks.Pack\CoreCLR\ru\NuGet.Build.Tasks.Pack.resources.dll
[0b00:0004][2017-10-17T09:46:58] Timestamp updated for file 'C:\Program Files (x86)\Microsoft Visual Studio\2017\Community\MSBuild\Sdks\NuGet.Build.Tasks.Pack\CoreCLR\ru\NuGet.Build.Tasks.Pack.resources.dll'.
[0b00:0004][2017-10-17T09:46:58] Processing file /Contents/MSBuild/Sdks/NuGet.Build.Tasks.Pack/CoreCLR/tr/NuGet.Build.Tasks.Pack.resources.dll
[0b00:0004][2017-10-17T09:46:58] Started: Copying file /Contents/MSBuild/Sdks/NuGet.Build.Tasks.Pack/CoreCLR/tr/NuGet.Build.Tasks.Pack.resources.dll to C:\Program Files (x86)\Microsoft Visual Studio\2017\Community\MSBuild\Sdks\NuGet.Build.Tasks.Pack\CoreCLR\tr\NuGet.Build.Tasks.Pack.resources.dll
[0b00:0004][2017-10-17T09:46:58] Completed: Copying file /Contents/MSBuild/Sdks/NuGet.Build.Tasks.Pack/CoreCLR/tr/NuGet.Build.Tasks.Pack.resources.dll to C:\Program Files (x86)\Microsoft Visual Studio\2017\Community\MSBuild\Sdks\NuGet.Build.Tasks.Pack\CoreCLR\tr\NuGet.Build.Tasks.Pack.resources.dll
[0b00:0004][2017-10-17T09:46:58] Timestamp updated for file 'C:\Program Files (x86)\Microsoft Visual Studio\2017\Community\MSBuild\Sdks\NuGet.Build.Tasks.Pack\CoreCLR\tr\NuGet.Build.Tasks.Pack.resources.dll'.
[0b00:0004][2017-10-17T09:46:58] Processing file /Contents/MSBuild/Sdks/NuGet.Build.Tasks.Pack/CoreCLR/zh-Hans/NuGet.Build.Tasks.Pack.resources.dll
[0b00:0004][2017-10-17T09:46:58] Started: Copying file /Contents/MSBuild/Sdks/NuGet.Build.Tasks.Pack/CoreCLR/zh-Hans/NuGet.Build.Tasks.Pack.resources.dll to C:\Program Files (x86)\Microsoft Visual Studio\2017\Community\MSBuild\Sdks\NuGet.Build.Tasks.Pack\CoreCLR\zh-Hans\NuGet.Build.Tasks.Pack.resources.dll
[0b00:0004][2017-10-17T09:46:58] Completed: Copying file /Contents/MSBuild/Sdks/NuGet.Build.Tasks.Pack/CoreCLR/zh-Hans/NuGet.Build.Tasks.Pack.resources.dll to C:\Program Files (x86)\Microsoft Visual Studio\2017\Community\MSBuild\Sdks\NuGet.Build.Tasks.Pack\CoreCLR\zh-Hans\NuGet.Build.Tasks.Pack.resources.dll
[0b00:0004][2017-10-17T09:46:58] Timestamp updated for file 'C:\Program Files (x86)\Microsoft Visual Studio\2017\Community\MSBuild\Sdks\NuGet.Build.Tasks.Pack\CoreCLR\zh-Hans\NuGet.Build.Tasks.Pack.resources.dll'.
[0b00:0004][2017-10-17T09:46:58] Processing file /Contents/MSBuild/Sdks/NuGet.Build.Tasks.Pack/CoreCLR/zh-Hant/NuGet.Build.Tasks.Pack.resources.dll
[0b00:0004][2017-10-17T09:46:58] Started: Copying file /Contents/MSBuild/Sdks/NuGet.Build.Tasks.Pack/CoreCLR/zh-Hant/NuGet.Build.Tasks.Pack.resources.dll to C:\Program Files (x86)\Microsoft Visual Studio\2017\Community\MSBuild\Sdks\NuGet.Build.Tasks.Pack\CoreCLR\zh-Hant\NuGet.Build.Tasks.Pack.resources.dll
[0b00:0004][2017-10-17T09:46:58] Completed: Copying file /Contents/MSBuild/Sdks/NuGet.Build.Tasks.Pack/CoreCLR/zh-Hant/NuGet.Build.Tasks.Pack.resources.dll to C:\Program Files (x86)\Microsoft Visual Studio\2017\Community\MSBuild\Sdks\NuGet.Build.Tasks.Pack\CoreCLR\zh-Hant\NuGet.Build.Tasks.Pack.resources.dll
[0b00:0004][2017-10-17T09:46:58] Timestamp updated for file 'C:\Program Files (x86)\Microsoft Visual Studio\2017\Community\MSBuild\Sdks\NuGet.Build.Tasks.Pack\CoreCLR\zh-Hant\NuGet.Build.Tasks.Pack.resources.dll'.
[0b00:0004][2017-10-17T09:46:58] Processing file /Contents/MSBuild/Sdks/NuGet.Build.Tasks.Pack/Desktop/cs/NuGet.Build.Tasks.Pack.resources.dll
[0b00:0004][2017-10-17T09:46:58] Started: Copying file /Contents/MSBuild/Sdks/NuGet.Build.Tasks.Pack/Desktop/cs/NuGet.Build.Tasks.Pack.resources.dll to C:\Program Files (x86)\Microsoft Visual Studio\2017\Community\MSBuild\Sdks\NuGet.Build.Tasks.Pack\Desktop\cs\NuGet.Build.Tasks.Pack.resources.dll
[0b00:0004][2017-10-17T09:46:58] Completed: Copying file /Contents/MSBuild/Sdks/NuGet.Build.Tasks.Pack/Desktop/cs/NuGet.Build.Tasks.Pack.resources.dll to C:\Program Files (x86)\Microsoft Visual Studio\2017\Community\MSBuild\Sdks\NuGet.Build.Tasks.Pack\Desktop\cs\NuGet.Build.Tasks.Pack.resources.dll
[0b00:0004][2017-10-17T09:46:58] Timestamp updated for file 'C:\Program Files (x86)\Microsoft Visual Studio\2017\Community\MSBuild\Sdks\NuGet.Build.Tasks.Pack\Desktop\cs\NuGet.Build.Tasks.Pack.resources.dll'.
[0b00:0004][2017-10-17T09:46:58] Processing file /Contents/MSBuild/Sdks/NuGet.Build.Tasks.Pack/Desktop/de/NuGet.Build.Tasks.Pack.resources.dll
[0b00:0004][2017-10-17T09:46:58] Started: Copying file /Contents/MSBuild/Sdks/NuGet.Build.Tasks.Pack/Desktop/de/NuGet.Build.Tasks.Pack.resources.dll to C:\Program Files (x86)\Microsoft Visual Studio\2017\Community\MSBuild\Sdks\NuGet.Build.Tasks.Pack\Desktop\de\NuGet.Build.Tasks.Pack.resources.dll
[0b00:0004][2017-10-17T09:46:58] Completed: Copying file /Contents/MSBuild/Sdks/NuGet.Build.Tasks.Pack/Desktop/de/NuGet.Build.Tasks.Pack.resources.dll to C:\Program Files (x86)\Microsoft Visual Studio\2017\Community\MSBuild\Sdks\NuGet.Build.Tasks.Pack\Desktop\de\NuGet.Build.Tasks.Pack.resources.dll
[0b00:0004][2017-10-17T09:46:58] Timestamp updated for file 'C:\Program Files (x86)\Microsoft Visual Studio\2017\Community\MSBuild\Sdks\NuGet.Build.Tasks.Pack\Desktop\de\NuGet.Build.Tasks.Pack.resources.dll'.
[0b00:0004][2017-10-17T09:46:58] Processing file /Contents/MSBuild/Sdks/NuGet.Build.Tasks.Pack/Desktop/es/NuGet.Build.Tasks.Pack.resources.dll
[0b00:0004][2017-10-17T09:46:58] Started: Copying file /Contents/MSBuild/Sdks/NuGet.Build.Tasks.Pack/Desktop/es/NuGet.Build.Tasks.Pack.resources.dll to C:\Program Files (x86)\Microsoft Visual Studio\2017\Community\MSBuild\Sdks\NuGet.Build.Tasks.Pack\Desktop\es\NuGet.Build.Tasks.Pack.resources.dll
[0b00:0004][2017-10-17T09:46:58] Completed: Copying file /Contents/MSBuild/Sdks/NuGet.Build.Tasks.Pack/Desktop/es/NuGet.Build.Tasks.Pack.resources.dll to C:\Program Files (x86)\Microsoft Visual Studio\2017\Community\MSBuild\Sdks\NuGet.Build.Tasks.Pack\Desktop\es\NuGet.Build.Tasks.Pack.resources.dll
[0b00:0004][2017-10-17T09:46:58] Timestamp updated for file 'C:\Program Files (x86)\Microsoft Visual Studio\2017\Community\MSBuild\Sdks\NuGet.Build.Tasks.Pack\Desktop\es\NuGet.Build.Tasks.Pack.resources.dll'.
[0b00:0004][2017-10-17T09:46:58] Processing file /Contents/MSBuild/Sdks/NuGet.Build.Tasks.Pack/Desktop/fr/NuGet.Build.Tasks.Pack.resources.dll
[0b00:0004][2017-10-17T09:46:58] Started: Copying file /Contents/MSBuild/Sdks/NuGet.Build.Tasks.Pack/Desktop/fr/NuGet.Build.Tasks.Pack.resources.dll to C:\Program Files (x86)\Microsoft Visual Studio\2017\Community\MSBuild\Sdks\NuGet.Build.Tasks.Pack\Desktop\fr\NuGet.Build.Tasks.Pack.resources.dll
[0b00:0004][2017-10-17T09:46:58] Completed: Copying file /Contents/MSBuild/Sdks/NuGet.Build.Tasks.Pack/Desktop/fr/NuGet.Build.Tasks.Pack.resources.dll to C:\Program Files (x86)\Microsoft Visual Studio\2017\Community\MSBuild\Sdks\NuGet.Build.Tasks.Pack\Desktop\fr\NuGet.Build.Tasks.Pack.resources.dll
[0b00:0004][2017-10-17T09:46:58] Timestamp updated for file 'C:\Program Files (x86)\Microsoft Visual Studio\2017\Community\MSBuild\Sdks\NuGet.Build.Tasks.Pack\Desktop\fr\NuGet.Build.Tasks.Pack.resources.dll'.
[0b00:0004][2017-10-17T09:46:58] Processing file /Contents/MSBuild/Sdks/NuGet.Build.Tasks.Pack/Desktop/it/NuGet.Build.Tasks.Pack.resources.dll
[0b00:0004][2017-10-17T09:46:58] Started: Copying file /Contents/MSBuild/Sdks/NuGet.Build.Tasks.Pack/Desktop/it/NuGet.Build.Tasks.Pack.resources.dll to C:\Program Files (x86)\Microsoft Visual Studio\2017\Community\MSBuild\Sdks\NuGet.Build.Tasks.Pack\Desktop\it\NuGet.Build.Tasks.Pack.resources.dll
[0b00:0004][2017-10-17T09:46:58] Completed: Copying file /Contents/MSBuild/Sdks/NuGet.Build.Tasks.Pack/Desktop/it/NuGet.Build.Tasks.Pack.resources.dll to C:\Program Files (x86)\Microsoft Visual Studio\2017\Community\MSBuild\Sdks\NuGet.Build.Tasks.Pack\Desktop\it\NuGet.Build.Tasks.Pack.resources.dll
[0b00:0004][2017-10-17T09:46:58] Timestamp updated for file 'C:\Program Files (x86)\Microsoft Visual Studio\2017\Community\MSBuild\Sdks\NuGet.Build.Tasks.Pack\Desktop\it\NuGet.Build.Tasks.Pack.resources.dll'.
[0b00:0004][2017-10-17T09:46:58] Processing file /Contents/MSBuild/Sdks/NuGet.Build.Tasks.Pack/Desktop/ja/NuGet.Build.Tasks.Pack.resources.dll
[0b00:0004][2017-10-17T09:46:58] Started: Copying file /Contents/MSBuild/Sdks/NuGet.Build.Tasks.Pack/Desktop/ja/NuGet.Build.Tasks.Pack.resources.dll to C:\Program Files (x86)\Microsoft Visual Studio\2017\Community\MSBuild\Sdks\NuGet.Build.Tasks.Pack\Desktop\ja\NuGet.Build.Tasks.Pack.resources.dll
[0b00:0004][2017-10-17T09:46:58] Completed: Copying file /Contents/MSBuild/Sdks/NuGet.Build.Tasks.Pack/Desktop/ja/NuGet.Build.Tasks.Pack.resources.dll to C:\Program Files (x86)\Microsoft Visual Studio\2017\Community\MSBuild\Sdks\NuGet.Build.Tasks.Pack\Desktop\ja\NuGet.Build.Tasks.Pack.resources.dll
[0b00:0004][2017-10-17T09:46:58] Timestamp updated for file 'C:\Program Files (x86)\Microsoft Visual Studio\2017\Community\MSBuild\Sdks\NuGet.Build.Tasks.Pack\Desktop\ja\NuGet.Build.Tasks.Pack.resources.dll'.
[0b00:0004][2017-10-17T09:46:58] Processing file /Contents/MSBuild/Sdks/NuGet.Build.Tasks.Pack/Desktop/ko/NuGet.Build.Tasks.Pack.resources.dll
[0b00:0004][2017-10-17T09:46:58] Started: Copying file /Contents/MSBuild/Sdks/NuGet.Build.Tasks.Pack/Desktop/ko/NuGet.Build.Tasks.Pack.resources.dll to C:\Program Files (x86)\Microsoft Visual Studio\2017\Community\MSBuild\Sdks\NuGet.Build.Tasks.Pack\Desktop\ko\NuGet.Build.Tasks.Pack.resources.dll
[0b00:0004][2017-10-17T09:46:58] Completed: Copying file /Contents/MSBuild/Sdks/NuGet.Build.Tasks.Pack/Desktop/ko/NuGet.Build.Tasks.Pack.resources.dll to C:\Program Files (x86)\Microsoft Visual Studio\2017\Community\MSBuild\Sdks\NuGet.Build.Tasks.Pack\Desktop\ko\NuGet.Build.Tasks.Pack.resources.dll
[0b00:0004][2017-10-17T09:46:58] Timestamp updated for file 'C:\Program Files (x86)\Microsoft Visual Studio\2017\Community\MSBuild\Sdks\NuGet.Build.Tasks.Pack\Desktop\ko\NuGet.Build.Tasks.Pack.resources.dll'.
[0b00:0004][2017-10-17T09:46:58] Processing file /Contents/MSBuild/Sdks/NuGet.Build.Tasks.Pack/Desktop/NuGet.Build.Tasks.Pack.dll
[0b00:0004][2017-10-17T09:46:58] Started: Copying file /Contents/MSBuild/Sdks/NuGet.Build.Tasks.Pack/Desktop/NuGet.Build.Tasks.Pack.dll to C:\Program Files (x86)\Microsoft Visual Studio\2017\Community\MSBuild\Sdks\NuGet.Build.Tasks.Pack\Desktop\NuGet.Build.Tasks.Pack.dll
[0b00:0004][2017-10-17T09:46:58] Completed: Copying file /Contents/MSBuild/Sdks/NuGet.Build.Tasks.Pack/Desktop/NuGet.Build.Tasks.Pack.dll to C:\Program Files (x86)\Microsoft Visual Studio\2017\Community\MSBuild\Sdks\NuGet.Build.Tasks.Pack\Desktop\NuGet.Build.Tasks.Pack.dll
[0b00:0004][2017-10-17T09:46:58] Timestamp updated for file 'C:\Program Files (x86)\Microsoft Visual Studio\2017\Community\MSBuild\Sdks\NuGet.Build.Tasks.Pack\Desktop\NuGet.Build.Tasks.Pack.dll'.
[0b00:0004][2017-10-17T09:46:58] Processing file /Contents/MSBuild/Sdks/NuGet.Build.Tasks.Pack/Desktop/pl/NuGet.Build.Tasks.Pack.resources.dll
[0b00:0004][2017-10-17T09:46:58] Started: Copying file /Contents/MSBuild/Sdks/NuGet.Build.Tasks.Pack/Desktop/pl/NuGet.Build.Tasks.Pack.resources.dll to C:\Program Files (x86)\Microsoft Visual Studio\2017\Community\MSBuild\Sdks\NuGet.Build.Tasks.Pack\Desktop\pl\NuGet.Build.Tasks.Pack.resources.dll
[0b00:0004][2017-10-17T09:46:58] Completed: Copying file /Contents/MSBuild/Sdks/NuGet.Build.Tasks.Pack/Desktop/pl/NuGet.Build.Tasks.Pack.resources.dll to C:\Program Files (x86)\Microsoft Visual Studio\2017\Community\MSBuild\Sdks\NuGet.Build.Tasks.Pack\Desktop\pl\NuGet.Build.Tasks.Pack.resources.dll
[0b00:0004][2017-10-17T09:46:58] Timestamp updated for file 'C:\Program Files (x86)\Microsoft Visual Studio\2017\Community\MSBuild\Sdks\NuGet.Build.Tasks.Pack\Desktop\pl\NuGet.Build.Tasks.Pack.resources.dll'.
[0b00:0004][2017-10-17T09:46:58] Processing file /Contents/MSBuild/Sdks/NuGet.Build.Tasks.Pack/Desktop/pt-BR/NuGet.Build.Tasks.Pack.resources.dll
[0b00:0004][2017-10-17T09:46:58] Started: Copying file /Contents/MSBuild/Sdks/NuGet.Build.Tasks.Pack/Desktop/pt-BR/NuGet.Build.Tasks.Pack.resources.dll to C:\Program Files (x86)\Microsoft Visual Studio\2017\Community\MSBuild\Sdks\NuGet.Build.Tasks.Pack\Desktop\pt-BR\NuGet.Build.Tasks.Pack.resources.dll
[0b00:0004][2017-10-17T09:46:58] Completed: Copying file /Contents/MSBuild/Sdks/NuGet.Build.Tasks.Pack/Desktop/pt-BR/NuGet.Build.Tasks.Pack.resources.dll to C:\Program Files (x86)\Microsoft Visual Studio\2017\Community\MSBuild\Sdks\NuGet.Build.Tasks.Pack\Desktop\pt-BR\NuGet.Build.Tasks.Pack.resources.dll
[0b00:0004][2017-10-17T09:46:58] Timestamp updated for file 'C:\Program Files (x86)\Microsoft Visual Studio\2017\Community\MSBuild\Sdks\NuGet.Build.Tasks.Pack\Desktop\pt-BR\NuGet.Build.Tasks.Pack.resources.dll'.
[0b00:0004][2017-10-17T09:46:58] Processing file /Contents/MSBuild/Sdks/NuGet.Build.Tasks.Pack/Desktop/ru/NuGet.Build.Tasks.Pack.resources.dll
[0b00:0004][2017-10-17T09:46:58] Started: Copying file /Contents/MSBuild/Sdks/NuGet.Build.Tasks.Pack/Desktop/ru/NuGet.Build.Tasks.Pack.resources.dll to C:\Program Files (x86)\Microsoft Visual Studio\2017\Community\MSBuild\Sdks\NuGet.Build.Tasks.Pack\Desktop\ru\NuGet.Build.Tasks.Pack.resources.dll
[0b00:0004][2017-10-17T09:46:58] Completed: Copying file /Contents/MSBuild/Sdks/NuGet.Build.Tasks.Pack/Desktop/ru/NuGet.Build.Tasks.Pack.resources.dll to C:\Program Files (x86)\Microsoft Visual Studio\2017\Community\MSBuild\Sdks\NuGet.Build.Tasks.Pack\Desktop\ru\NuGet.Build.Tasks.Pack.resources.dll
[0b00:0004][2017-10-17T09:46:58] Timestamp updated for file 'C:\Program Files (x86)\Microsoft Visual Studio\2017\Community\MSBuild\Sdks\NuGet.Build.Tasks.Pack\Desktop\ru\NuGet.Build.Tasks.Pack.resources.dll'.
[0b00:0004][2017-10-17T09:46:58] Processing file /Contents/MSBuild/Sdks/NuGet.Build.Tasks.Pack/Desktop/tr/NuGet.Build.Tasks.Pack.resources.dll
[0b00:0004][2017-10-17T09:46:58] Started: Copying file /Contents/MSBuild/Sdks/NuGet.Build.Tasks.Pack/Desktop/tr/NuGet.Build.Tasks.Pack.resources.dll to C:\Program Files (x86)\Microsoft Visual Studio\2017\Community\MSBuild\Sdks\NuGet.Build.Tasks.Pack\Desktop\tr\NuGet.Build.Tasks.Pack.resources.dll
[0b00:0004][2017-10-17T09:46:58] Completed: Copying file /Contents/MSBuild/Sdks/NuGet.Build.Tasks.Pack/Desktop/tr/NuGet.Build.Tasks.Pack.resources.dll to C:\Program Files (x86)\Microsoft Visual Studio\2017\Community\MSBuild\Sdks\NuGet.Build.Tasks.Pack\Desktop\tr\NuGet.Build.Tasks.Pack.resources.dll
[0b00:0004][2017-10-17T09:46:58] Timestamp updated for file 'C:\Program Files (x86)\Microsoft Visual Studio\2017\Community\MSBuild\Sdks\NuGet.Build.Tasks.Pack\Desktop\tr\NuGet.Build.Tasks.Pack.resources.dll'.
[0b00:0004][2017-10-17T09:46:58] Processing file /Contents/MSBuild/Sdks/NuGet.Build.Tasks.Pack/Desktop/zh-Hans/NuGet.Build.Tasks.Pack.resources.dll
[0b00:0004][2017-10-17T09:46:58] Started: Copying file /Contents/MSBuild/Sdks/NuGet.Build.Tasks.Pack/Desktop/zh-Hans/NuGet.Build.Tasks.Pack.resources.dll to C:\Program Files (x86)\Microsoft Visual Studio\2017\Community\MSBuild\Sdks\NuGet.Build.Tasks.Pack\Desktop\zh-Hans\NuGet.Build.Tasks.Pack.resources.dll
[0b00:0004][2017-10-17T09:46:58] Completed: Copying file /Contents/MSBuild/Sdks/NuGet.Build.Tasks.Pack/Desktop/zh-Hans/NuGet.Build.Tasks.Pack.resources.dll to C:\Program Files (x86)\Microsoft Visual Studio\2017\Community\MSBuild\Sdks\NuGet.Build.Tasks.Pack\Desktop\zh-Hans\NuGet.Build.Tasks.Pack.resources.dll
[0b00:0004][2017-10-17T09:46:58] Timestamp updated for file 'C:\Program Files (x86)\Microsoft Visual Studio\2017\Community\MSBuild\Sdks\NuGet.Build.Tasks.Pack\Desktop\zh-Hans\NuGet.Build.Tasks.Pack.resources.dll'.
[0b00:0004][2017-10-17T09:46:58] Processing file /Contents/MSBuild/Sdks/NuGet.Build.Tasks.Pack/Desktop/zh-Hant/NuGet.Build.Tasks.Pack.resources.dll
[0b00:0004][2017-10-17T09:46:58] Started: Copying file /Contents/MSBuild/Sdks/NuGet.Build.Tasks.Pack/Desktop/zh-Hant/NuGet.Build.Tasks.Pack.resources.dll to C:\Program Files (x86)\Microsoft Visual Studio\2017\Community\MSBuild\Sdks\NuGet.Build.Tasks.Pack\Desktop\zh-Hant\NuGet.Build.Tasks.Pack.resources.dll
[0b00:0004][2017-10-17T09:46:58] Completed: Copying file /Contents/MSBuild/Sdks/NuGet.Build.Tasks.Pack/Desktop/zh-Hant/NuGet.Build.Tasks.Pack.resources.dll to C:\Program Files (x86)\Microsoft Visual Studio\2017\Community\MSBuild\Sdks\NuGet.Build.Tasks.Pack\Desktop\zh-Hant\NuGet.Build.Tasks.Pack.resources.dll
[0b00:0004][2017-10-17T09:46:58] Timestamp updated for file 'C:\Program Files (x86)\Microsoft Visual Studio\2017\Community\MSBuild\Sdks\NuGet.Build.Tasks.Pack\Desktop\zh-Hant\NuGet.Build.Tasks.Pack.resources.dll'.
[0b00:0004][2017-10-17T09:46:58] Package executed successfully. Return code: 0
